[0.042s] Invoking command in '/home/diego/Workspaces/ros2_control_diffbot_ws/build/rrbot_description': CMAKE_PREFIX_PATH=/opt/ros/foxy /usr/bin/cmake --build /home/diego/Workspaces/ros2_control_diffbot_ws/build/rrbot_description -- -j2 -l2
[0.281s] Invoked command in '/home/diego/Workspaces/ros2_control_diffbot_ws/build/rrbot_description' returned '0': CMAKE_PREFIX_PATH=/opt/ros/foxy /usr/bin/cmake --build /home/diego/Workspaces/ros2_control_diffbot_ws/build/rrbot_description -- -j2 -l2
[0.391s] Invoking command in '/home/diego/Workspaces/ros2_control_diffbot_ws/build/rrbot_description': CMAKE_PREFIX_PATH=/opt/ros/foxy /usr/bin/cmake --install /home/diego/Workspaces/ros2_control_diffbot_ws/build/rrbot_description
[0.415s] -- Install configuration: ""
[0.417s] -- Execute custom install script
[0.425s] -- Up-to-date symlink: /home/diego/Workspaces/ros2_control_diffbot_ws/install/rrbot_description/share/rrbot_description/config/rrbot.rviz
[0.431s] -- Up-to-date symlink: /home/diego/Workspaces/ros2_control_diffbot_ws/install/rrbot_description/share/rrbot_description/gazebo/rrbot.gazebo.xacro
[0.434s] -- Up-to-date symlink: /home/diego/Workspaces/ros2_control_diffbot_ws/install/rrbot_description/share/rrbot_description/gazebo/rrbot.materials.xacro
[0.440s] -- Up-to-date symlink: /home/diego/Workspaces/ros2_control_diffbot_ws/install/rrbot_description/share/rrbot_description/meshes/hokuyo.dae
[0.445s] -- Up-to-date symlink: /home/diego/Workspaces/ros2_control_diffbot_ws/install/rrbot_description/share/rrbot_description/launch/view_robot.launch.py
[0.450s] -- Up-to-date symlink: /home/diego/Workspaces/ros2_control_diffbot_ws/install/rrbot_description/share/rrbot_description/ros2_control/rrbot.ros2_control.xacro
[0.452s] -- Up-to-date symlink: /home/diego/Workspaces/ros2_control_diffbot_ws/install/rrbot_description/share/rrbot_description/ros2_control/rrbot_system_multi_interface.ros2_control.xacro
[0.457s] -- Up-to-date symlink: /home/diego/Workspaces/ros2_control_diffbot_ws/install/rrbot_description/share/rrbot_description/ros2_control/rrbot_system_position_only.ros2_control.xacro
[0.460s] -- Up-to-date symlink: /home/diego/Workspaces/ros2_control_diffbot_ws/install/rrbot_description/share/rrbot_description/ros2_control/rrbot_system_with_sensor.ros2_control.xacro
[0.468s] -- Up-to-date symlink: /home/diego/Workspaces/ros2_control_diffbot_ws/install/rrbot_description/share/rrbot_description/urdf/rrbot.urdf.xacro
[0.470s] -- Up-to-date symlink: /home/diego/Workspaces/ros2_control_diffbot_ws/install/rrbot_description/share/rrbot_description/urdf/rrbot_description.urdf.xacro
[0.473s] -- Up-to-date symlink: /home/diego/Workspaces/ros2_control_diffbot_ws/install/rrbot_description/share/rrbot_description/urdf/rrbot_system_multi_interface.urdf.xacro
[0.474s] -- Up-to-date symlink: /home/diego/Workspaces/ros2_control_diffbot_ws/install/rrbot_description/share/rrbot_description/urdf/rrbot_system_position_only.urdf.xacro
[0.476s] -- Up-to-date symlink: /home/diego/Workspaces/ros2_control_diffbot_ws/install/rrbot_description/share/rrbot_description/urdf/rrbot_system_with_sensor.urdf.xacro
[0.480s] -- Up-to-date symlink: /home/diego/Workspaces/ros2_control_diffbot_ws/install/rrbot_description/share/rrbot_description/environment/rrbot_description.dsv
[0.483s] -- Up-to-date symlink: /home/diego/Workspaces/ros2_control_diffbot_ws/install/rrbot_description/share/ament_index/resource_index/package_run_dependencies/rrbot_description
[0.486s] -- Up-to-date symlink: /home/diego/Workspaces/ros2_control_diffbot_ws/install/rrbot_description/share/ament_index/resource_index/parent_prefix_path/rrbot_description
[0.487s] -- Up-to-date symlink: /home/diego/Workspaces/ros2_control_diffbot_ws/install/rrbot_description/share/rrbot_description/environment/ament_prefix_path.sh
[0.489s] -- Up-to-date symlink: /home/diego/Workspaces/ros2_control_diffbot_ws/install/rrbot_description/share/rrbot_description/environment/ament_prefix_path.dsv
[0.491s] -- Up-to-date symlink: /home/diego/Workspaces/ros2_control_diffbot_ws/install/rrbot_description/share/rrbot_description/environment/path.sh
[0.493s] -- Up-to-date symlink: /home/diego/Workspaces/ros2_control_diffbot_ws/install/rrbot_description/share/rrbot_description/environment/path.dsv
[0.495s] -- Up-to-date symlink: /home/diego/Workspaces/ros2_control_diffbot_ws/install/rrbot_description/share/rrbot_description/local_setup.bash
[0.497s] -- Up-to-date symlink: /home/diego/Workspaces/ros2_control_diffbot_ws/install/rrbot_description/share/rrbot_description/local_setup.sh
[0.500s] -- Up-to-date symlink: /home/diego/Workspaces/ros2_control_diffbot_ws/install/rrbot_description/share/rrbot_description/local_setup.zsh
[0.501s] -- Up-to-date symlink: /home/diego/Workspaces/ros2_control_diffbot_ws/install/rrbot_description/share/rrbot_description/local_setup.dsv
[0.502s] -- Symlinking: /home/diego/Workspaces/ros2_control_diffbot_ws/install/rrbot_description/share/rrbot_description/package.dsv
[0.535s] -- Up-to-date symlink: /home/diego/Workspaces/ros2_control_diffbot_ws/install/rrbot_description/share/ament_index/resource_index/packages/rrbot_description
[0.538s] -- Up-to-date symlink: /home/diego/Workspaces/ros2_control_diffbot_ws/install/rrbot_description/share/rrbot_description/cmake/rrbot_descriptionConfig.cmake
[0.540s] -- Up-to-date symlink: /home/diego/Workspaces/ros2_control_diffbot_ws/install/rrbot_description/share/rrbot_description/cmake/rrbot_descriptionConfig-version.cmake
[0.542s] -- Up-to-date symlink: /home/diego/Workspaces/ros2_control_diffbot_ws/install/rrbot_description/share/rrbot_description/package.xml
[0.554s] Invoked command in '/home/diego/Workspaces/ros2_control_diffbot_ws/build/rrbot_description' returned '0': CMAKE_PREFIX_PATH=/opt/ros/foxy /usr/bin/cmake --install /home/diego/Workspaces/ros2_control_diffbot_ws/build/rrbot_description
