[0.105s] Invoking command in '/home/diego/Workspaces/ros2_control_diffbot_ws/build/position_controllers': AMENT_PREFIX_PATH=/home/diego/Workspaces/ros2_control_diffbot_ws/install/forward_command_controller:/home/diego/Workspaces/ros2_control_diffbot_ws/install/controller_manager:/home/diego/Workspaces/ros2_control_diffbot_ws/install/controller_interface:/home/diego/Workspaces/ros2_control_diffbot_ws/install/hardware_interface:/home/diego/Workspaces/ros2_control_diffbot_ws/install/ros2_control_test_assets:/home/diego/Workspaces/ros2_control_diffbot_ws/install/realtime_tools:/home/diego/Workspaces/ros2_control_diffbot_ws/install/controller_manager_msgs:/home/diego/Workspaces/ros2_control_diffbot_ws/install/control_msgs:${AMENT_PREFIX_PATH} CMAKE_PREFIX_PATH=/home/diego/Workspaces/ros2_control_diffbot_ws/install/forward_command_controller:/home/diego/Workspaces/ros2_control_diffbot_ws/install/controller_manager:/home/diego/Workspaces/ros2_control_diffbot_ws/install/controller_interface:/home/diego/Workspaces/ros2_control_diffbot_ws/install/hardware_interface:/home/diego/Workspaces/ros2_control_diffbot_ws/install/ros2_control_test_assets:/home/diego/Workspaces/ros2_control_diffbot_ws/install/realtime_tools:/home/diego/Workspaces/ros2_control_diffbot_ws/install/controller_manager_msgs:/home/diego/Workspaces/ros2_control_diffbot_ws/install/control_msgs:/opt/ros/foxy LD_LIBRARY_PATH=/home/diego/Workspaces/ros2_control_diffbot_ws/install/forward_command_controller/lib:/home/diego/Workspaces/ros2_control_diffbot_ws/install/controller_manager/lib:/home/diego/Workspaces/ros2_control_diffbot_ws/install/controller_interface/lib:/home/diego/Workspaces/ros2_control_diffbot_ws/install/hardware_interface/lib:/home/diego/Workspaces/ros2_control_diffbot_ws/install/realtime_tools/lib:/home/diego/Workspaces/ros2_control_diffbot_ws/install/controller_manager_msgs/lib:/home/diego/Workspaces/ros2_control_diffbot_ws/install/control_msgs/lib:${LD_LIBRARY_PATH} PYTHONPATH=/home/diego/Workspaces/ros2_control_diffbot_ws/install/controller_manager/lib/python3.8/site-packages:/home/diego/Workspaces/ros2_control_diffbot_ws/install/controller_manager_msgs/lib/python3.8/site-packages:/home/diego/Workspaces/ros2_control_diffbot_ws/install/control_msgs/lib/python3.8/site-packages:${PYTHONPATH} /usr/bin/cmake /home/diego/Workspaces/ros2_control_diffbot_ws/src/ros2_controllers/position_controllers -DAMENT_CMAKE_SYMLINK_INSTALL=1 -DCMAKE_INSTALL_PREFIX=/home/diego/Workspaces/ros2_control_diffbot_ws/install/position_controllers
[0.281s] -- The C compiler identification is GNU 9.4.0
[0.433s] -- The CXX compiler identification is GNU 9.4.0
[0.447s] -- Check for working C compiler: /usr/bin/cc
[0.656s] -- Check for working C compiler: /usr/bin/cc -- works
[0.659s] -- Detecting C compiler ABI info
[0.877s] -- Detecting C compiler ABI info - done
[0.908s] -- Detecting C compile features
[0.910s] -- Detecting C compile features - done
[0.917s] -- Check for working CXX compiler: /usr/bin/c++
[1.145s] -- Check for working CXX compiler: /usr/bin/c++ -- works
[1.148s] -- Detecting CXX compiler ABI info
[1.383s] -- Detecting CXX compiler ABI info - done
[1.422s] -- Detecting CXX compile features
[1.426s] -- Detecting CXX compile features - done
[1.435s] -- Found ament_cmake: 0.9.9 (/opt/ros/foxy/share/ament_cmake/cmake)
[1.507s] -- Found PythonInterp: /usr/bin/python3 (found suitable version "3.8.10", minimum required is "3") 
[1.509s] -- Using PYTHON_EXECUTABLE: /usr/bin/python3
[2.067s] -- Override CMake install command with custom implementation using symlinks instead of copying resources
[2.154s] -- Found forward_command_controller: 0.8.0 (/home/diego/Workspaces/ros2_control_diffbot_ws/install/forward_command_controller/share/forward_command_controller/cmake)
[2.258s] -- Using all available rosidl_typesupport_c: rosidl_typesupport_fastrtps_c;rosidl_typesupport_introspection_c
[2.280s] -- Found rosidl_adapter: 1.2.1 (/opt/ros/foxy/share/rosidl_adapter/cmake)
[2.523s] -- Found OpenSSL: /usr/lib/x86_64-linux-gnu/libcrypto.so (found version "1.1.1f")  
[2.603s] -- Found FastRTPS: /opt/ros/foxy/include  
[2.831s] -- Using all available rosidl_typesupport_cpp: rosidl_typesupport_fastrtps_cpp;rosidl_typesupport_introspection_cpp
[4.533s] -- Found rmw_implementation_cmake: 1.0.3 (/opt/ros/foxy/share/rmw_implementation_cmake/cmake)
[4.540s] -- Using RMW implementation 'rmw_fastrtps_cpp' as default
[4.544s] -- Looking for pthread.h
[4.770s] -- Looking for pthread.h - found
[4.772s] -- Performing Test CMAKE_HAVE_LIBC_PTHREAD
[4.999s] -- Performing Test CMAKE_HAVE_LIBC_PTHREAD - Failed
[5.001s] -- Looking for pthread_create in pthreads
[5.191s] -- Looking for pthread_create in pthreads - not found
[5.193s] -- Looking for pthread_create in pthread
[5.405s] -- Looking for pthread_create in pthread - found
[5.408s] -- Found Threads: TRUE  
[6.870s] -- Found ament_cmake_gmock: 0.9.9 (/opt/ros/foxy/share/ament_cmake_gmock/cmake)
[6.872s] -- Found controller_manager: 0.10.1 (/home/diego/Workspaces/ros2_control_diffbot_ws/install/controller_manager/share/controller_manager/cmake)
[7.059s] -- Found ros2_control_test_assets: 0.10.1 (/home/diego/Workspaces/ros2_control_diffbot_ws/install/ros2_control_test_assets/share/ros2_control_test_assets/cmake)
[7.065s] -- Found gmock sources under '/opt/ros/foxy/src/gmock_vendor': C++ tests using 'Google Mock' will be built
[7.077s] -- Found ament_cmake_gtest: 0.9.9 (/opt/ros/foxy/share/ament_cmake_gtest/cmake)
[7.079s] -- Found gtest sources under '/opt/ros/foxy/src/gtest_vendor': C++ tests using 'Google Test' will be built
[7.517s] -- Configuring done
[7.739s] -- Generating done
[7.748s] -- Build files have been written to: /home/diego/Workspaces/ros2_control_diffbot_ws/build/position_controllers
[7.779s] Invoked command in '/home/diego/Workspaces/ros2_control_diffbot_ws/build/position_controllers' returned '0': AMENT_PREFIX_PATH=/home/diego/Workspaces/ros2_control_diffbot_ws/install/forward_command_controller:/home/diego/Workspaces/ros2_control_diffbot_ws/install/controller_manager:/home/diego/Workspaces/ros2_control_diffbot_ws/install/controller_interface:/home/diego/Workspaces/ros2_control_diffbot_ws/install/hardware_interface:/home/diego/Workspaces/ros2_control_diffbot_ws/install/ros2_control_test_assets:/home/diego/Workspaces/ros2_control_diffbot_ws/install/realtime_tools:/home/diego/Workspaces/ros2_control_diffbot_ws/install/controller_manager_msgs:/home/diego/Workspaces/ros2_control_diffbot_ws/install/control_msgs:${AMENT_PREFIX_PATH} CMAKE_PREFIX_PATH=/home/diego/Workspaces/ros2_control_diffbot_ws/install/forward_command_controller:/home/diego/Workspaces/ros2_control_diffbot_ws/install/controller_manager:/home/diego/Workspaces/ros2_control_diffbot_ws/install/controller_interface:/home/diego/Workspaces/ros2_control_diffbot_ws/install/hardware_interface:/home/diego/Workspaces/ros2_control_diffbot_ws/install/ros2_control_test_assets:/home/diego/Workspaces/ros2_control_diffbot_ws/install/realtime_tools:/home/diego/Workspaces/ros2_control_diffbot_ws/install/controller_manager_msgs:/home/diego/Workspaces/ros2_control_diffbot_ws/install/control_msgs:/opt/ros/foxy LD_LIBRARY_PATH=/home/diego/Workspaces/ros2_control_diffbot_ws/install/forward_command_controller/lib:/home/diego/Workspaces/ros2_control_diffbot_ws/install/controller_manager/lib:/home/diego/Workspaces/ros2_control_diffbot_ws/install/controller_interface/lib:/home/diego/Workspaces/ros2_control_diffbot_ws/install/hardware_interface/lib:/home/diego/Workspaces/ros2_control_diffbot_ws/install/realtime_tools/lib:/home/diego/Workspaces/ros2_control_diffbot_ws/install/controller_manager_msgs/lib:/home/diego/Workspaces/ros2_control_diffbot_ws/install/control_msgs/lib:${LD_LIBRARY_PATH} PYTHONPATH=/home/diego/Workspaces/ros2_control_diffbot_ws/install/controller_manager/lib/python3.8/site-packages:/home/diego/Workspaces/ros2_control_diffbot_ws/install/controller_manager_msgs/lib/python3.8/site-packages:/home/diego/Workspaces/ros2_control_diffbot_ws/install/control_msgs/lib/python3.8/site-packages:${PYTHONPATH} /usr/bin/cmake /home/diego/Workspaces/ros2_control_diffbot_ws/src/ros2_controllers/position_controllers -DAMENT_CMAKE_SYMLINK_INSTALL=1 -DCMAKE_INSTALL_PREFIX=/home/diego/Workspaces/ros2_control_diffbot_ws/install/position_controllers
[7.789s] Invoking command in '/home/diego/Workspaces/ros2_control_diffbot_ws/build/position_controllers': AMENT_PREFIX_PATH=/home/diego/Workspaces/ros2_control_diffbot_ws/install/forward_command_controller:/home/diego/Workspaces/ros2_control_diffbot_ws/install/controller_manager:/home/diego/Workspaces/ros2_control_diffbot_ws/install/controller_interface:/home/diego/Workspaces/ros2_control_diffbot_ws/install/hardware_interface:/home/diego/Workspaces/ros2_control_diffbot_ws/install/ros2_control_test_assets:/home/diego/Workspaces/ros2_control_diffbot_ws/install/realtime_tools:/home/diego/Workspaces/ros2_control_diffbot_ws/install/controller_manager_msgs:/home/diego/Workspaces/ros2_control_diffbot_ws/install/control_msgs:${AMENT_PREFIX_PATH} CMAKE_PREFIX_PATH=/home/diego/Workspaces/ros2_control_diffbot_ws/install/forward_command_controller:/home/diego/Workspaces/ros2_control_diffbot_ws/install/controller_manager:/home/diego/Workspaces/ros2_control_diffbot_ws/install/controller_interface:/home/diego/Workspaces/ros2_control_diffbot_ws/install/hardware_interface:/home/diego/Workspaces/ros2_control_diffbot_ws/install/ros2_control_test_assets:/home/diego/Workspaces/ros2_control_diffbot_ws/install/realtime_tools:/home/diego/Workspaces/ros2_control_diffbot_ws/install/controller_manager_msgs:/home/diego/Workspaces/ros2_control_diffbot_ws/install/control_msgs:/opt/ros/foxy LD_LIBRARY_PATH=/home/diego/Workspaces/ros2_control_diffbot_ws/install/forward_command_controller/lib:/home/diego/Workspaces/ros2_control_diffbot_ws/install/controller_manager/lib:/home/diego/Workspaces/ros2_control_diffbot_ws/install/controller_interface/lib:/home/diego/Workspaces/ros2_control_diffbot_ws/install/hardware_interface/lib:/home/diego/Workspaces/ros2_control_diffbot_ws/install/realtime_tools/lib:/home/diego/Workspaces/ros2_control_diffbot_ws/install/controller_manager_msgs/lib:/home/diego/Workspaces/ros2_control_diffbot_ws/install/control_msgs/lib:${LD_LIBRARY_PATH} PYTHONPATH=/home/diego/Workspaces/ros2_control_diffbot_ws/install/controller_manager/lib/python3.8/site-packages:/home/diego/Workspaces/ros2_control_diffbot_ws/install/controller_manager_msgs/lib/python3.8/site-packages:/home/diego/Workspaces/ros2_control_diffbot_ws/install/control_msgs/lib/python3.8/site-packages:${PYTHONPATH} /usr/bin/cmake --build /home/diego/Workspaces/ros2_control_diffbot_ws/build/position_controllers -- -j2 -l2
[7.915s] [35m[1mScanning dependencies of target gmock[0m
[7.976s] [  9%] [32mBuilding CXX object gmock/CMakeFiles/gmock.dir/opt/ros/foxy/src/gtest_vendor/src/gtest-all.cc.o[0m
[17.789s] [ 18%] [32mBuilding CXX object gmock/CMakeFiles/gmock.dir/src/gmock-all.cc.o[0m
[23.178s] [ 27%] [32m[1mLinking CXX static library libgmock.a[0m
[23.379s] [ 27%] Built target gmock
[23.408s] [35m[1mScanning dependencies of target position_controllers[0m
[23.525s] [ 36%] [32mBuilding CXX object CMakeFiles/position_controllers.dir/src/joint_group_position_controller.cpp.o[0m
[29.504s] [ 45%] [32m[1mLinking CXX shared library libposition_controllers.so[0m
[30.136s] [ 45%] Built target position_controllers
[30.165s] [35m[1mScanning dependencies of target gmock_main[0m
[30.219s] [ 54%] [32mBuilding CXX object gmock/CMakeFiles/gmock_main.dir/src/gmock_main.cc.o[0m
[32.982s] [ 63%] [32m[1mLinking CXX static library libgmock_main.a[0m
[33.077s] [ 63%] Built target gmock_main
[33.113s] [35m[1mScanning dependencies of target test_joint_group_position_controller[0m
[33.237s] [ 72%] [32mBuilding CXX object CMakeFiles/test_joint_group_position_controller.dir/test/test_joint_group_position_controller.cpp.o[0m
[47.930s] [ 81%] [32m[1mLinking CXX executable test_joint_group_position_controller[0m
[49.571s] [ 81%] Built target test_joint_group_position_controller
[49.604s] [35m[1mScanning dependencies of target test_load_joint_group_position_controller[0m
[49.744s] [ 90%] [32mBuilding CXX object CMakeFiles/test_load_joint_group_position_controller.dir/test/test_load_joint_group_position_controller.cpp.o[0m
[59.765s] [100%] [32m[1mLinking CXX executable test_load_joint_group_position_controller[0m
[61.768s] [100%] Built target test_load_joint_group_position_controller
[61.807s] Invoked command in '/home/diego/Workspaces/ros2_control_diffbot_ws/build/position_controllers' returned '0': AMENT_PREFIX_PATH=/home/diego/Workspaces/ros2_control_diffbot_ws/install/forward_command_controller:/home/diego/Workspaces/ros2_control_diffbot_ws/install/controller_manager:/home/diego/Workspaces/ros2_control_diffbot_ws/install/controller_interface:/home/diego/Workspaces/ros2_control_diffbot_ws/install/hardware_interface:/home/diego/Workspaces/ros2_control_diffbot_ws/install/ros2_control_test_assets:/home/diego/Workspaces/ros2_control_diffbot_ws/install/realtime_tools:/home/diego/Workspaces/ros2_control_diffbot_ws/install/controller_manager_msgs:/home/diego/Workspaces/ros2_control_diffbot_ws/install/control_msgs:${AMENT_PREFIX_PATH} CMAKE_PREFIX_PATH=/home/diego/Workspaces/ros2_control_diffbot_ws/install/forward_command_controller:/home/diego/Workspaces/ros2_control_diffbot_ws/install/controller_manager:/home/diego/Workspaces/ros2_control_diffbot_ws/install/controller_interface:/home/diego/Workspaces/ros2_control_diffbot_ws/install/hardware_interface:/home/diego/Workspaces/ros2_control_diffbot_ws/install/ros2_control_test_assets:/home/diego/Workspaces/ros2_control_diffbot_ws/install/realtime_tools:/home/diego/Workspaces/ros2_control_diffbot_ws/install/controller_manager_msgs:/home/diego/Workspaces/ros2_control_diffbot_ws/install/control_msgs:/opt/ros/foxy LD_LIBRARY_PATH=/home/diego/Workspaces/ros2_control_diffbot_ws/install/forward_command_controller/lib:/home/diego/Workspaces/ros2_control_diffbot_ws/install/controller_manager/lib:/home/diego/Workspaces/ros2_control_diffbot_ws/install/controller_interface/lib:/home/diego/Workspaces/ros2_control_diffbot_ws/install/hardware_interface/lib:/home/diego/Workspaces/ros2_control_diffbot_ws/install/realtime_tools/lib:/home/diego/Workspaces/ros2_control_diffbot_ws/install/controller_manager_msgs/lib:/home/diego/Workspaces/ros2_control_diffbot_ws/install/control_msgs/lib:${LD_LIBRARY_PATH} PYTHONPATH=/home/diego/Workspaces/ros2_control_diffbot_ws/install/controller_manager/lib/python3.8/site-packages:/home/diego/Workspaces/ros2_control_diffbot_ws/install/controller_manager_msgs/lib/python3.8/site-packages:/home/diego/Workspaces/ros2_control_diffbot_ws/install/control_msgs/lib/python3.8/site-packages:${PYTHONPATH} /usr/bin/cmake --build /home/diego/Workspaces/ros2_control_diffbot_ws/build/position_controllers -- -j2 -l2
[61.923s] Invoking command in '/home/diego/Workspaces/ros2_control_diffbot_ws/build/position_controllers': AMENT_PREFIX_PATH=/home/diego/Workspaces/ros2_control_diffbot_ws/install/forward_command_controller:/home/diego/Workspaces/ros2_control_diffbot_ws/install/controller_manager:/home/diego/Workspaces/ros2_control_diffbot_ws/install/controller_interface:/home/diego/Workspaces/ros2_control_diffbot_ws/install/hardware_interface:/home/diego/Workspaces/ros2_control_diffbot_ws/install/ros2_control_test_assets:/home/diego/Workspaces/ros2_control_diffbot_ws/install/realtime_tools:/home/diego/Workspaces/ros2_control_diffbot_ws/install/controller_manager_msgs:/home/diego/Workspaces/ros2_control_diffbot_ws/install/control_msgs:${AMENT_PREFIX_PATH} CMAKE_PREFIX_PATH=/home/diego/Workspaces/ros2_control_diffbot_ws/install/forward_command_controller:/home/diego/Workspaces/ros2_control_diffbot_ws/install/controller_manager:/home/diego/Workspaces/ros2_control_diffbot_ws/install/controller_interface:/home/diego/Workspaces/ros2_control_diffbot_ws/install/hardware_interface:/home/diego/Workspaces/ros2_control_diffbot_ws/install/ros2_control_test_assets:/home/diego/Workspaces/ros2_control_diffbot_ws/install/realtime_tools:/home/diego/Workspaces/ros2_control_diffbot_ws/install/controller_manager_msgs:/home/diego/Workspaces/ros2_control_diffbot_ws/install/control_msgs:/opt/ros/foxy LD_LIBRARY_PATH=/home/diego/Workspaces/ros2_control_diffbot_ws/install/forward_command_controller/lib:/home/diego/Workspaces/ros2_control_diffbot_ws/install/controller_manager/lib:/home/diego/Workspaces/ros2_control_diffbot_ws/install/controller_interface/lib:/home/diego/Workspaces/ros2_control_diffbot_ws/install/hardware_interface/lib:/home/diego/Workspaces/ros2_control_diffbot_ws/install/realtime_tools/lib:/home/diego/Workspaces/ros2_control_diffbot_ws/install/controller_manager_msgs/lib:/home/diego/Workspaces/ros2_control_diffbot_ws/install/control_msgs/lib:${LD_LIBRARY_PATH} PYTHONPATH=/home/diego/Workspaces/ros2_control_diffbot_ws/install/controller_manager/lib/python3.8/site-packages:/home/diego/Workspaces/ros2_control_diffbot_ws/install/controller_manager_msgs/lib/python3.8/site-packages:/home/diego/Workspaces/ros2_control_diffbot_ws/install/control_msgs/lib/python3.8/site-packages:${PYTHONPATH} /usr/bin/cmake --install /home/diego/Workspaces/ros2_control_diffbot_ws/build/position_controllers
[61.958s] -- Install configuration: ""
[61.960s] -- Execute custom install script
[61.962s] -- Symlinking: /home/diego/Workspaces/ros2_control_diffbot_ws/install/position_controllers/share/position_controllers//position_controllers_plugins.xml
[61.991s] -- Symlinking: /home/diego/Workspaces/ros2_control_diffbot_ws/install/position_controllers/include/position_controllers/joint_group_position_controller.hpp
[62.019s] -- Symlinking: /home/diego/Workspaces/ros2_control_diffbot_ws/install/position_controllers/include/position_controllers/visibility_control.h
[62.055s] -- Symlinking: /home/diego/Workspaces/ros2_control_diffbot_ws/install/position_controllers/lib/libposition_controllers.so
[62.100s] -- Symlinking: /home/diego/Workspaces/ros2_control_diffbot_ws/install/position_controllers/share/position_controllers/environment/library_path.sh
[62.127s] -- Symlinking: /home/diego/Workspaces/ros2_control_diffbot_ws/install/position_controllers/share/position_controllers/environment/library_path.dsv
[62.158s] -- Symlinking: /home/diego/Workspaces/ros2_control_diffbot_ws/install/position_controllers/share/ament_index/resource_index/package_run_dependencies/position_controllers
[62.190s] -- Symlinking: /home/diego/Workspaces/ros2_control_diffbot_ws/install/position_controllers/share/ament_index/resource_index/parent_prefix_path/position_controllers
[62.215s] -- Symlinking: /home/diego/Workspaces/ros2_control_diffbot_ws/install/position_controllers/share/position_controllers/environment/ament_prefix_path.sh
[62.244s] -- Symlinking: /home/diego/Workspaces/ros2_control_diffbot_ws/install/position_controllers/share/position_controllers/environment/ament_prefix_path.dsv
[62.275s] -- Symlinking: /home/diego/Workspaces/ros2_control_diffbot_ws/install/position_controllers/share/position_controllers/environment/path.sh
[62.306s] -- Symlinking: /home/diego/Workspaces/ros2_control_diffbot_ws/install/position_controllers/share/position_controllers/environment/path.dsv
[62.334s] -- Symlinking: /home/diego/Workspaces/ros2_control_diffbot_ws/install/position_controllers/share/position_controllers/local_setup.bash
[62.363s] -- Symlinking: /home/diego/Workspaces/ros2_control_diffbot_ws/install/position_controllers/share/position_controllers/local_setup.sh
[62.389s] -- Symlinking: /home/diego/Workspaces/ros2_control_diffbot_ws/install/position_controllers/share/position_controllers/local_setup.zsh
[62.420s] -- Symlinking: /home/diego/Workspaces/ros2_control_diffbot_ws/install/position_controllers/share/position_controllers/local_setup.dsv
[62.456s] -- Symlinking: /home/diego/Workspaces/ros2_control_diffbot_ws/install/position_controllers/share/position_controllers/package.dsv
[62.486s] -- Symlinking: /home/diego/Workspaces/ros2_control_diffbot_ws/install/position_controllers/share/ament_index/resource_index/packages/position_controllers
[62.515s] -- Symlinking: /home/diego/Workspaces/ros2_control_diffbot_ws/install/position_controllers/share/ament_index/resource_index/controller_interface__pluginlib__plugin/position_controllers
[62.543s] -- Symlinking: /home/diego/Workspaces/ros2_control_diffbot_ws/install/position_controllers/share/position_controllers/cmake/ament_cmake_export_dependencies-extras.cmake
[62.571s] -- Symlinking: /home/diego/Workspaces/ros2_control_diffbot_ws/install/position_controllers/share/position_controllers/cmake/ament_cmake_export_include_directories-extras.cmake
[62.596s] -- Symlinking: /home/diego/Workspaces/ros2_control_diffbot_ws/install/position_controllers/share/position_controllers/cmake/ament_cmake_export_libraries-extras.cmake
[62.626s] -- Symlinking: /home/diego/Workspaces/ros2_control_diffbot_ws/install/position_controllers/share/position_controllers/cmake/position_controllersConfig.cmake
[62.661s] -- Symlinking: /home/diego/Workspaces/ros2_control_diffbot_ws/install/position_controllers/share/position_controllers/cmake/position_controllersConfig-version.cmake
[62.686s] -- Symlinking: /home/diego/Workspaces/ros2_control_diffbot_ws/install/position_controllers/share/position_controllers/package.xml
[62.723s] Invoked command in '/home/diego/Workspaces/ros2_control_diffbot_ws/build/position_controllers' returned '0': AMENT_PREFIX_PATH=/home/diego/Workspaces/ros2_control_diffbot_ws/install/forward_command_controller:/home/diego/Workspaces/ros2_control_diffbot_ws/install/controller_manager:/home/diego/Workspaces/ros2_control_diffbot_ws/install/controller_interface:/home/diego/Workspaces/ros2_control_diffbot_ws/install/hardware_interface:/home/diego/Workspaces/ros2_control_diffbot_ws/install/ros2_control_test_assets:/home/diego/Workspaces/ros2_control_diffbot_ws/install/realtime_tools:/home/diego/Workspaces/ros2_control_diffbot_ws/install/controller_manager_msgs:/home/diego/Workspaces/ros2_control_diffbot_ws/install/control_msgs:${AMENT_PREFIX_PATH} CMAKE_PREFIX_PATH=/home/diego/Workspaces/ros2_control_diffbot_ws/install/forward_command_controller:/home/diego/Workspaces/ros2_control_diffbot_ws/install/controller_manager:/home/diego/Workspaces/ros2_control_diffbot_ws/install/controller_interface:/home/diego/Workspaces/ros2_control_diffbot_ws/install/hardware_interface:/home/diego/Workspaces/ros2_control_diffbot_ws/install/ros2_control_test_assets:/home/diego/Workspaces/ros2_control_diffbot_ws/install/realtime_tools:/home/diego/Workspaces/ros2_control_diffbot_ws/install/controller_manager_msgs:/home/diego/Workspaces/ros2_control_diffbot_ws/install/control_msgs:/opt/ros/foxy LD_LIBRARY_PATH=/home/diego/Workspaces/ros2_control_diffbot_ws/install/forward_command_controller/lib:/home/diego/Workspaces/ros2_control_diffbot_ws/install/controller_manager/lib:/home/diego/Workspaces/ros2_control_diffbot_ws/install/controller_interface/lib:/home/diego/Workspaces/ros2_control_diffbot_ws/install/hardware_interface/lib:/home/diego/Workspaces/ros2_control_diffbot_ws/install/realtime_tools/lib:/home/diego/Workspaces/ros2_control_diffbot_ws/install/controller_manager_msgs/lib:/home/diego/Workspaces/ros2_control_diffbot_ws/install/control_msgs/lib:${LD_LIBRARY_PATH} PYTHONPATH=/home/diego/Workspaces/ros2_control_diffbot_ws/install/controller_manager/lib/python3.8/site-packages:/home/diego/Workspaces/ros2_control_diffbot_ws/install/controller_manager_msgs/lib/python3.8/site-packages:/home/diego/Workspaces/ros2_control_diffbot_ws/install/control_msgs/lib/python3.8/site-packages:${PYTHONPATH} /usr/bin/cmake --install /home/diego/Workspaces/ros2_control_diffbot_ws/build/position_controllers
