[2.142s] Invoking command in '/home/diego/Workspaces/ros2_control_diffbot_ws/src/python_dev/src/package_python': PYTHONPATH=/home/diego/Workspaces/ros2_control_diffbot_ws/install/package_python/lib/python3.8/site-packages:${PYTHONPATH} /usr/bin/python3 setup.py egg_info --egg-base ../../../../build/package_python build --build-base /home/diego/Workspaces/ros2_control_diffbot_ws/build/package_python/build install --prefix /home/diego/Workspaces/ros2_control_diffbot_ws/install/package_python --record /home/diego/Workspaces/ros2_control_diffbot_ws/build/package_python/install.log --single-version-externally-managed
[2.832s] running egg_info
[2.832s] writing ../../../../build/package_python/package_python.egg-info/PKG-INFO
[2.833s] writing dependency_links to ../../../../build/package_python/package_python.egg-info/dependency_links.txt
[2.833s] writing entry points to ../../../../build/package_python/package_python.egg-info/entry_points.txt
[2.834s] writing requirements to ../../../../build/package_python/package_python.egg-info/requires.txt
[2.834s] writing top-level names to ../../../../build/package_python/package_python.egg-info/top_level.txt
[2.969s] reading manifest file '../../../../build/package_python/package_python.egg-info/SOURCES.txt'
[2.977s] writing manifest file '../../../../build/package_python/package_python.egg-info/SOURCES.txt'
[2.977s] running build
[2.978s] running build_py
[2.985s] copying package_python/nodo_py.py -> /home/diego/Workspaces/ros2_control_diffbot_ws/build/package_python/build/lib/package_python
[2.988s] copying package_python/py_pub_odometry.py -> /home/diego/Workspaces/ros2_control_diffbot_ws/build/package_python/build/lib/package_python
[2.991s] running install
[2.993s] running install_lib
[3.002s] copying /home/diego/Workspaces/ros2_control_diffbot_ws/build/package_python/build/lib/package_python/nodo_py.py -> /home/diego/Workspaces/ros2_control_diffbot_ws/install/package_python/lib/python3.8/site-packages/package_python
[3.003s] copying /home/diego/Workspaces/ros2_control_diffbot_ws/build/package_python/build/lib/package_python/py_pub_odometry.py -> /home/diego/Workspaces/ros2_control_diffbot_ws/install/package_python/lib/python3.8/site-packages/package_python
[3.003s] byte-compiling /home/diego/Workspaces/ros2_control_diffbot_ws/install/package_python/lib/python3.8/site-packages/package_python/nodo_py.py to nodo_py.cpython-38.pyc
[3.005s] byte-compiling /home/diego/Workspaces/ros2_control_diffbot_ws/install/package_python/lib/python3.8/site-packages/package_python/py_pub_odometry.py to py_pub_odometry.cpython-38.pyc
[3.007s] running install_data
[3.025s] running install_egg_info
[3.041s] removing '/home/diego/Workspaces/ros2_control_diffbot_ws/install/package_python/lib/python3.8/site-packages/package_python-0.0.0-py3.8.egg-info' (and everything under it)
[3.042s] Copying ../../../../build/package_python/package_python.egg-info to /home/diego/Workspaces/ros2_control_diffbot_ws/install/package_python/lib/python3.8/site-packages/package_python-0.0.0-py3.8.egg-info
[3.042s] running install_scripts
[3.099s] Installing nodo_py script to /home/diego/Workspaces/ros2_control_diffbot_ws/install/package_python/lib/package_python
[3.102s] Installing py_pub_odometry script to /home/diego/Workspaces/ros2_control_diffbot_ws/install/package_python/lib/package_python
[3.103s] Installing py_pub_spiral script to /home/diego/Workspaces/ros2_control_diffbot_ws/install/package_python/lib/package_python
[3.104s] writing list of installed files to '/home/diego/Workspaces/ros2_control_diffbot_ws/build/package_python/install.log'
[3.206s] Invoked command in '/home/diego/Workspaces/ros2_control_diffbot_ws/src/python_dev/src/package_python' returned '0': PYTHONPATH=/home/diego/Workspaces/ros2_control_diffbot_ws/install/package_python/lib/python3.8/site-packages:${PYTHONPATH} /usr/bin/python3 setup.py egg_info --egg-base ../../../../build/package_python build --build-base /home/diego/Workspaces/ros2_control_diffbot_ws/build/package_python/build install --prefix /home/diego/Workspaces/ros2_control_diffbot_ws/install/package_python --record /home/diego/Workspaces/ros2_control_diffbot_ws/build/package_python/install.log --single-version-externally-managed
