[0.073s] Invoking command in '/home/diego/Workspaces/ros2_control_diffbot_ws/src/build/ros2_control_demo_hardware': AMENT_PREFIX_PATH=/home/diego/Workspaces/ros2_control_diffbot_ws/src/install/hardware_interface:/home/diego/Workspaces/ros2_control_diffbot_ws/src/install/control_msgs:${AMENT_PREFIX_PATH} CMAKE_PREFIX_PATH=/home/diego/Workspaces/ros2_control_diffbot_ws/src/install/hardware_interface:/home/diego/Workspaces/ros2_control_diffbot_ws/src/install/control_msgs:/opt/ros/foxy LD_LIBRARY_PATH=/home/diego/Workspaces/ros2_control_diffbot_ws/src/install/hardware_interface/lib:/home/diego/Workspaces/ros2_control_diffbot_ws/src/install/control_msgs/lib:${LD_LIBRARY_PATH} PYTHONPATH=/home/diego/Workspaces/ros2_control_diffbot_ws/src/install/control_msgs/lib/python3.8/site-packages:${PYTHONPATH} /usr/bin/cmake --build /home/diego/Workspaces/ros2_control_diffbot_ws/src/build/ros2_control_demo_hardware -- -j2 -l2
[0.315s] [100%] Built target ros2_control_demo_hardware
[0.403s] Invoked command in '/home/diego/Workspaces/ros2_control_diffbot_ws/src/build/ros2_control_demo_hardware' returned '0': AMENT_PREFIX_PATH=/home/diego/Workspaces/ros2_control_diffbot_ws/src/install/hardware_interface:/home/diego/Workspaces/ros2_control_diffbot_ws/src/install/control_msgs:${AMENT_PREFIX_PATH} CMAKE_PREFIX_PATH=/home/diego/Workspaces/ros2_control_diffbot_ws/src/install/hardware_interface:/home/diego/Workspaces/ros2_control_diffbot_ws/src/install/control_msgs:/opt/ros/foxy LD_LIBRARY_PATH=/home/diego/Workspaces/ros2_control_diffbot_ws/src/install/hardware_interface/lib:/home/diego/Workspaces/ros2_control_diffbot_ws/src/install/control_msgs/lib:${LD_LIBRARY_PATH} PYTHONPATH=/home/diego/Workspaces/ros2_control_diffbot_ws/src/install/control_msgs/lib/python3.8/site-packages:${PYTHONPATH} /usr/bin/cmake --build /home/diego/Workspaces/ros2_control_diffbot_ws/src/build/ros2_control_demo_hardware -- -j2 -l2
[0.512s] Invoking command in '/home/diego/Workspaces/ros2_control_diffbot_ws/src/build/ros2_control_demo_hardware': AMENT_PREFIX_PATH=/home/diego/Workspaces/ros2_control_diffbot_ws/src/install/hardware_interface:/home/diego/Workspaces/ros2_control_diffbot_ws/src/install/control_msgs:${AMENT_PREFIX_PATH} CMAKE_PREFIX_PATH=/home/diego/Workspaces/ros2_control_diffbot_ws/src/install/hardware_interface:/home/diego/Workspaces/ros2_control_diffbot_ws/src/install/control_msgs:/opt/ros/foxy LD_LIBRARY_PATH=/home/diego/Workspaces/ros2_control_diffbot_ws/src/install/hardware_interface/lib:/home/diego/Workspaces/ros2_control_diffbot_ws/src/install/control_msgs/lib:${LD_LIBRARY_PATH} PYTHONPATH=/home/diego/Workspaces/ros2_control_diffbot_ws/src/install/control_msgs/lib/python3.8/site-packages:${PYTHONPATH} /usr/bin/cmake --install /home/diego/Workspaces/ros2_control_diffbot_ws/src/build/ros2_control_demo_hardware
[0.536s] -- Install configuration: ""
[0.539s] -- Up-to-date: /home/diego/Workspaces/ros2_control_diffbot_ws/src/install/ros2_control_demo_hardware/share/ros2_control_demo_hardware/ros2_control_demo_hardware.xml
[0.543s] -- Up-to-date: /home/diego/Workspaces/ros2_control_diffbot_ws/src/install/ros2_control_demo_hardware/lib/libros2_control_demo_hardware.so
[0.544s] -- Up-to-date: /home/diego/Workspaces/ros2_control_diffbot_ws/src/install/ros2_control_demo_hardware/include
[0.545s] -- Up-to-date: /home/diego/Workspaces/ros2_control_diffbot_ws/src/install/ros2_control_demo_hardware/include/ros2_control_demo_hardware
[0.546s] -- Up-to-date: /home/diego/Workspaces/ros2_control_diffbot_ws/src/install/ros2_control_demo_hardware/include/ros2_control_demo_hardware/rrbot_system_with_sensor.hpp
[0.546s] -- Up-to-date: /home/diego/Workspaces/ros2_control_diffbot_ws/src/install/ros2_control_demo_hardware/include/ros2_control_demo_hardware/diffbot_system.hpp
[0.547s] -- Up-to-date: /home/diego/Workspaces/ros2_control_diffbot_ws/src/install/ros2_control_demo_hardware/include/ros2_control_demo_hardware/rrbot_system_multi_interface.hpp
[0.548s] -- Up-to-date: /home/diego/Workspaces/ros2_control_diffbot_ws/src/install/ros2_control_demo_hardware/include/ros2_control_demo_hardware/rrbot_system_position_only.hpp
[0.548s] -- Up-to-date: /home/diego/Workspaces/ros2_control_diffbot_ws/src/install/ros2_control_demo_hardware/include/ros2_control_demo_hardware/visibility_control.h
[0.550s] -- Up-to-date: /home/diego/Workspaces/ros2_control_diffbot_ws/src/install/ros2_control_demo_hardware/share/ros2_control_demo_hardware/environment/library_path.sh
[0.551s] -- Up-to-date: /home/diego/Workspaces/ros2_control_diffbot_ws/src/install/ros2_control_demo_hardware/share/ros2_control_demo_hardware/environment/library_path.dsv
[0.556s] -- Up-to-date: /home/diego/Workspaces/ros2_control_diffbot_ws/src/install/ros2_control_demo_hardware/share/ament_index/resource_index/package_run_dependencies/ros2_control_demo_hardware
[0.558s] -- Up-to-date: /home/diego/Workspaces/ros2_control_diffbot_ws/src/install/ros2_control_demo_hardware/share/ament_index/resource_index/parent_prefix_path/ros2_control_demo_hardware
[0.558s] -- Up-to-date: /home/diego/Workspaces/ros2_control_diffbot_ws/src/install/ros2_control_demo_hardware/share/ros2_control_demo_hardware/environment/ament_prefix_path.sh
[0.559s] -- Up-to-date: /home/diego/Workspaces/ros2_control_diffbot_ws/src/install/ros2_control_demo_hardware/share/ros2_control_demo_hardware/environment/ament_prefix_path.dsv
[0.559s] -- Up-to-date: /home/diego/Workspaces/ros2_control_diffbot_ws/src/install/ros2_control_demo_hardware/share/ros2_control_demo_hardware/environment/path.sh
[0.559s] -- Up-to-date: /home/diego/Workspaces/ros2_control_diffbot_ws/src/install/ros2_control_demo_hardware/share/ros2_control_demo_hardware/environment/path.dsv
[0.561s] -- Up-to-date: /home/diego/Workspaces/ros2_control_diffbot_ws/src/install/ros2_control_demo_hardware/share/ros2_control_demo_hardware/local_setup.bash
[0.561s] -- Up-to-date: /home/diego/Workspaces/ros2_control_diffbot_ws/src/install/ros2_control_demo_hardware/share/ros2_control_demo_hardware/local_setup.sh
[0.562s] -- Up-to-date: /home/diego/Workspaces/ros2_control_diffbot_ws/src/install/ros2_control_demo_hardware/share/ros2_control_demo_hardware/local_setup.zsh
[0.562s] -- Up-to-date: /home/diego/Workspaces/ros2_control_diffbot_ws/src/install/ros2_control_demo_hardware/share/ros2_control_demo_hardware/local_setup.dsv
[0.563s] -- Installing: /home/diego/Workspaces/ros2_control_diffbot_ws/src/install/ros2_control_demo_hardware/share/ros2_control_demo_hardware/package.dsv
[0.564s] -- Up-to-date: /home/diego/Workspaces/ros2_control_diffbot_ws/src/install/ros2_control_demo_hardware/share/ament_index/resource_index/packages/ros2_control_demo_hardware
[0.565s] -- Up-to-date: /home/diego/Workspaces/ros2_control_diffbot_ws/src/install/ros2_control_demo_hardware/share/ament_index/resource_index/hardware_interface__pluginlib__plugin/ros2_control_demo_hardware
[0.566s] -- Up-to-date: /home/diego/Workspaces/ros2_control_diffbot_ws/src/install/ros2_control_demo_hardware/share/ros2_control_demo_hardware/cmake/ament_cmake_export_include_directories-extras.cmake
[0.567s] -- Up-to-date: /home/diego/Workspaces/ros2_control_diffbot_ws/src/install/ros2_control_demo_hardware/share/ros2_control_demo_hardware/cmake/ament_cmake_export_libraries-extras.cmake
[0.567s] -- Up-to-date: /home/diego/Workspaces/ros2_control_diffbot_ws/src/install/ros2_control_demo_hardware/share/ros2_control_demo_hardware/cmake/ament_cmake_export_dependencies-extras.cmake
[0.567s] -- Up-to-date: /home/diego/Workspaces/ros2_control_diffbot_ws/src/install/ros2_control_demo_hardware/share/ros2_control_demo_hardware/cmake/ros2_control_demo_hardwareConfig.cmake
[0.567s] -- Up-to-date: /home/diego/Workspaces/ros2_control_diffbot_ws/src/install/ros2_control_demo_hardware/share/ros2_control_demo_hardware/cmake/ros2_control_demo_hardwareConfig-version.cmake
[0.568s] -- Up-to-date: /home/diego/Workspaces/ros2_control_diffbot_ws/src/install/ros2_control_demo_hardware/share/ros2_control_demo_hardware/package.xml
[0.579s] Invoked command in '/home/diego/Workspaces/ros2_control_diffbot_ws/src/build/ros2_control_demo_hardware' returned '0': AMENT_PREFIX_PATH=/home/diego/Workspaces/ros2_control_diffbot_ws/src/install/hardware_interface:/home/diego/Workspaces/ros2_control_diffbot_ws/src/install/control_msgs:${AMENT_PREFIX_PATH} CMAKE_PREFIX_PATH=/home/diego/Workspaces/ros2_control_diffbot_ws/src/install/hardware_interface:/home/diego/Workspaces/ros2_control_diffbot_ws/src/install/control_msgs:/opt/ros/foxy LD_LIBRARY_PATH=/home/diego/Workspaces/ros2_control_diffbot_ws/src/install/hardware_interface/lib:/home/diego/Workspaces/ros2_control_diffbot_ws/src/install/control_msgs/lib:${LD_LIBRARY_PATH} PYTHONPATH=/home/diego/Workspaces/ros2_control_diffbot_ws/src/install/control_msgs/lib/python3.8/site-packages:${PYTHONPATH} /usr/bin/cmake --install /home/diego/Workspaces/ros2_control_diffbot_ws/src/build/ros2_control_demo_hardware
