[0.477s] DEBUG:colcon:Command line arguments: ['/usr/bin/colcon', 'build', '--packages-select', 'diffbot_description']
[0.477s] DEBUG:colcon:Parsed command line arguments: Namespace(allow_overriding=[], ament_cmake_args=None, base_paths=['.'], build_base='build', catkin_cmake_args=None, catkin_skip_building_tests=False, cmake_args=None, cmake_clean_cache=False, cmake_clean_first=False, cmake_force_configure=False, cmake_target=None, cmake_target_skip_unavailable=False, continue_on_error=False, event_handlers=None, executor='parallel', ignore_user_meta=False, install_base='install', log_base=None, log_level=None, main=<bound method BuildVerb.main of <colcon_core.verb.build.BuildVerb object at 0x7f349cfbbb80>>, merge_install=False, metas=['./colcon.meta'], packages_above=None, packages_above_and_dependencies=None, packages_above_depth=None, packages_end=None, packages_ignore=None, packages_ignore_regex=None, packages_select=['diffbot_description'], packages_select_build_failed=False, packages_select_by_dep=None, packages_select_regex=None, packages_select_test_failures=False, packages_skip=None, packages_skip_build_finished=False, packages_skip_by_dep=None, packages_skip_regex=None, packages_skip_test_passed=False, packages_skip_up_to=None, packages_start=None, packages_up_to=None, packages_up_to_regex=None, parallel_workers=2, paths=None, symlink_install=False, test_result_base=None, verb_extension=<colcon_core.verb.build.BuildVerb object at 0x7f349cfbbb80>, verb_name='build', verb_parser=<colcon_defaults.argument_parser.defaults.DefaultArgumentsDecorator object at 0x7f349cfc6130>)
[0.557s] Level 1:colcon.colcon_core.package_discovery:discover_packages(colcon_meta) check parameters
[0.557s] Level 1:colcon.colcon_core.package_discovery:discover_packages(recursive) check parameters
[0.557s] Level 1:colcon.colcon_core.package_discovery:discover_packages(ignore) check parameters
[0.557s] Level 1:colcon.colcon_core.package_discovery:discover_packages(path) check parameters
[0.558s] Level 1:colcon.colcon_core.package_discovery:discover_packages(colcon_meta) discover
[0.558s] Level 1:colcon.colcon_core.package_discovery:discover_packages(recursive) discover
[0.558s] INFO:colcon.colcon_core.package_discovery:Crawling recursively for packages in '/home/diego/Workspaces/ros2_control_diffbot_ws/src'
[0.558s] Level 1:colcon.colcon_core.package_identification:_identify(.) by extensions ['ignore', 'ignore_ament_install']
[0.559s] Level 1:colcon.colcon_core.package_identification:_identify(.) by extension 'ignore'
[0.559s] Level 1:colcon.colcon_core.package_identification:_identify(.) by extension 'ignore_ament_install'
[0.559s] Level 1:colcon.colcon_core.package_identification:_identify(.) by extensions ['colcon_pkg']
[0.559s] Level 1:colcon.colcon_core.package_identification:_identify(.) by extension 'colcon_pkg'
[0.559s] Level 1:colcon.colcon_core.package_identification:_identify(.) by extensions ['colcon_meta']
[0.559s] Level 1:colcon.colcon_core.package_identification:_identify(.) by extension 'colcon_meta'
[0.560s] Level 1:colcon.colcon_core.package_identification:_identify(.) by extensions ['ros']
[0.560s] Level 1:colcon.colcon_core.package_identification:_identify(.) by extension 'ros'
[0.593s] Level 1:colcon.colcon_core.package_identification:_identify(.) by extensions ['cmake', 'python']
[0.593s] Level 1:colcon.colcon_core.package_identification:_identify(.) by extension 'cmake'
[0.594s] Level 1:colcon.colcon_core.package_identification:_identify(.) by extension 'python'
[0.594s] Level 1:colcon.colcon_core.package_identification:_identify(.) by extensions ['python_setup_py']
[0.594s] Level 1:colcon.colcon_core.package_identification:_identify(.) by extension 'python_setup_py'
[0.594s] Level 1:colcon.colcon_core.package_identification:_identify(build) by extensions ['ignore', 'ignore_ament_install']
[0.594s] Level 1:colcon.colcon_core.package_identification:_identify(build) by extension 'ignore'
[0.595s] Level 1:colcon.colcon_core.package_identification:_identify(build) ignored
[0.595s] Level 1:colcon.colcon_core.package_identification:_identify(control_msgs) by extensions ['ignore', 'ignore_ament_install']
[0.595s] Level 1:colcon.colcon_core.package_identification:_identify(control_msgs) by extension 'ignore'
[0.595s] Level 1:colcon.colcon_core.package_identification:_identify(control_msgs) by extension 'ignore_ament_install'
[0.595s] Level 1:colcon.colcon_core.package_identification:_identify(control_msgs) by extensions ['colcon_pkg']
[0.595s] Level 1:colcon.colcon_core.package_identification:_identify(control_msgs) by extension 'colcon_pkg'
[0.596s] Level 1:colcon.colcon_core.package_identification:_identify(control_msgs) by extensions ['colcon_meta']
[0.596s] Level 1:colcon.colcon_core.package_identification:_identify(control_msgs) by extension 'colcon_meta'
[0.596s] Level 1:colcon.colcon_core.package_identification:_identify(control_msgs) by extensions ['ros']
[0.596s] Level 1:colcon.colcon_core.package_identification:_identify(control_msgs) by extension 'ros'
[0.596s] Level 1:colcon.colcon_core.package_identification:_identify(control_msgs) by extensions ['cmake', 'python']
[0.596s] Level 1:colcon.colcon_core.package_identification:_identify(control_msgs) by extension 'cmake'
[0.596s] Level 1:colcon.colcon_core.package_identification:_identify(control_msgs) by extension 'python'
[0.596s] Level 1:colcon.colcon_core.package_identification:_identify(control_msgs) by extensions ['python_setup_py']
[0.596s] Level 1:colcon.colcon_core.package_identification:_identify(control_msgs) by extension 'python_setup_py'
[0.597s] Level 1:colcon.colcon_core.package_identification:_identify(control_msgs/control_msgs) by extensions ['ignore', 'ignore_ament_install']
[0.597s] Level 1:colcon.colcon_core.package_identification:_identify(control_msgs/control_msgs) by extension 'ignore'
[0.597s] Level 1:colcon.colcon_core.package_identification:_identify(control_msgs/control_msgs) by extension 'ignore_ament_install'
[0.597s] Level 1:colcon.colcon_core.package_identification:_identify(control_msgs/control_msgs) by extensions ['colcon_pkg']
[0.597s] Level 1:colcon.colcon_core.package_identification:_identify(control_msgs/control_msgs) by extension 'colcon_pkg'
[0.598s] Level 1:colcon.colcon_core.package_identification:_identify(control_msgs/control_msgs) by extensions ['colcon_meta']
[0.598s] Level 1:colcon.colcon_core.package_identification:_identify(control_msgs/control_msgs) by extension 'colcon_meta'
[0.598s] Level 1:colcon.colcon_core.package_identification:_identify(control_msgs/control_msgs) by extensions ['ros']
[0.598s] Level 1:colcon.colcon_core.package_identification:_identify(control_msgs/control_msgs) by extension 'ros'
[0.606s] DEBUG:colcon.colcon_core.package_identification:Package 'control_msgs/control_msgs' with type 'ros.ament_cmake' and name 'control_msgs'
[0.606s] Level 1:colcon.colcon_core.package_identification:_identify(install) by extensions ['ignore', 'ignore_ament_install']
[0.606s] Level 1:colcon.colcon_core.package_identification:_identify(install) by extension 'ignore'
[0.607s] Level 1:colcon.colcon_core.package_identification:_identify(install) ignored
[0.607s] Level 1:colcon.colcon_core.package_identification:_identify(log) by extensions ['ignore', 'ignore_ament_install']
[0.607s] Level 1:colcon.colcon_core.package_identification:_identify(log) by extension 'ignore'
[0.608s] Level 1:colcon.colcon_core.package_identification:_identify(log) ignored
[0.608s] Level 1:colcon.colcon_core.package_identification:_identify(python_dev) by extensions ['ignore', 'ignore_ament_install']
[0.608s] Level 1:colcon.colcon_core.package_identification:_identify(python_dev) by extension 'ignore'
[0.608s] Level 1:colcon.colcon_core.package_identification:_identify(python_dev) by extension 'ignore_ament_install'
[0.608s] Level 1:colcon.colcon_core.package_identification:_identify(python_dev) by extensions ['colcon_pkg']
[0.609s] Level 1:colcon.colcon_core.package_identification:_identify(python_dev) by extension 'colcon_pkg'
[0.609s] Level 1:colcon.colcon_core.package_identification:_identify(python_dev) by extensions ['colcon_meta']
[0.609s] Level 1:colcon.colcon_core.package_identification:_identify(python_dev) by extension 'colcon_meta'
[0.609s] Level 1:colcon.colcon_core.package_identification:_identify(python_dev) by extensions ['ros']
[0.609s] Level 1:colcon.colcon_core.package_identification:_identify(python_dev) by extension 'ros'
[0.609s] Level 1:colcon.colcon_core.package_identification:_identify(python_dev) by extensions ['cmake', 'python']
[0.609s] Level 1:colcon.colcon_core.package_identification:_identify(python_dev) by extension 'cmake'
[0.609s] Level 1:colcon.colcon_core.package_identification:_identify(python_dev) by extension 'python'
[0.609s] Level 1:colcon.colcon_core.package_identification:_identify(python_dev) by extensions ['python_setup_py']
[0.609s] Level 1:colcon.colcon_core.package_identification:_identify(python_dev) by extension 'python_setup_py'
[0.610s] Level 1:colcon.colcon_core.package_identification:_identify(python_dev/build) by extensions ['ignore', 'ignore_ament_install']
[0.610s] Level 1:colcon.colcon_core.package_identification:_identify(python_dev/build) by extension 'ignore'
[0.610s] Level 1:colcon.colcon_core.package_identification:_identify(python_dev/build) ignored
[0.610s] Level 1:colcon.colcon_core.package_identification:_identify(python_dev/install) by extensions ['ignore', 'ignore_ament_install']
[0.611s] Level 1:colcon.colcon_core.package_identification:_identify(python_dev/install) by extension 'ignore'
[0.611s] Level 1:colcon.colcon_core.package_identification:_identify(python_dev/install) ignored
[0.611s] Level 1:colcon.colcon_core.package_identification:_identify(python_dev/log) by extensions ['ignore', 'ignore_ament_install']
[0.611s] Level 1:colcon.colcon_core.package_identification:_identify(python_dev/log) by extension 'ignore'
[0.611s] Level 1:colcon.colcon_core.package_identification:_identify(python_dev/log) ignored
[0.612s] Level 1:colcon.colcon_core.package_identification:_identify(python_dev/src) by extensions ['ignore', 'ignore_ament_install']
[0.612s] Level 1:colcon.colcon_core.package_identification:_identify(python_dev/src) by extension 'ignore'
[0.612s] Level 1:colcon.colcon_core.package_identification:_identify(python_dev/src) by extension 'ignore_ament_install'
[0.612s] Level 1:colcon.colcon_core.package_identification:_identify(python_dev/src) by extensions ['colcon_pkg']
[0.612s] Level 1:colcon.colcon_core.package_identification:_identify(python_dev/src) by extension 'colcon_pkg'
[0.612s] Level 1:colcon.colcon_core.package_identification:_identify(python_dev/src) by extensions ['colcon_meta']
[0.612s] Level 1:colcon.colcon_core.package_identification:_identify(python_dev/src) by extension 'colcon_meta'
[0.613s] Level 1:colcon.colcon_core.package_identification:_identify(python_dev/src) by extensions ['ros']
[0.613s] Level 1:colcon.colcon_core.package_identification:_identify(python_dev/src) by extension 'ros'
[0.613s] Level 1:colcon.colcon_core.package_identification:_identify(python_dev/src) by extensions ['cmake', 'python']
[0.613s] Level 1:colcon.colcon_core.package_identification:_identify(python_dev/src) by extension 'cmake'
[0.613s] Level 1:colcon.colcon_core.package_identification:_identify(python_dev/src) by extension 'python'
[0.613s] Level 1:colcon.colcon_core.package_identification:_identify(python_dev/src) by extensions ['python_setup_py']
[0.613s] Level 1:colcon.colcon_core.package_identification:_identify(python_dev/src) by extension 'python_setup_py'
[0.614s] Level 1:colcon.colcon_core.package_identification:_identify(python_dev/src/package_python) by extensions ['ignore', 'ignore_ament_install']
[0.614s] Level 1:colcon.colcon_core.package_identification:_identify(python_dev/src/package_python) by extension 'ignore'
[0.616s] Level 1:colcon.colcon_core.package_identification:_identify(python_dev/src/package_python) by extension 'ignore_ament_install'
[0.616s] Level 1:colcon.colcon_core.package_identification:_identify(python_dev/src/package_python) by extensions ['colcon_pkg']
[0.616s] Level 1:colcon.colcon_core.package_identification:_identify(python_dev/src/package_python) by extension 'colcon_pkg'
[0.616s] Level 1:colcon.colcon_core.package_identification:_identify(python_dev/src/package_python) by extensions ['colcon_meta']
[0.617s] Level 1:colcon.colcon_core.package_identification:_identify(python_dev/src/package_python) by extension 'colcon_meta'
[0.617s] Level 1:colcon.colcon_core.package_identification:_identify(python_dev/src/package_python) by extensions ['ros']
[0.617s] Level 1:colcon.colcon_core.package_identification:_identify(python_dev/src/package_python) by extension 'ros'
[0.622s] DEBUG:colcon.colcon_core.package_identification:Package 'python_dev/src/package_python' with type 'ros.ament_python' and name 'package_python'
[0.623s] Level 1:colcon.colcon_core.package_identification:_identify(realtime_tools) by extensions ['ignore', 'ignore_ament_install']
[0.623s] Level 1:colcon.colcon_core.package_identification:_identify(realtime_tools) by extension 'ignore'
[0.623s] Level 1:colcon.colcon_core.package_identification:_identify(realtime_tools) by extension 'ignore_ament_install'
[0.625s] Level 1:colcon.colcon_core.package_identification:_identify(realtime_tools) by extensions ['colcon_pkg']
[0.625s] Level 1:colcon.colcon_core.package_identification:_identify(realtime_tools) by extension 'colcon_pkg'
[0.625s] Level 1:colcon.colcon_core.package_identification:_identify(realtime_tools) by extensions ['colcon_meta']
[0.625s] Level 1:colcon.colcon_core.package_identification:_identify(realtime_tools) by extension 'colcon_meta'
[0.626s] Level 1:colcon.colcon_core.package_identification:_identify(realtime_tools) by extensions ['ros']
[0.626s] Level 1:colcon.colcon_core.package_identification:_identify(realtime_tools) by extension 'ros'
[0.629s] DEBUG:colcon.colcon_core.package_identification:Package 'realtime_tools' with type 'ros.ament_cmake' and name 'realtime_tools'
[0.629s] Level 1:colcon.colcon_core.package_identification:_identify(ros2_control) by extensions ['ignore', 'ignore_ament_install']
[0.630s] Level 1:colcon.colcon_core.package_identification:_identify(ros2_control) by extension 'ignore'
[0.630s] Level 1:colcon.colcon_core.package_identification:_identify(ros2_control) by extension 'ignore_ament_install'
[0.630s] Level 1:colcon.colcon_core.package_identification:_identify(ros2_control) by extensions ['colcon_pkg']
[0.630s] Level 1:colcon.colcon_core.package_identification:_identify(ros2_control) by extension 'colcon_pkg'
[0.630s] Level 1:colcon.colcon_core.package_identification:_identify(ros2_control) by extensions ['colcon_meta']
[0.630s] Level 1:colcon.colcon_core.package_identification:_identify(ros2_control) by extension 'colcon_meta'
[0.631s] Level 1:colcon.colcon_core.package_identification:_identify(ros2_control) by extensions ['ros']
[0.631s] Level 1:colcon.colcon_core.package_identification:_identify(ros2_control) by extension 'ros'
[0.631s] Level 1:colcon.colcon_core.package_identification:_identify(ros2_control) by extensions ['cmake', 'python']
[0.631s] Level 1:colcon.colcon_core.package_identification:_identify(ros2_control) by extension 'cmake'
[0.631s] Level 1:colcon.colcon_core.package_identification:_identify(ros2_control) by extension 'python'
[0.631s] Level 1:colcon.colcon_core.package_identification:_identify(ros2_control) by extensions ['python_setup_py']
[0.632s] Level 1:colcon.colcon_core.package_identification:_identify(ros2_control) by extension 'python_setup_py'
[0.632s] Level 1:colcon.colcon_core.package_identification:_identify(ros2_control/controller_interface) by extensions ['ignore', 'ignore_ament_install']
[0.633s] Level 1:colcon.colcon_core.package_identification:_identify(ros2_control/controller_interface) by extension 'ignore'
[0.633s] Level 1:colcon.colcon_core.package_identification:_identify(ros2_control/controller_interface) by extension 'ignore_ament_install'
[0.633s] Level 1:colcon.colcon_core.package_identification:_identify(ros2_control/controller_interface) by extensions ['colcon_pkg']
[0.633s] Level 1:colcon.colcon_core.package_identification:_identify(ros2_control/controller_interface) by extension 'colcon_pkg'
[0.633s] Level 1:colcon.colcon_core.package_identification:_identify(ros2_control/controller_interface) by extensions ['colcon_meta']
[0.633s] Level 1:colcon.colcon_core.package_identification:_identify(ros2_control/controller_interface) by extension 'colcon_meta'
[0.633s] Level 1:colcon.colcon_core.package_identification:_identify(ros2_control/controller_interface) by extensions ['ros']
[0.634s] Level 1:colcon.colcon_core.package_identification:_identify(ros2_control/controller_interface) by extension 'ros'
[0.635s] DEBUG:colcon.colcon_core.package_identification:Package 'ros2_control/controller_interface' with type 'ros.ament_cmake' and name 'controller_interface'
[0.636s] Level 1:colcon.colcon_core.package_identification:_identify(ros2_control/controller_manager) by extensions ['ignore', 'ignore_ament_install']
[0.636s] Level 1:colcon.colcon_core.package_identification:_identify(ros2_control/controller_manager) by extension 'ignore'
[0.636s] Level 1:colcon.colcon_core.package_identification:_identify(ros2_control/controller_manager) by extension 'ignore_ament_install'
[0.636s] Level 1:colcon.colcon_core.package_identification:_identify(ros2_control/controller_manager) by extensions ['colcon_pkg']
[0.637s] Level 1:colcon.colcon_core.package_identification:_identify(ros2_control/controller_manager) by extension 'colcon_pkg'
[0.637s] Level 1:colcon.colcon_core.package_identification:_identify(ros2_control/controller_manager) by extensions ['colcon_meta']
[0.637s] Level 1:colcon.colcon_core.package_identification:_identify(ros2_control/controller_manager) by extension 'colcon_meta'
[0.637s] Level 1:colcon.colcon_core.package_identification:_identify(ros2_control/controller_manager) by extensions ['ros']
[0.637s] Level 1:colcon.colcon_core.package_identification:_identify(ros2_control/controller_manager) by extension 'ros'
[0.648s] DEBUG:colcon.colcon_core.package_identification:Package 'ros2_control/controller_manager' with type 'ros.ament_cmake' and name 'controller_manager'
[0.648s] Level 1:colcon.colcon_core.package_identification:_identify(ros2_control/controller_manager_msgs) by extensions ['ignore', 'ignore_ament_install']
[0.649s] Level 1:colcon.colcon_core.package_identification:_identify(ros2_control/controller_manager_msgs) by extension 'ignore'
[0.649s] Level 1:colcon.colcon_core.package_identification:_identify(ros2_control/controller_manager_msgs) by extension 'ignore_ament_install'
[0.649s] Level 1:colcon.colcon_core.package_identification:_identify(ros2_control/controller_manager_msgs) by extensions ['colcon_pkg']
[0.649s] Level 1:colcon.colcon_core.package_identification:_identify(ros2_control/controller_manager_msgs) by extension 'colcon_pkg'
[0.649s] Level 1:colcon.colcon_core.package_identification:_identify(ros2_control/controller_manager_msgs) by extensions ['colcon_meta']
[0.649s] Level 1:colcon.colcon_core.package_identification:_identify(ros2_control/controller_manager_msgs) by extension 'colcon_meta'
[0.649s] Level 1:colcon.colcon_core.package_identification:_identify(ros2_control/controller_manager_msgs) by extensions ['ros']
[0.650s] Level 1:colcon.colcon_core.package_identification:_identify(ros2_control/controller_manager_msgs) by extension 'ros'
[0.652s] DEBUG:colcon.colcon_core.package_identification:Package 'ros2_control/controller_manager_msgs' with type 'ros.ament_cmake' and name 'controller_manager_msgs'
[0.653s] Level 1:colcon.colcon_core.package_identification:_identify(ros2_control/doc) by extensions ['ignore', 'ignore_ament_install']
[0.653s] Level 1:colcon.colcon_core.package_identification:_identify(ros2_control/doc) by extension 'ignore'
[0.653s] Level 1:colcon.colcon_core.package_identification:_identify(ros2_control/doc) by extension 'ignore_ament_install'
[0.653s] Level 1:colcon.colcon_core.package_identification:_identify(ros2_control/doc) by extensions ['colcon_pkg']
[0.654s] Level 1:colcon.colcon_core.package_identification:_identify(ros2_control/doc) by extension 'colcon_pkg'
[0.654s] Level 1:colcon.colcon_core.package_identification:_identify(ros2_control/doc) by extensions ['colcon_meta']
[0.654s] Level 1:colcon.colcon_core.package_identification:_identify(ros2_control/doc) by extension 'colcon_meta'
[0.654s] Level 1:colcon.colcon_core.package_identification:_identify(ros2_control/doc) by extensions ['ros']
[0.654s] Level 1:colcon.colcon_core.package_identification:_identify(ros2_control/doc) by extension 'ros'
[0.654s] Level 1:colcon.colcon_core.package_identification:_identify(ros2_control/doc) by extensions ['cmake', 'python']
[0.654s] Level 1:colcon.colcon_core.package_identification:_identify(ros2_control/doc) by extension 'cmake'
[0.654s] Level 1:colcon.colcon_core.package_identification:_identify(ros2_control/doc) by extension 'python'
[0.655s] Level 1:colcon.colcon_core.package_identification:_identify(ros2_control/doc) by extensions ['python_setup_py']
[0.655s] Level 1:colcon.colcon_core.package_identification:_identify(ros2_control/doc) by extension 'python_setup_py'
[0.655s] Level 1:colcon.colcon_core.package_identification:_identify(ros2_control/hardware_interface) by extensions ['ignore', 'ignore_ament_install']
[0.655s] Level 1:colcon.colcon_core.package_identification:_identify(ros2_control/hardware_interface) by extension 'ignore'
[0.655s] Level 1:colcon.colcon_core.package_identification:_identify(ros2_control/hardware_interface) by extension 'ignore_ament_install'
[0.656s] Level 1:colcon.colcon_core.package_identification:_identify(ros2_control/hardware_interface) by extensions ['colcon_pkg']
[0.656s] Level 1:colcon.colcon_core.package_identification:_identify(ros2_control/hardware_interface) by extension 'colcon_pkg'
[0.656s] Level 1:colcon.colcon_core.package_identification:_identify(ros2_control/hardware_interface) by extensions ['colcon_meta']
[0.656s] Level 1:colcon.colcon_core.package_identification:_identify(ros2_control/hardware_interface) by extension 'colcon_meta'
[0.656s] Level 1:colcon.colcon_core.package_identification:_identify(ros2_control/hardware_interface) by extensions ['ros']
[0.656s] Level 1:colcon.colcon_core.package_identification:_identify(ros2_control/hardware_interface) by extension 'ros'
[0.659s] DEBUG:colcon.colcon_core.package_identification:Package 'ros2_control/hardware_interface' with type 'ros.ament_cmake' and name 'hardware_interface'
[0.660s] Level 1:colcon.colcon_core.package_identification:_identify(ros2_control/joint_limits_interface) by extensions ['ignore', 'ignore_ament_install']
[0.660s] Level 1:colcon.colcon_core.package_identification:_identify(ros2_control/joint_limits_interface) by extension 'ignore'
[0.660s] Level 1:colcon.colcon_core.package_identification:_identify(ros2_control/joint_limits_interface) ignored
[0.661s] Level 1:colcon.colcon_core.package_identification:_identify(ros2_control/ros2_control) by extensions ['ignore', 'ignore_ament_install']
[0.661s] Level 1:colcon.colcon_core.package_identification:_identify(ros2_control/ros2_control) by extension 'ignore'
[0.661s] Level 1:colcon.colcon_core.package_identification:_identify(ros2_control/ros2_control) by extension 'ignore_ament_install'
[0.662s] Level 1:colcon.colcon_core.package_identification:_identify(ros2_control/ros2_control) by extensions ['colcon_pkg']
[0.662s] Level 1:colcon.colcon_core.package_identification:_identify(ros2_control/ros2_control) by extension 'colcon_pkg'
[0.662s] Level 1:colcon.colcon_core.package_identification:_identify(ros2_control/ros2_control) by extensions ['colcon_meta']
[0.662s] Level 1:colcon.colcon_core.package_identification:_identify(ros2_control/ros2_control) by extension 'colcon_meta'
[0.662s] Level 1:colcon.colcon_core.package_identification:_identify(ros2_control/ros2_control) by extensions ['ros']
[0.662s] Level 1:colcon.colcon_core.package_identification:_identify(ros2_control/ros2_control) by extension 'ros'
[0.664s] DEBUG:colcon.colcon_core.package_identification:Package 'ros2_control/ros2_control' with type 'ros.ament_cmake' and name 'ros2_control'
[0.665s] Level 1:colcon.colcon_core.package_identification:_identify(ros2_control/ros2_control_test_assets) by extensions ['ignore', 'ignore_ament_install']
[0.665s] Level 1:colcon.colcon_core.package_identification:_identify(ros2_control/ros2_control_test_assets) by extension 'ignore'
[0.666s] Level 1:colcon.colcon_core.package_identification:_identify(ros2_control/ros2_control_test_assets) by extension 'ignore_ament_install'
[0.666s] Level 1:colcon.colcon_core.package_identification:_identify(ros2_control/ros2_control_test_assets) by extensions ['colcon_pkg']
[0.666s] Level 1:colcon.colcon_core.package_identification:_identify(ros2_control/ros2_control_test_assets) by extension 'colcon_pkg'
[0.666s] Level 1:colcon.colcon_core.package_identification:_identify(ros2_control/ros2_control_test_assets) by extensions ['colcon_meta']
[0.666s] Level 1:colcon.colcon_core.package_identification:_identify(ros2_control/ros2_control_test_assets) by extension 'colcon_meta'
[0.667s] Level 1:colcon.colcon_core.package_identification:_identify(ros2_control/ros2_control_test_assets) by extensions ['ros']
[0.667s] Level 1:colcon.colcon_core.package_identification:_identify(ros2_control/ros2_control_test_assets) by extension 'ros'
[0.669s] DEBUG:colcon.colcon_core.package_identification:Package 'ros2_control/ros2_control_test_assets' with type 'ros.ament_cmake' and name 'ros2_control_test_assets'
[0.669s] Level 1:colcon.colcon_core.package_identification:_identify(ros2_control/ros2controlcli) by extensions ['ignore', 'ignore_ament_install']
[0.670s] Level 1:colcon.colcon_core.package_identification:_identify(ros2_control/ros2controlcli) by extension 'ignore'
[0.670s] Level 1:colcon.colcon_core.package_identification:_identify(ros2_control/ros2controlcli) by extension 'ignore_ament_install'
[0.670s] Level 1:colcon.colcon_core.package_identification:_identify(ros2_control/ros2controlcli) by extensions ['colcon_pkg']
[0.671s] Level 1:colcon.colcon_core.package_identification:_identify(ros2_control/ros2controlcli) by extension 'colcon_pkg'
[0.671s] Level 1:colcon.colcon_core.package_identification:_identify(ros2_control/ros2controlcli) by extensions ['colcon_meta']
[0.671s] Level 1:colcon.colcon_core.package_identification:_identify(ros2_control/ros2controlcli) by extension 'colcon_meta'
[0.671s] Level 1:colcon.colcon_core.package_identification:_identify(ros2_control/ros2controlcli) by extensions ['ros']
[0.671s] Level 1:colcon.colcon_core.package_identification:_identify(ros2_control/ros2controlcli) by extension 'ros'
[0.674s] DEBUG:colcon.colcon_core.package_identification:Package 'ros2_control/ros2controlcli' with type 'ros.ament_python' and name 'ros2controlcli'
[0.675s] Level 1:colcon.colcon_core.package_identification:_identify(ros2_control/transmission_interface) by extensions ['ignore', 'ignore_ament_install']
[0.675s] Level 1:colcon.colcon_core.package_identification:_identify(ros2_control/transmission_interface) by extension 'ignore'
[0.675s] Level 1:colcon.colcon_core.package_identification:_identify(ros2_control/transmission_interface) by extension 'ignore_ament_install'
[0.675s] Level 1:colcon.colcon_core.package_identification:_identify(ros2_control/transmission_interface) by extensions ['colcon_pkg']
[0.675s] Level 1:colcon.colcon_core.package_identification:_identify(ros2_control/transmission_interface) by extension 'colcon_pkg'
[0.675s] Level 1:colcon.colcon_core.package_identification:_identify(ros2_control/transmission_interface) by extensions ['colcon_meta']
[0.676s] Level 1:colcon.colcon_core.package_identification:_identify(ros2_control/transmission_interface) by extension 'colcon_meta'
[0.676s] Level 1:colcon.colcon_core.package_identification:_identify(ros2_control/transmission_interface) by extensions ['ros']
[0.676s] Level 1:colcon.colcon_core.package_identification:_identify(ros2_control/transmission_interface) by extension 'ros'
[0.678s] DEBUG:colcon.colcon_core.package_identification:Package 'ros2_control/transmission_interface' with type 'ros.ament_cmake' and name 'transmission_interface'
[0.678s] Level 1:colcon.colcon_core.package_identification:_identify(ros2_control_demos) by extensions ['ignore', 'ignore_ament_install']
[0.678s] Level 1:colcon.colcon_core.package_identification:_identify(ros2_control_demos) by extension 'ignore'
[0.679s] Level 1:colcon.colcon_core.package_identification:_identify(ros2_control_demos) by extension 'ignore_ament_install'
[0.679s] Level 1:colcon.colcon_core.package_identification:_identify(ros2_control_demos) by extensions ['colcon_pkg']
[0.679s] Level 1:colcon.colcon_core.package_identification:_identify(ros2_control_demos) by extension 'colcon_pkg'
[0.679s] Level 1:colcon.colcon_core.package_identification:_identify(ros2_control_demos) by extensions ['colcon_meta']
[0.679s] Level 1:colcon.colcon_core.package_identification:_identify(ros2_control_demos) by extension 'colcon_meta'
[0.679s] Level 1:colcon.colcon_core.package_identification:_identify(ros2_control_demos) by extensions ['ros']
[0.679s] Level 1:colcon.colcon_core.package_identification:_identify(ros2_control_demos) by extension 'ros'
[0.680s] Level 1:colcon.colcon_core.package_identification:_identify(ros2_control_demos) by extensions ['cmake', 'python']
[0.680s] Level 1:colcon.colcon_core.package_identification:_identify(ros2_control_demos) by extension 'cmake'
[0.680s] Level 1:colcon.colcon_core.package_identification:_identify(ros2_control_demos) by extension 'python'
[0.680s] Level 1:colcon.colcon_core.package_identification:_identify(ros2_control_demos) by extensions ['python_setup_py']
[0.680s] Level 1:colcon.colcon_core.package_identification:_identify(ros2_control_demos) by extension 'python_setup_py'
[0.680s] Level 1:colcon.colcon_core.package_identification:_identify(ros2_control_demos/build) by extensions ['ignore', 'ignore_ament_install']
[0.681s] Level 1:colcon.colcon_core.package_identification:_identify(ros2_control_demos/build) by extension 'ignore'
[0.681s] Level 1:colcon.colcon_core.package_identification:_identify(ros2_control_demos/build) ignored
[0.681s] Level 1:colcon.colcon_core.package_identification:_identify(ros2_control_demos/doc) by extensions ['ignore', 'ignore_ament_install']
[0.681s] Level 1:colcon.colcon_core.package_identification:_identify(ros2_control_demos/doc) by extension 'ignore'
[0.681s] Level 1:colcon.colcon_core.package_identification:_identify(ros2_control_demos/doc) by extension 'ignore_ament_install'
[0.682s] Level 1:colcon.colcon_core.package_identification:_identify(ros2_control_demos/doc) by extensions ['colcon_pkg']
[0.682s] Level 1:colcon.colcon_core.package_identification:_identify(ros2_control_demos/doc) by extension 'colcon_pkg'
[0.682s] Level 1:colcon.colcon_core.package_identification:_identify(ros2_control_demos/doc) by extensions ['colcon_meta']
[0.682s] Level 1:colcon.colcon_core.package_identification:_identify(ros2_control_demos/doc) by extension 'colcon_meta'
[0.682s] Level 1:colcon.colcon_core.package_identification:_identify(ros2_control_demos/doc) by extensions ['ros']
[0.683s] Level 1:colcon.colcon_core.package_identification:_identify(ros2_control_demos/doc) by extension 'ros'
[0.683s] Level 1:colcon.colcon_core.package_identification:_identify(ros2_control_demos/doc) by extensions ['cmake', 'python']
[0.683s] Level 1:colcon.colcon_core.package_identification:_identify(ros2_control_demos/doc) by extension 'cmake'
[0.683s] Level 1:colcon.colcon_core.package_identification:_identify(ros2_control_demos/doc) by extension 'python'
[0.683s] Level 1:colcon.colcon_core.package_identification:_identify(ros2_control_demos/doc) by extensions ['python_setup_py']
[0.684s] Level 1:colcon.colcon_core.package_identification:_identify(ros2_control_demos/doc) by extension 'python_setup_py'
[0.684s] Level 1:colcon.colcon_core.package_identification:_identify(ros2_control_demos/install) by extensions ['ignore', 'ignore_ament_install']
[0.684s] Level 1:colcon.colcon_core.package_identification:_identify(ros2_control_demos/install) by extension 'ignore'
[0.684s] Level 1:colcon.colcon_core.package_identification:_identify(ros2_control_demos/install) ignored
[0.685s] Level 1:colcon.colcon_core.package_identification:_identify(ros2_control_demos/log) by extensions ['ignore', 'ignore_ament_install']
[0.685s] Level 1:colcon.colcon_core.package_identification:_identify(ros2_control_demos/log) by extension 'ignore'
[0.685s] Level 1:colcon.colcon_core.package_identification:_identify(ros2_control_demos/log) ignored
[0.685s] Level 1:colcon.colcon_core.package_identification:_identify(ros2_control_demos/ros2_control_demo_bringup) by extensions ['ignore', 'ignore_ament_install']
[0.685s] Level 1:colcon.colcon_core.package_identification:_identify(ros2_control_demos/ros2_control_demo_bringup) by extension 'ignore'
[0.686s] Level 1:colcon.colcon_core.package_identification:_identify(ros2_control_demos/ros2_control_demo_bringup) by extension 'ignore_ament_install'
[0.686s] Level 1:colcon.colcon_core.package_identification:_identify(ros2_control_demos/ros2_control_demo_bringup) by extensions ['colcon_pkg']
[0.686s] Level 1:colcon.colcon_core.package_identification:_identify(ros2_control_demos/ros2_control_demo_bringup) by extension 'colcon_pkg'
[0.686s] Level 1:colcon.colcon_core.package_identification:_identify(ros2_control_demos/ros2_control_demo_bringup) by extensions ['colcon_meta']
[0.686s] Level 1:colcon.colcon_core.package_identification:_identify(ros2_control_demos/ros2_control_demo_bringup) by extension 'colcon_meta'
[0.686s] Level 1:colcon.colcon_core.package_identification:_identify(ros2_control_demos/ros2_control_demo_bringup) by extensions ['ros']
[0.686s] Level 1:colcon.colcon_core.package_identification:_identify(ros2_control_demos/ros2_control_demo_bringup) by extension 'ros'
[0.688s] DEBUG:colcon.colcon_core.package_identification:Package 'ros2_control_demos/ros2_control_demo_bringup' with type 'ros.ament_cmake' and name 'ros2_control_demo_bringup'
[0.688s] Level 1:colcon.colcon_core.package_identification:_identify(ros2_control_demos/ros2_control_demo_description) by extensions ['ignore', 'ignore_ament_install']
[0.689s] Level 1:colcon.colcon_core.package_identification:_identify(ros2_control_demos/ros2_control_demo_description) by extension 'ignore'
[0.689s] Level 1:colcon.colcon_core.package_identification:_identify(ros2_control_demos/ros2_control_demo_description) by extension 'ignore_ament_install'
[0.689s] Level 1:colcon.colcon_core.package_identification:_identify(ros2_control_demos/ros2_control_demo_description) by extensions ['colcon_pkg']
[0.689s] Level 1:colcon.colcon_core.package_identification:_identify(ros2_control_demos/ros2_control_demo_description) by extension 'colcon_pkg'
[0.689s] Level 1:colcon.colcon_core.package_identification:_identify(ros2_control_demos/ros2_control_demo_description) by extensions ['colcon_meta']
[0.689s] Level 1:colcon.colcon_core.package_identification:_identify(ros2_control_demos/ros2_control_demo_description) by extension 'colcon_meta'
[0.689s] Level 1:colcon.colcon_core.package_identification:_identify(ros2_control_demos/ros2_control_demo_description) by extensions ['ros']
[0.689s] Level 1:colcon.colcon_core.package_identification:_identify(ros2_control_demos/ros2_control_demo_description) by extension 'ros'
[0.690s] Level 1:colcon.colcon_core.package_identification:_identify(ros2_control_demos/ros2_control_demo_description) by extensions ['cmake', 'python']
[0.690s] Level 1:colcon.colcon_core.package_identification:_identify(ros2_control_demos/ros2_control_demo_description) by extension 'cmake'
[0.690s] Level 1:colcon.colcon_core.package_identification:_identify(ros2_control_demos/ros2_control_demo_description) by extension 'python'
[0.690s] Level 1:colcon.colcon_core.package_identification:_identify(ros2_control_demos/ros2_control_demo_description) by extensions ['python_setup_py']
[0.690s] Level 1:colcon.colcon_core.package_identification:_identify(ros2_control_demos/ros2_control_demo_description) by extension 'python_setup_py'
[0.691s] Level 1:colcon.colcon_core.package_identification:_identify(ros2_control_demos/ros2_control_demo_description/diffbot_description) by extensions ['ignore', 'ignore_ament_install']
[0.691s] Level 1:colcon.colcon_core.package_identification:_identify(ros2_control_demos/ros2_control_demo_description/diffbot_description) by extension 'ignore'
[0.691s] Level 1:colcon.colcon_core.package_identification:_identify(ros2_control_demos/ros2_control_demo_description/diffbot_description) by extension 'ignore_ament_install'
[0.691s] Level 1:colcon.colcon_core.package_identification:_identify(ros2_control_demos/ros2_control_demo_description/diffbot_description) by extensions ['colcon_pkg']
[0.691s] Level 1:colcon.colcon_core.package_identification:_identify(ros2_control_demos/ros2_control_demo_description/diffbot_description) by extension 'colcon_pkg'
[0.692s] Level 1:colcon.colcon_core.package_identification:_identify(ros2_control_demos/ros2_control_demo_description/diffbot_description) by extensions ['colcon_meta']
[0.692s] Level 1:colcon.colcon_core.package_identification:_identify(ros2_control_demos/ros2_control_demo_description/diffbot_description) by extension 'colcon_meta'
[0.692s] Level 1:colcon.colcon_core.package_identification:_identify(ros2_control_demos/ros2_control_demo_description/diffbot_description) by extensions ['ros']
[0.692s] Level 1:colcon.colcon_core.package_identification:_identify(ros2_control_demos/ros2_control_demo_description/diffbot_description) by extension 'ros'
[0.693s] DEBUG:colcon.colcon_core.package_identification:Package 'ros2_control_demos/ros2_control_demo_description/diffbot_description' with type 'ros.ament_cmake' and name 'diffbot_description'
[0.693s] Level 1:colcon.colcon_core.package_identification:_identify(ros2_control_demos/ros2_control_demo_description/rrbot_description) by extensions ['ignore', 'ignore_ament_install']
[0.694s] Level 1:colcon.colcon_core.package_identification:_identify(ros2_control_demos/ros2_control_demo_description/rrbot_description) by extension 'ignore'
[0.694s] Level 1:colcon.colcon_core.package_identification:_identify(ros2_control_demos/ros2_control_demo_description/rrbot_description) by extension 'ignore_ament_install'
[0.694s] Level 1:colcon.colcon_core.package_identification:_identify(ros2_control_demos/ros2_control_demo_description/rrbot_description) by extensions ['colcon_pkg']
[0.694s] Level 1:colcon.colcon_core.package_identification:_identify(ros2_control_demos/ros2_control_demo_description/rrbot_description) by extension 'colcon_pkg'
[0.694s] Level 1:colcon.colcon_core.package_identification:_identify(ros2_control_demos/ros2_control_demo_description/rrbot_description) by extensions ['colcon_meta']
[0.694s] Level 1:colcon.colcon_core.package_identification:_identify(ros2_control_demos/ros2_control_demo_description/rrbot_description) by extension 'colcon_meta'
[0.694s] Level 1:colcon.colcon_core.package_identification:_identify(ros2_control_demos/ros2_control_demo_description/rrbot_description) by extensions ['ros']
[0.695s] Level 1:colcon.colcon_core.package_identification:_identify(ros2_control_demos/ros2_control_demo_description/rrbot_description) by extension 'ros'
[0.696s] DEBUG:colcon.colcon_core.package_identification:Package 'ros2_control_demos/ros2_control_demo_description/rrbot_description' with type 'ros.ament_cmake' and name 'rrbot_description'
[0.696s] Level 1:colcon.colcon_core.package_identification:_identify(ros2_control_demos/ros2_control_demo_hardware) by extensions ['ignore', 'ignore_ament_install']
[0.696s] Level 1:colcon.colcon_core.package_identification:_identify(ros2_control_demos/ros2_control_demo_hardware) by extension 'ignore'
[0.697s] Level 1:colcon.colcon_core.package_identification:_identify(ros2_control_demos/ros2_control_demo_hardware) by extension 'ignore_ament_install'
[0.697s] Level 1:colcon.colcon_core.package_identification:_identify(ros2_control_demos/ros2_control_demo_hardware) by extensions ['colcon_pkg']
[0.697s] Level 1:colcon.colcon_core.package_identification:_identify(ros2_control_demos/ros2_control_demo_hardware) by extension 'colcon_pkg'
[0.697s] Level 1:colcon.colcon_core.package_identification:_identify(ros2_control_demos/ros2_control_demo_hardware) by extensions ['colcon_meta']
[0.697s] Level 1:colcon.colcon_core.package_identification:_identify(ros2_control_demos/ros2_control_demo_hardware) by extension 'colcon_meta'
[0.697s] Level 1:colcon.colcon_core.package_identification:_identify(ros2_control_demos/ros2_control_demo_hardware) by extensions ['ros']
[0.697s] Level 1:colcon.colcon_core.package_identification:_identify(ros2_control_demos/ros2_control_demo_hardware) by extension 'ros'
[0.700s] DEBUG:colcon.colcon_core.package_identification:Package 'ros2_control_demos/ros2_control_demo_hardware' with type 'ros.ament_cmake' and name 'ros2_control_demo_hardware'
[0.701s] Level 1:colcon.colcon_core.package_identification:_identify(ros2_control_demos/ros2_control_demos) by extensions ['ignore', 'ignore_ament_install']
[0.701s] Level 1:colcon.colcon_core.package_identification:_identify(ros2_control_demos/ros2_control_demos) by extension 'ignore'
[0.701s] Level 1:colcon.colcon_core.package_identification:_identify(ros2_control_demos/ros2_control_demos) by extension 'ignore_ament_install'
[0.701s] Level 1:colcon.colcon_core.package_identification:_identify(ros2_control_demos/ros2_control_demos) by extensions ['colcon_pkg']
[0.701s] Level 1:colcon.colcon_core.package_identification:_identify(ros2_control_demos/ros2_control_demos) by extension 'colcon_pkg'
[0.702s] Level 1:colcon.colcon_core.package_identification:_identify(ros2_control_demos/ros2_control_demos) by extensions ['colcon_meta']
[0.702s] Level 1:colcon.colcon_core.package_identification:_identify(ros2_control_demos/ros2_control_demos) by extension 'colcon_meta'
[0.702s] Level 1:colcon.colcon_core.package_identification:_identify(ros2_control_demos/ros2_control_demos) by extensions ['ros']
[0.702s] Level 1:colcon.colcon_core.package_identification:_identify(ros2_control_demos/ros2_control_demos) by extension 'ros'
[0.703s] DEBUG:colcon.colcon_core.package_identification:Package 'ros2_control_demos/ros2_control_demos' with type 'ros.ament_cmake' and name 'ros2_control_demos'
[0.704s] Level 1:colcon.colcon_core.package_identification:_identify(ros2_control_demos/ros2_control_test_nodes) by extensions ['ignore', 'ignore_ament_install']
[0.704s] Level 1:colcon.colcon_core.package_identification:_identify(ros2_control_demos/ros2_control_test_nodes) by extension 'ignore'
[0.704s] Level 1:colcon.colcon_core.package_identification:_identify(ros2_control_demos/ros2_control_test_nodes) by extension 'ignore_ament_install'
[0.704s] Level 1:colcon.colcon_core.package_identification:_identify(ros2_control_demos/ros2_control_test_nodes) by extensions ['colcon_pkg']
[0.704s] Level 1:colcon.colcon_core.package_identification:_identify(ros2_control_demos/ros2_control_test_nodes) by extension 'colcon_pkg'
[0.704s] Level 1:colcon.colcon_core.package_identification:_identify(ros2_control_demos/ros2_control_test_nodes) by extensions ['colcon_meta']
[0.705s] Level 1:colcon.colcon_core.package_identification:_identify(ros2_control_demos/ros2_control_test_nodes) by extension 'colcon_meta'
[0.705s] Level 1:colcon.colcon_core.package_identification:_identify(ros2_control_demos/ros2_control_test_nodes) by extensions ['ros']
[0.705s] Level 1:colcon.colcon_core.package_identification:_identify(ros2_control_demos/ros2_control_test_nodes) by extension 'ros'
[0.707s] DEBUG:colcon.colcon_core.package_identification:Package 'ros2_control_demos/ros2_control_test_nodes' with type 'ros.ament_python' and name 'ros2_control_test_nodes'
[0.707s] Level 1:colcon.colcon_core.package_identification:_identify(ros2_controllers) by extensions ['ignore', 'ignore_ament_install']
[0.708s] Level 1:colcon.colcon_core.package_identification:_identify(ros2_controllers) by extension 'ignore'
[0.708s] Level 1:colcon.colcon_core.package_identification:_identify(ros2_controllers) by extension 'ignore_ament_install'
[0.708s] Level 1:colcon.colcon_core.package_identification:_identify(ros2_controllers) by extensions ['colcon_pkg']
[0.708s] Level 1:colcon.colcon_core.package_identification:_identify(ros2_controllers) by extension 'colcon_pkg'
[0.708s] Level 1:colcon.colcon_core.package_identification:_identify(ros2_controllers) by extensions ['colcon_meta']
[0.708s] Level 1:colcon.colcon_core.package_identification:_identify(ros2_controllers) by extension 'colcon_meta'
[0.708s] Level 1:colcon.colcon_core.package_identification:_identify(ros2_controllers) by extensions ['ros']
[0.708s] Level 1:colcon.colcon_core.package_identification:_identify(ros2_controllers) by extension 'ros'
[0.708s] Level 1:colcon.colcon_core.package_identification:_identify(ros2_controllers) by extensions ['cmake', 'python']
[0.709s] Level 1:colcon.colcon_core.package_identification:_identify(ros2_controllers) by extension 'cmake'
[0.709s] Level 1:colcon.colcon_core.package_identification:_identify(ros2_controllers) by extension 'python'
[0.709s] Level 1:colcon.colcon_core.package_identification:_identify(ros2_controllers) by extensions ['python_setup_py']
[0.709s] Level 1:colcon.colcon_core.package_identification:_identify(ros2_controllers) by extension 'python_setup_py'
[0.709s] Level 1:colcon.colcon_core.package_identification:_identify(ros2_controllers/diff_drive_controller) by extensions ['ignore', 'ignore_ament_install']
[0.709s] Level 1:colcon.colcon_core.package_identification:_identify(ros2_controllers/diff_drive_controller) by extension 'ignore'
[0.709s] Level 1:colcon.colcon_core.package_identification:_identify(ros2_controllers/diff_drive_controller) by extension 'ignore_ament_install'
[0.710s] Level 1:colcon.colcon_core.package_identification:_identify(ros2_controllers/diff_drive_controller) by extensions ['colcon_pkg']
[0.710s] Level 1:colcon.colcon_core.package_identification:_identify(ros2_controllers/diff_drive_controller) by extension 'colcon_pkg'
[0.710s] Level 1:colcon.colcon_core.package_identification:_identify(ros2_controllers/diff_drive_controller) by extensions ['colcon_meta']
[0.710s] Level 1:colcon.colcon_core.package_identification:_identify(ros2_controllers/diff_drive_controller) by extension 'colcon_meta'
[0.710s] Level 1:colcon.colcon_core.package_identification:_identify(ros2_controllers/diff_drive_controller) by extensions ['ros']
[0.710s] Level 1:colcon.colcon_core.package_identification:_identify(ros2_controllers/diff_drive_controller) by extension 'ros'
[0.713s] DEBUG:colcon.colcon_core.package_identification:Package 'ros2_controllers/diff_drive_controller' with type 'ros.ament_cmake' and name 'diff_drive_controller'
[0.714s] Level 1:colcon.colcon_core.package_identification:_identify(ros2_controllers/doc) by extensions ['ignore', 'ignore_ament_install']
[0.714s] Level 1:colcon.colcon_core.package_identification:_identify(ros2_controllers/doc) by extension 'ignore'
[0.714s] Level 1:colcon.colcon_core.package_identification:_identify(ros2_controllers/doc) by extension 'ignore_ament_install'
[0.714s] Level 1:colcon.colcon_core.package_identification:_identify(ros2_controllers/doc) by extensions ['colcon_pkg']
[0.714s] Level 1:colcon.colcon_core.package_identification:_identify(ros2_controllers/doc) by extension 'colcon_pkg'
[0.715s] Level 1:colcon.colcon_core.package_identification:_identify(ros2_controllers/doc) by extensions ['colcon_meta']
[0.715s] Level 1:colcon.colcon_core.package_identification:_identify(ros2_controllers/doc) by extension 'colcon_meta'
[0.715s] Level 1:colcon.colcon_core.package_identification:_identify(ros2_controllers/doc) by extensions ['ros']
[0.715s] Level 1:colcon.colcon_core.package_identification:_identify(ros2_controllers/doc) by extension 'ros'
[0.716s] Level 1:colcon.colcon_core.package_identification:_identify(ros2_controllers/doc) by extensions ['cmake', 'python']
[0.716s] Level 1:colcon.colcon_core.package_identification:_identify(ros2_controllers/doc) by extension 'cmake'
[0.717s] Level 1:colcon.colcon_core.package_identification:_identify(ros2_controllers/doc) by extension 'python'
[0.717s] Level 1:colcon.colcon_core.package_identification:_identify(ros2_controllers/doc) by extensions ['python_setup_py']
[0.718s] Level 1:colcon.colcon_core.package_identification:_identify(ros2_controllers/doc) by extension 'python_setup_py'
[0.718s] Level 1:colcon.colcon_core.package_identification:_identify(ros2_controllers/effort_controllers) by extensions ['ignore', 'ignore_ament_install']
[0.718s] Level 1:colcon.colcon_core.package_identification:_identify(ros2_controllers/effort_controllers) by extension 'ignore'
[0.718s] Level 1:colcon.colcon_core.package_identification:_identify(ros2_controllers/effort_controllers) by extension 'ignore_ament_install'
[0.718s] Level 1:colcon.colcon_core.package_identification:_identify(ros2_controllers/effort_controllers) by extensions ['colcon_pkg']
[0.719s] Level 1:colcon.colcon_core.package_identification:_identify(ros2_controllers/effort_controllers) by extension 'colcon_pkg'
[0.719s] Level 1:colcon.colcon_core.package_identification:_identify(ros2_controllers/effort_controllers) by extensions ['colcon_meta']
[0.719s] Level 1:colcon.colcon_core.package_identification:_identify(ros2_controllers/effort_controllers) by extension 'colcon_meta'
[0.719s] Level 1:colcon.colcon_core.package_identification:_identify(ros2_controllers/effort_controllers) by extensions ['ros']
[0.719s] Level 1:colcon.colcon_core.package_identification:_identify(ros2_controllers/effort_controllers) by extension 'ros'
[0.724s] DEBUG:colcon.colcon_core.package_identification:Package 'ros2_controllers/effort_controllers' with type 'ros.ament_cmake' and name 'effort_controllers'
[0.725s] Level 1:colcon.colcon_core.package_identification:_identify(ros2_controllers/force_torque_sensor_broadcaster) by extensions ['ignore', 'ignore_ament_install']
[0.725s] Level 1:colcon.colcon_core.package_identification:_identify(ros2_controllers/force_torque_sensor_broadcaster) by extension 'ignore'
[0.725s] Level 1:colcon.colcon_core.package_identification:_identify(ros2_controllers/force_torque_sensor_broadcaster) by extension 'ignore_ament_install'
[0.725s] Level 1:colcon.colcon_core.package_identification:_identify(ros2_controllers/force_torque_sensor_broadcaster) by extensions ['colcon_pkg']
[0.725s] Level 1:colcon.colcon_core.package_identification:_identify(ros2_controllers/force_torque_sensor_broadcaster) by extension 'colcon_pkg'
[0.726s] Level 1:colcon.colcon_core.package_identification:_identify(ros2_controllers/force_torque_sensor_broadcaster) by extensions ['colcon_meta']
[0.726s] Level 1:colcon.colcon_core.package_identification:_identify(ros2_controllers/force_torque_sensor_broadcaster) by extension 'colcon_meta'
[0.726s] Level 1:colcon.colcon_core.package_identification:_identify(ros2_controllers/force_torque_sensor_broadcaster) by extensions ['ros']
[0.726s] Level 1:colcon.colcon_core.package_identification:_identify(ros2_controllers/force_torque_sensor_broadcaster) by extension 'ros'
[0.729s] DEBUG:colcon.colcon_core.package_identification:Package 'ros2_controllers/force_torque_sensor_broadcaster' with type 'ros.ament_cmake' and name 'force_torque_sensor_broadcaster'
[0.729s] Level 1:colcon.colcon_core.package_identification:_identify(ros2_controllers/forward_command_controller) by extensions ['ignore', 'ignore_ament_install']
[0.729s] Level 1:colcon.colcon_core.package_identification:_identify(ros2_controllers/forward_command_controller) by extension 'ignore'
[0.729s] Level 1:colcon.colcon_core.package_identification:_identify(ros2_controllers/forward_command_controller) by extension 'ignore_ament_install'
[0.729s] Level 1:colcon.colcon_core.package_identification:_identify(ros2_controllers/forward_command_controller) by extensions ['colcon_pkg']
[0.730s] Level 1:colcon.colcon_core.package_identification:_identify(ros2_controllers/forward_command_controller) by extension 'colcon_pkg'
[0.730s] Level 1:colcon.colcon_core.package_identification:_identify(ros2_controllers/forward_command_controller) by extensions ['colcon_meta']
[0.730s] Level 1:colcon.colcon_core.package_identification:_identify(ros2_controllers/forward_command_controller) by extension 'colcon_meta'
[0.730s] Level 1:colcon.colcon_core.package_identification:_identify(ros2_controllers/forward_command_controller) by extensions ['ros']
[0.730s] Level 1:colcon.colcon_core.package_identification:_identify(ros2_controllers/forward_command_controller) by extension 'ros'
[0.733s] DEBUG:colcon.colcon_core.package_identification:Package 'ros2_controllers/forward_command_controller' with type 'ros.ament_cmake' and name 'forward_command_controller'
[0.733s] Level 1:colcon.colcon_core.package_identification:_identify(ros2_controllers/gripper_controllers) by extensions ['ignore', 'ignore_ament_install']
[0.733s] Level 1:colcon.colcon_core.package_identification:_identify(ros2_controllers/gripper_controllers) by extension 'ignore'
[0.733s] Level 1:colcon.colcon_core.package_identification:_identify(ros2_controllers/gripper_controllers) by extension 'ignore_ament_install'
[0.734s] Level 1:colcon.colcon_core.package_identification:_identify(ros2_controllers/gripper_controllers) by extensions ['colcon_pkg']
[0.734s] Level 1:colcon.colcon_core.package_identification:_identify(ros2_controllers/gripper_controllers) by extension 'colcon_pkg'
[0.734s] Level 1:colcon.colcon_core.package_identification:_identify(ros2_controllers/gripper_controllers) by extensions ['colcon_meta']
[0.734s] Level 1:colcon.colcon_core.package_identification:_identify(ros2_controllers/gripper_controllers) by extension 'colcon_meta'
[0.734s] Level 1:colcon.colcon_core.package_identification:_identify(ros2_controllers/gripper_controllers) by extensions ['ros']
[0.734s] Level 1:colcon.colcon_core.package_identification:_identify(ros2_controllers/gripper_controllers) by extension 'ros'
[0.737s] DEBUG:colcon.colcon_core.package_identification:Package 'ros2_controllers/gripper_controllers' with type 'ros.ament_cmake' and name 'gripper_controllers'
[0.737s] Level 1:colcon.colcon_core.package_identification:_identify(ros2_controllers/imu_sensor_broadcaster) by extensions ['ignore', 'ignore_ament_install']
[0.765s] Level 1:colcon.colcon_core.package_identification:_identify(ros2_controllers/imu_sensor_broadcaster) by extension 'ignore'
[0.765s] Level 1:colcon.colcon_core.package_identification:_identify(ros2_controllers/imu_sensor_broadcaster) by extension 'ignore_ament_install'
[0.765s] Level 1:colcon.colcon_core.package_identification:_identify(ros2_controllers/imu_sensor_broadcaster) by extensions ['colcon_pkg']
[0.765s] Level 1:colcon.colcon_core.package_identification:_identify(ros2_controllers/imu_sensor_broadcaster) by extension 'colcon_pkg'
[0.765s] Level 1:colcon.colcon_core.package_identification:_identify(ros2_controllers/imu_sensor_broadcaster) by extensions ['colcon_meta']
[0.765s] Level 1:colcon.colcon_core.package_identification:_identify(ros2_controllers/imu_sensor_broadcaster) by extension 'colcon_meta'
[0.766s] Level 1:colcon.colcon_core.package_identification:_identify(ros2_controllers/imu_sensor_broadcaster) by extensions ['ros']
[0.766s] Level 1:colcon.colcon_core.package_identification:_identify(ros2_controllers/imu_sensor_broadcaster) by extension 'ros'
[0.768s] DEBUG:colcon.colcon_core.package_identification:Package 'ros2_controllers/imu_sensor_broadcaster' with type 'ros.ament_cmake' and name 'imu_sensor_broadcaster'
[0.769s] Level 1:colcon.colcon_core.package_identification:_identify(ros2_controllers/joint_state_broadcaster) by extensions ['ignore', 'ignore_ament_install']
[0.769s] Level 1:colcon.colcon_core.package_identification:_identify(ros2_controllers/joint_state_broadcaster) by extension 'ignore'
[0.769s] Level 1:colcon.colcon_core.package_identification:_identify(ros2_controllers/joint_state_broadcaster) by extension 'ignore_ament_install'
[0.769s] Level 1:colcon.colcon_core.package_identification:_identify(ros2_controllers/joint_state_broadcaster) by extensions ['colcon_pkg']
[0.769s] Level 1:colcon.colcon_core.package_identification:_identify(ros2_controllers/joint_state_broadcaster) by extension 'colcon_pkg'
[0.769s] Level 1:colcon.colcon_core.package_identification:_identify(ros2_controllers/joint_state_broadcaster) by extensions ['colcon_meta']
[0.769s] Level 1:colcon.colcon_core.package_identification:_identify(ros2_controllers/joint_state_broadcaster) by extension 'colcon_meta'
[0.770s] Level 1:colcon.colcon_core.package_identification:_identify(ros2_controllers/joint_state_broadcaster) by extensions ['ros']
[0.770s] Level 1:colcon.colcon_core.package_identification:_identify(ros2_controllers/joint_state_broadcaster) by extension 'ros'
[0.772s] DEBUG:colcon.colcon_core.package_identification:Package 'ros2_controllers/joint_state_broadcaster' with type 'ros.ament_cmake' and name 'joint_state_broadcaster'
[0.772s] Level 1:colcon.colcon_core.package_identification:_identify(ros2_controllers/joint_state_controller) by extensions ['ignore', 'ignore_ament_install']
[0.773s] Level 1:colcon.colcon_core.package_identification:_identify(ros2_controllers/joint_state_controller) by extension 'ignore'
[0.774s] Level 1:colcon.colcon_core.package_identification:_identify(ros2_controllers/joint_state_controller) by extension 'ignore_ament_install'
[0.774s] Level 1:colcon.colcon_core.package_identification:_identify(ros2_controllers/joint_state_controller) by extensions ['colcon_pkg']
[0.774s] Level 1:colcon.colcon_core.package_identification:_identify(ros2_controllers/joint_state_controller) by extension 'colcon_pkg'
[0.775s] Level 1:colcon.colcon_core.package_identification:_identify(ros2_controllers/joint_state_controller) by extensions ['colcon_meta']
[0.775s] Level 1:colcon.colcon_core.package_identification:_identify(ros2_controllers/joint_state_controller) by extension 'colcon_meta'
[0.775s] Level 1:colcon.colcon_core.package_identification:_identify(ros2_controllers/joint_state_controller) by extensions ['ros']
[0.775s] Level 1:colcon.colcon_core.package_identification:_identify(ros2_controllers/joint_state_controller) by extension 'ros'
[0.777s] DEBUG:colcon.colcon_core.package_identification:Package 'ros2_controllers/joint_state_controller' with type 'ros.ament_cmake' and name 'joint_state_controller'
[0.778s] Level 1:colcon.colcon_core.package_identification:_identify(ros2_controllers/joint_trajectory_controller) by extensions ['ignore', 'ignore_ament_install']
[0.778s] Level 1:colcon.colcon_core.package_identification:_identify(ros2_controllers/joint_trajectory_controller) by extension 'ignore'
[0.778s] Level 1:colcon.colcon_core.package_identification:_identify(ros2_controllers/joint_trajectory_controller) by extension 'ignore_ament_install'
[0.779s] Level 1:colcon.colcon_core.package_identification:_identify(ros2_controllers/joint_trajectory_controller) by extensions ['colcon_pkg']
[0.779s] Level 1:colcon.colcon_core.package_identification:_identify(ros2_controllers/joint_trajectory_controller) by extension 'colcon_pkg'
[0.779s] Level 1:colcon.colcon_core.package_identification:_identify(ros2_controllers/joint_trajectory_controller) by extensions ['colcon_meta']
[0.779s] Level 1:colcon.colcon_core.package_identification:_identify(ros2_controllers/joint_trajectory_controller) by extension 'colcon_meta'
[0.779s] Level 1:colcon.colcon_core.package_identification:_identify(ros2_controllers/joint_trajectory_controller) by extensions ['ros']
[0.779s] Level 1:colcon.colcon_core.package_identification:_identify(ros2_controllers/joint_trajectory_controller) by extension 'ros'
[0.782s] DEBUG:colcon.colcon_core.package_identification:Package 'ros2_controllers/joint_trajectory_controller' with type 'ros.ament_cmake' and name 'joint_trajectory_controller'
[0.783s] Level 1:colcon.colcon_core.package_identification:_identify(ros2_controllers/position_controllers) by extensions ['ignore', 'ignore_ament_install']
[0.783s] Level 1:colcon.colcon_core.package_identification:_identify(ros2_controllers/position_controllers) by extension 'ignore'
[0.783s] Level 1:colcon.colcon_core.package_identification:_identify(ros2_controllers/position_controllers) by extension 'ignore_ament_install'
[0.784s] Level 1:colcon.colcon_core.package_identification:_identify(ros2_controllers/position_controllers) by extensions ['colcon_pkg']
[0.784s] Level 1:colcon.colcon_core.package_identification:_identify(ros2_controllers/position_controllers) by extension 'colcon_pkg'
[0.784s] Level 1:colcon.colcon_core.package_identification:_identify(ros2_controllers/position_controllers) by extensions ['colcon_meta']
[0.784s] Level 1:colcon.colcon_core.package_identification:_identify(ros2_controllers/position_controllers) by extension 'colcon_meta'
[0.784s] Level 1:colcon.colcon_core.package_identification:_identify(ros2_controllers/position_controllers) by extensions ['ros']
[0.784s] Level 1:colcon.colcon_core.package_identification:_identify(ros2_controllers/position_controllers) by extension 'ros'
[0.786s] DEBUG:colcon.colcon_core.package_identification:Package 'ros2_controllers/position_controllers' with type 'ros.ament_cmake' and name 'position_controllers'
[0.786s] Level 1:colcon.colcon_core.package_identification:_identify(ros2_controllers/ros2_controllers) by extensions ['ignore', 'ignore_ament_install']
[0.787s] Level 1:colcon.colcon_core.package_identification:_identify(ros2_controllers/ros2_controllers) by extension 'ignore'
[0.787s] Level 1:colcon.colcon_core.package_identification:_identify(ros2_controllers/ros2_controllers) by extension 'ignore_ament_install'
[0.788s] Level 1:colcon.colcon_core.package_identification:_identify(ros2_controllers/ros2_controllers) by extensions ['colcon_pkg']
[0.788s] Level 1:colcon.colcon_core.package_identification:_identify(ros2_controllers/ros2_controllers) by extension 'colcon_pkg'
[0.788s] Level 1:colcon.colcon_core.package_identification:_identify(ros2_controllers/ros2_controllers) by extensions ['colcon_meta']
[0.788s] Level 1:colcon.colcon_core.package_identification:_identify(ros2_controllers/ros2_controllers) by extension 'colcon_meta'
[0.788s] Level 1:colcon.colcon_core.package_identification:_identify(ros2_controllers/ros2_controllers) by extensions ['ros']
[0.788s] Level 1:colcon.colcon_core.package_identification:_identify(ros2_controllers/ros2_controllers) by extension 'ros'
[0.790s] DEBUG:colcon.colcon_core.package_identification:Package 'ros2_controllers/ros2_controllers' with type 'ros.ament_cmake' and name 'ros2_controllers'
[0.791s] Level 1:colcon.colcon_core.package_identification:_identify(ros2_controllers/velocity_controllers) by extensions ['ignore', 'ignore_ament_install']
[0.791s] Level 1:colcon.colcon_core.package_identification:_identify(ros2_controllers/velocity_controllers) by extension 'ignore'
[0.791s] Level 1:colcon.colcon_core.package_identification:_identify(ros2_controllers/velocity_controllers) by extension 'ignore_ament_install'
[0.791s] Level 1:colcon.colcon_core.package_identification:_identify(ros2_controllers/velocity_controllers) by extensions ['colcon_pkg']
[0.791s] Level 1:colcon.colcon_core.package_identification:_identify(ros2_controllers/velocity_controllers) by extension 'colcon_pkg'
[0.792s] Level 1:colcon.colcon_core.package_identification:_identify(ros2_controllers/velocity_controllers) by extensions ['colcon_meta']
[0.792s] Level 1:colcon.colcon_core.package_identification:_identify(ros2_controllers/velocity_controllers) by extension 'colcon_meta'
[0.792s] Level 1:colcon.colcon_core.package_identification:_identify(ros2_controllers/velocity_controllers) by extensions ['ros']
[0.792s] Level 1:colcon.colcon_core.package_identification:_identify(ros2_controllers/velocity_controllers) by extension 'ros'
[0.794s] DEBUG:colcon.colcon_core.package_identification:Package 'ros2_controllers/velocity_controllers' with type 'ros.ament_cmake' and name 'velocity_controllers'
[0.794s] Level 1:colcon.colcon_core.package_discovery:discover_packages(recursive) using defaults
[0.794s] Level 1:colcon.colcon_core.package_discovery:discover_packages(ignore) discover
[0.794s] Level 1:colcon.colcon_core.package_discovery:discover_packages(ignore) using defaults
[0.794s] Level 1:colcon.colcon_core.package_discovery:discover_packages(path) discover
[0.794s] Level 1:colcon.colcon_core.package_discovery:discover_packages(path) using defaults
[0.863s] INFO:colcon.colcon_core.package_selection:Skipping not selected package 'control_msgs' in 'control_msgs/control_msgs'
[0.863s] INFO:colcon.colcon_core.package_selection:Skipping not selected package 'controller_manager_msgs' in 'ros2_control/controller_manager_msgs'
[0.863s] INFO:colcon.colcon_core.package_selection:Skipping not selected package 'package_python' in 'python_dev/src/package_python'
[0.863s] INFO:colcon.colcon_core.package_selection:Skipping not selected package 'realtime_tools' in 'realtime_tools'
[0.863s] INFO:colcon.colcon_core.package_selection:Skipping not selected package 'ros2_control_test_assets' in 'ros2_control/ros2_control_test_assets'
[0.863s] INFO:colcon.colcon_core.package_selection:Skipping not selected package 'ros2_control_test_nodes' in 'ros2_control_demos/ros2_control_test_nodes'
[0.863s] INFO:colcon.colcon_core.package_selection:Skipping not selected package 'rrbot_description' in 'ros2_control_demos/ros2_control_demo_description/rrbot_description'
[0.863s] INFO:colcon.colcon_core.package_selection:Skipping not selected package 'hardware_interface' in 'ros2_control/hardware_interface'
[0.863s] INFO:colcon.colcon_core.package_selection:Skipping not selected package 'controller_interface' in 'ros2_control/controller_interface'
[0.863s] INFO:colcon.colcon_core.package_selection:Skipping not selected package 'ros2_control_demo_hardware' in 'ros2_control_demos/ros2_control_demo_hardware'
[0.863s] INFO:colcon.colcon_core.package_selection:Skipping not selected package 'transmission_interface' in 'ros2_control/transmission_interface'
[0.863s] INFO:colcon.colcon_core.package_selection:Skipping not selected package 'controller_manager' in 'ros2_control/controller_manager'
[0.864s] INFO:colcon.colcon_core.package_selection:Skipping not selected package 'diff_drive_controller' in 'ros2_controllers/diff_drive_controller'
[0.864s] INFO:colcon.colcon_core.package_selection:Skipping not selected package 'force_torque_sensor_broadcaster' in 'ros2_controllers/force_torque_sensor_broadcaster'
[0.864s] INFO:colcon.colcon_core.package_selection:Skipping not selected package 'forward_command_controller' in 'ros2_controllers/forward_command_controller'
[0.864s] INFO:colcon.colcon_core.package_selection:Skipping not selected package 'gripper_controllers' in 'ros2_controllers/gripper_controllers'
[0.864s] INFO:colcon.colcon_core.package_selection:Skipping not selected package 'imu_sensor_broadcaster' in 'ros2_controllers/imu_sensor_broadcaster'
[0.864s] INFO:colcon.colcon_core.package_selection:Skipping not selected package 'joint_state_broadcaster' in 'ros2_controllers/joint_state_broadcaster'
[0.864s] INFO:colcon.colcon_core.package_selection:Skipping not selected package 'joint_trajectory_controller' in 'ros2_controllers/joint_trajectory_controller'
[0.864s] INFO:colcon.colcon_core.package_selection:Skipping not selected package 'ros2controlcli' in 'ros2_control/ros2controlcli'
[0.864s] INFO:colcon.colcon_core.package_selection:Skipping not selected package 'effort_controllers' in 'ros2_controllers/effort_controllers'
[0.864s] INFO:colcon.colcon_core.package_selection:Skipping not selected package 'joint_state_controller' in 'ros2_controllers/joint_state_controller'
[0.864s] INFO:colcon.colcon_core.package_selection:Skipping not selected package 'position_controllers' in 'ros2_controllers/position_controllers'
[0.864s] INFO:colcon.colcon_core.package_selection:Skipping not selected package 'ros2_control' in 'ros2_control/ros2_control'
[0.864s] INFO:colcon.colcon_core.package_selection:Skipping not selected package 'ros2_control_demo_bringup' in 'ros2_control_demos/ros2_control_demo_bringup'
[0.864s] INFO:colcon.colcon_core.package_selection:Skipping not selected package 'velocity_controllers' in 'ros2_controllers/velocity_controllers'
[0.864s] INFO:colcon.colcon_core.package_selection:Skipping not selected package 'ros2_control_demos' in 'ros2_control_demos/ros2_control_demos'
[0.864s] INFO:colcon.colcon_core.package_selection:Skipping not selected package 'ros2_controllers' in 'ros2_controllers/ros2_controllers'
[0.866s] Level 1:colcon.colcon_core.package_discovery:discover_packages(prefix_path) check parameters
[0.866s] Level 1:colcon.colcon_core.package_discovery:discover_packages(prefix_path) discover
[0.880s] DEBUG:colcon.colcon_installed_package_information.package_discovery:Found 29 installed packages in /home/diego/Workspaces/ros2_control_diffbot_ws/src/install
[0.885s] DEBUG:colcon.colcon_installed_package_information.package_discovery:Found 273 installed packages in /opt/ros/foxy
[0.893s] Level 1:colcon.colcon_core.package_discovery:discover_packages(prefix_path) using defaults
[1.093s] WARNING:colcon.colcon_core.package_selection:Some selected packages are already built in one or more underlay workspaces:
	'diffbot_description' is in: /home/diego/Workspaces/ros2_control_diffbot_ws/src/install/diffbot_description
If a package in a merged underlay workspace is overridden and it installs headers, then all packages in the overlay must sort their include directories by workspace order. Failure to do so may result in build failures or undefined behavior at run time.
If the overridden package is used by another package in any underlay, then the overriding package in the overlay must be API and ABI compatible or undefined behavior at run time may occur.

If you understand the risks and want to override a package anyways, add the following to the command line:
	--allow-overriding diffbot_description

This may be promoted to an error in a future release of colcon-override-check.
[1.097s] Level 5:colcon.colcon_core.verb:set package 'diffbot_description' build argument 'cmake_args' from command line to 'None'
[1.097s] Level 5:colcon.colcon_core.verb:set package 'diffbot_description' build argument 'cmake_target' from command line to 'None'
[1.097s] Level 5:colcon.colcon_core.verb:set package 'diffbot_description' build argument 'cmake_target_skip_unavailable' from command line to 'False'
[1.097s] Level 5:colcon.colcon_core.verb:set package 'diffbot_description' build argument 'cmake_clean_cache' from command line to 'False'
[1.097s] Level 5:colcon.colcon_core.verb:set package 'diffbot_description' build argument 'cmake_clean_first' from command line to 'False'
[1.098s] Level 5:colcon.colcon_core.verb:set package 'diffbot_description' build argument 'cmake_force_configure' from command line to 'False'
[1.098s] Level 5:colcon.colcon_core.verb:set package 'diffbot_description' build argument 'ament_cmake_args' from command line to 'None'
[1.098s] Level 5:colcon.colcon_core.verb:set package 'diffbot_description' build argument 'catkin_cmake_args' from command line to 'None'
[1.098s] Level 5:colcon.colcon_core.verb:set package 'diffbot_description' build argument 'catkin_skip_building_tests' from command line to 'False'
[1.098s] DEBUG:colcon.colcon_core.verb:Building package 'diffbot_description' with the following arguments: {'ament_cmake_args': None, 'build_base': '/home/diego/Workspaces/ros2_control_diffbot_ws/src/build/diffbot_description', 'catkin_cmake_args': None, 'catkin_skip_building_tests': False, 'cmake_args': None, 'cmake_clean_cache': False, 'cmake_clean_first': False, 'cmake_force_configure': False, 'cmake_target': None, 'cmake_target_skip_unavailable': False, 'install_base': '/home/diego/Workspaces/ros2_control_diffbot_ws/src/install/diffbot_description', 'merge_install': False, 'path': '/home/diego/Workspaces/ros2_control_diffbot_ws/src/ros2_control_demos/ros2_control_demo_description/diffbot_description', 'symlink_install': False, 'test_result_base': None}
[1.100s] INFO:colcon.colcon_core.executor:Executing jobs using 'parallel' executor
[1.114s] DEBUG:colcon.colcon_parallel_executor.executor.parallel:run_until_complete
[1.115s] INFO:colcon.colcon_ros.task.ament_cmake.build:Building ROS package in '/home/diego/Workspaces/ros2_control_diffbot_ws/src/ros2_control_demos/ros2_control_demo_description/diffbot_description' with build type 'ament_cmake'
[1.116s] INFO:colcon.colcon_cmake.task.cmake.build:Building CMake package in '/home/diego/Workspaces/ros2_control_diffbot_ws/src/ros2_control_demos/ros2_control_demo_description/diffbot_description'
[1.134s] INFO:colcon.colcon_core.plugin_system:Skipping extension 'colcon_core.shell.bat': Not used on non-Windows systems
[1.135s] INFO:colcon.colcon_core.shell:Skip shell extension 'powershell' for command environment: Not usable outside of PowerShell
[1.135s] DEBUG:colcon.colcon_core.shell:Skip shell extension 'dsv' for command environment
[1.181s] DEBUG:colcon.colcon_core.event_handler.log_command:Invoking command in '/home/diego/Workspaces/ros2_control_diffbot_ws/src/build/diffbot_description': CMAKE_PREFIX_PATH=${CMAKE_PREFIX_PATH}:/home/diego/Workspaces/ros2_control_diffbot_ws/src/install/ros2controlcli:/home/diego/Workspaces/ros2_control_diffbot_ws/src/install/ros2_control_test_nodes:/home/diego/Workspaces/ros2_control_diffbot_ws/src/install/package_python:/opt/ros/foxy /usr/bin/cmake --build /home/diego/Workspaces/ros2_control_diffbot_ws/src/build/diffbot_description -- -j2 -l2
[1.292s] DEBUG:colcon.colcon_core.event_handler.log_command:Invoked command in '/home/diego/Workspaces/ros2_control_diffbot_ws/src/build/diffbot_description' returned '0': CMAKE_PREFIX_PATH=${CMAKE_PREFIX_PATH}:/home/diego/Workspaces/ros2_control_diffbot_ws/src/install/ros2controlcli:/home/diego/Workspaces/ros2_control_diffbot_ws/src/install/ros2_control_test_nodes:/home/diego/Workspaces/ros2_control_diffbot_ws/src/install/package_python:/opt/ros/foxy /usr/bin/cmake --build /home/diego/Workspaces/ros2_control_diffbot_ws/src/build/diffbot_description -- -j2 -l2
[1.401s] DEBUG:colcon.colcon_core.event_handler.log_command:Invoking command in '/home/diego/Workspaces/ros2_control_diffbot_ws/src/build/diffbot_description': CMAKE_PREFIX_PATH=${CMAKE_PREFIX_PATH}:/home/diego/Workspaces/ros2_control_diffbot_ws/src/install/ros2controlcli:/home/diego/Workspaces/ros2_control_diffbot_ws/src/install/ros2_control_test_nodes:/home/diego/Workspaces/ros2_control_diffbot_ws/src/install/package_python:/opt/ros/foxy /usr/bin/cmake --install /home/diego/Workspaces/ros2_control_diffbot_ws/src/build/diffbot_description
[1.431s] Level 1:colcon.colcon_core.environment:create_environment_scripts_only(diffbot_description)
[1.436s] DEBUG:colcon.colcon_core.event_handler.log_command:Invoked command in '/home/diego/Workspaces/ros2_control_diffbot_ws/src/build/diffbot_description' returned '0': CMAKE_PREFIX_PATH=${CMAKE_PREFIX_PATH}:/home/diego/Workspaces/ros2_control_diffbot_ws/src/install/ros2controlcli:/home/diego/Workspaces/ros2_control_diffbot_ws/src/install/ros2_control_test_nodes:/home/diego/Workspaces/ros2_control_diffbot_ws/src/install/package_python:/opt/ros/foxy /usr/bin/cmake --install /home/diego/Workspaces/ros2_control_diffbot_ws/src/build/diffbot_description
[1.455s] Level 1:colcon.colcon_core.environment:checking '/home/diego/Workspaces/ros2_control_diffbot_ws/src/install/diffbot_description' for CMake module files
[1.456s] Level 1:colcon.colcon_core.environment:checking '/home/diego/Workspaces/ros2_control_diffbot_ws/src/install/diffbot_description' for CMake config files
[1.457s] Level 1:colcon.colcon_core.shell:create_environment_hook('diffbot_description', 'cmake_prefix_path')
[1.462s] INFO:colcon.colcon_core.shell:Creating environment hook '/home/diego/Workspaces/ros2_control_diffbot_ws/src/install/diffbot_description/share/diffbot_description/hook/cmake_prefix_path.ps1'
[1.465s] INFO:colcon.colcon_core.shell:Creating environment descriptor '/home/diego/Workspaces/ros2_control_diffbot_ws/src/install/diffbot_description/share/diffbot_description/hook/cmake_prefix_path.dsv'
[1.466s] INFO:colcon.colcon_core.shell:Creating environment hook '/home/diego/Workspaces/ros2_control_diffbot_ws/src/install/diffbot_description/share/diffbot_description/hook/cmake_prefix_path.sh'
[1.471s] Level 1:colcon.colcon_core.environment:checking '/home/diego/Workspaces/ros2_control_diffbot_ws/src/install/diffbot_description/bin'
[1.471s] Level 1:colcon.colcon_core.environment:checking '/home/diego/Workspaces/ros2_control_diffbot_ws/src/install/diffbot_description/lib/pkgconfig/diffbot_description.pc'
[1.472s] Level 1:colcon.colcon_core.environment:checking '/home/diego/Workspaces/ros2_control_diffbot_ws/src/install/diffbot_description/lib/python3.8/site-packages'
[1.473s] Level 1:colcon.colcon_core.environment:checking '/home/diego/Workspaces/ros2_control_diffbot_ws/src/install/diffbot_description/bin'
[1.477s] INFO:colcon.colcon_core.shell:Creating package script '/home/diego/Workspaces/ros2_control_diffbot_ws/src/install/diffbot_description/share/diffbot_description/package.ps1'
[1.479s] INFO:colcon.colcon_core.shell:Creating package descriptor '/home/diego/Workspaces/ros2_control_diffbot_ws/src/install/diffbot_description/share/diffbot_description/package.dsv'
[1.481s] INFO:colcon.colcon_core.shell:Creating package script '/home/diego/Workspaces/ros2_control_diffbot_ws/src/install/diffbot_description/share/diffbot_description/package.sh'
[1.483s] INFO:colcon.colcon_core.shell:Creating package script '/home/diego/Workspaces/ros2_control_diffbot_ws/src/install/diffbot_description/share/diffbot_description/package.bash'
[1.485s] INFO:colcon.colcon_core.shell:Creating package script '/home/diego/Workspaces/ros2_control_diffbot_ws/src/install/diffbot_description/share/diffbot_description/package.zsh'
[1.487s] Level 1:colcon.colcon_core.environment:create_file_with_runtime_dependencies(/home/diego/Workspaces/ros2_control_diffbot_ws/src/install/diffbot_description/share/colcon-core/packages/diffbot_description)
[1.557s] Level 1:colcon.colcon_core.environment:create_environment_scripts_only(diffbot_description)
[1.563s] Level 1:colcon.colcon_core.environment:checking '/home/diego/Workspaces/ros2_control_diffbot_ws/src/install/diffbot_description' for CMake module files
[1.564s] Level 1:colcon.colcon_core.environment:checking '/home/diego/Workspaces/ros2_control_diffbot_ws/src/install/diffbot_description' for CMake config files
[1.565s] Level 1:colcon.colcon_core.shell:create_environment_hook('diffbot_description', 'cmake_prefix_path')
[1.569s] INFO:colcon.colcon_core.shell:Creating environment hook '/home/diego/Workspaces/ros2_control_diffbot_ws/src/install/diffbot_description/share/diffbot_description/hook/cmake_prefix_path.ps1'
[1.571s] INFO:colcon.colcon_core.shell:Creating environment descriptor '/home/diego/Workspaces/ros2_control_diffbot_ws/src/install/diffbot_description/share/diffbot_description/hook/cmake_prefix_path.dsv'
[1.572s] INFO:colcon.colcon_core.shell:Creating environment hook '/home/diego/Workspaces/ros2_control_diffbot_ws/src/install/diffbot_description/share/diffbot_description/hook/cmake_prefix_path.sh'
[1.574s] Level 1:colcon.colcon_core.environment:checking '/home/diego/Workspaces/ros2_control_diffbot_ws/src/install/diffbot_description/bin'
[1.574s] Level 1:colcon.colcon_core.environment:checking '/home/diego/Workspaces/ros2_control_diffbot_ws/src/install/diffbot_description/lib/pkgconfig/diffbot_description.pc'
[1.575s] Level 1:colcon.colcon_core.environment:checking '/home/diego/Workspaces/ros2_control_diffbot_ws/src/install/diffbot_description/lib/python3.8/site-packages'
[1.576s] Level 1:colcon.colcon_core.environment:checking '/home/diego/Workspaces/ros2_control_diffbot_ws/src/install/diffbot_description/bin'
[1.580s] INFO:colcon.colcon_core.shell:Creating package script '/home/diego/Workspaces/ros2_control_diffbot_ws/src/install/diffbot_description/share/diffbot_description/package.ps1'
[1.581s] INFO:colcon.colcon_core.shell:Creating package descriptor '/home/diego/Workspaces/ros2_control_diffbot_ws/src/install/diffbot_description/share/diffbot_description/package.dsv'
[1.583s] INFO:colcon.colcon_core.shell:Creating package script '/home/diego/Workspaces/ros2_control_diffbot_ws/src/install/diffbot_description/share/diffbot_description/package.sh'
[1.585s] INFO:colcon.colcon_core.shell:Creating package script '/home/diego/Workspaces/ros2_control_diffbot_ws/src/install/diffbot_description/share/diffbot_description/package.bash'
[1.586s] INFO:colcon.colcon_core.shell:Creating package script '/home/diego/Workspaces/ros2_control_diffbot_ws/src/install/diffbot_description/share/diffbot_description/package.zsh'
[1.588s] Level 1:colcon.colcon_core.environment:create_file_with_runtime_dependencies(/home/diego/Workspaces/ros2_control_diffbot_ws/src/install/diffbot_description/share/colcon-core/packages/diffbot_description)
[1.589s] DEBUG:colcon.colcon_parallel_executor.executor.parallel:closing loop
[1.590s] DEBUG:colcon.colcon_parallel_executor.executor.parallel:loop closed
[1.591s] DEBUG:colcon.colcon_parallel_executor.executor.parallel:run_until_complete finished with '0'
[1.591s] DEBUG:colcon.colcon_core.event_reactor:joining thread
[1.619s] INFO:colcon.colcon_core.plugin_system:Skipping extension 'colcon_notification.desktop_notification.terminal_notifier': Not used on non-Darwin systems
[1.619s] INFO:colcon.colcon_core.plugin_system:Skipping extension 'colcon_notification.desktop_notification.win32': Not used on non-Windows systems
[1.619s] INFO:colcon.colcon_notification.desktop_notification:Sending desktop notification using 'notify2'
[1.674s] DEBUG:colcon.colcon_core.event_reactor:joined thread
[1.678s] INFO:colcon.colcon_core.shell:Creating prefix script '/home/diego/Workspaces/ros2_control_diffbot_ws/src/install/local_setup.ps1'
[1.681s] INFO:colcon.colcon_core.shell:Creating prefix util module '/home/diego/Workspaces/ros2_control_diffbot_ws/src/install/_local_setup_util_ps1.py'
[1.684s] INFO:colcon.colcon_core.shell:Creating prefix chain script '/home/diego/Workspaces/ros2_control_diffbot_ws/src/install/setup.ps1'
[1.698s] INFO:colcon.colcon_core.shell:Creating prefix script '/home/diego/Workspaces/ros2_control_diffbot_ws/src/install/local_setup.sh'
[1.704s] INFO:colcon.colcon_core.shell:Creating prefix util module '/home/diego/Workspaces/ros2_control_diffbot_ws/src/install/_local_setup_util_sh.py'
[1.706s] INFO:colcon.colcon_core.shell:Creating prefix chain script '/home/diego/Workspaces/ros2_control_diffbot_ws/src/install/setup.sh'
[1.716s] INFO:colcon.colcon_core.shell:Creating prefix script '/home/diego/Workspaces/ros2_control_diffbot_ws/src/install/local_setup.bash'
[1.717s] INFO:colcon.colcon_core.shell:Creating prefix chain script '/home/diego/Workspaces/ros2_control_diffbot_ws/src/install/setup.bash'
[1.723s] INFO:colcon.colcon_core.shell:Creating prefix script '/home/diego/Workspaces/ros2_control_diffbot_ws/src/install/local_setup.zsh'
[1.729s] INFO:colcon.colcon_core.shell:Creating prefix chain script '/home/diego/Workspaces/ros2_control_diffbot_ws/src/install/setup.zsh'
