[0.059s] Invoking command in '/home/diego/Workspaces/ros2_control_diffbot_ws/build/controller_manager_msgs': CMAKE_PREFIX_PATH=/opt/ros/foxy /usr/bin/cmake --build /home/diego/Workspaces/ros2_control_diffbot_ws/build/controller_manager_msgs -- -j2 -l2
[0.284s] [ 12%] Built target controller_manager_msgs__rosidl_generator_c
[0.343s] [ 12%] Built target controller_manager_msgs__cpp
[0.417s] [ 24%] Built target controller_manager_msgs__rosidl_typesupport_introspection_c
[0.492s] [ 36%] Built target controller_manager_msgs__rosidl_typesupport_c
[0.571s] [ 48%] Built target controller_manager_msgs__rosidl_typesupport_introspection_cpp
[0.639s] [ 60%] Built target controller_manager_msgs__rosidl_typesupport_cpp
[0.736s] [ 72%] Built target controller_manager_msgs__rosidl_typesupport_fastrtps_cpp
[0.827s] [ 84%] Built target controller_manager_msgs__rosidl_typesupport_fastrtps_c
[0.881s] [ 84%] Built target controller_manager_msgs
[0.935s] [ 85%] Built target controller_manager_msgs__py
[1.041s] [ 96%] Built target controller_manager_msgs__python
[1.108s] [ 97%] Built target controller_manager_msgs__rosidl_typesupport_c__pyext
[1.175s] [ 99%] Built target controller_manager_msgs__rosidl_typesupport_introspection_c__pyext
[1.240s] [100%] Built target controller_manager_msgs__rosidl_typesupport_fastrtps_c__pyext
[1.275s] Invoked command in '/home/diego/Workspaces/ros2_control_diffbot_ws/build/controller_manager_msgs' returned '0': CMAKE_PREFIX_PATH=/opt/ros/foxy /usr/bin/cmake --build /home/diego/Workspaces/ros2_control_diffbot_ws/build/controller_manager_msgs -- -j2 -l2
[1.940s] Invoking command in '/home/diego/Workspaces/ros2_control_diffbot_ws/build/controller_manager_msgs': CMAKE_PREFIX_PATH=/opt/ros/foxy /usr/bin/cmake --install /home/diego/Workspaces/ros2_control_diffbot_ws/build/controller_manager_msgs
[1.983s] -- Install configuration: ""
[1.985s] -- Execute custom install script
[1.992s] -- Up-to-date symlink: /home/diego/Workspaces/ros2_control_diffbot_ws/install/controller_manager_msgs/share/ament_index/resource_index/rosidl_interfaces/controller_manager_msgs
[2.000s] -- Up-to-date symlink: /home/diego/Workspaces/ros2_control_diffbot_ws/install/controller_manager_msgs/include/controller_manager_msgs/msg/controller_state.h
[2.003s] -- Up-to-date symlink: /home/diego/Workspaces/ros2_control_diffbot_ws/install/controller_manager_msgs/include/controller_manager_msgs/msg/detail/controller_state__functions.h
[2.005s] -- Up-to-date symlink: /home/diego/Workspaces/ros2_control_diffbot_ws/install/controller_manager_msgs/include/controller_manager_msgs/msg/detail/controller_state__struct.h
[2.007s] -- Up-to-date symlink: /home/diego/Workspaces/ros2_control_diffbot_ws/install/controller_manager_msgs/include/controller_manager_msgs/msg/detail/controller_state__type_support.h
[2.009s] -- Up-to-date symlink: /home/diego/Workspaces/ros2_control_diffbot_ws/install/controller_manager_msgs/include/controller_manager_msgs/msg/detail/hardware_interface__functions.h
[2.009s] -- Up-to-date symlink: /home/diego/Workspaces/ros2_control_diffbot_ws/install/controller_manager_msgs/include/controller_manager_msgs/msg/detail/hardware_interface__struct.h
[2.017s] -- Up-to-date symlink: /home/diego/Workspaces/ros2_control_diffbot_ws/install/controller_manager_msgs/include/controller_manager_msgs/msg/detail/hardware_interface__type_support.h
[2.020s] -- Up-to-date symlink: /home/diego/Workspaces/ros2_control_diffbot_ws/install/controller_manager_msgs/include/controller_manager_msgs/msg/hardware_interface.h
[2.021s] -- Up-to-date symlink: /home/diego/Workspaces/ros2_control_diffbot_ws/install/controller_manager_msgs/include/controller_manager_msgs/msg/rosidl_generator_c__visibility_control.h
[2.025s] -- Up-to-date symlink: /home/diego/Workspaces/ros2_control_diffbot_ws/install/controller_manager_msgs/include/controller_manager_msgs/srv/configure_controller.h
[2.027s] -- Up-to-date symlink: /home/diego/Workspaces/ros2_control_diffbot_ws/install/controller_manager_msgs/include/controller_manager_msgs/srv/configure_start_controller.h
[2.028s] -- Up-to-date symlink: /home/diego/Workspaces/ros2_control_diffbot_ws/install/controller_manager_msgs/include/controller_manager_msgs/srv/detail/configure_controller__functions.h
[2.035s] -- Up-to-date symlink: /home/diego/Workspaces/ros2_control_diffbot_ws/install/controller_manager_msgs/include/controller_manager_msgs/srv/detail/configure_controller__struct.h
[2.037s] -- Up-to-date symlink: /home/diego/Workspaces/ros2_control_diffbot_ws/install/controller_manager_msgs/include/controller_manager_msgs/srv/detail/configure_controller__type_support.h
[2.047s] -- Up-to-date symlink: /home/diego/Workspaces/ros2_control_diffbot_ws/install/controller_manager_msgs/include/controller_manager_msgs/srv/detail/configure_start_controller__functions.h
[2.048s] -- Up-to-date symlink: /home/diego/Workspaces/ros2_control_diffbot_ws/install/controller_manager_msgs/include/controller_manager_msgs/srv/detail/configure_start_controller__struct.h
[2.049s] -- Up-to-date symlink: /home/diego/Workspaces/ros2_control_diffbot_ws/install/controller_manager_msgs/include/controller_manager_msgs/srv/detail/configure_start_controller__type_support.h
[2.052s] -- Up-to-date symlink: /home/diego/Workspaces/ros2_control_diffbot_ws/install/controller_manager_msgs/include/controller_manager_msgs/srv/detail/list_controller_types__functions.h
[2.053s] -- Up-to-date symlink: /home/diego/Workspaces/ros2_control_diffbot_ws/install/controller_manager_msgs/include/controller_manager_msgs/srv/detail/list_controller_types__struct.h
[2.055s] -- Up-to-date symlink: /home/diego/Workspaces/ros2_control_diffbot_ws/install/controller_manager_msgs/include/controller_manager_msgs/srv/detail/list_controller_types__type_support.h
[2.056s] -- Up-to-date symlink: /home/diego/Workspaces/ros2_control_diffbot_ws/install/controller_manager_msgs/include/controller_manager_msgs/srv/detail/list_controllers__functions.h
[2.057s] -- Up-to-date symlink: /home/diego/Workspaces/ros2_control_diffbot_ws/install/controller_manager_msgs/include/controller_manager_msgs/srv/detail/list_controllers__struct.h
[2.059s] -- Up-to-date symlink: /home/diego/Workspaces/ros2_control_diffbot_ws/install/controller_manager_msgs/include/controller_manager_msgs/srv/detail/list_controllers__type_support.h
[2.068s] -- Up-to-date symlink: /home/diego/Workspaces/ros2_control_diffbot_ws/install/controller_manager_msgs/include/controller_manager_msgs/srv/detail/list_hardware_interfaces__functions.h
[2.076s] -- Up-to-date symlink: /home/diego/Workspaces/ros2_control_diffbot_ws/install/controller_manager_msgs/include/controller_manager_msgs/srv/detail/list_hardware_interfaces__struct.h
[2.076s] -- Up-to-date symlink: /home/diego/Workspaces/ros2_control_diffbot_ws/install/controller_manager_msgs/include/controller_manager_msgs/srv/detail/list_hardware_interfaces__type_support.h
[2.077s] -- Up-to-date symlink: /home/diego/Workspaces/ros2_control_diffbot_ws/install/controller_manager_msgs/include/controller_manager_msgs/srv/detail/load_configure_controller__functions.h
[2.078s] -- Up-to-date symlink: /home/diego/Workspaces/ros2_control_diffbot_ws/install/controller_manager_msgs/include/controller_manager_msgs/srv/detail/load_configure_controller__struct.h
[2.079s] -- Up-to-date symlink: /home/diego/Workspaces/ros2_control_diffbot_ws/install/controller_manager_msgs/include/controller_manager_msgs/srv/detail/load_configure_controller__type_support.h
[2.079s] -- Up-to-date symlink: /home/diego/Workspaces/ros2_control_diffbot_ws/install/controller_manager_msgs/include/controller_manager_msgs/srv/detail/load_controller__functions.h
[2.081s] -- Up-to-date symlink: /home/diego/Workspaces/ros2_control_diffbot_ws/install/controller_manager_msgs/include/controller_manager_msgs/srv/detail/load_controller__struct.h
[2.084s] -- Up-to-date symlink: /home/diego/Workspaces/ros2_control_diffbot_ws/install/controller_manager_msgs/include/controller_manager_msgs/srv/detail/load_controller__type_support.h
[2.087s] -- Up-to-date symlink: /home/diego/Workspaces/ros2_control_diffbot_ws/install/controller_manager_msgs/include/controller_manager_msgs/srv/detail/load_start_controller__functions.h
[2.089s] -- Up-to-date symlink: /home/diego/Workspaces/ros2_control_diffbot_ws/install/controller_manager_msgs/include/controller_manager_msgs/srv/detail/load_start_controller__struct.h
[2.090s] -- Up-to-date symlink: /home/diego/Workspaces/ros2_control_diffbot_ws/install/controller_manager_msgs/include/controller_manager_msgs/srv/detail/load_start_controller__type_support.h
[2.093s] -- Up-to-date symlink: /home/diego/Workspaces/ros2_control_diffbot_ws/install/controller_manager_msgs/include/controller_manager_msgs/srv/detail/reload_controller_libraries__functions.h
[2.098s] -- Up-to-date symlink: /home/diego/Workspaces/ros2_control_diffbot_ws/install/controller_manager_msgs/include/controller_manager_msgs/srv/detail/reload_controller_libraries__struct.h
[2.100s] -- Up-to-date symlink: /home/diego/Workspaces/ros2_control_diffbot_ws/install/controller_manager_msgs/include/controller_manager_msgs/srv/detail/reload_controller_libraries__type_support.h
[2.103s] -- Up-to-date symlink: /home/diego/Workspaces/ros2_control_diffbot_ws/install/controller_manager_msgs/include/controller_manager_msgs/srv/detail/switch_controller__functions.h
[2.107s] -- Up-to-date symlink: /home/diego/Workspaces/ros2_control_diffbot_ws/install/controller_manager_msgs/include/controller_manager_msgs/srv/detail/switch_controller__struct.h
[2.112s] -- Up-to-date symlink: /home/diego/Workspaces/ros2_control_diffbot_ws/install/controller_manager_msgs/include/controller_manager_msgs/srv/detail/switch_controller__type_support.h
[2.115s] -- Up-to-date symlink: /home/diego/Workspaces/ros2_control_diffbot_ws/install/controller_manager_msgs/include/controller_manager_msgs/srv/detail/unload_controller__functions.h
[2.116s] -- Up-to-date symlink: /home/diego/Workspaces/ros2_control_diffbot_ws/install/controller_manager_msgs/include/controller_manager_msgs/srv/detail/unload_controller__struct.h
[2.119s] -- Up-to-date symlink: /home/diego/Workspaces/ros2_control_diffbot_ws/install/controller_manager_msgs/include/controller_manager_msgs/srv/detail/unload_controller__type_support.h
[2.121s] -- Up-to-date symlink: /home/diego/Workspaces/ros2_control_diffbot_ws/install/controller_manager_msgs/include/controller_manager_msgs/srv/list_controller_types.h
[2.123s] -- Up-to-date symlink: /home/diego/Workspaces/ros2_control_diffbot_ws/install/controller_manager_msgs/include/controller_manager_msgs/srv/list_controllers.h
[2.126s] -- Up-to-date symlink: /home/diego/Workspaces/ros2_control_diffbot_ws/install/controller_manager_msgs/include/controller_manager_msgs/srv/list_hardware_interfaces.h
[2.128s] -- Up-to-date symlink: /home/diego/Workspaces/ros2_control_diffbot_ws/install/controller_manager_msgs/include/controller_manager_msgs/srv/load_configure_controller.h
[2.129s] -- Up-to-date symlink: /home/diego/Workspaces/ros2_control_diffbot_ws/install/controller_manager_msgs/include/controller_manager_msgs/srv/load_controller.h
[2.131s] -- Up-to-date symlink: /home/diego/Workspaces/ros2_control_diffbot_ws/install/controller_manager_msgs/include/controller_manager_msgs/srv/load_start_controller.h
[2.132s] -- Up-to-date symlink: /home/diego/Workspaces/ros2_control_diffbot_ws/install/controller_manager_msgs/include/controller_manager_msgs/srv/reload_controller_libraries.h
[2.136s] -- Up-to-date symlink: /home/diego/Workspaces/ros2_control_diffbot_ws/install/controller_manager_msgs/include/controller_manager_msgs/srv/switch_controller.h
[2.136s] -- Up-to-date symlink: /home/diego/Workspaces/ros2_control_diffbot_ws/install/controller_manager_msgs/include/controller_manager_msgs/srv/unload_controller.h
[2.140s] -- Up-to-date symlink: /home/diego/Workspaces/ros2_control_diffbot_ws/install/controller_manager_msgs/share/controller_manager_msgs/environment/library_path.sh
[2.145s] -- Up-to-date symlink: /home/diego/Workspaces/ros2_control_diffbot_ws/install/controller_manager_msgs/share/controller_manager_msgs/environment/library_path.dsv
[2.147s] -- Up-to-date symlink: /home/diego/Workspaces/ros2_control_diffbot_ws/install/controller_manager_msgs/include/controller_manager_msgs/msg/detail/controller_state__rosidl_typesupport_fastrtps_c.h
[2.148s] -- Up-to-date symlink: /home/diego/Workspaces/ros2_control_diffbot_ws/install/controller_manager_msgs/include/controller_manager_msgs/msg/detail/hardware_interface__rosidl_typesupport_fastrtps_c.h
[2.151s] -- Up-to-date symlink: /home/diego/Workspaces/ros2_control_diffbot_ws/install/controller_manager_msgs/include/controller_manager_msgs/msg/rosidl_typesupport_fastrtps_c__visibility_control.h
[2.152s] -- Up-to-date symlink: /home/diego/Workspaces/ros2_control_diffbot_ws/install/controller_manager_msgs/include/controller_manager_msgs/srv/detail/configure_controller__rosidl_typesupport_fastrtps_c.h
[2.154s] -- Up-to-date symlink: /home/diego/Workspaces/ros2_control_diffbot_ws/install/controller_manager_msgs/include/controller_manager_msgs/srv/detail/configure_start_controller__rosidl_typesupport_fastrtps_c.h
[2.156s] -- Up-to-date symlink: /home/diego/Workspaces/ros2_control_diffbot_ws/install/controller_manager_msgs/include/controller_manager_msgs/srv/detail/list_controller_types__rosidl_typesupport_fastrtps_c.h
[2.156s] -- Up-to-date symlink: /home/diego/Workspaces/ros2_control_diffbot_ws/install/controller_manager_msgs/include/controller_manager_msgs/srv/detail/list_controllers__rosidl_typesupport_fastrtps_c.h
[2.159s] -- Up-to-date symlink: /home/diego/Workspaces/ros2_control_diffbot_ws/install/controller_manager_msgs/include/controller_manager_msgs/srv/detail/list_hardware_interfaces__rosidl_typesupport_fastrtps_c.h
[2.161s] -- Up-to-date symlink: /home/diego/Workspaces/ros2_control_diffbot_ws/install/controller_manager_msgs/include/controller_manager_msgs/srv/detail/load_configure_controller__rosidl_typesupport_fastrtps_c.h
[2.164s] -- Up-to-date symlink: /home/diego/Workspaces/ros2_control_diffbot_ws/install/controller_manager_msgs/include/controller_manager_msgs/srv/detail/load_controller__rosidl_typesupport_fastrtps_c.h
[2.172s] -- Up-to-date symlink: /home/diego/Workspaces/ros2_control_diffbot_ws/install/controller_manager_msgs/include/controller_manager_msgs/srv/detail/load_start_controller__rosidl_typesupport_fastrtps_c.h
[2.174s] -- Up-to-date symlink: /home/diego/Workspaces/ros2_control_diffbot_ws/install/controller_manager_msgs/include/controller_manager_msgs/srv/detail/reload_controller_libraries__rosidl_typesupport_fastrtps_c.h
[2.175s] -- Up-to-date symlink: /home/diego/Workspaces/ros2_control_diffbot_ws/install/controller_manager_msgs/include/controller_manager_msgs/srv/detail/switch_controller__rosidl_typesupport_fastrtps_c.h
[2.176s] -- Up-to-date symlink: /home/diego/Workspaces/ros2_control_diffbot_ws/install/controller_manager_msgs/include/controller_manager_msgs/srv/detail/unload_controller__rosidl_typesupport_fastrtps_c.h
[2.179s] -- Up-to-date symlink: /home/diego/Workspaces/ros2_control_diffbot_ws/install/controller_manager_msgs/lib/libcontroller_manager_msgs__rosidl_typesupport_fastrtps_c.so
[2.186s] -- Up-to-date symlink: /home/diego/Workspaces/ros2_control_diffbot_ws/install/controller_manager_msgs/include/controller_manager_msgs/msg/detail/controller_state__rosidl_typesupport_fastrtps_cpp.hpp
[2.191s] -- Up-to-date symlink: /home/diego/Workspaces/ros2_control_diffbot_ws/install/controller_manager_msgs/include/controller_manager_msgs/msg/detail/hardware_interface__rosidl_typesupport_fastrtps_cpp.hpp
[2.192s] -- Up-to-date symlink: /home/diego/Workspaces/ros2_control_diffbot_ws/install/controller_manager_msgs/include/controller_manager_msgs/msg/rosidl_typesupport_fastrtps_cpp__visibility_control.h
[2.194s] -- Up-to-date symlink: /home/diego/Workspaces/ros2_control_diffbot_ws/install/controller_manager_msgs/include/controller_manager_msgs/srv/detail/configure_controller__rosidl_typesupport_fastrtps_cpp.hpp
[2.196s] -- Up-to-date symlink: /home/diego/Workspaces/ros2_control_diffbot_ws/install/controller_manager_msgs/include/controller_manager_msgs/srv/detail/configure_start_controller__rosidl_typesupport_fastrtps_cpp.hpp
[2.201s] -- Up-to-date symlink: /home/diego/Workspaces/ros2_control_diffbot_ws/install/controller_manager_msgs/include/controller_manager_msgs/srv/detail/list_controller_types__rosidl_typesupport_fastrtps_cpp.hpp
[2.202s] -- Up-to-date symlink: /home/diego/Workspaces/ros2_control_diffbot_ws/install/controller_manager_msgs/include/controller_manager_msgs/srv/detail/list_controllers__rosidl_typesupport_fastrtps_cpp.hpp
[2.203s] -- Up-to-date symlink: /home/diego/Workspaces/ros2_control_diffbot_ws/install/controller_manager_msgs/include/controller_manager_msgs/srv/detail/list_hardware_interfaces__rosidl_typesupport_fastrtps_cpp.hpp
[2.205s] -- Up-to-date symlink: /home/diego/Workspaces/ros2_control_diffbot_ws/install/controller_manager_msgs/include/controller_manager_msgs/srv/detail/load_configure_controller__rosidl_typesupport_fastrtps_cpp.hpp
[2.208s] -- Up-to-date symlink: /home/diego/Workspaces/ros2_control_diffbot_ws/install/controller_manager_msgs/include/controller_manager_msgs/srv/detail/load_controller__rosidl_typesupport_fastrtps_cpp.hpp
[2.209s] -- Up-to-date symlink: /home/diego/Workspaces/ros2_control_diffbot_ws/install/controller_manager_msgs/include/controller_manager_msgs/srv/detail/load_start_controller__rosidl_typesupport_fastrtps_cpp.hpp
[2.212s] -- Up-to-date symlink: /home/diego/Workspaces/ros2_control_diffbot_ws/install/controller_manager_msgs/include/controller_manager_msgs/srv/detail/reload_controller_libraries__rosidl_typesupport_fastrtps_cpp.hpp
[2.214s] -- Up-to-date symlink: /home/diego/Workspaces/ros2_control_diffbot_ws/install/controller_manager_msgs/include/controller_manager_msgs/srv/detail/switch_controller__rosidl_typesupport_fastrtps_cpp.hpp
[2.215s] -- Up-to-date symlink: /home/diego/Workspaces/ros2_control_diffbot_ws/install/controller_manager_msgs/include/controller_manager_msgs/srv/detail/unload_controller__rosidl_typesupport_fastrtps_cpp.hpp
[2.223s] -- Up-to-date symlink: /home/diego/Workspaces/ros2_control_diffbot_ws/install/controller_manager_msgs/lib/libcontroller_manager_msgs__rosidl_typesupport_fastrtps_cpp.so
[2.225s] -- Up-to-date symlink: /home/diego/Workspaces/ros2_control_diffbot_ws/install/controller_manager_msgs/include/controller_manager_msgs/msg/detail/controller_state__rosidl_typesupport_introspection_c.h
[2.228s] -- Up-to-date symlink: /home/diego/Workspaces/ros2_control_diffbot_ws/install/controller_manager_msgs/include/controller_manager_msgs/msg/detail/hardware_interface__rosidl_typesupport_introspection_c.h
[2.230s] -- Up-to-date symlink: /home/diego/Workspaces/ros2_control_diffbot_ws/install/controller_manager_msgs/include/controller_manager_msgs/msg/rosidl_typesupport_introspection_c__visibility_control.h
[2.232s] -- Up-to-date symlink: /home/diego/Workspaces/ros2_control_diffbot_ws/install/controller_manager_msgs/include/controller_manager_msgs/srv/detail/configure_controller__rosidl_typesupport_introspection_c.h
[2.233s] -- Up-to-date symlink: /home/diego/Workspaces/ros2_control_diffbot_ws/install/controller_manager_msgs/include/controller_manager_msgs/srv/detail/configure_start_controller__rosidl_typesupport_introspection_c.h
[2.238s] -- Up-to-date symlink: /home/diego/Workspaces/ros2_control_diffbot_ws/install/controller_manager_msgs/include/controller_manager_msgs/srv/detail/list_controller_types__rosidl_typesupport_introspection_c.h
[2.239s] -- Up-to-date symlink: /home/diego/Workspaces/ros2_control_diffbot_ws/install/controller_manager_msgs/include/controller_manager_msgs/srv/detail/list_controllers__rosidl_typesupport_introspection_c.h
[2.240s] -- Up-to-date symlink: /home/diego/Workspaces/ros2_control_diffbot_ws/install/controller_manager_msgs/include/controller_manager_msgs/srv/detail/list_hardware_interfaces__rosidl_typesupport_introspection_c.h
[2.243s] -- Up-to-date symlink: /home/diego/Workspaces/ros2_control_diffbot_ws/install/controller_manager_msgs/include/controller_manager_msgs/srv/detail/load_configure_controller__rosidl_typesupport_introspection_c.h
[2.246s] -- Up-to-date symlink: /home/diego/Workspaces/ros2_control_diffbot_ws/install/controller_manager_msgs/include/controller_manager_msgs/srv/detail/load_controller__rosidl_typesupport_introspection_c.h
[2.247s] -- Up-to-date symlink: /home/diego/Workspaces/ros2_control_diffbot_ws/install/controller_manager_msgs/include/controller_manager_msgs/srv/detail/load_start_controller__rosidl_typesupport_introspection_c.h
[2.248s] -- Up-to-date symlink: /home/diego/Workspaces/ros2_control_diffbot_ws/install/controller_manager_msgs/include/controller_manager_msgs/srv/detail/reload_controller_libraries__rosidl_typesupport_introspection_c.h
[2.248s] -- Up-to-date symlink: /home/diego/Workspaces/ros2_control_diffbot_ws/install/controller_manager_msgs/include/controller_manager_msgs/srv/detail/switch_controller__rosidl_typesupport_introspection_c.h
[2.248s] -- Up-to-date symlink: /home/diego/Workspaces/ros2_control_diffbot_ws/install/controller_manager_msgs/include/controller_manager_msgs/srv/detail/unload_controller__rosidl_typesupport_introspection_c.h
[2.254s] -- Up-to-date symlink: /home/diego/Workspaces/ros2_control_diffbot_ws/install/controller_manager_msgs/include/controller_manager_msgs/msg/controller_state.hpp
[2.256s] -- Up-to-date symlink: /home/diego/Workspaces/ros2_control_diffbot_ws/install/controller_manager_msgs/include/controller_manager_msgs/msg/detail/controller_state__builder.hpp
[2.257s] -- Up-to-date symlink: /home/diego/Workspaces/ros2_control_diffbot_ws/install/controller_manager_msgs/include/controller_manager_msgs/msg/detail/controller_state__struct.hpp
[2.258s] -- Up-to-date symlink: /home/diego/Workspaces/ros2_control_diffbot_ws/install/controller_manager_msgs/include/controller_manager_msgs/msg/detail/controller_state__traits.hpp
[2.260s] -- Up-to-date symlink: /home/diego/Workspaces/ros2_control_diffbot_ws/install/controller_manager_msgs/include/controller_manager_msgs/msg/detail/hardware_interface__builder.hpp
[2.264s] -- Up-to-date symlink: /home/diego/Workspaces/ros2_control_diffbot_ws/install/controller_manager_msgs/include/controller_manager_msgs/msg/detail/hardware_interface__struct.hpp
[2.264s] -- Up-to-date symlink: /home/diego/Workspaces/ros2_control_diffbot_ws/install/controller_manager_msgs/include/controller_manager_msgs/msg/detail/hardware_interface__traits.hpp
[2.266s] -- Up-to-date symlink: /home/diego/Workspaces/ros2_control_diffbot_ws/install/controller_manager_msgs/include/controller_manager_msgs/msg/hardware_interface.hpp
[2.271s] -- Up-to-date symlink: /home/diego/Workspaces/ros2_control_diffbot_ws/install/controller_manager_msgs/include/controller_manager_msgs/srv/configure_controller.hpp
[2.272s] -- Up-to-date symlink: /home/diego/Workspaces/ros2_control_diffbot_ws/install/controller_manager_msgs/include/controller_manager_msgs/srv/configure_start_controller.hpp
[2.272s] -- Up-to-date symlink: /home/diego/Workspaces/ros2_control_diffbot_ws/install/controller_manager_msgs/include/controller_manager_msgs/srv/detail/configure_controller__builder.hpp
[2.273s] -- Up-to-date symlink: /home/diego/Workspaces/ros2_control_diffbot_ws/install/controller_manager_msgs/include/controller_manager_msgs/srv/detail/configure_controller__struct.hpp
[2.274s] -- Up-to-date symlink: /home/diego/Workspaces/ros2_control_diffbot_ws/install/controller_manager_msgs/include/controller_manager_msgs/srv/detail/configure_controller__traits.hpp
[2.276s] -- Up-to-date symlink: /home/diego/Workspaces/ros2_control_diffbot_ws/install/controller_manager_msgs/include/controller_manager_msgs/srv/detail/configure_start_controller__builder.hpp
[2.277s] -- Up-to-date symlink: /home/diego/Workspaces/ros2_control_diffbot_ws/install/controller_manager_msgs/include/controller_manager_msgs/srv/detail/configure_start_controller__struct.hpp
[2.279s] -- Up-to-date symlink: /home/diego/Workspaces/ros2_control_diffbot_ws/install/controller_manager_msgs/include/controller_manager_msgs/srv/detail/configure_start_controller__traits.hpp
[2.281s] -- Up-to-date symlink: /home/diego/Workspaces/ros2_control_diffbot_ws/install/controller_manager_msgs/include/controller_manager_msgs/srv/detail/list_controller_types__builder.hpp
[2.287s] -- Up-to-date symlink: /home/diego/Workspaces/ros2_control_diffbot_ws/install/controller_manager_msgs/include/controller_manager_msgs/srv/detail/list_controller_types__struct.hpp
[2.288s] -- Up-to-date symlink: /home/diego/Workspaces/ros2_control_diffbot_ws/install/controller_manager_msgs/include/controller_manager_msgs/srv/detail/list_controller_types__traits.hpp
[2.290s] -- Up-to-date symlink: /home/diego/Workspaces/ros2_control_diffbot_ws/install/controller_manager_msgs/include/controller_manager_msgs/srv/detail/list_controllers__builder.hpp
[2.293s] -- Up-to-date symlink: /home/diego/Workspaces/ros2_control_diffbot_ws/install/controller_manager_msgs/include/controller_manager_msgs/srv/detail/list_controllers__struct.hpp
[2.295s] -- Up-to-date symlink: /home/diego/Workspaces/ros2_control_diffbot_ws/install/controller_manager_msgs/include/controller_manager_msgs/srv/detail/list_controllers__traits.hpp
[2.297s] -- Up-to-date symlink: /home/diego/Workspaces/ros2_control_diffbot_ws/install/controller_manager_msgs/include/controller_manager_msgs/srv/detail/list_hardware_interfaces__builder.hpp
[2.298s] -- Up-to-date symlink: /home/diego/Workspaces/ros2_control_diffbot_ws/install/controller_manager_msgs/include/controller_manager_msgs/srv/detail/list_hardware_interfaces__struct.hpp
[2.301s] -- Up-to-date symlink: /home/diego/Workspaces/ros2_control_diffbot_ws/install/controller_manager_msgs/include/controller_manager_msgs/srv/detail/list_hardware_interfaces__traits.hpp
[2.303s] -- Up-to-date symlink: /home/diego/Workspaces/ros2_control_diffbot_ws/install/controller_manager_msgs/include/controller_manager_msgs/srv/detail/load_configure_controller__builder.hpp
[2.306s] -- Up-to-date symlink: /home/diego/Workspaces/ros2_control_diffbot_ws/install/controller_manager_msgs/include/controller_manager_msgs/srv/detail/load_configure_controller__struct.hpp
[2.309s] -- Up-to-date symlink: /home/diego/Workspaces/ros2_control_diffbot_ws/install/controller_manager_msgs/include/controller_manager_msgs/srv/detail/load_configure_controller__traits.hpp
[2.313s] -- Up-to-date symlink: /home/diego/Workspaces/ros2_control_diffbot_ws/install/controller_manager_msgs/include/controller_manager_msgs/srv/detail/load_controller__builder.hpp
[2.315s] -- Up-to-date symlink: /home/diego/Workspaces/ros2_control_diffbot_ws/install/controller_manager_msgs/include/controller_manager_msgs/srv/detail/load_controller__struct.hpp
[2.317s] -- Up-to-date symlink: /home/diego/Workspaces/ros2_control_diffbot_ws/install/controller_manager_msgs/include/controller_manager_msgs/srv/detail/load_controller__traits.hpp
[2.319s] -- Up-to-date symlink: /home/diego/Workspaces/ros2_control_diffbot_ws/install/controller_manager_msgs/include/controller_manager_msgs/srv/detail/load_start_controller__builder.hpp
[2.320s] -- Up-to-date symlink: /home/diego/Workspaces/ros2_control_diffbot_ws/install/controller_manager_msgs/include/controller_manager_msgs/srv/detail/load_start_controller__struct.hpp
[2.322s] -- Up-to-date symlink: /home/diego/Workspaces/ros2_control_diffbot_ws/install/controller_manager_msgs/include/controller_manager_msgs/srv/detail/load_start_controller__traits.hpp
[2.324s] -- Up-to-date symlink: /home/diego/Workspaces/ros2_control_diffbot_ws/install/controller_manager_msgs/include/controller_manager_msgs/srv/detail/reload_controller_libraries__builder.hpp
[2.327s] -- Up-to-date symlink: /home/diego/Workspaces/ros2_control_diffbot_ws/install/controller_manager_msgs/include/controller_manager_msgs/srv/detail/reload_controller_libraries__struct.hpp
[2.328s] -- Up-to-date symlink: /home/diego/Workspaces/ros2_control_diffbot_ws/install/controller_manager_msgs/include/controller_manager_msgs/srv/detail/reload_controller_libraries__traits.hpp
[2.332s] -- Up-to-date symlink: /home/diego/Workspaces/ros2_control_diffbot_ws/install/controller_manager_msgs/include/controller_manager_msgs/srv/detail/switch_controller__builder.hpp
[2.335s] -- Up-to-date symlink: /home/diego/Workspaces/ros2_control_diffbot_ws/install/controller_manager_msgs/include/controller_manager_msgs/srv/detail/switch_controller__struct.hpp
[2.336s] -- Up-to-date symlink: /home/diego/Workspaces/ros2_control_diffbot_ws/install/controller_manager_msgs/include/controller_manager_msgs/srv/detail/switch_controller__traits.hpp
[2.337s] -- Up-to-date symlink: /home/diego/Workspaces/ros2_control_diffbot_ws/install/controller_manager_msgs/include/controller_manager_msgs/srv/detail/unload_controller__builder.hpp
[2.341s] -- Up-to-date symlink: /home/diego/Workspaces/ros2_control_diffbot_ws/install/controller_manager_msgs/include/controller_manager_msgs/srv/detail/unload_controller__struct.hpp
[2.343s] -- Up-to-date symlink: /home/diego/Workspaces/ros2_control_diffbot_ws/install/controller_manager_msgs/include/controller_manager_msgs/srv/detail/unload_controller__traits.hpp
[2.345s] -- Up-to-date symlink: /home/diego/Workspaces/ros2_control_diffbot_ws/install/controller_manager_msgs/include/controller_manager_msgs/srv/list_controller_types.hpp
[2.348s] -- Up-to-date symlink: /home/diego/Workspaces/ros2_control_diffbot_ws/install/controller_manager_msgs/include/controller_manager_msgs/srv/list_controllers.hpp
[2.349s] -- Up-to-date symlink: /home/diego/Workspaces/ros2_control_diffbot_ws/install/controller_manager_msgs/include/controller_manager_msgs/srv/list_hardware_interfaces.hpp
[2.350s] -- Up-to-date symlink: /home/diego/Workspaces/ros2_control_diffbot_ws/install/controller_manager_msgs/include/controller_manager_msgs/srv/load_configure_controller.hpp
[2.354s] -- Up-to-date symlink: /home/diego/Workspaces/ros2_control_diffbot_ws/install/controller_manager_msgs/include/controller_manager_msgs/srv/load_controller.hpp
[2.358s] -- Up-to-date symlink: /home/diego/Workspaces/ros2_control_diffbot_ws/install/controller_manager_msgs/include/controller_manager_msgs/srv/load_start_controller.hpp
[2.360s] -- Up-to-date symlink: /home/diego/Workspaces/ros2_control_diffbot_ws/install/controller_manager_msgs/include/controller_manager_msgs/srv/reload_controller_libraries.hpp
[2.360s] -- Up-to-date symlink: /home/diego/Workspaces/ros2_control_diffbot_ws/install/controller_manager_msgs/include/controller_manager_msgs/srv/switch_controller.hpp
[2.362s] -- Up-to-date symlink: /home/diego/Workspaces/ros2_control_diffbot_ws/install/controller_manager_msgs/include/controller_manager_msgs/srv/unload_controller.hpp
[2.367s] -- Up-to-date symlink: /home/diego/Workspaces/ros2_control_diffbot_ws/install/controller_manager_msgs/include/controller_manager_msgs/msg/detail/controller_state__rosidl_typesupport_introspection_cpp.hpp
[2.373s] -- Up-to-date symlink: /home/diego/Workspaces/ros2_control_diffbot_ws/install/controller_manager_msgs/include/controller_manager_msgs/msg/detail/hardware_interface__rosidl_typesupport_introspection_cpp.hpp
[2.376s] -- Up-to-date symlink: /home/diego/Workspaces/ros2_control_diffbot_ws/install/controller_manager_msgs/include/controller_manager_msgs/srv/detail/configure_controller__rosidl_typesupport_introspection_cpp.hpp
[2.376s] -- Up-to-date symlink: /home/diego/Workspaces/ros2_control_diffbot_ws/install/controller_manager_msgs/include/controller_manager_msgs/srv/detail/configure_start_controller__rosidl_typesupport_introspection_cpp.hpp
[2.378s] -- Up-to-date symlink: /home/diego/Workspaces/ros2_control_diffbot_ws/install/controller_manager_msgs/include/controller_manager_msgs/srv/detail/list_controller_types__rosidl_typesupport_introspection_cpp.hpp
[2.383s] -- Up-to-date symlink: /home/diego/Workspaces/ros2_control_diffbot_ws/install/controller_manager_msgs/include/controller_manager_msgs/srv/detail/list_controllers__rosidl_typesupport_introspection_cpp.hpp
[2.383s] -- Up-to-date symlink: /home/diego/Workspaces/ros2_control_diffbot_ws/install/controller_manager_msgs/include/controller_manager_msgs/srv/detail/list_hardware_interfaces__rosidl_typesupport_introspection_cpp.hpp
[2.386s] -- Up-to-date symlink: /home/diego/Workspaces/ros2_control_diffbot_ws/install/controller_manager_msgs/include/controller_manager_msgs/srv/detail/load_configure_controller__rosidl_typesupport_introspection_cpp.hpp
[2.387s] -- Up-to-date symlink: /home/diego/Workspaces/ros2_control_diffbot_ws/install/controller_manager_msgs/include/controller_manager_msgs/srv/detail/load_controller__rosidl_typesupport_introspection_cpp.hpp
[2.389s] -- Up-to-date symlink: /home/diego/Workspaces/ros2_control_diffbot_ws/install/controller_manager_msgs/include/controller_manager_msgs/srv/detail/load_start_controller__rosidl_typesupport_introspection_cpp.hpp
[2.390s] -- Up-to-date symlink: /home/diego/Workspaces/ros2_control_diffbot_ws/install/controller_manager_msgs/include/controller_manager_msgs/srv/detail/reload_controller_libraries__rosidl_typesupport_introspection_cpp.hpp
[2.393s] -- Up-to-date symlink: /home/diego/Workspaces/ros2_control_diffbot_ws/install/controller_manager_msgs/include/controller_manager_msgs/srv/detail/switch_controller__rosidl_typesupport_introspection_cpp.hpp
[2.397s] -- Up-to-date symlink: /home/diego/Workspaces/ros2_control_diffbot_ws/install/controller_manager_msgs/include/controller_manager_msgs/srv/detail/unload_controller__rosidl_typesupport_introspection_cpp.hpp
[2.397s] -- Up-to-date symlink: /home/diego/Workspaces/ros2_control_diffbot_ws/install/controller_manager_msgs/share/controller_manager_msgs/environment/pythonpath.sh
[2.398s] -- Up-to-date symlink: /home/diego/Workspaces/ros2_control_diffbot_ws/install/controller_manager_msgs/share/controller_manager_msgs/environment/pythonpath.dsv
[2.403s] -- Up-to-date symlink: /home/diego/Workspaces/ros2_control_diffbot_ws/install/controller_manager_msgs/lib/python3.8/site-packages/controller_manager_msgs/__init__.py
[2.406s] -- Up-to-date symlink: /home/diego/Workspaces/ros2_control_diffbot_ws/install/controller_manager_msgs/lib/python3.8/site-packages/controller_manager_msgs/msg/__init__.py
[2.406s] -- Up-to-date symlink: /home/diego/Workspaces/ros2_control_diffbot_ws/install/controller_manager_msgs/lib/python3.8/site-packages/controller_manager_msgs/msg/_controller_state.py
[2.408s] -- Up-to-date symlink: /home/diego/Workspaces/ros2_control_diffbot_ws/install/controller_manager_msgs/lib/python3.8/site-packages/controller_manager_msgs/msg/_hardware_interface.py
[2.411s] -- Up-to-date symlink: /home/diego/Workspaces/ros2_control_diffbot_ws/install/controller_manager_msgs/lib/python3.8/site-packages/controller_manager_msgs/srv/__init__.py
[2.413s] -- Up-to-date symlink: /home/diego/Workspaces/ros2_control_diffbot_ws/install/controller_manager_msgs/lib/python3.8/site-packages/controller_manager_msgs/srv/_configure_controller.py
[2.414s] -- Up-to-date symlink: /home/diego/Workspaces/ros2_control_diffbot_ws/install/controller_manager_msgs/lib/python3.8/site-packages/controller_manager_msgs/srv/_configure_start_controller.py
[2.415s] -- Up-to-date symlink: /home/diego/Workspaces/ros2_control_diffbot_ws/install/controller_manager_msgs/lib/python3.8/site-packages/controller_manager_msgs/srv/_list_controller_types.py
[2.416s] -- Up-to-date symlink: /home/diego/Workspaces/ros2_control_diffbot_ws/install/controller_manager_msgs/lib/python3.8/site-packages/controller_manager_msgs/srv/_list_controllers.py
[2.417s] -- Up-to-date symlink: /home/diego/Workspaces/ros2_control_diffbot_ws/install/controller_manager_msgs/lib/python3.8/site-packages/controller_manager_msgs/srv/_list_hardware_interfaces.py
[2.419s] -- Up-to-date symlink: /home/diego/Workspaces/ros2_control_diffbot_ws/install/controller_manager_msgs/lib/python3.8/site-packages/controller_manager_msgs/srv/_load_configure_controller.py
[2.420s] -- Up-to-date symlink: /home/diego/Workspaces/ros2_control_diffbot_ws/install/controller_manager_msgs/lib/python3.8/site-packages/controller_manager_msgs/srv/_load_controller.py
[2.422s] -- Up-to-date symlink: /home/diego/Workspaces/ros2_control_diffbot_ws/install/controller_manager_msgs/lib/python3.8/site-packages/controller_manager_msgs/srv/_load_start_controller.py
[2.425s] -- Up-to-date symlink: /home/diego/Workspaces/ros2_control_diffbot_ws/install/controller_manager_msgs/lib/python3.8/site-packages/controller_manager_msgs/srv/_reload_controller_libraries.py
[2.427s] -- Up-to-date symlink: /home/diego/Workspaces/ros2_control_diffbot_ws/install/controller_manager_msgs/lib/python3.8/site-packages/controller_manager_msgs/srv/_switch_controller.py
[2.429s] -- Up-to-date symlink: /home/diego/Workspaces/ros2_control_diffbot_ws/install/controller_manager_msgs/lib/python3.8/site-packages/controller_manager_msgs/srv/_unload_controller.py
[2.432s] -- Up-to-date symlink: /home/diego/Workspaces/ros2_control_diffbot_ws/install/controller_manager_msgs/lib/python3.8/site-packages/controller_manager_msgs/controller_manager_msgs_s__rosidl_typesupport_fastrtps_c.cpython-38-x86_64-linux-gnu.so
[2.436s] -- Up-to-date symlink: /home/diego/Workspaces/ros2_control_diffbot_ws/install/controller_manager_msgs/lib/python3.8/site-packages/controller_manager_msgs/controller_manager_msgs_s__rosidl_typesupport_introspection_c.cpython-38-x86_64-linux-gnu.so
[2.443s] -- Up-to-date symlink: /home/diego/Workspaces/ros2_control_diffbot_ws/install/controller_manager_msgs/lib/python3.8/site-packages/controller_manager_msgs/controller_manager_msgs_s__rosidl_typesupport_c.cpython-38-x86_64-linux-gnu.so
[2.460s] -- Up-to-date symlink: /home/diego/Workspaces/ros2_control_diffbot_ws/install/controller_manager_msgs/lib/libcontroller_manager_msgs__python.so
[2.460s] -- Up-to-date symlink: /home/diego/Workspaces/ros2_control_diffbot_ws/install/controller_manager_msgs/share/controller_manager_msgs/msg/ControllerState.idl
[2.462s] -- Up-to-date symlink: /home/diego/Workspaces/ros2_control_diffbot_ws/install/controller_manager_msgs/share/controller_manager_msgs/msg/HardwareInterface.idl
[2.462s] -- Up-to-date symlink: /home/diego/Workspaces/ros2_control_diffbot_ws/install/controller_manager_msgs/share/controller_manager_msgs/srv/ConfigureController.idl
[2.462s] -- Up-to-date symlink: /home/diego/Workspaces/ros2_control_diffbot_ws/install/controller_manager_msgs/share/controller_manager_msgs/srv/ConfigureStartController.idl
[2.462s] -- Up-to-date symlink: /home/diego/Workspaces/ros2_control_diffbot_ws/install/controller_manager_msgs/share/controller_manager_msgs/srv/ListControllers.idl
[2.463s] -- Up-to-date symlink: /home/diego/Workspaces/ros2_control_diffbot_ws/install/controller_manager_msgs/share/controller_manager_msgs/srv/ListControllerTypes.idl
[2.463s] -- Up-to-date symlink: /home/diego/Workspaces/ros2_control_diffbot_ws/install/controller_manager_msgs/share/controller_manager_msgs/srv/ListHardwareInterfaces.idl
[2.464s] -- Up-to-date symlink: /home/diego/Workspaces/ros2_control_diffbot_ws/install/controller_manager_msgs/share/controller_manager_msgs/srv/LoadConfigureController.idl
[2.464s] -- Up-to-date symlink: /home/diego/Workspaces/ros2_control_diffbot_ws/install/controller_manager_msgs/share/controller_manager_msgs/srv/LoadController.idl
[2.465s] -- Up-to-date symlink: /home/diego/Workspaces/ros2_control_diffbot_ws/install/controller_manager_msgs/share/controller_manager_msgs/srv/LoadStartController.idl
[2.465s] -- Up-to-date symlink: /home/diego/Workspaces/ros2_control_diffbot_ws/install/controller_manager_msgs/share/controller_manager_msgs/srv/ReloadControllerLibraries.idl
[2.471s] -- Up-to-date symlink: /home/diego/Workspaces/ros2_control_diffbot_ws/install/controller_manager_msgs/share/controller_manager_msgs/srv/SwitchController.idl
[2.472s] -- Up-to-date symlink: /home/diego/Workspaces/ros2_control_diffbot_ws/install/controller_manager_msgs/share/controller_manager_msgs/srv/UnloadController.idl
[2.473s] -- Up-to-date symlink: /home/diego/Workspaces/ros2_control_diffbot_ws/install/controller_manager_msgs/share/controller_manager_msgs/msg/ControllerState.msg
[2.475s] -- Up-to-date symlink: /home/diego/Workspaces/ros2_control_diffbot_ws/install/controller_manager_msgs/share/controller_manager_msgs/msg/HardwareInterface.msg
[2.478s] -- Up-to-date symlink: /home/diego/Workspaces/ros2_control_diffbot_ws/install/controller_manager_msgs/share/controller_manager_msgs/srv/ConfigureController.srv
[2.481s] -- Up-to-date symlink: /home/diego/Workspaces/ros2_control_diffbot_ws/install/controller_manager_msgs/share/controller_manager_msgs/srv/ConfigureController_Request.msg
[2.484s] -- Up-to-date symlink: /home/diego/Workspaces/ros2_control_diffbot_ws/install/controller_manager_msgs/share/controller_manager_msgs/srv/ConfigureController_Response.msg
[2.486s] -- Up-to-date symlink: /home/diego/Workspaces/ros2_control_diffbot_ws/install/controller_manager_msgs/share/controller_manager_msgs/srv/ConfigureStartController.srv
[2.489s] -- Up-to-date symlink: /home/diego/Workspaces/ros2_control_diffbot_ws/install/controller_manager_msgs/share/controller_manager_msgs/srv/ConfigureStartController_Request.msg
[2.492s] -- Up-to-date symlink: /home/diego/Workspaces/ros2_control_diffbot_ws/install/controller_manager_msgs/share/controller_manager_msgs/srv/ConfigureStartController_Response.msg
[2.498s] -- Up-to-date symlink: /home/diego/Workspaces/ros2_control_diffbot_ws/install/controller_manager_msgs/share/controller_manager_msgs/srv/ListControllers.srv
[2.501s] -- Up-to-date symlink: /home/diego/Workspaces/ros2_control_diffbot_ws/install/controller_manager_msgs/share/controller_manager_msgs/srv/ListControllers_Request.msg
[2.504s] -- Up-to-date symlink: /home/diego/Workspaces/ros2_control_diffbot_ws/install/controller_manager_msgs/share/controller_manager_msgs/srv/ListControllers_Response.msg
[2.505s] -- Up-to-date symlink: /home/diego/Workspaces/ros2_control_diffbot_ws/install/controller_manager_msgs/share/controller_manager_msgs/srv/ListControllerTypes.srv
[2.507s] -- Up-to-date symlink: /home/diego/Workspaces/ros2_control_diffbot_ws/install/controller_manager_msgs/share/controller_manager_msgs/srv/ListControllerTypes_Request.msg
[2.509s] -- Up-to-date symlink: /home/diego/Workspaces/ros2_control_diffbot_ws/install/controller_manager_msgs/share/controller_manager_msgs/srv/ListControllerTypes_Response.msg
[2.512s] -- Up-to-date symlink: /home/diego/Workspaces/ros2_control_diffbot_ws/install/controller_manager_msgs/share/controller_manager_msgs/srv/ListHardwareInterfaces.srv
[2.516s] -- Up-to-date symlink: /home/diego/Workspaces/ros2_control_diffbot_ws/install/controller_manager_msgs/share/controller_manager_msgs/srv/ListHardwareInterfaces_Request.msg
[2.517s] -- Up-to-date symlink: /home/diego/Workspaces/ros2_control_diffbot_ws/install/controller_manager_msgs/share/controller_manager_msgs/srv/ListHardwareInterfaces_Response.msg
[2.520s] -- Up-to-date symlink: /home/diego/Workspaces/ros2_control_diffbot_ws/install/controller_manager_msgs/share/controller_manager_msgs/srv/LoadConfigureController.srv
[2.522s] -- Up-to-date symlink: /home/diego/Workspaces/ros2_control_diffbot_ws/install/controller_manager_msgs/share/controller_manager_msgs/srv/LoadConfigureController_Request.msg
[2.523s] -- Up-to-date symlink: /home/diego/Workspaces/ros2_control_diffbot_ws/install/controller_manager_msgs/share/controller_manager_msgs/srv/LoadConfigureController_Response.msg
[2.525s] -- Up-to-date symlink: /home/diego/Workspaces/ros2_control_diffbot_ws/install/controller_manager_msgs/share/controller_manager_msgs/srv/LoadController.srv
[2.528s] -- Up-to-date symlink: /home/diego/Workspaces/ros2_control_diffbot_ws/install/controller_manager_msgs/share/controller_manager_msgs/srv/LoadController_Request.msg
[2.530s] -- Up-to-date symlink: /home/diego/Workspaces/ros2_control_diffbot_ws/install/controller_manager_msgs/share/controller_manager_msgs/srv/LoadController_Response.msg
[2.532s] -- Up-to-date symlink: /home/diego/Workspaces/ros2_control_diffbot_ws/install/controller_manager_msgs/share/controller_manager_msgs/srv/LoadStartController.srv
[2.534s] -- Up-to-date symlink: /home/diego/Workspaces/ros2_control_diffbot_ws/install/controller_manager_msgs/share/controller_manager_msgs/srv/LoadStartController_Request.msg
[2.538s] -- Up-to-date symlink: /home/diego/Workspaces/ros2_control_diffbot_ws/install/controller_manager_msgs/share/controller_manager_msgs/srv/LoadStartController_Response.msg
[2.543s] -- Up-to-date symlink: /home/diego/Workspaces/ros2_control_diffbot_ws/install/controller_manager_msgs/share/controller_manager_msgs/srv/ReloadControllerLibraries.srv
[2.544s] -- Up-to-date symlink: /home/diego/Workspaces/ros2_control_diffbot_ws/install/controller_manager_msgs/share/controller_manager_msgs/srv/ReloadControllerLibraries_Request.msg
[2.546s] -- Up-to-date symlink: /home/diego/Workspaces/ros2_control_diffbot_ws/install/controller_manager_msgs/share/controller_manager_msgs/srv/ReloadControllerLibraries_Response.msg
[2.547s] -- Up-to-date symlink: /home/diego/Workspaces/ros2_control_diffbot_ws/install/controller_manager_msgs/share/controller_manager_msgs/srv/SwitchController.srv
[2.549s] -- Up-to-date symlink: /home/diego/Workspaces/ros2_control_diffbot_ws/install/controller_manager_msgs/share/controller_manager_msgs/srv/SwitchController_Request.msg
[2.551s] -- Up-to-date symlink: /home/diego/Workspaces/ros2_control_diffbot_ws/install/controller_manager_msgs/share/controller_manager_msgs/srv/SwitchController_Response.msg
[2.553s] -- Up-to-date symlink: /home/diego/Workspaces/ros2_control_diffbot_ws/install/controller_manager_msgs/share/controller_manager_msgs/srv/UnloadController.srv
[2.556s] -- Up-to-date symlink: /home/diego/Workspaces/ros2_control_diffbot_ws/install/controller_manager_msgs/share/controller_manager_msgs/srv/UnloadController_Request.msg
[2.558s] -- Up-to-date symlink: /home/diego/Workspaces/ros2_control_diffbot_ws/install/controller_manager_msgs/share/controller_manager_msgs/srv/UnloadController_Response.msg
[2.561s] -- Up-to-date symlink: /home/diego/Workspaces/ros2_control_diffbot_ws/install/controller_manager_msgs/share/ament_index/resource_index/package_run_dependencies/controller_manager_msgs
[2.565s] -- Up-to-date symlink: /home/diego/Workspaces/ros2_control_diffbot_ws/install/controller_manager_msgs/share/ament_index/resource_index/parent_prefix_path/controller_manager_msgs
[2.567s] -- Up-to-date symlink: /home/diego/Workspaces/ros2_control_diffbot_ws/install/controller_manager_msgs/share/controller_manager_msgs/environment/ament_prefix_path.sh
[2.572s] -- Up-to-date symlink: /home/diego/Workspaces/ros2_control_diffbot_ws/install/controller_manager_msgs/share/controller_manager_msgs/environment/ament_prefix_path.dsv
[2.575s] -- Up-to-date symlink: /home/diego/Workspaces/ros2_control_diffbot_ws/install/controller_manager_msgs/share/controller_manager_msgs/environment/path.sh
[2.578s] -- Up-to-date symlink: /home/diego/Workspaces/ros2_control_diffbot_ws/install/controller_manager_msgs/share/controller_manager_msgs/environment/path.dsv
[2.579s] -- Up-to-date symlink: /home/diego/Workspaces/ros2_control_diffbot_ws/install/controller_manager_msgs/share/controller_manager_msgs/local_setup.bash
[2.584s] -- Up-to-date symlink: /home/diego/Workspaces/ros2_control_diffbot_ws/install/controller_manager_msgs/share/controller_manager_msgs/local_setup.sh
[2.585s] -- Up-to-date symlink: /home/diego/Workspaces/ros2_control_diffbot_ws/install/controller_manager_msgs/share/controller_manager_msgs/local_setup.zsh
[2.587s] -- Up-to-date symlink: /home/diego/Workspaces/ros2_control_diffbot_ws/install/controller_manager_msgs/share/controller_manager_msgs/local_setup.dsv
[2.589s] -- Symlinking: /home/diego/Workspaces/ros2_control_diffbot_ws/install/controller_manager_msgs/share/controller_manager_msgs/package.dsv
[2.620s] -- Up-to-date symlink: /home/diego/Workspaces/ros2_control_diffbot_ws/install/controller_manager_msgs/share/ament_index/resource_index/packages/controller_manager_msgs
[2.623s] -- Up-to-date symlink: /home/diego/Workspaces/ros2_control_diffbot_ws/install/controller_manager_msgs/share/controller_manager_msgs/cmake/rosidl_cmake-extras.cmake
[2.625s] -- Up-to-date symlink: /home/diego/Workspaces/ros2_control_diffbot_ws/install/controller_manager_msgs/share/controller_manager_msgs/cmake/ament_cmake_export_dependencies-extras.cmake
[2.627s] -- Up-to-date symlink: /home/diego/Workspaces/ros2_control_diffbot_ws/install/controller_manager_msgs/share/controller_manager_msgs/cmake/ament_cmake_export_libraries-extras.cmake
[2.629s] -- Up-to-date symlink: /home/diego/Workspaces/ros2_control_diffbot_ws/install/controller_manager_msgs/share/controller_manager_msgs/cmake/ament_cmake_export_targets-extras.cmake
[2.630s] -- Up-to-date symlink: /home/diego/Workspaces/ros2_control_diffbot_ws/install/controller_manager_msgs/share/controller_manager_msgs/cmake/ament_cmake_export_include_directories-extras.cmake
[2.632s] -- Up-to-date symlink: /home/diego/Workspaces/ros2_control_diffbot_ws/install/controller_manager_msgs/share/controller_manager_msgs/cmake/rosidl_cmake_export_typesupport_libraries-extras.cmake
[2.633s] -- Up-to-date symlink: /home/diego/Workspaces/ros2_control_diffbot_ws/install/controller_manager_msgs/share/controller_manager_msgs/cmake/rosidl_cmake_export_typesupport_targets-extras.cmake
[2.635s] -- Up-to-date symlink: /home/diego/Workspaces/ros2_control_diffbot_ws/install/controller_manager_msgs/share/controller_manager_msgs/cmake/controller_manager_msgsConfig.cmake
[2.636s] -- Up-to-date symlink: /home/diego/Workspaces/ros2_control_diffbot_ws/install/controller_manager_msgs/share/controller_manager_msgs/cmake/controller_manager_msgsConfig-version.cmake
[2.638s] -- Up-to-date symlink: /home/diego/Workspaces/ros2_control_diffbot_ws/install/controller_manager_msgs/share/controller_manager_msgs/package.xml
[2.642s] -- Up-to-date: /home/diego/Workspaces/ros2_control_diffbot_ws/install/controller_manager_msgs/lib/libcontroller_manager_msgs__rosidl_generator_c.so
[2.646s] -- Up-to-date: /home/diego/Workspaces/ros2_control_diffbot_ws/install/controller_manager_msgs/lib/libcontroller_manager_msgs__rosidl_typesupport_introspection_c.so
[2.651s] -- Up-to-date: /home/diego/Workspaces/ros2_control_diffbot_ws/install/controller_manager_msgs/lib/libcontroller_manager_msgs__rosidl_typesupport_c.so
[2.656s] -- Up-to-date: /home/diego/Workspaces/ros2_control_diffbot_ws/install/controller_manager_msgs/lib/libcontroller_manager_msgs__rosidl_typesupport_introspection_cpp.so
[2.661s] -- Up-to-date: /home/diego/Workspaces/ros2_control_diffbot_ws/install/controller_manager_msgs/lib/libcontroller_manager_msgs__rosidl_typesupport_cpp.so
[2.791s] -- Up-to-date: /home/diego/Workspaces/ros2_control_diffbot_ws/install/controller_manager_msgs/share/controller_manager_msgs/cmake/controller_manager_msgs__rosidl_generator_cExport.cmake
[2.793s] -- Up-to-date: /home/diego/Workspaces/ros2_control_diffbot_ws/install/controller_manager_msgs/share/controller_manager_msgs/cmake/controller_manager_msgs__rosidl_generator_cExport-noconfig.cmake
[2.794s] -- Up-to-date: /home/diego/Workspaces/ros2_control_diffbot_ws/install/controller_manager_msgs/share/controller_manager_msgs/cmake/controller_manager_msgs__rosidl_typesupport_introspection_cExport.cmake
[2.795s] -- Up-to-date: /home/diego/Workspaces/ros2_control_diffbot_ws/install/controller_manager_msgs/share/controller_manager_msgs/cmake/controller_manager_msgs__rosidl_typesupport_introspection_cExport-noconfig.cmake
[2.797s] -- Up-to-date: /home/diego/Workspaces/ros2_control_diffbot_ws/install/controller_manager_msgs/share/controller_manager_msgs/cmake/controller_manager_msgs__rosidl_typesupport_cExport.cmake
[2.797s] -- Up-to-date: /home/diego/Workspaces/ros2_control_diffbot_ws/install/controller_manager_msgs/share/controller_manager_msgs/cmake/controller_manager_msgs__rosidl_typesupport_cExport-noconfig.cmake
[2.799s] -- Up-to-date: /home/diego/Workspaces/ros2_control_diffbot_ws/install/controller_manager_msgs/share/controller_manager_msgs/cmake/controller_manager_msgs__rosidl_generator_cppExport.cmake
[2.809s] -- Up-to-date: /home/diego/Workspaces/ros2_control_diffbot_ws/install/controller_manager_msgs/share/controller_manager_msgs/cmake/controller_manager_msgs__rosidl_typesupport_introspection_cppExport.cmake
[2.809s] -- Up-to-date: /home/diego/Workspaces/ros2_control_diffbot_ws/install/controller_manager_msgs/share/controller_manager_msgs/cmake/controller_manager_msgs__rosidl_typesupport_introspection_cppExport-noconfig.cmake
[2.810s] -- Up-to-date: /home/diego/Workspaces/ros2_control_diffbot_ws/install/controller_manager_msgs/share/controller_manager_msgs/cmake/controller_manager_msgs__rosidl_typesupport_cppExport.cmake
[2.810s] -- Up-to-date: /home/diego/Workspaces/ros2_control_diffbot_ws/install/controller_manager_msgs/share/controller_manager_msgs/cmake/controller_manager_msgs__rosidl_typesupport_cppExport-noconfig.cmake
[2.849s] Invoked command in '/home/diego/Workspaces/ros2_control_diffbot_ws/build/controller_manager_msgs' returned '0': CMAKE_PREFIX_PATH=/opt/ros/foxy /usr/bin/cmake --install /home/diego/Workspaces/ros2_control_diffbot_ws/build/controller_manager_msgs
