[0.108s] Invoking command in '/home/diego/Workspaces/ros2_control_diffbot_ws/build/realtime_tools': CMAKE_PREFIX_PATH=/opt/ros/foxy /usr/bin/cmake --build /home/diego/Workspaces/ros2_control_diffbot_ws/build/realtime_tools -- -j2 -l2
[0.277s] [ 11%] Built target realtime_tools
[0.398s] [ 29%] Built target gmock
[0.461s] [ 41%] Built target gmock_main
[0.538s] [ 52%] Built target realtime_buffer_tests
[0.630s] [ 64%] Built target realtime_publisher_tests
[0.720s] [ 76%] Built target realtime_server_goal_handle_tests
[0.789s] [ 88%] Built target realtime_box_tests
[0.861s] [100%] Built target realtime_clock_tests
[0.893s] Invoked command in '/home/diego/Workspaces/ros2_control_diffbot_ws/build/realtime_tools' returned '0': CMAKE_PREFIX_PATH=/opt/ros/foxy /usr/bin/cmake --build /home/diego/Workspaces/ros2_control_diffbot_ws/build/realtime_tools -- -j2 -l2
[1.043s] Invoking command in '/home/diego/Workspaces/ros2_control_diffbot_ws/build/realtime_tools': CMAKE_PREFIX_PATH=/opt/ros/foxy /usr/bin/cmake --install /home/diego/Workspaces/ros2_control_diffbot_ws/build/realtime_tools
[1.078s] -- Install configuration: ""
[1.080s] -- Execute custom install script
[1.083s] -- Up-to-date symlink: /home/diego/Workspaces/ros2_control_diffbot_ws/install/realtime_tools/include/realtime_tools/realtime_box.h
[1.085s] -- Up-to-date symlink: /home/diego/Workspaces/ros2_control_diffbot_ws/install/realtime_tools/include/realtime_tools/realtime_buffer.h
[1.087s] -- Up-to-date symlink: /home/diego/Workspaces/ros2_control_diffbot_ws/install/realtime_tools/include/realtime_tools/realtime_clock.h
[1.089s] -- Up-to-date symlink: /home/diego/Workspaces/ros2_control_diffbot_ws/install/realtime_tools/include/realtime_tools/realtime_publisher.h
[1.090s] -- Up-to-date symlink: /home/diego/Workspaces/ros2_control_diffbot_ws/install/realtime_tools/include/realtime_tools/realtime_server_goal_handle.h
[1.092s] -- Up-to-date symlink: /home/diego/Workspaces/ros2_control_diffbot_ws/install/realtime_tools/lib/librealtime_tools.a
[1.095s] -- Up-to-date symlink: /home/diego/Workspaces/ros2_control_diffbot_ws/install/realtime_tools/share/realtime_tools/environment/library_path.sh
[1.096s] -- Up-to-date symlink: /home/diego/Workspaces/ros2_control_diffbot_ws/install/realtime_tools/share/realtime_tools/environment/library_path.dsv
[1.098s] -- Up-to-date symlink: /home/diego/Workspaces/ros2_control_diffbot_ws/install/realtime_tools/share/ament_index/resource_index/package_run_dependencies/realtime_tools
[1.101s] -- Up-to-date symlink: /home/diego/Workspaces/ros2_control_diffbot_ws/install/realtime_tools/share/ament_index/resource_index/parent_prefix_path/realtime_tools
[1.103s] -- Up-to-date symlink: /home/diego/Workspaces/ros2_control_diffbot_ws/install/realtime_tools/share/realtime_tools/environment/ament_prefix_path.sh
[1.105s] -- Up-to-date symlink: /home/diego/Workspaces/ros2_control_diffbot_ws/install/realtime_tools/share/realtime_tools/environment/ament_prefix_path.dsv
[1.107s] -- Up-to-date symlink: /home/diego/Workspaces/ros2_control_diffbot_ws/install/realtime_tools/share/realtime_tools/environment/path.sh
[1.110s] -- Up-to-date symlink: /home/diego/Workspaces/ros2_control_diffbot_ws/install/realtime_tools/share/realtime_tools/environment/path.dsv
[1.111s] -- Up-to-date symlink: /home/diego/Workspaces/ros2_control_diffbot_ws/install/realtime_tools/share/realtime_tools/local_setup.bash
[1.113s] -- Up-to-date symlink: /home/diego/Workspaces/ros2_control_diffbot_ws/install/realtime_tools/share/realtime_tools/local_setup.sh
[1.115s] -- Up-to-date symlink: /home/diego/Workspaces/ros2_control_diffbot_ws/install/realtime_tools/share/realtime_tools/local_setup.zsh
[1.116s] -- Up-to-date symlink: /home/diego/Workspaces/ros2_control_diffbot_ws/install/realtime_tools/share/realtime_tools/local_setup.dsv
[1.118s] -- Symlinking: /home/diego/Workspaces/ros2_control_diffbot_ws/install/realtime_tools/share/realtime_tools/package.dsv
[1.158s] -- Up-to-date symlink: /home/diego/Workspaces/ros2_control_diffbot_ws/install/realtime_tools/share/ament_index/resource_index/packages/realtime_tools
[1.159s] -- Up-to-date symlink: /home/diego/Workspaces/ros2_control_diffbot_ws/install/realtime_tools/share/realtime_tools/cmake/ament_cmake_export_include_directories-extras.cmake
[1.159s] -- Up-to-date symlink: /home/diego/Workspaces/ros2_control_diffbot_ws/install/realtime_tools/share/realtime_tools/cmake/ament_cmake_export_libraries-extras.cmake
[1.159s] -- Up-to-date symlink: /home/diego/Workspaces/ros2_control_diffbot_ws/install/realtime_tools/share/realtime_tools/cmake/ament_cmake_export_dependencies-extras.cmake
[1.159s] -- Up-to-date symlink: /home/diego/Workspaces/ros2_control_diffbot_ws/install/realtime_tools/share/realtime_tools/cmake/realtime_toolsConfig.cmake
[1.159s] -- Up-to-date symlink: /home/diego/Workspaces/ros2_control_diffbot_ws/install/realtime_tools/share/realtime_tools/cmake/realtime_toolsConfig-version.cmake
[1.159s] -- Up-to-date symlink: /home/diego/Workspaces/ros2_control_diffbot_ws/install/realtime_tools/share/realtime_tools/package.xml
[1.174s] Invoked command in '/home/diego/Workspaces/ros2_control_diffbot_ws/build/realtime_tools' returned '0': CMAKE_PREFIX_PATH=/opt/ros/foxy /usr/bin/cmake --install /home/diego/Workspaces/ros2_control_diffbot_ws/build/realtime_tools
