[2.991s] Invoking command in '/home/diego/Workspaces/ros2_control_diffbot_ws/src/python_dev/src/package_python': PYTHONPATH=/home/diego/Workspaces/ros2_control_diffbot_ws/install/package_python/lib/python3.8/site-packages:${PYTHONPATH} /usr/bin/python3 setup.py egg_info --egg-base ../../../../build/package_python build --build-base /home/diego/Workspaces/ros2_control_diffbot_ws/build/package_python/build install --prefix /home/diego/Workspaces/ros2_control_diffbot_ws/install/package_python --record /home/diego/Workspaces/ros2_control_diffbot_ws/build/package_python/install.log --single-version-externally-managed
[3.750s] running egg_info
[3.753s] writing ../../../../build/package_python/package_python.egg-info/PKG-INFO
[3.754s] writing dependency_links to ../../../../build/package_python/package_python.egg-info/dependency_links.txt
[3.756s] writing entry points to ../../../../build/package_python/package_python.egg-info/entry_points.txt
[3.756s] writing requirements to ../../../../build/package_python/package_python.egg-info/requires.txt
[3.757s] writing top-level names to ../../../../build/package_python/package_python.egg-info/top_level.txt
[3.868s] reading manifest file '../../../../build/package_python/package_python.egg-info/SOURCES.txt'
[3.870s] writing manifest file '../../../../build/package_python/package_python.egg-info/SOURCES.txt'
[3.871s] running build
[3.871s] running build_py
[3.872s] running install
[3.873s] running install_lib
[3.879s] running install_data
[3.879s] running install_egg_info
[3.885s] removing '/home/diego/Workspaces/ros2_control_diffbot_ws/install/package_python/lib/python3.8/site-packages/package_python-0.0.0-py3.8.egg-info' (and everything under it)
[3.886s] Copying ../../../../build/package_python/package_python.egg-info to /home/diego/Workspaces/ros2_control_diffbot_ws/install/package_python/lib/python3.8/site-packages/package_python-0.0.0-py3.8.egg-info
[3.887s] running install_scripts
[3.942s] Installing nodo_py script to /home/diego/Workspaces/ros2_control_diffbot_ws/install/package_python/lib/package_python
[3.944s] writing list of installed files to '/home/diego/Workspaces/ros2_control_diffbot_ws/build/package_python/install.log'
[4.109s] Invoked command in '/home/diego/Workspaces/ros2_control_diffbot_ws/src/python_dev/src/package_python' returned '0': PYTHONPATH=/home/diego/Workspaces/ros2_control_diffbot_ws/install/package_python/lib/python3.8/site-packages:${PYTHONPATH} /usr/bin/python3 setup.py egg_info --egg-base ../../../../build/package_python build --build-base /home/diego/Workspaces/ros2_control_diffbot_ws/build/package_python/build install --prefix /home/diego/Workspaces/ros2_control_diffbot_ws/install/package_python --record /home/diego/Workspaces/ros2_control_diffbot_ws/build/package_python/install.log --single-version-externally-managed
