[0.756s] Invoking command in '/home/diego/Workspaces/ros2_control_diffbot_ws/build/controller_interface': AMENT_PREFIX_PATH=/home/diego/Workspaces/ros2_control_diffbot_ws/install/hardware_interface:/home/diego/Workspaces/ros2_control_diffbot_ws/install/control_msgs:${AMENT_PREFIX_PATH} CMAKE_PREFIX_PATH=/home/diego/Workspaces/ros2_control_diffbot_ws/install/hardware_interface:/home/diego/Workspaces/ros2_control_diffbot_ws/install/control_msgs:/opt/ros/foxy LD_LIBRARY_PATH=/home/diego/Workspaces/ros2_control_diffbot_ws/install/hardware_interface/lib:/home/diego/Workspaces/ros2_control_diffbot_ws/install/control_msgs/lib:${LD_LIBRARY_PATH} PYTHONPATH=/home/diego/Workspaces/ros2_control_diffbot_ws/install/control_msgs/lib/python3.8/site-packages:${PYTHONPATH} /usr/bin/cmake --build /home/diego/Workspaces/ros2_control_diffbot_ws/build/controller_interface -- -j2 -l2
[0.974s] [ 20%] Built target gmock
[1.060s] [ 33%] Built target gmock_main
[1.174s] [ 46%] Built target controller_interface
[1.267s] [ 60%] Built target test_force_torque_sensor
[1.361s] [ 73%] Built target test_semantic_component_interface
[1.454s] [ 86%] Built target test_imu_sensor
[1.555s] [100%] Built target test_controller_with_options
[1.587s] Invoked command in '/home/diego/Workspaces/ros2_control_diffbot_ws/build/controller_interface' returned '0': AMENT_PREFIX_PATH=/home/diego/Workspaces/ros2_control_diffbot_ws/install/hardware_interface:/home/diego/Workspaces/ros2_control_diffbot_ws/install/control_msgs:${AMENT_PREFIX_PATH} CMAKE_PREFIX_PATH=/home/diego/Workspaces/ros2_control_diffbot_ws/install/hardware_interface:/home/diego/Workspaces/ros2_control_diffbot_ws/install/control_msgs:/opt/ros/foxy LD_LIBRARY_PATH=/home/diego/Workspaces/ros2_control_diffbot_ws/install/hardware_interface/lib:/home/diego/Workspaces/ros2_control_diffbot_ws/install/control_msgs/lib:${LD_LIBRARY_PATH} PYTHONPATH=/home/diego/Workspaces/ros2_control_diffbot_ws/install/control_msgs/lib/python3.8/site-packages:${PYTHONPATH} /usr/bin/cmake --build /home/diego/Workspaces/ros2_control_diffbot_ws/build/controller_interface -- -j2 -l2
[1.725s] Invoking command in '/home/diego/Workspaces/ros2_control_diffbot_ws/build/controller_interface': AMENT_PREFIX_PATH=/home/diego/Workspaces/ros2_control_diffbot_ws/install/hardware_interface:/home/diego/Workspaces/ros2_control_diffbot_ws/install/control_msgs:${AMENT_PREFIX_PATH} CMAKE_PREFIX_PATH=/home/diego/Workspaces/ros2_control_diffbot_ws/install/hardware_interface:/home/diego/Workspaces/ros2_control_diffbot_ws/install/control_msgs:/opt/ros/foxy LD_LIBRARY_PATH=/home/diego/Workspaces/ros2_control_diffbot_ws/install/hardware_interface/lib:/home/diego/Workspaces/ros2_control_diffbot_ws/install/control_msgs/lib:${LD_LIBRARY_PATH} PYTHONPATH=/home/diego/Workspaces/ros2_control_diffbot_ws/install/control_msgs/lib/python3.8/site-packages:${PYTHONPATH} /usr/bin/cmake --install /home/diego/Workspaces/ros2_control_diffbot_ws/build/controller_interface
[1.758s] -- Install configuration: ""
[1.760s] -- Execute custom install script
[1.768s] -- Up-to-date symlink: /home/diego/Workspaces/ros2_control_diffbot_ws/install/controller_interface/include/controller_interface/controller_interface.hpp
[1.771s] -- Up-to-date symlink: /home/diego/Workspaces/ros2_control_diffbot_ws/install/controller_interface/include/controller_interface/controller_state_names.hpp
[1.772s] -- Up-to-date symlink: /home/diego/Workspaces/ros2_control_diffbot_ws/install/controller_interface/include/controller_interface/helpers.hpp
[1.775s] -- Up-to-date symlink: /home/diego/Workspaces/ros2_control_diffbot_ws/install/controller_interface/include/controller_interface/visibility_control.h
[1.777s] -- Up-to-date symlink: /home/diego/Workspaces/ros2_control_diffbot_ws/install/controller_interface/include/semantic_components/force_torque_sensor.hpp
[1.781s] -- Up-to-date symlink: /home/diego/Workspaces/ros2_control_diffbot_ws/install/controller_interface/include/semantic_components/imu_sensor.hpp
[1.782s] -- Up-to-date symlink: /home/diego/Workspaces/ros2_control_diffbot_ws/install/controller_interface/include/semantic_components/semantic_component_interface.hpp
[1.787s] -- Up-to-date symlink: /home/diego/Workspaces/ros2_control_diffbot_ws/install/controller_interface/lib/libcontroller_interface.so
[1.795s] -- Up-to-date symlink: /home/diego/Workspaces/ros2_control_diffbot_ws/install/controller_interface/share/controller_interface/environment/library_path.sh
[1.797s] -- Up-to-date symlink: /home/diego/Workspaces/ros2_control_diffbot_ws/install/controller_interface/share/controller_interface/environment/library_path.dsv
[1.802s] -- Up-to-date symlink: /home/diego/Workspaces/ros2_control_diffbot_ws/install/controller_interface/share/ament_index/resource_index/package_run_dependencies/controller_interface
[1.808s] -- Up-to-date symlink: /home/diego/Workspaces/ros2_control_diffbot_ws/install/controller_interface/share/ament_index/resource_index/parent_prefix_path/controller_interface
[1.810s] -- Up-to-date symlink: /home/diego/Workspaces/ros2_control_diffbot_ws/install/controller_interface/share/controller_interface/environment/ament_prefix_path.sh
[1.812s] -- Up-to-date symlink: /home/diego/Workspaces/ros2_control_diffbot_ws/install/controller_interface/share/controller_interface/environment/ament_prefix_path.dsv
[1.816s] -- Up-to-date symlink: /home/diego/Workspaces/ros2_control_diffbot_ws/install/controller_interface/share/controller_interface/environment/path.sh
[1.827s] -- Up-to-date symlink: /home/diego/Workspaces/ros2_control_diffbot_ws/install/controller_interface/share/controller_interface/environment/path.dsv
[1.830s] -- Up-to-date symlink: /home/diego/Workspaces/ros2_control_diffbot_ws/install/controller_interface/share/controller_interface/local_setup.bash
[1.832s] -- Up-to-date symlink: /home/diego/Workspaces/ros2_control_diffbot_ws/install/controller_interface/share/controller_interface/local_setup.sh
[1.834s] -- Up-to-date symlink: /home/diego/Workspaces/ros2_control_diffbot_ws/install/controller_interface/share/controller_interface/local_setup.zsh
[1.836s] -- Up-to-date symlink: /home/diego/Workspaces/ros2_control_diffbot_ws/install/controller_interface/share/controller_interface/local_setup.dsv
[1.837s] -- Symlinking: /home/diego/Workspaces/ros2_control_diffbot_ws/install/controller_interface/share/controller_interface/package.dsv
[1.864s] -- Up-to-date symlink: /home/diego/Workspaces/ros2_control_diffbot_ws/install/controller_interface/share/ament_index/resource_index/packages/controller_interface
[1.869s] -- Up-to-date symlink: /home/diego/Workspaces/ros2_control_diffbot_ws/install/controller_interface/share/controller_interface/cmake/ament_cmake_export_dependencies-extras.cmake
[1.872s] -- Up-to-date symlink: /home/diego/Workspaces/ros2_control_diffbot_ws/install/controller_interface/share/controller_interface/cmake/ament_cmake_export_include_directories-extras.cmake
[1.875s] -- Up-to-date symlink: /home/diego/Workspaces/ros2_control_diffbot_ws/install/controller_interface/share/controller_interface/cmake/ament_cmake_export_libraries-extras.cmake
[1.880s] -- Up-to-date symlink: /home/diego/Workspaces/ros2_control_diffbot_ws/install/controller_interface/share/controller_interface/cmake/controller_interfaceConfig.cmake
[1.882s] -- Up-to-date symlink: /home/diego/Workspaces/ros2_control_diffbot_ws/install/controller_interface/share/controller_interface/cmake/controller_interfaceConfig-version.cmake
[1.886s] -- Up-to-date symlink: /home/diego/Workspaces/ros2_control_diffbot_ws/install/controller_interface/share/controller_interface/package.xml
[1.906s] Invoked command in '/home/diego/Workspaces/ros2_control_diffbot_ws/build/controller_interface' returned '0': AMENT_PREFIX_PATH=/home/diego/Workspaces/ros2_control_diffbot_ws/install/hardware_interface:/home/diego/Workspaces/ros2_control_diffbot_ws/install/control_msgs:${AMENT_PREFIX_PATH} CMAKE_PREFIX_PATH=/home/diego/Workspaces/ros2_control_diffbot_ws/install/hardware_interface:/home/diego/Workspaces/ros2_control_diffbot_ws/install/control_msgs:/opt/ros/foxy LD_LIBRARY_PATH=/home/diego/Workspaces/ros2_control_diffbot_ws/install/hardware_interface/lib:/home/diego/Workspaces/ros2_control_diffbot_ws/install/control_msgs/lib:${LD_LIBRARY_PATH} PYTHONPATH=/home/diego/Workspaces/ros2_control_diffbot_ws/install/control_msgs/lib/python3.8/site-packages:${PYTHONPATH} /usr/bin/cmake --install /home/diego/Workspaces/ros2_control_diffbot_ws/build/controller_interface
