[0.087s] Invoking command in '/home/diego/Workspaces/ros2_control_diffbot_ws/build/diff_drive_controller': AMENT_PREFIX_PATH=/home/diego/Workspaces/ros2_control_diffbot_ws/install/controller_manager:/home/diego/Workspaces/ros2_control_diffbot_ws/install/controller_interface:/home/diego/Workspaces/ros2_control_diffbot_ws/install/hardware_interface:/home/diego/Workspaces/ros2_control_diffbot_ws/install/ros2_control_test_assets:/home/diego/Workspaces/ros2_control_diffbot_ws/install/realtime_tools:/home/diego/Workspaces/ros2_control_diffbot_ws/install/controller_manager_msgs:/home/diego/Workspaces/ros2_control_diffbot_ws/install/control_msgs:${AMENT_PREFIX_PATH} CMAKE_PREFIX_PATH=/home/diego/Workspaces/ros2_control_diffbot_ws/install/controller_manager:/home/diego/Workspaces/ros2_control_diffbot_ws/install/controller_interface:/home/diego/Workspaces/ros2_control_diffbot_ws/install/hardware_interface:/home/diego/Workspaces/ros2_control_diffbot_ws/install/ros2_control_test_assets:/home/diego/Workspaces/ros2_control_diffbot_ws/install/realtime_tools:/home/diego/Workspaces/ros2_control_diffbot_ws/install/controller_manager_msgs:/home/diego/Workspaces/ros2_control_diffbot_ws/install/control_msgs:/opt/ros/foxy LD_LIBRARY_PATH=/home/diego/Workspaces/ros2_control_diffbot_ws/install/controller_manager/lib:/home/diego/Workspaces/ros2_control_diffbot_ws/install/controller_interface/lib:/home/diego/Workspaces/ros2_control_diffbot_ws/install/hardware_interface/lib:/home/diego/Workspaces/ros2_control_diffbot_ws/install/realtime_tools/lib:/home/diego/Workspaces/ros2_control_diffbot_ws/install/controller_manager_msgs/lib:/home/diego/Workspaces/ros2_control_diffbot_ws/install/control_msgs/lib:${LD_LIBRARY_PATH} PYTHONPATH=/home/diego/Workspaces/ros2_control_diffbot_ws/install/controller_manager/lib/python3.8/site-packages:/home/diego/Workspaces/ros2_control_diffbot_ws/install/controller_manager_msgs/lib/python3.8/site-packages:/home/diego/Workspaces/ros2_control_diffbot_ws/install/control_msgs/lib/python3.8/site-packages:${PYTHONPATH} /usr/bin/cmake /home/diego/Workspaces/ros2_control_diffbot_ws/src/ros2_controllers/diff_drive_controller -DAMENT_CMAKE_SYMLINK_INSTALL=1 -DCMAKE_INSTALL_PREFIX=/home/diego/Workspaces/ros2_control_diffbot_ws/install/diff_drive_controller
[0.275s] -- The C compiler identification is GNU 9.4.0
[0.421s] -- The CXX compiler identification is GNU 9.4.0
[0.438s] -- Check for working C compiler: /usr/bin/cc
[0.621s] -- Check for working C compiler: /usr/bin/cc -- works
[0.623s] -- Detecting C compiler ABI info
[0.804s] -- Detecting C compiler ABI info - done
[0.835s] -- Detecting C compile features
[0.837s] -- Detecting C compile features - done
[0.846s] -- Check for working CXX compiler: /usr/bin/c++
[1.068s] -- Check for working CXX compiler: /usr/bin/c++ -- works
[1.071s] -- Detecting CXX compiler ABI info
[1.305s] -- Detecting CXX compiler ABI info - done
[1.338s] -- Detecting CXX compile features
[1.340s] -- Detecting CXX compile features - done
[1.349s] -- Found ament_cmake: 0.9.9 (/opt/ros/foxy/share/ament_cmake/cmake)
[1.433s] -- Found PythonInterp: /usr/bin/python3 (found suitable version "3.8.10", minimum required is "3") 
[1.434s] -- Using PYTHON_EXECUTABLE: /usr/bin/python3
[2.025s] -- Override CMake install command with custom implementation using symlinks instead of copying resources
[2.099s] -- Found controller_interface: 0.10.1 (/home/diego/Workspaces/ros2_control_diffbot_ws/install/controller_interface/share/controller_interface/cmake)
[2.220s] -- Using all available rosidl_typesupport_c: rosidl_typesupport_fastrtps_c;rosidl_typesupport_introspection_c
[2.240s] -- Found rosidl_adapter: 1.2.1 (/opt/ros/foxy/share/rosidl_adapter/cmake)
[2.482s] -- Found OpenSSL: /usr/lib/x86_64-linux-gnu/libcrypto.so (found version "1.1.1f")  
[2.568s] -- Found FastRTPS: /opt/ros/foxy/include  
[2.809s] -- Using all available rosidl_typesupport_cpp: rosidl_typesupport_fastrtps_cpp;rosidl_typesupport_introspection_cpp
[4.328s] -- Found rmw_implementation_cmake: 1.0.3 (/opt/ros/foxy/share/rmw_implementation_cmake/cmake)
[4.333s] -- Using RMW implementation 'rmw_fastrtps_cpp' as default
[4.336s] -- Looking for pthread.h
[4.543s] -- Looking for pthread.h - found
[4.545s] -- Performing Test CMAKE_HAVE_LIBC_PTHREAD
[4.757s] -- Performing Test CMAKE_HAVE_LIBC_PTHREAD - Failed
[4.758s] -- Looking for pthread_create in pthreads
[4.934s] -- Looking for pthread_create in pthreads - not found
[4.936s] -- Looking for pthread_create in pthread
[5.138s] -- Looking for pthread_create in pthread - found
[5.143s] -- Found Threads: TRUE  
[6.127s] -- Found nav_msgs: 2.0.5 (/opt/ros/foxy/share/nav_msgs/cmake)
[6.396s] -- Found realtime_tools: 2.2.0 (/home/diego/Workspaces/ros2_control_diffbot_ws/install/realtime_tools/share/realtime_tools/cmake)
[6.542s] -- Found tf2: 0.13.13 (/opt/ros/foxy/share/tf2/cmake)
[6.586s] -- Found tf2_msgs: 0.13.13 (/opt/ros/foxy/share/tf2_msgs/cmake)
[7.152s] -- Found ament_cmake_gmock: 0.9.9 (/opt/ros/foxy/share/ament_cmake_gmock/cmake)
[7.155s] -- Found controller_manager: 0.10.1 (/home/diego/Workspaces/ros2_control_diffbot_ws/install/controller_manager/share/controller_manager/cmake)
[7.348s] -- Found gmock sources under '/opt/ros/foxy/src/gmock_vendor': C++ tests using 'Google Mock' will be built
[7.358s] -- Found ament_cmake_gtest: 0.9.9 (/opt/ros/foxy/share/ament_cmake_gtest/cmake)
[7.365s] -- Found gtest sources under '/opt/ros/foxy/src/gtest_vendor': C++ tests using 'Google Test' will be built
[7.921s] -- Configuring done
[8.383s] -- Generating done
[8.398s] -- Build files have been written to: /home/diego/Workspaces/ros2_control_diffbot_ws/build/diff_drive_controller
[8.481s] Invoked command in '/home/diego/Workspaces/ros2_control_diffbot_ws/build/diff_drive_controller' returned '0': AMENT_PREFIX_PATH=/home/diego/Workspaces/ros2_control_diffbot_ws/install/controller_manager:/home/diego/Workspaces/ros2_control_diffbot_ws/install/controller_interface:/home/diego/Workspaces/ros2_control_diffbot_ws/install/hardware_interface:/home/diego/Workspaces/ros2_control_diffbot_ws/install/ros2_control_test_assets:/home/diego/Workspaces/ros2_control_diffbot_ws/install/realtime_tools:/home/diego/Workspaces/ros2_control_diffbot_ws/install/controller_manager_msgs:/home/diego/Workspaces/ros2_control_diffbot_ws/install/control_msgs:${AMENT_PREFIX_PATH} CMAKE_PREFIX_PATH=/home/diego/Workspaces/ros2_control_diffbot_ws/install/controller_manager:/home/diego/Workspaces/ros2_control_diffbot_ws/install/controller_interface:/home/diego/Workspaces/ros2_control_diffbot_ws/install/hardware_interface:/home/diego/Workspaces/ros2_control_diffbot_ws/install/ros2_control_test_assets:/home/diego/Workspaces/ros2_control_diffbot_ws/install/realtime_tools:/home/diego/Workspaces/ros2_control_diffbot_ws/install/controller_manager_msgs:/home/diego/Workspaces/ros2_control_diffbot_ws/install/control_msgs:/opt/ros/foxy LD_LIBRARY_PATH=/home/diego/Workspaces/ros2_control_diffbot_ws/install/controller_manager/lib:/home/diego/Workspaces/ros2_control_diffbot_ws/install/controller_interface/lib:/home/diego/Workspaces/ros2_control_diffbot_ws/install/hardware_interface/lib:/home/diego/Workspaces/ros2_control_diffbot_ws/install/realtime_tools/lib:/home/diego/Workspaces/ros2_control_diffbot_ws/install/controller_manager_msgs/lib:/home/diego/Workspaces/ros2_control_diffbot_ws/install/control_msgs/lib:${LD_LIBRARY_PATH} PYTHONPATH=/home/diego/Workspaces/ros2_control_diffbot_ws/install/controller_manager/lib/python3.8/site-packages:/home/diego/Workspaces/ros2_control_diffbot_ws/install/controller_manager_msgs/lib/python3.8/site-packages:/home/diego/Workspaces/ros2_control_diffbot_ws/install/control_msgs/lib/python3.8/site-packages:${PYTHONPATH} /usr/bin/cmake /home/diego/Workspaces/ros2_control_diffbot_ws/src/ros2_controllers/diff_drive_controller -DAMENT_CMAKE_SYMLINK_INSTALL=1 -DCMAKE_INSTALL_PREFIX=/home/diego/Workspaces/ros2_control_diffbot_ws/install/diff_drive_controller
[8.491s] Invoking command in '/home/diego/Workspaces/ros2_control_diffbot_ws/build/diff_drive_controller': AMENT_PREFIX_PATH=/home/diego/Workspaces/ros2_control_diffbot_ws/install/controller_manager:/home/diego/Workspaces/ros2_control_diffbot_ws/install/controller_interface:/home/diego/Workspaces/ros2_control_diffbot_ws/install/hardware_interface:/home/diego/Workspaces/ros2_control_diffbot_ws/install/ros2_control_test_assets:/home/diego/Workspaces/ros2_control_diffbot_ws/install/realtime_tools:/home/diego/Workspaces/ros2_control_diffbot_ws/install/controller_manager_msgs:/home/diego/Workspaces/ros2_control_diffbot_ws/install/control_msgs:${AMENT_PREFIX_PATH} CMAKE_PREFIX_PATH=/home/diego/Workspaces/ros2_control_diffbot_ws/install/controller_manager:/home/diego/Workspaces/ros2_control_diffbot_ws/install/controller_interface:/home/diego/Workspaces/ros2_control_diffbot_ws/install/hardware_interface:/home/diego/Workspaces/ros2_control_diffbot_ws/install/ros2_control_test_assets:/home/diego/Workspaces/ros2_control_diffbot_ws/install/realtime_tools:/home/diego/Workspaces/ros2_control_diffbot_ws/install/controller_manager_msgs:/home/diego/Workspaces/ros2_control_diffbot_ws/install/control_msgs:/opt/ros/foxy LD_LIBRARY_PATH=/home/diego/Workspaces/ros2_control_diffbot_ws/install/controller_manager/lib:/home/diego/Workspaces/ros2_control_diffbot_ws/install/controller_interface/lib:/home/diego/Workspaces/ros2_control_diffbot_ws/install/hardware_interface/lib:/home/diego/Workspaces/ros2_control_diffbot_ws/install/realtime_tools/lib:/home/diego/Workspaces/ros2_control_diffbot_ws/install/controller_manager_msgs/lib:/home/diego/Workspaces/ros2_control_diffbot_ws/install/control_msgs/lib:${LD_LIBRARY_PATH} PYTHONPATH=/home/diego/Workspaces/ros2_control_diffbot_ws/install/controller_manager/lib/python3.8/site-packages:/home/diego/Workspaces/ros2_control_diffbot_ws/install/controller_manager_msgs/lib/python3.8/site-packages:/home/diego/Workspaces/ros2_control_diffbot_ws/install/control_msgs/lib/python3.8/site-packages:${PYTHONPATH} /usr/bin/cmake --build /home/diego/Workspaces/ros2_control_diffbot_ws/build/diff_drive_controller -- -j2 -l2
[8.797s] [35m[1mScanning dependencies of target gmock[0m
[8.862s] [  6%] [32mBuilding CXX object gmock/CMakeFiles/gmock.dir/opt/ros/foxy/src/gtest_vendor/src/gtest-all.cc.o[0m
[22.187s] [ 13%] [32mBuilding CXX object gmock/CMakeFiles/gmock.dir/src/gmock-all.cc.o[0m
[29.158s] [ 20%] [32m[1mLinking CXX static library libgmock.a[0m
[29.481s] [ 20%] Built target gmock
[29.557s] [35m[1mScanning dependencies of target gmock_main[0m
[29.620s] [ 26%] [32mBuilding CXX object gmock/CMakeFiles/gmock_main.dir/src/gmock_main.cc.o[0m
[32.801s] [ 33%] [32m[1mLinking CXX static library libgmock_main.a[0m
[32.899s] [ 33%] Built target gmock_main
[32.929s] [35m[1mScanning dependencies of target diff_drive_controller[0m
[33.109s] [ 40%] [32mBuilding CXX object CMakeFiles/diff_drive_controller.dir/src/diff_drive_controller.cpp.o[0m
[63.018s] [ 46%] [32mBuilding CXX object CMakeFiles/diff_drive_controller.dir/src/odometry.cpp.o[0m
[64.305s] [ 53%] [32mBuilding CXX object CMakeFiles/diff_drive_controller.dir/src/speed_limiter.cpp.o[0m
[64.980s] [ 60%] [32m[1mLinking CXX shared library libdiff_drive_controller.so[0m
[66.914s] [ 60%] Built target diff_drive_controller
[66.938s] [35m[1mScanning dependencies of target test_accumulator[0m
[66.986s] [ 66%] [32mBuilding CXX object CMakeFiles/test_accumulator.dir/test/test_accumulator.cpp.o[0m
[70.223s] [ 73%] [32m[1mLinking CXX executable test_accumulator[0m
[70.705s] [ 73%] Built target test_accumulator
[70.734s] [35m[1mScanning dependencies of target test_load_diff_drive_controller[0m
[70.898s] [ 80%] [32mBuilding CXX object CMakeFiles/test_load_diff_drive_controller.dir/test/test_load_diff_drive_controller.cpp.o[0m
[81.990s] [ 86%] [32m[1mLinking CXX executable test_load_diff_drive_controller[0m
[83.744s] [ 86%] Built target test_load_diff_drive_controller
[83.774s] [35m[1mScanning dependencies of target test_diff_drive_controller[0m
[83.922s] [ 93%] [32mBuilding CXX object CMakeFiles/test_diff_drive_controller.dir/test/test_diff_drive_controller.cpp.o[0m
[100.149s] [100%] [32m[1mLinking CXX executable test_diff_drive_controller[0m
[102.775s] [100%] Built target test_diff_drive_controller
[102.828s] Invoked command in '/home/diego/Workspaces/ros2_control_diffbot_ws/build/diff_drive_controller' returned '0': AMENT_PREFIX_PATH=/home/diego/Workspaces/ros2_control_diffbot_ws/install/controller_manager:/home/diego/Workspaces/ros2_control_diffbot_ws/install/controller_interface:/home/diego/Workspaces/ros2_control_diffbot_ws/install/hardware_interface:/home/diego/Workspaces/ros2_control_diffbot_ws/install/ros2_control_test_assets:/home/diego/Workspaces/ros2_control_diffbot_ws/install/realtime_tools:/home/diego/Workspaces/ros2_control_diffbot_ws/install/controller_manager_msgs:/home/diego/Workspaces/ros2_control_diffbot_ws/install/control_msgs:${AMENT_PREFIX_PATH} CMAKE_PREFIX_PATH=/home/diego/Workspaces/ros2_control_diffbot_ws/install/controller_manager:/home/diego/Workspaces/ros2_control_diffbot_ws/install/controller_interface:/home/diego/Workspaces/ros2_control_diffbot_ws/install/hardware_interface:/home/diego/Workspaces/ros2_control_diffbot_ws/install/ros2_control_test_assets:/home/diego/Workspaces/ros2_control_diffbot_ws/install/realtime_tools:/home/diego/Workspaces/ros2_control_diffbot_ws/install/controller_manager_msgs:/home/diego/Workspaces/ros2_control_diffbot_ws/install/control_msgs:/opt/ros/foxy LD_LIBRARY_PATH=/home/diego/Workspaces/ros2_control_diffbot_ws/install/controller_manager/lib:/home/diego/Workspaces/ros2_control_diffbot_ws/install/controller_interface/lib:/home/diego/Workspaces/ros2_control_diffbot_ws/install/hardware_interface/lib:/home/diego/Workspaces/ros2_control_diffbot_ws/install/realtime_tools/lib:/home/diego/Workspaces/ros2_control_diffbot_ws/install/controller_manager_msgs/lib:/home/diego/Workspaces/ros2_control_diffbot_ws/install/control_msgs/lib:${LD_LIBRARY_PATH} PYTHONPATH=/home/diego/Workspaces/ros2_control_diffbot_ws/install/controller_manager/lib/python3.8/site-packages:/home/diego/Workspaces/ros2_control_diffbot_ws/install/controller_manager_msgs/lib/python3.8/site-packages:/home/diego/Workspaces/ros2_control_diffbot_ws/install/control_msgs/lib/python3.8/site-packages:${PYTHONPATH} /usr/bin/cmake --build /home/diego/Workspaces/ros2_control_diffbot_ws/build/diff_drive_controller -- -j2 -l2
[102.959s] Invoking command in '/home/diego/Workspaces/ros2_control_diffbot_ws/build/diff_drive_controller': AMENT_PREFIX_PATH=/home/diego/Workspaces/ros2_control_diffbot_ws/install/controller_manager:/home/diego/Workspaces/ros2_control_diffbot_ws/install/controller_interface:/home/diego/Workspaces/ros2_control_diffbot_ws/install/hardware_interface:/home/diego/Workspaces/ros2_control_diffbot_ws/install/ros2_control_test_assets:/home/diego/Workspaces/ros2_control_diffbot_ws/install/realtime_tools:/home/diego/Workspaces/ros2_control_diffbot_ws/install/controller_manager_msgs:/home/diego/Workspaces/ros2_control_diffbot_ws/install/control_msgs:${AMENT_PREFIX_PATH} CMAKE_PREFIX_PATH=/home/diego/Workspaces/ros2_control_diffbot_ws/install/controller_manager:/home/diego/Workspaces/ros2_control_diffbot_ws/install/controller_interface:/home/diego/Workspaces/ros2_control_diffbot_ws/install/hardware_interface:/home/diego/Workspaces/ros2_control_diffbot_ws/install/ros2_control_test_assets:/home/diego/Workspaces/ros2_control_diffbot_ws/install/realtime_tools:/home/diego/Workspaces/ros2_control_diffbot_ws/install/controller_manager_msgs:/home/diego/Workspaces/ros2_control_diffbot_ws/install/control_msgs:/opt/ros/foxy LD_LIBRARY_PATH=/home/diego/Workspaces/ros2_control_diffbot_ws/install/controller_manager/lib:/home/diego/Workspaces/ros2_control_diffbot_ws/install/controller_interface/lib:/home/diego/Workspaces/ros2_control_diffbot_ws/install/hardware_interface/lib:/home/diego/Workspaces/ros2_control_diffbot_ws/install/realtime_tools/lib:/home/diego/Workspaces/ros2_control_diffbot_ws/install/controller_manager_msgs/lib:/home/diego/Workspaces/ros2_control_diffbot_ws/install/control_msgs/lib:${LD_LIBRARY_PATH} PYTHONPATH=/home/diego/Workspaces/ros2_control_diffbot_ws/install/controller_manager/lib/python3.8/site-packages:/home/diego/Workspaces/ros2_control_diffbot_ws/install/controller_manager_msgs/lib/python3.8/site-packages:/home/diego/Workspaces/ros2_control_diffbot_ws/install/control_msgs/lib/python3.8/site-packages:${PYTHONPATH} /usr/bin/cmake --install /home/diego/Workspaces/ros2_control_diffbot_ws/build/diff_drive_controller
[102.987s] -- Install configuration: ""
[102.989s] -- Execute custom install script
[102.991s] -- Symlinking: /home/diego/Workspaces/ros2_control_diffbot_ws/install/diff_drive_controller/share/diff_drive_controller//diff_drive_plugin.xml
[103.023s] -- Symlinking: /home/diego/Workspaces/ros2_control_diffbot_ws/install/diff_drive_controller/include/diff_drive_controller/diff_drive_controller.hpp
[103.048s] -- Symlinking: /home/diego/Workspaces/ros2_control_diffbot_ws/install/diff_drive_controller/include/diff_drive_controller/odometry.hpp
[103.076s] -- Symlinking: /home/diego/Workspaces/ros2_control_diffbot_ws/install/diff_drive_controller/include/diff_drive_controller/rolling_mean_accumulator.hpp
[103.104s] -- Symlinking: /home/diego/Workspaces/ros2_control_diffbot_ws/install/diff_drive_controller/include/diff_drive_controller/speed_limiter.hpp
[103.130s] -- Symlinking: /home/diego/Workspaces/ros2_control_diffbot_ws/install/diff_drive_controller/include/diff_drive_controller/visibility_control.h
[103.160s] -- Symlinking: /home/diego/Workspaces/ros2_control_diffbot_ws/install/diff_drive_controller/lib/libdiff_drive_controller.so
[103.196s] -- Symlinking: /home/diego/Workspaces/ros2_control_diffbot_ws/install/diff_drive_controller/share/diff_drive_controller/environment/library_path.sh
[103.232s] -- Symlinking: /home/diego/Workspaces/ros2_control_diffbot_ws/install/diff_drive_controller/share/diff_drive_controller/environment/library_path.dsv
[103.265s] -- Symlinking: /home/diego/Workspaces/ros2_control_diffbot_ws/install/diff_drive_controller/share/ament_index/resource_index/package_run_dependencies/diff_drive_controller
[103.289s] -- Symlinking: /home/diego/Workspaces/ros2_control_diffbot_ws/install/diff_drive_controller/share/ament_index/resource_index/parent_prefix_path/diff_drive_controller
[103.314s] -- Symlinking: /home/diego/Workspaces/ros2_control_diffbot_ws/install/diff_drive_controller/share/diff_drive_controller/environment/ament_prefix_path.sh
[103.345s] -- Symlinking: /home/diego/Workspaces/ros2_control_diffbot_ws/install/diff_drive_controller/share/diff_drive_controller/environment/ament_prefix_path.dsv
[103.376s] -- Symlinking: /home/diego/Workspaces/ros2_control_diffbot_ws/install/diff_drive_controller/share/diff_drive_controller/environment/path.sh
[103.400s] -- Symlinking: /home/diego/Workspaces/ros2_control_diffbot_ws/install/diff_drive_controller/share/diff_drive_controller/environment/path.dsv
[103.423s] -- Symlinking: /home/diego/Workspaces/ros2_control_diffbot_ws/install/diff_drive_controller/share/diff_drive_controller/local_setup.bash
[103.453s] -- Symlinking: /home/diego/Workspaces/ros2_control_diffbot_ws/install/diff_drive_controller/share/diff_drive_controller/local_setup.sh
[103.479s] -- Symlinking: /home/diego/Workspaces/ros2_control_diffbot_ws/install/diff_drive_controller/share/diff_drive_controller/local_setup.zsh
[103.503s] -- Symlinking: /home/diego/Workspaces/ros2_control_diffbot_ws/install/diff_drive_controller/share/diff_drive_controller/local_setup.dsv
[103.528s] -- Symlinking: /home/diego/Workspaces/ros2_control_diffbot_ws/install/diff_drive_controller/share/diff_drive_controller/package.dsv
[103.558s] -- Symlinking: /home/diego/Workspaces/ros2_control_diffbot_ws/install/diff_drive_controller/share/ament_index/resource_index/packages/diff_drive_controller
[103.587s] -- Symlinking: /home/diego/Workspaces/ros2_control_diffbot_ws/install/diff_drive_controller/share/ament_index/resource_index/controller_interface__pluginlib__plugin/diff_drive_controller
[103.610s] -- Symlinking: /home/diego/Workspaces/ros2_control_diffbot_ws/install/diff_drive_controller/share/diff_drive_controller/cmake/ament_cmake_export_dependencies-extras.cmake
[103.636s] -- Symlinking: /home/diego/Workspaces/ros2_control_diffbot_ws/install/diff_drive_controller/share/diff_drive_controller/cmake/ament_cmake_export_include_directories-extras.cmake
[103.661s] -- Symlinking: /home/diego/Workspaces/ros2_control_diffbot_ws/install/diff_drive_controller/share/diff_drive_controller/cmake/ament_cmake_export_libraries-extras.cmake
[103.684s] -- Symlinking: /home/diego/Workspaces/ros2_control_diffbot_ws/install/diff_drive_controller/share/diff_drive_controller/cmake/diff_drive_controllerConfig.cmake
[103.708s] -- Symlinking: /home/diego/Workspaces/ros2_control_diffbot_ws/install/diff_drive_controller/share/diff_drive_controller/cmake/diff_drive_controllerConfig-version.cmake
[103.736s] -- Symlinking: /home/diego/Workspaces/ros2_control_diffbot_ws/install/diff_drive_controller/share/diff_drive_controller/package.xml
[103.774s] Invoked command in '/home/diego/Workspaces/ros2_control_diffbot_ws/build/diff_drive_controller' returned '0': AMENT_PREFIX_PATH=/home/diego/Workspaces/ros2_control_diffbot_ws/install/controller_manager:/home/diego/Workspaces/ros2_control_diffbot_ws/install/controller_interface:/home/diego/Workspaces/ros2_control_diffbot_ws/install/hardware_interface:/home/diego/Workspaces/ros2_control_diffbot_ws/install/ros2_control_test_assets:/home/diego/Workspaces/ros2_control_diffbot_ws/install/realtime_tools:/home/diego/Workspaces/ros2_control_diffbot_ws/install/controller_manager_msgs:/home/diego/Workspaces/ros2_control_diffbot_ws/install/control_msgs:${AMENT_PREFIX_PATH} CMAKE_PREFIX_PATH=/home/diego/Workspaces/ros2_control_diffbot_ws/install/controller_manager:/home/diego/Workspaces/ros2_control_diffbot_ws/install/controller_interface:/home/diego/Workspaces/ros2_control_diffbot_ws/install/hardware_interface:/home/diego/Workspaces/ros2_control_diffbot_ws/install/ros2_control_test_assets:/home/diego/Workspaces/ros2_control_diffbot_ws/install/realtime_tools:/home/diego/Workspaces/ros2_control_diffbot_ws/install/controller_manager_msgs:/home/diego/Workspaces/ros2_control_diffbot_ws/install/control_msgs:/opt/ros/foxy LD_LIBRARY_PATH=/home/diego/Workspaces/ros2_control_diffbot_ws/install/controller_manager/lib:/home/diego/Workspaces/ros2_control_diffbot_ws/install/controller_interface/lib:/home/diego/Workspaces/ros2_control_diffbot_ws/install/hardware_interface/lib:/home/diego/Workspaces/ros2_control_diffbot_ws/install/realtime_tools/lib:/home/diego/Workspaces/ros2_control_diffbot_ws/install/controller_manager_msgs/lib:/home/diego/Workspaces/ros2_control_diffbot_ws/install/control_msgs/lib:${LD_LIBRARY_PATH} PYTHONPATH=/home/diego/Workspaces/ros2_control_diffbot_ws/install/controller_manager/lib/python3.8/site-packages:/home/diego/Workspaces/ros2_control_diffbot_ws/install/controller_manager_msgs/lib/python3.8/site-packages:/home/diego/Workspaces/ros2_control_diffbot_ws/install/control_msgs/lib/python3.8/site-packages:${PYTHONPATH} /usr/bin/cmake --install /home/diego/Workspaces/ros2_control_diffbot_ws/build/diff_drive_controller
