[0.065s] Invoking command in '/home/diego/Workspaces/ros2_control_diffbot_ws/build/control_msgs': CMAKE_PREFIX_PATH=/opt/ros/foxy /usr/bin/cmake --build /home/diego/Workspaces/ros2_control_diffbot_ws/build/control_msgs -- -j2 -l2
[0.285s] [  0%] Built target control_msgs__cpp
[0.380s] [ 12%] Built target control_msgs__rosidl_generator_c
[0.477s] [ 24%] Built target control_msgs__rosidl_typesupport_cpp
[0.580s] [ 36%] Built target control_msgs__rosidl_typesupport_fastrtps_cpp
[0.695s] [ 48%] Built target control_msgs__rosidl_typesupport_introspection_c
[0.777s] [ 60%] Built target control_msgs__rosidl_typesupport_c
[0.872s] [ 72%] Built target control_msgs__rosidl_typesupport_introspection_cpp
[0.987s] [ 84%] Built target control_msgs__rosidl_typesupport_fastrtps_c
[1.053s] [ 84%] Built target control_msgs
[1.112s] [ 85%] Built target control_msgs__py
[1.209s] [ 96%] Built target control_msgs__python
[1.283s] [ 97%] Built target control_msgs__rosidl_typesupport_c__pyext
[1.366s] [ 99%] Built target control_msgs__rosidl_typesupport_introspection_c__pyext
[1.453s] [100%] Built target control_msgs__rosidl_typesupport_fastrtps_c__pyext
[1.490s] Invoked command in '/home/diego/Workspaces/ros2_control_diffbot_ws/build/control_msgs' returned '0': CMAKE_PREFIX_PATH=/opt/ros/foxy /usr/bin/cmake --build /home/diego/Workspaces/ros2_control_diffbot_ws/build/control_msgs -- -j2 -l2
[2.294s] Invoking command in '/home/diego/Workspaces/ros2_control_diffbot_ws/build/control_msgs': CMAKE_PREFIX_PATH=/opt/ros/foxy /usr/bin/cmake --install /home/diego/Workspaces/ros2_control_diffbot_ws/build/control_msgs
[2.319s] -- Install configuration: ""
[2.323s] -- Execute custom install script
[2.325s] -- Up-to-date symlink: /home/diego/Workspaces/ros2_control_diffbot_ws/install/control_msgs/share/ament_index/resource_index/rosidl_interfaces/control_msgs
[2.330s] -- Up-to-date symlink: /home/diego/Workspaces/ros2_control_diffbot_ws/install/control_msgs/include/control_msgs/action/detail/follow_joint_trajectory__functions.h
[2.332s] -- Up-to-date symlink: /home/diego/Workspaces/ros2_control_diffbot_ws/install/control_msgs/include/control_msgs/action/detail/follow_joint_trajectory__struct.h
[2.333s] -- Up-to-date symlink: /home/diego/Workspaces/ros2_control_diffbot_ws/install/control_msgs/include/control_msgs/action/detail/follow_joint_trajectory__type_support.h
[2.336s] -- Up-to-date symlink: /home/diego/Workspaces/ros2_control_diffbot_ws/install/control_msgs/include/control_msgs/action/detail/gripper_command__functions.h
[2.337s] -- Up-to-date symlink: /home/diego/Workspaces/ros2_control_diffbot_ws/install/control_msgs/include/control_msgs/action/detail/gripper_command__struct.h
[2.338s] -- Up-to-date symlink: /home/diego/Workspaces/ros2_control_diffbot_ws/install/control_msgs/include/control_msgs/action/detail/gripper_command__type_support.h
[2.340s] -- Up-to-date symlink: /home/diego/Workspaces/ros2_control_diffbot_ws/install/control_msgs/include/control_msgs/action/detail/joint_trajectory__functions.h
[2.341s] -- Up-to-date symlink: /home/diego/Workspaces/ros2_control_diffbot_ws/install/control_msgs/include/control_msgs/action/detail/joint_trajectory__struct.h
[2.343s] -- Up-to-date symlink: /home/diego/Workspaces/ros2_control_diffbot_ws/install/control_msgs/include/control_msgs/action/detail/joint_trajectory__type_support.h
[2.344s] -- Up-to-date symlink: /home/diego/Workspaces/ros2_control_diffbot_ws/install/control_msgs/include/control_msgs/action/detail/point_head__functions.h
[2.346s] -- Up-to-date symlink: /home/diego/Workspaces/ros2_control_diffbot_ws/install/control_msgs/include/control_msgs/action/detail/point_head__struct.h
[2.347s] -- Up-to-date symlink: /home/diego/Workspaces/ros2_control_diffbot_ws/install/control_msgs/include/control_msgs/action/detail/point_head__type_support.h
[2.349s] -- Up-to-date symlink: /home/diego/Workspaces/ros2_control_diffbot_ws/install/control_msgs/include/control_msgs/action/detail/single_joint_position__functions.h
[2.356s] -- Up-to-date symlink: /home/diego/Workspaces/ros2_control_diffbot_ws/install/control_msgs/include/control_msgs/action/detail/single_joint_position__struct.h
[2.357s] -- Up-to-date symlink: /home/diego/Workspaces/ros2_control_diffbot_ws/install/control_msgs/include/control_msgs/action/detail/single_joint_position__type_support.h
[2.361s] -- Up-to-date symlink: /home/diego/Workspaces/ros2_control_diffbot_ws/install/control_msgs/include/control_msgs/action/follow_joint_trajectory.h
[2.364s] -- Up-to-date symlink: /home/diego/Workspaces/ros2_control_diffbot_ws/install/control_msgs/include/control_msgs/action/gripper_command.h
[2.365s] -- Up-to-date symlink: /home/diego/Workspaces/ros2_control_diffbot_ws/install/control_msgs/include/control_msgs/action/joint_trajectory.h
[2.369s] -- Up-to-date symlink: /home/diego/Workspaces/ros2_control_diffbot_ws/install/control_msgs/include/control_msgs/action/point_head.h
[2.376s] -- Up-to-date symlink: /home/diego/Workspaces/ros2_control_diffbot_ws/install/control_msgs/include/control_msgs/action/single_joint_position.h
[2.379s] -- Up-to-date symlink: /home/diego/Workspaces/ros2_control_diffbot_ws/install/control_msgs/include/control_msgs/msg/detail/dynamic_joint_state__functions.h
[2.383s] -- Up-to-date symlink: /home/diego/Workspaces/ros2_control_diffbot_ws/install/control_msgs/include/control_msgs/msg/detail/dynamic_joint_state__struct.h
[2.391s] -- Up-to-date symlink: /home/diego/Workspaces/ros2_control_diffbot_ws/install/control_msgs/include/control_msgs/msg/detail/dynamic_joint_state__type_support.h
[2.393s] -- Up-to-date symlink: /home/diego/Workspaces/ros2_control_diffbot_ws/install/control_msgs/include/control_msgs/msg/detail/gripper_command__functions.h
[2.396s] -- Up-to-date symlink: /home/diego/Workspaces/ros2_control_diffbot_ws/install/control_msgs/include/control_msgs/msg/detail/gripper_command__struct.h
[2.400s] -- Up-to-date symlink: /home/diego/Workspaces/ros2_control_diffbot_ws/install/control_msgs/include/control_msgs/msg/detail/gripper_command__type_support.h
[2.403s] -- Up-to-date symlink: /home/diego/Workspaces/ros2_control_diffbot_ws/install/control_msgs/include/control_msgs/msg/detail/interface_value__functions.h
[2.404s] -- Up-to-date symlink: /home/diego/Workspaces/ros2_control_diffbot_ws/install/control_msgs/include/control_msgs/msg/detail/interface_value__struct.h
[2.406s] -- Up-to-date symlink: /home/diego/Workspaces/ros2_control_diffbot_ws/install/control_msgs/include/control_msgs/msg/detail/interface_value__type_support.h
[2.409s] -- Up-to-date symlink: /home/diego/Workspaces/ros2_control_diffbot_ws/install/control_msgs/include/control_msgs/msg/detail/joint_controller_state__functions.h
[2.411s] -- Up-to-date symlink: /home/diego/Workspaces/ros2_control_diffbot_ws/install/control_msgs/include/control_msgs/msg/detail/joint_controller_state__struct.h
[2.416s] -- Up-to-date symlink: /home/diego/Workspaces/ros2_control_diffbot_ws/install/control_msgs/include/control_msgs/msg/detail/joint_controller_state__type_support.h
[2.417s] -- Up-to-date symlink: /home/diego/Workspaces/ros2_control_diffbot_ws/install/control_msgs/include/control_msgs/msg/detail/joint_jog__functions.h
[2.418s] -- Up-to-date symlink: /home/diego/Workspaces/ros2_control_diffbot_ws/install/control_msgs/include/control_msgs/msg/detail/joint_jog__struct.h
[2.420s] -- Up-to-date symlink: /home/diego/Workspaces/ros2_control_diffbot_ws/install/control_msgs/include/control_msgs/msg/detail/joint_jog__type_support.h
[2.423s] -- Up-to-date symlink: /home/diego/Workspaces/ros2_control_diffbot_ws/install/control_msgs/include/control_msgs/msg/detail/joint_tolerance__functions.h
[2.426s] -- Up-to-date symlink: /home/diego/Workspaces/ros2_control_diffbot_ws/install/control_msgs/include/control_msgs/msg/detail/joint_tolerance__struct.h
[2.427s] -- Up-to-date symlink: /home/diego/Workspaces/ros2_control_diffbot_ws/install/control_msgs/include/control_msgs/msg/detail/joint_tolerance__type_support.h
[2.430s] -- Up-to-date symlink: /home/diego/Workspaces/ros2_control_diffbot_ws/install/control_msgs/include/control_msgs/msg/detail/joint_trajectory_controller_state__functions.h
[2.432s] -- Up-to-date symlink: /home/diego/Workspaces/ros2_control_diffbot_ws/install/control_msgs/include/control_msgs/msg/detail/joint_trajectory_controller_state__struct.h
[2.433s] -- Up-to-date symlink: /home/diego/Workspaces/ros2_control_diffbot_ws/install/control_msgs/include/control_msgs/msg/detail/joint_trajectory_controller_state__type_support.h
[2.436s] -- Up-to-date symlink: /home/diego/Workspaces/ros2_control_diffbot_ws/install/control_msgs/include/control_msgs/msg/detail/pid_state__functions.h
[2.438s] -- Up-to-date symlink: /home/diego/Workspaces/ros2_control_diffbot_ws/install/control_msgs/include/control_msgs/msg/detail/pid_state__struct.h
[2.439s] -- Up-to-date symlink: /home/diego/Workspaces/ros2_control_diffbot_ws/install/control_msgs/include/control_msgs/msg/detail/pid_state__type_support.h
[2.441s] -- Up-to-date symlink: /home/diego/Workspaces/ros2_control_diffbot_ws/install/control_msgs/include/control_msgs/msg/dynamic_joint_state.h
[2.443s] -- Up-to-date symlink: /home/diego/Workspaces/ros2_control_diffbot_ws/install/control_msgs/include/control_msgs/msg/gripper_command.h
[2.446s] -- Up-to-date symlink: /home/diego/Workspaces/ros2_control_diffbot_ws/install/control_msgs/include/control_msgs/msg/interface_value.h
[2.448s] -- Up-to-date symlink: /home/diego/Workspaces/ros2_control_diffbot_ws/install/control_msgs/include/control_msgs/msg/joint_controller_state.h
[2.450s] -- Up-to-date symlink: /home/diego/Workspaces/ros2_control_diffbot_ws/install/control_msgs/include/control_msgs/msg/joint_jog.h
[2.452s] -- Up-to-date symlink: /home/diego/Workspaces/ros2_control_diffbot_ws/install/control_msgs/include/control_msgs/msg/joint_tolerance.h
[2.454s] -- Up-to-date symlink: /home/diego/Workspaces/ros2_control_diffbot_ws/install/control_msgs/include/control_msgs/msg/joint_trajectory_controller_state.h
[2.458s] -- Up-to-date symlink: /home/diego/Workspaces/ros2_control_diffbot_ws/install/control_msgs/include/control_msgs/msg/pid_state.h
[2.459s] -- Up-to-date symlink: /home/diego/Workspaces/ros2_control_diffbot_ws/install/control_msgs/include/control_msgs/msg/rosidl_generator_c__visibility_control.h
[2.461s] -- Up-to-date symlink: /home/diego/Workspaces/ros2_control_diffbot_ws/install/control_msgs/include/control_msgs/srv/detail/query_calibration_state__functions.h
[2.464s] -- Up-to-date symlink: /home/diego/Workspaces/ros2_control_diffbot_ws/install/control_msgs/include/control_msgs/srv/detail/query_calibration_state__struct.h
[2.466s] -- Up-to-date symlink: /home/diego/Workspaces/ros2_control_diffbot_ws/install/control_msgs/include/control_msgs/srv/detail/query_calibration_state__type_support.h
[2.468s] -- Up-to-date symlink: /home/diego/Workspaces/ros2_control_diffbot_ws/install/control_msgs/include/control_msgs/srv/detail/query_trajectory_state__functions.h
[2.469s] -- Up-to-date symlink: /home/diego/Workspaces/ros2_control_diffbot_ws/install/control_msgs/include/control_msgs/srv/detail/query_trajectory_state__struct.h
[2.472s] -- Up-to-date symlink: /home/diego/Workspaces/ros2_control_diffbot_ws/install/control_msgs/include/control_msgs/srv/detail/query_trajectory_state__type_support.h
[2.476s] -- Up-to-date symlink: /home/diego/Workspaces/ros2_control_diffbot_ws/install/control_msgs/include/control_msgs/srv/query_calibration_state.h
[2.478s] -- Up-to-date symlink: /home/diego/Workspaces/ros2_control_diffbot_ws/install/control_msgs/include/control_msgs/srv/query_trajectory_state.h
[2.479s] -- Up-to-date symlink: /home/diego/Workspaces/ros2_control_diffbot_ws/install/control_msgs/share/control_msgs/environment/library_path.sh
[2.482s] -- Up-to-date symlink: /home/diego/Workspaces/ros2_control_diffbot_ws/install/control_msgs/share/control_msgs/environment/library_path.dsv
[2.487s] -- Up-to-date symlink: /home/diego/Workspaces/ros2_control_diffbot_ws/install/control_msgs/include/control_msgs/action/detail/follow_joint_trajectory__rosidl_typesupport_fastrtps_c.h
[2.489s] -- Up-to-date symlink: /home/diego/Workspaces/ros2_control_diffbot_ws/install/control_msgs/include/control_msgs/action/detail/gripper_command__rosidl_typesupport_fastrtps_c.h
[2.491s] -- Up-to-date symlink: /home/diego/Workspaces/ros2_control_diffbot_ws/install/control_msgs/include/control_msgs/action/detail/joint_trajectory__rosidl_typesupport_fastrtps_c.h
[2.493s] -- Up-to-date symlink: /home/diego/Workspaces/ros2_control_diffbot_ws/install/control_msgs/include/control_msgs/action/detail/point_head__rosidl_typesupport_fastrtps_c.h
[2.496s] -- Up-to-date symlink: /home/diego/Workspaces/ros2_control_diffbot_ws/install/control_msgs/include/control_msgs/action/detail/single_joint_position__rosidl_typesupport_fastrtps_c.h
[2.497s] -- Up-to-date symlink: /home/diego/Workspaces/ros2_control_diffbot_ws/install/control_msgs/include/control_msgs/msg/detail/dynamic_joint_state__rosidl_typesupport_fastrtps_c.h
[2.500s] -- Up-to-date symlink: /home/diego/Workspaces/ros2_control_diffbot_ws/install/control_msgs/include/control_msgs/msg/detail/gripper_command__rosidl_typesupport_fastrtps_c.h
[2.501s] -- Up-to-date symlink: /home/diego/Workspaces/ros2_control_diffbot_ws/install/control_msgs/include/control_msgs/msg/detail/interface_value__rosidl_typesupport_fastrtps_c.h
[2.501s] -- Up-to-date symlink: /home/diego/Workspaces/ros2_control_diffbot_ws/install/control_msgs/include/control_msgs/msg/detail/joint_controller_state__rosidl_typesupport_fastrtps_c.h
[2.504s] -- Up-to-date symlink: /home/diego/Workspaces/ros2_control_diffbot_ws/install/control_msgs/include/control_msgs/msg/detail/joint_jog__rosidl_typesupport_fastrtps_c.h
[2.507s] -- Up-to-date symlink: /home/diego/Workspaces/ros2_control_diffbot_ws/install/control_msgs/include/control_msgs/msg/detail/joint_tolerance__rosidl_typesupport_fastrtps_c.h
[2.509s] -- Up-to-date symlink: /home/diego/Workspaces/ros2_control_diffbot_ws/install/control_msgs/include/control_msgs/msg/detail/joint_trajectory_controller_state__rosidl_typesupport_fastrtps_c.h
[2.512s] -- Up-to-date symlink: /home/diego/Workspaces/ros2_control_diffbot_ws/install/control_msgs/include/control_msgs/msg/detail/pid_state__rosidl_typesupport_fastrtps_c.h
[2.516s] -- Up-to-date symlink: /home/diego/Workspaces/ros2_control_diffbot_ws/install/control_msgs/include/control_msgs/msg/rosidl_typesupport_fastrtps_c__visibility_control.h
[2.518s] -- Up-to-date symlink: /home/diego/Workspaces/ros2_control_diffbot_ws/install/control_msgs/include/control_msgs/srv/detail/query_calibration_state__rosidl_typesupport_fastrtps_c.h
[2.522s] -- Up-to-date symlink: /home/diego/Workspaces/ros2_control_diffbot_ws/install/control_msgs/include/control_msgs/srv/detail/query_trajectory_state__rosidl_typesupport_fastrtps_c.h
[2.528s] -- Up-to-date symlink: /home/diego/Workspaces/ros2_control_diffbot_ws/install/control_msgs/lib/libcontrol_msgs__rosidl_typesupport_fastrtps_c.so
[2.536s] -- Up-to-date symlink: /home/diego/Workspaces/ros2_control_diffbot_ws/install/control_msgs/include/control_msgs/action/detail/follow_joint_trajectory__rosidl_typesupport_fastrtps_cpp.hpp
[2.538s] -- Up-to-date symlink: /home/diego/Workspaces/ros2_control_diffbot_ws/install/control_msgs/include/control_msgs/action/detail/gripper_command__rosidl_typesupport_fastrtps_cpp.hpp
[2.541s] -- Up-to-date symlink: /home/diego/Workspaces/ros2_control_diffbot_ws/install/control_msgs/include/control_msgs/action/detail/joint_trajectory__rosidl_typesupport_fastrtps_cpp.hpp
[2.543s] -- Up-to-date symlink: /home/diego/Workspaces/ros2_control_diffbot_ws/install/control_msgs/include/control_msgs/action/detail/point_head__rosidl_typesupport_fastrtps_cpp.hpp
[2.546s] -- Up-to-date symlink: /home/diego/Workspaces/ros2_control_diffbot_ws/install/control_msgs/include/control_msgs/action/detail/single_joint_position__rosidl_typesupport_fastrtps_cpp.hpp
[2.548s] -- Up-to-date symlink: /home/diego/Workspaces/ros2_control_diffbot_ws/install/control_msgs/include/control_msgs/msg/detail/dynamic_joint_state__rosidl_typesupport_fastrtps_cpp.hpp
[2.549s] -- Up-to-date symlink: /home/diego/Workspaces/ros2_control_diffbot_ws/install/control_msgs/include/control_msgs/msg/detail/gripper_command__rosidl_typesupport_fastrtps_cpp.hpp
[2.552s] -- Up-to-date symlink: /home/diego/Workspaces/ros2_control_diffbot_ws/install/control_msgs/include/control_msgs/msg/detail/interface_value__rosidl_typesupport_fastrtps_cpp.hpp
[2.556s] -- Up-to-date symlink: /home/diego/Workspaces/ros2_control_diffbot_ws/install/control_msgs/include/control_msgs/msg/detail/joint_controller_state__rosidl_typesupport_fastrtps_cpp.hpp
[2.558s] -- Up-to-date symlink: /home/diego/Workspaces/ros2_control_diffbot_ws/install/control_msgs/include/control_msgs/msg/detail/joint_jog__rosidl_typesupport_fastrtps_cpp.hpp
[2.561s] -- Up-to-date symlink: /home/diego/Workspaces/ros2_control_diffbot_ws/install/control_msgs/include/control_msgs/msg/detail/joint_tolerance__rosidl_typesupport_fastrtps_cpp.hpp
[2.564s] -- Up-to-date symlink: /home/diego/Workspaces/ros2_control_diffbot_ws/install/control_msgs/include/control_msgs/msg/detail/joint_trajectory_controller_state__rosidl_typesupport_fastrtps_cpp.hpp
[2.568s] -- Up-to-date symlink: /home/diego/Workspaces/ros2_control_diffbot_ws/install/control_msgs/include/control_msgs/msg/detail/pid_state__rosidl_typesupport_fastrtps_cpp.hpp
[2.572s] -- Up-to-date symlink: /home/diego/Workspaces/ros2_control_diffbot_ws/install/control_msgs/include/control_msgs/msg/rosidl_typesupport_fastrtps_cpp__visibility_control.h
[2.574s] -- Up-to-date symlink: /home/diego/Workspaces/ros2_control_diffbot_ws/install/control_msgs/include/control_msgs/srv/detail/query_calibration_state__rosidl_typesupport_fastrtps_cpp.hpp
[2.574s] -- Up-to-date symlink: /home/diego/Workspaces/ros2_control_diffbot_ws/install/control_msgs/include/control_msgs/srv/detail/query_trajectory_state__rosidl_typesupport_fastrtps_cpp.hpp
[2.581s] -- Up-to-date symlink: /home/diego/Workspaces/ros2_control_diffbot_ws/install/control_msgs/lib/libcontrol_msgs__rosidl_typesupport_fastrtps_cpp.so
[2.583s] -- Up-to-date symlink: /home/diego/Workspaces/ros2_control_diffbot_ws/install/control_msgs/include/control_msgs/action/detail/follow_joint_trajectory__rosidl_typesupport_introspection_c.h
[2.587s] -- Up-to-date symlink: /home/diego/Workspaces/ros2_control_diffbot_ws/install/control_msgs/include/control_msgs/action/detail/gripper_command__rosidl_typesupport_introspection_c.h
[2.589s] -- Up-to-date symlink: /home/diego/Workspaces/ros2_control_diffbot_ws/install/control_msgs/include/control_msgs/action/detail/joint_trajectory__rosidl_typesupport_introspection_c.h
[2.591s] -- Up-to-date symlink: /home/diego/Workspaces/ros2_control_diffbot_ws/install/control_msgs/include/control_msgs/action/detail/point_head__rosidl_typesupport_introspection_c.h
[2.594s] -- Up-to-date symlink: /home/diego/Workspaces/ros2_control_diffbot_ws/install/control_msgs/include/control_msgs/action/detail/single_joint_position__rosidl_typesupport_introspection_c.h
[2.596s] -- Up-to-date symlink: /home/diego/Workspaces/ros2_control_diffbot_ws/install/control_msgs/include/control_msgs/msg/detail/dynamic_joint_state__rosidl_typesupport_introspection_c.h
[2.598s] -- Up-to-date symlink: /home/diego/Workspaces/ros2_control_diffbot_ws/install/control_msgs/include/control_msgs/msg/detail/gripper_command__rosidl_typesupport_introspection_c.h
[2.601s] -- Up-to-date symlink: /home/diego/Workspaces/ros2_control_diffbot_ws/install/control_msgs/include/control_msgs/msg/detail/interface_value__rosidl_typesupport_introspection_c.h
[2.603s] -- Up-to-date symlink: /home/diego/Workspaces/ros2_control_diffbot_ws/install/control_msgs/include/control_msgs/msg/detail/joint_controller_state__rosidl_typesupport_introspection_c.h
[2.604s] -- Up-to-date symlink: /home/diego/Workspaces/ros2_control_diffbot_ws/install/control_msgs/include/control_msgs/msg/detail/joint_jog__rosidl_typesupport_introspection_c.h
[2.606s] -- Up-to-date symlink: /home/diego/Workspaces/ros2_control_diffbot_ws/install/control_msgs/include/control_msgs/msg/detail/joint_tolerance__rosidl_typesupport_introspection_c.h
[2.608s] -- Up-to-date symlink: /home/diego/Workspaces/ros2_control_diffbot_ws/install/control_msgs/include/control_msgs/msg/detail/joint_trajectory_controller_state__rosidl_typesupport_introspection_c.h
[2.611s] -- Up-to-date symlink: /home/diego/Workspaces/ros2_control_diffbot_ws/install/control_msgs/include/control_msgs/msg/detail/pid_state__rosidl_typesupport_introspection_c.h
[2.611s] -- Up-to-date symlink: /home/diego/Workspaces/ros2_control_diffbot_ws/install/control_msgs/include/control_msgs/msg/rosidl_typesupport_introspection_c__visibility_control.h
[2.614s] -- Up-to-date symlink: /home/diego/Workspaces/ros2_control_diffbot_ws/install/control_msgs/include/control_msgs/srv/detail/query_calibration_state__rosidl_typesupport_introspection_c.h
[2.614s] -- Up-to-date symlink: /home/diego/Workspaces/ros2_control_diffbot_ws/install/control_msgs/include/control_msgs/srv/detail/query_trajectory_state__rosidl_typesupport_introspection_c.h
[2.617s] -- Up-to-date symlink: /home/diego/Workspaces/ros2_control_diffbot_ws/install/control_msgs/include/control_msgs/action/detail/follow_joint_trajectory__builder.hpp
[2.620s] -- Up-to-date symlink: /home/diego/Workspaces/ros2_control_diffbot_ws/install/control_msgs/include/control_msgs/action/detail/follow_joint_trajectory__struct.hpp
[2.623s] -- Up-to-date symlink: /home/diego/Workspaces/ros2_control_diffbot_ws/install/control_msgs/include/control_msgs/action/detail/follow_joint_trajectory__traits.hpp
[2.626s] -- Up-to-date symlink: /home/diego/Workspaces/ros2_control_diffbot_ws/install/control_msgs/include/control_msgs/action/detail/gripper_command__builder.hpp
[2.628s] -- Up-to-date symlink: /home/diego/Workspaces/ros2_control_diffbot_ws/install/control_msgs/include/control_msgs/action/detail/gripper_command__struct.hpp
[2.631s] -- Up-to-date symlink: /home/diego/Workspaces/ros2_control_diffbot_ws/install/control_msgs/include/control_msgs/action/detail/gripper_command__traits.hpp
[2.634s] -- Up-to-date symlink: /home/diego/Workspaces/ros2_control_diffbot_ws/install/control_msgs/include/control_msgs/action/detail/joint_trajectory__builder.hpp
[2.638s] -- Up-to-date symlink: /home/diego/Workspaces/ros2_control_diffbot_ws/install/control_msgs/include/control_msgs/action/detail/joint_trajectory__struct.hpp
[2.639s] -- Up-to-date symlink: /home/diego/Workspaces/ros2_control_diffbot_ws/install/control_msgs/include/control_msgs/action/detail/joint_trajectory__traits.hpp
[2.642s] -- Up-to-date symlink: /home/diego/Workspaces/ros2_control_diffbot_ws/install/control_msgs/include/control_msgs/action/detail/point_head__builder.hpp
[2.645s] -- Up-to-date symlink: /home/diego/Workspaces/ros2_control_diffbot_ws/install/control_msgs/include/control_msgs/action/detail/point_head__struct.hpp
[2.648s] -- Up-to-date symlink: /home/diego/Workspaces/ros2_control_diffbot_ws/install/control_msgs/include/control_msgs/action/detail/point_head__traits.hpp
[2.651s] -- Up-to-date symlink: /home/diego/Workspaces/ros2_control_diffbot_ws/install/control_msgs/include/control_msgs/action/detail/single_joint_position__builder.hpp
[2.659s] -- Up-to-date symlink: /home/diego/Workspaces/ros2_control_diffbot_ws/install/control_msgs/include/control_msgs/action/detail/single_joint_position__struct.hpp
[2.661s] -- Up-to-date symlink: /home/diego/Workspaces/ros2_control_diffbot_ws/install/control_msgs/include/control_msgs/action/detail/single_joint_position__traits.hpp
[2.664s] -- Up-to-date symlink: /home/diego/Workspaces/ros2_control_diffbot_ws/install/control_msgs/include/control_msgs/action/follow_joint_trajectory.hpp
[2.666s] -- Up-to-date symlink: /home/diego/Workspaces/ros2_control_diffbot_ws/install/control_msgs/include/control_msgs/action/gripper_command.hpp
[2.668s] -- Up-to-date symlink: /home/diego/Workspaces/ros2_control_diffbot_ws/install/control_msgs/include/control_msgs/action/joint_trajectory.hpp
[2.671s] -- Up-to-date symlink: /home/diego/Workspaces/ros2_control_diffbot_ws/install/control_msgs/include/control_msgs/action/point_head.hpp
[2.673s] -- Up-to-date symlink: /home/diego/Workspaces/ros2_control_diffbot_ws/install/control_msgs/include/control_msgs/action/single_joint_position.hpp
[2.676s] -- Up-to-date symlink: /home/diego/Workspaces/ros2_control_diffbot_ws/install/control_msgs/include/control_msgs/msg/detail/dynamic_joint_state__builder.hpp
[2.678s] -- Up-to-date symlink: /home/diego/Workspaces/ros2_control_diffbot_ws/install/control_msgs/include/control_msgs/msg/detail/dynamic_joint_state__struct.hpp
[2.680s] -- Up-to-date symlink: /home/diego/Workspaces/ros2_control_diffbot_ws/install/control_msgs/include/control_msgs/msg/detail/dynamic_joint_state__traits.hpp
[2.683s] -- Up-to-date symlink: /home/diego/Workspaces/ros2_control_diffbot_ws/install/control_msgs/include/control_msgs/msg/detail/gripper_command__builder.hpp
[2.686s] -- Up-to-date symlink: /home/diego/Workspaces/ros2_control_diffbot_ws/install/control_msgs/include/control_msgs/msg/detail/gripper_command__struct.hpp
[2.687s] -- Up-to-date symlink: /home/diego/Workspaces/ros2_control_diffbot_ws/install/control_msgs/include/control_msgs/msg/detail/gripper_command__traits.hpp
[2.691s] -- Up-to-date symlink: /home/diego/Workspaces/ros2_control_diffbot_ws/install/control_msgs/include/control_msgs/msg/detail/interface_value__builder.hpp
[2.694s] -- Up-to-date symlink: /home/diego/Workspaces/ros2_control_diffbot_ws/install/control_msgs/include/control_msgs/msg/detail/interface_value__struct.hpp
[2.696s] -- Up-to-date symlink: /home/diego/Workspaces/ros2_control_diffbot_ws/install/control_msgs/include/control_msgs/msg/detail/interface_value__traits.hpp
[2.699s] -- Up-to-date symlink: /home/diego/Workspaces/ros2_control_diffbot_ws/install/control_msgs/include/control_msgs/msg/detail/joint_controller_state__builder.hpp
[2.702s] -- Up-to-date symlink: /home/diego/Workspaces/ros2_control_diffbot_ws/install/control_msgs/include/control_msgs/msg/detail/joint_controller_state__struct.hpp
[2.705s] -- Up-to-date symlink: /home/diego/Workspaces/ros2_control_diffbot_ws/install/control_msgs/include/control_msgs/msg/detail/joint_controller_state__traits.hpp
[2.708s] -- Up-to-date symlink: /home/diego/Workspaces/ros2_control_diffbot_ws/install/control_msgs/include/control_msgs/msg/detail/joint_jog__builder.hpp
[2.710s] -- Up-to-date symlink: /home/diego/Workspaces/ros2_control_diffbot_ws/install/control_msgs/include/control_msgs/msg/detail/joint_jog__struct.hpp
[2.713s] -- Up-to-date symlink: /home/diego/Workspaces/ros2_control_diffbot_ws/install/control_msgs/include/control_msgs/msg/detail/joint_jog__traits.hpp
[2.715s] -- Up-to-date symlink: /home/diego/Workspaces/ros2_control_diffbot_ws/install/control_msgs/include/control_msgs/msg/detail/joint_tolerance__builder.hpp
[2.716s] -- Up-to-date symlink: /home/diego/Workspaces/ros2_control_diffbot_ws/install/control_msgs/include/control_msgs/msg/detail/joint_tolerance__struct.hpp
[2.718s] -- Up-to-date symlink: /home/diego/Workspaces/ros2_control_diffbot_ws/install/control_msgs/include/control_msgs/msg/detail/joint_tolerance__traits.hpp
[2.719s] -- Up-to-date symlink: /home/diego/Workspaces/ros2_control_diffbot_ws/install/control_msgs/include/control_msgs/msg/detail/joint_trajectory_controller_state__builder.hpp
[2.721s] -- Up-to-date symlink: /home/diego/Workspaces/ros2_control_diffbot_ws/install/control_msgs/include/control_msgs/msg/detail/joint_trajectory_controller_state__struct.hpp
[2.723s] -- Up-to-date symlink: /home/diego/Workspaces/ros2_control_diffbot_ws/install/control_msgs/include/control_msgs/msg/detail/joint_trajectory_controller_state__traits.hpp
[2.725s] -- Up-to-date symlink: /home/diego/Workspaces/ros2_control_diffbot_ws/install/control_msgs/include/control_msgs/msg/detail/pid_state__builder.hpp
[2.727s] -- Up-to-date symlink: /home/diego/Workspaces/ros2_control_diffbot_ws/install/control_msgs/include/control_msgs/msg/detail/pid_state__struct.hpp
[2.728s] -- Up-to-date symlink: /home/diego/Workspaces/ros2_control_diffbot_ws/install/control_msgs/include/control_msgs/msg/detail/pid_state__traits.hpp
[2.731s] -- Up-to-date symlink: /home/diego/Workspaces/ros2_control_diffbot_ws/install/control_msgs/include/control_msgs/msg/dynamic_joint_state.hpp
[2.732s] -- Up-to-date symlink: /home/diego/Workspaces/ros2_control_diffbot_ws/install/control_msgs/include/control_msgs/msg/gripper_command.hpp
[2.734s] -- Up-to-date symlink: /home/diego/Workspaces/ros2_control_diffbot_ws/install/control_msgs/include/control_msgs/msg/interface_value.hpp
[2.736s] -- Up-to-date symlink: /home/diego/Workspaces/ros2_control_diffbot_ws/install/control_msgs/include/control_msgs/msg/joint_controller_state.hpp
[2.738s] -- Up-to-date symlink: /home/diego/Workspaces/ros2_control_diffbot_ws/install/control_msgs/include/control_msgs/msg/joint_jog.hpp
[2.740s] -- Up-to-date symlink: /home/diego/Workspaces/ros2_control_diffbot_ws/install/control_msgs/include/control_msgs/msg/joint_tolerance.hpp
[2.743s] -- Up-to-date symlink: /home/diego/Workspaces/ros2_control_diffbot_ws/install/control_msgs/include/control_msgs/msg/joint_trajectory_controller_state.hpp
[2.746s] -- Up-to-date symlink: /home/diego/Workspaces/ros2_control_diffbot_ws/install/control_msgs/include/control_msgs/msg/pid_state.hpp
[2.749s] -- Up-to-date symlink: /home/diego/Workspaces/ros2_control_diffbot_ws/install/control_msgs/include/control_msgs/srv/detail/query_calibration_state__builder.hpp
[2.753s] -- Up-to-date symlink: /home/diego/Workspaces/ros2_control_diffbot_ws/install/control_msgs/include/control_msgs/srv/detail/query_calibration_state__struct.hpp
[2.758s] -- Up-to-date symlink: /home/diego/Workspaces/ros2_control_diffbot_ws/install/control_msgs/include/control_msgs/srv/detail/query_calibration_state__traits.hpp
[2.758s] -- Up-to-date symlink: /home/diego/Workspaces/ros2_control_diffbot_ws/install/control_msgs/include/control_msgs/srv/detail/query_trajectory_state__builder.hpp
[2.760s] -- Up-to-date symlink: /home/diego/Workspaces/ros2_control_diffbot_ws/install/control_msgs/include/control_msgs/srv/detail/query_trajectory_state__struct.hpp
[2.762s] -- Up-to-date symlink: /home/diego/Workspaces/ros2_control_diffbot_ws/install/control_msgs/include/control_msgs/srv/detail/query_trajectory_state__traits.hpp
[2.765s] -- Up-to-date symlink: /home/diego/Workspaces/ros2_control_diffbot_ws/install/control_msgs/include/control_msgs/srv/query_calibration_state.hpp
[2.767s] -- Up-to-date symlink: /home/diego/Workspaces/ros2_control_diffbot_ws/install/control_msgs/include/control_msgs/srv/query_trajectory_state.hpp
[2.772s] -- Up-to-date symlink: /home/diego/Workspaces/ros2_control_diffbot_ws/install/control_msgs/include/control_msgs/action/detail/follow_joint_trajectory__rosidl_typesupport_introspection_cpp.hpp
[2.775s] -- Up-to-date symlink: /home/diego/Workspaces/ros2_control_diffbot_ws/install/control_msgs/include/control_msgs/action/detail/gripper_command__rosidl_typesupport_introspection_cpp.hpp
[2.778s] -- Up-to-date symlink: /home/diego/Workspaces/ros2_control_diffbot_ws/install/control_msgs/include/control_msgs/action/detail/joint_trajectory__rosidl_typesupport_introspection_cpp.hpp
[2.781s] -- Up-to-date symlink: /home/diego/Workspaces/ros2_control_diffbot_ws/install/control_msgs/include/control_msgs/action/detail/point_head__rosidl_typesupport_introspection_cpp.hpp
[2.783s] -- Up-to-date symlink: /home/diego/Workspaces/ros2_control_diffbot_ws/install/control_msgs/include/control_msgs/action/detail/single_joint_position__rosidl_typesupport_introspection_cpp.hpp
[2.787s] -- Up-to-date symlink: /home/diego/Workspaces/ros2_control_diffbot_ws/install/control_msgs/include/control_msgs/msg/detail/dynamic_joint_state__rosidl_typesupport_introspection_cpp.hpp
[2.791s] -- Up-to-date symlink: /home/diego/Workspaces/ros2_control_diffbot_ws/install/control_msgs/include/control_msgs/msg/detail/gripper_command__rosidl_typesupport_introspection_cpp.hpp
[2.793s] -- Up-to-date symlink: /home/diego/Workspaces/ros2_control_diffbot_ws/install/control_msgs/include/control_msgs/msg/detail/interface_value__rosidl_typesupport_introspection_cpp.hpp
[2.795s] -- Up-to-date symlink: /home/diego/Workspaces/ros2_control_diffbot_ws/install/control_msgs/include/control_msgs/msg/detail/joint_controller_state__rosidl_typesupport_introspection_cpp.hpp
[2.799s] -- Up-to-date symlink: /home/diego/Workspaces/ros2_control_diffbot_ws/install/control_msgs/include/control_msgs/msg/detail/joint_jog__rosidl_typesupport_introspection_cpp.hpp
[2.803s] -- Up-to-date symlink: /home/diego/Workspaces/ros2_control_diffbot_ws/install/control_msgs/include/control_msgs/msg/detail/joint_tolerance__rosidl_typesupport_introspection_cpp.hpp
[2.805s] -- Up-to-date symlink: /home/diego/Workspaces/ros2_control_diffbot_ws/install/control_msgs/include/control_msgs/msg/detail/joint_trajectory_controller_state__rosidl_typesupport_introspection_cpp.hpp
[2.814s] -- Up-to-date symlink: /home/diego/Workspaces/ros2_control_diffbot_ws/install/control_msgs/include/control_msgs/msg/detail/pid_state__rosidl_typesupport_introspection_cpp.hpp
[2.815s] -- Up-to-date symlink: /home/diego/Workspaces/ros2_control_diffbot_ws/install/control_msgs/include/control_msgs/srv/detail/query_calibration_state__rosidl_typesupport_introspection_cpp.hpp
[2.817s] -- Up-to-date symlink: /home/diego/Workspaces/ros2_control_diffbot_ws/install/control_msgs/include/control_msgs/srv/detail/query_trajectory_state__rosidl_typesupport_introspection_cpp.hpp
[2.820s] -- Up-to-date symlink: /home/diego/Workspaces/ros2_control_diffbot_ws/install/control_msgs/share/control_msgs/environment/pythonpath.sh
[2.823s] -- Up-to-date symlink: /home/diego/Workspaces/ros2_control_diffbot_ws/install/control_msgs/share/control_msgs/environment/pythonpath.dsv
[2.827s] -- Up-to-date symlink: /home/diego/Workspaces/ros2_control_diffbot_ws/install/control_msgs/lib/python3.8/site-packages/control_msgs/__init__.py
[2.831s] -- Up-to-date symlink: /home/diego/Workspaces/ros2_control_diffbot_ws/install/control_msgs/lib/python3.8/site-packages/control_msgs/msg/__init__.py
[2.834s] -- Up-to-date symlink: /home/diego/Workspaces/ros2_control_diffbot_ws/install/control_msgs/lib/python3.8/site-packages/control_msgs/msg/_dynamic_joint_state.py
[2.840s] -- Up-to-date symlink: /home/diego/Workspaces/ros2_control_diffbot_ws/install/control_msgs/lib/python3.8/site-packages/control_msgs/msg/_gripper_command.py
[2.842s] -- Up-to-date symlink: /home/diego/Workspaces/ros2_control_diffbot_ws/install/control_msgs/lib/python3.8/site-packages/control_msgs/msg/_interface_value.py
[2.845s] -- Up-to-date symlink: /home/diego/Workspaces/ros2_control_diffbot_ws/install/control_msgs/lib/python3.8/site-packages/control_msgs/msg/_joint_controller_state.py
[2.848s] -- Up-to-date symlink: /home/diego/Workspaces/ros2_control_diffbot_ws/install/control_msgs/lib/python3.8/site-packages/control_msgs/msg/_joint_jog.py
[2.851s] -- Up-to-date symlink: /home/diego/Workspaces/ros2_control_diffbot_ws/install/control_msgs/lib/python3.8/site-packages/control_msgs/msg/_joint_tolerance.py
[2.858s] -- Up-to-date symlink: /home/diego/Workspaces/ros2_control_diffbot_ws/install/control_msgs/lib/python3.8/site-packages/control_msgs/msg/_joint_trajectory_controller_state.py
[3.044s] -- Up-to-date symlink: /home/diego/Workspaces/ros2_control_diffbot_ws/install/control_msgs/lib/python3.8/site-packages/control_msgs/msg/_pid_state.py
[3.227s] -- Up-to-date symlink: /home/diego/Workspaces/ros2_control_diffbot_ws/install/control_msgs/lib/python3.8/site-packages/control_msgs/srv/__init__.py
[3.248s] -- Up-to-date symlink: /home/diego/Workspaces/ros2_control_diffbot_ws/install/control_msgs/lib/python3.8/site-packages/control_msgs/srv/_query_calibration_state.py
[3.270s] -- Up-to-date symlink: /home/diego/Workspaces/ros2_control_diffbot_ws/install/control_msgs/lib/python3.8/site-packages/control_msgs/srv/_query_trajectory_state.py
[3.280s] -- Up-to-date symlink: /home/diego/Workspaces/ros2_control_diffbot_ws/install/control_msgs/lib/python3.8/site-packages/control_msgs/action/__init__.py
[3.292s] -- Up-to-date symlink: /home/diego/Workspaces/ros2_control_diffbot_ws/install/control_msgs/lib/python3.8/site-packages/control_msgs/action/_follow_joint_trajectory.py
[3.312s] -- Up-to-date symlink: /home/diego/Workspaces/ros2_control_diffbot_ws/install/control_msgs/lib/python3.8/site-packages/control_msgs/action/_gripper_command.py
[3.333s] -- Up-to-date symlink: /home/diego/Workspaces/ros2_control_diffbot_ws/install/control_msgs/lib/python3.8/site-packages/control_msgs/action/_joint_trajectory.py
[3.352s] -- Up-to-date symlink: /home/diego/Workspaces/ros2_control_diffbot_ws/install/control_msgs/lib/python3.8/site-packages/control_msgs/action/_point_head.py
[3.372s] -- Up-to-date symlink: /home/diego/Workspaces/ros2_control_diffbot_ws/install/control_msgs/lib/python3.8/site-packages/control_msgs/action/_single_joint_position.py
[3.411s] -- Up-to-date symlink: /home/diego/Workspaces/ros2_control_diffbot_ws/install/control_msgs/lib/python3.8/site-packages/control_msgs/control_msgs_s__rosidl_typesupport_fastrtps_c.cpython-38-x86_64-linux-gnu.so
[3.443s] -- Up-to-date symlink: /home/diego/Workspaces/ros2_control_diffbot_ws/install/control_msgs/lib/python3.8/site-packages/control_msgs/control_msgs_s__rosidl_typesupport_introspection_c.cpython-38-x86_64-linux-gnu.so
[3.483s] -- Up-to-date symlink: /home/diego/Workspaces/ros2_control_diffbot_ws/install/control_msgs/lib/python3.8/site-packages/control_msgs/control_msgs_s__rosidl_typesupport_c.cpython-38-x86_64-linux-gnu.so
[3.522s] -- Up-to-date symlink: /home/diego/Workspaces/ros2_control_diffbot_ws/install/control_msgs/lib/libcontrol_msgs__python.so
[3.544s] -- Up-to-date symlink: /home/diego/Workspaces/ros2_control_diffbot_ws/install/control_msgs/share/control_msgs/msg/DynamicJointState.idl
[3.563s] -- Up-to-date symlink: /home/diego/Workspaces/ros2_control_diffbot_ws/install/control_msgs/share/control_msgs/msg/GripperCommand.idl
[3.584s] -- Up-to-date symlink: /home/diego/Workspaces/ros2_control_diffbot_ws/install/control_msgs/share/control_msgs/msg/InterfaceValue.idl
[3.598s] -- Up-to-date symlink: /home/diego/Workspaces/ros2_control_diffbot_ws/install/control_msgs/share/control_msgs/msg/JointControllerState.idl
[3.620s] -- Up-to-date symlink: /home/diego/Workspaces/ros2_control_diffbot_ws/install/control_msgs/share/control_msgs/msg/JointJog.idl
[3.639s] -- Up-to-date symlink: /home/diego/Workspaces/ros2_control_diffbot_ws/install/control_msgs/share/control_msgs/msg/JointTolerance.idl
[3.659s] -- Up-to-date symlink: /home/diego/Workspaces/ros2_control_diffbot_ws/install/control_msgs/share/control_msgs/msg/JointTrajectoryControllerState.idl
[3.680s] -- Up-to-date symlink: /home/diego/Workspaces/ros2_control_diffbot_ws/install/control_msgs/share/control_msgs/msg/PidState.idl
[3.698s] -- Up-to-date symlink: /home/diego/Workspaces/ros2_control_diffbot_ws/install/control_msgs/share/control_msgs/srv/QueryCalibrationState.idl
[3.715s] -- Up-to-date symlink: /home/diego/Workspaces/ros2_control_diffbot_ws/install/control_msgs/share/control_msgs/srv/QueryTrajectoryState.idl
[3.721s] -- Up-to-date symlink: /home/diego/Workspaces/ros2_control_diffbot_ws/install/control_msgs/share/control_msgs/action/FollowJointTrajectory.idl
[3.722s] -- Up-to-date symlink: /home/diego/Workspaces/ros2_control_diffbot_ws/install/control_msgs/share/control_msgs/action/GripperCommand.idl
[3.725s] -- Up-to-date symlink: /home/diego/Workspaces/ros2_control_diffbot_ws/install/control_msgs/share/control_msgs/action/JointTrajectory.idl
[3.727s] -- Up-to-date symlink: /home/diego/Workspaces/ros2_control_diffbot_ws/install/control_msgs/share/control_msgs/action/PointHead.idl
[3.730s] -- Up-to-date symlink: /home/diego/Workspaces/ros2_control_diffbot_ws/install/control_msgs/share/control_msgs/action/SingleJointPosition.idl
[3.732s] -- Up-to-date symlink: /home/diego/Workspaces/ros2_control_diffbot_ws/install/control_msgs/share/control_msgs/msg/DynamicJointState.msg
[3.734s] -- Up-to-date symlink: /home/diego/Workspaces/ros2_control_diffbot_ws/install/control_msgs/share/control_msgs/msg/GripperCommand.msg
[3.736s] -- Up-to-date symlink: /home/diego/Workspaces/ros2_control_diffbot_ws/install/control_msgs/share/control_msgs/msg/InterfaceValue.msg
[3.739s] -- Up-to-date symlink: /home/diego/Workspaces/ros2_control_diffbot_ws/install/control_msgs/share/control_msgs/msg/JointControllerState.msg
[3.741s] -- Up-to-date symlink: /home/diego/Workspaces/ros2_control_diffbot_ws/install/control_msgs/share/control_msgs/msg/JointJog.msg
[3.743s] -- Up-to-date symlink: /home/diego/Workspaces/ros2_control_diffbot_ws/install/control_msgs/share/control_msgs/msg/JointTolerance.msg
[3.746s] -- Up-to-date symlink: /home/diego/Workspaces/ros2_control_diffbot_ws/install/control_msgs/share/control_msgs/msg/JointTrajectoryControllerState.msg
[3.748s] -- Up-to-date symlink: /home/diego/Workspaces/ros2_control_diffbot_ws/install/control_msgs/share/control_msgs/msg/PidState.msg
[3.751s] -- Up-to-date symlink: /home/diego/Workspaces/ros2_control_diffbot_ws/install/control_msgs/share/control_msgs/srv/QueryCalibrationState.srv
[3.755s] -- Up-to-date symlink: /home/diego/Workspaces/ros2_control_diffbot_ws/install/control_msgs/share/control_msgs/srv/QueryCalibrationState_Request.msg
[3.759s] -- Up-to-date symlink: /home/diego/Workspaces/ros2_control_diffbot_ws/install/control_msgs/share/control_msgs/srv/QueryCalibrationState_Response.msg
[3.761s] -- Up-to-date symlink: /home/diego/Workspaces/ros2_control_diffbot_ws/install/control_msgs/share/control_msgs/srv/QueryTrajectoryState.srv
[3.763s] -- Up-to-date symlink: /home/diego/Workspaces/ros2_control_diffbot_ws/install/control_msgs/share/control_msgs/srv/QueryTrajectoryState_Request.msg
[3.766s] -- Up-to-date symlink: /home/diego/Workspaces/ros2_control_diffbot_ws/install/control_msgs/share/control_msgs/srv/QueryTrajectoryState_Response.msg
[3.767s] -- Up-to-date symlink: /home/diego/Workspaces/ros2_control_diffbot_ws/install/control_msgs/share/control_msgs/action/FollowJointTrajectory.action
[3.771s] -- Up-to-date symlink: /home/diego/Workspaces/ros2_control_diffbot_ws/install/control_msgs/share/control_msgs/action/GripperCommand.action
[3.773s] -- Up-to-date symlink: /home/diego/Workspaces/ros2_control_diffbot_ws/install/control_msgs/share/control_msgs/action/JointTrajectory.action
[3.776s] -- Up-to-date symlink: /home/diego/Workspaces/ros2_control_diffbot_ws/install/control_msgs/share/control_msgs/action/PointHead.action
[3.783s] -- Up-to-date symlink: /home/diego/Workspaces/ros2_control_diffbot_ws/install/control_msgs/share/control_msgs/action/SingleJointPosition.action
[3.984s] -- Up-to-date symlink: /home/diego/Workspaces/ros2_control_diffbot_ws/install/control_msgs/share/ament_index/resource_index/package_run_dependencies/control_msgs
[4.229s] -- Up-to-date symlink: /home/diego/Workspaces/ros2_control_diffbot_ws/install/control_msgs/share/ament_index/resource_index/parent_prefix_path/control_msgs
[4.236s] -- Up-to-date symlink: /home/diego/Workspaces/ros2_control_diffbot_ws/install/control_msgs/share/control_msgs/environment/ament_prefix_path.sh
[4.239s] -- Up-to-date symlink: /home/diego/Workspaces/ros2_control_diffbot_ws/install/control_msgs/share/control_msgs/environment/ament_prefix_path.dsv
[4.240s] -- Up-to-date symlink: /home/diego/Workspaces/ros2_control_diffbot_ws/install/control_msgs/share/control_msgs/environment/path.sh
[4.243s] -- Up-to-date symlink: /home/diego/Workspaces/ros2_control_diffbot_ws/install/control_msgs/share/control_msgs/environment/path.dsv
[4.246s] -- Up-to-date symlink: /home/diego/Workspaces/ros2_control_diffbot_ws/install/control_msgs/share/control_msgs/local_setup.bash
[4.247s] -- Up-to-date symlink: /home/diego/Workspaces/ros2_control_diffbot_ws/install/control_msgs/share/control_msgs/local_setup.sh
[4.250s] -- Up-to-date symlink: /home/diego/Workspaces/ros2_control_diffbot_ws/install/control_msgs/share/control_msgs/local_setup.zsh
[4.253s] -- Up-to-date symlink: /home/diego/Workspaces/ros2_control_diffbot_ws/install/control_msgs/share/control_msgs/local_setup.dsv
[4.254s] -- Symlinking: /home/diego/Workspaces/ros2_control_diffbot_ws/install/control_msgs/share/control_msgs/package.dsv
[4.280s] -- Up-to-date symlink: /home/diego/Workspaces/ros2_control_diffbot_ws/install/control_msgs/share/ament_index/resource_index/packages/control_msgs
[4.282s] -- Up-to-date symlink: /home/diego/Workspaces/ros2_control_diffbot_ws/install/control_msgs/share/control_msgs/cmake/rosidl_cmake-extras.cmake
[4.285s] -- Up-to-date symlink: /home/diego/Workspaces/ros2_control_diffbot_ws/install/control_msgs/share/control_msgs/cmake/ament_cmake_export_dependencies-extras.cmake
[4.287s] -- Up-to-date symlink: /home/diego/Workspaces/ros2_control_diffbot_ws/install/control_msgs/share/control_msgs/cmake/ament_cmake_export_libraries-extras.cmake
[4.290s] -- Up-to-date symlink: /home/diego/Workspaces/ros2_control_diffbot_ws/install/control_msgs/share/control_msgs/cmake/ament_cmake_export_targets-extras.cmake
[4.293s] -- Up-to-date symlink: /home/diego/Workspaces/ros2_control_diffbot_ws/install/control_msgs/share/control_msgs/cmake/ament_cmake_export_include_directories-extras.cmake
[4.297s] -- Up-to-date symlink: /home/diego/Workspaces/ros2_control_diffbot_ws/install/control_msgs/share/control_msgs/cmake/rosidl_cmake_export_typesupport_libraries-extras.cmake
[4.299s] -- Up-to-date symlink: /home/diego/Workspaces/ros2_control_diffbot_ws/install/control_msgs/share/control_msgs/cmake/rosidl_cmake_export_typesupport_targets-extras.cmake
[4.305s] -- Up-to-date symlink: /home/diego/Workspaces/ros2_control_diffbot_ws/install/control_msgs/share/control_msgs/cmake/control_msgsConfig.cmake
[4.308s] -- Up-to-date symlink: /home/diego/Workspaces/ros2_control_diffbot_ws/install/control_msgs/share/control_msgs/cmake/control_msgsConfig-version.cmake
[4.308s] -- Up-to-date symlink: /home/diego/Workspaces/ros2_control_diffbot_ws/install/control_msgs/share/control_msgs/package.xml
[4.313s] -- Up-to-date: /home/diego/Workspaces/ros2_control_diffbot_ws/install/control_msgs/lib/libcontrol_msgs__rosidl_generator_c.so
[4.316s] -- Up-to-date: /home/diego/Workspaces/ros2_control_diffbot_ws/install/control_msgs/lib/libcontrol_msgs__rosidl_typesupport_introspection_c.so
[4.323s] -- Up-to-date: /home/diego/Workspaces/ros2_control_diffbot_ws/install/control_msgs/lib/libcontrol_msgs__rosidl_typesupport_c.so
[4.327s] -- Up-to-date: /home/diego/Workspaces/ros2_control_diffbot_ws/install/control_msgs/lib/libcontrol_msgs__rosidl_typesupport_introspection_cpp.so
[4.331s] -- Up-to-date: /home/diego/Workspaces/ros2_control_diffbot_ws/install/control_msgs/lib/libcontrol_msgs__rosidl_typesupport_cpp.so
[4.490s] -- Up-to-date: /home/diego/Workspaces/ros2_control_diffbot_ws/install/control_msgs/share/control_msgs/cmake/control_msgs__rosidl_generator_cExport.cmake
[4.491s] -- Up-to-date: /home/diego/Workspaces/ros2_control_diffbot_ws/install/control_msgs/share/control_msgs/cmake/control_msgs__rosidl_generator_cExport-noconfig.cmake
[4.493s] -- Up-to-date: /home/diego/Workspaces/ros2_control_diffbot_ws/install/control_msgs/share/control_msgs/cmake/control_msgs__rosidl_typesupport_introspection_cExport.cmake
[4.494s] -- Up-to-date: /home/diego/Workspaces/ros2_control_diffbot_ws/install/control_msgs/share/control_msgs/cmake/control_msgs__rosidl_typesupport_introspection_cExport-noconfig.cmake
[4.495s] -- Up-to-date: /home/diego/Workspaces/ros2_control_diffbot_ws/install/control_msgs/share/control_msgs/cmake/control_msgs__rosidl_typesupport_cExport.cmake
[4.496s] -- Up-to-date: /home/diego/Workspaces/ros2_control_diffbot_ws/install/control_msgs/share/control_msgs/cmake/control_msgs__rosidl_typesupport_cExport-noconfig.cmake
[4.498s] -- Up-to-date: /home/diego/Workspaces/ros2_control_diffbot_ws/install/control_msgs/share/control_msgs/cmake/control_msgs__rosidl_generator_cppExport.cmake
[4.502s] -- Up-to-date: /home/diego/Workspaces/ros2_control_diffbot_ws/install/control_msgs/share/control_msgs/cmake/control_msgs__rosidl_typesupport_introspection_cppExport.cmake
[4.503s] -- Up-to-date: /home/diego/Workspaces/ros2_control_diffbot_ws/install/control_msgs/share/control_msgs/cmake/control_msgs__rosidl_typesupport_introspection_cppExport-noconfig.cmake
[4.504s] -- Up-to-date: /home/diego/Workspaces/ros2_control_diffbot_ws/install/control_msgs/share/control_msgs/cmake/control_msgs__rosidl_typesupport_cppExport.cmake
[4.505s] -- Up-to-date: /home/diego/Workspaces/ros2_control_diffbot_ws/install/control_msgs/share/control_msgs/cmake/control_msgs__rosidl_typesupport_cppExport-noconfig.cmake
[4.511s] Invoked command in '/home/diego/Workspaces/ros2_control_diffbot_ws/build/control_msgs' returned '0': CMAKE_PREFIX_PATH=/opt/ros/foxy /usr/bin/cmake --install /home/diego/Workspaces/ros2_control_diffbot_ws/build/control_msgs
