[2.077s] Invoking command in '/home/diego/Workspaces/ros2_control_diffbot_ws/src/python_dev/src/package_python': PYTHONPATH=/home/diego/Workspaces/ros2_control_diffbot_ws/src/install/package_python/lib/python3.8/site-packages:${PYTHONPATH} /usr/bin/python3 setup.py egg_info --egg-base ../../../build/package_python build --build-base /home/diego/Workspaces/ros2_control_diffbot_ws/src/build/package_python/build install --prefix /home/diego/Workspaces/ros2_control_diffbot_ws/src/install/package_python --record /home/diego/Workspaces/ros2_control_diffbot_ws/src/build/package_python/install.log --single-version-externally-managed
[2.744s] running egg_info
[2.745s] writing ../../../build/package_python/package_python.egg-info/PKG-INFO
[2.746s] writing dependency_links to ../../../build/package_python/package_python.egg-info/dependency_links.txt
[2.748s] writing entry points to ../../../build/package_python/package_python.egg-info/entry_points.txt
[2.748s] writing requirements to ../../../build/package_python/package_python.egg-info/requires.txt
[2.749s] writing top-level names to ../../../build/package_python/package_python.egg-info/top_level.txt
[2.844s] reading manifest file '../../../build/package_python/package_python.egg-info/SOURCES.txt'
[2.846s] writing manifest file '../../../build/package_python/package_python.egg-info/SOURCES.txt'
[2.846s] running build
[2.846s] running build_py
[2.847s] copying package_python/py_pub_spiral.py -> /home/diego/Workspaces/ros2_control_diffbot_ws/src/build/package_python/build/lib/package_python
[2.847s] copying package_python/py_pub_odometry.py -> /home/diego/Workspaces/ros2_control_diffbot_ws/src/build/package_python/build/lib/package_python
[2.848s] running install
[2.852s] running install_lib
[2.852s] copying /home/diego/Workspaces/ros2_control_diffbot_ws/src/build/package_python/build/lib/package_python/py_pub_spiral.py -> /home/diego/Workspaces/ros2_control_diffbot_ws/src/install/package_python/lib/python3.8/site-packages/package_python
[2.852s] copying /home/diego/Workspaces/ros2_control_diffbot_ws/src/build/package_python/build/lib/package_python/py_pub_odometry.py -> /home/diego/Workspaces/ros2_control_diffbot_ws/src/install/package_python/lib/python3.8/site-packages/package_python
[2.854s] byte-compiling /home/diego/Workspaces/ros2_control_diffbot_ws/src/install/package_python/lib/python3.8/site-packages/package_python/py_pub_spiral.py to py_pub_spiral.cpython-38.pyc
[2.858s] byte-compiling /home/diego/Workspaces/ros2_control_diffbot_ws/src/install/package_python/lib/python3.8/site-packages/package_python/py_pub_odometry.py to py_pub_odometry.cpython-38.pyc
[2.863s] running install_data
[2.863s] copying package.xml -> /home/diego/Workspaces/ros2_control_diffbot_ws/src/install/package_python/share/package_python
[2.863s] running install_egg_info
[2.865s] removing '/home/diego/Workspaces/ros2_control_diffbot_ws/src/install/package_python/lib/python3.8/site-packages/package_python-0.0.0-py3.8.egg-info' (and everything under it)
[2.866s] Copying ../../../build/package_python/package_python.egg-info to /home/diego/Workspaces/ros2_control_diffbot_ws/src/install/package_python/lib/python3.8/site-packages/package_python-0.0.0-py3.8.egg-info
[2.868s] running install_scripts
[2.922s] Installing nodo_py script to /home/diego/Workspaces/ros2_control_diffbot_ws/src/install/package_python/lib/package_python
[2.924s] Installing py_pub_odometry script to /home/diego/Workspaces/ros2_control_diffbot_ws/src/install/package_python/lib/package_python
[2.925s] Installing py_pub_spiral script to /home/diego/Workspaces/ros2_control_diffbot_ws/src/install/package_python/lib/package_python
[2.927s] writing list of installed files to '/home/diego/Workspaces/ros2_control_diffbot_ws/src/build/package_python/install.log'
[3.042s] Invoked command in '/home/diego/Workspaces/ros2_control_diffbot_ws/src/python_dev/src/package_python' returned '0': PYTHONPATH=/home/diego/Workspaces/ros2_control_diffbot_ws/src/install/package_python/lib/python3.8/site-packages:${PYTHONPATH} /usr/bin/python3 setup.py egg_info --egg-base ../../../build/package_python build --build-base /home/diego/Workspaces/ros2_control_diffbot_ws/src/build/package_python/build install --prefix /home/diego/Workspaces/ros2_control_diffbot_ws/src/install/package_python --record /home/diego/Workspaces/ros2_control_diffbot_ws/src/build/package_python/install.log --single-version-externally-managed
