[0.032s] Invoking command in '/home/diego/Workspaces/ros2_control_diffbot_ws/build/diffbot_description': CMAKE_PREFIX_PATH=/opt/ros/foxy /usr/bin/cmake --build /home/diego/Workspaces/ros2_control_diffbot_ws/build/diffbot_description -- -j2 -l2
[0.243s] Invoked command in '/home/diego/Workspaces/ros2_control_diffbot_ws/build/diffbot_description' returned '0': CMAKE_PREFIX_PATH=/opt/ros/foxy /usr/bin/cmake --build /home/diego/Workspaces/ros2_control_diffbot_ws/build/diffbot_description -- -j2 -l2
[0.337s] Invoking command in '/home/diego/Workspaces/ros2_control_diffbot_ws/build/diffbot_description': CMAKE_PREFIX_PATH=/opt/ros/foxy /usr/bin/cmake --install /home/diego/Workspaces/ros2_control_diffbot_ws/build/diffbot_description
[0.365s] -- Install configuration: ""
[0.368s] -- Execute custom install script
[0.374s] -- Up-to-date symlink: /home/diego/Workspaces/ros2_control_diffbot_ws/install/diffbot_description/share/diffbot_description/config/diffbot.rviz
[0.378s] -- Up-to-date symlink: /home/diego/Workspaces/ros2_control_diffbot_ws/install/diffbot_description/share/diffbot_description/gazebo/diffbot.gazebo.xacro
[0.381s] -- Up-to-date symlink: /home/diego/Workspaces/ros2_control_diffbot_ws/install/diffbot_description/share/diffbot_description/gazebo/diffbot.materials.xacro
[0.384s] -- Up-to-date symlink: /home/diego/Workspaces/ros2_control_diffbot_ws/install/diffbot_description/share/diffbot_description/ros2_control/diffbot_system.ros2_control.xacro
[0.387s] -- Up-to-date symlink: /home/diego/Workspaces/ros2_control_diffbot_ws/install/diffbot_description/share/diffbot_description/urdf/diffbot.urdf.xacro
[0.389s] -- Up-to-date symlink: /home/diego/Workspaces/ros2_control_diffbot_ws/install/diffbot_description/share/diffbot_description/urdf/diffbot_system.urdf.xacro
[0.391s] -- Up-to-date symlink: /home/diego/Workspaces/ros2_control_diffbot_ws/install/diffbot_description/share/diffbot_description/urdf/diffboturdforiginal.txt
[0.394s] -- Up-to-date symlink: /home/diego/Workspaces/ros2_control_diffbot_ws/install/diffbot_description/share/ament_index/resource_index/package_run_dependencies/diffbot_description
[0.397s] -- Up-to-date symlink: /home/diego/Workspaces/ros2_control_diffbot_ws/install/diffbot_description/share/ament_index/resource_index/parent_prefix_path/diffbot_description
[0.400s] -- Up-to-date symlink: /home/diego/Workspaces/ros2_control_diffbot_ws/install/diffbot_description/share/diffbot_description/environment/ament_prefix_path.sh
[0.405s] -- Up-to-date symlink: /home/diego/Workspaces/ros2_control_diffbot_ws/install/diffbot_description/share/diffbot_description/environment/ament_prefix_path.dsv
[0.412s] -- Up-to-date symlink: /home/diego/Workspaces/ros2_control_diffbot_ws/install/diffbot_description/share/diffbot_description/environment/path.sh
[0.415s] -- Up-to-date symlink: /home/diego/Workspaces/ros2_control_diffbot_ws/install/diffbot_description/share/diffbot_description/environment/path.dsv
[0.417s] -- Up-to-date symlink: /home/diego/Workspaces/ros2_control_diffbot_ws/install/diffbot_description/share/diffbot_description/local_setup.bash
[0.419s] -- Up-to-date symlink: /home/diego/Workspaces/ros2_control_diffbot_ws/install/diffbot_description/share/diffbot_description/local_setup.sh
[0.421s] -- Up-to-date symlink: /home/diego/Workspaces/ros2_control_diffbot_ws/install/diffbot_description/share/diffbot_description/local_setup.zsh
[0.424s] -- Up-to-date symlink: /home/diego/Workspaces/ros2_control_diffbot_ws/install/diffbot_description/share/diffbot_description/local_setup.dsv
[0.425s] -- Symlinking: /home/diego/Workspaces/ros2_control_diffbot_ws/install/diffbot_description/share/diffbot_description/package.dsv
[0.451s] -- Up-to-date symlink: /home/diego/Workspaces/ros2_control_diffbot_ws/install/diffbot_description/share/ament_index/resource_index/packages/diffbot_description
[0.454s] -- Up-to-date symlink: /home/diego/Workspaces/ros2_control_diffbot_ws/install/diffbot_description/share/diffbot_description/cmake/diffbot_descriptionConfig.cmake
[0.456s] -- Up-to-date symlink: /home/diego/Workspaces/ros2_control_diffbot_ws/install/diffbot_description/share/diffbot_description/cmake/diffbot_descriptionConfig-version.cmake
[0.458s] -- Up-to-date symlink: /home/diego/Workspaces/ros2_control_diffbot_ws/install/diffbot_description/share/diffbot_description/package.xml
[0.470s] Invoked command in '/home/diego/Workspaces/ros2_control_diffbot_ws/build/diffbot_description' returned '0': CMAKE_PREFIX_PATH=/opt/ros/foxy /usr/bin/cmake --install /home/diego/Workspaces/ros2_control_diffbot_ws/build/diffbot_description
