[0.100s] Invoking command in '/home/diego/Workspaces/ros2_control_diffbot_ws/build/hardware_interface': AMENT_PREFIX_PATH=/home/diego/Workspaces/ros2_control_diffbot_ws/install/ros2_control_test_assets:/home/diego/Workspaces/ros2_control_diffbot_ws/install/control_msgs:${AMENT_PREFIX_PATH} CMAKE_PREFIX_PATH=/home/diego/Workspaces/ros2_control_diffbot_ws/install/ros2_control_test_assets:/home/diego/Workspaces/ros2_control_diffbot_ws/install/control_msgs:/opt/ros/foxy LD_LIBRARY_PATH=/home/diego/Workspaces/ros2_control_diffbot_ws/install/control_msgs/lib:${LD_LIBRARY_PATH} PYTHONPATH=/home/diego/Workspaces/ros2_control_diffbot_ws/install/control_msgs/lib/python3.8/site-packages:${PYTHONPATH} /usr/bin/cmake --build /home/diego/Workspaces/ros2_control_diffbot_ws/build/hardware_interface -- -j2 -l2
[0.386s] [ 17%] Built target hardware_interface
[0.410s] [ 26%] Built target gmock
[0.505s] [ 32%] Built target gmock_main
[0.580s] [ 44%] Built target test_components
[0.629s] [ 58%] Built target test_hardware_components
[0.747s] [ 64%] Built target test_macros
[0.752s] [ 70%] Built target test_generic_system
[0.888s] [ 76%] Built target test_resource_manager
[0.922s] [ 82%] Built target fake_components
[1.085s] [ 88%] Built target test_component_interfaces
[1.125s] [ 94%] Built target test_joint_handle
[1.193s] [100%] Built target test_component_parser
[1.235s] Invoked command in '/home/diego/Workspaces/ros2_control_diffbot_ws/build/hardware_interface' returned '0': AMENT_PREFIX_PATH=/home/diego/Workspaces/ros2_control_diffbot_ws/install/ros2_control_test_assets:/home/diego/Workspaces/ros2_control_diffbot_ws/install/control_msgs:${AMENT_PREFIX_PATH} CMAKE_PREFIX_PATH=/home/diego/Workspaces/ros2_control_diffbot_ws/install/ros2_control_test_assets:/home/diego/Workspaces/ros2_control_diffbot_ws/install/control_msgs:/opt/ros/foxy LD_LIBRARY_PATH=/home/diego/Workspaces/ros2_control_diffbot_ws/install/control_msgs/lib:${LD_LIBRARY_PATH} PYTHONPATH=/home/diego/Workspaces/ros2_control_diffbot_ws/install/control_msgs/lib/python3.8/site-packages:${PYTHONPATH} /usr/bin/cmake --build /home/diego/Workspaces/ros2_control_diffbot_ws/build/hardware_interface -- -j2 -l2
[1.559s] Invoking command in '/home/diego/Workspaces/ros2_control_diffbot_ws/build/hardware_interface': AMENT_PREFIX_PATH=/home/diego/Workspaces/ros2_control_diffbot_ws/install/ros2_control_test_assets:/home/diego/Workspaces/ros2_control_diffbot_ws/install/control_msgs:${AMENT_PREFIX_PATH} CMAKE_PREFIX_PATH=/home/diego/Workspaces/ros2_control_diffbot_ws/install/ros2_control_test_assets:/home/diego/Workspaces/ros2_control_diffbot_ws/install/control_msgs:/opt/ros/foxy LD_LIBRARY_PATH=/home/diego/Workspaces/ros2_control_diffbot_ws/install/control_msgs/lib:${LD_LIBRARY_PATH} PYTHONPATH=/home/diego/Workspaces/ros2_control_diffbot_ws/install/control_msgs/lib/python3.8/site-packages:${PYTHONPATH} /usr/bin/cmake --install /home/diego/Workspaces/ros2_control_diffbot_ws/build/hardware_interface
[1.584s] -- Install configuration: ""
[1.588s] -- Execute custom install script
[1.596s] -- Up-to-date symlink: /home/diego/Workspaces/ros2_control_diffbot_ws/install/hardware_interface/share/hardware_interface//fake_components_plugin_description.xml
[1.603s] -- Up-to-date symlink: /home/diego/Workspaces/ros2_control_diffbot_ws/install/hardware_interface/include/fake_components/generic_system.hpp
[1.606s] -- Up-to-date symlink: /home/diego/Workspaces/ros2_control_diffbot_ws/install/hardware_interface/include/fake_components/visibility_control.h
[1.608s] -- Up-to-date symlink: /home/diego/Workspaces/ros2_control_diffbot_ws/install/hardware_interface/include/hardware_interface/actuator.hpp
[1.610s] -- Up-to-date symlink: /home/diego/Workspaces/ros2_control_diffbot_ws/install/hardware_interface/include/hardware_interface/actuator_interface.hpp
[1.611s] -- Up-to-date symlink: /home/diego/Workspaces/ros2_control_diffbot_ws/install/hardware_interface/include/hardware_interface/base_interface.hpp
[1.613s] -- Up-to-date symlink: /home/diego/Workspaces/ros2_control_diffbot_ws/install/hardware_interface/include/hardware_interface/component_parser.hpp
[1.614s] -- Up-to-date symlink: /home/diego/Workspaces/ros2_control_diffbot_ws/install/hardware_interface/include/hardware_interface/controller_info.hpp
[1.616s] -- Up-to-date symlink: /home/diego/Workspaces/ros2_control_diffbot_ws/install/hardware_interface/include/hardware_interface/handle.hpp
[1.618s] -- Up-to-date symlink: /home/diego/Workspaces/ros2_control_diffbot_ws/install/hardware_interface/include/hardware_interface/hardware_info.hpp
[1.619s] -- Up-to-date symlink: /home/diego/Workspaces/ros2_control_diffbot_ws/install/hardware_interface/include/hardware_interface/loaned_command_interface.hpp
[1.621s] -- Up-to-date symlink: /home/diego/Workspaces/ros2_control_diffbot_ws/install/hardware_interface/include/hardware_interface/loaned_state_interface.hpp
[1.622s] -- Up-to-date symlink: /home/diego/Workspaces/ros2_control_diffbot_ws/install/hardware_interface/include/hardware_interface/macros.hpp
[1.624s] -- Up-to-date symlink: /home/diego/Workspaces/ros2_control_diffbot_ws/install/hardware_interface/include/hardware_interface/resource_manager.hpp
[1.627s] -- Up-to-date symlink: /home/diego/Workspaces/ros2_control_diffbot_ws/install/hardware_interface/include/hardware_interface/sensor.hpp
[1.630s] -- Up-to-date symlink: /home/diego/Workspaces/ros2_control_diffbot_ws/install/hardware_interface/include/hardware_interface/sensor_interface.hpp
[1.634s] -- Up-to-date symlink: /home/diego/Workspaces/ros2_control_diffbot_ws/install/hardware_interface/include/hardware_interface/system.hpp
[1.637s] -- Up-to-date symlink: /home/diego/Workspaces/ros2_control_diffbot_ws/install/hardware_interface/include/hardware_interface/system_interface.hpp
[1.642s] -- Up-to-date symlink: /home/diego/Workspaces/ros2_control_diffbot_ws/install/hardware_interface/include/hardware_interface/types/hardware_interface_return_values.hpp
[1.645s] -- Up-to-date symlink: /home/diego/Workspaces/ros2_control_diffbot_ws/install/hardware_interface/include/hardware_interface/types/hardware_interface_status_values.hpp
[1.656s] -- Up-to-date symlink: /home/diego/Workspaces/ros2_control_diffbot_ws/install/hardware_interface/include/hardware_interface/types/hardware_interface_type_values.hpp
[1.659s] -- Up-to-date symlink: /home/diego/Workspaces/ros2_control_diffbot_ws/install/hardware_interface/include/hardware_interface/visibility_control.h
[1.660s] -- Up-to-date symlink: /home/diego/Workspaces/ros2_control_diffbot_ws/install/hardware_interface/lib/libfake_components.so
[1.661s] -- Up-to-date symlink: /home/diego/Workspaces/ros2_control_diffbot_ws/install/hardware_interface/lib/libhardware_interface.so
[1.665s] -- Up-to-date symlink: /home/diego/Workspaces/ros2_control_diffbot_ws/install/hardware_interface/lib/libtest_components.so
[1.671s] -- Up-to-date symlink: /home/diego/Workspaces/ros2_control_diffbot_ws/install/hardware_interface/share/hardware_interface/test/test_components/test_components.xml
[1.679s] -- Up-to-date symlink: /home/diego/Workspaces/ros2_control_diffbot_ws/install/hardware_interface/lib/libtest_hardware_components.so
[1.680s] -- Up-to-date symlink: /home/diego/Workspaces/ros2_control_diffbot_ws/install/hardware_interface/share/hardware_interface/test/test_hardware_components/test_hardware_components.xml
[1.681s] -- Up-to-date symlink: /home/diego/Workspaces/ros2_control_diffbot_ws/install/hardware_interface/share/hardware_interface/environment/library_path.sh
[1.682s] -- Up-to-date symlink: /home/diego/Workspaces/ros2_control_diffbot_ws/install/hardware_interface/share/hardware_interface/environment/library_path.dsv
[1.687s] -- Up-to-date symlink: /home/diego/Workspaces/ros2_control_diffbot_ws/install/hardware_interface/share/ament_index/resource_index/package_run_dependencies/hardware_interface
[1.697s] -- Up-to-date symlink: /home/diego/Workspaces/ros2_control_diffbot_ws/install/hardware_interface/share/ament_index/resource_index/parent_prefix_path/hardware_interface
[1.698s] -- Up-to-date symlink: /home/diego/Workspaces/ros2_control_diffbot_ws/install/hardware_interface/share/hardware_interface/environment/ament_prefix_path.sh
[1.698s] -- Up-to-date symlink: /home/diego/Workspaces/ros2_control_diffbot_ws/install/hardware_interface/share/hardware_interface/environment/ament_prefix_path.dsv
[1.698s] -- Up-to-date symlink: /home/diego/Workspaces/ros2_control_diffbot_ws/install/hardware_interface/share/hardware_interface/environment/path.sh
[1.701s] -- Up-to-date symlink: /home/diego/Workspaces/ros2_control_diffbot_ws/install/hardware_interface/share/hardware_interface/environment/path.dsv
[1.701s] -- Up-to-date symlink: /home/diego/Workspaces/ros2_control_diffbot_ws/install/hardware_interface/share/hardware_interface/local_setup.bash
[1.703s] -- Up-to-date symlink: /home/diego/Workspaces/ros2_control_diffbot_ws/install/hardware_interface/share/hardware_interface/local_setup.sh
[1.706s] -- Up-to-date symlink: /home/diego/Workspaces/ros2_control_diffbot_ws/install/hardware_interface/share/hardware_interface/local_setup.zsh
[1.707s] -- Up-to-date symlink: /home/diego/Workspaces/ros2_control_diffbot_ws/install/hardware_interface/share/hardware_interface/local_setup.dsv
[1.708s] -- Symlinking: /home/diego/Workspaces/ros2_control_diffbot_ws/install/hardware_interface/share/hardware_interface/package.dsv
[1.739s] -- Up-to-date symlink: /home/diego/Workspaces/ros2_control_diffbot_ws/install/hardware_interface/share/ament_index/resource_index/packages/hardware_interface
[1.743s] -- Up-to-date symlink: /home/diego/Workspaces/ros2_control_diffbot_ws/install/hardware_interface/share/ament_index/resource_index/hardware_interface__pluginlib__plugin/hardware_interface
[1.746s] -- Up-to-date symlink: /home/diego/Workspaces/ros2_control_diffbot_ws/install/hardware_interface/share/hardware_interface/cmake/ament_cmake_export_include_directories-extras.cmake
[1.748s] -- Up-to-date symlink: /home/diego/Workspaces/ros2_control_diffbot_ws/install/hardware_interface/share/hardware_interface/cmake/ament_cmake_export_libraries-extras.cmake
[1.749s] -- Up-to-date symlink: /home/diego/Workspaces/ros2_control_diffbot_ws/install/hardware_interface/share/hardware_interface/cmake/ament_cmake_export_dependencies-extras.cmake
[1.751s] -- Up-to-date symlink: /home/diego/Workspaces/ros2_control_diffbot_ws/install/hardware_interface/share/hardware_interface/cmake/hardware_interfaceConfig.cmake
[1.753s] -- Up-to-date symlink: /home/diego/Workspaces/ros2_control_diffbot_ws/install/hardware_interface/share/hardware_interface/cmake/hardware_interfaceConfig-version.cmake
[1.755s] -- Up-to-date symlink: /home/diego/Workspaces/ros2_control_diffbot_ws/install/hardware_interface/share/hardware_interface/package.xml
[1.770s] Invoked command in '/home/diego/Workspaces/ros2_control_diffbot_ws/build/hardware_interface' returned '0': AMENT_PREFIX_PATH=/home/diego/Workspaces/ros2_control_diffbot_ws/install/ros2_control_test_assets:/home/diego/Workspaces/ros2_control_diffbot_ws/install/control_msgs:${AMENT_PREFIX_PATH} CMAKE_PREFIX_PATH=/home/diego/Workspaces/ros2_control_diffbot_ws/install/ros2_control_test_assets:/home/diego/Workspaces/ros2_control_diffbot_ws/install/control_msgs:/opt/ros/foxy LD_LIBRARY_PATH=/home/diego/Workspaces/ros2_control_diffbot_ws/install/control_msgs/lib:${LD_LIBRARY_PATH} PYTHONPATH=/home/diego/Workspaces/ros2_control_diffbot_ws/install/control_msgs/lib/python3.8/site-packages:${PYTHONPATH} /usr/bin/cmake --install /home/diego/Workspaces/ros2_control_diffbot_ws/build/hardware_interface
