[0.128s] Invoking command in '/home/diego/Workspaces/ros2_control_diffbot_ws/build/realtime_tools': CMAKE_PREFIX_PATH=/opt/ros/foxy /usr/bin/cmake --build /home/diego/Workspaces/ros2_control_diffbot_ws/build/realtime_tools -- -j2 -l2
[0.345s] [ 11%] Built target realtime_tools
[0.400s] [ 29%] Built target gmock
[0.450s] [ 41%] Built target gmock_main
[0.574s] [ 52%] Built target realtime_buffer_tests
[0.592s] [ 64%] Built target realtime_publisher_tests
[0.713s] [ 76%] Built target realtime_box_tests
[0.744s] [ 88%] Built target realtime_server_goal_handle_tests
[0.839s] [100%] Built target realtime_clock_tests
[0.889s] Invoked command in '/home/diego/Workspaces/ros2_control_diffbot_ws/build/realtime_tools' returned '0': CMAKE_PREFIX_PATH=/opt/ros/foxy /usr/bin/cmake --build /home/diego/Workspaces/ros2_control_diffbot_ws/build/realtime_tools -- -j2 -l2
[1.114s] Invoking command in '/home/diego/Workspaces/ros2_control_diffbot_ws/build/realtime_tools': CMAKE_PREFIX_PATH=/opt/ros/foxy /usr/bin/cmake --install /home/diego/Workspaces/ros2_control_diffbot_ws/build/realtime_tools
[1.149s] -- Install configuration: ""
[1.150s] -- Execute custom install script
[1.152s] -- Up-to-date symlink: /home/diego/Workspaces/ros2_control_diffbot_ws/install/realtime_tools/include/realtime_tools/realtime_box.h
[1.153s] -- Up-to-date symlink: /home/diego/Workspaces/ros2_control_diffbot_ws/install/realtime_tools/include/realtime_tools/realtime_buffer.h
[1.153s] -- Up-to-date symlink: /home/diego/Workspaces/ros2_control_diffbot_ws/install/realtime_tools/include/realtime_tools/realtime_clock.h
[1.154s] -- Up-to-date symlink: /home/diego/Workspaces/ros2_control_diffbot_ws/install/realtime_tools/include/realtime_tools/realtime_publisher.h
[1.155s] -- Up-to-date symlink: /home/diego/Workspaces/ros2_control_diffbot_ws/install/realtime_tools/include/realtime_tools/realtime_server_goal_handle.h
[1.156s] -- Up-to-date symlink: /home/diego/Workspaces/ros2_control_diffbot_ws/install/realtime_tools/lib/librealtime_tools.a
[1.157s] -- Up-to-date symlink: /home/diego/Workspaces/ros2_control_diffbot_ws/install/realtime_tools/share/realtime_tools/environment/library_path.sh
[1.158s] -- Up-to-date symlink: /home/diego/Workspaces/ros2_control_diffbot_ws/install/realtime_tools/share/realtime_tools/environment/library_path.dsv
[1.159s] -- Up-to-date symlink: /home/diego/Workspaces/ros2_control_diffbot_ws/install/realtime_tools/share/ament_index/resource_index/package_run_dependencies/realtime_tools
[1.160s] -- Up-to-date symlink: /home/diego/Workspaces/ros2_control_diffbot_ws/install/realtime_tools/share/ament_index/resource_index/parent_prefix_path/realtime_tools
[1.161s] -- Up-to-date symlink: /home/diego/Workspaces/ros2_control_diffbot_ws/install/realtime_tools/share/realtime_tools/environment/ament_prefix_path.sh
[1.162s] -- Up-to-date symlink: /home/diego/Workspaces/ros2_control_diffbot_ws/install/realtime_tools/share/realtime_tools/environment/ament_prefix_path.dsv
[1.163s] -- Up-to-date symlink: /home/diego/Workspaces/ros2_control_diffbot_ws/install/realtime_tools/share/realtime_tools/environment/path.sh
[1.164s] -- Up-to-date symlink: /home/diego/Workspaces/ros2_control_diffbot_ws/install/realtime_tools/share/realtime_tools/environment/path.dsv
[1.165s] -- Up-to-date symlink: /home/diego/Workspaces/ros2_control_diffbot_ws/install/realtime_tools/share/realtime_tools/local_setup.bash
[1.166s] -- Up-to-date symlink: /home/diego/Workspaces/ros2_control_diffbot_ws/install/realtime_tools/share/realtime_tools/local_setup.sh
[1.167s] -- Up-to-date symlink: /home/diego/Workspaces/ros2_control_diffbot_ws/install/realtime_tools/share/realtime_tools/local_setup.zsh
[1.168s] -- Up-to-date symlink: /home/diego/Workspaces/ros2_control_diffbot_ws/install/realtime_tools/share/realtime_tools/local_setup.dsv
[1.168s] -- Symlinking: /home/diego/Workspaces/ros2_control_diffbot_ws/install/realtime_tools/share/realtime_tools/package.dsv
[1.195s] -- Up-to-date symlink: /home/diego/Workspaces/ros2_control_diffbot_ws/install/realtime_tools/share/ament_index/resource_index/packages/realtime_tools
[1.196s] -- Up-to-date symlink: /home/diego/Workspaces/ros2_control_diffbot_ws/install/realtime_tools/share/realtime_tools/cmake/ament_cmake_export_include_directories-extras.cmake
[1.196s] -- Up-to-date symlink: /home/diego/Workspaces/ros2_control_diffbot_ws/install/realtime_tools/share/realtime_tools/cmake/ament_cmake_export_libraries-extras.cmake
[1.198s] -- Up-to-date symlink: /home/diego/Workspaces/ros2_control_diffbot_ws/install/realtime_tools/share/realtime_tools/cmake/ament_cmake_export_dependencies-extras.cmake
[1.198s] -- Up-to-date symlink: /home/diego/Workspaces/ros2_control_diffbot_ws/install/realtime_tools/share/realtime_tools/cmake/realtime_toolsConfig.cmake
[1.199s] -- Up-to-date symlink: /home/diego/Workspaces/ros2_control_diffbot_ws/install/realtime_tools/share/realtime_tools/cmake/realtime_toolsConfig-version.cmake
[1.200s] -- Up-to-date symlink: /home/diego/Workspaces/ros2_control_diffbot_ws/install/realtime_tools/share/realtime_tools/package.xml
[1.213s] Invoked command in '/home/diego/Workspaces/ros2_control_diffbot_ws/build/realtime_tools' returned '0': CMAKE_PREFIX_PATH=/opt/ros/foxy /usr/bin/cmake --install /home/diego/Workspaces/ros2_control_diffbot_ws/build/realtime_tools
