[2.238s] Invoking command in '/home/diego/Workspaces/ros2_control_diffbot_ws/src/python_dev/src/package_python': PYTHONPATH=/home/diego/Workspaces/ros2_control_diffbot_ws/install/package_python/lib/python3.8/site-packages:${PYTHONPATH} /usr/bin/python3 setup.py egg_info --egg-base ../../../../build/package_python build --build-base /home/diego/Workspaces/ros2_control_diffbot_ws/build/package_python/build install --prefix /home/diego/Workspaces/ros2_control_diffbot_ws/install/package_python --record /home/diego/Workspaces/ros2_control_diffbot_ws/build/package_python/install.log --single-version-externally-managed
[2.952s] running egg_info
[2.954s] writing ../../../../build/package_python/package_python.egg-info/PKG-INFO
[2.955s] writing dependency_links to ../../../../build/package_python/package_python.egg-info/dependency_links.txt
[2.955s] writing entry points to ../../../../build/package_python/package_python.egg-info/entry_points.txt
[2.956s] writing requirements to ../../../../build/package_python/package_python.egg-info/requires.txt
[2.956s] writing top-level names to ../../../../build/package_python/package_python.egg-info/top_level.txt
[3.064s] reading manifest file '../../../../build/package_python/package_python.egg-info/SOURCES.txt'
[3.068s] writing manifest file '../../../../build/package_python/package_python.egg-info/SOURCES.txt'
[3.069s] running build
[3.070s] running build_py
[3.070s] running install
[3.074s] running install_lib
[3.077s] byte-compiling /home/diego/Workspaces/ros2_control_diffbot_ws/install/package_python/lib/python3.8/site-packages/package_python/py_pub_spiral.py to py_pub_spiral.cpython-38.pyc
[3.080s]   File "/home/diego/Workspaces/ros2_control_diffbot_ws/install/package_python/lib/python3.8/site-packages/package_python/py_pub_spiral.py", line 38
[3.081s]     self.i += float(data)f
[3.081s]                          ^
[3.081s] SyntaxError: invalid syntax
[3.081s] 
[3.082s] running install_data
[3.083s] running install_egg_info
[3.089s] removing '/home/diego/Workspaces/ros2_control_diffbot_ws/install/package_python/lib/python3.8/site-packages/package_python-0.0.0-py3.8.egg-info' (and everything under it)
[3.091s] Copying ../../../../build/package_python/package_python.egg-info to /home/diego/Workspaces/ros2_control_diffbot_ws/install/package_python/lib/python3.8/site-packages/package_python-0.0.0-py3.8.egg-info
[3.096s] running install_scripts
[3.143s] Installing nodo_py script to /home/diego/Workspaces/ros2_control_diffbot_ws/install/package_python/lib/package_python
[3.145s] Installing py_pub_spiral script to /home/diego/Workspaces/ros2_control_diffbot_ws/install/package_python/lib/package_python
[3.146s] writing list of installed files to '/home/diego/Workspaces/ros2_control_diffbot_ws/build/package_python/install.log'
[3.246s] Invoked command in '/home/diego/Workspaces/ros2_control_diffbot_ws/src/python_dev/src/package_python' returned '0': PYTHONPATH=/home/diego/Workspaces/ros2_control_diffbot_ws/install/package_python/lib/python3.8/site-packages:${PYTHONPATH} /usr/bin/python3 setup.py egg_info --egg-base ../../../../build/package_python build --build-base /home/diego/Workspaces/ros2_control_diffbot_ws/build/package_python/build install --prefix /home/diego/Workspaces/ros2_control_diffbot_ws/install/package_python --record /home/diego/Workspaces/ros2_control_diffbot_ws/build/package_python/install.log --single-version-externally-managed
