[0.137s] Invoking command in '/home/diego/Workspaces/ros2_control_diffbot_ws/build/rrbot_description': CMAKE_PREFIX_PATH=${CMAKE_PREFIX_PATH}:/home/diego/Workspaces/ros2_control_diffbot_ws/install/ros2controlcli:/home/diego/Workspaces/ros2_control_diffbot_ws/install/ros2_control_test_nodes:/home/diego/Workspaces/ros2_control_diffbot_ws/install/package_python:/opt/ros/foxy /usr/bin/cmake --build /home/diego/Workspaces/ros2_control_diffbot_ws/build/rrbot_description -- -j2 -l2
[0.297s] Invoked command in '/home/diego/Workspaces/ros2_control_diffbot_ws/build/rrbot_description' returned '0': CMAKE_PREFIX_PATH=${CMAKE_PREFIX_PATH}:/home/diego/Workspaces/ros2_control_diffbot_ws/install/ros2controlcli:/home/diego/Workspaces/ros2_control_diffbot_ws/install/ros2_control_test_nodes:/home/diego/Workspaces/ros2_control_diffbot_ws/install/package_python:/opt/ros/foxy /usr/bin/cmake --build /home/diego/Workspaces/ros2_control_diffbot_ws/build/rrbot_description -- -j2 -l2
[0.403s] Invoking command in '/home/diego/Workspaces/ros2_control_diffbot_ws/build/rrbot_description': CMAKE_PREFIX_PATH=${CMAKE_PREFIX_PATH}:/home/diego/Workspaces/ros2_control_diffbot_ws/install/ros2controlcli:/home/diego/Workspaces/ros2_control_diffbot_ws/install/ros2_control_test_nodes:/home/diego/Workspaces/ros2_control_diffbot_ws/install/package_python:/opt/ros/foxy /usr/bin/cmake --install /home/diego/Workspaces/ros2_control_diffbot_ws/build/rrbot_description
[0.432s] -- Install configuration: ""
[0.433s] -- Execute custom install script
[0.434s] -- Up-to-date symlink: /home/diego/Workspaces/ros2_control_diffbot_ws/install/rrbot_description/share/rrbot_description/config/rrbot.rviz
[0.436s] -- Up-to-date symlink: /home/diego/Workspaces/ros2_control_diffbot_ws/install/rrbot_description/share/rrbot_description/gazebo/rrbot.gazebo.xacro
[0.436s] -- Up-to-date symlink: /home/diego/Workspaces/ros2_control_diffbot_ws/install/rrbot_description/share/rrbot_description/gazebo/rrbot.materials.xacro
[0.437s] -- Up-to-date symlink: /home/diego/Workspaces/ros2_control_diffbot_ws/install/rrbot_description/share/rrbot_description/meshes/hokuyo.dae
[0.438s] -- Up-to-date symlink: /home/diego/Workspaces/ros2_control_diffbot_ws/install/rrbot_description/share/rrbot_description/launch/view_robot.launch.py
[0.440s] -- Up-to-date symlink: /home/diego/Workspaces/ros2_control_diffbot_ws/install/rrbot_description/share/rrbot_description/ros2_control/rrbot.ros2_control.xacro
[0.441s] -- Up-to-date symlink: /home/diego/Workspaces/ros2_control_diffbot_ws/install/rrbot_description/share/rrbot_description/ros2_control/rrbot_system_multi_interface.ros2_control.xacro
[0.441s] -- Up-to-date symlink: /home/diego/Workspaces/ros2_control_diffbot_ws/install/rrbot_description/share/rrbot_description/ros2_control/rrbot_system_position_only.ros2_control.xacro
[0.441s] -- Up-to-date symlink: /home/diego/Workspaces/ros2_control_diffbot_ws/install/rrbot_description/share/rrbot_description/ros2_control/rrbot_system_with_sensor.ros2_control.xacro
[0.442s] -- Up-to-date symlink: /home/diego/Workspaces/ros2_control_diffbot_ws/install/rrbot_description/share/rrbot_description/urdf/rrbot.urdf.xacro
[0.442s] -- Up-to-date symlink: /home/diego/Workspaces/ros2_control_diffbot_ws/install/rrbot_description/share/rrbot_description/urdf/rrbot_description.urdf.xacro
[0.443s] -- Up-to-date symlink: /home/diego/Workspaces/ros2_control_diffbot_ws/install/rrbot_description/share/rrbot_description/urdf/rrbot_system_multi_interface.urdf.xacro
[0.443s] -- Up-to-date symlink: /home/diego/Workspaces/ros2_control_diffbot_ws/install/rrbot_description/share/rrbot_description/urdf/rrbot_system_position_only.urdf.xacro
[0.443s] -- Up-to-date symlink: /home/diego/Workspaces/ros2_control_diffbot_ws/install/rrbot_description/share/rrbot_description/urdf/rrbot_system_with_sensor.urdf.xacro
[0.444s] -- Up-to-date symlink: /home/diego/Workspaces/ros2_control_diffbot_ws/install/rrbot_description/share/rrbot_description/environment/rrbot_description.dsv
[0.445s] -- Up-to-date symlink: /home/diego/Workspaces/ros2_control_diffbot_ws/install/rrbot_description/share/ament_index/resource_index/package_run_dependencies/rrbot_description
[0.445s] -- Up-to-date symlink: /home/diego/Workspaces/ros2_control_diffbot_ws/install/rrbot_description/share/ament_index/resource_index/parent_prefix_path/rrbot_description
[0.446s] -- Up-to-date symlink: /home/diego/Workspaces/ros2_control_diffbot_ws/install/rrbot_description/share/rrbot_description/environment/ament_prefix_path.sh
[0.446s] -- Up-to-date symlink: /home/diego/Workspaces/ros2_control_diffbot_ws/install/rrbot_description/share/rrbot_description/environment/ament_prefix_path.dsv
[0.447s] -- Up-to-date symlink: /home/diego/Workspaces/ros2_control_diffbot_ws/install/rrbot_description/share/rrbot_description/environment/path.sh
[0.449s] -- Up-to-date symlink: /home/diego/Workspaces/ros2_control_diffbot_ws/install/rrbot_description/share/rrbot_description/environment/path.dsv
[0.449s] -- Up-to-date symlink: /home/diego/Workspaces/ros2_control_diffbot_ws/install/rrbot_description/share/rrbot_description/local_setup.bash
[0.451s] -- Up-to-date symlink: /home/diego/Workspaces/ros2_control_diffbot_ws/install/rrbot_description/share/rrbot_description/local_setup.sh
[0.452s] -- Up-to-date symlink: /home/diego/Workspaces/ros2_control_diffbot_ws/install/rrbot_description/share/rrbot_description/local_setup.zsh
[0.456s] -- Up-to-date symlink: /home/diego/Workspaces/ros2_control_diffbot_ws/install/rrbot_description/share/rrbot_description/local_setup.dsv
[0.456s] -- Symlinking: /home/diego/Workspaces/ros2_control_diffbot_ws/install/rrbot_description/share/rrbot_description/package.dsv
[0.494s] -- Up-to-date symlink: /home/diego/Workspaces/ros2_control_diffbot_ws/install/rrbot_description/share/ament_index/resource_index/packages/rrbot_description
[0.494s] -- Up-to-date symlink: /home/diego/Workspaces/ros2_control_diffbot_ws/install/rrbot_description/share/rrbot_description/cmake/rrbot_descriptionConfig.cmake
[0.494s] -- Up-to-date symlink: /home/diego/Workspaces/ros2_control_diffbot_ws/install/rrbot_description/share/rrbot_description/cmake/rrbot_descriptionConfig-version.cmake
[0.495s] -- Up-to-date symlink: /home/diego/Workspaces/ros2_control_diffbot_ws/install/rrbot_description/share/rrbot_description/package.xml
[0.501s] Invoked command in '/home/diego/Workspaces/ros2_control_diffbot_ws/build/rrbot_description' returned '0': CMAKE_PREFIX_PATH=${CMAKE_PREFIX_PATH}:/home/diego/Workspaces/ros2_control_diffbot_ws/install/ros2controlcli:/home/diego/Workspaces/ros2_control_diffbot_ws/install/ros2_control_test_nodes:/home/diego/Workspaces/ros2_control_diffbot_ws/install/package_python:/opt/ros/foxy /usr/bin/cmake --install /home/diego/Workspaces/ros2_control_diffbot_ws/build/rrbot_description
