[2.984s] Invoking command in '/home/diego/Workspaces/ros2_control_diffbot_ws/src/python_dev/src/package_python': PYTHONPATH=/home/diego/Workspaces/ros2_control_diffbot_ws/install/package_python/lib/python3.8/site-packages:${PYTHONPATH} /usr/bin/python3 setup.py egg_info --egg-base ../../../../build/package_python build --build-base /home/diego/Workspaces/ros2_control_diffbot_ws/build/package_python/build install --prefix /home/diego/Workspaces/ros2_control_diffbot_ws/install/package_python --record /home/diego/Workspaces/ros2_control_diffbot_ws/build/package_python/install.log --single-version-externally-managed
[3.895s] running egg_info
[3.899s] writing ../../../../build/package_python/package_python.egg-info/PKG-INFO
[3.901s] writing dependency_links to ../../../../build/package_python/package_python.egg-info/dependency_links.txt
[3.905s] writing entry points to ../../../../build/package_python/package_python.egg-info/entry_points.txt
[3.905s] writing requirements to ../../../../build/package_python/package_python.egg-info/requires.txt
[3.906s] writing top-level names to ../../../../build/package_python/package_python.egg-info/top_level.txt
[4.034s] reading manifest file '../../../../build/package_python/package_python.egg-info/SOURCES.txt'
[4.039s] writing manifest file '../../../../build/package_python/package_python.egg-info/SOURCES.txt'
[4.040s] running build
[4.040s] running build_py
[4.041s] copying package_python/py_pub_sub_wheels.py -> /home/diego/Workspaces/ros2_control_diffbot_ws/build/package_python/build/lib/package_python
[4.045s] running install
[4.048s] running install_lib
[4.051s] copying /home/diego/Workspaces/ros2_control_diffbot_ws/build/package_python/build/lib/package_python/py_pub_sub_wheels.py -> /home/diego/Workspaces/ros2_control_diffbot_ws/install/package_python/lib/python3.8/site-packages/package_python
[4.056s] byte-compiling /home/diego/Workspaces/ros2_control_diffbot_ws/install/package_python/lib/python3.8/site-packages/package_python/py_pub_sub_wheels.py to py_pub_sub_wheels.cpython-38.pyc
[4.062s] running install_data
[4.065s] running install_egg_info
[4.072s] removing '/home/diego/Workspaces/ros2_control_diffbot_ws/install/package_python/lib/python3.8/site-packages/package_python-0.0.0-py3.8.egg-info' (and everything under it)
[4.073s] Copying ../../../../build/package_python/package_python.egg-info to /home/diego/Workspaces/ros2_control_diffbot_ws/install/package_python/lib/python3.8/site-packages/package_python-0.0.0-py3.8.egg-info
[4.076s] running install_scripts
[4.143s] Installing nodo_py script to /home/diego/Workspaces/ros2_control_diffbot_ws/install/package_python/lib/package_python
[4.145s] Installing py_pub_odometry script to /home/diego/Workspaces/ros2_control_diffbot_ws/install/package_python/lib/package_python
[4.146s] Installing py_pub_spiral script to /home/diego/Workspaces/ros2_control_diffbot_ws/install/package_python/lib/package_python
[4.148s] Installing py_pub_sub_wheels script to /home/diego/Workspaces/ros2_control_diffbot_ws/install/package_python/lib/package_python
[4.150s] writing list of installed files to '/home/diego/Workspaces/ros2_control_diffbot_ws/build/package_python/install.log'
[4.242s] Invoked command in '/home/diego/Workspaces/ros2_control_diffbot_ws/src/python_dev/src/package_python' returned '0': PYTHONPATH=/home/diego/Workspaces/ros2_control_diffbot_ws/install/package_python/lib/python3.8/site-packages:${PYTHONPATH} /usr/bin/python3 setup.py egg_info --egg-base ../../../../build/package_python build --build-base /home/diego/Workspaces/ros2_control_diffbot_ws/build/package_python/build install --prefix /home/diego/Workspaces/ros2_control_diffbot_ws/install/package_python --record /home/diego/Workspaces/ros2_control_diffbot_ws/build/package_python/install.log --single-version-externally-managed
