[0.076s] Invoking command in '/home/diego/Workspaces/ros2_control_diffbot_ws/build/joint_state_controller': AMENT_PREFIX_PATH=/home/diego/Workspaces/ros2_control_diffbot_ws/install/joint_state_broadcaster:/home/diego/Workspaces/ros2_control_diffbot_ws/install/controller_manager:/home/diego/Workspaces/ros2_control_diffbot_ws/install/controller_interface:/home/diego/Workspaces/ros2_control_diffbot_ws/install/hardware_interface:/home/diego/Workspaces/ros2_control_diffbot_ws/install/ros2_control_test_assets:/home/diego/Workspaces/ros2_control_diffbot_ws/install/realtime_tools:/home/diego/Workspaces/ros2_control_diffbot_ws/install/controller_manager_msgs:/home/diego/Workspaces/ros2_control_diffbot_ws/install/control_msgs:${AMENT_PREFIX_PATH} CMAKE_PREFIX_PATH=/home/diego/Workspaces/ros2_control_diffbot_ws/install/joint_state_broadcaster:/home/diego/Workspaces/ros2_control_diffbot_ws/install/controller_manager:/home/diego/Workspaces/ros2_control_diffbot_ws/install/controller_interface:/home/diego/Workspaces/ros2_control_diffbot_ws/install/hardware_interface:/home/diego/Workspaces/ros2_control_diffbot_ws/install/ros2_control_test_assets:/home/diego/Workspaces/ros2_control_diffbot_ws/install/realtime_tools:/home/diego/Workspaces/ros2_control_diffbot_ws/install/controller_manager_msgs:/home/diego/Workspaces/ros2_control_diffbot_ws/install/control_msgs:/opt/ros/foxy LD_LIBRARY_PATH=/home/diego/Workspaces/ros2_control_diffbot_ws/install/joint_state_broadcaster/lib:/home/diego/Workspaces/ros2_control_diffbot_ws/install/controller_manager/lib:/home/diego/Workspaces/ros2_control_diffbot_ws/install/controller_interface/lib:/home/diego/Workspaces/ros2_control_diffbot_ws/install/hardware_interface/lib:/home/diego/Workspaces/ros2_control_diffbot_ws/install/realtime_tools/lib:/home/diego/Workspaces/ros2_control_diffbot_ws/install/controller_manager_msgs/lib:/home/diego/Workspaces/ros2_control_diffbot_ws/install/control_msgs/lib:${LD_LIBRARY_PATH} PYTHONPATH=/home/diego/Workspaces/ros2_control_diffbot_ws/install/controller_manager/lib/python3.8/site-packages:/home/diego/Workspaces/ros2_control_diffbot_ws/install/controller_manager_msgs/lib/python3.8/site-packages:/home/diego/Workspaces/ros2_control_diffbot_ws/install/control_msgs/lib/python3.8/site-packages:${PYTHONPATH} /usr/bin/cmake /home/diego/Workspaces/ros2_control_diffbot_ws/src/ros2_controllers/joint_state_controller -DAMENT_CMAKE_SYMLINK_INSTALL=1 -DCMAKE_INSTALL_PREFIX=/home/diego/Workspaces/ros2_control_diffbot_ws/install/joint_state_controller
[0.254s] -- The C compiler identification is GNU 9.4.0
[0.417s] -- The CXX compiler identification is GNU 9.4.0
[0.432s] -- Check for working C compiler: /usr/bin/cc
[0.621s] -- Check for working C compiler: /usr/bin/cc -- works
[0.627s] -- Detecting C compiler ABI info
[0.833s] -- Detecting C compiler ABI info - done
[0.874s] -- Detecting C compile features
[0.876s] -- Detecting C compile features - done
[0.882s] -- Check for working CXX compiler: /usr/bin/c++
[1.104s] -- Check for working CXX compiler: /usr/bin/c++ -- works
[1.108s] -- Detecting CXX compiler ABI info
[1.349s] -- Detecting CXX compiler ABI info - done
[1.378s] -- Detecting CXX compile features
[1.380s] -- Detecting CXX compile features - done
[1.387s] -- Found ament_cmake: 0.9.9 (/opt/ros/foxy/share/ament_cmake/cmake)
[1.464s] -- Found PythonInterp: /usr/bin/python3 (found suitable version "3.8.10", minimum required is "3") 
[1.465s] -- Using PYTHON_EXECUTABLE: /usr/bin/python3
[1.975s] -- Override CMake install command with custom implementation using symlinks instead of copying resources
[2.038s] -- Found joint_state_broadcaster: 0.8.0 (/home/diego/Workspaces/ros2_control_diffbot_ws/install/joint_state_broadcaster/share/joint_state_broadcaster/cmake)
[2.123s] -- Using all available rosidl_typesupport_c: rosidl_typesupport_fastrtps_c;rosidl_typesupport_introspection_c
[2.141s] -- Found rosidl_adapter: 1.2.1 (/opt/ros/foxy/share/rosidl_adapter/cmake)
[2.348s] -- Found OpenSSL: /usr/lib/x86_64-linux-gnu/libcrypto.so (found version "1.1.1f")  
[2.426s] -- Found FastRTPS: /opt/ros/foxy/include  
[2.642s] -- Using all available rosidl_typesupport_cpp: rosidl_typesupport_fastrtps_cpp;rosidl_typesupport_introspection_cpp
[4.371s] -- Found rmw_implementation_cmake: 1.0.3 (/opt/ros/foxy/share/rmw_implementation_cmake/cmake)
[4.378s] -- Using RMW implementation 'rmw_fastrtps_cpp' as default
[4.381s] -- Looking for pthread.h
[4.591s] -- Looking for pthread.h - found
[4.593s] -- Performing Test CMAKE_HAVE_LIBC_PTHREAD
[4.804s] -- Performing Test CMAKE_HAVE_LIBC_PTHREAD - Failed
[4.805s] -- Looking for pthread_create in pthreads
[4.984s] -- Looking for pthread_create in pthreads - not found
[4.986s] -- Looking for pthread_create in pthread
[5.188s] -- Looking for pthread_create in pthread - found
[5.191s] -- Found Threads: TRUE  
[6.423s] -- Found ament_cmake_gmock: 0.9.9 (/opt/ros/foxy/share/ament_cmake_gmock/cmake)
[6.426s] -- Found controller_manager: 0.10.1 (/home/diego/Workspaces/ros2_control_diffbot_ws/install/controller_manager/share/controller_manager/cmake)
[6.575s] -- Found ros2_control_test_assets: 0.10.1 (/home/diego/Workspaces/ros2_control_diffbot_ws/install/ros2_control_test_assets/share/ros2_control_test_assets/cmake)
[6.582s] -- Found gmock sources under '/opt/ros/foxy/src/gmock_vendor': C++ tests using 'Google Mock' will be built
[6.595s] -- Found ament_cmake_gtest: 0.9.9 (/opt/ros/foxy/share/ament_cmake_gtest/cmake)
[6.600s] -- Found gtest sources under '/opt/ros/foxy/src/gtest_vendor': C++ tests using 'Google Test' will be built
[7.040s] -- Configuring done
[7.168s] -- Generating done
[7.176s] -- Build files have been written to: /home/diego/Workspaces/ros2_control_diffbot_ws/build/joint_state_controller
[7.218s] Invoked command in '/home/diego/Workspaces/ros2_control_diffbot_ws/build/joint_state_controller' returned '0': AMENT_PREFIX_PATH=/home/diego/Workspaces/ros2_control_diffbot_ws/install/joint_state_broadcaster:/home/diego/Workspaces/ros2_control_diffbot_ws/install/controller_manager:/home/diego/Workspaces/ros2_control_diffbot_ws/install/controller_interface:/home/diego/Workspaces/ros2_control_diffbot_ws/install/hardware_interface:/home/diego/Workspaces/ros2_control_diffbot_ws/install/ros2_control_test_assets:/home/diego/Workspaces/ros2_control_diffbot_ws/install/realtime_tools:/home/diego/Workspaces/ros2_control_diffbot_ws/install/controller_manager_msgs:/home/diego/Workspaces/ros2_control_diffbot_ws/install/control_msgs:${AMENT_PREFIX_PATH} CMAKE_PREFIX_PATH=/home/diego/Workspaces/ros2_control_diffbot_ws/install/joint_state_broadcaster:/home/diego/Workspaces/ros2_control_diffbot_ws/install/controller_manager:/home/diego/Workspaces/ros2_control_diffbot_ws/install/controller_interface:/home/diego/Workspaces/ros2_control_diffbot_ws/install/hardware_interface:/home/diego/Workspaces/ros2_control_diffbot_ws/install/ros2_control_test_assets:/home/diego/Workspaces/ros2_control_diffbot_ws/install/realtime_tools:/home/diego/Workspaces/ros2_control_diffbot_ws/install/controller_manager_msgs:/home/diego/Workspaces/ros2_control_diffbot_ws/install/control_msgs:/opt/ros/foxy LD_LIBRARY_PATH=/home/diego/Workspaces/ros2_control_diffbot_ws/install/joint_state_broadcaster/lib:/home/diego/Workspaces/ros2_control_diffbot_ws/install/controller_manager/lib:/home/diego/Workspaces/ros2_control_diffbot_ws/install/controller_interface/lib:/home/diego/Workspaces/ros2_control_diffbot_ws/install/hardware_interface/lib:/home/diego/Workspaces/ros2_control_diffbot_ws/install/realtime_tools/lib:/home/diego/Workspaces/ros2_control_diffbot_ws/install/controller_manager_msgs/lib:/home/diego/Workspaces/ros2_control_diffbot_ws/install/control_msgs/lib:${LD_LIBRARY_PATH} PYTHONPATH=/home/diego/Workspaces/ros2_control_diffbot_ws/install/controller_manager/lib/python3.8/site-packages:/home/diego/Workspaces/ros2_control_diffbot_ws/install/controller_manager_msgs/lib/python3.8/site-packages:/home/diego/Workspaces/ros2_control_diffbot_ws/install/control_msgs/lib/python3.8/site-packages:${PYTHONPATH} /usr/bin/cmake /home/diego/Workspaces/ros2_control_diffbot_ws/src/ros2_controllers/joint_state_controller -DAMENT_CMAKE_SYMLINK_INSTALL=1 -DCMAKE_INSTALL_PREFIX=/home/diego/Workspaces/ros2_control_diffbot_ws/install/joint_state_controller
[7.221s] Invoking command in '/home/diego/Workspaces/ros2_control_diffbot_ws/build/joint_state_controller': AMENT_PREFIX_PATH=/home/diego/Workspaces/ros2_control_diffbot_ws/install/joint_state_broadcaster:/home/diego/Workspaces/ros2_control_diffbot_ws/install/controller_manager:/home/diego/Workspaces/ros2_control_diffbot_ws/install/controller_interface:/home/diego/Workspaces/ros2_control_diffbot_ws/install/hardware_interface:/home/diego/Workspaces/ros2_control_diffbot_ws/install/ros2_control_test_assets:/home/diego/Workspaces/ros2_control_diffbot_ws/install/realtime_tools:/home/diego/Workspaces/ros2_control_diffbot_ws/install/controller_manager_msgs:/home/diego/Workspaces/ros2_control_diffbot_ws/install/control_msgs:${AMENT_PREFIX_PATH} CMAKE_PREFIX_PATH=/home/diego/Workspaces/ros2_control_diffbot_ws/install/joint_state_broadcaster:/home/diego/Workspaces/ros2_control_diffbot_ws/install/controller_manager:/home/diego/Workspaces/ros2_control_diffbot_ws/install/controller_interface:/home/diego/Workspaces/ros2_control_diffbot_ws/install/hardware_interface:/home/diego/Workspaces/ros2_control_diffbot_ws/install/ros2_control_test_assets:/home/diego/Workspaces/ros2_control_diffbot_ws/install/realtime_tools:/home/diego/Workspaces/ros2_control_diffbot_ws/install/controller_manager_msgs:/home/diego/Workspaces/ros2_control_diffbot_ws/install/control_msgs:/opt/ros/foxy LD_LIBRARY_PATH=/home/diego/Workspaces/ros2_control_diffbot_ws/install/joint_state_broadcaster/lib:/home/diego/Workspaces/ros2_control_diffbot_ws/install/controller_manager/lib:/home/diego/Workspaces/ros2_control_diffbot_ws/install/controller_interface/lib:/home/diego/Workspaces/ros2_control_diffbot_ws/install/hardware_interface/lib:/home/diego/Workspaces/ros2_control_diffbot_ws/install/realtime_tools/lib:/home/diego/Workspaces/ros2_control_diffbot_ws/install/controller_manager_msgs/lib:/home/diego/Workspaces/ros2_control_diffbot_ws/install/control_msgs/lib:${LD_LIBRARY_PATH} PYTHONPATH=/home/diego/Workspaces/ros2_control_diffbot_ws/install/controller_manager/lib/python3.8/site-packages:/home/diego/Workspaces/ros2_control_diffbot_ws/install/controller_manager_msgs/lib/python3.8/site-packages:/home/diego/Workspaces/ros2_control_diffbot_ws/install/control_msgs/lib/python3.8/site-packages:${PYTHONPATH} /usr/bin/cmake --build /home/diego/Workspaces/ros2_control_diffbot_ws/build/joint_state_controller -- -j2 -l2
[7.343s] [35m[1mScanning dependencies of target gmock[0m
[7.402s] [ 11%] [32mBuilding CXX object gmock/CMakeFiles/gmock.dir/opt/ros/foxy/src/gtest_vendor/src/gtest-all.cc.o[0m
[17.052s] [ 22%] [32mBuilding CXX object gmock/CMakeFiles/gmock.dir/src/gmock-all.cc.o[0m
[22.898s] [ 33%] [32m[1mLinking CXX static library libgmock.a[0m
[23.065s] [ 33%] Built target gmock
[23.091s] [35m[1mScanning dependencies of target gmock_main[0m
[23.133s] [ 44%] [32mBuilding CXX object gmock/CMakeFiles/gmock_main.dir/src/gmock_main.cc.o[0m
[25.852s] [ 55%] [32m[1mLinking CXX static library libgmock_main.a[0m
[25.932s] [ 55%] Built target gmock_main
[25.958s] [35m[1mScanning dependencies of target joint_state_controller[0m
[26.068s] [ 66%] [32mBuilding CXX object CMakeFiles/joint_state_controller.dir/src/joint_state_controller.cpp.o[0m
[31.676s] [ 77%] [32m[1mLinking CXX shared library libjoint_state_controller.so[0m
[32.142s] [ 77%] Built target joint_state_controller
[32.172s] [35m[1mScanning dependencies of target test_load_joint_state_controller[0m
[32.340s] [ 88%] [32mBuilding CXX object CMakeFiles/test_load_joint_state_controller.dir/test/test_load_joint_state_controller.cpp.o[0m
[43.139s] [100%] [32m[1mLinking CXX executable test_load_joint_state_controller[0m
[44.868s] [100%] Built target test_load_joint_state_controller
[44.904s] Invoked command in '/home/diego/Workspaces/ros2_control_diffbot_ws/build/joint_state_controller' returned '0': AMENT_PREFIX_PATH=/home/diego/Workspaces/ros2_control_diffbot_ws/install/joint_state_broadcaster:/home/diego/Workspaces/ros2_control_diffbot_ws/install/controller_manager:/home/diego/Workspaces/ros2_control_diffbot_ws/install/controller_interface:/home/diego/Workspaces/ros2_control_diffbot_ws/install/hardware_interface:/home/diego/Workspaces/ros2_control_diffbot_ws/install/ros2_control_test_assets:/home/diego/Workspaces/ros2_control_diffbot_ws/install/realtime_tools:/home/diego/Workspaces/ros2_control_diffbot_ws/install/controller_manager_msgs:/home/diego/Workspaces/ros2_control_diffbot_ws/install/control_msgs:${AMENT_PREFIX_PATH} CMAKE_PREFIX_PATH=/home/diego/Workspaces/ros2_control_diffbot_ws/install/joint_state_broadcaster:/home/diego/Workspaces/ros2_control_diffbot_ws/install/controller_manager:/home/diego/Workspaces/ros2_control_diffbot_ws/install/controller_interface:/home/diego/Workspaces/ros2_control_diffbot_ws/install/hardware_interface:/home/diego/Workspaces/ros2_control_diffbot_ws/install/ros2_control_test_assets:/home/diego/Workspaces/ros2_control_diffbot_ws/install/realtime_tools:/home/diego/Workspaces/ros2_control_diffbot_ws/install/controller_manager_msgs:/home/diego/Workspaces/ros2_control_diffbot_ws/install/control_msgs:/opt/ros/foxy LD_LIBRARY_PATH=/home/diego/Workspaces/ros2_control_diffbot_ws/install/joint_state_broadcaster/lib:/home/diego/Workspaces/ros2_control_diffbot_ws/install/controller_manager/lib:/home/diego/Workspaces/ros2_control_diffbot_ws/install/controller_interface/lib:/home/diego/Workspaces/ros2_control_diffbot_ws/install/hardware_interface/lib:/home/diego/Workspaces/ros2_control_diffbot_ws/install/realtime_tools/lib:/home/diego/Workspaces/ros2_control_diffbot_ws/install/controller_manager_msgs/lib:/home/diego/Workspaces/ros2_control_diffbot_ws/install/control_msgs/lib:${LD_LIBRARY_PATH} PYTHONPATH=/home/diego/Workspaces/ros2_control_diffbot_ws/install/controller_manager/lib/python3.8/site-packages:/home/diego/Workspaces/ros2_control_diffbot_ws/install/controller_manager_msgs/lib/python3.8/site-packages:/home/diego/Workspaces/ros2_control_diffbot_ws/install/control_msgs/lib/python3.8/site-packages:${PYTHONPATH} /usr/bin/cmake --build /home/diego/Workspaces/ros2_control_diffbot_ws/build/joint_state_controller -- -j2 -l2
[44.999s] Invoking command in '/home/diego/Workspaces/ros2_control_diffbot_ws/build/joint_state_controller': AMENT_PREFIX_PATH=/home/diego/Workspaces/ros2_control_diffbot_ws/install/joint_state_broadcaster:/home/diego/Workspaces/ros2_control_diffbot_ws/install/controller_manager:/home/diego/Workspaces/ros2_control_diffbot_ws/install/controller_interface:/home/diego/Workspaces/ros2_control_diffbot_ws/install/hardware_interface:/home/diego/Workspaces/ros2_control_diffbot_ws/install/ros2_control_test_assets:/home/diego/Workspaces/ros2_control_diffbot_ws/install/realtime_tools:/home/diego/Workspaces/ros2_control_diffbot_ws/install/controller_manager_msgs:/home/diego/Workspaces/ros2_control_diffbot_ws/install/control_msgs:${AMENT_PREFIX_PATH} CMAKE_PREFIX_PATH=/home/diego/Workspaces/ros2_control_diffbot_ws/install/joint_state_broadcaster:/home/diego/Workspaces/ros2_control_diffbot_ws/install/controller_manager:/home/diego/Workspaces/ros2_control_diffbot_ws/install/controller_interface:/home/diego/Workspaces/ros2_control_diffbot_ws/install/hardware_interface:/home/diego/Workspaces/ros2_control_diffbot_ws/install/ros2_control_test_assets:/home/diego/Workspaces/ros2_control_diffbot_ws/install/realtime_tools:/home/diego/Workspaces/ros2_control_diffbot_ws/install/controller_manager_msgs:/home/diego/Workspaces/ros2_control_diffbot_ws/install/control_msgs:/opt/ros/foxy LD_LIBRARY_PATH=/home/diego/Workspaces/ros2_control_diffbot_ws/install/joint_state_broadcaster/lib:/home/diego/Workspaces/ros2_control_diffbot_ws/install/controller_manager/lib:/home/diego/Workspaces/ros2_control_diffbot_ws/install/controller_interface/lib:/home/diego/Workspaces/ros2_control_diffbot_ws/install/hardware_interface/lib:/home/diego/Workspaces/ros2_control_diffbot_ws/install/realtime_tools/lib:/home/diego/Workspaces/ros2_control_diffbot_ws/install/controller_manager_msgs/lib:/home/diego/Workspaces/ros2_control_diffbot_ws/install/control_msgs/lib:${LD_LIBRARY_PATH} PYTHONPATH=/home/diego/Workspaces/ros2_control_diffbot_ws/install/controller_manager/lib/python3.8/site-packages:/home/diego/Workspaces/ros2_control_diffbot_ws/install/controller_manager_msgs/lib/python3.8/site-packages:/home/diego/Workspaces/ros2_control_diffbot_ws/install/control_msgs/lib/python3.8/site-packages:${PYTHONPATH} /usr/bin/cmake --install /home/diego/Workspaces/ros2_control_diffbot_ws/build/joint_state_controller
[45.036s] -- Install configuration: ""
[45.038s] -- Execute custom install script
[45.040s] -- Symlinking: /home/diego/Workspaces/ros2_control_diffbot_ws/install/joint_state_controller/share/joint_state_controller//joint_state_plugin.xml
[45.073s] -- Symlinking: /home/diego/Workspaces/ros2_control_diffbot_ws/install/joint_state_controller/lib/libjoint_state_controller.so
[45.105s] -- Symlinking: /home/diego/Workspaces/ros2_control_diffbot_ws/install/joint_state_controller/share/joint_state_controller/environment/library_path.sh
[45.139s] -- Symlinking: /home/diego/Workspaces/ros2_control_diffbot_ws/install/joint_state_controller/share/joint_state_controller/environment/library_path.dsv
[45.164s] -- Symlinking: /home/diego/Workspaces/ros2_control_diffbot_ws/install/joint_state_controller/share/ament_index/resource_index/package_run_dependencies/joint_state_controller
[45.194s] -- Symlinking: /home/diego/Workspaces/ros2_control_diffbot_ws/install/joint_state_controller/share/ament_index/resource_index/parent_prefix_path/joint_state_controller
[45.218s] -- Symlinking: /home/diego/Workspaces/ros2_control_diffbot_ws/install/joint_state_controller/share/joint_state_controller/environment/ament_prefix_path.sh
[45.244s] -- Symlinking: /home/diego/Workspaces/ros2_control_diffbot_ws/install/joint_state_controller/share/joint_state_controller/environment/ament_prefix_path.dsv
[45.279s] -- Symlinking: /home/diego/Workspaces/ros2_control_diffbot_ws/install/joint_state_controller/share/joint_state_controller/environment/path.sh
[45.305s] -- Symlinking: /home/diego/Workspaces/ros2_control_diffbot_ws/install/joint_state_controller/share/joint_state_controller/environment/path.dsv
[45.333s] -- Symlinking: /home/diego/Workspaces/ros2_control_diffbot_ws/install/joint_state_controller/share/joint_state_controller/local_setup.bash
[45.360s] -- Symlinking: /home/diego/Workspaces/ros2_control_diffbot_ws/install/joint_state_controller/share/joint_state_controller/local_setup.sh
[45.384s] -- Symlinking: /home/diego/Workspaces/ros2_control_diffbot_ws/install/joint_state_controller/share/joint_state_controller/local_setup.zsh
[45.418s] -- Symlinking: /home/diego/Workspaces/ros2_control_diffbot_ws/install/joint_state_controller/share/joint_state_controller/local_setup.dsv
[45.444s] -- Symlinking: /home/diego/Workspaces/ros2_control_diffbot_ws/install/joint_state_controller/share/joint_state_controller/package.dsv
[45.471s] -- Symlinking: /home/diego/Workspaces/ros2_control_diffbot_ws/install/joint_state_controller/share/ament_index/resource_index/packages/joint_state_controller
[45.507s] -- Symlinking: /home/diego/Workspaces/ros2_control_diffbot_ws/install/joint_state_controller/share/ament_index/resource_index/controller_interface__pluginlib__plugin/joint_state_controller
[45.539s] -- Symlinking: /home/diego/Workspaces/ros2_control_diffbot_ws/install/joint_state_controller/share/joint_state_controller/cmake/ament_cmake_export_dependencies-extras.cmake
[45.566s] -- Symlinking: /home/diego/Workspaces/ros2_control_diffbot_ws/install/joint_state_controller/share/joint_state_controller/cmake/ament_cmake_export_libraries-extras.cmake
[45.591s] -- Symlinking: /home/diego/Workspaces/ros2_control_diffbot_ws/install/joint_state_controller/share/joint_state_controller/cmake/joint_state_controllerConfig.cmake
[45.621s] -- Symlinking: /home/diego/Workspaces/ros2_control_diffbot_ws/install/joint_state_controller/share/joint_state_controller/cmake/joint_state_controllerConfig-version.cmake
[45.659s] -- Symlinking: /home/diego/Workspaces/ros2_control_diffbot_ws/install/joint_state_controller/share/joint_state_controller/package.xml
[45.695s] Invoked command in '/home/diego/Workspaces/ros2_control_diffbot_ws/build/joint_state_controller' returned '0': AMENT_PREFIX_PATH=/home/diego/Workspaces/ros2_control_diffbot_ws/install/joint_state_broadcaster:/home/diego/Workspaces/ros2_control_diffbot_ws/install/controller_manager:/home/diego/Workspaces/ros2_control_diffbot_ws/install/controller_interface:/home/diego/Workspaces/ros2_control_diffbot_ws/install/hardware_interface:/home/diego/Workspaces/ros2_control_diffbot_ws/install/ros2_control_test_assets:/home/diego/Workspaces/ros2_control_diffbot_ws/install/realtime_tools:/home/diego/Workspaces/ros2_control_diffbot_ws/install/controller_manager_msgs:/home/diego/Workspaces/ros2_control_diffbot_ws/install/control_msgs:${AMENT_PREFIX_PATH} CMAKE_PREFIX_PATH=/home/diego/Workspaces/ros2_control_diffbot_ws/install/joint_state_broadcaster:/home/diego/Workspaces/ros2_control_diffbot_ws/install/controller_manager:/home/diego/Workspaces/ros2_control_diffbot_ws/install/controller_interface:/home/diego/Workspaces/ros2_control_diffbot_ws/install/hardware_interface:/home/diego/Workspaces/ros2_control_diffbot_ws/install/ros2_control_test_assets:/home/diego/Workspaces/ros2_control_diffbot_ws/install/realtime_tools:/home/diego/Workspaces/ros2_control_diffbot_ws/install/controller_manager_msgs:/home/diego/Workspaces/ros2_control_diffbot_ws/install/control_msgs:/opt/ros/foxy LD_LIBRARY_PATH=/home/diego/Workspaces/ros2_control_diffbot_ws/install/joint_state_broadcaster/lib:/home/diego/Workspaces/ros2_control_diffbot_ws/install/controller_manager/lib:/home/diego/Workspaces/ros2_control_diffbot_ws/install/controller_interface/lib:/home/diego/Workspaces/ros2_control_diffbot_ws/install/hardware_interface/lib:/home/diego/Workspaces/ros2_control_diffbot_ws/install/realtime_tools/lib:/home/diego/Workspaces/ros2_control_diffbot_ws/install/controller_manager_msgs/lib:/home/diego/Workspaces/ros2_control_diffbot_ws/install/control_msgs/lib:${LD_LIBRARY_PATH} PYTHONPATH=/home/diego/Workspaces/ros2_control_diffbot_ws/install/controller_manager/lib/python3.8/site-packages:/home/diego/Workspaces/ros2_control_diffbot_ws/install/controller_manager_msgs/lib/python3.8/site-packages:/home/diego/Workspaces/ros2_control_diffbot_ws/install/control_msgs/lib/python3.8/site-packages:${PYTHONPATH} /usr/bin/cmake --install /home/diego/Workspaces/ros2_control_diffbot_ws/build/joint_state_controller
