[0.077s] Invoking command in '/home/diego/Workspaces/ros2_control_diffbot_ws/src/build/rrbot_description': CMAKE_PREFIX_PATH=/opt/ros/foxy /usr/bin/cmake --build /home/diego/Workspaces/ros2_control_diffbot_ws/src/build/rrbot_description -- -j2 -l2
[0.225s] Invoked command in '/home/diego/Workspaces/ros2_control_diffbot_ws/src/build/rrbot_description' returned '0': CMAKE_PREFIX_PATH=/opt/ros/foxy /usr/bin/cmake --build /home/diego/Workspaces/ros2_control_diffbot_ws/src/build/rrbot_description -- -j2 -l2
[0.353s] Invoking command in '/home/diego/Workspaces/ros2_control_diffbot_ws/src/build/rrbot_description': CMAKE_PREFIX_PATH=/opt/ros/foxy /usr/bin/cmake --install /home/diego/Workspaces/ros2_control_diffbot_ws/src/build/rrbot_description
[0.385s] -- Install configuration: ""
[0.388s] -- Up-to-date: /home/diego/Workspaces/ros2_control_diffbot_ws/src/install/rrbot_description/share/rrbot_description/config
[0.393s] -- Up-to-date: /home/diego/Workspaces/ros2_control_diffbot_ws/src/install/rrbot_description/share/rrbot_description/config/rrbot.rviz
[0.398s] -- Up-to-date: /home/diego/Workspaces/ros2_control_diffbot_ws/src/install/rrbot_description/share/rrbot_description/gazebo
[0.412s] -- Up-to-date: /home/diego/Workspaces/ros2_control_diffbot_ws/src/install/rrbot_description/share/rrbot_description/gazebo/rrbot.materials.xacro
[0.413s] -- Up-to-date: /home/diego/Workspaces/ros2_control_diffbot_ws/src/install/rrbot_description/share/rrbot_description/gazebo/rrbot.gazebo.xacro
[0.413s] -- Up-to-date: /home/diego/Workspaces/ros2_control_diffbot_ws/src/install/rrbot_description/share/rrbot_description/meshes
[0.417s] -- Up-to-date: /home/diego/Workspaces/ros2_control_diffbot_ws/src/install/rrbot_description/share/rrbot_description/meshes/hokuyo.dae
[0.418s] -- Up-to-date: /home/diego/Workspaces/ros2_control_diffbot_ws/src/install/rrbot_description/share/rrbot_description/launch
[0.420s] -- Up-to-date: /home/diego/Workspaces/ros2_control_diffbot_ws/src/install/rrbot_description/share/rrbot_description/launch/view_robot.launch.py
[0.421s] -- Up-to-date: /home/diego/Workspaces/ros2_control_diffbot_ws/src/install/rrbot_description/share/rrbot_description/ros2_control
[0.425s] -- Up-to-date: /home/diego/Workspaces/ros2_control_diffbot_ws/src/install/rrbot_description/share/rrbot_description/ros2_control/rrbot.ros2_control.xacro
[0.425s] -- Up-to-date: /home/diego/Workspaces/ros2_control_diffbot_ws/src/install/rrbot_description/share/rrbot_description/ros2_control/rrbot_system_multi_interface.ros2_control.xacro
[0.425s] -- Up-to-date: /home/diego/Workspaces/ros2_control_diffbot_ws/src/install/rrbot_description/share/rrbot_description/ros2_control/rrbot_system_with_sensor.ros2_control.xacro
[0.427s] -- Up-to-date: /home/diego/Workspaces/ros2_control_diffbot_ws/src/install/rrbot_description/share/rrbot_description/ros2_control/rrbot_system_position_only.ros2_control.xacro
[0.427s] -- Up-to-date: /home/diego/Workspaces/ros2_control_diffbot_ws/src/install/rrbot_description/share/rrbot_description/urdf
[0.428s] -- Up-to-date: /home/diego/Workspaces/ros2_control_diffbot_ws/src/install/rrbot_description/share/rrbot_description/urdf/rrbot.urdf.xacro
[0.428s] -- Up-to-date: /home/diego/Workspaces/ros2_control_diffbot_ws/src/install/rrbot_description/share/rrbot_description/urdf/rrbot_description.urdf.xacro
[0.429s] -- Up-to-date: /home/diego/Workspaces/ros2_control_diffbot_ws/src/install/rrbot_description/share/rrbot_description/urdf/rrbot_system_position_only.urdf.xacro
[0.429s] -- Up-to-date: /home/diego/Workspaces/ros2_control_diffbot_ws/src/install/rrbot_description/share/rrbot_description/urdf/rrbot_system_multi_interface.urdf.xacro
[0.429s] -- Up-to-date: /home/diego/Workspaces/ros2_control_diffbot_ws/src/install/rrbot_description/share/rrbot_description/urdf/rrbot_system_with_sensor.urdf.xacro
[0.430s] -- Up-to-date: /home/diego/Workspaces/ros2_control_diffbot_ws/src/install/rrbot_description/share/rrbot_description/environment/rrbot_description.dsv
[0.430s] -- Up-to-date: /home/diego/Workspaces/ros2_control_diffbot_ws/src/install/rrbot_description/share/ament_index/resource_index/package_run_dependencies/rrbot_description
[0.432s] -- Up-to-date: /home/diego/Workspaces/ros2_control_diffbot_ws/src/install/rrbot_description/share/ament_index/resource_index/parent_prefix_path/rrbot_description
[0.433s] -- Up-to-date: /home/diego/Workspaces/ros2_control_diffbot_ws/src/install/rrbot_description/share/rrbot_description/environment/ament_prefix_path.sh
[0.433s] -- Up-to-date: /home/diego/Workspaces/ros2_control_diffbot_ws/src/install/rrbot_description/share/rrbot_description/environment/ament_prefix_path.dsv
[0.433s] -- Up-to-date: /home/diego/Workspaces/ros2_control_diffbot_ws/src/install/rrbot_description/share/rrbot_description/environment/path.sh
[0.435s] -- Up-to-date: /home/diego/Workspaces/ros2_control_diffbot_ws/src/install/rrbot_description/share/rrbot_description/environment/path.dsv
[0.435s] -- Up-to-date: /home/diego/Workspaces/ros2_control_diffbot_ws/src/install/rrbot_description/share/rrbot_description/local_setup.bash
[0.436s] -- Up-to-date: /home/diego/Workspaces/ros2_control_diffbot_ws/src/install/rrbot_description/share/rrbot_description/local_setup.sh
[0.436s] -- Up-to-date: /home/diego/Workspaces/ros2_control_diffbot_ws/src/install/rrbot_description/share/rrbot_description/local_setup.zsh
[0.436s] -- Up-to-date: /home/diego/Workspaces/ros2_control_diffbot_ws/src/install/rrbot_description/share/rrbot_description/local_setup.dsv
[0.437s] -- Installing: /home/diego/Workspaces/ros2_control_diffbot_ws/src/install/rrbot_description/share/rrbot_description/package.dsv
[0.442s] -- Up-to-date: /home/diego/Workspaces/ros2_control_diffbot_ws/src/install/rrbot_description/share/ament_index/resource_index/packages/rrbot_description
[0.442s] -- Up-to-date: /home/diego/Workspaces/ros2_control_diffbot_ws/src/install/rrbot_description/share/rrbot_description/cmake/rrbot_descriptionConfig.cmake
[0.443s] -- Up-to-date: /home/diego/Workspaces/ros2_control_diffbot_ws/src/install/rrbot_description/share/rrbot_description/cmake/rrbot_descriptionConfig-version.cmake
[0.444s] -- Up-to-date: /home/diego/Workspaces/ros2_control_diffbot_ws/src/install/rrbot_description/share/rrbot_description/package.xml
[0.452s] Invoked command in '/home/diego/Workspaces/ros2_control_diffbot_ws/src/build/rrbot_description' returned '0': CMAKE_PREFIX_PATH=/opt/ros/foxy /usr/bin/cmake --install /home/diego/Workspaces/ros2_control_diffbot_ws/src/build/rrbot_description
