[0.103s] Invoking command in '/home/diego/Workspaces/ros2_control_diffbot_ws/src/build/controller_manager': AMENT_PREFIX_PATH=/home/diego/Workspaces/ros2_control_diffbot_ws/src/install/controller_interface:/home/diego/Workspaces/ros2_control_diffbot_ws/src/install/hardware_interface:/home/diego/Workspaces/ros2_control_diffbot_ws/src/install/ros2_control_test_assets:/home/diego/Workspaces/ros2_control_diffbot_ws/src/install/controller_manager_msgs:/home/diego/Workspaces/ros2_control_diffbot_ws/src/install/control_msgs:${AMENT_PREFIX_PATH} CMAKE_PREFIX_PATH=/home/diego/Workspaces/ros2_control_diffbot_ws/src/install/controller_interface:/home/diego/Workspaces/ros2_control_diffbot_ws/src/install/hardware_interface:/home/diego/Workspaces/ros2_control_diffbot_ws/src/install/ros2_control_test_assets:/home/diego/Workspaces/ros2_control_diffbot_ws/src/install/controller_manager_msgs:/home/diego/Workspaces/ros2_control_diffbot_ws/src/install/control_msgs:/opt/ros/foxy LD_LIBRARY_PATH=/home/diego/Workspaces/ros2_control_diffbot_ws/src/install/controller_interface/lib:/home/diego/Workspaces/ros2_control_diffbot_ws/src/install/hardware_interface/lib:/home/diego/Workspaces/ros2_control_diffbot_ws/src/install/controller_manager_msgs/lib:/home/diego/Workspaces/ros2_control_diffbot_ws/src/install/control_msgs/lib:${LD_LIBRARY_PATH} PYTHONPATH=/home/diego/Workspaces/ros2_control_diffbot_ws/src/install/controller_manager_msgs/lib/python3.8/site-packages:/home/diego/Workspaces/ros2_control_diffbot_ws/src/install/control_msgs/lib/python3.8/site-packages:${PYTHONPATH} /usr/bin/cmake --build /home/diego/Workspaces/ros2_control_diffbot_ws/src/build/controller_manager -- -j2 -l2
[0.282s] [ 12%] Built target gmock
[0.352s] [ 20%] Built target controller_manager
[0.401s] [ 28%] Built target gmock_main
[0.549s] [ 36%] Built target test_controller_with_interfaces
[0.581s] [ 44%] Built target test_controller
[0.681s] [ 52%] Built target ros2_control_node
[0.767s] [ 60%] Built target test_controller_failed_init
[0.866s] [ 68%] Built target test_release_interfaces
[0.946s] [ 76%] Built target test_controller_manager
[1.016s] [ 84%] Built target test_load_controller
[1.118s] [ 92%] Built target test_spawner_unspawner
[1.176s] [100%] Built target test_controller_manager_srvs
[1.219s] Invoked command in '/home/diego/Workspaces/ros2_control_diffbot_ws/src/build/controller_manager' returned '0': AMENT_PREFIX_PATH=/home/diego/Workspaces/ros2_control_diffbot_ws/src/install/controller_interface:/home/diego/Workspaces/ros2_control_diffbot_ws/src/install/hardware_interface:/home/diego/Workspaces/ros2_control_diffbot_ws/src/install/ros2_control_test_assets:/home/diego/Workspaces/ros2_control_diffbot_ws/src/install/controller_manager_msgs:/home/diego/Workspaces/ros2_control_diffbot_ws/src/install/control_msgs:${AMENT_PREFIX_PATH} CMAKE_PREFIX_PATH=/home/diego/Workspaces/ros2_control_diffbot_ws/src/install/controller_interface:/home/diego/Workspaces/ros2_control_diffbot_ws/src/install/hardware_interface:/home/diego/Workspaces/ros2_control_diffbot_ws/src/install/ros2_control_test_assets:/home/diego/Workspaces/ros2_control_diffbot_ws/src/install/controller_manager_msgs:/home/diego/Workspaces/ros2_control_diffbot_ws/src/install/control_msgs:/opt/ros/foxy LD_LIBRARY_PATH=/home/diego/Workspaces/ros2_control_diffbot_ws/src/install/controller_interface/lib:/home/diego/Workspaces/ros2_control_diffbot_ws/src/install/hardware_interface/lib:/home/diego/Workspaces/ros2_control_diffbot_ws/src/install/controller_manager_msgs/lib:/home/diego/Workspaces/ros2_control_diffbot_ws/src/install/control_msgs/lib:${LD_LIBRARY_PATH} PYTHONPATH=/home/diego/Workspaces/ros2_control_diffbot_ws/src/install/controller_manager_msgs/lib/python3.8/site-packages:/home/diego/Workspaces/ros2_control_diffbot_ws/src/install/control_msgs/lib/python3.8/site-packages:${PYTHONPATH} /usr/bin/cmake --build /home/diego/Workspaces/ros2_control_diffbot_ws/src/build/controller_manager -- -j2 -l2
[1.412s] Invoking command in '/home/diego/Workspaces/ros2_control_diffbot_ws/src/build/controller_manager': AMENT_PREFIX_PATH=/home/diego/Workspaces/ros2_control_diffbot_ws/src/install/controller_interface:/home/diego/Workspaces/ros2_control_diffbot_ws/src/install/hardware_interface:/home/diego/Workspaces/ros2_control_diffbot_ws/src/install/ros2_control_test_assets:/home/diego/Workspaces/ros2_control_diffbot_ws/src/install/controller_manager_msgs:/home/diego/Workspaces/ros2_control_diffbot_ws/src/install/control_msgs:${AMENT_PREFIX_PATH} CMAKE_PREFIX_PATH=/home/diego/Workspaces/ros2_control_diffbot_ws/src/install/controller_interface:/home/diego/Workspaces/ros2_control_diffbot_ws/src/install/hardware_interface:/home/diego/Workspaces/ros2_control_diffbot_ws/src/install/ros2_control_test_assets:/home/diego/Workspaces/ros2_control_diffbot_ws/src/install/controller_manager_msgs:/home/diego/Workspaces/ros2_control_diffbot_ws/src/install/control_msgs:/opt/ros/foxy LD_LIBRARY_PATH=/home/diego/Workspaces/ros2_control_diffbot_ws/src/install/controller_interface/lib:/home/diego/Workspaces/ros2_control_diffbot_ws/src/install/hardware_interface/lib:/home/diego/Workspaces/ros2_control_diffbot_ws/src/install/controller_manager_msgs/lib:/home/diego/Workspaces/ros2_control_diffbot_ws/src/install/control_msgs/lib:${LD_LIBRARY_PATH} PYTHONPATH=/home/diego/Workspaces/ros2_control_diffbot_ws/src/install/controller_manager_msgs/lib/python3.8/site-packages:/home/diego/Workspaces/ros2_control_diffbot_ws/src/install/control_msgs/lib/python3.8/site-packages:${PYTHONPATH} /usr/bin/cmake --install /home/diego/Workspaces/ros2_control_diffbot_ws/src/build/controller_manager
[1.463s] -- Install configuration: ""
[1.464s] -- Up-to-date: /home/diego/Workspaces/ros2_control_diffbot_ws/src/install/controller_manager/lib/libcontroller_manager.so
[1.465s] -- Up-to-date: /home/diego/Workspaces/ros2_control_diffbot_ws/src/install/controller_manager/lib/controller_manager/ros2_control_node
[1.466s] -- Up-to-date: /home/diego/Workspaces/ros2_control_diffbot_ws/src/install/controller_manager/include
[1.466s] -- Up-to-date: /home/diego/Workspaces/ros2_control_diffbot_ws/src/install/controller_manager/include/controller_manager
[1.467s] -- Up-to-date: /home/diego/Workspaces/ros2_control_diffbot_ws/src/install/controller_manager/include/controller_manager/controller_spec.hpp
[1.467s] -- Up-to-date: /home/diego/Workspaces/ros2_control_diffbot_ws/src/install/controller_manager/include/controller_manager/controller_manager.hpp
[1.467s] -- Up-to-date: /home/diego/Workspaces/ros2_control_diffbot_ws/src/install/controller_manager/include/controller_manager/visibility_control.h
[1.468s] -- Up-to-date: /home/diego/Workspaces/ros2_control_diffbot_ws/src/install/controller_manager/lib/controller_manager/spawner.py
[1.468s] -- Up-to-date: /home/diego/Workspaces/ros2_control_diffbot_ws/src/install/controller_manager/lib/controller_manager/unspawner.py
[1.469s] -- Up-to-date: /home/diego/Workspaces/ros2_control_diffbot_ws/src/install/controller_manager/share/controller_manager/test/test_controller/test_controller.xml
[1.470s] -- Up-to-date: /home/diego/Workspaces/ros2_control_diffbot_ws/src/install/controller_manager/lib/libtest_controller.so
[1.471s] -- Up-to-date: /home/diego/Workspaces/ros2_control_diffbot_ws/src/install/controller_manager/share/controller_manager/test/test_controller_failed_init/test_controller_failed_init.xml
[1.472s] -- Up-to-date: /home/diego/Workspaces/ros2_control_diffbot_ws/src/install/controller_manager/lib/libtest_controller_failed_init.so
[1.474s] -- Up-to-date: /home/diego/Workspaces/ros2_control_diffbot_ws/src/install/controller_manager/share/controller_manager/test/test_controller_with_interfaces/test_controller_with_interfaces.xml
[1.475s] -- Up-to-date: /home/diego/Workspaces/ros2_control_diffbot_ws/src/install/controller_manager/lib/libtest_controller_with_interfaces.so
[1.476s] -- Up-to-date: /home/diego/Workspaces/ros2_control_diffbot_ws/src/install/controller_manager/share/controller_manager/environment/pythonpath.sh
[1.477s] -- Up-to-date: /home/diego/Workspaces/ros2_control_diffbot_ws/src/install/controller_manager/share/controller_manager/environment/pythonpath.dsv
[1.479s] -- Up-to-date: /home/diego/Workspaces/ros2_control_diffbot_ws/src/install/controller_manager/lib/python3.8/site-packages/controller_manager
[1.481s] -- Up-to-date: /home/diego/Workspaces/ros2_control_diffbot_ws/src/install/controller_manager/lib/python3.8/site-packages/controller_manager/launch_utils.py
[1.481s] -- Up-to-date: /home/diego/Workspaces/ros2_control_diffbot_ws/src/install/controller_manager/lib/python3.8/site-packages/controller_manager/controller_manager_services.py
[1.482s] -- Up-to-date: /home/diego/Workspaces/ros2_control_diffbot_ws/src/install/controller_manager/lib/python3.8/site-packages/controller_manager/__init__.py
[1.585s] Listing '/home/diego/Workspaces/ros2_control_diffbot_ws/src/install/controller_manager/lib/python3.8/site-packages/controller_manager'...
[1.604s] -- Up-to-date: /home/diego/Workspaces/ros2_control_diffbot_ws/src/install/controller_manager/share/controller_manager/environment/library_path.sh
[1.606s] -- Up-to-date: /home/diego/Workspaces/ros2_control_diffbot_ws/src/install/controller_manager/share/controller_manager/environment/library_path.dsv
[1.609s] -- Up-to-date: /home/diego/Workspaces/ros2_control_diffbot_ws/src/install/controller_manager/share/ament_index/resource_index/package_run_dependencies/controller_manager
[1.610s] -- Up-to-date: /home/diego/Workspaces/ros2_control_diffbot_ws/src/install/controller_manager/share/ament_index/resource_index/parent_prefix_path/controller_manager
[1.611s] -- Up-to-date: /home/diego/Workspaces/ros2_control_diffbot_ws/src/install/controller_manager/share/controller_manager/environment/ament_prefix_path.sh
[1.611s] -- Up-to-date: /home/diego/Workspaces/ros2_control_diffbot_ws/src/install/controller_manager/share/controller_manager/environment/ament_prefix_path.dsv
[1.612s] -- Up-to-date: /home/diego/Workspaces/ros2_control_diffbot_ws/src/install/controller_manager/share/controller_manager/environment/path.sh
[1.612s] -- Up-to-date: /home/diego/Workspaces/ros2_control_diffbot_ws/src/install/controller_manager/share/controller_manager/environment/path.dsv
[1.612s] -- Up-to-date: /home/diego/Workspaces/ros2_control_diffbot_ws/src/install/controller_manager/share/controller_manager/local_setup.bash
[1.612s] -- Up-to-date: /home/diego/Workspaces/ros2_control_diffbot_ws/src/install/controller_manager/share/controller_manager/local_setup.sh
[1.612s] -- Up-to-date: /home/diego/Workspaces/ros2_control_diffbot_ws/src/install/controller_manager/share/controller_manager/local_setup.zsh
[1.616s] -- Up-to-date: /home/diego/Workspaces/ros2_control_diffbot_ws/src/install/controller_manager/share/controller_manager/local_setup.dsv
[1.617s] -- Installing: /home/diego/Workspaces/ros2_control_diffbot_ws/src/install/controller_manager/share/controller_manager/package.dsv
[1.618s] -- Up-to-date: /home/diego/Workspaces/ros2_control_diffbot_ws/src/install/controller_manager/share/ament_index/resource_index/packages/controller_manager
[1.618s] -- Up-to-date: /home/diego/Workspaces/ros2_control_diffbot_ws/src/install/controller_manager/share/ament_index/resource_index/controller_interface__pluginlib__plugin/controller_manager
[1.618s] -- Up-to-date: /home/diego/Workspaces/ros2_control_diffbot_ws/src/install/controller_manager/share/controller_manager/cmake/ament_cmake_export_libraries-extras.cmake
[1.618s] -- Up-to-date: /home/diego/Workspaces/ros2_control_diffbot_ws/src/install/controller_manager/share/controller_manager/cmake/ament_cmake_export_include_directories-extras.cmake
[1.618s] -- Up-to-date: /home/diego/Workspaces/ros2_control_diffbot_ws/src/install/controller_manager/share/controller_manager/cmake/ament_cmake_export_dependencies-extras.cmake
[1.619s] -- Up-to-date: /home/diego/Workspaces/ros2_control_diffbot_ws/src/install/controller_manager/share/controller_manager/cmake/controller_managerConfig.cmake
[1.619s] -- Up-to-date: /home/diego/Workspaces/ros2_control_diffbot_ws/src/install/controller_manager/share/controller_manager/cmake/controller_managerConfig-version.cmake
[1.619s] -- Up-to-date: /home/diego/Workspaces/ros2_control_diffbot_ws/src/install/controller_manager/share/controller_manager/package.xml
[1.640s] Invoked command in '/home/diego/Workspaces/ros2_control_diffbot_ws/src/build/controller_manager' returned '0': AMENT_PREFIX_PATH=/home/diego/Workspaces/ros2_control_diffbot_ws/src/install/controller_interface:/home/diego/Workspaces/ros2_control_diffbot_ws/src/install/hardware_interface:/home/diego/Workspaces/ros2_control_diffbot_ws/src/install/ros2_control_test_assets:/home/diego/Workspaces/ros2_control_diffbot_ws/src/install/controller_manager_msgs:/home/diego/Workspaces/ros2_control_diffbot_ws/src/install/control_msgs:${AMENT_PREFIX_PATH} CMAKE_PREFIX_PATH=/home/diego/Workspaces/ros2_control_diffbot_ws/src/install/controller_interface:/home/diego/Workspaces/ros2_control_diffbot_ws/src/install/hardware_interface:/home/diego/Workspaces/ros2_control_diffbot_ws/src/install/ros2_control_test_assets:/home/diego/Workspaces/ros2_control_diffbot_ws/src/install/controller_manager_msgs:/home/diego/Workspaces/ros2_control_diffbot_ws/src/install/control_msgs:/opt/ros/foxy LD_LIBRARY_PATH=/home/diego/Workspaces/ros2_control_diffbot_ws/src/install/controller_interface/lib:/home/diego/Workspaces/ros2_control_diffbot_ws/src/install/hardware_interface/lib:/home/diego/Workspaces/ros2_control_diffbot_ws/src/install/controller_manager_msgs/lib:/home/diego/Workspaces/ros2_control_diffbot_ws/src/install/control_msgs/lib:${LD_LIBRARY_PATH} PYTHONPATH=/home/diego/Workspaces/ros2_control_diffbot_ws/src/install/controller_manager_msgs/lib/python3.8/site-packages:/home/diego/Workspaces/ros2_control_diffbot_ws/src/install/control_msgs/lib/python3.8/site-packages:${PYTHONPATH} /usr/bin/cmake --install /home/diego/Workspaces/ros2_control_diffbot_ws/src/build/controller_manager
