[0.131s] Invoking command in '/home/diego/Workspaces/ros2_control_diffbot_ws/src/build/controller_interface': AMENT_PREFIX_PATH=/home/diego/Workspaces/ros2_control_diffbot_ws/src/install/hardware_interface:/home/diego/Workspaces/ros2_control_diffbot_ws/src/install/control_msgs:${AMENT_PREFIX_PATH} CMAKE_PREFIX_PATH=/home/diego/Workspaces/ros2_control_diffbot_ws/src/install/hardware_interface:/home/diego/Workspaces/ros2_control_diffbot_ws/src/install/control_msgs:/opt/ros/foxy LD_LIBRARY_PATH=/home/diego/Workspaces/ros2_control_diffbot_ws/src/install/hardware_interface/lib:/home/diego/Workspaces/ros2_control_diffbot_ws/src/install/control_msgs/lib:${LD_LIBRARY_PATH} PYTHONPATH=/home/diego/Workspaces/ros2_control_diffbot_ws/src/install/control_msgs/lib/python3.8/site-packages:${PYTHONPATH} /usr/bin/cmake --build /home/diego/Workspaces/ros2_control_diffbot_ws/src/build/controller_interface -- -j2 -l2
[0.300s] [ 20%] Built target gmock
[0.360s] [ 33%] Built target gmock_main
[0.427s] [ 46%] Built target controller_interface
[0.508s] [ 60%] Built target test_force_torque_sensor
[0.539s] [ 73%] Built target test_semantic_component_interface
[0.655s] [ 86%] Built target test_imu_sensor
[0.688s] [100%] Built target test_controller_with_options
[0.935s] Invoked command in '/home/diego/Workspaces/ros2_control_diffbot_ws/src/build/controller_interface' returned '0': AMENT_PREFIX_PATH=/home/diego/Workspaces/ros2_control_diffbot_ws/src/install/hardware_interface:/home/diego/Workspaces/ros2_control_diffbot_ws/src/install/control_msgs:${AMENT_PREFIX_PATH} CMAKE_PREFIX_PATH=/home/diego/Workspaces/ros2_control_diffbot_ws/src/install/hardware_interface:/home/diego/Workspaces/ros2_control_diffbot_ws/src/install/control_msgs:/opt/ros/foxy LD_LIBRARY_PATH=/home/diego/Workspaces/ros2_control_diffbot_ws/src/install/hardware_interface/lib:/home/diego/Workspaces/ros2_control_diffbot_ws/src/install/control_msgs/lib:${LD_LIBRARY_PATH} PYTHONPATH=/home/diego/Workspaces/ros2_control_diffbot_ws/src/install/control_msgs/lib/python3.8/site-packages:${PYTHONPATH} /usr/bin/cmake --build /home/diego/Workspaces/ros2_control_diffbot_ws/src/build/controller_interface -- -j2 -l2
[1.038s] Invoking command in '/home/diego/Workspaces/ros2_control_diffbot_ws/src/build/controller_interface': AMENT_PREFIX_PATH=/home/diego/Workspaces/ros2_control_diffbot_ws/src/install/hardware_interface:/home/diego/Workspaces/ros2_control_diffbot_ws/src/install/control_msgs:${AMENT_PREFIX_PATH} CMAKE_PREFIX_PATH=/home/diego/Workspaces/ros2_control_diffbot_ws/src/install/hardware_interface:/home/diego/Workspaces/ros2_control_diffbot_ws/src/install/control_msgs:/opt/ros/foxy LD_LIBRARY_PATH=/home/diego/Workspaces/ros2_control_diffbot_ws/src/install/hardware_interface/lib:/home/diego/Workspaces/ros2_control_diffbot_ws/src/install/control_msgs/lib:${LD_LIBRARY_PATH} PYTHONPATH=/home/diego/Workspaces/ros2_control_diffbot_ws/src/install/control_msgs/lib/python3.8/site-packages:${PYTHONPATH} /usr/bin/cmake --install /home/diego/Workspaces/ros2_control_diffbot_ws/src/build/controller_interface
[1.064s] -- Install configuration: ""
[1.065s] -- Up-to-date: /home/diego/Workspaces/ros2_control_diffbot_ws/src/install/controller_interface/include
[1.066s] -- Up-to-date: /home/diego/Workspaces/ros2_control_diffbot_ws/src/install/controller_interface/include/controller_interface
[1.067s] -- Up-to-date: /home/diego/Workspaces/ros2_control_diffbot_ws/src/install/controller_interface/include/controller_interface/controller_state_names.hpp
[1.068s] -- Up-to-date: /home/diego/Workspaces/ros2_control_diffbot_ws/src/install/controller_interface/include/controller_interface/controller_interface.hpp
[1.068s] -- Up-to-date: /home/diego/Workspaces/ros2_control_diffbot_ws/src/install/controller_interface/include/controller_interface/helpers.hpp
[1.069s] -- Up-to-date: /home/diego/Workspaces/ros2_control_diffbot_ws/src/install/controller_interface/include/controller_interface/visibility_control.h
[1.069s] -- Up-to-date: /home/diego/Workspaces/ros2_control_diffbot_ws/src/install/controller_interface/include/semantic_components
[1.070s] -- Up-to-date: /home/diego/Workspaces/ros2_control_diffbot_ws/src/install/controller_interface/include/semantic_components/imu_sensor.hpp
[1.070s] -- Up-to-date: /home/diego/Workspaces/ros2_control_diffbot_ws/src/install/controller_interface/include/semantic_components/force_torque_sensor.hpp
[1.070s] -- Up-to-date: /home/diego/Workspaces/ros2_control_diffbot_ws/src/install/controller_interface/include/semantic_components/semantic_component_interface.hpp
[1.075s] -- Up-to-date: /home/diego/Workspaces/ros2_control_diffbot_ws/src/install/controller_interface/lib/libcontroller_interface.so
[1.078s] -- Up-to-date: /home/diego/Workspaces/ros2_control_diffbot_ws/src/install/controller_interface/share/controller_interface/environment/library_path.sh
[1.079s] -- Up-to-date: /home/diego/Workspaces/ros2_control_diffbot_ws/src/install/controller_interface/share/controller_interface/environment/library_path.dsv
[1.083s] -- Up-to-date: /home/diego/Workspaces/ros2_control_diffbot_ws/src/install/controller_interface/share/ament_index/resource_index/package_run_dependencies/controller_interface
[1.084s] -- Up-to-date: /home/diego/Workspaces/ros2_control_diffbot_ws/src/install/controller_interface/share/ament_index/resource_index/parent_prefix_path/controller_interface
[1.085s] -- Up-to-date: /home/diego/Workspaces/ros2_control_diffbot_ws/src/install/controller_interface/share/controller_interface/environment/ament_prefix_path.sh
[1.086s] -- Up-to-date: /home/diego/Workspaces/ros2_control_diffbot_ws/src/install/controller_interface/share/controller_interface/environment/ament_prefix_path.dsv
[1.086s] -- Up-to-date: /home/diego/Workspaces/ros2_control_diffbot_ws/src/install/controller_interface/share/controller_interface/environment/path.sh
[1.087s] -- Up-to-date: /home/diego/Workspaces/ros2_control_diffbot_ws/src/install/controller_interface/share/controller_interface/environment/path.dsv
[1.088s] -- Up-to-date: /home/diego/Workspaces/ros2_control_diffbot_ws/src/install/controller_interface/share/controller_interface/local_setup.bash
[1.089s] -- Up-to-date: /home/diego/Workspaces/ros2_control_diffbot_ws/src/install/controller_interface/share/controller_interface/local_setup.sh
[1.090s] -- Up-to-date: /home/diego/Workspaces/ros2_control_diffbot_ws/src/install/controller_interface/share/controller_interface/local_setup.zsh
[1.091s] -- Up-to-date: /home/diego/Workspaces/ros2_control_diffbot_ws/src/install/controller_interface/share/controller_interface/local_setup.dsv
[1.091s] -- Installing: /home/diego/Workspaces/ros2_control_diffbot_ws/src/install/controller_interface/share/controller_interface/package.dsv
[1.095s] -- Up-to-date: /home/diego/Workspaces/ros2_control_diffbot_ws/src/install/controller_interface/share/ament_index/resource_index/packages/controller_interface
[1.096s] -- Up-to-date: /home/diego/Workspaces/ros2_control_diffbot_ws/src/install/controller_interface/share/controller_interface/cmake/ament_cmake_export_dependencies-extras.cmake
[1.097s] -- Up-to-date: /home/diego/Workspaces/ros2_control_diffbot_ws/src/install/controller_interface/share/controller_interface/cmake/ament_cmake_export_include_directories-extras.cmake
[1.098s] -- Up-to-date: /home/diego/Workspaces/ros2_control_diffbot_ws/src/install/controller_interface/share/controller_interface/cmake/ament_cmake_export_libraries-extras.cmake
[1.099s] -- Up-to-date: /home/diego/Workspaces/ros2_control_diffbot_ws/src/install/controller_interface/share/controller_interface/cmake/controller_interfaceConfig.cmake
[1.099s] -- Up-to-date: /home/diego/Workspaces/ros2_control_diffbot_ws/src/install/controller_interface/share/controller_interface/cmake/controller_interfaceConfig-version.cmake
[1.100s] -- Up-to-date: /home/diego/Workspaces/ros2_control_diffbot_ws/src/install/controller_interface/share/controller_interface/package.xml
[1.114s] Invoked command in '/home/diego/Workspaces/ros2_control_diffbot_ws/src/build/controller_interface' returned '0': AMENT_PREFIX_PATH=/home/diego/Workspaces/ros2_control_diffbot_ws/src/install/hardware_interface:/home/diego/Workspaces/ros2_control_diffbot_ws/src/install/control_msgs:${AMENT_PREFIX_PATH} CMAKE_PREFIX_PATH=/home/diego/Workspaces/ros2_control_diffbot_ws/src/install/hardware_interface:/home/diego/Workspaces/ros2_control_diffbot_ws/src/install/control_msgs:/opt/ros/foxy LD_LIBRARY_PATH=/home/diego/Workspaces/ros2_control_diffbot_ws/src/install/hardware_interface/lib:/home/diego/Workspaces/ros2_control_diffbot_ws/src/install/control_msgs/lib:${LD_LIBRARY_PATH} PYTHONPATH=/home/diego/Workspaces/ros2_control_diffbot_ws/src/install/control_msgs/lib/python3.8/site-packages:${PYTHONPATH} /usr/bin/cmake --install /home/diego/Workspaces/ros2_control_diffbot_ws/src/build/controller_interface
