[0.137s] Invoking command in '/home/diego/Workspaces/ros2_control_diffbot_ws/build/control_msgs': CMAKE_PREFIX_PATH=/opt/ros/foxy /usr/bin/cmake --build /home/diego/Workspaces/ros2_control_diffbot_ws/build/control_msgs -- -j2 -l2
[0.822s] [  0%] Built target control_msgs__cpp
[1.018s] [ 12%] Built target control_msgs__rosidl_generator_c
[1.126s] [ 24%] Built target control_msgs__rosidl_typesupport_cpp
[1.283s] [ 36%] Built target control_msgs__rosidl_typesupport_fastrtps_cpp
[1.453s] [ 48%] Built target control_msgs__rosidl_typesupport_introspection_c
[1.644s] [ 60%] Built target control_msgs__rosidl_typesupport_c
[1.848s] [ 72%] Built target control_msgs__rosidl_typesupport_introspection_cpp
[1.982s] [ 84%] Built target control_msgs__rosidl_typesupport_fastrtps_c
[2.083s] [ 84%] Built target control_msgs
[2.246s] [ 85%] Built target control_msgs__py
[2.488s] [ 96%] Built target control_msgs__python
[2.594s] [ 97%] Built target control_msgs__rosidl_typesupport_c__pyext
[2.670s] [ 99%] Built target control_msgs__rosidl_typesupport_introspection_c__pyext
[2.828s] [100%] Built target control_msgs__rosidl_typesupport_fastrtps_c__pyext
[2.885s] Invoked command in '/home/diego/Workspaces/ros2_control_diffbot_ws/build/control_msgs' returned '0': CMAKE_PREFIX_PATH=/opt/ros/foxy /usr/bin/cmake --build /home/diego/Workspaces/ros2_control_diffbot_ws/build/control_msgs -- -j2 -l2
[4.484s] Invoking command in '/home/diego/Workspaces/ros2_control_diffbot_ws/build/control_msgs': CMAKE_PREFIX_PATH=/opt/ros/foxy /usr/bin/cmake --install /home/diego/Workspaces/ros2_control_diffbot_ws/build/control_msgs
[4.553s] -- Install configuration: ""
[4.572s] -- Execute custom install script
[4.579s] -- Up-to-date symlink: /home/diego/Workspaces/ros2_control_diffbot_ws/install/control_msgs/share/ament_index/resource_index/rosidl_interfaces/control_msgs
[4.589s] -- Up-to-date symlink: /home/diego/Workspaces/ros2_control_diffbot_ws/install/control_msgs/include/control_msgs/action/detail/follow_joint_trajectory__functions.h
[4.592s] -- Up-to-date symlink: /home/diego/Workspaces/ros2_control_diffbot_ws/install/control_msgs/include/control_msgs/action/detail/follow_joint_trajectory__struct.h
[4.595s] -- Up-to-date symlink: /home/diego/Workspaces/ros2_control_diffbot_ws/install/control_msgs/include/control_msgs/action/detail/follow_joint_trajectory__type_support.h
[4.597s] -- Up-to-date symlink: /home/diego/Workspaces/ros2_control_diffbot_ws/install/control_msgs/include/control_msgs/action/detail/gripper_command__functions.h
[4.599s] -- Up-to-date symlink: /home/diego/Workspaces/ros2_control_diffbot_ws/install/control_msgs/include/control_msgs/action/detail/gripper_command__struct.h
[4.602s] -- Up-to-date symlink: /home/diego/Workspaces/ros2_control_diffbot_ws/install/control_msgs/include/control_msgs/action/detail/gripper_command__type_support.h
[4.604s] -- Up-to-date symlink: /home/diego/Workspaces/ros2_control_diffbot_ws/install/control_msgs/include/control_msgs/action/detail/joint_trajectory__functions.h
[4.606s] -- Up-to-date symlink: /home/diego/Workspaces/ros2_control_diffbot_ws/install/control_msgs/include/control_msgs/action/detail/joint_trajectory__struct.h
[4.610s] -- Up-to-date symlink: /home/diego/Workspaces/ros2_control_diffbot_ws/install/control_msgs/include/control_msgs/action/detail/joint_trajectory__type_support.h
[4.621s] -- Up-to-date symlink: /home/diego/Workspaces/ros2_control_diffbot_ws/install/control_msgs/include/control_msgs/action/detail/point_head__functions.h
[4.625s] -- Up-to-date symlink: /home/diego/Workspaces/ros2_control_diffbot_ws/install/control_msgs/include/control_msgs/action/detail/point_head__struct.h
[4.632s] -- Up-to-date symlink: /home/diego/Workspaces/ros2_control_diffbot_ws/install/control_msgs/include/control_msgs/action/detail/point_head__type_support.h
[4.638s] -- Up-to-date symlink: /home/diego/Workspaces/ros2_control_diffbot_ws/install/control_msgs/include/control_msgs/action/detail/single_joint_position__functions.h
[4.644s] -- Up-to-date symlink: /home/diego/Workspaces/ros2_control_diffbot_ws/install/control_msgs/include/control_msgs/action/detail/single_joint_position__struct.h
[4.647s] -- Up-to-date symlink: /home/diego/Workspaces/ros2_control_diffbot_ws/install/control_msgs/include/control_msgs/action/detail/single_joint_position__type_support.h
[4.648s] -- Up-to-date symlink: /home/diego/Workspaces/ros2_control_diffbot_ws/install/control_msgs/include/control_msgs/action/follow_joint_trajectory.h
[4.655s] -- Up-to-date symlink: /home/diego/Workspaces/ros2_control_diffbot_ws/install/control_msgs/include/control_msgs/action/gripper_command.h
[4.662s] -- Up-to-date symlink: /home/diego/Workspaces/ros2_control_diffbot_ws/install/control_msgs/include/control_msgs/action/joint_trajectory.h
[4.663s] -- Up-to-date symlink: /home/diego/Workspaces/ros2_control_diffbot_ws/install/control_msgs/include/control_msgs/action/point_head.h
[4.664s] -- Up-to-date symlink: /home/diego/Workspaces/ros2_control_diffbot_ws/install/control_msgs/include/control_msgs/action/single_joint_position.h
[4.669s] -- Up-to-date symlink: /home/diego/Workspaces/ros2_control_diffbot_ws/install/control_msgs/include/control_msgs/msg/detail/dynamic_joint_state__functions.h
[4.670s] -- Up-to-date symlink: /home/diego/Workspaces/ros2_control_diffbot_ws/install/control_msgs/include/control_msgs/msg/detail/dynamic_joint_state__struct.h
[4.670s] -- Up-to-date symlink: /home/diego/Workspaces/ros2_control_diffbot_ws/install/control_msgs/include/control_msgs/msg/detail/dynamic_joint_state__type_support.h
[4.675s] -- Up-to-date symlink: /home/diego/Workspaces/ros2_control_diffbot_ws/install/control_msgs/include/control_msgs/msg/detail/gripper_command__functions.h
[4.676s] -- Up-to-date symlink: /home/diego/Workspaces/ros2_control_diffbot_ws/install/control_msgs/include/control_msgs/msg/detail/gripper_command__struct.h
[4.677s] -- Up-to-date symlink: /home/diego/Workspaces/ros2_control_diffbot_ws/install/control_msgs/include/control_msgs/msg/detail/gripper_command__type_support.h
[4.681s] -- Up-to-date symlink: /home/diego/Workspaces/ros2_control_diffbot_ws/install/control_msgs/include/control_msgs/msg/detail/interface_value__functions.h
[4.684s] -- Up-to-date symlink: /home/diego/Workspaces/ros2_control_diffbot_ws/install/control_msgs/include/control_msgs/msg/detail/interface_value__struct.h
[4.689s] -- Up-to-date symlink: /home/diego/Workspaces/ros2_control_diffbot_ws/install/control_msgs/include/control_msgs/msg/detail/interface_value__type_support.h
[4.693s] -- Up-to-date symlink: /home/diego/Workspaces/ros2_control_diffbot_ws/install/control_msgs/include/control_msgs/msg/detail/joint_controller_state__functions.h
[4.694s] -- Up-to-date symlink: /home/diego/Workspaces/ros2_control_diffbot_ws/install/control_msgs/include/control_msgs/msg/detail/joint_controller_state__struct.h
[4.701s] -- Up-to-date symlink: /home/diego/Workspaces/ros2_control_diffbot_ws/install/control_msgs/include/control_msgs/msg/detail/joint_controller_state__type_support.h
[4.709s] -- Up-to-date symlink: /home/diego/Workspaces/ros2_control_diffbot_ws/install/control_msgs/include/control_msgs/msg/detail/joint_jog__functions.h
[4.713s] -- Up-to-date symlink: /home/diego/Workspaces/ros2_control_diffbot_ws/install/control_msgs/include/control_msgs/msg/detail/joint_jog__struct.h
[4.722s] -- Up-to-date symlink: /home/diego/Workspaces/ros2_control_diffbot_ws/install/control_msgs/include/control_msgs/msg/detail/joint_jog__type_support.h
[4.726s] -- Up-to-date symlink: /home/diego/Workspaces/ros2_control_diffbot_ws/install/control_msgs/include/control_msgs/msg/detail/joint_tolerance__functions.h
[4.752s] -- Up-to-date symlink: /home/diego/Workspaces/ros2_control_diffbot_ws/install/control_msgs/include/control_msgs/msg/detail/joint_tolerance__struct.h
[4.753s] -- Up-to-date symlink: /home/diego/Workspaces/ros2_control_diffbot_ws/install/control_msgs/include/control_msgs/msg/detail/joint_tolerance__type_support.h
[4.754s] -- Up-to-date symlink: /home/diego/Workspaces/ros2_control_diffbot_ws/install/control_msgs/include/control_msgs/msg/detail/joint_trajectory_controller_state__functions.h
[4.759s] -- Up-to-date symlink: /home/diego/Workspaces/ros2_control_diffbot_ws/install/control_msgs/include/control_msgs/msg/detail/joint_trajectory_controller_state__struct.h
[4.761s] -- Up-to-date symlink: /home/diego/Workspaces/ros2_control_diffbot_ws/install/control_msgs/include/control_msgs/msg/detail/joint_trajectory_controller_state__type_support.h
[4.764s] -- Up-to-date symlink: /home/diego/Workspaces/ros2_control_diffbot_ws/install/control_msgs/include/control_msgs/msg/detail/pid_state__functions.h
[4.767s] -- Up-to-date symlink: /home/diego/Workspaces/ros2_control_diffbot_ws/install/control_msgs/include/control_msgs/msg/detail/pid_state__struct.h
[4.770s] -- Up-to-date symlink: /home/diego/Workspaces/ros2_control_diffbot_ws/install/control_msgs/include/control_msgs/msg/detail/pid_state__type_support.h
[4.777s] -- Up-to-date symlink: /home/diego/Workspaces/ros2_control_diffbot_ws/install/control_msgs/include/control_msgs/msg/dynamic_joint_state.h
[4.778s] -- Up-to-date symlink: /home/diego/Workspaces/ros2_control_diffbot_ws/install/control_msgs/include/control_msgs/msg/gripper_command.h
[4.784s] -- Up-to-date symlink: /home/diego/Workspaces/ros2_control_diffbot_ws/install/control_msgs/include/control_msgs/msg/interface_value.h
[4.785s] -- Up-to-date symlink: /home/diego/Workspaces/ros2_control_diffbot_ws/install/control_msgs/include/control_msgs/msg/joint_controller_state.h
[4.788s] -- Up-to-date symlink: /home/diego/Workspaces/ros2_control_diffbot_ws/install/control_msgs/include/control_msgs/msg/joint_jog.h
[4.789s] -- Up-to-date symlink: /home/diego/Workspaces/ros2_control_diffbot_ws/install/control_msgs/include/control_msgs/msg/joint_tolerance.h
[4.792s] -- Up-to-date symlink: /home/diego/Workspaces/ros2_control_diffbot_ws/install/control_msgs/include/control_msgs/msg/joint_trajectory_controller_state.h
[4.798s] -- Up-to-date symlink: /home/diego/Workspaces/ros2_control_diffbot_ws/install/control_msgs/include/control_msgs/msg/pid_state.h
[4.800s] -- Up-to-date symlink: /home/diego/Workspaces/ros2_control_diffbot_ws/install/control_msgs/include/control_msgs/msg/rosidl_generator_c__visibility_control.h
[4.802s] -- Up-to-date symlink: /home/diego/Workspaces/ros2_control_diffbot_ws/install/control_msgs/include/control_msgs/srv/detail/query_calibration_state__functions.h
[4.806s] -- Up-to-date symlink: /home/diego/Workspaces/ros2_control_diffbot_ws/install/control_msgs/include/control_msgs/srv/detail/query_calibration_state__struct.h
[4.812s] -- Up-to-date symlink: /home/diego/Workspaces/ros2_control_diffbot_ws/install/control_msgs/include/control_msgs/srv/detail/query_calibration_state__type_support.h
[4.812s] -- Up-to-date symlink: /home/diego/Workspaces/ros2_control_diffbot_ws/install/control_msgs/include/control_msgs/srv/detail/query_trajectory_state__functions.h
[4.813s] -- Up-to-date symlink: /home/diego/Workspaces/ros2_control_diffbot_ws/install/control_msgs/include/control_msgs/srv/detail/query_trajectory_state__struct.h
[4.816s] -- Up-to-date symlink: /home/diego/Workspaces/ros2_control_diffbot_ws/install/control_msgs/include/control_msgs/srv/detail/query_trajectory_state__type_support.h
[4.816s] -- Up-to-date symlink: /home/diego/Workspaces/ros2_control_diffbot_ws/install/control_msgs/include/control_msgs/srv/query_calibration_state.h
[4.819s] -- Up-to-date symlink: /home/diego/Workspaces/ros2_control_diffbot_ws/install/control_msgs/include/control_msgs/srv/query_trajectory_state.h
[4.823s] -- Up-to-date symlink: /home/diego/Workspaces/ros2_control_diffbot_ws/install/control_msgs/share/control_msgs/environment/library_path.sh
[4.826s] -- Up-to-date symlink: /home/diego/Workspaces/ros2_control_diffbot_ws/install/control_msgs/share/control_msgs/environment/library_path.dsv
[4.833s] -- Up-to-date symlink: /home/diego/Workspaces/ros2_control_diffbot_ws/install/control_msgs/include/control_msgs/action/detail/follow_joint_trajectory__rosidl_typesupport_fastrtps_c.h
[4.833s] -- Up-to-date symlink: /home/diego/Workspaces/ros2_control_diffbot_ws/install/control_msgs/include/control_msgs/action/detail/gripper_command__rosidl_typesupport_fastrtps_c.h
[4.847s] -- Up-to-date symlink: /home/diego/Workspaces/ros2_control_diffbot_ws/install/control_msgs/include/control_msgs/action/detail/joint_trajectory__rosidl_typesupport_fastrtps_c.h
[4.848s] -- Up-to-date symlink: /home/diego/Workspaces/ros2_control_diffbot_ws/install/control_msgs/include/control_msgs/action/detail/point_head__rosidl_typesupport_fastrtps_c.h
[4.848s] -- Up-to-date symlink: /home/diego/Workspaces/ros2_control_diffbot_ws/install/control_msgs/include/control_msgs/action/detail/single_joint_position__rosidl_typesupport_fastrtps_c.h
[4.848s] -- Up-to-date symlink: /home/diego/Workspaces/ros2_control_diffbot_ws/install/control_msgs/include/control_msgs/msg/detail/dynamic_joint_state__rosidl_typesupport_fastrtps_c.h
[4.849s] -- Up-to-date symlink: /home/diego/Workspaces/ros2_control_diffbot_ws/install/control_msgs/include/control_msgs/msg/detail/gripper_command__rosidl_typesupport_fastrtps_c.h
[4.852s] -- Up-to-date symlink: /home/diego/Workspaces/ros2_control_diffbot_ws/install/control_msgs/include/control_msgs/msg/detail/interface_value__rosidl_typesupport_fastrtps_c.h
[4.856s] -- Up-to-date symlink: /home/diego/Workspaces/ros2_control_diffbot_ws/install/control_msgs/include/control_msgs/msg/detail/joint_controller_state__rosidl_typesupport_fastrtps_c.h
[4.861s] -- Up-to-date symlink: /home/diego/Workspaces/ros2_control_diffbot_ws/install/control_msgs/include/control_msgs/msg/detail/joint_jog__rosidl_typesupport_fastrtps_c.h
[4.868s] -- Up-to-date symlink: /home/diego/Workspaces/ros2_control_diffbot_ws/install/control_msgs/include/control_msgs/msg/detail/joint_tolerance__rosidl_typesupport_fastrtps_c.h
[4.870s] -- Up-to-date symlink: /home/diego/Workspaces/ros2_control_diffbot_ws/install/control_msgs/include/control_msgs/msg/detail/joint_trajectory_controller_state__rosidl_typesupport_fastrtps_c.h
[4.872s] -- Up-to-date symlink: /home/diego/Workspaces/ros2_control_diffbot_ws/install/control_msgs/include/control_msgs/msg/detail/pid_state__rosidl_typesupport_fastrtps_c.h
[4.876s] -- Up-to-date symlink: /home/diego/Workspaces/ros2_control_diffbot_ws/install/control_msgs/include/control_msgs/msg/rosidl_typesupport_fastrtps_c__visibility_control.h
[4.877s] -- Up-to-date symlink: /home/diego/Workspaces/ros2_control_diffbot_ws/install/control_msgs/include/control_msgs/srv/detail/query_calibration_state__rosidl_typesupport_fastrtps_c.h
[4.881s] -- Up-to-date symlink: /home/diego/Workspaces/ros2_control_diffbot_ws/install/control_msgs/include/control_msgs/srv/detail/query_trajectory_state__rosidl_typesupport_fastrtps_c.h
[4.885s] -- Up-to-date symlink: /home/diego/Workspaces/ros2_control_diffbot_ws/install/control_msgs/lib/libcontrol_msgs__rosidl_typesupport_fastrtps_c.so
[4.905s] -- Up-to-date symlink: /home/diego/Workspaces/ros2_control_diffbot_ws/install/control_msgs/include/control_msgs/action/detail/follow_joint_trajectory__rosidl_typesupport_fastrtps_cpp.hpp
[4.909s] -- Up-to-date symlink: /home/diego/Workspaces/ros2_control_diffbot_ws/install/control_msgs/include/control_msgs/action/detail/gripper_command__rosidl_typesupport_fastrtps_cpp.hpp
[4.909s] -- Up-to-date symlink: /home/diego/Workspaces/ros2_control_diffbot_ws/install/control_msgs/include/control_msgs/action/detail/joint_trajectory__rosidl_typesupport_fastrtps_cpp.hpp
[4.911s] -- Up-to-date symlink: /home/diego/Workspaces/ros2_control_diffbot_ws/install/control_msgs/include/control_msgs/action/detail/point_head__rosidl_typesupport_fastrtps_cpp.hpp
[4.912s] -- Up-to-date symlink: /home/diego/Workspaces/ros2_control_diffbot_ws/install/control_msgs/include/control_msgs/action/detail/single_joint_position__rosidl_typesupport_fastrtps_cpp.hpp
[4.912s] -- Up-to-date symlink: /home/diego/Workspaces/ros2_control_diffbot_ws/install/control_msgs/include/control_msgs/msg/detail/dynamic_joint_state__rosidl_typesupport_fastrtps_cpp.hpp
[4.914s] -- Up-to-date symlink: /home/diego/Workspaces/ros2_control_diffbot_ws/install/control_msgs/include/control_msgs/msg/detail/gripper_command__rosidl_typesupport_fastrtps_cpp.hpp
[4.916s] -- Up-to-date symlink: /home/diego/Workspaces/ros2_control_diffbot_ws/install/control_msgs/include/control_msgs/msg/detail/interface_value__rosidl_typesupport_fastrtps_cpp.hpp
[4.917s] -- Up-to-date symlink: /home/diego/Workspaces/ros2_control_diffbot_ws/install/control_msgs/include/control_msgs/msg/detail/joint_controller_state__rosidl_typesupport_fastrtps_cpp.hpp
[4.918s] -- Up-to-date symlink: /home/diego/Workspaces/ros2_control_diffbot_ws/install/control_msgs/include/control_msgs/msg/detail/joint_jog__rosidl_typesupport_fastrtps_cpp.hpp
[4.919s] -- Up-to-date symlink: /home/diego/Workspaces/ros2_control_diffbot_ws/install/control_msgs/include/control_msgs/msg/detail/joint_tolerance__rosidl_typesupport_fastrtps_cpp.hpp
[4.920s] -- Up-to-date symlink: /home/diego/Workspaces/ros2_control_diffbot_ws/install/control_msgs/include/control_msgs/msg/detail/joint_trajectory_controller_state__rosidl_typesupport_fastrtps_cpp.hpp
[4.922s] -- Up-to-date symlink: /home/diego/Workspaces/ros2_control_diffbot_ws/install/control_msgs/include/control_msgs/msg/detail/pid_state__rosidl_typesupport_fastrtps_cpp.hpp
[4.924s] -- Up-to-date symlink: /home/diego/Workspaces/ros2_control_diffbot_ws/install/control_msgs/include/control_msgs/msg/rosidl_typesupport_fastrtps_cpp__visibility_control.h
[4.926s] -- Up-to-date symlink: /home/diego/Workspaces/ros2_control_diffbot_ws/install/control_msgs/include/control_msgs/srv/detail/query_calibration_state__rosidl_typesupport_fastrtps_cpp.hpp
[4.926s] -- Up-to-date symlink: /home/diego/Workspaces/ros2_control_diffbot_ws/install/control_msgs/include/control_msgs/srv/detail/query_trajectory_state__rosidl_typesupport_fastrtps_cpp.hpp
[4.931s] -- Up-to-date symlink: /home/diego/Workspaces/ros2_control_diffbot_ws/install/control_msgs/lib/libcontrol_msgs__rosidl_typesupport_fastrtps_cpp.so
[4.935s] -- Up-to-date symlink: /home/diego/Workspaces/ros2_control_diffbot_ws/install/control_msgs/include/control_msgs/action/detail/follow_joint_trajectory__rosidl_typesupport_introspection_c.h
[4.939s] -- Up-to-date symlink: /home/diego/Workspaces/ros2_control_diffbot_ws/install/control_msgs/include/control_msgs/action/detail/gripper_command__rosidl_typesupport_introspection_c.h
[4.942s] -- Up-to-date symlink: /home/diego/Workspaces/ros2_control_diffbot_ws/install/control_msgs/include/control_msgs/action/detail/joint_trajectory__rosidl_typesupport_introspection_c.h
[4.954s] -- Up-to-date symlink: /home/diego/Workspaces/ros2_control_diffbot_ws/install/control_msgs/include/control_msgs/action/detail/point_head__rosidl_typesupport_introspection_c.h
[4.955s] -- Up-to-date symlink: /home/diego/Workspaces/ros2_control_diffbot_ws/install/control_msgs/include/control_msgs/action/detail/single_joint_position__rosidl_typesupport_introspection_c.h
[4.955s] -- Up-to-date symlink: /home/diego/Workspaces/ros2_control_diffbot_ws/install/control_msgs/include/control_msgs/msg/detail/dynamic_joint_state__rosidl_typesupport_introspection_c.h
[4.956s] -- Up-to-date symlink: /home/diego/Workspaces/ros2_control_diffbot_ws/install/control_msgs/include/control_msgs/msg/detail/gripper_command__rosidl_typesupport_introspection_c.h
[4.956s] -- Up-to-date symlink: /home/diego/Workspaces/ros2_control_diffbot_ws/install/control_msgs/include/control_msgs/msg/detail/interface_value__rosidl_typesupport_introspection_c.h
[4.957s] -- Up-to-date symlink: /home/diego/Workspaces/ros2_control_diffbot_ws/install/control_msgs/include/control_msgs/msg/detail/joint_controller_state__rosidl_typesupport_introspection_c.h
[4.959s] -- Up-to-date symlink: /home/diego/Workspaces/ros2_control_diffbot_ws/install/control_msgs/include/control_msgs/msg/detail/joint_jog__rosidl_typesupport_introspection_c.h
[4.962s] -- Up-to-date symlink: /home/diego/Workspaces/ros2_control_diffbot_ws/install/control_msgs/include/control_msgs/msg/detail/joint_tolerance__rosidl_typesupport_introspection_c.h
[4.964s] -- Up-to-date symlink: /home/diego/Workspaces/ros2_control_diffbot_ws/install/control_msgs/include/control_msgs/msg/detail/joint_trajectory_controller_state__rosidl_typesupport_introspection_c.h
[4.967s] -- Up-to-date symlink: /home/diego/Workspaces/ros2_control_diffbot_ws/install/control_msgs/include/control_msgs/msg/detail/pid_state__rosidl_typesupport_introspection_c.h
[4.976s] -- Up-to-date symlink: /home/diego/Workspaces/ros2_control_diffbot_ws/install/control_msgs/include/control_msgs/msg/rosidl_typesupport_introspection_c__visibility_control.h
[4.976s] -- Up-to-date symlink: /home/diego/Workspaces/ros2_control_diffbot_ws/install/control_msgs/include/control_msgs/srv/detail/query_calibration_state__rosidl_typesupport_introspection_c.h
[4.978s] -- Up-to-date symlink: /home/diego/Workspaces/ros2_control_diffbot_ws/install/control_msgs/include/control_msgs/srv/detail/query_trajectory_state__rosidl_typesupport_introspection_c.h
[4.981s] -- Up-to-date symlink: /home/diego/Workspaces/ros2_control_diffbot_ws/install/control_msgs/include/control_msgs/action/detail/follow_joint_trajectory__builder.hpp
[4.982s] -- Up-to-date symlink: /home/diego/Workspaces/ros2_control_diffbot_ws/install/control_msgs/include/control_msgs/action/detail/follow_joint_trajectory__struct.hpp
[4.983s] -- Up-to-date symlink: /home/diego/Workspaces/ros2_control_diffbot_ws/install/control_msgs/include/control_msgs/action/detail/follow_joint_trajectory__traits.hpp
[4.984s] -- Up-to-date symlink: /home/diego/Workspaces/ros2_control_diffbot_ws/install/control_msgs/include/control_msgs/action/detail/gripper_command__builder.hpp
[4.986s] -- Up-to-date symlink: /home/diego/Workspaces/ros2_control_diffbot_ws/install/control_msgs/include/control_msgs/action/detail/gripper_command__struct.hpp
[4.987s] -- Up-to-date symlink: /home/diego/Workspaces/ros2_control_diffbot_ws/install/control_msgs/include/control_msgs/action/detail/gripper_command__traits.hpp
[4.987s] -- Up-to-date symlink: /home/diego/Workspaces/ros2_control_diffbot_ws/install/control_msgs/include/control_msgs/action/detail/joint_trajectory__builder.hpp
[4.989s] -- Up-to-date symlink: /home/diego/Workspaces/ros2_control_diffbot_ws/install/control_msgs/include/control_msgs/action/detail/joint_trajectory__struct.hpp
[4.989s] -- Up-to-date symlink: /home/diego/Workspaces/ros2_control_diffbot_ws/install/control_msgs/include/control_msgs/action/detail/joint_trajectory__traits.hpp
[4.990s] -- Up-to-date symlink: /home/diego/Workspaces/ros2_control_diffbot_ws/install/control_msgs/include/control_msgs/action/detail/point_head__builder.hpp
[4.992s] -- Up-to-date symlink: /home/diego/Workspaces/ros2_control_diffbot_ws/install/control_msgs/include/control_msgs/action/detail/point_head__struct.hpp
[4.992s] -- Up-to-date symlink: /home/diego/Workspaces/ros2_control_diffbot_ws/install/control_msgs/include/control_msgs/action/detail/point_head__traits.hpp
[4.994s] -- Up-to-date symlink: /home/diego/Workspaces/ros2_control_diffbot_ws/install/control_msgs/include/control_msgs/action/detail/single_joint_position__builder.hpp
[4.994s] -- Up-to-date symlink: /home/diego/Workspaces/ros2_control_diffbot_ws/install/control_msgs/include/control_msgs/action/detail/single_joint_position__struct.hpp
[4.995s] -- Up-to-date symlink: /home/diego/Workspaces/ros2_control_diffbot_ws/install/control_msgs/include/control_msgs/action/detail/single_joint_position__traits.hpp
[4.998s] -- Up-to-date symlink: /home/diego/Workspaces/ros2_control_diffbot_ws/install/control_msgs/include/control_msgs/action/follow_joint_trajectory.hpp
[5.000s] -- Up-to-date symlink: /home/diego/Workspaces/ros2_control_diffbot_ws/install/control_msgs/include/control_msgs/action/gripper_command.hpp
[5.000s] -- Up-to-date symlink: /home/diego/Workspaces/ros2_control_diffbot_ws/install/control_msgs/include/control_msgs/action/joint_trajectory.hpp
[5.001s] -- Up-to-date symlink: /home/diego/Workspaces/ros2_control_diffbot_ws/install/control_msgs/include/control_msgs/action/point_head.hpp
[5.003s] -- Up-to-date symlink: /home/diego/Workspaces/ros2_control_diffbot_ws/install/control_msgs/include/control_msgs/action/single_joint_position.hpp
[5.004s] -- Up-to-date symlink: /home/diego/Workspaces/ros2_control_diffbot_ws/install/control_msgs/include/control_msgs/msg/detail/dynamic_joint_state__builder.hpp
[5.005s] -- Up-to-date symlink: /home/diego/Workspaces/ros2_control_diffbot_ws/install/control_msgs/include/control_msgs/msg/detail/dynamic_joint_state__struct.hpp
[5.007s] -- Up-to-date symlink: /home/diego/Workspaces/ros2_control_diffbot_ws/install/control_msgs/include/control_msgs/msg/detail/dynamic_joint_state__traits.hpp
[5.009s] -- Up-to-date symlink: /home/diego/Workspaces/ros2_control_diffbot_ws/install/control_msgs/include/control_msgs/msg/detail/gripper_command__builder.hpp
[5.011s] -- Up-to-date symlink: /home/diego/Workspaces/ros2_control_diffbot_ws/install/control_msgs/include/control_msgs/msg/detail/gripper_command__struct.hpp
[5.012s] -- Up-to-date symlink: /home/diego/Workspaces/ros2_control_diffbot_ws/install/control_msgs/include/control_msgs/msg/detail/gripper_command__traits.hpp
[5.013s] -- Up-to-date symlink: /home/diego/Workspaces/ros2_control_diffbot_ws/install/control_msgs/include/control_msgs/msg/detail/interface_value__builder.hpp
[5.015s] -- Up-to-date symlink: /home/diego/Workspaces/ros2_control_diffbot_ws/install/control_msgs/include/control_msgs/msg/detail/interface_value__struct.hpp
[5.016s] -- Up-to-date symlink: /home/diego/Workspaces/ros2_control_diffbot_ws/install/control_msgs/include/control_msgs/msg/detail/interface_value__traits.hpp
[5.017s] -- Up-to-date symlink: /home/diego/Workspaces/ros2_control_diffbot_ws/install/control_msgs/include/control_msgs/msg/detail/joint_controller_state__builder.hpp
[5.019s] -- Up-to-date symlink: /home/diego/Workspaces/ros2_control_diffbot_ws/install/control_msgs/include/control_msgs/msg/detail/joint_controller_state__struct.hpp
[5.020s] -- Up-to-date symlink: /home/diego/Workspaces/ros2_control_diffbot_ws/install/control_msgs/include/control_msgs/msg/detail/joint_controller_state__traits.hpp
[5.021s] -- Up-to-date symlink: /home/diego/Workspaces/ros2_control_diffbot_ws/install/control_msgs/include/control_msgs/msg/detail/joint_jog__builder.hpp
[5.024s] -- Up-to-date symlink: /home/diego/Workspaces/ros2_control_diffbot_ws/install/control_msgs/include/control_msgs/msg/detail/joint_jog__struct.hpp
[5.025s] -- Up-to-date symlink: /home/diego/Workspaces/ros2_control_diffbot_ws/install/control_msgs/include/control_msgs/msg/detail/joint_jog__traits.hpp
[5.026s] -- Up-to-date symlink: /home/diego/Workspaces/ros2_control_diffbot_ws/install/control_msgs/include/control_msgs/msg/detail/joint_tolerance__builder.hpp
[5.027s] -- Up-to-date symlink: /home/diego/Workspaces/ros2_control_diffbot_ws/install/control_msgs/include/control_msgs/msg/detail/joint_tolerance__struct.hpp
[5.028s] -- Up-to-date symlink: /home/diego/Workspaces/ros2_control_diffbot_ws/install/control_msgs/include/control_msgs/msg/detail/joint_tolerance__traits.hpp
[5.029s] -- Up-to-date symlink: /home/diego/Workspaces/ros2_control_diffbot_ws/install/control_msgs/include/control_msgs/msg/detail/joint_trajectory_controller_state__builder.hpp
[5.031s] -- Up-to-date symlink: /home/diego/Workspaces/ros2_control_diffbot_ws/install/control_msgs/include/control_msgs/msg/detail/joint_trajectory_controller_state__struct.hpp
[5.034s] -- Up-to-date symlink: /home/diego/Workspaces/ros2_control_diffbot_ws/install/control_msgs/include/control_msgs/msg/detail/joint_trajectory_controller_state__traits.hpp
[5.036s] -- Up-to-date symlink: /home/diego/Workspaces/ros2_control_diffbot_ws/install/control_msgs/include/control_msgs/msg/detail/pid_state__builder.hpp
[5.037s] -- Up-to-date symlink: /home/diego/Workspaces/ros2_control_diffbot_ws/install/control_msgs/include/control_msgs/msg/detail/pid_state__struct.hpp
[5.038s] -- Up-to-date symlink: /home/diego/Workspaces/ros2_control_diffbot_ws/install/control_msgs/include/control_msgs/msg/detail/pid_state__traits.hpp
[5.040s] -- Up-to-date symlink: /home/diego/Workspaces/ros2_control_diffbot_ws/install/control_msgs/include/control_msgs/msg/dynamic_joint_state.hpp
[5.041s] -- Up-to-date symlink: /home/diego/Workspaces/ros2_control_diffbot_ws/install/control_msgs/include/control_msgs/msg/gripper_command.hpp
[5.043s] -- Up-to-date symlink: /home/diego/Workspaces/ros2_control_diffbot_ws/install/control_msgs/include/control_msgs/msg/interface_value.hpp
[5.044s] -- Up-to-date symlink: /home/diego/Workspaces/ros2_control_diffbot_ws/install/control_msgs/include/control_msgs/msg/joint_controller_state.hpp
[5.045s] -- Up-to-date symlink: /home/diego/Workspaces/ros2_control_diffbot_ws/install/control_msgs/include/control_msgs/msg/joint_jog.hpp
[5.047s] -- Up-to-date symlink: /home/diego/Workspaces/ros2_control_diffbot_ws/install/control_msgs/include/control_msgs/msg/joint_tolerance.hpp
[5.048s] -- Up-to-date symlink: /home/diego/Workspaces/ros2_control_diffbot_ws/install/control_msgs/include/control_msgs/msg/joint_trajectory_controller_state.hpp
[5.049s] -- Up-to-date symlink: /home/diego/Workspaces/ros2_control_diffbot_ws/install/control_msgs/include/control_msgs/msg/pid_state.hpp
[5.050s] -- Up-to-date symlink: /home/diego/Workspaces/ros2_control_diffbot_ws/install/control_msgs/include/control_msgs/srv/detail/query_calibration_state__builder.hpp
[5.052s] -- Up-to-date symlink: /home/diego/Workspaces/ros2_control_diffbot_ws/install/control_msgs/include/control_msgs/srv/detail/query_calibration_state__struct.hpp
[5.053s] -- Up-to-date symlink: /home/diego/Workspaces/ros2_control_diffbot_ws/install/control_msgs/include/control_msgs/srv/detail/query_calibration_state__traits.hpp
[5.054s] -- Up-to-date symlink: /home/diego/Workspaces/ros2_control_diffbot_ws/install/control_msgs/include/control_msgs/srv/detail/query_trajectory_state__builder.hpp
[5.057s] -- Up-to-date symlink: /home/diego/Workspaces/ros2_control_diffbot_ws/install/control_msgs/include/control_msgs/srv/detail/query_trajectory_state__struct.hpp
[5.061s] -- Up-to-date symlink: /home/diego/Workspaces/ros2_control_diffbot_ws/install/control_msgs/include/control_msgs/srv/detail/query_trajectory_state__traits.hpp
[5.063s] -- Up-to-date symlink: /home/diego/Workspaces/ros2_control_diffbot_ws/install/control_msgs/include/control_msgs/srv/query_calibration_state.hpp
[5.066s] -- Up-to-date symlink: /home/diego/Workspaces/ros2_control_diffbot_ws/install/control_msgs/include/control_msgs/srv/query_trajectory_state.hpp
[5.068s] -- Up-to-date symlink: /home/diego/Workspaces/ros2_control_diffbot_ws/install/control_msgs/include/control_msgs/action/detail/follow_joint_trajectory__rosidl_typesupport_introspection_cpp.hpp
[5.069s] -- Up-to-date symlink: /home/diego/Workspaces/ros2_control_diffbot_ws/install/control_msgs/include/control_msgs/action/detail/gripper_command__rosidl_typesupport_introspection_cpp.hpp
[5.071s] -- Up-to-date symlink: /home/diego/Workspaces/ros2_control_diffbot_ws/install/control_msgs/include/control_msgs/action/detail/joint_trajectory__rosidl_typesupport_introspection_cpp.hpp
[5.072s] -- Up-to-date symlink: /home/diego/Workspaces/ros2_control_diffbot_ws/install/control_msgs/include/control_msgs/action/detail/point_head__rosidl_typesupport_introspection_cpp.hpp
[5.074s] -- Up-to-date symlink: /home/diego/Workspaces/ros2_control_diffbot_ws/install/control_msgs/include/control_msgs/action/detail/single_joint_position__rosidl_typesupport_introspection_cpp.hpp
[5.075s] -- Up-to-date symlink: /home/diego/Workspaces/ros2_control_diffbot_ws/install/control_msgs/include/control_msgs/msg/detail/dynamic_joint_state__rosidl_typesupport_introspection_cpp.hpp
[5.077s] -- Up-to-date symlink: /home/diego/Workspaces/ros2_control_diffbot_ws/install/control_msgs/include/control_msgs/msg/detail/gripper_command__rosidl_typesupport_introspection_cpp.hpp
[5.078s] -- Up-to-date symlink: /home/diego/Workspaces/ros2_control_diffbot_ws/install/control_msgs/include/control_msgs/msg/detail/interface_value__rosidl_typesupport_introspection_cpp.hpp
[5.080s] -- Up-to-date symlink: /home/diego/Workspaces/ros2_control_diffbot_ws/install/control_msgs/include/control_msgs/msg/detail/joint_controller_state__rosidl_typesupport_introspection_cpp.hpp
[5.081s] -- Up-to-date symlink: /home/diego/Workspaces/ros2_control_diffbot_ws/install/control_msgs/include/control_msgs/msg/detail/joint_jog__rosidl_typesupport_introspection_cpp.hpp
[5.086s] -- Up-to-date symlink: /home/diego/Workspaces/ros2_control_diffbot_ws/install/control_msgs/include/control_msgs/msg/detail/joint_tolerance__rosidl_typesupport_introspection_cpp.hpp
[5.089s] -- Up-to-date symlink: /home/diego/Workspaces/ros2_control_diffbot_ws/install/control_msgs/include/control_msgs/msg/detail/joint_trajectory_controller_state__rosidl_typesupport_introspection_cpp.hpp
[5.090s] -- Up-to-date symlink: /home/diego/Workspaces/ros2_control_diffbot_ws/install/control_msgs/include/control_msgs/msg/detail/pid_state__rosidl_typesupport_introspection_cpp.hpp
[5.092s] -- Up-to-date symlink: /home/diego/Workspaces/ros2_control_diffbot_ws/install/control_msgs/include/control_msgs/srv/detail/query_calibration_state__rosidl_typesupport_introspection_cpp.hpp
[5.093s] -- Up-to-date symlink: /home/diego/Workspaces/ros2_control_diffbot_ws/install/control_msgs/include/control_msgs/srv/detail/query_trajectory_state__rosidl_typesupport_introspection_cpp.hpp
[5.095s] -- Up-to-date symlink: /home/diego/Workspaces/ros2_control_diffbot_ws/install/control_msgs/share/control_msgs/environment/pythonpath.sh
[5.099s] -- Up-to-date symlink: /home/diego/Workspaces/ros2_control_diffbot_ws/install/control_msgs/share/control_msgs/environment/pythonpath.dsv
[5.112s] -- Up-to-date symlink: /home/diego/Workspaces/ros2_control_diffbot_ws/install/control_msgs/lib/python3.8/site-packages/control_msgs/__init__.py
[5.125s] -- Up-to-date symlink: /home/diego/Workspaces/ros2_control_diffbot_ws/install/control_msgs/lib/python3.8/site-packages/control_msgs/msg/__init__.py
[5.126s] -- Up-to-date symlink: /home/diego/Workspaces/ros2_control_diffbot_ws/install/control_msgs/lib/python3.8/site-packages/control_msgs/msg/_dynamic_joint_state.py
[5.130s] -- Up-to-date symlink: /home/diego/Workspaces/ros2_control_diffbot_ws/install/control_msgs/lib/python3.8/site-packages/control_msgs/msg/_gripper_command.py
[5.130s] -- Up-to-date symlink: /home/diego/Workspaces/ros2_control_diffbot_ws/install/control_msgs/lib/python3.8/site-packages/control_msgs/msg/_interface_value.py
[5.131s] -- Up-to-date symlink: /home/diego/Workspaces/ros2_control_diffbot_ws/install/control_msgs/lib/python3.8/site-packages/control_msgs/msg/_joint_controller_state.py
[5.131s] -- Up-to-date symlink: /home/diego/Workspaces/ros2_control_diffbot_ws/install/control_msgs/lib/python3.8/site-packages/control_msgs/msg/_joint_jog.py
[5.135s] -- Up-to-date symlink: /home/diego/Workspaces/ros2_control_diffbot_ws/install/control_msgs/lib/python3.8/site-packages/control_msgs/msg/_joint_tolerance.py
[5.135s] -- Up-to-date symlink: /home/diego/Workspaces/ros2_control_diffbot_ws/install/control_msgs/lib/python3.8/site-packages/control_msgs/msg/_joint_trajectory_controller_state.py
[5.136s] -- Up-to-date symlink: /home/diego/Workspaces/ros2_control_diffbot_ws/install/control_msgs/lib/python3.8/site-packages/control_msgs/msg/_pid_state.py
[5.141s] -- Up-to-date symlink: /home/diego/Workspaces/ros2_control_diffbot_ws/install/control_msgs/lib/python3.8/site-packages/control_msgs/srv/__init__.py
[5.142s] -- Up-to-date symlink: /home/diego/Workspaces/ros2_control_diffbot_ws/install/control_msgs/lib/python3.8/site-packages/control_msgs/srv/_query_calibration_state.py
[5.142s] -- Up-to-date symlink: /home/diego/Workspaces/ros2_control_diffbot_ws/install/control_msgs/lib/python3.8/site-packages/control_msgs/srv/_query_trajectory_state.py
[5.152s] -- Up-to-date symlink: /home/diego/Workspaces/ros2_control_diffbot_ws/install/control_msgs/lib/python3.8/site-packages/control_msgs/action/__init__.py
[5.153s] -- Up-to-date symlink: /home/diego/Workspaces/ros2_control_diffbot_ws/install/control_msgs/lib/python3.8/site-packages/control_msgs/action/_follow_joint_trajectory.py
[5.153s] -- Up-to-date symlink: /home/diego/Workspaces/ros2_control_diffbot_ws/install/control_msgs/lib/python3.8/site-packages/control_msgs/action/_gripper_command.py
[5.154s] -- Up-to-date symlink: /home/diego/Workspaces/ros2_control_diffbot_ws/install/control_msgs/lib/python3.8/site-packages/control_msgs/action/_joint_trajectory.py
[5.154s] -- Up-to-date symlink: /home/diego/Workspaces/ros2_control_diffbot_ws/install/control_msgs/lib/python3.8/site-packages/control_msgs/action/_point_head.py
[5.155s] -- Up-to-date symlink: /home/diego/Workspaces/ros2_control_diffbot_ws/install/control_msgs/lib/python3.8/site-packages/control_msgs/action/_single_joint_position.py
[5.156s] -- Up-to-date symlink: /home/diego/Workspaces/ros2_control_diffbot_ws/install/control_msgs/lib/python3.8/site-packages/control_msgs/control_msgs_s__rosidl_typesupport_fastrtps_c.cpython-38-x86_64-linux-gnu.so
[5.157s] -- Up-to-date symlink: /home/diego/Workspaces/ros2_control_diffbot_ws/install/control_msgs/lib/python3.8/site-packages/control_msgs/control_msgs_s__rosidl_typesupport_introspection_c.cpython-38-x86_64-linux-gnu.so
[5.161s] -- Up-to-date symlink: /home/diego/Workspaces/ros2_control_diffbot_ws/install/control_msgs/lib/python3.8/site-packages/control_msgs/control_msgs_s__rosidl_typesupport_c.cpython-38-x86_64-linux-gnu.so
[5.165s] -- Up-to-date symlink: /home/diego/Workspaces/ros2_control_diffbot_ws/install/control_msgs/lib/libcontrol_msgs__python.so
[5.169s] -- Up-to-date symlink: /home/diego/Workspaces/ros2_control_diffbot_ws/install/control_msgs/share/control_msgs/msg/DynamicJointState.idl
[5.172s] -- Up-to-date symlink: /home/diego/Workspaces/ros2_control_diffbot_ws/install/control_msgs/share/control_msgs/msg/GripperCommand.idl
[5.174s] -- Up-to-date symlink: /home/diego/Workspaces/ros2_control_diffbot_ws/install/control_msgs/share/control_msgs/msg/InterfaceValue.idl
[5.176s] -- Up-to-date symlink: /home/diego/Workspaces/ros2_control_diffbot_ws/install/control_msgs/share/control_msgs/msg/JointControllerState.idl
[5.181s] -- Up-to-date symlink: /home/diego/Workspaces/ros2_control_diffbot_ws/install/control_msgs/share/control_msgs/msg/JointJog.idl
[5.184s] -- Up-to-date symlink: /home/diego/Workspaces/ros2_control_diffbot_ws/install/control_msgs/share/control_msgs/msg/JointTolerance.idl
[5.185s] -- Up-to-date symlink: /home/diego/Workspaces/ros2_control_diffbot_ws/install/control_msgs/share/control_msgs/msg/JointTrajectoryControllerState.idl
[5.189s] -- Up-to-date symlink: /home/diego/Workspaces/ros2_control_diffbot_ws/install/control_msgs/share/control_msgs/msg/PidState.idl
[5.192s] -- Up-to-date symlink: /home/diego/Workspaces/ros2_control_diffbot_ws/install/control_msgs/share/control_msgs/srv/QueryCalibrationState.idl
[5.194s] -- Up-to-date symlink: /home/diego/Workspaces/ros2_control_diffbot_ws/install/control_msgs/share/control_msgs/srv/QueryTrajectoryState.idl
[5.199s] -- Up-to-date symlink: /home/diego/Workspaces/ros2_control_diffbot_ws/install/control_msgs/share/control_msgs/action/FollowJointTrajectory.idl
[5.201s] -- Up-to-date symlink: /home/diego/Workspaces/ros2_control_diffbot_ws/install/control_msgs/share/control_msgs/action/GripperCommand.idl
[5.203s] -- Up-to-date symlink: /home/diego/Workspaces/ros2_control_diffbot_ws/install/control_msgs/share/control_msgs/action/JointTrajectory.idl
[5.207s] -- Up-to-date symlink: /home/diego/Workspaces/ros2_control_diffbot_ws/install/control_msgs/share/control_msgs/action/PointHead.idl
[5.209s] -- Up-to-date symlink: /home/diego/Workspaces/ros2_control_diffbot_ws/install/control_msgs/share/control_msgs/action/SingleJointPosition.idl
[5.211s] -- Up-to-date symlink: /home/diego/Workspaces/ros2_control_diffbot_ws/install/control_msgs/share/control_msgs/msg/DynamicJointState.msg
[5.215s] -- Up-to-date symlink: /home/diego/Workspaces/ros2_control_diffbot_ws/install/control_msgs/share/control_msgs/msg/GripperCommand.msg
[5.216s] -- Up-to-date symlink: /home/diego/Workspaces/ros2_control_diffbot_ws/install/control_msgs/share/control_msgs/msg/InterfaceValue.msg
[5.218s] -- Up-to-date symlink: /home/diego/Workspaces/ros2_control_diffbot_ws/install/control_msgs/share/control_msgs/msg/JointControllerState.msg
[5.218s] -- Up-to-date symlink: /home/diego/Workspaces/ros2_control_diffbot_ws/install/control_msgs/share/control_msgs/msg/JointJog.msg
[5.220s] -- Up-to-date symlink: /home/diego/Workspaces/ros2_control_diffbot_ws/install/control_msgs/share/control_msgs/msg/JointTolerance.msg
[5.224s] -- Up-to-date symlink: /home/diego/Workspaces/ros2_control_diffbot_ws/install/control_msgs/share/control_msgs/msg/JointTrajectoryControllerState.msg
[5.226s] -- Up-to-date symlink: /home/diego/Workspaces/ros2_control_diffbot_ws/install/control_msgs/share/control_msgs/msg/PidState.msg
[5.228s] -- Up-to-date symlink: /home/diego/Workspaces/ros2_control_diffbot_ws/install/control_msgs/share/control_msgs/srv/QueryCalibrationState.srv
[5.228s] -- Up-to-date symlink: /home/diego/Workspaces/ros2_control_diffbot_ws/install/control_msgs/share/control_msgs/srv/QueryCalibrationState_Request.msg
[5.232s] -- Up-to-date symlink: /home/diego/Workspaces/ros2_control_diffbot_ws/install/control_msgs/share/control_msgs/srv/QueryCalibrationState_Response.msg
[5.232s] -- Up-to-date symlink: /home/diego/Workspaces/ros2_control_diffbot_ws/install/control_msgs/share/control_msgs/srv/QueryTrajectoryState.srv
[5.236s] -- Up-to-date symlink: /home/diego/Workspaces/ros2_control_diffbot_ws/install/control_msgs/share/control_msgs/srv/QueryTrajectoryState_Request.msg
[5.236s] -- Up-to-date symlink: /home/diego/Workspaces/ros2_control_diffbot_ws/install/control_msgs/share/control_msgs/srv/QueryTrajectoryState_Response.msg
[5.240s] -- Up-to-date symlink: /home/diego/Workspaces/ros2_control_diffbot_ws/install/control_msgs/share/control_msgs/action/FollowJointTrajectory.action
[5.241s] -- Up-to-date symlink: /home/diego/Workspaces/ros2_control_diffbot_ws/install/control_msgs/share/control_msgs/action/GripperCommand.action
[5.244s] -- Up-to-date symlink: /home/diego/Workspaces/ros2_control_diffbot_ws/install/control_msgs/share/control_msgs/action/JointTrajectory.action
[5.245s] -- Up-to-date symlink: /home/diego/Workspaces/ros2_control_diffbot_ws/install/control_msgs/share/control_msgs/action/PointHead.action
[5.247s] -- Up-to-date symlink: /home/diego/Workspaces/ros2_control_diffbot_ws/install/control_msgs/share/control_msgs/action/SingleJointPosition.action
[5.253s] -- Up-to-date symlink: /home/diego/Workspaces/ros2_control_diffbot_ws/install/control_msgs/share/ament_index/resource_index/package_run_dependencies/control_msgs
[5.257s] -- Up-to-date symlink: /home/diego/Workspaces/ros2_control_diffbot_ws/install/control_msgs/share/ament_index/resource_index/parent_prefix_path/control_msgs
[5.259s] -- Up-to-date symlink: /home/diego/Workspaces/ros2_control_diffbot_ws/install/control_msgs/share/control_msgs/environment/ament_prefix_path.sh
[5.262s] -- Up-to-date symlink: /home/diego/Workspaces/ros2_control_diffbot_ws/install/control_msgs/share/control_msgs/environment/ament_prefix_path.dsv
[5.265s] -- Up-to-date symlink: /home/diego/Workspaces/ros2_control_diffbot_ws/install/control_msgs/share/control_msgs/environment/path.sh
[5.267s] -- Up-to-date symlink: /home/diego/Workspaces/ros2_control_diffbot_ws/install/control_msgs/share/control_msgs/environment/path.dsv
[5.271s] -- Up-to-date symlink: /home/diego/Workspaces/ros2_control_diffbot_ws/install/control_msgs/share/control_msgs/local_setup.bash
[5.278s] -- Up-to-date symlink: /home/diego/Workspaces/ros2_control_diffbot_ws/install/control_msgs/share/control_msgs/local_setup.sh
[5.280s] -- Up-to-date symlink: /home/diego/Workspaces/ros2_control_diffbot_ws/install/control_msgs/share/control_msgs/local_setup.zsh
[5.282s] -- Up-to-date symlink: /home/diego/Workspaces/ros2_control_diffbot_ws/install/control_msgs/share/control_msgs/local_setup.dsv
[5.283s] -- Symlinking: /home/diego/Workspaces/ros2_control_diffbot_ws/install/control_msgs/share/control_msgs/package.dsv
[5.325s] -- Up-to-date symlink: /home/diego/Workspaces/ros2_control_diffbot_ws/install/control_msgs/share/ament_index/resource_index/packages/control_msgs
[5.334s] -- Up-to-date symlink: /home/diego/Workspaces/ros2_control_diffbot_ws/install/control_msgs/share/control_msgs/cmake/rosidl_cmake-extras.cmake
[5.335s] -- Up-to-date symlink: /home/diego/Workspaces/ros2_control_diffbot_ws/install/control_msgs/share/control_msgs/cmake/ament_cmake_export_dependencies-extras.cmake
[5.337s] -- Up-to-date symlink: /home/diego/Workspaces/ros2_control_diffbot_ws/install/control_msgs/share/control_msgs/cmake/ament_cmake_export_libraries-extras.cmake
[5.339s] -- Up-to-date symlink: /home/diego/Workspaces/ros2_control_diffbot_ws/install/control_msgs/share/control_msgs/cmake/ament_cmake_export_targets-extras.cmake
[5.341s] -- Up-to-date symlink: /home/diego/Workspaces/ros2_control_diffbot_ws/install/control_msgs/share/control_msgs/cmake/ament_cmake_export_include_directories-extras.cmake
[5.343s] -- Up-to-date symlink: /home/diego/Workspaces/ros2_control_diffbot_ws/install/control_msgs/share/control_msgs/cmake/rosidl_cmake_export_typesupport_libraries-extras.cmake
[5.347s] -- Up-to-date symlink: /home/diego/Workspaces/ros2_control_diffbot_ws/install/control_msgs/share/control_msgs/cmake/rosidl_cmake_export_typesupport_targets-extras.cmake
[5.348s] -- Up-to-date symlink: /home/diego/Workspaces/ros2_control_diffbot_ws/install/control_msgs/share/control_msgs/cmake/control_msgsConfig.cmake
[5.348s] -- Up-to-date symlink: /home/diego/Workspaces/ros2_control_diffbot_ws/install/control_msgs/share/control_msgs/cmake/control_msgsConfig-version.cmake
[5.349s] -- Up-to-date symlink: /home/diego/Workspaces/ros2_control_diffbot_ws/install/control_msgs/share/control_msgs/package.xml
[5.352s] -- Up-to-date: /home/diego/Workspaces/ros2_control_diffbot_ws/install/control_msgs/lib/libcontrol_msgs__rosidl_generator_c.so
[5.357s] -- Up-to-date: /home/diego/Workspaces/ros2_control_diffbot_ws/install/control_msgs/lib/libcontrol_msgs__rosidl_typesupport_introspection_c.so
[5.364s] -- Up-to-date: /home/diego/Workspaces/ros2_control_diffbot_ws/install/control_msgs/lib/libcontrol_msgs__rosidl_typesupport_c.so
[5.373s] -- Up-to-date: /home/diego/Workspaces/ros2_control_diffbot_ws/install/control_msgs/lib/libcontrol_msgs__rosidl_typesupport_introspection_cpp.so
[5.375s] -- Up-to-date: /home/diego/Workspaces/ros2_control_diffbot_ws/install/control_msgs/lib/libcontrol_msgs__rosidl_typesupport_cpp.so
[5.525s] -- Up-to-date: /home/diego/Workspaces/ros2_control_diffbot_ws/install/control_msgs/share/control_msgs/cmake/control_msgs__rosidl_generator_cExport.cmake
[5.526s] -- Up-to-date: /home/diego/Workspaces/ros2_control_diffbot_ws/install/control_msgs/share/control_msgs/cmake/control_msgs__rosidl_generator_cExport-noconfig.cmake
[5.531s] -- Up-to-date: /home/diego/Workspaces/ros2_control_diffbot_ws/install/control_msgs/share/control_msgs/cmake/control_msgs__rosidl_typesupport_introspection_cExport.cmake
[5.532s] -- Up-to-date: /home/diego/Workspaces/ros2_control_diffbot_ws/install/control_msgs/share/control_msgs/cmake/control_msgs__rosidl_typesupport_introspection_cExport-noconfig.cmake
[5.536s] -- Up-to-date: /home/diego/Workspaces/ros2_control_diffbot_ws/install/control_msgs/share/control_msgs/cmake/control_msgs__rosidl_typesupport_cExport.cmake
[5.538s] -- Up-to-date: /home/diego/Workspaces/ros2_control_diffbot_ws/install/control_msgs/share/control_msgs/cmake/control_msgs__rosidl_typesupport_cExport-noconfig.cmake
[5.541s] -- Up-to-date: /home/diego/Workspaces/ros2_control_diffbot_ws/install/control_msgs/share/control_msgs/cmake/control_msgs__rosidl_generator_cppExport.cmake
[5.549s] -- Up-to-date: /home/diego/Workspaces/ros2_control_diffbot_ws/install/control_msgs/share/control_msgs/cmake/control_msgs__rosidl_typesupport_introspection_cppExport.cmake
[5.553s] -- Up-to-date: /home/diego/Workspaces/ros2_control_diffbot_ws/install/control_msgs/share/control_msgs/cmake/control_msgs__rosidl_typesupport_introspection_cppExport-noconfig.cmake
[5.555s] -- Up-to-date: /home/diego/Workspaces/ros2_control_diffbot_ws/install/control_msgs/share/control_msgs/cmake/control_msgs__rosidl_typesupport_cppExport.cmake
[5.555s] -- Up-to-date: /home/diego/Workspaces/ros2_control_diffbot_ws/install/control_msgs/share/control_msgs/cmake/control_msgs__rosidl_typesupport_cppExport-noconfig.cmake
[5.573s] Invoked command in '/home/diego/Workspaces/ros2_control_diffbot_ws/build/control_msgs' returned '0': CMAKE_PREFIX_PATH=/opt/ros/foxy /usr/bin/cmake --install /home/diego/Workspaces/ros2_control_diffbot_ws/build/control_msgs
