[0.078s] Invoking command in '/home/diego/Workspaces/ros2_control_diffbot_ws/build/ros2_control_demo_hardware': AMENT_PREFIX_PATH=/home/diego/Workspaces/ros2_control_diffbot_ws/install/hardware_interface:/home/diego/Workspaces/ros2_control_diffbot_ws/install/control_msgs:${AMENT_PREFIX_PATH} CMAKE_PREFIX_PATH=/home/diego/Workspaces/ros2_control_diffbot_ws/install/hardware_interface:/home/diego/Workspaces/ros2_control_diffbot_ws/install/control_msgs:/opt/ros/foxy LD_LIBRARY_PATH=/home/diego/Workspaces/ros2_control_diffbot_ws/install/hardware_interface/lib:/home/diego/Workspaces/ros2_control_diffbot_ws/install/control_msgs/lib:${LD_LIBRARY_PATH} PYTHONPATH=/home/diego/Workspaces/ros2_control_diffbot_ws/install/control_msgs/lib/python3.8/site-packages:${PYTHONPATH} /usr/bin/cmake /home/diego/Workspaces/ros2_control_diffbot_ws/src/ros2_control_demos/ros2_control_demo_hardware -DAMENT_CMAKE_SYMLINK_INSTALL=1 -DCMAKE_INSTALL_PREFIX=/home/diego/Workspaces/ros2_control_diffbot_ws/install/ros2_control_demo_hardware
[0.265s] -- The C compiler identification is GNU 9.4.0
[0.423s] -- The CXX compiler identification is GNU 9.4.0
[0.437s] -- Check for working C compiler: /usr/bin/cc
[0.630s] -- Check for working C compiler: /usr/bin/cc -- works
[0.630s] -- Detecting C compiler ABI info
[0.844s] -- Detecting C compiler ABI info - done
[0.882s] -- Detecting C compile features
[0.884s] -- Detecting C compile features - done
[0.892s] -- Check for working CXX compiler: /usr/bin/c++
[1.118s] -- Check for working CXX compiler: /usr/bin/c++ -- works
[1.118s] -- Detecting CXX compiler ABI info
[1.344s] -- Detecting CXX compiler ABI info - done
[1.378s] -- Detecting CXX compile features
[1.380s] -- Detecting CXX compile features - done
[1.386s] -- Found ament_cmake: 0.9.9 (/opt/ros/foxy/share/ament_cmake/cmake)
[1.450s] -- Found PythonInterp: /usr/bin/python3 (found suitable version "3.8.10", minimum required is "3") 
[1.450s] -- Using PYTHON_EXECUTABLE: /usr/bin/python3
[2.055s] -- Override CMake install command with custom implementation using symlinks instead of copying resources
[2.110s] -- Found hardware_interface: 0.10.1 (/home/diego/Workspaces/ros2_control_diffbot_ws/install/hardware_interface/share/hardware_interface/cmake)
[2.193s] -- Using all available rosidl_typesupport_c: rosidl_typesupport_fastrtps_c;rosidl_typesupport_introspection_c
[2.210s] -- Found rosidl_adapter: 1.2.1 (/opt/ros/foxy/share/rosidl_adapter/cmake)
[2.446s] -- Found OpenSSL: /usr/lib/x86_64-linux-gnu/libcrypto.so (found version "1.1.1f")  
[2.535s] -- Found FastRTPS: /opt/ros/foxy/include  
[2.743s] -- Using all available rosidl_typesupport_cpp: rosidl_typesupport_fastrtps_cpp;rosidl_typesupport_introspection_cpp
[4.075s] -- Found rclcpp: 2.4.1 (/opt/ros/foxy/share/rclcpp/cmake)
[4.194s] -- Found rmw_implementation_cmake: 1.0.3 (/opt/ros/foxy/share/rmw_implementation_cmake/cmake)
[4.198s] -- Using RMW implementation 'rmw_fastrtps_cpp' as default
[4.205s] -- Looking for pthread.h
[4.398s] -- Looking for pthread.h - found
[4.398s] -- Performing Test CMAKE_HAVE_LIBC_PTHREAD
[4.588s] -- Performing Test CMAKE_HAVE_LIBC_PTHREAD - Failed
[4.588s] -- Looking for pthread_create in pthreads
[4.742s] -- Looking for pthread_create in pthreads - not found
[4.743s] -- Looking for pthread_create in pthread
[4.946s] -- Looking for pthread_create in pthread - found
[4.950s] -- Found Threads: TRUE  
[5.368s] -- Found ament_cmake_gtest: 0.9.9 (/opt/ros/foxy/share/ament_cmake_gtest/cmake)
[5.575s] -- Configuring done
[5.632s] -- Generating done
[5.636s] -- Build files have been written to: /home/diego/Workspaces/ros2_control_diffbot_ws/build/ros2_control_demo_hardware
[5.663s] Invoked command in '/home/diego/Workspaces/ros2_control_diffbot_ws/build/ros2_control_demo_hardware' returned '0': AMENT_PREFIX_PATH=/home/diego/Workspaces/ros2_control_diffbot_ws/install/hardware_interface:/home/diego/Workspaces/ros2_control_diffbot_ws/install/control_msgs:${AMENT_PREFIX_PATH} CMAKE_PREFIX_PATH=/home/diego/Workspaces/ros2_control_diffbot_ws/install/hardware_interface:/home/diego/Workspaces/ros2_control_diffbot_ws/install/control_msgs:/opt/ros/foxy LD_LIBRARY_PATH=/home/diego/Workspaces/ros2_control_diffbot_ws/install/hardware_interface/lib:/home/diego/Workspaces/ros2_control_diffbot_ws/install/control_msgs/lib:${LD_LIBRARY_PATH} PYTHONPATH=/home/diego/Workspaces/ros2_control_diffbot_ws/install/control_msgs/lib/python3.8/site-packages:${PYTHONPATH} /usr/bin/cmake /home/diego/Workspaces/ros2_control_diffbot_ws/src/ros2_control_demos/ros2_control_demo_hardware -DAMENT_CMAKE_SYMLINK_INSTALL=1 -DCMAKE_INSTALL_PREFIX=/home/diego/Workspaces/ros2_control_diffbot_ws/install/ros2_control_demo_hardware
[5.676s] Invoking command in '/home/diego/Workspaces/ros2_control_diffbot_ws/build/ros2_control_demo_hardware': AMENT_PREFIX_PATH=/home/diego/Workspaces/ros2_control_diffbot_ws/install/hardware_interface:/home/diego/Workspaces/ros2_control_diffbot_ws/install/control_msgs:${AMENT_PREFIX_PATH} CMAKE_PREFIX_PATH=/home/diego/Workspaces/ros2_control_diffbot_ws/install/hardware_interface:/home/diego/Workspaces/ros2_control_diffbot_ws/install/control_msgs:/opt/ros/foxy LD_LIBRARY_PATH=/home/diego/Workspaces/ros2_control_diffbot_ws/install/hardware_interface/lib:/home/diego/Workspaces/ros2_control_diffbot_ws/install/control_msgs/lib:${LD_LIBRARY_PATH} PYTHONPATH=/home/diego/Workspaces/ros2_control_diffbot_ws/install/control_msgs/lib/python3.8/site-packages:${PYTHONPATH} /usr/bin/cmake --build /home/diego/Workspaces/ros2_control_diffbot_ws/build/ros2_control_demo_hardware -- -j2 -l2
[5.780s] [35m[1mScanning dependencies of target ros2_control_demo_hardware[0m
[5.939s] [ 20%] [32mBuilding CXX object CMakeFiles/ros2_control_demo_hardware.dir/src/diffbot_system.cpp.o[0m
[14.807s] [ 40%] [32mBuilding CXX object CMakeFiles/ros2_control_demo_hardware.dir/src/rrbot_system_position_only.cpp.o[0m
[25.785s] [ 60%] [32mBuilding CXX object CMakeFiles/ros2_control_demo_hardware.dir/src/rrbot_system_multi_interface.cpp.o[0m
[34.934s] [ 80%] [32mBuilding CXX object CMakeFiles/ros2_control_demo_hardware.dir/src/rrbot_system_with_sensor.cpp.o[0m
[43.795s] [100%] [32m[1mLinking CXX shared library libros2_control_demo_hardware.so[0m
[44.662s] [100%] Built target ros2_control_demo_hardware
[44.703s] Invoked command in '/home/diego/Workspaces/ros2_control_diffbot_ws/build/ros2_control_demo_hardware' returned '0': AMENT_PREFIX_PATH=/home/diego/Workspaces/ros2_control_diffbot_ws/install/hardware_interface:/home/diego/Workspaces/ros2_control_diffbot_ws/install/control_msgs:${AMENT_PREFIX_PATH} CMAKE_PREFIX_PATH=/home/diego/Workspaces/ros2_control_diffbot_ws/install/hardware_interface:/home/diego/Workspaces/ros2_control_diffbot_ws/install/control_msgs:/opt/ros/foxy LD_LIBRARY_PATH=/home/diego/Workspaces/ros2_control_diffbot_ws/install/hardware_interface/lib:/home/diego/Workspaces/ros2_control_diffbot_ws/install/control_msgs/lib:${LD_LIBRARY_PATH} PYTHONPATH=/home/diego/Workspaces/ros2_control_diffbot_ws/install/control_msgs/lib/python3.8/site-packages:${PYTHONPATH} /usr/bin/cmake --build /home/diego/Workspaces/ros2_control_diffbot_ws/build/ros2_control_demo_hardware -- -j2 -l2
[44.806s] Invoking command in '/home/diego/Workspaces/ros2_control_diffbot_ws/build/ros2_control_demo_hardware': AMENT_PREFIX_PATH=/home/diego/Workspaces/ros2_control_diffbot_ws/install/hardware_interface:/home/diego/Workspaces/ros2_control_diffbot_ws/install/control_msgs:${AMENT_PREFIX_PATH} CMAKE_PREFIX_PATH=/home/diego/Workspaces/ros2_control_diffbot_ws/install/hardware_interface:/home/diego/Workspaces/ros2_control_diffbot_ws/install/control_msgs:/opt/ros/foxy LD_LIBRARY_PATH=/home/diego/Workspaces/ros2_control_diffbot_ws/install/hardware_interface/lib:/home/diego/Workspaces/ros2_control_diffbot_ws/install/control_msgs/lib:${LD_LIBRARY_PATH} PYTHONPATH=/home/diego/Workspaces/ros2_control_diffbot_ws/install/control_msgs/lib/python3.8/site-packages:${PYTHONPATH} /usr/bin/cmake --install /home/diego/Workspaces/ros2_control_diffbot_ws/build/ros2_control_demo_hardware
[44.836s] -- Install configuration: ""
[44.838s] -- Execute custom install script
[44.839s] -- Symlinking: /home/diego/Workspaces/ros2_control_diffbot_ws/install/ros2_control_demo_hardware/share/ros2_control_demo_hardware//ros2_control_demo_hardware.xml
[44.871s] -- Symlinking: /home/diego/Workspaces/ros2_control_diffbot_ws/install/ros2_control_demo_hardware/lib/libros2_control_demo_hardware.so
[44.902s] -- Symlinking: /home/diego/Workspaces/ros2_control_diffbot_ws/install/ros2_control_demo_hardware/include/ros2_control_demo_hardware/diffbot_system.hpp
[44.931s] -- Symlinking: /home/diego/Workspaces/ros2_control_diffbot_ws/install/ros2_control_demo_hardware/include/ros2_control_demo_hardware/rrbot_system_multi_interface.hpp
[44.958s] -- Symlinking: /home/diego/Workspaces/ros2_control_diffbot_ws/install/ros2_control_demo_hardware/include/ros2_control_demo_hardware/rrbot_system_position_only.hpp
[44.987s] -- Symlinking: /home/diego/Workspaces/ros2_control_diffbot_ws/install/ros2_control_demo_hardware/include/ros2_control_demo_hardware/rrbot_system_with_sensor.hpp
[45.014s] -- Symlinking: /home/diego/Workspaces/ros2_control_diffbot_ws/install/ros2_control_demo_hardware/include/ros2_control_demo_hardware/visibility_control.h
[45.038s] -- Symlinking: /home/diego/Workspaces/ros2_control_diffbot_ws/install/ros2_control_demo_hardware/share/ros2_control_demo_hardware/environment/library_path.sh
[45.065s] -- Symlinking: /home/diego/Workspaces/ros2_control_diffbot_ws/install/ros2_control_demo_hardware/share/ros2_control_demo_hardware/environment/library_path.dsv
[45.091s] -- Symlinking: /home/diego/Workspaces/ros2_control_diffbot_ws/install/ros2_control_demo_hardware/share/ament_index/resource_index/package_run_dependencies/ros2_control_demo_hardware
[45.121s] -- Symlinking: /home/diego/Workspaces/ros2_control_diffbot_ws/install/ros2_control_demo_hardware/share/ament_index/resource_index/parent_prefix_path/ros2_control_demo_hardware
[45.145s] -- Symlinking: /home/diego/Workspaces/ros2_control_diffbot_ws/install/ros2_control_demo_hardware/share/ros2_control_demo_hardware/environment/ament_prefix_path.sh
[45.174s] -- Symlinking: /home/diego/Workspaces/ros2_control_diffbot_ws/install/ros2_control_demo_hardware/share/ros2_control_demo_hardware/environment/ament_prefix_path.dsv
[45.203s] -- Symlinking: /home/diego/Workspaces/ros2_control_diffbot_ws/install/ros2_control_demo_hardware/share/ros2_control_demo_hardware/environment/path.sh
[45.234s] -- Symlinking: /home/diego/Workspaces/ros2_control_diffbot_ws/install/ros2_control_demo_hardware/share/ros2_control_demo_hardware/environment/path.dsv
[45.264s] -- Symlinking: /home/diego/Workspaces/ros2_control_diffbot_ws/install/ros2_control_demo_hardware/share/ros2_control_demo_hardware/local_setup.bash
[45.293s] -- Symlinking: /home/diego/Workspaces/ros2_control_diffbot_ws/install/ros2_control_demo_hardware/share/ros2_control_demo_hardware/local_setup.sh
[45.322s] -- Symlinking: /home/diego/Workspaces/ros2_control_diffbot_ws/install/ros2_control_demo_hardware/share/ros2_control_demo_hardware/local_setup.zsh
[45.346s] -- Symlinking: /home/diego/Workspaces/ros2_control_diffbot_ws/install/ros2_control_demo_hardware/share/ros2_control_demo_hardware/local_setup.dsv
[45.376s] -- Symlinking: /home/diego/Workspaces/ros2_control_diffbot_ws/install/ros2_control_demo_hardware/share/ros2_control_demo_hardware/package.dsv
[45.402s] -- Symlinking: /home/diego/Workspaces/ros2_control_diffbot_ws/install/ros2_control_demo_hardware/share/ament_index/resource_index/packages/ros2_control_demo_hardware
[45.434s] -- Symlinking: /home/diego/Workspaces/ros2_control_diffbot_ws/install/ros2_control_demo_hardware/share/ament_index/resource_index/hardware_interface__pluginlib__plugin/ros2_control_demo_hardware
[45.460s] -- Symlinking: /home/diego/Workspaces/ros2_control_diffbot_ws/install/ros2_control_demo_hardware/share/ros2_control_demo_hardware/cmake/ament_cmake_export_include_directories-extras.cmake
[45.487s] -- Symlinking: /home/diego/Workspaces/ros2_control_diffbot_ws/install/ros2_control_demo_hardware/share/ros2_control_demo_hardware/cmake/ament_cmake_export_libraries-extras.cmake
[45.510s] -- Symlinking: /home/diego/Workspaces/ros2_control_diffbot_ws/install/ros2_control_demo_hardware/share/ros2_control_demo_hardware/cmake/ament_cmake_export_dependencies-extras.cmake
[45.537s] -- Symlinking: /home/diego/Workspaces/ros2_control_diffbot_ws/install/ros2_control_demo_hardware/share/ros2_control_demo_hardware/cmake/ros2_control_demo_hardwareConfig.cmake
[45.568s] -- Symlinking: /home/diego/Workspaces/ros2_control_diffbot_ws/install/ros2_control_demo_hardware/share/ros2_control_demo_hardware/cmake/ros2_control_demo_hardwareConfig-version.cmake
[45.597s] -- Symlinking: /home/diego/Workspaces/ros2_control_diffbot_ws/install/ros2_control_demo_hardware/share/ros2_control_demo_hardware/package.xml
[45.635s] Invoked command in '/home/diego/Workspaces/ros2_control_diffbot_ws/build/ros2_control_demo_hardware' returned '0': AMENT_PREFIX_PATH=/home/diego/Workspaces/ros2_control_diffbot_ws/install/hardware_interface:/home/diego/Workspaces/ros2_control_diffbot_ws/install/control_msgs:${AMENT_PREFIX_PATH} CMAKE_PREFIX_PATH=/home/diego/Workspaces/ros2_control_diffbot_ws/install/hardware_interface:/home/diego/Workspaces/ros2_control_diffbot_ws/install/control_msgs:/opt/ros/foxy LD_LIBRARY_PATH=/home/diego/Workspaces/ros2_control_diffbot_ws/install/hardware_interface/lib:/home/diego/Workspaces/ros2_control_diffbot_ws/install/control_msgs/lib:${LD_LIBRARY_PATH} PYTHONPATH=/home/diego/Workspaces/ros2_control_diffbot_ws/install/control_msgs/lib/python3.8/site-packages:${PYTHONPATH} /usr/bin/cmake --install /home/diego/Workspaces/ros2_control_diffbot_ws/build/ros2_control_demo_hardware
