[0.082s] Invoking command in '/home/diego/Workspaces/ros2_control_diffbot_ws/src/build/force_torque_sensor_broadcaster': AMENT_PREFIX_PATH=/home/diego/Workspaces/ros2_control_diffbot_ws/src/install/controller_manager:/home/diego/Workspaces/ros2_control_diffbot_ws/src/install/controller_interface:/home/diego/Workspaces/ros2_control_diffbot_ws/src/install/hardware_interface:/home/diego/Workspaces/ros2_control_diffbot_ws/src/install/ros2_control_test_assets:/home/diego/Workspaces/ros2_control_diffbot_ws/src/install/realtime_tools:/home/diego/Workspaces/ros2_control_diffbot_ws/src/install/controller_manager_msgs:/home/diego/Workspaces/ros2_control_diffbot_ws/src/install/control_msgs:${AMENT_PREFIX_PATH} CMAKE_PREFIX_PATH=/home/diego/Workspaces/ros2_control_diffbot_ws/src/install/controller_manager:/home/diego/Workspaces/ros2_control_diffbot_ws/src/install/controller_interface:/home/diego/Workspaces/ros2_control_diffbot_ws/src/install/hardware_interface:/home/diego/Workspaces/ros2_control_diffbot_ws/src/install/ros2_control_test_assets:/home/diego/Workspaces/ros2_control_diffbot_ws/src/install/realtime_tools:/home/diego/Workspaces/ros2_control_diffbot_ws/src/install/controller_manager_msgs:/home/diego/Workspaces/ros2_control_diffbot_ws/src/install/control_msgs:/opt/ros/foxy LD_LIBRARY_PATH=/home/diego/Workspaces/ros2_control_diffbot_ws/src/install/controller_manager/lib:/home/diego/Workspaces/ros2_control_diffbot_ws/src/install/controller_interface/lib:/home/diego/Workspaces/ros2_control_diffbot_ws/src/install/hardware_interface/lib:/home/diego/Workspaces/ros2_control_diffbot_ws/src/install/realtime_tools/lib:/home/diego/Workspaces/ros2_control_diffbot_ws/src/install/controller_manager_msgs/lib:/home/diego/Workspaces/ros2_control_diffbot_ws/src/install/control_msgs/lib:${LD_LIBRARY_PATH} PYTHONPATH=/home/diego/Workspaces/ros2_control_diffbot_ws/src/install/controller_manager/lib/python3.8/site-packages:/home/diego/Workspaces/ros2_control_diffbot_ws/src/install/controller_manager_msgs/lib/python3.8/site-packages:/home/diego/Workspaces/ros2_control_diffbot_ws/src/install/control_msgs/lib/python3.8/site-packages:${PYTHONPATH} /usr/bin/cmake /home/diego/Workspaces/ros2_control_diffbot_ws/src/ros2_controllers/force_torque_sensor_broadcaster -DCMAKE_INSTALL_PREFIX=/home/diego/Workspaces/ros2_control_diffbot_ws/src/install/force_torque_sensor_broadcaster
[0.271s] -- The C compiler identification is GNU 9.4.0
[0.432s] -- The CXX compiler identification is GNU 9.4.0
[0.449s] -- Check for working C compiler: /usr/bin/cc
[0.638s] -- Check for working C compiler: /usr/bin/cc -- works
[0.642s] -- Detecting C compiler ABI info
[0.843s] -- Detecting C compiler ABI info - done
[0.878s] -- Detecting C compile features
[0.879s] -- Detecting C compile features - done
[0.885s] -- Check for working CXX compiler: /usr/bin/c++
[1.121s] -- Check for working CXX compiler: /usr/bin/c++ -- works
[1.125s] -- Detecting CXX compiler ABI info
[1.369s] -- Detecting CXX compiler ABI info - done
[1.404s] -- Detecting CXX compile features
[1.406s] -- Detecting CXX compile features - done
[1.413s] -- Found ament_cmake: 0.9.9 (/opt/ros/foxy/share/ament_cmake/cmake)
[1.482s] -- Found PythonInterp: /usr/bin/python3 (found suitable version "3.8.10", minimum required is "3") 
[1.483s] -- Using PYTHON_EXECUTABLE: /usr/bin/python3
[2.171s] -- Found controller_interface: 0.10.1 (/home/diego/Workspaces/ros2_control_diffbot_ws/src/install/controller_interface/share/controller_interface/cmake)
[2.267s] -- Using all available rosidl_typesupport_c: rosidl_typesupport_fastrtps_c;rosidl_typesupport_introspection_c
[2.297s] -- Found rosidl_adapter: 1.2.1 (/opt/ros/foxy/share/rosidl_adapter/cmake)
[2.536s] -- Found OpenSSL: /usr/lib/x86_64-linux-gnu/libcrypto.so (found version "1.1.1f")  
[2.616s] -- Found FastRTPS: /opt/ros/foxy/include  
[2.844s] -- Using all available rosidl_typesupport_cpp: rosidl_typesupport_fastrtps_cpp;rosidl_typesupport_introspection_cpp
[4.517s] -- Found rmw_implementation_cmake: 1.0.3 (/opt/ros/foxy/share/rmw_implementation_cmake/cmake)
[4.522s] -- Using RMW implementation 'rmw_fastrtps_cpp' as default
[4.525s] -- Looking for pthread.h
[4.739s] -- Looking for pthread.h - found
[4.740s] -- Performing Test CMAKE_HAVE_LIBC_PTHREAD
[4.946s] -- Performing Test CMAKE_HAVE_LIBC_PTHREAD - Failed
[4.946s] -- Looking for pthread_create in pthreads
[5.099s] -- Looking for pthread_create in pthreads - not found
[5.101s] -- Looking for pthread_create in pthread
[5.304s] -- Looking for pthread_create in pthread - found
[5.308s] -- Found Threads: TRUE  
[6.126s] -- Found realtime_tools: 2.2.0 (/home/diego/Workspaces/ros2_control_diffbot_ws/src/install/realtime_tools/share/realtime_tools/cmake)
[6.414s] -- Found ament_cmake_gmock: 0.9.9 (/opt/ros/foxy/share/ament_cmake_gmock/cmake)
[6.417s] -- Found controller_manager: 0.10.1 (/home/diego/Workspaces/ros2_control_diffbot_ws/src/install/controller_manager/share/controller_manager/cmake)
[6.615s] -- Found ros2_control_test_assets: 0.10.1 (/home/diego/Workspaces/ros2_control_diffbot_ws/src/install/ros2_control_test_assets/share/ros2_control_test_assets/cmake)
[6.625s] -- Found gmock sources under '/opt/ros/foxy/src/gmock_vendor': C++ tests using 'Google Mock' will be built
[6.642s] -- Found ament_cmake_gtest: 0.9.9 (/opt/ros/foxy/share/ament_cmake_gtest/cmake)
[6.647s] -- Found gtest sources under '/opt/ros/foxy/src/gtest_vendor': C++ tests using 'Google Test' will be built
[7.509s] -- Configuring done
[7.758s] -- Generating done
[7.772s] -- Build files have been written to: /home/diego/Workspaces/ros2_control_diffbot_ws/src/build/force_torque_sensor_broadcaster
[7.816s] Invoked command in '/home/diego/Workspaces/ros2_control_diffbot_ws/src/build/force_torque_sensor_broadcaster' returned '0': AMENT_PREFIX_PATH=/home/diego/Workspaces/ros2_control_diffbot_ws/src/install/controller_manager:/home/diego/Workspaces/ros2_control_diffbot_ws/src/install/controller_interface:/home/diego/Workspaces/ros2_control_diffbot_ws/src/install/hardware_interface:/home/diego/Workspaces/ros2_control_diffbot_ws/src/install/ros2_control_test_assets:/home/diego/Workspaces/ros2_control_diffbot_ws/src/install/realtime_tools:/home/diego/Workspaces/ros2_control_diffbot_ws/src/install/controller_manager_msgs:/home/diego/Workspaces/ros2_control_diffbot_ws/src/install/control_msgs:${AMENT_PREFIX_PATH} CMAKE_PREFIX_PATH=/home/diego/Workspaces/ros2_control_diffbot_ws/src/install/controller_manager:/home/diego/Workspaces/ros2_control_diffbot_ws/src/install/controller_interface:/home/diego/Workspaces/ros2_control_diffbot_ws/src/install/hardware_interface:/home/diego/Workspaces/ros2_control_diffbot_ws/src/install/ros2_control_test_assets:/home/diego/Workspaces/ros2_control_diffbot_ws/src/install/realtime_tools:/home/diego/Workspaces/ros2_control_diffbot_ws/src/install/controller_manager_msgs:/home/diego/Workspaces/ros2_control_diffbot_ws/src/install/control_msgs:/opt/ros/foxy LD_LIBRARY_PATH=/home/diego/Workspaces/ros2_control_diffbot_ws/src/install/controller_manager/lib:/home/diego/Workspaces/ros2_control_diffbot_ws/src/install/controller_interface/lib:/home/diego/Workspaces/ros2_control_diffbot_ws/src/install/hardware_interface/lib:/home/diego/Workspaces/ros2_control_diffbot_ws/src/install/realtime_tools/lib:/home/diego/Workspaces/ros2_control_diffbot_ws/src/install/controller_manager_msgs/lib:/home/diego/Workspaces/ros2_control_diffbot_ws/src/install/control_msgs/lib:${LD_LIBRARY_PATH} PYTHONPATH=/home/diego/Workspaces/ros2_control_diffbot_ws/src/install/controller_manager/lib/python3.8/site-packages:/home/diego/Workspaces/ros2_control_diffbot_ws/src/install/controller_manager_msgs/lib/python3.8/site-packages:/home/diego/Workspaces/ros2_control_diffbot_ws/src/install/control_msgs/lib/python3.8/site-packages:${PYTHONPATH} /usr/bin/cmake /home/diego/Workspaces/ros2_control_diffbot_ws/src/ros2_controllers/force_torque_sensor_broadcaster -DCMAKE_INSTALL_PREFIX=/home/diego/Workspaces/ros2_control_diffbot_ws/src/install/force_torque_sensor_broadcaster
[7.819s] Invoking command in '/home/diego/Workspaces/ros2_control_diffbot_ws/src/build/force_torque_sensor_broadcaster': AMENT_PREFIX_PATH=/home/diego/Workspaces/ros2_control_diffbot_ws/src/install/controller_manager:/home/diego/Workspaces/ros2_control_diffbot_ws/src/install/controller_interface:/home/diego/Workspaces/ros2_control_diffbot_ws/src/install/hardware_interface:/home/diego/Workspaces/ros2_control_diffbot_ws/src/install/ros2_control_test_assets:/home/diego/Workspaces/ros2_control_diffbot_ws/src/install/realtime_tools:/home/diego/Workspaces/ros2_control_diffbot_ws/src/install/controller_manager_msgs:/home/diego/Workspaces/ros2_control_diffbot_ws/src/install/control_msgs:${AMENT_PREFIX_PATH} CMAKE_PREFIX_PATH=/home/diego/Workspaces/ros2_control_diffbot_ws/src/install/controller_manager:/home/diego/Workspaces/ros2_control_diffbot_ws/src/install/controller_interface:/home/diego/Workspaces/ros2_control_diffbot_ws/src/install/hardware_interface:/home/diego/Workspaces/ros2_control_diffbot_ws/src/install/ros2_control_test_assets:/home/diego/Workspaces/ros2_control_diffbot_ws/src/install/realtime_tools:/home/diego/Workspaces/ros2_control_diffbot_ws/src/install/controller_manager_msgs:/home/diego/Workspaces/ros2_control_diffbot_ws/src/install/control_msgs:/opt/ros/foxy LD_LIBRARY_PATH=/home/diego/Workspaces/ros2_control_diffbot_ws/src/install/controller_manager/lib:/home/diego/Workspaces/ros2_control_diffbot_ws/src/install/controller_interface/lib:/home/diego/Workspaces/ros2_control_diffbot_ws/src/install/hardware_interface/lib:/home/diego/Workspaces/ros2_control_diffbot_ws/src/install/realtime_tools/lib:/home/diego/Workspaces/ros2_control_diffbot_ws/src/install/controller_manager_msgs/lib:/home/diego/Workspaces/ros2_control_diffbot_ws/src/install/control_msgs/lib:${LD_LIBRARY_PATH} PYTHONPATH=/home/diego/Workspaces/ros2_control_diffbot_ws/src/install/controller_manager/lib/python3.8/site-packages:/home/diego/Workspaces/ros2_control_diffbot_ws/src/install/controller_manager_msgs/lib/python3.8/site-packages:/home/diego/Workspaces/ros2_control_diffbot_ws/src/install/control_msgs/lib/python3.8/site-packages:${PYTHONPATH} /usr/bin/cmake --build /home/diego/Workspaces/ros2_control_diffbot_ws/src/build/force_torque_sensor_broadcaster -- -j2 -l2
[7.921s] [35m[1mScanning dependencies of target gmock[0m
[7.983s] [  9%] [32mBuilding CXX object gmock/CMakeFiles/gmock.dir/opt/ros/foxy/src/gtest_vendor/src/gtest-all.cc.o[0m
[17.577s] [ 18%] [32mBuilding CXX object gmock/CMakeFiles/gmock.dir/src/gmock-all.cc.o[0m
[22.826s] [ 27%] [32m[1mLinking CXX static library libgmock.a[0m
[22.985s] [ 27%] Built target gmock
[23.012s] [35m[1mScanning dependencies of target force_torque_sensor_broadcaster[0m
[23.129s] [ 36%] [32mBuilding CXX object CMakeFiles/force_torque_sensor_broadcaster.dir/src/force_torque_sensor_broadcaster.cpp.o[0m
[33.806s] [ 45%] [32m[1mLinking CXX shared library libforce_torque_sensor_broadcaster.so[0m
[34.655s] [ 45%] Built target force_torque_sensor_broadcaster
[34.685s] [35m[1mScanning dependencies of target gmock_main[0m
[34.728s] [ 54%] [32mBuilding CXX object gmock/CMakeFiles/gmock_main.dir/src/gmock_main.cc.o[0m
[37.525s] [ 63%] [32m[1mLinking CXX static library libgmock_main.a[0m
[37.608s] [ 63%] Built target gmock_main
[37.642s] [35m[1mScanning dependencies of target test_force_torque_sensor_broadcaster[0m
[37.763s] [ 72%] [32mBuilding CXX object CMakeFiles/test_force_torque_sensor_broadcaster.dir/test/test_force_torque_sensor_broadcaster.cpp.o[0m
[61.721s] [ 81%] [32m[1mLinking CXX executable test_force_torque_sensor_broadcaster[0m
[63.913s] [ 81%] Built target test_force_torque_sensor_broadcaster
[63.942s] [35m[1mScanning dependencies of target test_load_force_torque_sensor_broadcaster[0m
[64.084s] [ 90%] [32mBuilding CXX object CMakeFiles/test_load_force_torque_sensor_broadcaster.dir/test/test_load_force_torque_sensor_broadcaster.cpp.o[0m
[74.567s] [100%] [32m[1mLinking CXX executable test_load_force_torque_sensor_broadcaster[0m
[78.235s] [100%] Built target test_load_force_torque_sensor_broadcaster
[78.292s] Invoked command in '/home/diego/Workspaces/ros2_control_diffbot_ws/src/build/force_torque_sensor_broadcaster' returned '0': AMENT_PREFIX_PATH=/home/diego/Workspaces/ros2_control_diffbot_ws/src/install/controller_manager:/home/diego/Workspaces/ros2_control_diffbot_ws/src/install/controller_interface:/home/diego/Workspaces/ros2_control_diffbot_ws/src/install/hardware_interface:/home/diego/Workspaces/ros2_control_diffbot_ws/src/install/ros2_control_test_assets:/home/diego/Workspaces/ros2_control_diffbot_ws/src/install/realtime_tools:/home/diego/Workspaces/ros2_control_diffbot_ws/src/install/controller_manager_msgs:/home/diego/Workspaces/ros2_control_diffbot_ws/src/install/control_msgs:${AMENT_PREFIX_PATH} CMAKE_PREFIX_PATH=/home/diego/Workspaces/ros2_control_diffbot_ws/src/install/controller_manager:/home/diego/Workspaces/ros2_control_diffbot_ws/src/install/controller_interface:/home/diego/Workspaces/ros2_control_diffbot_ws/src/install/hardware_interface:/home/diego/Workspaces/ros2_control_diffbot_ws/src/install/ros2_control_test_assets:/home/diego/Workspaces/ros2_control_diffbot_ws/src/install/realtime_tools:/home/diego/Workspaces/ros2_control_diffbot_ws/src/install/controller_manager_msgs:/home/diego/Workspaces/ros2_control_diffbot_ws/src/install/control_msgs:/opt/ros/foxy LD_LIBRARY_PATH=/home/diego/Workspaces/ros2_control_diffbot_ws/src/install/controller_manager/lib:/home/diego/Workspaces/ros2_control_diffbot_ws/src/install/controller_interface/lib:/home/diego/Workspaces/ros2_control_diffbot_ws/src/install/hardware_interface/lib:/home/diego/Workspaces/ros2_control_diffbot_ws/src/install/realtime_tools/lib:/home/diego/Workspaces/ros2_control_diffbot_ws/src/install/controller_manager_msgs/lib:/home/diego/Workspaces/ros2_control_diffbot_ws/src/install/control_msgs/lib:${LD_LIBRARY_PATH} PYTHONPATH=/home/diego/Workspaces/ros2_control_diffbot_ws/src/install/controller_manager/lib/python3.8/site-packages:/home/diego/Workspaces/ros2_control_diffbot_ws/src/install/controller_manager_msgs/lib/python3.8/site-packages:/home/diego/Workspaces/ros2_control_diffbot_ws/src/install/control_msgs/lib/python3.8/site-packages:${PYTHONPATH} /usr/bin/cmake --build /home/diego/Workspaces/ros2_control_diffbot_ws/src/build/force_torque_sensor_broadcaster -- -j2 -l2
[78.481s] Invoking command in '/home/diego/Workspaces/ros2_control_diffbot_ws/src/build/force_torque_sensor_broadcaster': AMENT_PREFIX_PATH=/home/diego/Workspaces/ros2_control_diffbot_ws/src/install/controller_manager:/home/diego/Workspaces/ros2_control_diffbot_ws/src/install/controller_interface:/home/diego/Workspaces/ros2_control_diffbot_ws/src/install/hardware_interface:/home/diego/Workspaces/ros2_control_diffbot_ws/src/install/ros2_control_test_assets:/home/diego/Workspaces/ros2_control_diffbot_ws/src/install/realtime_tools:/home/diego/Workspaces/ros2_control_diffbot_ws/src/install/controller_manager_msgs:/home/diego/Workspaces/ros2_control_diffbot_ws/src/install/control_msgs:${AMENT_PREFIX_PATH} CMAKE_PREFIX_PATH=/home/diego/Workspaces/ros2_control_diffbot_ws/src/install/controller_manager:/home/diego/Workspaces/ros2_control_diffbot_ws/src/install/controller_interface:/home/diego/Workspaces/ros2_control_diffbot_ws/src/install/hardware_interface:/home/diego/Workspaces/ros2_control_diffbot_ws/src/install/ros2_control_test_assets:/home/diego/Workspaces/ros2_control_diffbot_ws/src/install/realtime_tools:/home/diego/Workspaces/ros2_control_diffbot_ws/src/install/controller_manager_msgs:/home/diego/Workspaces/ros2_control_diffbot_ws/src/install/control_msgs:/opt/ros/foxy LD_LIBRARY_PATH=/home/diego/Workspaces/ros2_control_diffbot_ws/src/install/controller_manager/lib:/home/diego/Workspaces/ros2_control_diffbot_ws/src/install/controller_interface/lib:/home/diego/Workspaces/ros2_control_diffbot_ws/src/install/hardware_interface/lib:/home/diego/Workspaces/ros2_control_diffbot_ws/src/install/realtime_tools/lib:/home/diego/Workspaces/ros2_control_diffbot_ws/src/install/controller_manager_msgs/lib:/home/diego/Workspaces/ros2_control_diffbot_ws/src/install/control_msgs/lib:${LD_LIBRARY_PATH} PYTHONPATH=/home/diego/Workspaces/ros2_control_diffbot_ws/src/install/controller_manager/lib/python3.8/site-packages:/home/diego/Workspaces/ros2_control_diffbot_ws/src/install/controller_manager_msgs/lib/python3.8/site-packages:/home/diego/Workspaces/ros2_control_diffbot_ws/src/install/control_msgs/lib/python3.8/site-packages:${PYTHONPATH} /usr/bin/cmake --install /home/diego/Workspaces/ros2_control_diffbot_ws/src/build/force_torque_sensor_broadcaster
[78.506s] -- Install configuration: ""
[78.507s] -- Installing: /home/diego/Workspaces/ros2_control_diffbot_ws/src/install/force_torque_sensor_broadcaster/share/force_torque_sensor_broadcaster/force_torque_sensor_broadcaster.xml
[78.518s] -- Installing: /home/diego/Workspaces/ros2_control_diffbot_ws/src/install/force_torque_sensor_broadcaster/lib/libforce_torque_sensor_broadcaster.so
[78.532s] -- Set runtime path of "/home/diego/Workspaces/ros2_control_diffbot_ws/src/install/force_torque_sensor_broadcaster/lib/libforce_torque_sensor_broadcaster.so" to ""
[78.534s] -- Installing: /home/diego/Workspaces/ros2_control_diffbot_ws/src/install/force_torque_sensor_broadcaster/include
[78.544s] -- Installing: /home/diego/Workspaces/ros2_control_diffbot_ws/src/install/force_torque_sensor_broadcaster/include/force_torque_sensor_broadcaster
[78.545s] -- Installing: /home/diego/Workspaces/ros2_control_diffbot_ws/src/install/force_torque_sensor_broadcaster/include/force_torque_sensor_broadcaster/force_torque_sensor_broadcaster.hpp
[78.545s] -- Installing: /home/diego/Workspaces/ros2_control_diffbot_ws/src/install/force_torque_sensor_broadcaster/include/force_torque_sensor_broadcaster/visibility_control.h
[78.545s] -- Installing: /home/diego/Workspaces/ros2_control_diffbot_ws/src/install/force_torque_sensor_broadcaster/share/force_torque_sensor_broadcaster/environment/library_path.sh
[78.545s] -- Installing: /home/diego/Workspaces/ros2_control_diffbot_ws/src/install/force_torque_sensor_broadcaster/share/force_torque_sensor_broadcaster/environment/library_path.dsv
[78.546s] -- Installing: /home/diego/Workspaces/ros2_control_diffbot_ws/src/install/force_torque_sensor_broadcaster/share/ament_index/resource_index/package_run_dependencies/force_torque_sensor_broadcaster
[78.546s] -- Installing: /home/diego/Workspaces/ros2_control_diffbot_ws/src/install/force_torque_sensor_broadcaster/share/ament_index/resource_index/parent_prefix_path/force_torque_sensor_broadcaster
[78.546s] -- Installing: /home/diego/Workspaces/ros2_control_diffbot_ws/src/install/force_torque_sensor_broadcaster/share/force_torque_sensor_broadcaster/environment/ament_prefix_path.sh
[78.546s] -- Installing: /home/diego/Workspaces/ros2_control_diffbot_ws/src/install/force_torque_sensor_broadcaster/share/force_torque_sensor_broadcaster/environment/ament_prefix_path.dsv
[78.547s] -- Installing: /home/diego/Workspaces/ros2_control_diffbot_ws/src/install/force_torque_sensor_broadcaster/share/force_torque_sensor_broadcaster/environment/path.sh
[78.547s] -- Installing: /home/diego/Workspaces/ros2_control_diffbot_ws/src/install/force_torque_sensor_broadcaster/share/force_torque_sensor_broadcaster/environment/path.dsv
[78.547s] -- Installing: /home/diego/Workspaces/ros2_control_diffbot_ws/src/install/force_torque_sensor_broadcaster/share/force_torque_sensor_broadcaster/local_setup.bash
[78.547s] -- Installing: /home/diego/Workspaces/ros2_control_diffbot_ws/src/install/force_torque_sensor_broadcaster/share/force_torque_sensor_broadcaster/local_setup.sh
[78.548s] -- Installing: /home/diego/Workspaces/ros2_control_diffbot_ws/src/install/force_torque_sensor_broadcaster/share/force_torque_sensor_broadcaster/local_setup.zsh
[78.548s] -- Installing: /home/diego/Workspaces/ros2_control_diffbot_ws/src/install/force_torque_sensor_broadcaster/share/force_torque_sensor_broadcaster/local_setup.dsv
[78.548s] -- Installing: /home/diego/Workspaces/ros2_control_diffbot_ws/src/install/force_torque_sensor_broadcaster/share/force_torque_sensor_broadcaster/package.dsv
[78.548s] -- Installing: /home/diego/Workspaces/ros2_control_diffbot_ws/src/install/force_torque_sensor_broadcaster/share/ament_index/resource_index/packages/force_torque_sensor_broadcaster
[78.548s] -- Installing: /home/diego/Workspaces/ros2_control_diffbot_ws/src/install/force_torque_sensor_broadcaster/share/ament_index/resource_index/controller_interface__pluginlib__plugin/force_torque_sensor_broadcaster
[78.548s] -- Installing: /home/diego/Workspaces/ros2_control_diffbot_ws/src/install/force_torque_sensor_broadcaster/share/force_torque_sensor_broadcaster/cmake/ament_cmake_export_include_directories-extras.cmake
[78.548s] -- Installing: /home/diego/Workspaces/ros2_control_diffbot_ws/src/install/force_torque_sensor_broadcaster/share/force_torque_sensor_broadcaster/cmake/ament_cmake_export_libraries-extras.cmake
[78.549s] -- Installing: /home/diego/Workspaces/ros2_control_diffbot_ws/src/install/force_torque_sensor_broadcaster/share/force_torque_sensor_broadcaster/cmake/ament_cmake_export_dependencies-extras.cmake
[78.549s] -- Installing: /home/diego/Workspaces/ros2_control_diffbot_ws/src/install/force_torque_sensor_broadcaster/share/force_torque_sensor_broadcaster/cmake/force_torque_sensor_broadcasterConfig.cmake
[78.549s] -- Installing: /home/diego/Workspaces/ros2_control_diffbot_ws/src/install/force_torque_sensor_broadcaster/share/force_torque_sensor_broadcaster/cmake/force_torque_sensor_broadcasterConfig-version.cmake
[78.549s] -- Installing: /home/diego/Workspaces/ros2_control_diffbot_ws/src/install/force_torque_sensor_broadcaster/share/force_torque_sensor_broadcaster/package.xml
[78.568s] Invoked command in '/home/diego/Workspaces/ros2_control_diffbot_ws/src/build/force_torque_sensor_broadcaster' returned '0': AMENT_PREFIX_PATH=/home/diego/Workspaces/ros2_control_diffbot_ws/src/install/controller_manager:/home/diego/Workspaces/ros2_control_diffbot_ws/src/install/controller_interface:/home/diego/Workspaces/ros2_control_diffbot_ws/src/install/hardware_interface:/home/diego/Workspaces/ros2_control_diffbot_ws/src/install/ros2_control_test_assets:/home/diego/Workspaces/ros2_control_diffbot_ws/src/install/realtime_tools:/home/diego/Workspaces/ros2_control_diffbot_ws/src/install/controller_manager_msgs:/home/diego/Workspaces/ros2_control_diffbot_ws/src/install/control_msgs:${AMENT_PREFIX_PATH} CMAKE_PREFIX_PATH=/home/diego/Workspaces/ros2_control_diffbot_ws/src/install/controller_manager:/home/diego/Workspaces/ros2_control_diffbot_ws/src/install/controller_interface:/home/diego/Workspaces/ros2_control_diffbot_ws/src/install/hardware_interface:/home/diego/Workspaces/ros2_control_diffbot_ws/src/install/ros2_control_test_assets:/home/diego/Workspaces/ros2_control_diffbot_ws/src/install/realtime_tools:/home/diego/Workspaces/ros2_control_diffbot_ws/src/install/controller_manager_msgs:/home/diego/Workspaces/ros2_control_diffbot_ws/src/install/control_msgs:/opt/ros/foxy LD_LIBRARY_PATH=/home/diego/Workspaces/ros2_control_diffbot_ws/src/install/controller_manager/lib:/home/diego/Workspaces/ros2_control_diffbot_ws/src/install/controller_interface/lib:/home/diego/Workspaces/ros2_control_diffbot_ws/src/install/hardware_interface/lib:/home/diego/Workspaces/ros2_control_diffbot_ws/src/install/realtime_tools/lib:/home/diego/Workspaces/ros2_control_diffbot_ws/src/install/controller_manager_msgs/lib:/home/diego/Workspaces/ros2_control_diffbot_ws/src/install/control_msgs/lib:${LD_LIBRARY_PATH} PYTHONPATH=/home/diego/Workspaces/ros2_control_diffbot_ws/src/install/controller_manager/lib/python3.8/site-packages:/home/diego/Workspaces/ros2_control_diffbot_ws/src/install/controller_manager_msgs/lib/python3.8/site-packages:/home/diego/Workspaces/ros2_control_diffbot_ws/src/install/control_msgs/lib/python3.8/site-packages:${PYTHONPATH} /usr/bin/cmake --install /home/diego/Workspaces/ros2_control_diffbot_ws/src/build/force_torque_sensor_broadcaster
