[0.146s] Invoking command in '/home/diego/Workspaces/ros2_control_diffbot_ws/build/transmission_interface': AMENT_PREFIX_PATH=/home/diego/Workspaces/ros2_control_diffbot_ws/install/hardware_interface:/home/diego/Workspaces/ros2_control_diffbot_ws/install/control_msgs:${AMENT_PREFIX_PATH} CMAKE_PREFIX_PATH=/home/diego/Workspaces/ros2_control_diffbot_ws/install/hardware_interface:/home/diego/Workspaces/ros2_control_diffbot_ws/install/control_msgs:/opt/ros/foxy LD_LIBRARY_PATH=/home/diego/Workspaces/ros2_control_diffbot_ws/install/hardware_interface/lib:/home/diego/Workspaces/ros2_control_diffbot_ws/install/control_msgs/lib:${LD_LIBRARY_PATH} PYTHONPATH=/home/diego/Workspaces/ros2_control_diffbot_ws/install/control_msgs/lib/python3.8/site-packages:${PYTHONPATH} /usr/bin/cmake --build /home/diego/Workspaces/ros2_control_diffbot_ws/build/transmission_interface -- -j2 -l2
[0.338s] [ 27%] Built target gmock
[0.358s] [ 45%] Built target gmock_main
[0.434s] [ 63%] Built target test_four_bar_linkage_transmission
[0.492s] [ 81%] Built target test_differential_transmission
[0.516s] [100%] Built target test_simple_transmission
[0.547s] Invoked command in '/home/diego/Workspaces/ros2_control_diffbot_ws/build/transmission_interface' returned '0': AMENT_PREFIX_PATH=/home/diego/Workspaces/ros2_control_diffbot_ws/install/hardware_interface:/home/diego/Workspaces/ros2_control_diffbot_ws/install/control_msgs:${AMENT_PREFIX_PATH} CMAKE_PREFIX_PATH=/home/diego/Workspaces/ros2_control_diffbot_ws/install/hardware_interface:/home/diego/Workspaces/ros2_control_diffbot_ws/install/control_msgs:/opt/ros/foxy LD_LIBRARY_PATH=/home/diego/Workspaces/ros2_control_diffbot_ws/install/hardware_interface/lib:/home/diego/Workspaces/ros2_control_diffbot_ws/install/control_msgs/lib:${LD_LIBRARY_PATH} PYTHONPATH=/home/diego/Workspaces/ros2_control_diffbot_ws/install/control_msgs/lib/python3.8/site-packages:${PYTHONPATH} /usr/bin/cmake --build /home/diego/Workspaces/ros2_control_diffbot_ws/build/transmission_interface -- -j2 -l2
[0.682s] Invoking command in '/home/diego/Workspaces/ros2_control_diffbot_ws/build/transmission_interface': AMENT_PREFIX_PATH=/home/diego/Workspaces/ros2_control_diffbot_ws/install/hardware_interface:/home/diego/Workspaces/ros2_control_diffbot_ws/install/control_msgs:${AMENT_PREFIX_PATH} CMAKE_PREFIX_PATH=/home/diego/Workspaces/ros2_control_diffbot_ws/install/hardware_interface:/home/diego/Workspaces/ros2_control_diffbot_ws/install/control_msgs:/opt/ros/foxy LD_LIBRARY_PATH=/home/diego/Workspaces/ros2_control_diffbot_ws/install/hardware_interface/lib:/home/diego/Workspaces/ros2_control_diffbot_ws/install/control_msgs/lib:${LD_LIBRARY_PATH} PYTHONPATH=/home/diego/Workspaces/ros2_control_diffbot_ws/install/control_msgs/lib/python3.8/site-packages:${PYTHONPATH} /usr/bin/cmake --install /home/diego/Workspaces/ros2_control_diffbot_ws/build/transmission_interface
[0.713s] -- Install configuration: ""
[0.715s] -- Execute custom install script
[0.719s] -- Up-to-date symlink: /home/diego/Workspaces/ros2_control_diffbot_ws/install/transmission_interface/include/transmission_interface/accessor.hpp
[0.721s] -- Up-to-date symlink: /home/diego/Workspaces/ros2_control_diffbot_ws/install/transmission_interface/include/transmission_interface/differential_transmission.hpp
[0.722s] -- Up-to-date symlink: /home/diego/Workspaces/ros2_control_diffbot_ws/install/transmission_interface/include/transmission_interface/exception.hpp
[0.724s] -- Up-to-date symlink: /home/diego/Workspaces/ros2_control_diffbot_ws/install/transmission_interface/include/transmission_interface/four_bar_linkage_transmission.hpp
[0.726s] -- Up-to-date symlink: /home/diego/Workspaces/ros2_control_diffbot_ws/install/transmission_interface/include/transmission_interface/handle.hpp
[0.728s] -- Up-to-date symlink: /home/diego/Workspaces/ros2_control_diffbot_ws/install/transmission_interface/include/transmission_interface/simple_transmission.hpp
[0.729s] -- Up-to-date symlink: /home/diego/Workspaces/ros2_control_diffbot_ws/install/transmission_interface/include/transmission_interface/transmission.hpp
[0.731s] -- Up-to-date symlink: /home/diego/Workspaces/ros2_control_diffbot_ws/install/transmission_interface/include/transmission_interface/transmission_parser.hpp
[0.733s] -- Up-to-date symlink: /home/diego/Workspaces/ros2_control_diffbot_ws/install/transmission_interface/include/transmission_interface/visibility_control.h
[0.735s] -- Up-to-date symlink: /home/diego/Workspaces/ros2_control_diffbot_ws/install/transmission_interface/share/ament_index/resource_index/package_run_dependencies/transmission_interface
[0.737s] -- Up-to-date symlink: /home/diego/Workspaces/ros2_control_diffbot_ws/install/transmission_interface/share/ament_index/resource_index/parent_prefix_path/transmission_interface
[0.738s] -- Up-to-date symlink: /home/diego/Workspaces/ros2_control_diffbot_ws/install/transmission_interface/share/transmission_interface/environment/ament_prefix_path.sh
[0.741s] -- Up-to-date symlink: /home/diego/Workspaces/ros2_control_diffbot_ws/install/transmission_interface/share/transmission_interface/environment/ament_prefix_path.dsv
[0.743s] -- Up-to-date symlink: /home/diego/Workspaces/ros2_control_diffbot_ws/install/transmission_interface/share/transmission_interface/environment/path.sh
[0.745s] -- Up-to-date symlink: /home/diego/Workspaces/ros2_control_diffbot_ws/install/transmission_interface/share/transmission_interface/environment/path.dsv
[0.747s] -- Up-to-date symlink: /home/diego/Workspaces/ros2_control_diffbot_ws/install/transmission_interface/share/transmission_interface/local_setup.bash
[0.749s] -- Up-to-date symlink: /home/diego/Workspaces/ros2_control_diffbot_ws/install/transmission_interface/share/transmission_interface/local_setup.sh
[0.752s] -- Up-to-date symlink: /home/diego/Workspaces/ros2_control_diffbot_ws/install/transmission_interface/share/transmission_interface/local_setup.zsh
[0.754s] -- Up-to-date symlink: /home/diego/Workspaces/ros2_control_diffbot_ws/install/transmission_interface/share/transmission_interface/local_setup.dsv
[0.755s] -- Symlinking: /home/diego/Workspaces/ros2_control_diffbot_ws/install/transmission_interface/share/transmission_interface/package.dsv
[0.790s] -- Up-to-date symlink: /home/diego/Workspaces/ros2_control_diffbot_ws/install/transmission_interface/share/ament_index/resource_index/packages/transmission_interface
[0.792s] -- Up-to-date symlink: /home/diego/Workspaces/ros2_control_diffbot_ws/install/transmission_interface/share/transmission_interface/cmake/ament_cmake_export_include_directories-extras.cmake
[0.793s] -- Up-to-date symlink: /home/diego/Workspaces/ros2_control_diffbot_ws/install/transmission_interface/share/transmission_interface/cmake/ament_cmake_export_dependencies-extras.cmake
[0.795s] -- Up-to-date symlink: /home/diego/Workspaces/ros2_control_diffbot_ws/install/transmission_interface/share/transmission_interface/cmake/transmission_interfaceConfig.cmake
[0.796s] -- Up-to-date symlink: /home/diego/Workspaces/ros2_control_diffbot_ws/install/transmission_interface/share/transmission_interface/cmake/transmission_interfaceConfig-version.cmake
[0.798s] -- Up-to-date symlink: /home/diego/Workspaces/ros2_control_diffbot_ws/install/transmission_interface/share/transmission_interface/package.xml
[0.813s] Invoked command in '/home/diego/Workspaces/ros2_control_diffbot_ws/build/transmission_interface' returned '0': AMENT_PREFIX_PATH=/home/diego/Workspaces/ros2_control_diffbot_ws/install/hardware_interface:/home/diego/Workspaces/ros2_control_diffbot_ws/install/control_msgs:${AMENT_PREFIX_PATH} CMAKE_PREFIX_PATH=/home/diego/Workspaces/ros2_control_diffbot_ws/install/hardware_interface:/home/diego/Workspaces/ros2_control_diffbot_ws/install/control_msgs:/opt/ros/foxy LD_LIBRARY_PATH=/home/diego/Workspaces/ros2_control_diffbot_ws/install/hardware_interface/lib:/home/diego/Workspaces/ros2_control_diffbot_ws/install/control_msgs/lib:${LD_LIBRARY_PATH} PYTHONPATH=/home/diego/Workspaces/ros2_control_diffbot_ws/install/control_msgs/lib/python3.8/site-packages:${PYTHONPATH} /usr/bin/cmake --install /home/diego/Workspaces/ros2_control_diffbot_ws/build/transmission_interface
