[0.102s] Invoking command in '/home/diego/Workspaces/ros2_control_diffbot_ws/build/transmission_interface': AMENT_PREFIX_PATH=/home/diego/Workspaces/ros2_control_diffbot_ws/install/hardware_interface:/home/diego/Workspaces/ros2_control_diffbot_ws/install/control_msgs:${AMENT_PREFIX_PATH} CMAKE_PREFIX_PATH=/home/diego/Workspaces/ros2_control_diffbot_ws/install/hardware_interface:/home/diego/Workspaces/ros2_control_diffbot_ws/install/control_msgs:/opt/ros/foxy LD_LIBRARY_PATH=/home/diego/Workspaces/ros2_control_diffbot_ws/install/hardware_interface/lib:/home/diego/Workspaces/ros2_control_diffbot_ws/install/control_msgs/lib:${LD_LIBRARY_PATH} PYTHONPATH=/home/diego/Workspaces/ros2_control_diffbot_ws/install/control_msgs/lib/python3.8/site-packages:${PYTHONPATH} /usr/bin/cmake --build /home/diego/Workspaces/ros2_control_diffbot_ws/build/transmission_interface -- -j2 -l2
[0.362s] [ 27%] Built target gmock
[0.371s] [ 45%] Built target gmock_main
[0.485s] [ 63%] Built target test_differential_transmission
[0.496s] [ 81%] Built target test_four_bar_linkage_transmission
[0.572s] [100%] Built target test_simple_transmission
[0.616s] Invoked command in '/home/diego/Workspaces/ros2_control_diffbot_ws/build/transmission_interface' returned '0': AMENT_PREFIX_PATH=/home/diego/Workspaces/ros2_control_diffbot_ws/install/hardware_interface:/home/diego/Workspaces/ros2_control_diffbot_ws/install/control_msgs:${AMENT_PREFIX_PATH} CMAKE_PREFIX_PATH=/home/diego/Workspaces/ros2_control_diffbot_ws/install/hardware_interface:/home/diego/Workspaces/ros2_control_diffbot_ws/install/control_msgs:/opt/ros/foxy LD_LIBRARY_PATH=/home/diego/Workspaces/ros2_control_diffbot_ws/install/hardware_interface/lib:/home/diego/Workspaces/ros2_control_diffbot_ws/install/control_msgs/lib:${LD_LIBRARY_PATH} PYTHONPATH=/home/diego/Workspaces/ros2_control_diffbot_ws/install/control_msgs/lib/python3.8/site-packages:${PYTHONPATH} /usr/bin/cmake --build /home/diego/Workspaces/ros2_control_diffbot_ws/build/transmission_interface -- -j2 -l2
[0.770s] Invoking command in '/home/diego/Workspaces/ros2_control_diffbot_ws/build/transmission_interface': AMENT_PREFIX_PATH=/home/diego/Workspaces/ros2_control_diffbot_ws/install/hardware_interface:/home/diego/Workspaces/ros2_control_diffbot_ws/install/control_msgs:${AMENT_PREFIX_PATH} CMAKE_PREFIX_PATH=/home/diego/Workspaces/ros2_control_diffbot_ws/install/hardware_interface:/home/diego/Workspaces/ros2_control_diffbot_ws/install/control_msgs:/opt/ros/foxy LD_LIBRARY_PATH=/home/diego/Workspaces/ros2_control_diffbot_ws/install/hardware_interface/lib:/home/diego/Workspaces/ros2_control_diffbot_ws/install/control_msgs/lib:${LD_LIBRARY_PATH} PYTHONPATH=/home/diego/Workspaces/ros2_control_diffbot_ws/install/control_msgs/lib/python3.8/site-packages:${PYTHONPATH} /usr/bin/cmake --install /home/diego/Workspaces/ros2_control_diffbot_ws/build/transmission_interface
[0.801s] -- Install configuration: ""
[0.806s] -- Execute custom install script
[0.813s] -- Up-to-date symlink: /home/diego/Workspaces/ros2_control_diffbot_ws/install/transmission_interface/include/transmission_interface/accessor.hpp
[0.815s] -- Up-to-date symlink: /home/diego/Workspaces/ros2_control_diffbot_ws/install/transmission_interface/include/transmission_interface/differential_transmission.hpp
[0.816s] -- Up-to-date symlink: /home/diego/Workspaces/ros2_control_diffbot_ws/install/transmission_interface/include/transmission_interface/exception.hpp
[0.818s] -- Up-to-date symlink: /home/diego/Workspaces/ros2_control_diffbot_ws/install/transmission_interface/include/transmission_interface/four_bar_linkage_transmission.hpp
[0.821s] -- Up-to-date symlink: /home/diego/Workspaces/ros2_control_diffbot_ws/install/transmission_interface/include/transmission_interface/handle.hpp
[0.823s] -- Up-to-date symlink: /home/diego/Workspaces/ros2_control_diffbot_ws/install/transmission_interface/include/transmission_interface/simple_transmission.hpp
[0.830s] -- Up-to-date symlink: /home/diego/Workspaces/ros2_control_diffbot_ws/install/transmission_interface/include/transmission_interface/transmission.hpp
[0.839s] -- Up-to-date symlink: /home/diego/Workspaces/ros2_control_diffbot_ws/install/transmission_interface/include/transmission_interface/transmission_parser.hpp
[0.840s] -- Up-to-date symlink: /home/diego/Workspaces/ros2_control_diffbot_ws/install/transmission_interface/include/transmission_interface/visibility_control.h
[0.846s] -- Up-to-date symlink: /home/diego/Workspaces/ros2_control_diffbot_ws/install/transmission_interface/share/ament_index/resource_index/package_run_dependencies/transmission_interface
[0.849s] -- Up-to-date symlink: /home/diego/Workspaces/ros2_control_diffbot_ws/install/transmission_interface/share/ament_index/resource_index/parent_prefix_path/transmission_interface
[0.849s] -- Up-to-date symlink: /home/diego/Workspaces/ros2_control_diffbot_ws/install/transmission_interface/share/transmission_interface/environment/ament_prefix_path.sh
[0.850s] -- Up-to-date symlink: /home/diego/Workspaces/ros2_control_diffbot_ws/install/transmission_interface/share/transmission_interface/environment/ament_prefix_path.dsv
[0.851s] -- Up-to-date symlink: /home/diego/Workspaces/ros2_control_diffbot_ws/install/transmission_interface/share/transmission_interface/environment/path.sh
[0.853s] -- Up-to-date symlink: /home/diego/Workspaces/ros2_control_diffbot_ws/install/transmission_interface/share/transmission_interface/environment/path.dsv
[0.856s] -- Up-to-date symlink: /home/diego/Workspaces/ros2_control_diffbot_ws/install/transmission_interface/share/transmission_interface/local_setup.bash
[0.858s] -- Up-to-date symlink: /home/diego/Workspaces/ros2_control_diffbot_ws/install/transmission_interface/share/transmission_interface/local_setup.sh
[0.860s] -- Up-to-date symlink: /home/diego/Workspaces/ros2_control_diffbot_ws/install/transmission_interface/share/transmission_interface/local_setup.zsh
[0.866s] -- Up-to-date symlink: /home/diego/Workspaces/ros2_control_diffbot_ws/install/transmission_interface/share/transmission_interface/local_setup.dsv
[0.866s] -- Symlinking: /home/diego/Workspaces/ros2_control_diffbot_ws/install/transmission_interface/share/transmission_interface/package.dsv
[0.903s] -- Up-to-date symlink: /home/diego/Workspaces/ros2_control_diffbot_ws/install/transmission_interface/share/ament_index/resource_index/packages/transmission_interface
[0.905s] -- Up-to-date symlink: /home/diego/Workspaces/ros2_control_diffbot_ws/install/transmission_interface/share/transmission_interface/cmake/ament_cmake_export_include_directories-extras.cmake
[0.909s] -- Up-to-date symlink: /home/diego/Workspaces/ros2_control_diffbot_ws/install/transmission_interface/share/transmission_interface/cmake/ament_cmake_export_dependencies-extras.cmake
[0.912s] -- Up-to-date symlink: /home/diego/Workspaces/ros2_control_diffbot_ws/install/transmission_interface/share/transmission_interface/cmake/transmission_interfaceConfig.cmake
[0.914s] -- Up-to-date symlink: /home/diego/Workspaces/ros2_control_diffbot_ws/install/transmission_interface/share/transmission_interface/cmake/transmission_interfaceConfig-version.cmake
[0.919s] -- Up-to-date symlink: /home/diego/Workspaces/ros2_control_diffbot_ws/install/transmission_interface/share/transmission_interface/package.xml
[0.949s] Invoked command in '/home/diego/Workspaces/ros2_control_diffbot_ws/build/transmission_interface' returned '0': AMENT_PREFIX_PATH=/home/diego/Workspaces/ros2_control_diffbot_ws/install/hardware_interface:/home/diego/Workspaces/ros2_control_diffbot_ws/install/control_msgs:${AMENT_PREFIX_PATH} CMAKE_PREFIX_PATH=/home/diego/Workspaces/ros2_control_diffbot_ws/install/hardware_interface:/home/diego/Workspaces/ros2_control_diffbot_ws/install/control_msgs:/opt/ros/foxy LD_LIBRARY_PATH=/home/diego/Workspaces/ros2_control_diffbot_ws/install/hardware_interface/lib:/home/diego/Workspaces/ros2_control_diffbot_ws/install/control_msgs/lib:${LD_LIBRARY_PATH} PYTHONPATH=/home/diego/Workspaces/ros2_control_diffbot_ws/install/control_msgs/lib/python3.8/site-packages:${PYTHONPATH} /usr/bin/cmake --install /home/diego/Workspaces/ros2_control_diffbot_ws/build/transmission_interface
