[0.066s] Invoking command in '/home/diego/Workspaces/ros2_control_diffbot_ws/src/build/controller_manager_msgs': CMAKE_PREFIX_PATH=/opt/ros/foxy /usr/bin/cmake --build /home/diego/Workspaces/ros2_control_diffbot_ws/src/build/controller_manager_msgs -- -j2 -l2
[0.361s] [ 12%] Built target controller_manager_msgs__rosidl_generator_c
[0.375s] [ 12%] Built target controller_manager_msgs__cpp
[0.506s] [ 24%] Built target controller_manager_msgs__rosidl_typesupport_introspection_c
[0.523s] [ 36%] Built target controller_manager_msgs__rosidl_typesupport_c
[0.651s] [ 48%] Built target controller_manager_msgs__rosidl_typesupport_cpp
[0.667s] [ 60%] Built target controller_manager_msgs__rosidl_typesupport_introspection_cpp
[0.772s] [ 72%] Built target controller_manager_msgs__rosidl_typesupport_fastrtps_cpp
[0.922s] [ 84%] Built target controller_manager_msgs__rosidl_typesupport_fastrtps_c
[0.976s] [ 84%] Built target controller_manager_msgs
[1.045s] [ 85%] Built target controller_manager_msgs__py
[1.171s] [ 96%] Built target controller_manager_msgs__python
[1.282s] [ 97%] Built target controller_manager_msgs__rosidl_typesupport_c__pyext
[1.296s] [ 99%] Built target controller_manager_msgs__rosidl_typesupport_introspection_c__pyext
[1.435s] [100%] Built target controller_manager_msgs__rosidl_typesupport_fastrtps_c__pyext
[1.489s] Invoked command in '/home/diego/Workspaces/ros2_control_diffbot_ws/src/build/controller_manager_msgs' returned '0': CMAKE_PREFIX_PATH=/opt/ros/foxy /usr/bin/cmake --build /home/diego/Workspaces/ros2_control_diffbot_ws/src/build/controller_manager_msgs -- -j2 -l2
[2.428s] Invoking command in '/home/diego/Workspaces/ros2_control_diffbot_ws/src/build/controller_manager_msgs': CMAKE_PREFIX_PATH=/opt/ros/foxy /usr/bin/cmake --install /home/diego/Workspaces/ros2_control_diffbot_ws/src/build/controller_manager_msgs
[2.488s] -- Install configuration: ""
[2.493s] -- Up-to-date: /home/diego/Workspaces/ros2_control_diffbot_ws/src/install/controller_manager_msgs/share/ament_index/resource_index/rosidl_interfaces/controller_manager_msgs
[2.498s] -- Up-to-date: /home/diego/Workspaces/ros2_control_diffbot_ws/src/install/controller_manager_msgs/include/controller_manager_msgs
[2.499s] -- Up-to-date: /home/diego/Workspaces/ros2_control_diffbot_ws/src/install/controller_manager_msgs/include/controller_manager_msgs/srv
[2.502s] -- Up-to-date: /home/diego/Workspaces/ros2_control_diffbot_ws/src/install/controller_manager_msgs/include/controller_manager_msgs/srv/list_controller_types.h
[2.503s] -- Up-to-date: /home/diego/Workspaces/ros2_control_diffbot_ws/src/install/controller_manager_msgs/include/controller_manager_msgs/srv/list_controllers.h
[2.503s] -- Up-to-date: /home/diego/Workspaces/ros2_control_diffbot_ws/src/install/controller_manager_msgs/include/controller_manager_msgs/srv/load_controller.h
[2.504s] -- Up-to-date: /home/diego/Workspaces/ros2_control_diffbot_ws/src/install/controller_manager_msgs/include/controller_manager_msgs/srv/unload_controller.h
[2.508s] -- Up-to-date: /home/diego/Workspaces/ros2_control_diffbot_ws/src/install/controller_manager_msgs/include/controller_manager_msgs/srv/list_hardware_interfaces.h
[2.510s] -- Up-to-date: /home/diego/Workspaces/ros2_control_diffbot_ws/src/install/controller_manager_msgs/include/controller_manager_msgs/srv/load_start_controller.h
[2.511s] -- Up-to-date: /home/diego/Workspaces/ros2_control_diffbot_ws/src/install/controller_manager_msgs/include/controller_manager_msgs/srv/reload_controller_libraries.h
[2.515s] -- Up-to-date: /home/diego/Workspaces/ros2_control_diffbot_ws/src/install/controller_manager_msgs/include/controller_manager_msgs/srv/detail
[2.515s] -- Up-to-date: /home/diego/Workspaces/ros2_control_diffbot_ws/src/install/controller_manager_msgs/include/controller_manager_msgs/srv/detail/unload_controller__functions.h
[2.516s] -- Up-to-date: /home/diego/Workspaces/ros2_control_diffbot_ws/src/install/controller_manager_msgs/include/controller_manager_msgs/srv/detail/list_hardware_interfaces__type_support.h
[2.523s] -- Up-to-date: /home/diego/Workspaces/ros2_control_diffbot_ws/src/install/controller_manager_msgs/include/controller_manager_msgs/srv/detail/configure_controller__functions.h
[2.524s] -- Up-to-date: /home/diego/Workspaces/ros2_control_diffbot_ws/src/install/controller_manager_msgs/include/controller_manager_msgs/srv/detail/configure_controller__functions.c
[2.525s] -- Up-to-date: /home/diego/Workspaces/ros2_control_diffbot_ws/src/install/controller_manager_msgs/include/controller_manager_msgs/srv/detail/configure_controller__type_support.h
[2.525s] -- Up-to-date: /home/diego/Workspaces/ros2_control_diffbot_ws/src/install/controller_manager_msgs/include/controller_manager_msgs/srv/detail/list_hardware_interfaces__functions.h
[2.526s] -- Up-to-date: /home/diego/Workspaces/ros2_control_diffbot_ws/src/install/controller_manager_msgs/include/controller_manager_msgs/srv/detail/load_controller__functions.h
[2.526s] -- Up-to-date: /home/diego/Workspaces/ros2_control_diffbot_ws/src/install/controller_manager_msgs/include/controller_manager_msgs/srv/detail/reload_controller_libraries__type_support.h
[2.527s] -- Up-to-date: /home/diego/Workspaces/ros2_control_diffbot_ws/src/install/controller_manager_msgs/include/controller_manager_msgs/srv/detail/list_controller_types__functions.c
[2.528s] -- Up-to-date: /home/diego/Workspaces/ros2_control_diffbot_ws/src/install/controller_manager_msgs/include/controller_manager_msgs/srv/detail/load_configure_controller__functions.c
[2.529s] -- Up-to-date: /home/diego/Workspaces/ros2_control_diffbot_ws/src/install/controller_manager_msgs/include/controller_manager_msgs/srv/detail/list_controllers__struct.h
[2.530s] -- Up-to-date: /home/diego/Workspaces/ros2_control_diffbot_ws/src/install/controller_manager_msgs/include/controller_manager_msgs/srv/detail/unload_controller__functions.c
[2.531s] -- Up-to-date: /home/diego/Workspaces/ros2_control_diffbot_ws/src/install/controller_manager_msgs/include/controller_manager_msgs/srv/detail/configure_start_controller__functions.c
[2.532s] -- Up-to-date: /home/diego/Workspaces/ros2_control_diffbot_ws/src/install/controller_manager_msgs/include/controller_manager_msgs/srv/detail/load_start_controller__functions.c
[2.532s] -- Up-to-date: /home/diego/Workspaces/ros2_control_diffbot_ws/src/install/controller_manager_msgs/include/controller_manager_msgs/srv/detail/switch_controller__functions.c
[2.532s] -- Up-to-date: /home/diego/Workspaces/ros2_control_diffbot_ws/src/install/controller_manager_msgs/include/controller_manager_msgs/srv/detail/unload_controller__type_support.h
[2.533s] -- Up-to-date: /home/diego/Workspaces/ros2_control_diffbot_ws/src/install/controller_manager_msgs/include/controller_manager_msgs/srv/detail/list_controller_types__type_support.h
[2.536s] -- Up-to-date: /home/diego/Workspaces/ros2_control_diffbot_ws/src/install/controller_manager_msgs/include/controller_manager_msgs/srv/detail/configure_start_controller__struct.h
[2.542s] -- Up-to-date: /home/diego/Workspaces/ros2_control_diffbot_ws/src/install/controller_manager_msgs/include/controller_manager_msgs/srv/detail/load_controller__struct.h
[2.544s] -- Up-to-date: /home/diego/Workspaces/ros2_control_diffbot_ws/src/install/controller_manager_msgs/include/controller_manager_msgs/srv/detail/load_start_controller__struct.h
[2.544s] -- Up-to-date: /home/diego/Workspaces/ros2_control_diffbot_ws/src/install/controller_manager_msgs/include/controller_manager_msgs/srv/detail/list_hardware_interfaces__functions.c
[2.547s] -- Up-to-date: /home/diego/Workspaces/ros2_control_diffbot_ws/src/install/controller_manager_msgs/include/controller_manager_msgs/srv/detail/switch_controller__functions.h
[2.552s] -- Up-to-date: /home/diego/Workspaces/ros2_control_diffbot_ws/src/install/controller_manager_msgs/include/controller_manager_msgs/srv/detail/switch_controller__type_support.h
[2.553s] -- Up-to-date: /home/diego/Workspaces/ros2_control_diffbot_ws/src/install/controller_manager_msgs/include/controller_manager_msgs/srv/detail/load_configure_controller__functions.h
[2.554s] -- Up-to-date: /home/diego/Workspaces/ros2_control_diffbot_ws/src/install/controller_manager_msgs/include/controller_manager_msgs/srv/detail/reload_controller_libraries__functions.c
[2.556s] -- Up-to-date: /home/diego/Workspaces/ros2_control_diffbot_ws/src/install/controller_manager_msgs/include/controller_manager_msgs/srv/detail/load_start_controller__type_support.h
[2.559s] -- Up-to-date: /home/diego/Workspaces/ros2_control_diffbot_ws/src/install/controller_manager_msgs/include/controller_manager_msgs/srv/detail/configure_controller__struct.h
[2.562s] -- Up-to-date: /home/diego/Workspaces/ros2_control_diffbot_ws/src/install/controller_manager_msgs/include/controller_manager_msgs/srv/detail/switch_controller__struct.h
[2.563s] -- Up-to-date: /home/diego/Workspaces/ros2_control_diffbot_ws/src/install/controller_manager_msgs/include/controller_manager_msgs/srv/detail/list_hardware_interfaces__struct.h
[2.563s] -- Up-to-date: /home/diego/Workspaces/ros2_control_diffbot_ws/src/install/controller_manager_msgs/include/controller_manager_msgs/srv/detail/reload_controller_libraries__struct.h
[2.564s] -- Up-to-date: /home/diego/Workspaces/ros2_control_diffbot_ws/src/install/controller_manager_msgs/include/controller_manager_msgs/srv/detail/load_configure_controller__struct.h
[2.564s] -- Up-to-date: /home/diego/Workspaces/ros2_control_diffbot_ws/src/install/controller_manager_msgs/include/controller_manager_msgs/srv/detail/configure_start_controller__type_support.h
[2.565s] -- Up-to-date: /home/diego/Workspaces/ros2_control_diffbot_ws/src/install/controller_manager_msgs/include/controller_manager_msgs/srv/detail/reload_controller_libraries__functions.h
[2.566s] -- Up-to-date: /home/diego/Workspaces/ros2_control_diffbot_ws/src/install/controller_manager_msgs/include/controller_manager_msgs/srv/detail/list_controllers__functions.c
[2.567s] -- Up-to-date: /home/diego/Workspaces/ros2_control_diffbot_ws/src/install/controller_manager_msgs/include/controller_manager_msgs/srv/detail/unload_controller__struct.h
[2.567s] -- Up-to-date: /home/diego/Workspaces/ros2_control_diffbot_ws/src/install/controller_manager_msgs/include/controller_manager_msgs/srv/detail/load_configure_controller__type_support.h
[2.572s] -- Up-to-date: /home/diego/Workspaces/ros2_control_diffbot_ws/src/install/controller_manager_msgs/include/controller_manager_msgs/srv/detail/load_controller__type_support.h
[2.574s] -- Up-to-date: /home/diego/Workspaces/ros2_control_diffbot_ws/src/install/controller_manager_msgs/include/controller_manager_msgs/srv/detail/load_controller__functions.c
[2.575s] -- Up-to-date: /home/diego/Workspaces/ros2_control_diffbot_ws/src/install/controller_manager_msgs/include/controller_manager_msgs/srv/detail/list_controllers__functions.h
[2.576s] -- Up-to-date: /home/diego/Workspaces/ros2_control_diffbot_ws/src/install/controller_manager_msgs/include/controller_manager_msgs/srv/detail/list_controller_types__struct.h
[2.577s] -- Up-to-date: /home/diego/Workspaces/ros2_control_diffbot_ws/src/install/controller_manager_msgs/include/controller_manager_msgs/srv/detail/configure_start_controller__functions.h
[2.579s] -- Up-to-date: /home/diego/Workspaces/ros2_control_diffbot_ws/src/install/controller_manager_msgs/include/controller_manager_msgs/srv/detail/list_controller_types__functions.h
[2.580s] -- Up-to-date: /home/diego/Workspaces/ros2_control_diffbot_ws/src/install/controller_manager_msgs/include/controller_manager_msgs/srv/detail/list_controllers__type_support.h
[2.581s] -- Up-to-date: /home/diego/Workspaces/ros2_control_diffbot_ws/src/install/controller_manager_msgs/include/controller_manager_msgs/srv/detail/load_start_controller__functions.h
[2.583s] -- Up-to-date: /home/diego/Workspaces/ros2_control_diffbot_ws/src/install/controller_manager_msgs/include/controller_manager_msgs/srv/load_configure_controller.h
[2.592s] -- Up-to-date: /home/diego/Workspaces/ros2_control_diffbot_ws/src/install/controller_manager_msgs/include/controller_manager_msgs/srv/configure_start_controller.h
[2.593s] -- Up-to-date: /home/diego/Workspaces/ros2_control_diffbot_ws/src/install/controller_manager_msgs/include/controller_manager_msgs/srv/configure_controller.h
[2.593s] -- Up-to-date: /home/diego/Workspaces/ros2_control_diffbot_ws/src/install/controller_manager_msgs/include/controller_manager_msgs/srv/switch_controller.h
[2.594s] -- Up-to-date: /home/diego/Workspaces/ros2_control_diffbot_ws/src/install/controller_manager_msgs/include/controller_manager_msgs/msg
[2.594s] -- Up-to-date: /home/diego/Workspaces/ros2_control_diffbot_ws/src/install/controller_manager_msgs/include/controller_manager_msgs/msg/controller_state.h
[2.594s] -- Up-to-date: /home/diego/Workspaces/ros2_control_diffbot_ws/src/install/controller_manager_msgs/include/controller_manager_msgs/msg/hardware_interface.h
[2.595s] -- Up-to-date: /home/diego/Workspaces/ros2_control_diffbot_ws/src/install/controller_manager_msgs/include/controller_manager_msgs/msg/rosidl_generator_c__visibility_control.h
[2.595s] -- Up-to-date: /home/diego/Workspaces/ros2_control_diffbot_ws/src/install/controller_manager_msgs/include/controller_manager_msgs/msg/detail
[2.596s] -- Up-to-date: /home/diego/Workspaces/ros2_control_diffbot_ws/src/install/controller_manager_msgs/include/controller_manager_msgs/msg/detail/controller_state__functions.h
[2.597s] -- Up-to-date: /home/diego/Workspaces/ros2_control_diffbot_ws/src/install/controller_manager_msgs/include/controller_manager_msgs/msg/detail/controller_state__struct.h
[2.598s] -- Up-to-date: /home/diego/Workspaces/ros2_control_diffbot_ws/src/install/controller_manager_msgs/include/controller_manager_msgs/msg/detail/controller_state__type_support.h
[2.599s] -- Up-to-date: /home/diego/Workspaces/ros2_control_diffbot_ws/src/install/controller_manager_msgs/include/controller_manager_msgs/msg/detail/hardware_interface__type_support.h
[2.603s] -- Up-to-date: /home/diego/Workspaces/ros2_control_diffbot_ws/src/install/controller_manager_msgs/include/controller_manager_msgs/msg/detail/controller_state__functions.c
[2.606s] -- Up-to-date: /home/diego/Workspaces/ros2_control_diffbot_ws/src/install/controller_manager_msgs/include/controller_manager_msgs/msg/detail/hardware_interface__struct.h
[2.606s] -- Up-to-date: /home/diego/Workspaces/ros2_control_diffbot_ws/src/install/controller_manager_msgs/include/controller_manager_msgs/msg/detail/hardware_interface__functions.h
[2.607s] -- Up-to-date: /home/diego/Workspaces/ros2_control_diffbot_ws/src/install/controller_manager_msgs/include/controller_manager_msgs/msg/detail/hardware_interface__functions.c
[2.608s] -- Up-to-date: /home/diego/Workspaces/ros2_control_diffbot_ws/src/install/controller_manager_msgs/share/controller_manager_msgs/environment/library_path.sh
[2.615s] -- Up-to-date: /home/diego/Workspaces/ros2_control_diffbot_ws/src/install/controller_manager_msgs/share/controller_manager_msgs/environment/library_path.dsv
[2.629s] -- Up-to-date: /home/diego/Workspaces/ros2_control_diffbot_ws/src/install/controller_manager_msgs/lib/libcontroller_manager_msgs__rosidl_generator_c.so
[2.629s] -- Up-to-date: /home/diego/Workspaces/ros2_control_diffbot_ws/src/install/controller_manager_msgs/include/controller_manager_msgs
[2.630s] -- Up-to-date: /home/diego/Workspaces/ros2_control_diffbot_ws/src/install/controller_manager_msgs/include/controller_manager_msgs/srv
[2.630s] -- Up-to-date: /home/diego/Workspaces/ros2_control_diffbot_ws/src/install/controller_manager_msgs/include/controller_manager_msgs/srv/detail
[2.631s] -- Up-to-date: /home/diego/Workspaces/ros2_control_diffbot_ws/src/install/controller_manager_msgs/include/controller_manager_msgs/srv/detail/configure_controller__rosidl_typesupport_fastrtps_c.h
[2.631s] -- Up-to-date: /home/diego/Workspaces/ros2_control_diffbot_ws/src/install/controller_manager_msgs/include/controller_manager_msgs/srv/detail/load_controller__rosidl_typesupport_fastrtps_c.h
[2.631s] -- Up-to-date: /home/diego/Workspaces/ros2_control_diffbot_ws/src/install/controller_manager_msgs/include/controller_manager_msgs/srv/detail/load_configure_controller__rosidl_typesupport_fastrtps_c.h
[2.632s] -- Up-to-date: /home/diego/Workspaces/ros2_control_diffbot_ws/src/install/controller_manager_msgs/include/controller_manager_msgs/srv/detail/configure_start_controller__rosidl_typesupport_fastrtps_c.h
[2.632s] -- Up-to-date: /home/diego/Workspaces/ros2_control_diffbot_ws/src/install/controller_manager_msgs/include/controller_manager_msgs/srv/detail/reload_controller_libraries__rosidl_typesupport_fastrtps_c.h
[2.632s] -- Up-to-date: /home/diego/Workspaces/ros2_control_diffbot_ws/src/install/controller_manager_msgs/include/controller_manager_msgs/srv/detail/switch_controller__rosidl_typesupport_fastrtps_c.h
[2.632s] -- Up-to-date: /home/diego/Workspaces/ros2_control_diffbot_ws/src/install/controller_manager_msgs/include/controller_manager_msgs/srv/detail/list_hardware_interfaces__rosidl_typesupport_fastrtps_c.h
[2.633s] -- Up-to-date: /home/diego/Workspaces/ros2_control_diffbot_ws/src/install/controller_manager_msgs/include/controller_manager_msgs/srv/detail/unload_controller__rosidl_typesupport_fastrtps_c.h
[2.633s] -- Up-to-date: /home/diego/Workspaces/ros2_control_diffbot_ws/src/install/controller_manager_msgs/include/controller_manager_msgs/srv/detail/list_controller_types__rosidl_typesupport_fastrtps_c.h
[2.634s] -- Up-to-date: /home/diego/Workspaces/ros2_control_diffbot_ws/src/install/controller_manager_msgs/include/controller_manager_msgs/srv/detail/list_controllers__rosidl_typesupport_fastrtps_c.h
[2.634s] -- Up-to-date: /home/diego/Workspaces/ros2_control_diffbot_ws/src/install/controller_manager_msgs/include/controller_manager_msgs/srv/detail/load_start_controller__rosidl_typesupport_fastrtps_c.h
[2.634s] -- Up-to-date: /home/diego/Workspaces/ros2_control_diffbot_ws/src/install/controller_manager_msgs/include/controller_manager_msgs/msg
[2.634s] -- Up-to-date: /home/diego/Workspaces/ros2_control_diffbot_ws/src/install/controller_manager_msgs/include/controller_manager_msgs/msg/rosidl_typesupport_fastrtps_c__visibility_control.h
[2.635s] -- Up-to-date: /home/diego/Workspaces/ros2_control_diffbot_ws/src/install/controller_manager_msgs/include/controller_manager_msgs/msg/detail
[2.635s] -- Up-to-date: /home/diego/Workspaces/ros2_control_diffbot_ws/src/install/controller_manager_msgs/include/controller_manager_msgs/msg/detail/hardware_interface__rosidl_typesupport_fastrtps_c.h
[2.636s] -- Up-to-date: /home/diego/Workspaces/ros2_control_diffbot_ws/src/install/controller_manager_msgs/include/controller_manager_msgs/msg/detail/controller_state__rosidl_typesupport_fastrtps_c.h
[2.636s] -- Up-to-date: /home/diego/Workspaces/ros2_control_diffbot_ws/src/install/controller_manager_msgs/lib/libcontroller_manager_msgs__rosidl_typesupport_fastrtps_c.so
[2.637s] -- Up-to-date: /home/diego/Workspaces/ros2_control_diffbot_ws/src/install/controller_manager_msgs/include/controller_manager_msgs
[2.637s] -- Up-to-date: /home/diego/Workspaces/ros2_control_diffbot_ws/src/install/controller_manager_msgs/include/controller_manager_msgs/srv
[2.637s] -- Up-to-date: /home/diego/Workspaces/ros2_control_diffbot_ws/src/install/controller_manager_msgs/include/controller_manager_msgs/srv/detail
[2.637s] -- Up-to-date: /home/diego/Workspaces/ros2_control_diffbot_ws/src/install/controller_manager_msgs/include/controller_manager_msgs/srv/detail/load_configure_controller__rosidl_typesupport_fastrtps_cpp.hpp
[2.638s] -- Up-to-date: /home/diego/Workspaces/ros2_control_diffbot_ws/src/install/controller_manager_msgs/include/controller_manager_msgs/srv/detail/dds_fastrtps
[2.642s] -- Up-to-date: /home/diego/Workspaces/ros2_control_diffbot_ws/src/install/controller_manager_msgs/include/controller_manager_msgs/srv/detail/list_hardware_interfaces__rosidl_typesupport_fastrtps_cpp.hpp
[2.642s] -- Up-to-date: /home/diego/Workspaces/ros2_control_diffbot_ws/src/install/controller_manager_msgs/include/controller_manager_msgs/srv/detail/unload_controller__rosidl_typesupport_fastrtps_cpp.hpp
[2.643s] -- Up-to-date: /home/diego/Workspaces/ros2_control_diffbot_ws/src/install/controller_manager_msgs/include/controller_manager_msgs/srv/detail/load_start_controller__rosidl_typesupport_fastrtps_cpp.hpp
[2.643s] -- Up-to-date: /home/diego/Workspaces/ros2_control_diffbot_ws/src/install/controller_manager_msgs/include/controller_manager_msgs/srv/detail/reload_controller_libraries__rosidl_typesupport_fastrtps_cpp.hpp
[2.647s] -- Up-to-date: /home/diego/Workspaces/ros2_control_diffbot_ws/src/install/controller_manager_msgs/include/controller_manager_msgs/srv/detail/list_controllers__rosidl_typesupport_fastrtps_cpp.hpp
[2.658s] -- Up-to-date: /home/diego/Workspaces/ros2_control_diffbot_ws/src/install/controller_manager_msgs/include/controller_manager_msgs/srv/detail/switch_controller__rosidl_typesupport_fastrtps_cpp.hpp
[2.662s] -- Up-to-date: /home/diego/Workspaces/ros2_control_diffbot_ws/src/install/controller_manager_msgs/include/controller_manager_msgs/srv/detail/configure_controller__rosidl_typesupport_fastrtps_cpp.hpp
[2.662s] -- Up-to-date: /home/diego/Workspaces/ros2_control_diffbot_ws/src/install/controller_manager_msgs/include/controller_manager_msgs/srv/detail/load_controller__rosidl_typesupport_fastrtps_cpp.hpp
[2.662s] -- Up-to-date: /home/diego/Workspaces/ros2_control_diffbot_ws/src/install/controller_manager_msgs/include/controller_manager_msgs/srv/detail/list_controller_types__rosidl_typesupport_fastrtps_cpp.hpp
[2.666s] -- Up-to-date: /home/diego/Workspaces/ros2_control_diffbot_ws/src/install/controller_manager_msgs/include/controller_manager_msgs/srv/detail/configure_start_controller__rosidl_typesupport_fastrtps_cpp.hpp
[2.666s] -- Up-to-date: /home/diego/Workspaces/ros2_control_diffbot_ws/src/install/controller_manager_msgs/include/controller_manager_msgs/msg
[2.666s] -- Up-to-date: /home/diego/Workspaces/ros2_control_diffbot_ws/src/install/controller_manager_msgs/include/controller_manager_msgs/msg/rosidl_typesupport_fastrtps_cpp__visibility_control.h
[2.683s] -- Up-to-date: /home/diego/Workspaces/ros2_control_diffbot_ws/src/install/controller_manager_msgs/include/controller_manager_msgs/msg/detail
[2.683s] -- Up-to-date: /home/diego/Workspaces/ros2_control_diffbot_ws/src/install/controller_manager_msgs/include/controller_manager_msgs/msg/detail/dds_fastrtps
[2.683s] -- Up-to-date: /home/diego/Workspaces/ros2_control_diffbot_ws/src/install/controller_manager_msgs/include/controller_manager_msgs/msg/detail/controller_state__rosidl_typesupport_fastrtps_cpp.hpp
[2.684s] -- Up-to-date: /home/diego/Workspaces/ros2_control_diffbot_ws/src/install/controller_manager_msgs/include/controller_manager_msgs/msg/detail/hardware_interface__rosidl_typesupport_fastrtps_cpp.hpp
[2.684s] -- Up-to-date: /home/diego/Workspaces/ros2_control_diffbot_ws/src/install/controller_manager_msgs/lib/libcontroller_manager_msgs__rosidl_typesupport_fastrtps_cpp.so
[2.685s] -- Up-to-date: /home/diego/Workspaces/ros2_control_diffbot_ws/src/install/controller_manager_msgs/include/controller_manager_msgs
[2.685s] -- Up-to-date: /home/diego/Workspaces/ros2_control_diffbot_ws/src/install/controller_manager_msgs/include/controller_manager_msgs/srv
[2.685s] -- Up-to-date: /home/diego/Workspaces/ros2_control_diffbot_ws/src/install/controller_manager_msgs/include/controller_manager_msgs/srv/detail
[2.686s] -- Up-to-date: /home/diego/Workspaces/ros2_control_diffbot_ws/src/install/controller_manager_msgs/include/controller_manager_msgs/srv/detail/list_controller_types__rosidl_typesupport_introspection_c.h
[2.686s] -- Up-to-date: /home/diego/Workspaces/ros2_control_diffbot_ws/src/install/controller_manager_msgs/include/controller_manager_msgs/srv/detail/unload_controller__rosidl_typesupport_introspection_c.h
[2.687s] -- Up-to-date: /home/diego/Workspaces/ros2_control_diffbot_ws/src/install/controller_manager_msgs/include/controller_manager_msgs/srv/detail/reload_controller_libraries__rosidl_typesupport_introspection_c.h
[2.687s] -- Up-to-date: /home/diego/Workspaces/ros2_control_diffbot_ws/src/install/controller_manager_msgs/include/controller_manager_msgs/srv/detail/configure_controller__rosidl_typesupport_introspection_c.h
[2.687s] -- Up-to-date: /home/diego/Workspaces/ros2_control_diffbot_ws/src/install/controller_manager_msgs/include/controller_manager_msgs/srv/detail/reload_controller_libraries__type_support.c
[2.688s] -- Up-to-date: /home/diego/Workspaces/ros2_control_diffbot_ws/src/install/controller_manager_msgs/include/controller_manager_msgs/srv/detail/configure_controller__type_support.c
[2.688s] -- Up-to-date: /home/diego/Workspaces/ros2_control_diffbot_ws/src/install/controller_manager_msgs/include/controller_manager_msgs/srv/detail/load_configure_controller__rosidl_typesupport_introspection_c.h
[2.688s] -- Up-to-date: /home/diego/Workspaces/ros2_control_diffbot_ws/src/install/controller_manager_msgs/include/controller_manager_msgs/srv/detail/switch_controller__type_support.c
[2.689s] -- Up-to-date: /home/diego/Workspaces/ros2_control_diffbot_ws/src/install/controller_manager_msgs/include/controller_manager_msgs/srv/detail/list_hardware_interfaces__type_support.c
[2.689s] -- Up-to-date: /home/diego/Workspaces/ros2_control_diffbot_ws/src/install/controller_manager_msgs/include/controller_manager_msgs/srv/detail/load_controller__rosidl_typesupport_introspection_c.h
[2.690s] -- Up-to-date: /home/diego/Workspaces/ros2_control_diffbot_ws/src/install/controller_manager_msgs/include/controller_manager_msgs/srv/detail/list_controllers__rosidl_typesupport_introspection_c.h
[2.690s] -- Up-to-date: /home/diego/Workspaces/ros2_control_diffbot_ws/src/install/controller_manager_msgs/include/controller_manager_msgs/srv/detail/list_controllers__type_support.c
[2.690s] -- Up-to-date: /home/diego/Workspaces/ros2_control_diffbot_ws/src/install/controller_manager_msgs/include/controller_manager_msgs/srv/detail/load_controller__type_support.c
[2.691s] -- Up-to-date: /home/diego/Workspaces/ros2_control_diffbot_ws/src/install/controller_manager_msgs/include/controller_manager_msgs/srv/detail/load_configure_controller__type_support.c
[2.691s] -- Up-to-date: /home/diego/Workspaces/ros2_control_diffbot_ws/src/install/controller_manager_msgs/include/controller_manager_msgs/srv/detail/list_controller_types__type_support.c
[2.692s] -- Up-to-date: /home/diego/Workspaces/ros2_control_diffbot_ws/src/install/controller_manager_msgs/include/controller_manager_msgs/srv/detail/configure_start_controller__type_support.c
[2.692s] -- Up-to-date: /home/diego/Workspaces/ros2_control_diffbot_ws/src/install/controller_manager_msgs/include/controller_manager_msgs/srv/detail/list_hardware_interfaces__rosidl_typesupport_introspection_c.h
[2.693s] -- Up-to-date: /home/diego/Workspaces/ros2_control_diffbot_ws/src/install/controller_manager_msgs/include/controller_manager_msgs/srv/detail/load_start_controller__type_support.c
[2.693s] -- Up-to-date: /home/diego/Workspaces/ros2_control_diffbot_ws/src/install/controller_manager_msgs/include/controller_manager_msgs/srv/detail/configure_start_controller__rosidl_typesupport_introspection_c.h
[2.693s] -- Up-to-date: /home/diego/Workspaces/ros2_control_diffbot_ws/src/install/controller_manager_msgs/include/controller_manager_msgs/srv/detail/unload_controller__type_support.c
[2.694s] -- Up-to-date: /home/diego/Workspaces/ros2_control_diffbot_ws/src/install/controller_manager_msgs/include/controller_manager_msgs/srv/detail/switch_controller__rosidl_typesupport_introspection_c.h
[2.694s] -- Up-to-date: /home/diego/Workspaces/ros2_control_diffbot_ws/src/install/controller_manager_msgs/include/controller_manager_msgs/srv/detail/load_start_controller__rosidl_typesupport_introspection_c.h
[2.694s] -- Up-to-date: /home/diego/Workspaces/ros2_control_diffbot_ws/src/install/controller_manager_msgs/include/controller_manager_msgs/msg
[2.708s] -- Up-to-date: /home/diego/Workspaces/ros2_control_diffbot_ws/src/install/controller_manager_msgs/include/controller_manager_msgs/msg/rosidl_typesupport_introspection_c__visibility_control.h
[2.709s] -- Up-to-date: /home/diego/Workspaces/ros2_control_diffbot_ws/src/install/controller_manager_msgs/include/controller_manager_msgs/msg/detail
[2.709s] -- Up-to-date: /home/diego/Workspaces/ros2_control_diffbot_ws/src/install/controller_manager_msgs/include/controller_manager_msgs/msg/detail/controller_state__rosidl_typesupport_introspection_c.h
[2.709s] -- Up-to-date: /home/diego/Workspaces/ros2_control_diffbot_ws/src/install/controller_manager_msgs/include/controller_manager_msgs/msg/detail/controller_state__type_support.c
[2.710s] -- Up-to-date: /home/diego/Workspaces/ros2_control_diffbot_ws/src/install/controller_manager_msgs/include/controller_manager_msgs/msg/detail/hardware_interface__type_support.c
[2.710s] -- Up-to-date: /home/diego/Workspaces/ros2_control_diffbot_ws/src/install/controller_manager_msgs/include/controller_manager_msgs/msg/detail/hardware_interface__rosidl_typesupport_introspection_c.h
[2.711s] -- Up-to-date: /home/diego/Workspaces/ros2_control_diffbot_ws/src/install/controller_manager_msgs/lib/libcontroller_manager_msgs__rosidl_typesupport_introspection_c.so
[2.727s] -- Up-to-date: /home/diego/Workspaces/ros2_control_diffbot_ws/src/install/controller_manager_msgs/lib/libcontroller_manager_msgs__rosidl_typesupport_c.so
[2.727s] -- Up-to-date: /home/diego/Workspaces/ros2_control_diffbot_ws/src/install/controller_manager_msgs/include/controller_manager_msgs
[2.727s] -- Up-to-date: /home/diego/Workspaces/ros2_control_diffbot_ws/src/install/controller_manager_msgs/include/controller_manager_msgs/srv
[2.728s] -- Up-to-date: /home/diego/Workspaces/ros2_control_diffbot_ws/src/install/controller_manager_msgs/include/controller_manager_msgs/srv/reload_controller_libraries.hpp
[2.728s] -- Up-to-date: /home/diego/Workspaces/ros2_control_diffbot_ws/src/install/controller_manager_msgs/include/controller_manager_msgs/srv/list_hardware_interfaces.hpp
[2.728s] -- Up-to-date: /home/diego/Workspaces/ros2_control_diffbot_ws/src/install/controller_manager_msgs/include/controller_manager_msgs/srv/load_start_controller.hpp
[2.729s] -- Up-to-date: /home/diego/Workspaces/ros2_control_diffbot_ws/src/install/controller_manager_msgs/include/controller_manager_msgs/srv/load_configure_controller.hpp
[2.729s] -- Up-to-date: /home/diego/Workspaces/ros2_control_diffbot_ws/src/install/controller_manager_msgs/include/controller_manager_msgs/srv/load_controller.hpp
[2.729s] -- Up-to-date: /home/diego/Workspaces/ros2_control_diffbot_ws/src/install/controller_manager_msgs/include/controller_manager_msgs/srv/configure_controller.hpp
[2.730s] -- Up-to-date: /home/diego/Workspaces/ros2_control_diffbot_ws/src/install/controller_manager_msgs/include/controller_manager_msgs/srv/configure_start_controller.hpp
[2.730s] -- Up-to-date: /home/diego/Workspaces/ros2_control_diffbot_ws/src/install/controller_manager_msgs/include/controller_manager_msgs/srv/unload_controller.hpp
[2.730s] -- Up-to-date: /home/diego/Workspaces/ros2_control_diffbot_ws/src/install/controller_manager_msgs/include/controller_manager_msgs/srv/list_controllers.hpp
[2.731s] -- Up-to-date: /home/diego/Workspaces/ros2_control_diffbot_ws/src/install/controller_manager_msgs/include/controller_manager_msgs/srv/detail
[2.731s] -- Up-to-date: /home/diego/Workspaces/ros2_control_diffbot_ws/src/install/controller_manager_msgs/include/controller_manager_msgs/srv/detail/list_controllers__struct.hpp
[2.731s] -- Up-to-date: /home/diego/Workspaces/ros2_control_diffbot_ws/src/install/controller_manager_msgs/include/controller_manager_msgs/srv/detail/configure_start_controller__traits.hpp
[2.732s] -- Up-to-date: /home/diego/Workspaces/ros2_control_diffbot_ws/src/install/controller_manager_msgs/include/controller_manager_msgs/srv/detail/list_controller_types__traits.hpp
[2.732s] -- Up-to-date: /home/diego/Workspaces/ros2_control_diffbot_ws/src/install/controller_manager_msgs/include/controller_manager_msgs/srv/detail/load_controller__builder.hpp
[2.732s] -- Up-to-date: /home/diego/Workspaces/ros2_control_diffbot_ws/src/install/controller_manager_msgs/include/controller_manager_msgs/srv/detail/load_start_controller__traits.hpp
[2.732s] -- Up-to-date: /home/diego/Workspaces/ros2_control_diffbot_ws/src/install/controller_manager_msgs/include/controller_manager_msgs/srv/detail/unload_controller__struct.hpp
[2.733s] -- Up-to-date: /home/diego/Workspaces/ros2_control_diffbot_ws/src/install/controller_manager_msgs/include/controller_manager_msgs/srv/detail/load_start_controller__struct.hpp
[2.733s] -- Up-to-date: /home/diego/Workspaces/ros2_control_diffbot_ws/src/install/controller_manager_msgs/include/controller_manager_msgs/srv/detail/configure_start_controller__builder.hpp
[2.734s] -- Up-to-date: /home/diego/Workspaces/ros2_control_diffbot_ws/src/install/controller_manager_msgs/include/controller_manager_msgs/srv/detail/list_controllers__traits.hpp
[2.734s] -- Up-to-date: /home/diego/Workspaces/ros2_control_diffbot_ws/src/install/controller_manager_msgs/include/controller_manager_msgs/srv/detail/load_controller__struct.hpp
[2.734s] -- Up-to-date: /home/diego/Workspaces/ros2_control_diffbot_ws/src/install/controller_manager_msgs/include/controller_manager_msgs/srv/detail/configure_controller__traits.hpp
[2.734s] -- Up-to-date: /home/diego/Workspaces/ros2_control_diffbot_ws/src/install/controller_manager_msgs/include/controller_manager_msgs/srv/detail/load_start_controller__builder.hpp
[2.735s] -- Up-to-date: /home/diego/Workspaces/ros2_control_diffbot_ws/src/install/controller_manager_msgs/include/controller_manager_msgs/srv/detail/configure_controller__builder.hpp
[2.735s] -- Up-to-date: /home/diego/Workspaces/ros2_control_diffbot_ws/src/install/controller_manager_msgs/include/controller_manager_msgs/srv/detail/switch_controller__struct.hpp
[2.735s] -- Up-to-date: /home/diego/Workspaces/ros2_control_diffbot_ws/src/install/controller_manager_msgs/include/controller_manager_msgs/srv/detail/switch_controller__builder.hpp
[2.736s] -- Up-to-date: /home/diego/Workspaces/ros2_control_diffbot_ws/src/install/controller_manager_msgs/include/controller_manager_msgs/srv/detail/load_configure_controller__builder.hpp
[2.736s] -- Up-to-date: /home/diego/Workspaces/ros2_control_diffbot_ws/src/install/controller_manager_msgs/include/controller_manager_msgs/srv/detail/list_hardware_interfaces__traits.hpp
[2.736s] -- Up-to-date: /home/diego/Workspaces/ros2_control_diffbot_ws/src/install/controller_manager_msgs/include/controller_manager_msgs/srv/detail/list_controllers__builder.hpp
[2.737s] -- Up-to-date: /home/diego/Workspaces/ros2_control_diffbot_ws/src/install/controller_manager_msgs/include/controller_manager_msgs/srv/detail/reload_controller_libraries__struct.hpp
[2.737s] -- Up-to-date: /home/diego/Workspaces/ros2_control_diffbot_ws/src/install/controller_manager_msgs/include/controller_manager_msgs/srv/detail/unload_controller__builder.hpp
[2.737s] -- Up-to-date: /home/diego/Workspaces/ros2_control_diffbot_ws/src/install/controller_manager_msgs/include/controller_manager_msgs/srv/detail/reload_controller_libraries__traits.hpp
[2.748s] -- Up-to-date: /home/diego/Workspaces/ros2_control_diffbot_ws/src/install/controller_manager_msgs/include/controller_manager_msgs/srv/detail/unload_controller__traits.hpp
[2.751s] -- Up-to-date: /home/diego/Workspaces/ros2_control_diffbot_ws/src/install/controller_manager_msgs/include/controller_manager_msgs/srv/detail/list_controller_types__builder.hpp
[2.752s] -- Up-to-date: /home/diego/Workspaces/ros2_control_diffbot_ws/src/install/controller_manager_msgs/include/controller_manager_msgs/srv/detail/reload_controller_libraries__builder.hpp
[2.752s] -- Up-to-date: /home/diego/Workspaces/ros2_control_diffbot_ws/src/install/controller_manager_msgs/include/controller_manager_msgs/srv/detail/configure_start_controller__struct.hpp
[2.752s] -- Up-to-date: /home/diego/Workspaces/ros2_control_diffbot_ws/src/install/controller_manager_msgs/include/controller_manager_msgs/srv/detail/load_controller__traits.hpp
[2.753s] -- Up-to-date: /home/diego/Workspaces/ros2_control_diffbot_ws/src/install/controller_manager_msgs/include/controller_manager_msgs/srv/detail/switch_controller__traits.hpp
[2.754s] -- Up-to-date: /home/diego/Workspaces/ros2_control_diffbot_ws/src/install/controller_manager_msgs/include/controller_manager_msgs/srv/detail/list_controller_types__struct.hpp
[2.754s] -- Up-to-date: /home/diego/Workspaces/ros2_control_diffbot_ws/src/install/controller_manager_msgs/include/controller_manager_msgs/srv/detail/load_configure_controller__traits.hpp
[2.755s] -- Up-to-date: /home/diego/Workspaces/ros2_control_diffbot_ws/src/install/controller_manager_msgs/include/controller_manager_msgs/srv/detail/list_hardware_interfaces__builder.hpp
[2.755s] -- Up-to-date: /home/diego/Workspaces/ros2_control_diffbot_ws/src/install/controller_manager_msgs/include/controller_manager_msgs/srv/detail/load_configure_controller__struct.hpp
[2.755s] -- Up-to-date: /home/diego/Workspaces/ros2_control_diffbot_ws/src/install/controller_manager_msgs/include/controller_manager_msgs/srv/detail/list_hardware_interfaces__struct.hpp
[2.756s] -- Up-to-date: /home/diego/Workspaces/ros2_control_diffbot_ws/src/install/controller_manager_msgs/include/controller_manager_msgs/srv/detail/configure_controller__struct.hpp
[2.759s] -- Up-to-date: /home/diego/Workspaces/ros2_control_diffbot_ws/src/install/controller_manager_msgs/include/controller_manager_msgs/srv/list_controller_types.hpp
[2.759s] -- Up-to-date: /home/diego/Workspaces/ros2_control_diffbot_ws/src/install/controller_manager_msgs/include/controller_manager_msgs/srv/switch_controller.hpp
[2.760s] -- Up-to-date: /home/diego/Workspaces/ros2_control_diffbot_ws/src/install/controller_manager_msgs/include/controller_manager_msgs/msg
[2.760s] -- Up-to-date: /home/diego/Workspaces/ros2_control_diffbot_ws/src/install/controller_manager_msgs/include/controller_manager_msgs/msg/hardware_interface.hpp
[2.774s] -- Up-to-date: /home/diego/Workspaces/ros2_control_diffbot_ws/src/install/controller_manager_msgs/include/controller_manager_msgs/msg/controller_state.hpp
[2.774s] -- Up-to-date: /home/diego/Workspaces/ros2_control_diffbot_ws/src/install/controller_manager_msgs/include/controller_manager_msgs/msg/detail
[2.775s] -- Up-to-date: /home/diego/Workspaces/ros2_control_diffbot_ws/src/install/controller_manager_msgs/include/controller_manager_msgs/msg/detail/hardware_interface__struct.hpp
[2.775s] -- Up-to-date: /home/diego/Workspaces/ros2_control_diffbot_ws/src/install/controller_manager_msgs/include/controller_manager_msgs/msg/detail/controller_state__traits.hpp
[2.775s] -- Up-to-date: /home/diego/Workspaces/ros2_control_diffbot_ws/src/install/controller_manager_msgs/include/controller_manager_msgs/msg/detail/controller_state__builder.hpp
[2.776s] -- Up-to-date: /home/diego/Workspaces/ros2_control_diffbot_ws/src/install/controller_manager_msgs/include/controller_manager_msgs/msg/detail/hardware_interface__traits.hpp
[2.777s] -- Up-to-date: /home/diego/Workspaces/ros2_control_diffbot_ws/src/install/controller_manager_msgs/include/controller_manager_msgs/msg/detail/controller_state__struct.hpp
[2.777s] -- Up-to-date: /home/diego/Workspaces/ros2_control_diffbot_ws/src/install/controller_manager_msgs/include/controller_manager_msgs/msg/detail/hardware_interface__builder.hpp
[2.779s] -- Up-to-date: /home/diego/Workspaces/ros2_control_diffbot_ws/src/install/controller_manager_msgs/include/controller_manager_msgs
[2.782s] -- Up-to-date: /home/diego/Workspaces/ros2_control_diffbot_ws/src/install/controller_manager_msgs/include/controller_manager_msgs/srv
[2.785s] -- Up-to-date: /home/diego/Workspaces/ros2_control_diffbot_ws/src/install/controller_manager_msgs/include/controller_manager_msgs/srv/detail
[2.785s] -- Up-to-date: /home/diego/Workspaces/ros2_control_diffbot_ws/src/install/controller_manager_msgs/include/controller_manager_msgs/srv/detail/configure_controller__rosidl_typesupport_introspection_cpp.hpp
[2.798s] -- Up-to-date: /home/diego/Workspaces/ros2_control_diffbot_ws/src/install/controller_manager_msgs/include/controller_manager_msgs/srv/detail/unload_controller__rosidl_typesupport_introspection_cpp.hpp
[2.798s] -- Up-to-date: /home/diego/Workspaces/ros2_control_diffbot_ws/src/install/controller_manager_msgs/include/controller_manager_msgs/srv/detail/list_hardware_interfaces__type_support.cpp
[2.798s] -- Up-to-date: /home/diego/Workspaces/ros2_control_diffbot_ws/src/install/controller_manager_msgs/include/controller_manager_msgs/srv/detail/list_controllers__rosidl_typesupport_introspection_cpp.hpp
[2.799s] -- Up-to-date: /home/diego/Workspaces/ros2_control_diffbot_ws/src/install/controller_manager_msgs/include/controller_manager_msgs/srv/detail/load_configure_controller__rosidl_typesupport_introspection_cpp.hpp
[2.801s] -- Up-to-date: /home/diego/Workspaces/ros2_control_diffbot_ws/src/install/controller_manager_msgs/include/controller_manager_msgs/srv/detail/switch_controller__rosidl_typesupport_introspection_cpp.hpp
[2.801s] -- Up-to-date: /home/diego/Workspaces/ros2_control_diffbot_ws/src/install/controller_manager_msgs/include/controller_manager_msgs/srv/detail/load_controller__type_support.cpp
[2.802s] -- Up-to-date: /home/diego/Workspaces/ros2_control_diffbot_ws/src/install/controller_manager_msgs/include/controller_manager_msgs/srv/detail/list_controllers__type_support.cpp
[2.802s] -- Up-to-date: /home/diego/Workspaces/ros2_control_diffbot_ws/src/install/controller_manager_msgs/include/controller_manager_msgs/srv/detail/load_controller__rosidl_typesupport_introspection_cpp.hpp
[2.802s] -- Up-to-date: /home/diego/Workspaces/ros2_control_diffbot_ws/src/install/controller_manager_msgs/include/controller_manager_msgs/srv/detail/configure_start_controller__type_support.cpp
[2.803s] -- Up-to-date: /home/diego/Workspaces/ros2_control_diffbot_ws/src/install/controller_manager_msgs/include/controller_manager_msgs/srv/detail/list_hardware_interfaces__rosidl_typesupport_introspection_cpp.hpp
[2.803s] -- Up-to-date: /home/diego/Workspaces/ros2_control_diffbot_ws/src/install/controller_manager_msgs/include/controller_manager_msgs/srv/detail/list_controller_types__type_support.cpp
[2.803s] -- Up-to-date: /home/diego/Workspaces/ros2_control_diffbot_ws/src/install/controller_manager_msgs/include/controller_manager_msgs/srv/detail/reload_controller_libraries__rosidl_typesupport_introspection_cpp.hpp
[2.804s] -- Up-to-date: /home/diego/Workspaces/ros2_control_diffbot_ws/src/install/controller_manager_msgs/include/controller_manager_msgs/srv/detail/configure_start_controller__rosidl_typesupport_introspection_cpp.hpp
[2.804s] -- Up-to-date: /home/diego/Workspaces/ros2_control_diffbot_ws/src/install/controller_manager_msgs/include/controller_manager_msgs/srv/detail/list_controller_types__rosidl_typesupport_introspection_cpp.hpp
[2.804s] -- Up-to-date: /home/diego/Workspaces/ros2_control_diffbot_ws/src/install/controller_manager_msgs/include/controller_manager_msgs/srv/detail/load_configure_controller__type_support.cpp
[2.805s] -- Up-to-date: /home/diego/Workspaces/ros2_control_diffbot_ws/src/install/controller_manager_msgs/include/controller_manager_msgs/srv/detail/reload_controller_libraries__type_support.cpp
[2.806s] -- Up-to-date: /home/diego/Workspaces/ros2_control_diffbot_ws/src/install/controller_manager_msgs/include/controller_manager_msgs/srv/detail/switch_controller__type_support.cpp
[2.807s] -- Up-to-date: /home/diego/Workspaces/ros2_control_diffbot_ws/src/install/controller_manager_msgs/include/controller_manager_msgs/srv/detail/load_start_controller__rosidl_typesupport_introspection_cpp.hpp
[2.808s] -- Up-to-date: /home/diego/Workspaces/ros2_control_diffbot_ws/src/install/controller_manager_msgs/include/controller_manager_msgs/srv/detail/configure_controller__type_support.cpp
[2.809s] -- Up-to-date: /home/diego/Workspaces/ros2_control_diffbot_ws/src/install/controller_manager_msgs/include/controller_manager_msgs/srv/detail/unload_controller__type_support.cpp
[2.810s] -- Up-to-date: /home/diego/Workspaces/ros2_control_diffbot_ws/src/install/controller_manager_msgs/include/controller_manager_msgs/srv/detail/load_start_controller__type_support.cpp
[2.810s] -- Up-to-date: /home/diego/Workspaces/ros2_control_diffbot_ws/src/install/controller_manager_msgs/include/controller_manager_msgs/msg
[2.811s] -- Up-to-date: /home/diego/Workspaces/ros2_control_diffbot_ws/src/install/controller_manager_msgs/include/controller_manager_msgs/msg/detail
[2.811s] -- Up-to-date: /home/diego/Workspaces/ros2_control_diffbot_ws/src/install/controller_manager_msgs/include/controller_manager_msgs/msg/detail/controller_state__rosidl_typesupport_introspection_cpp.hpp
[2.813s] -- Up-to-date: /home/diego/Workspaces/ros2_control_diffbot_ws/src/install/controller_manager_msgs/include/controller_manager_msgs/msg/detail/hardware_interface__type_support.cpp
[2.814s] -- Up-to-date: /home/diego/Workspaces/ros2_control_diffbot_ws/src/install/controller_manager_msgs/include/controller_manager_msgs/msg/detail/controller_state__type_support.cpp
[2.815s] -- Up-to-date: /home/diego/Workspaces/ros2_control_diffbot_ws/src/install/controller_manager_msgs/include/controller_manager_msgs/msg/detail/hardware_interface__rosidl_typesupport_introspection_cpp.hpp
[2.820s] -- Up-to-date: /home/diego/Workspaces/ros2_control_diffbot_ws/src/install/controller_manager_msgs/lib/libcontroller_manager_msgs__rosidl_typesupport_introspection_cpp.so
[2.822s] -- Up-to-date: /home/diego/Workspaces/ros2_control_diffbot_ws/src/install/controller_manager_msgs/lib/libcontroller_manager_msgs__rosidl_typesupport_cpp.so
[2.823s] -- Up-to-date: /home/diego/Workspaces/ros2_control_diffbot_ws/src/install/controller_manager_msgs/share/controller_manager_msgs/environment/pythonpath.sh
[2.823s] -- Up-to-date: /home/diego/Workspaces/ros2_control_diffbot_ws/src/install/controller_manager_msgs/share/controller_manager_msgs/environment/pythonpath.dsv
[2.824s] -- Up-to-date: /home/diego/Workspaces/ros2_control_diffbot_ws/src/install/controller_manager_msgs/lib/python3.8/site-packages/controller_manager_msgs/__init__.py
[2.825s] -- Up-to-date: /home/diego/Workspaces/ros2_control_diffbot_ws/src/install/controller_manager_msgs/lib/python3.8/site-packages/controller_manager_msgs/msg
[2.825s] -- Up-to-date: /home/diego/Workspaces/ros2_control_diffbot_ws/src/install/controller_manager_msgs/lib/python3.8/site-packages/controller_manager_msgs/msg/_controller_state.py
[2.826s] -- Up-to-date: /home/diego/Workspaces/ros2_control_diffbot_ws/src/install/controller_manager_msgs/lib/python3.8/site-packages/controller_manager_msgs/msg/_hardware_interface_s.c
[2.827s] -- Up-to-date: /home/diego/Workspaces/ros2_control_diffbot_ws/src/install/controller_manager_msgs/lib/python3.8/site-packages/controller_manager_msgs/msg/_controller_state_s.c
[2.828s] -- Up-to-date: /home/diego/Workspaces/ros2_control_diffbot_ws/src/install/controller_manager_msgs/lib/python3.8/site-packages/controller_manager_msgs/msg/_hardware_interface.py
[2.828s] -- Up-to-date: /home/diego/Workspaces/ros2_control_diffbot_ws/src/install/controller_manager_msgs/lib/python3.8/site-packages/controller_manager_msgs/msg/__init__.py
[2.829s] -- Up-to-date: /home/diego/Workspaces/ros2_control_diffbot_ws/src/install/controller_manager_msgs/lib/python3.8/site-packages/controller_manager_msgs/srv
[2.829s] -- Up-to-date: /home/diego/Workspaces/ros2_control_diffbot_ws/src/install/controller_manager_msgs/lib/python3.8/site-packages/controller_manager_msgs/srv/_list_controller_types.py
[2.833s] -- Up-to-date: /home/diego/Workspaces/ros2_control_diffbot_ws/src/install/controller_manager_msgs/lib/python3.8/site-packages/controller_manager_msgs/srv/_list_controllers_s.c
[2.834s] -- Up-to-date: /home/diego/Workspaces/ros2_control_diffbot_ws/src/install/controller_manager_msgs/lib/python3.8/site-packages/controller_manager_msgs/srv/_unload_controller_s.c
[2.834s] -- Up-to-date: /home/diego/Workspaces/ros2_control_diffbot_ws/src/install/controller_manager_msgs/lib/python3.8/site-packages/controller_manager_msgs/srv/_load_controller_s.c
[2.835s] -- Up-to-date: /home/diego/Workspaces/ros2_control_diffbot_ws/src/install/controller_manager_msgs/lib/python3.8/site-packages/controller_manager_msgs/srv/_load_controller.py
[2.835s] -- Up-to-date: /home/diego/Workspaces/ros2_control_diffbot_ws/src/install/controller_manager_msgs/lib/python3.8/site-packages/controller_manager_msgs/srv/_reload_controller_libraries_s.c
[2.836s] -- Up-to-date: /home/diego/Workspaces/ros2_control_diffbot_ws/src/install/controller_manager_msgs/lib/python3.8/site-packages/controller_manager_msgs/srv/_load_configure_controller.py
[2.836s] -- Up-to-date: /home/diego/Workspaces/ros2_control_diffbot_ws/src/install/controller_manager_msgs/lib/python3.8/site-packages/controller_manager_msgs/srv/_configure_controller.py
[2.837s] -- Up-to-date: /home/diego/Workspaces/ros2_control_diffbot_ws/src/install/controller_manager_msgs/lib/python3.8/site-packages/controller_manager_msgs/srv/_list_hardware_interfaces_s.c
[2.837s] -- Up-to-date: /home/diego/Workspaces/ros2_control_diffbot_ws/src/install/controller_manager_msgs/lib/python3.8/site-packages/controller_manager_msgs/srv/_switch_controller_s.c
[2.838s] -- Up-to-date: /home/diego/Workspaces/ros2_control_diffbot_ws/src/install/controller_manager_msgs/lib/python3.8/site-packages/controller_manager_msgs/srv/_configure_controller_s.c
[2.838s] -- Up-to-date: /home/diego/Workspaces/ros2_control_diffbot_ws/src/install/controller_manager_msgs/lib/python3.8/site-packages/controller_manager_msgs/srv/_list_controller_types_s.c
[2.839s] -- Up-to-date: /home/diego/Workspaces/ros2_control_diffbot_ws/src/install/controller_manager_msgs/lib/python3.8/site-packages/controller_manager_msgs/srv/_load_start_controller.py
[2.839s] -- Up-to-date: /home/diego/Workspaces/ros2_control_diffbot_ws/src/install/controller_manager_msgs/lib/python3.8/site-packages/controller_manager_msgs/srv/_list_controllers.py
[2.840s] -- Up-to-date: /home/diego/Workspaces/ros2_control_diffbot_ws/src/install/controller_manager_msgs/lib/python3.8/site-packages/controller_manager_msgs/srv/_switch_controller.py
[2.840s] -- Up-to-date: /home/diego/Workspaces/ros2_control_diffbot_ws/src/install/controller_manager_msgs/lib/python3.8/site-packages/controller_manager_msgs/srv/_configure_start_controller.py
[2.841s] -- Up-to-date: /home/diego/Workspaces/ros2_control_diffbot_ws/src/install/controller_manager_msgs/lib/python3.8/site-packages/controller_manager_msgs/srv/_load_configure_controller_s.c
[2.842s] -- Up-to-date: /home/diego/Workspaces/ros2_control_diffbot_ws/src/install/controller_manager_msgs/lib/python3.8/site-packages/controller_manager_msgs/srv/_unload_controller.py
[2.842s] -- Up-to-date: /home/diego/Workspaces/ros2_control_diffbot_ws/src/install/controller_manager_msgs/lib/python3.8/site-packages/controller_manager_msgs/srv/_load_start_controller_s.c
[2.843s] -- Up-to-date: /home/diego/Workspaces/ros2_control_diffbot_ws/src/install/controller_manager_msgs/lib/python3.8/site-packages/controller_manager_msgs/srv/_list_hardware_interfaces.py
[2.843s] -- Up-to-date: /home/diego/Workspaces/ros2_control_diffbot_ws/src/install/controller_manager_msgs/lib/python3.8/site-packages/controller_manager_msgs/srv/__init__.py
[2.843s] -- Up-to-date: /home/diego/Workspaces/ros2_control_diffbot_ws/src/install/controller_manager_msgs/lib/python3.8/site-packages/controller_manager_msgs/srv/_reload_controller_libraries.py
[2.844s] -- Up-to-date: /home/diego/Workspaces/ros2_control_diffbot_ws/src/install/controller_manager_msgs/lib/python3.8/site-packages/controller_manager_msgs/srv/_configure_start_controller_s.c
[2.844s] -- Up-to-date: /home/diego/Workspaces/ros2_control_diffbot_ws/src/install/controller_manager_msgs/lib/python3.8/site-packages/controller_manager_msgs/controller_manager_msgs_s__rosidl_typesupport_fastrtps_c.cpython-38-x86_64-linux-gnu.so
[2.844s] -- Up-to-date: /home/diego/Workspaces/ros2_control_diffbot_ws/src/install/controller_manager_msgs/lib/python3.8/site-packages/controller_manager_msgs/controller_manager_msgs_s__rosidl_typesupport_introspection_c.cpython-38-x86_64-linux-gnu.so
[2.845s] -- Up-to-date: /home/diego/Workspaces/ros2_control_diffbot_ws/src/install/controller_manager_msgs/lib/python3.8/site-packages/controller_manager_msgs/controller_manager_msgs_s__rosidl_typesupport_c.cpython-38-x86_64-linux-gnu.so
[2.846s] -- Up-to-date: /home/diego/Workspaces/ros2_control_diffbot_ws/src/install/controller_manager_msgs/lib/libcontroller_manager_msgs__python.so
[2.846s] -- Up-to-date: /home/diego/Workspaces/ros2_control_diffbot_ws/src/install/controller_manager_msgs/share/controller_manager_msgs/msg/ControllerState.idl
[2.846s] -- Up-to-date: /home/diego/Workspaces/ros2_control_diffbot_ws/src/install/controller_manager_msgs/share/controller_manager_msgs/msg/HardwareInterface.idl
[2.847s] -- Up-to-date: /home/diego/Workspaces/ros2_control_diffbot_ws/src/install/controller_manager_msgs/share/controller_manager_msgs/srv/ConfigureController.idl
[2.847s] -- Up-to-date: /home/diego/Workspaces/ros2_control_diffbot_ws/src/install/controller_manager_msgs/share/controller_manager_msgs/srv/ConfigureStartController.idl
[2.847s] -- Up-to-date: /home/diego/Workspaces/ros2_control_diffbot_ws/src/install/controller_manager_msgs/share/controller_manager_msgs/srv/ListControllers.idl
[2.848s] -- Up-to-date: /home/diego/Workspaces/ros2_control_diffbot_ws/src/install/controller_manager_msgs/share/controller_manager_msgs/srv/ListControllerTypes.idl
[2.848s] -- Up-to-date: /home/diego/Workspaces/ros2_control_diffbot_ws/src/install/controller_manager_msgs/share/controller_manager_msgs/srv/ListHardwareInterfaces.idl
[2.848s] -- Up-to-date: /home/diego/Workspaces/ros2_control_diffbot_ws/src/install/controller_manager_msgs/share/controller_manager_msgs/srv/LoadConfigureController.idl
[2.848s] -- Up-to-date: /home/diego/Workspaces/ros2_control_diffbot_ws/src/install/controller_manager_msgs/share/controller_manager_msgs/srv/LoadController.idl
[2.849s] -- Up-to-date: /home/diego/Workspaces/ros2_control_diffbot_ws/src/install/controller_manager_msgs/share/controller_manager_msgs/srv/LoadStartController.idl
[2.849s] -- Up-to-date: /home/diego/Workspaces/ros2_control_diffbot_ws/src/install/controller_manager_msgs/share/controller_manager_msgs/srv/ReloadControllerLibraries.idl
[2.850s] -- Up-to-date: /home/diego/Workspaces/ros2_control_diffbot_ws/src/install/controller_manager_msgs/share/controller_manager_msgs/srv/SwitchController.idl
[2.851s] -- Up-to-date: /home/diego/Workspaces/ros2_control_diffbot_ws/src/install/controller_manager_msgs/share/controller_manager_msgs/srv/UnloadController.idl
[2.851s] -- Up-to-date: /home/diego/Workspaces/ros2_control_diffbot_ws/src/install/controller_manager_msgs/share/controller_manager_msgs/msg/ControllerState.msg
[2.852s] -- Up-to-date: /home/diego/Workspaces/ros2_control_diffbot_ws/src/install/controller_manager_msgs/share/controller_manager_msgs/msg/HardwareInterface.msg
[2.852s] -- Up-to-date: /home/diego/Workspaces/ros2_control_diffbot_ws/src/install/controller_manager_msgs/share/controller_manager_msgs/srv/ConfigureController.srv
[2.853s] -- Up-to-date: /home/diego/Workspaces/ros2_control_diffbot_ws/src/install/controller_manager_msgs/share/controller_manager_msgs/srv/ConfigureController_Request.msg
[2.853s] -- Up-to-date: /home/diego/Workspaces/ros2_control_diffbot_ws/src/install/controller_manager_msgs/share/controller_manager_msgs/srv/ConfigureController_Response.msg
[2.854s] -- Up-to-date: /home/diego/Workspaces/ros2_control_diffbot_ws/src/install/controller_manager_msgs/share/controller_manager_msgs/srv/ConfigureStartController.srv
[2.854s] -- Up-to-date: /home/diego/Workspaces/ros2_control_diffbot_ws/src/install/controller_manager_msgs/share/controller_manager_msgs/srv/ConfigureStartController_Request.msg
[2.854s] -- Up-to-date: /home/diego/Workspaces/ros2_control_diffbot_ws/src/install/controller_manager_msgs/share/controller_manager_msgs/srv/ConfigureStartController_Response.msg
[2.855s] -- Up-to-date: /home/diego/Workspaces/ros2_control_diffbot_ws/src/install/controller_manager_msgs/share/controller_manager_msgs/srv/ListControllers.srv
[2.855s] -- Up-to-date: /home/diego/Workspaces/ros2_control_diffbot_ws/src/install/controller_manager_msgs/share/controller_manager_msgs/srv/ListControllers_Request.msg
[2.856s] -- Up-to-date: /home/diego/Workspaces/ros2_control_diffbot_ws/src/install/controller_manager_msgs/share/controller_manager_msgs/srv/ListControllers_Response.msg
[2.857s] -- Up-to-date: /home/diego/Workspaces/ros2_control_diffbot_ws/src/install/controller_manager_msgs/share/controller_manager_msgs/srv/ListControllerTypes.srv
[2.858s] -- Up-to-date: /home/diego/Workspaces/ros2_control_diffbot_ws/src/install/controller_manager_msgs/share/controller_manager_msgs/srv/ListControllerTypes_Request.msg
[2.858s] -- Up-to-date: /home/diego/Workspaces/ros2_control_diffbot_ws/src/install/controller_manager_msgs/share/controller_manager_msgs/srv/ListControllerTypes_Response.msg
[2.859s] -- Up-to-date: /home/diego/Workspaces/ros2_control_diffbot_ws/src/install/controller_manager_msgs/share/controller_manager_msgs/srv/ListHardwareInterfaces.srv
[2.860s] -- Up-to-date: /home/diego/Workspaces/ros2_control_diffbot_ws/src/install/controller_manager_msgs/share/controller_manager_msgs/srv/ListHardwareInterfaces_Request.msg
[2.860s] -- Up-to-date: /home/diego/Workspaces/ros2_control_diffbot_ws/src/install/controller_manager_msgs/share/controller_manager_msgs/srv/ListHardwareInterfaces_Response.msg
[2.861s] -- Up-to-date: /home/diego/Workspaces/ros2_control_diffbot_ws/src/install/controller_manager_msgs/share/controller_manager_msgs/srv/LoadConfigureController.srv
[2.861s] -- Up-to-date: /home/diego/Workspaces/ros2_control_diffbot_ws/src/install/controller_manager_msgs/share/controller_manager_msgs/srv/LoadConfigureController_Request.msg
[2.862s] -- Up-to-date: /home/diego/Workspaces/ros2_control_diffbot_ws/src/install/controller_manager_msgs/share/controller_manager_msgs/srv/LoadConfigureController_Response.msg
[2.862s] -- Up-to-date: /home/diego/Workspaces/ros2_control_diffbot_ws/src/install/controller_manager_msgs/share/controller_manager_msgs/srv/LoadController.srv
[2.863s] -- Up-to-date: /home/diego/Workspaces/ros2_control_diffbot_ws/src/install/controller_manager_msgs/share/controller_manager_msgs/srv/LoadController_Request.msg
[2.869s] -- Up-to-date: /home/diego/Workspaces/ros2_control_diffbot_ws/src/install/controller_manager_msgs/share/controller_manager_msgs/srv/LoadController_Response.msg
[2.869s] -- Up-to-date: /home/diego/Workspaces/ros2_control_diffbot_ws/src/install/controller_manager_msgs/share/controller_manager_msgs/srv/LoadStartController.srv
[2.870s] -- Up-to-date: /home/diego/Workspaces/ros2_control_diffbot_ws/src/install/controller_manager_msgs/share/controller_manager_msgs/srv/LoadStartController_Request.msg
[2.870s] -- Up-to-date: /home/diego/Workspaces/ros2_control_diffbot_ws/src/install/controller_manager_msgs/share/controller_manager_msgs/srv/LoadStartController_Response.msg
[2.871s] -- Up-to-date: /home/diego/Workspaces/ros2_control_diffbot_ws/src/install/controller_manager_msgs/share/controller_manager_msgs/srv/ReloadControllerLibraries.srv
[2.871s] -- Up-to-date: /home/diego/Workspaces/ros2_control_diffbot_ws/src/install/controller_manager_msgs/share/controller_manager_msgs/srv/ReloadControllerLibraries_Request.msg
[2.880s] -- Up-to-date: /home/diego/Workspaces/ros2_control_diffbot_ws/src/install/controller_manager_msgs/share/controller_manager_msgs/srv/ReloadControllerLibraries_Response.msg
[2.882s] -- Up-to-date: /home/diego/Workspaces/ros2_control_diffbot_ws/src/install/controller_manager_msgs/share/controller_manager_msgs/srv/SwitchController.srv
[2.882s] -- Up-to-date: /home/diego/Workspaces/ros2_control_diffbot_ws/src/install/controller_manager_msgs/share/controller_manager_msgs/srv/SwitchController_Request.msg
[2.883s] -- Up-to-date: /home/diego/Workspaces/ros2_control_diffbot_ws/src/install/controller_manager_msgs/share/controller_manager_msgs/srv/SwitchController_Response.msg
[2.884s] -- Up-to-date: /home/diego/Workspaces/ros2_control_diffbot_ws/src/install/controller_manager_msgs/share/controller_manager_msgs/srv/UnloadController.srv
[2.884s] -- Up-to-date: /home/diego/Workspaces/ros2_control_diffbot_ws/src/install/controller_manager_msgs/share/controller_manager_msgs/srv/UnloadController_Request.msg
[2.885s] -- Up-to-date: /home/diego/Workspaces/ros2_control_diffbot_ws/src/install/controller_manager_msgs/share/controller_manager_msgs/srv/UnloadController_Response.msg
[2.887s] -- Up-to-date: /home/diego/Workspaces/ros2_control_diffbot_ws/src/install/controller_manager_msgs/share/ament_index/resource_index/package_run_dependencies/controller_manager_msgs
[2.889s] -- Up-to-date: /home/diego/Workspaces/ros2_control_diffbot_ws/src/install/controller_manager_msgs/share/ament_index/resource_index/parent_prefix_path/controller_manager_msgs
[2.889s] -- Up-to-date: /home/diego/Workspaces/ros2_control_diffbot_ws/src/install/controller_manager_msgs/share/controller_manager_msgs/environment/ament_prefix_path.sh
[2.890s] -- Up-to-date: /home/diego/Workspaces/ros2_control_diffbot_ws/src/install/controller_manager_msgs/share/controller_manager_msgs/environment/ament_prefix_path.dsv
[2.893s] -- Up-to-date: /home/diego/Workspaces/ros2_control_diffbot_ws/src/install/controller_manager_msgs/share/controller_manager_msgs/environment/path.sh
[2.893s] -- Up-to-date: /home/diego/Workspaces/ros2_control_diffbot_ws/src/install/controller_manager_msgs/share/controller_manager_msgs/environment/path.dsv
[2.894s] -- Up-to-date: /home/diego/Workspaces/ros2_control_diffbot_ws/src/install/controller_manager_msgs/share/controller_manager_msgs/local_setup.bash
[2.894s] -- Up-to-date: /home/diego/Workspaces/ros2_control_diffbot_ws/src/install/controller_manager_msgs/share/controller_manager_msgs/local_setup.sh
[2.895s] -- Up-to-date: /home/diego/Workspaces/ros2_control_diffbot_ws/src/install/controller_manager_msgs/share/controller_manager_msgs/local_setup.zsh
[2.895s] -- Up-to-date: /home/diego/Workspaces/ros2_control_diffbot_ws/src/install/controller_manager_msgs/share/controller_manager_msgs/local_setup.dsv
[2.901s] -- Installing: /home/diego/Workspaces/ros2_control_diffbot_ws/src/install/controller_manager_msgs/share/controller_manager_msgs/package.dsv
[2.902s] -- Up-to-date: /home/diego/Workspaces/ros2_control_diffbot_ws/src/install/controller_manager_msgs/share/ament_index/resource_index/packages/controller_manager_msgs
[2.904s] -- Up-to-date: /home/diego/Workspaces/ros2_control_diffbot_ws/src/install/controller_manager_msgs/share/controller_manager_msgs/cmake/controller_manager_msgs__rosidl_generator_cExport.cmake
[2.905s] -- Up-to-date: /home/diego/Workspaces/ros2_control_diffbot_ws/src/install/controller_manager_msgs/share/controller_manager_msgs/cmake/controller_manager_msgs__rosidl_generator_cExport-noconfig.cmake
[2.909s] -- Up-to-date: /home/diego/Workspaces/ros2_control_diffbot_ws/src/install/controller_manager_msgs/share/controller_manager_msgs/cmake/controller_manager_msgs__rosidl_typesupport_introspection_cExport.cmake
[2.910s] -- Up-to-date: /home/diego/Workspaces/ros2_control_diffbot_ws/src/install/controller_manager_msgs/share/controller_manager_msgs/cmake/controller_manager_msgs__rosidl_typesupport_introspection_cExport-noconfig.cmake
[2.914s] -- Up-to-date: /home/diego/Workspaces/ros2_control_diffbot_ws/src/install/controller_manager_msgs/share/controller_manager_msgs/cmake/controller_manager_msgs__rosidl_typesupport_cExport.cmake
[2.915s] -- Up-to-date: /home/diego/Workspaces/ros2_control_diffbot_ws/src/install/controller_manager_msgs/share/controller_manager_msgs/cmake/controller_manager_msgs__rosidl_typesupport_cExport-noconfig.cmake
[2.919s] -- Up-to-date: /home/diego/Workspaces/ros2_control_diffbot_ws/src/install/controller_manager_msgs/share/controller_manager_msgs/cmake/controller_manager_msgs__rosidl_generator_cppExport.cmake
[2.923s] -- Up-to-date: /home/diego/Workspaces/ros2_control_diffbot_ws/src/install/controller_manager_msgs/share/controller_manager_msgs/cmake/controller_manager_msgs__rosidl_typesupport_introspection_cppExport.cmake
[2.924s] -- Up-to-date: /home/diego/Workspaces/ros2_control_diffbot_ws/src/install/controller_manager_msgs/share/controller_manager_msgs/cmake/controller_manager_msgs__rosidl_typesupport_introspection_cppExport-noconfig.cmake
[2.928s] -- Up-to-date: /home/diego/Workspaces/ros2_control_diffbot_ws/src/install/controller_manager_msgs/share/controller_manager_msgs/cmake/controller_manager_msgs__rosidl_typesupport_cppExport.cmake
[2.929s] -- Up-to-date: /home/diego/Workspaces/ros2_control_diffbot_ws/src/install/controller_manager_msgs/share/controller_manager_msgs/cmake/controller_manager_msgs__rosidl_typesupport_cppExport-noconfig.cmake
[2.931s] -- Up-to-date: /home/diego/Workspaces/ros2_control_diffbot_ws/src/install/controller_manager_msgs/share/controller_manager_msgs/cmake/rosidl_cmake-extras.cmake
[2.932s] -- Up-to-date: /home/diego/Workspaces/ros2_control_diffbot_ws/src/install/controller_manager_msgs/share/controller_manager_msgs/cmake/ament_cmake_export_dependencies-extras.cmake
[2.933s] -- Up-to-date: /home/diego/Workspaces/ros2_control_diffbot_ws/src/install/controller_manager_msgs/share/controller_manager_msgs/cmake/ament_cmake_export_libraries-extras.cmake
[2.933s] -- Up-to-date: /home/diego/Workspaces/ros2_control_diffbot_ws/src/install/controller_manager_msgs/share/controller_manager_msgs/cmake/ament_cmake_export_targets-extras.cmake
[2.934s] -- Up-to-date: /home/diego/Workspaces/ros2_control_diffbot_ws/src/install/controller_manager_msgs/share/controller_manager_msgs/cmake/ament_cmake_export_include_directories-extras.cmake
[2.935s] -- Up-to-date: /home/diego/Workspaces/ros2_control_diffbot_ws/src/install/controller_manager_msgs/share/controller_manager_msgs/cmake/rosidl_cmake_export_typesupport_libraries-extras.cmake
[2.938s] -- Up-to-date: /home/diego/Workspaces/ros2_control_diffbot_ws/src/install/controller_manager_msgs/share/controller_manager_msgs/cmake/rosidl_cmake_export_typesupport_targets-extras.cmake
[2.938s] -- Up-to-date: /home/diego/Workspaces/ros2_control_diffbot_ws/src/install/controller_manager_msgs/share/controller_manager_msgs/cmake/controller_manager_msgsConfig.cmake
[2.939s] -- Up-to-date: /home/diego/Workspaces/ros2_control_diffbot_ws/src/install/controller_manager_msgs/share/controller_manager_msgs/cmake/controller_manager_msgsConfig-version.cmake
[2.939s] -- Up-to-date: /home/diego/Workspaces/ros2_control_diffbot_ws/src/install/controller_manager_msgs/share/controller_manager_msgs/package.xml
[2.959s] Invoked command in '/home/diego/Workspaces/ros2_control_diffbot_ws/src/build/controller_manager_msgs' returned '0': CMAKE_PREFIX_PATH=/opt/ros/foxy /usr/bin/cmake --install /home/diego/Workspaces/ros2_control_diffbot_ws/src/build/controller_manager_msgs
