[2.412s] Invoking command in '/home/diego/Workspaces/ros2_control_diffbot_ws/src/python_dev/src/package_python': PYTHONPATH=/home/diego/Workspaces/ros2_control_diffbot_ws/install/package_python/lib/python3.8/site-packages:${PYTHONPATH} /usr/bin/python3 setup.py egg_info --egg-base ../../../../build/package_python build --build-base /home/diego/Workspaces/ros2_control_diffbot_ws/build/package_python/build install --prefix /home/diego/Workspaces/ros2_control_diffbot_ws/install/package_python --record /home/diego/Workspaces/ros2_control_diffbot_ws/build/package_python/install.log --single-version-externally-managed
[3.136s] running egg_info
[3.138s] writing ../../../../build/package_python/package_python.egg-info/PKG-INFO
[3.139s] writing dependency_links to ../../../../build/package_python/package_python.egg-info/dependency_links.txt
[3.141s] writing entry points to ../../../../build/package_python/package_python.egg-info/entry_points.txt
[3.142s] writing requirements to ../../../../build/package_python/package_python.egg-info/requires.txt
[3.143s] writing top-level names to ../../../../build/package_python/package_python.egg-info/top_level.txt
[3.275s] reading manifest file '../../../../build/package_python/package_python.egg-info/SOURCES.txt'
[3.288s] writing manifest file '../../../../build/package_python/package_python.egg-info/SOURCES.txt'
[3.288s] running build
[3.289s] running build_py
[3.289s] running install
[3.289s] running install_lib
[3.289s] byte-compiling /home/diego/Workspaces/ros2_control_diffbot_ws/install/package_python/lib/python3.8/site-packages/package_python/py_pub_spiral.py to py_pub_spiral.cpython-38.pyc
[3.291s]   File "/home/diego/Workspaces/ros2_control_diffbot_ws/install/package_python/lib/python3.8/site-packages/package_python/py_pub_spiral.py", line 38
[3.291s]     self.i += float(data)f
[3.291s]                          ^
[3.291s] SyntaxError: invalid syntax
[3.291s] 
[3.291s] running install_data
[3.292s] running install_egg_info
[3.297s] removing '/home/diego/Workspaces/ros2_control_diffbot_ws/install/package_python/lib/python3.8/site-packages/package_python-0.0.0-py3.8.egg-info' (and everything under it)
[3.297s] Copying ../../../../build/package_python/package_python.egg-info to /home/diego/Workspaces/ros2_control_diffbot_ws/install/package_python/lib/python3.8/site-packages/package_python-0.0.0-py3.8.egg-info
[3.299s] running install_scripts
[3.346s] Installing nodo_py script to /home/diego/Workspaces/ros2_control_diffbot_ws/install/package_python/lib/package_python
[3.347s] Installing py_pub_spiral script to /home/diego/Workspaces/ros2_control_diffbot_ws/install/package_python/lib/package_python
[3.348s] writing list of installed files to '/home/diego/Workspaces/ros2_control_diffbot_ws/build/package_python/install.log'
[3.420s] Invoked command in '/home/diego/Workspaces/ros2_control_diffbot_ws/src/python_dev/src/package_python' returned '0': PYTHONPATH=/home/diego/Workspaces/ros2_control_diffbot_ws/install/package_python/lib/python3.8/site-packages:${PYTHONPATH} /usr/bin/python3 setup.py egg_info --egg-base ../../../../build/package_python build --build-base /home/diego/Workspaces/ros2_control_diffbot_ws/build/package_python/build install --prefix /home/diego/Workspaces/ros2_control_diffbot_ws/install/package_python --record /home/diego/Workspaces/ros2_control_diffbot_ws/build/package_python/install.log --single-version-externally-managed
