[0.163s] Invoking command in '/home/diego/Workspaces/ros2_control_diffbot_ws/build/hardware_interface': AMENT_PREFIX_PATH=/home/diego/Workspaces/ros2_control_diffbot_ws/install/ros2_control_test_assets:/home/diego/Workspaces/ros2_control_diffbot_ws/install/control_msgs:${AMENT_PREFIX_PATH} CMAKE_PREFIX_PATH=/home/diego/Workspaces/ros2_control_diffbot_ws/install/ros2_control_test_assets:/home/diego/Workspaces/ros2_control_diffbot_ws/install/control_msgs:/opt/ros/foxy LD_LIBRARY_PATH=/home/diego/Workspaces/ros2_control_diffbot_ws/install/control_msgs/lib:${LD_LIBRARY_PATH} PYTHONPATH=/home/diego/Workspaces/ros2_control_diffbot_ws/install/control_msgs/lib/python3.8/site-packages:${PYTHONPATH} /usr/bin/cmake --build /home/diego/Workspaces/ros2_control_diffbot_ws/build/hardware_interface -- -j2 -l2
[0.450s] [ 17%] Built target hardware_interface
[0.548s] [ 26%] Built target gmock
[0.632s] [ 32%] Built target gmock_main
[0.718s] [ 44%] Built target test_components
[0.807s] [ 58%] Built target test_hardware_components
[0.882s] [ 64%] Built target test_generic_system
[0.942s] [ 70%] Built target test_macros
[1.020s] [ 76%] Built target test_resource_manager
[1.101s] [ 82%] Built target fake_components
[1.188s] [ 88%] Built target test_component_interfaces
[1.273s] [ 94%] Built target test_joint_handle
[1.359s] [100%] Built target test_component_parser
[1.444s] Invoked command in '/home/diego/Workspaces/ros2_control_diffbot_ws/build/hardware_interface' returned '0': AMENT_PREFIX_PATH=/home/diego/Workspaces/ros2_control_diffbot_ws/install/ros2_control_test_assets:/home/diego/Workspaces/ros2_control_diffbot_ws/install/control_msgs:${AMENT_PREFIX_PATH} CMAKE_PREFIX_PATH=/home/diego/Workspaces/ros2_control_diffbot_ws/install/ros2_control_test_assets:/home/diego/Workspaces/ros2_control_diffbot_ws/install/control_msgs:/opt/ros/foxy LD_LIBRARY_PATH=/home/diego/Workspaces/ros2_control_diffbot_ws/install/control_msgs/lib:${LD_LIBRARY_PATH} PYTHONPATH=/home/diego/Workspaces/ros2_control_diffbot_ws/install/control_msgs/lib/python3.8/site-packages:${PYTHONPATH} /usr/bin/cmake --build /home/diego/Workspaces/ros2_control_diffbot_ws/build/hardware_interface -- -j2 -l2
[1.724s] Invoking command in '/home/diego/Workspaces/ros2_control_diffbot_ws/build/hardware_interface': AMENT_PREFIX_PATH=/home/diego/Workspaces/ros2_control_diffbot_ws/install/ros2_control_test_assets:/home/diego/Workspaces/ros2_control_diffbot_ws/install/control_msgs:${AMENT_PREFIX_PATH} CMAKE_PREFIX_PATH=/home/diego/Workspaces/ros2_control_diffbot_ws/install/ros2_control_test_assets:/home/diego/Workspaces/ros2_control_diffbot_ws/install/control_msgs:/opt/ros/foxy LD_LIBRARY_PATH=/home/diego/Workspaces/ros2_control_diffbot_ws/install/control_msgs/lib:${LD_LIBRARY_PATH} PYTHONPATH=/home/diego/Workspaces/ros2_control_diffbot_ws/install/control_msgs/lib/python3.8/site-packages:${PYTHONPATH} /usr/bin/cmake --install /home/diego/Workspaces/ros2_control_diffbot_ws/build/hardware_interface
[1.762s] -- Install configuration: ""
[1.765s] -- Execute custom install script
[1.772s] -- Up-to-date symlink: /home/diego/Workspaces/ros2_control_diffbot_ws/install/hardware_interface/share/hardware_interface//fake_components_plugin_description.xml
[1.777s] -- Up-to-date symlink: /home/diego/Workspaces/ros2_control_diffbot_ws/install/hardware_interface/include/fake_components/generic_system.hpp
[1.779s] -- Up-to-date symlink: /home/diego/Workspaces/ros2_control_diffbot_ws/install/hardware_interface/include/fake_components/visibility_control.h
[1.781s] -- Up-to-date symlink: /home/diego/Workspaces/ros2_control_diffbot_ws/install/hardware_interface/include/hardware_interface/actuator.hpp
[1.785s] -- Up-to-date symlink: /home/diego/Workspaces/ros2_control_diffbot_ws/install/hardware_interface/include/hardware_interface/actuator_interface.hpp
[1.788s] -- Up-to-date symlink: /home/diego/Workspaces/ros2_control_diffbot_ws/install/hardware_interface/include/hardware_interface/base_interface.hpp
[1.790s] -- Up-to-date symlink: /home/diego/Workspaces/ros2_control_diffbot_ws/install/hardware_interface/include/hardware_interface/component_parser.hpp
[1.792s] -- Up-to-date symlink: /home/diego/Workspaces/ros2_control_diffbot_ws/install/hardware_interface/include/hardware_interface/controller_info.hpp
[1.794s] -- Up-to-date symlink: /home/diego/Workspaces/ros2_control_diffbot_ws/install/hardware_interface/include/hardware_interface/handle.hpp
[1.800s] -- Up-to-date symlink: /home/diego/Workspaces/ros2_control_diffbot_ws/install/hardware_interface/include/hardware_interface/hardware_info.hpp
[1.803s] -- Up-to-date symlink: /home/diego/Workspaces/ros2_control_diffbot_ws/install/hardware_interface/include/hardware_interface/loaned_command_interface.hpp
[1.805s] -- Up-to-date symlink: /home/diego/Workspaces/ros2_control_diffbot_ws/install/hardware_interface/include/hardware_interface/loaned_state_interface.hpp
[1.806s] -- Up-to-date symlink: /home/diego/Workspaces/ros2_control_diffbot_ws/install/hardware_interface/include/hardware_interface/macros.hpp
[1.808s] -- Up-to-date symlink: /home/diego/Workspaces/ros2_control_diffbot_ws/install/hardware_interface/include/hardware_interface/resource_manager.hpp
[1.810s] -- Up-to-date symlink: /home/diego/Workspaces/ros2_control_diffbot_ws/install/hardware_interface/include/hardware_interface/sensor.hpp
[1.812s] -- Up-to-date symlink: /home/diego/Workspaces/ros2_control_diffbot_ws/install/hardware_interface/include/hardware_interface/sensor_interface.hpp
[1.815s] -- Up-to-date symlink: /home/diego/Workspaces/ros2_control_diffbot_ws/install/hardware_interface/include/hardware_interface/system.hpp
[1.818s] -- Up-to-date symlink: /home/diego/Workspaces/ros2_control_diffbot_ws/install/hardware_interface/include/hardware_interface/system_interface.hpp
[1.823s] -- Up-to-date symlink: /home/diego/Workspaces/ros2_control_diffbot_ws/install/hardware_interface/include/hardware_interface/types/hardware_interface_return_values.hpp
[1.823s] -- Up-to-date symlink: /home/diego/Workspaces/ros2_control_diffbot_ws/install/hardware_interface/include/hardware_interface/types/hardware_interface_status_values.hpp
[1.825s] -- Up-to-date symlink: /home/diego/Workspaces/ros2_control_diffbot_ws/install/hardware_interface/include/hardware_interface/types/hardware_interface_type_values.hpp
[1.827s] -- Up-to-date symlink: /home/diego/Workspaces/ros2_control_diffbot_ws/install/hardware_interface/include/hardware_interface/visibility_control.h
[1.833s] -- Up-to-date symlink: /home/diego/Workspaces/ros2_control_diffbot_ws/install/hardware_interface/lib/libfake_components.so
[1.835s] -- Up-to-date symlink: /home/diego/Workspaces/ros2_control_diffbot_ws/install/hardware_interface/lib/libhardware_interface.so
[1.840s] -- Up-to-date symlink: /home/diego/Workspaces/ros2_control_diffbot_ws/install/hardware_interface/lib/libtest_components.so
[1.844s] -- Up-to-date symlink: /home/diego/Workspaces/ros2_control_diffbot_ws/install/hardware_interface/share/hardware_interface/test/test_components/test_components.xml
[1.854s] -- Up-to-date symlink: /home/diego/Workspaces/ros2_control_diffbot_ws/install/hardware_interface/lib/libtest_hardware_components.so
[1.859s] -- Up-to-date symlink: /home/diego/Workspaces/ros2_control_diffbot_ws/install/hardware_interface/share/hardware_interface/test/test_hardware_components/test_hardware_components.xml
[1.862s] -- Up-to-date symlink: /home/diego/Workspaces/ros2_control_diffbot_ws/install/hardware_interface/share/hardware_interface/environment/library_path.sh
[1.863s] -- Up-to-date symlink: /home/diego/Workspaces/ros2_control_diffbot_ws/install/hardware_interface/share/hardware_interface/environment/library_path.dsv
[1.868s] -- Up-to-date symlink: /home/diego/Workspaces/ros2_control_diffbot_ws/install/hardware_interface/share/ament_index/resource_index/package_run_dependencies/hardware_interface
[1.870s] -- Up-to-date symlink: /home/diego/Workspaces/ros2_control_diffbot_ws/install/hardware_interface/share/ament_index/resource_index/parent_prefix_path/hardware_interface
[1.871s] -- Up-to-date symlink: /home/diego/Workspaces/ros2_control_diffbot_ws/install/hardware_interface/share/hardware_interface/environment/ament_prefix_path.sh
[1.873s] -- Up-to-date symlink: /home/diego/Workspaces/ros2_control_diffbot_ws/install/hardware_interface/share/hardware_interface/environment/ament_prefix_path.dsv
[1.874s] -- Up-to-date symlink: /home/diego/Workspaces/ros2_control_diffbot_ws/install/hardware_interface/share/hardware_interface/environment/path.sh
[1.875s] -- Up-to-date symlink: /home/diego/Workspaces/ros2_control_diffbot_ws/install/hardware_interface/share/hardware_interface/environment/path.dsv
[1.877s] -- Up-to-date symlink: /home/diego/Workspaces/ros2_control_diffbot_ws/install/hardware_interface/share/hardware_interface/local_setup.bash
[1.879s] -- Up-to-date symlink: /home/diego/Workspaces/ros2_control_diffbot_ws/install/hardware_interface/share/hardware_interface/local_setup.sh
[1.881s] -- Up-to-date symlink: /home/diego/Workspaces/ros2_control_diffbot_ws/install/hardware_interface/share/hardware_interface/local_setup.zsh
[1.882s] -- Up-to-date symlink: /home/diego/Workspaces/ros2_control_diffbot_ws/install/hardware_interface/share/hardware_interface/local_setup.dsv
[1.885s] -- Symlinking: /home/diego/Workspaces/ros2_control_diffbot_ws/install/hardware_interface/share/hardware_interface/package.dsv
[1.917s] -- Up-to-date symlink: /home/diego/Workspaces/ros2_control_diffbot_ws/install/hardware_interface/share/ament_index/resource_index/packages/hardware_interface
[1.918s] -- Up-to-date symlink: /home/diego/Workspaces/ros2_control_diffbot_ws/install/hardware_interface/share/ament_index/resource_index/hardware_interface__pluginlib__plugin/hardware_interface
[1.920s] -- Up-to-date symlink: /home/diego/Workspaces/ros2_control_diffbot_ws/install/hardware_interface/share/hardware_interface/cmake/ament_cmake_export_include_directories-extras.cmake
[1.923s] -- Up-to-date symlink: /home/diego/Workspaces/ros2_control_diffbot_ws/install/hardware_interface/share/hardware_interface/cmake/ament_cmake_export_libraries-extras.cmake
[1.927s] -- Up-to-date symlink: /home/diego/Workspaces/ros2_control_diffbot_ws/install/hardware_interface/share/hardware_interface/cmake/ament_cmake_export_dependencies-extras.cmake
[1.930s] -- Up-to-date symlink: /home/diego/Workspaces/ros2_control_diffbot_ws/install/hardware_interface/share/hardware_interface/cmake/hardware_interfaceConfig.cmake
[1.932s] -- Up-to-date symlink: /home/diego/Workspaces/ros2_control_diffbot_ws/install/hardware_interface/share/hardware_interface/cmake/hardware_interfaceConfig-version.cmake
[1.941s] -- Up-to-date symlink: /home/diego/Workspaces/ros2_control_diffbot_ws/install/hardware_interface/share/hardware_interface/package.xml
[1.955s] Invoked command in '/home/diego/Workspaces/ros2_control_diffbot_ws/build/hardware_interface' returned '0': AMENT_PREFIX_PATH=/home/diego/Workspaces/ros2_control_diffbot_ws/install/ros2_control_test_assets:/home/diego/Workspaces/ros2_control_diffbot_ws/install/control_msgs:${AMENT_PREFIX_PATH} CMAKE_PREFIX_PATH=/home/diego/Workspaces/ros2_control_diffbot_ws/install/ros2_control_test_assets:/home/diego/Workspaces/ros2_control_diffbot_ws/install/control_msgs:/opt/ros/foxy LD_LIBRARY_PATH=/home/diego/Workspaces/ros2_control_diffbot_ws/install/control_msgs/lib:${LD_LIBRARY_PATH} PYTHONPATH=/home/diego/Workspaces/ros2_control_diffbot_ws/install/control_msgs/lib/python3.8/site-packages:${PYTHONPATH} /usr/bin/cmake --install /home/diego/Workspaces/ros2_control_diffbot_ws/build/hardware_interface
