[2.398s] Invoking command in '/home/diego/Workspaces/ros2_control_diffbot_ws/src/python_dev/src/package_python': PYTHONPATH=/home/diego/Workspaces/ros2_control_diffbot_ws/install/package_python/lib/python3.8/site-packages:${PYTHONPATH} /usr/bin/python3 setup.py egg_info --egg-base ../../../../build/package_python build --build-base /home/diego/Workspaces/ros2_control_diffbot_ws/build/package_python/build install --prefix /home/diego/Workspaces/ros2_control_diffbot_ws/install/package_python --record /home/diego/Workspaces/ros2_control_diffbot_ws/build/package_python/install.log --single-version-externally-managed
[3.044s] running egg_info
[3.046s] writing ../../../../build/package_python/package_python.egg-info/PKG-INFO
[3.050s] writing dependency_links to ../../../../build/package_python/package_python.egg-info/dependency_links.txt
[3.051s] writing entry points to ../../../../build/package_python/package_python.egg-info/entry_points.txt
[3.051s] writing requirements to ../../../../build/package_python/package_python.egg-info/requires.txt
[3.053s] writing top-level names to ../../../../build/package_python/package_python.egg-info/top_level.txt
[3.153s] reading manifest file '../../../../build/package_python/package_python.egg-info/SOURCES.txt'
[3.157s] writing manifest file '../../../../build/package_python/package_python.egg-info/SOURCES.txt'
[3.158s] running build
[3.158s] running build_py
[3.162s] copying package_python/nodo_py.py -> /home/diego/Workspaces/ros2_control_diffbot_ws/build/package_python/build/lib/package_python
[3.163s] copying package_python/py_pub_spiral.py -> /home/diego/Workspaces/ros2_control_diffbot_ws/build/package_python/build/lib/package_python
[3.165s] running install
[3.168s] running install_lib
[3.172s] copying /home/diego/Workspaces/ros2_control_diffbot_ws/build/package_python/build/lib/package_python/nodo_py.py -> /home/diego/Workspaces/ros2_control_diffbot_ws/install/package_python/lib/python3.8/site-packages/package_python
[3.173s] copying /home/diego/Workspaces/ros2_control_diffbot_ws/build/package_python/build/lib/package_python/py_pub_spiral.py -> /home/diego/Workspaces/ros2_control_diffbot_ws/install/package_python/lib/python3.8/site-packages/package_python
[3.175s] byte-compiling /home/diego/Workspaces/ros2_control_diffbot_ws/install/package_python/lib/python3.8/site-packages/package_python/nodo_py.py to nodo_py.cpython-38.pyc
[3.180s] byte-compiling /home/diego/Workspaces/ros2_control_diffbot_ws/install/package_python/lib/python3.8/site-packages/package_python/py_pub_spiral.py to py_pub_spiral.cpython-38.pyc
[3.181s]   File "/home/diego/Workspaces/ros2_control_diffbot_ws/install/package_python/lib/python3.8/site-packages/package_python/py_pub_spiral.py", line 38
[3.182s]     self.i += float(data)f
[3.182s]                          ^
[3.183s] SyntaxError: invalid syntax
[3.183s] 
[3.184s] running install_data
[3.190s] copying package.xml -> /home/diego/Workspaces/ros2_control_diffbot_ws/install/package_python/share/package_python
[3.192s] running install_egg_info
[3.196s] removing '/home/diego/Workspaces/ros2_control_diffbot_ws/install/package_python/lib/python3.8/site-packages/package_python-0.0.0-py3.8.egg-info' (and everything under it)
[3.198s] Copying ../../../../build/package_python/package_python.egg-info to /home/diego/Workspaces/ros2_control_diffbot_ws/install/package_python/lib/python3.8/site-packages/package_python-0.0.0-py3.8.egg-info
[3.201s] running install_scripts
[3.249s] Installing nodo_py script to /home/diego/Workspaces/ros2_control_diffbot_ws/install/package_python/lib/package_python
[3.251s] Installing py_pub_spiral script to /home/diego/Workspaces/ros2_control_diffbot_ws/install/package_python/lib/package_python
[3.253s] writing list of installed files to '/home/diego/Workspaces/ros2_control_diffbot_ws/build/package_python/install.log'
[3.393s] Invoked command in '/home/diego/Workspaces/ros2_control_diffbot_ws/src/python_dev/src/package_python' returned '0': PYTHONPATH=/home/diego/Workspaces/ros2_control_diffbot_ws/install/package_python/lib/python3.8/site-packages:${PYTHONPATH} /usr/bin/python3 setup.py egg_info --egg-base ../../../../build/package_python build --build-base /home/diego/Workspaces/ros2_control_diffbot_ws/build/package_python/build install --prefix /home/diego/Workspaces/ros2_control_diffbot_ws/install/package_python --record /home/diego/Workspaces/ros2_control_diffbot_ws/build/package_python/install.log --single-version-externally-managed
