[0.086s] Invoking command in '/home/diego/Workspaces/ros2_control_diffbot_ws/src/build/transmission_interface': AMENT_PREFIX_PATH=/home/diego/Workspaces/ros2_control_diffbot_ws/src/install/hardware_interface:/home/diego/Workspaces/ros2_control_diffbot_ws/src/install/control_msgs:${AMENT_PREFIX_PATH} CMAKE_PREFIX_PATH=/home/diego/Workspaces/ros2_control_diffbot_ws/src/install/hardware_interface:/home/diego/Workspaces/ros2_control_diffbot_ws/src/install/control_msgs:/opt/ros/foxy LD_LIBRARY_PATH=/home/diego/Workspaces/ros2_control_diffbot_ws/src/install/hardware_interface/lib:/home/diego/Workspaces/ros2_control_diffbot_ws/src/install/control_msgs/lib:${LD_LIBRARY_PATH} PYTHONPATH=/home/diego/Workspaces/ros2_control_diffbot_ws/src/install/control_msgs/lib/python3.8/site-packages:${PYTHONPATH} /usr/bin/cmake --build /home/diego/Workspaces/ros2_control_diffbot_ws/src/build/transmission_interface -- -j2 -l2
[0.290s] [ 18%] Built target gmock_main
[0.306s] [ 45%] Built target gmock
[0.425s] [ 63%] Built target test_four_bar_linkage_transmission
[0.443s] [ 81%] Built target test_differential_transmission
[0.503s] [100%] Built target test_simple_transmission
[0.529s] Invoked command in '/home/diego/Workspaces/ros2_control_diffbot_ws/src/build/transmission_interface' returned '0': AMENT_PREFIX_PATH=/home/diego/Workspaces/ros2_control_diffbot_ws/src/install/hardware_interface:/home/diego/Workspaces/ros2_control_diffbot_ws/src/install/control_msgs:${AMENT_PREFIX_PATH} CMAKE_PREFIX_PATH=/home/diego/Workspaces/ros2_control_diffbot_ws/src/install/hardware_interface:/home/diego/Workspaces/ros2_control_diffbot_ws/src/install/control_msgs:/opt/ros/foxy LD_LIBRARY_PATH=/home/diego/Workspaces/ros2_control_diffbot_ws/src/install/hardware_interface/lib:/home/diego/Workspaces/ros2_control_diffbot_ws/src/install/control_msgs/lib:${LD_LIBRARY_PATH} PYTHONPATH=/home/diego/Workspaces/ros2_control_diffbot_ws/src/install/control_msgs/lib/python3.8/site-packages:${PYTHONPATH} /usr/bin/cmake --build /home/diego/Workspaces/ros2_control_diffbot_ws/src/build/transmission_interface -- -j2 -l2
[0.643s] Invoking command in '/home/diego/Workspaces/ros2_control_diffbot_ws/src/build/transmission_interface': AMENT_PREFIX_PATH=/home/diego/Workspaces/ros2_control_diffbot_ws/src/install/hardware_interface:/home/diego/Workspaces/ros2_control_diffbot_ws/src/install/control_msgs:${AMENT_PREFIX_PATH} CMAKE_PREFIX_PATH=/home/diego/Workspaces/ros2_control_diffbot_ws/src/install/hardware_interface:/home/diego/Workspaces/ros2_control_diffbot_ws/src/install/control_msgs:/opt/ros/foxy LD_LIBRARY_PATH=/home/diego/Workspaces/ros2_control_diffbot_ws/src/install/hardware_interface/lib:/home/diego/Workspaces/ros2_control_diffbot_ws/src/install/control_msgs/lib:${LD_LIBRARY_PATH} PYTHONPATH=/home/diego/Workspaces/ros2_control_diffbot_ws/src/install/control_msgs/lib/python3.8/site-packages:${PYTHONPATH} /usr/bin/cmake --install /home/diego/Workspaces/ros2_control_diffbot_ws/src/build/transmission_interface
[0.663s] -- Install configuration: ""
[0.663s] -- Up-to-date: /home/diego/Workspaces/ros2_control_diffbot_ws/src/install/transmission_interface/include
[0.664s] -- Up-to-date: /home/diego/Workspaces/ros2_control_diffbot_ws/src/install/transmission_interface/include/transmission_interface
[0.666s] -- Up-to-date: /home/diego/Workspaces/ros2_control_diffbot_ws/src/install/transmission_interface/include/transmission_interface/transmission_parser.hpp
[0.666s] -- Up-to-date: /home/diego/Workspaces/ros2_control_diffbot_ws/src/install/transmission_interface/include/transmission_interface/transmission.hpp
[0.666s] -- Up-to-date: /home/diego/Workspaces/ros2_control_diffbot_ws/src/install/transmission_interface/include/transmission_interface/simple_transmission.hpp
[0.666s] -- Up-to-date: /home/diego/Workspaces/ros2_control_diffbot_ws/src/install/transmission_interface/include/transmission_interface/exception.hpp
[0.667s] -- Up-to-date: /home/diego/Workspaces/ros2_control_diffbot_ws/src/install/transmission_interface/include/transmission_interface/differential_transmission.hpp
[0.667s] -- Up-to-date: /home/diego/Workspaces/ros2_control_diffbot_ws/src/install/transmission_interface/include/transmission_interface/four_bar_linkage_transmission.hpp
[0.667s] -- Up-to-date: /home/diego/Workspaces/ros2_control_diffbot_ws/src/install/transmission_interface/include/transmission_interface/handle.hpp
[0.667s] -- Up-to-date: /home/diego/Workspaces/ros2_control_diffbot_ws/src/install/transmission_interface/include/transmission_interface/accessor.hpp
[0.668s] -- Up-to-date: /home/diego/Workspaces/ros2_control_diffbot_ws/src/install/transmission_interface/include/transmission_interface/visibility_control.h
[0.670s] -- Up-to-date: /home/diego/Workspaces/ros2_control_diffbot_ws/src/install/transmission_interface/share/ament_index/resource_index/package_run_dependencies/transmission_interface
[0.670s] -- Up-to-date: /home/diego/Workspaces/ros2_control_diffbot_ws/src/install/transmission_interface/share/ament_index/resource_index/parent_prefix_path/transmission_interface
[0.672s] -- Up-to-date: /home/diego/Workspaces/ros2_control_diffbot_ws/src/install/transmission_interface/share/transmission_interface/environment/ament_prefix_path.sh
[0.673s] -- Up-to-date: /home/diego/Workspaces/ros2_control_diffbot_ws/src/install/transmission_interface/share/transmission_interface/environment/ament_prefix_path.dsv
[0.673s] -- Up-to-date: /home/diego/Workspaces/ros2_control_diffbot_ws/src/install/transmission_interface/share/transmission_interface/environment/path.sh
[0.673s] -- Up-to-date: /home/diego/Workspaces/ros2_control_diffbot_ws/src/install/transmission_interface/share/transmission_interface/environment/path.dsv
[0.673s] -- Up-to-date: /home/diego/Workspaces/ros2_control_diffbot_ws/src/install/transmission_interface/share/transmission_interface/local_setup.bash
[0.674s] -- Up-to-date: /home/diego/Workspaces/ros2_control_diffbot_ws/src/install/transmission_interface/share/transmission_interface/local_setup.sh
[0.674s] -- Up-to-date: /home/diego/Workspaces/ros2_control_diffbot_ws/src/install/transmission_interface/share/transmission_interface/local_setup.zsh
[0.674s] -- Up-to-date: /home/diego/Workspaces/ros2_control_diffbot_ws/src/install/transmission_interface/share/transmission_interface/local_setup.dsv
[0.674s] -- Installing: /home/diego/Workspaces/ros2_control_diffbot_ws/src/install/transmission_interface/share/transmission_interface/package.dsv
[0.675s] -- Up-to-date: /home/diego/Workspaces/ros2_control_diffbot_ws/src/install/transmission_interface/share/ament_index/resource_index/packages/transmission_interface
[0.676s] -- Up-to-date: /home/diego/Workspaces/ros2_control_diffbot_ws/src/install/transmission_interface/share/transmission_interface/cmake/ament_cmake_export_include_directories-extras.cmake
[0.677s] -- Up-to-date: /home/diego/Workspaces/ros2_control_diffbot_ws/src/install/transmission_interface/share/transmission_interface/cmake/ament_cmake_export_dependencies-extras.cmake
[0.677s] -- Up-to-date: /home/diego/Workspaces/ros2_control_diffbot_ws/src/install/transmission_interface/share/transmission_interface/cmake/transmission_interfaceConfig.cmake
[0.677s] -- Up-to-date: /home/diego/Workspaces/ros2_control_diffbot_ws/src/install/transmission_interface/share/transmission_interface/cmake/transmission_interfaceConfig-version.cmake
[0.677s] -- Up-to-date: /home/diego/Workspaces/ros2_control_diffbot_ws/src/install/transmission_interface/share/transmission_interface/package.xml
[0.692s] Invoked command in '/home/diego/Workspaces/ros2_control_diffbot_ws/src/build/transmission_interface' returned '0': AMENT_PREFIX_PATH=/home/diego/Workspaces/ros2_control_diffbot_ws/src/install/hardware_interface:/home/diego/Workspaces/ros2_control_diffbot_ws/src/install/control_msgs:${AMENT_PREFIX_PATH} CMAKE_PREFIX_PATH=/home/diego/Workspaces/ros2_control_diffbot_ws/src/install/hardware_interface:/home/diego/Workspaces/ros2_control_diffbot_ws/src/install/control_msgs:/opt/ros/foxy LD_LIBRARY_PATH=/home/diego/Workspaces/ros2_control_diffbot_ws/src/install/hardware_interface/lib:/home/diego/Workspaces/ros2_control_diffbot_ws/src/install/control_msgs/lib:${LD_LIBRARY_PATH} PYTHONPATH=/home/diego/Workspaces/ros2_control_diffbot_ws/src/install/control_msgs/lib/python3.8/site-packages:${PYTHONPATH} /usr/bin/cmake --install /home/diego/Workspaces/ros2_control_diffbot_ws/src/build/transmission_interface
