[0.249s] Invoking command in '/home/diego/Workspaces/ros2_control_diffbot_ws/build/realtime_tools': CMAKE_PREFIX_PATH=${CMAKE_PREFIX_PATH}:/home/diego/Workspaces/ros2_control_diffbot_ws/install/ros2controlcli:/home/diego/Workspaces/ros2_control_diffbot_ws/install/ros2_control_test_nodes:/home/diego/Workspaces/ros2_control_diffbot_ws/install/package_python:/opt/ros/foxy /usr/bin/cmake --build /home/diego/Workspaces/ros2_control_diffbot_ws/build/realtime_tools -- -j2 -l2
[0.442s] [ 11%] Built target realtime_tools
[0.510s] [ 29%] Built target gmock
[0.576s] [ 41%] Built target gmock_main
[0.652s] [ 52%] Built target realtime_buffer_tests
[0.738s] [ 64%] Built target realtime_publisher_tests
[0.835s] [ 76%] Built target realtime_server_goal_handle_tests
[0.906s] [ 88%] Built target realtime_box_tests
[0.998s] [100%] Built target realtime_clock_tests
[1.035s] Invoked command in '/home/diego/Workspaces/ros2_control_diffbot_ws/build/realtime_tools' returned '0': CMAKE_PREFIX_PATH=${CMAKE_PREFIX_PATH}:/home/diego/Workspaces/ros2_control_diffbot_ws/install/ros2controlcli:/home/diego/Workspaces/ros2_control_diffbot_ws/install/ros2_control_test_nodes:/home/diego/Workspaces/ros2_control_diffbot_ws/install/package_python:/opt/ros/foxy /usr/bin/cmake --build /home/diego/Workspaces/ros2_control_diffbot_ws/build/realtime_tools -- -j2 -l2
[1.208s] Invoking command in '/home/diego/Workspaces/ros2_control_diffbot_ws/build/realtime_tools': CMAKE_PREFIX_PATH=${CMAKE_PREFIX_PATH}:/home/diego/Workspaces/ros2_control_diffbot_ws/install/ros2controlcli:/home/diego/Workspaces/ros2_control_diffbot_ws/install/ros2_control_test_nodes:/home/diego/Workspaces/ros2_control_diffbot_ws/install/package_python:/opt/ros/foxy /usr/bin/cmake --install /home/diego/Workspaces/ros2_control_diffbot_ws/build/realtime_tools
[1.247s] -- Install configuration: ""
[1.249s] -- Execute custom install script
[1.252s] -- Up-to-date symlink: /home/diego/Workspaces/ros2_control_diffbot_ws/install/realtime_tools/include/realtime_tools/realtime_box.h
[1.254s] -- Up-to-date symlink: /home/diego/Workspaces/ros2_control_diffbot_ws/install/realtime_tools/include/realtime_tools/realtime_buffer.h
[1.255s] -- Up-to-date symlink: /home/diego/Workspaces/ros2_control_diffbot_ws/install/realtime_tools/include/realtime_tools/realtime_clock.h
[1.256s] -- Up-to-date symlink: /home/diego/Workspaces/ros2_control_diffbot_ws/install/realtime_tools/include/realtime_tools/realtime_publisher.h
[1.257s] -- Up-to-date symlink: /home/diego/Workspaces/ros2_control_diffbot_ws/install/realtime_tools/include/realtime_tools/realtime_server_goal_handle.h
[1.258s] -- Up-to-date symlink: /home/diego/Workspaces/ros2_control_diffbot_ws/install/realtime_tools/lib/librealtime_tools.a
[1.260s] -- Up-to-date symlink: /home/diego/Workspaces/ros2_control_diffbot_ws/install/realtime_tools/share/realtime_tools/environment/library_path.sh
[1.261s] -- Up-to-date symlink: /home/diego/Workspaces/ros2_control_diffbot_ws/install/realtime_tools/share/realtime_tools/environment/library_path.dsv
[1.263s] -- Up-to-date symlink: /home/diego/Workspaces/ros2_control_diffbot_ws/install/realtime_tools/share/ament_index/resource_index/package_run_dependencies/realtime_tools
[1.264s] -- Up-to-date symlink: /home/diego/Workspaces/ros2_control_diffbot_ws/install/realtime_tools/share/ament_index/resource_index/parent_prefix_path/realtime_tools
[1.266s] -- Up-to-date symlink: /home/diego/Workspaces/ros2_control_diffbot_ws/install/realtime_tools/share/realtime_tools/environment/ament_prefix_path.sh
[1.267s] -- Up-to-date symlink: /home/diego/Workspaces/ros2_control_diffbot_ws/install/realtime_tools/share/realtime_tools/environment/ament_prefix_path.dsv
[1.268s] -- Up-to-date symlink: /home/diego/Workspaces/ros2_control_diffbot_ws/install/realtime_tools/share/realtime_tools/environment/path.sh
[1.270s] -- Up-to-date symlink: /home/diego/Workspaces/ros2_control_diffbot_ws/install/realtime_tools/share/realtime_tools/environment/path.dsv
[1.271s] -- Up-to-date symlink: /home/diego/Workspaces/ros2_control_diffbot_ws/install/realtime_tools/share/realtime_tools/local_setup.bash
[1.273s] -- Up-to-date symlink: /home/diego/Workspaces/ros2_control_diffbot_ws/install/realtime_tools/share/realtime_tools/local_setup.sh
[1.274s] -- Up-to-date symlink: /home/diego/Workspaces/ros2_control_diffbot_ws/install/realtime_tools/share/realtime_tools/local_setup.zsh
[1.276s] -- Up-to-date symlink: /home/diego/Workspaces/ros2_control_diffbot_ws/install/realtime_tools/share/realtime_tools/local_setup.dsv
[1.277s] -- Symlinking: /home/diego/Workspaces/ros2_control_diffbot_ws/install/realtime_tools/share/realtime_tools/package.dsv
[1.306s] -- Up-to-date symlink: /home/diego/Workspaces/ros2_control_diffbot_ws/install/realtime_tools/share/ament_index/resource_index/packages/realtime_tools
[1.308s] -- Up-to-date symlink: /home/diego/Workspaces/ros2_control_diffbot_ws/install/realtime_tools/share/realtime_tools/cmake/ament_cmake_export_include_directories-extras.cmake
[1.310s] -- Up-to-date symlink: /home/diego/Workspaces/ros2_control_diffbot_ws/install/realtime_tools/share/realtime_tools/cmake/ament_cmake_export_libraries-extras.cmake
[1.311s] -- Up-to-date symlink: /home/diego/Workspaces/ros2_control_diffbot_ws/install/realtime_tools/share/realtime_tools/cmake/ament_cmake_export_dependencies-extras.cmake
[1.313s] -- Up-to-date symlink: /home/diego/Workspaces/ros2_control_diffbot_ws/install/realtime_tools/share/realtime_tools/cmake/realtime_toolsConfig.cmake
[1.314s] -- Up-to-date symlink: /home/diego/Workspaces/ros2_control_diffbot_ws/install/realtime_tools/share/realtime_tools/cmake/realtime_toolsConfig-version.cmake
[1.316s] -- Up-to-date symlink: /home/diego/Workspaces/ros2_control_diffbot_ws/install/realtime_tools/share/realtime_tools/package.xml
[1.329s] Invoked command in '/home/diego/Workspaces/ros2_control_diffbot_ws/build/realtime_tools' returned '0': CMAKE_PREFIX_PATH=${CMAKE_PREFIX_PATH}:/home/diego/Workspaces/ros2_control_diffbot_ws/install/ros2controlcli:/home/diego/Workspaces/ros2_control_diffbot_ws/install/ros2_control_test_nodes:/home/diego/Workspaces/ros2_control_diffbot_ws/install/package_python:/opt/ros/foxy /usr/bin/cmake --install /home/diego/Workspaces/ros2_control_diffbot_ws/build/realtime_tools
