[0.050s] Invoking command in '/home/diego/Workspaces/ros2_control_diffbot_ws/build/hardware_interface': AMENT_PREFIX_PATH=/home/diego/Workspaces/ros2_control_diffbot_ws/install/ros2_control_test_assets:/home/diego/Workspaces/ros2_control_diffbot_ws/install/control_msgs:${AMENT_PREFIX_PATH} CMAKE_PREFIX_PATH=/home/diego/Workspaces/ros2_control_diffbot_ws/install/ros2_control_test_assets:/home/diego/Workspaces/ros2_control_diffbot_ws/install/control_msgs:/opt/ros/foxy LD_LIBRARY_PATH=/home/diego/Workspaces/ros2_control_diffbot_ws/install/control_msgs/lib:${LD_LIBRARY_PATH} PYTHONPATH=/home/diego/Workspaces/ros2_control_diffbot_ws/install/control_msgs/lib/python3.8/site-packages:${PYTHONPATH} /usr/bin/cmake --build /home/diego/Workspaces/ros2_control_diffbot_ws/build/hardware_interface -- -j2 -l2
[0.343s] [  8%] Built target gmock
[0.370s] [ 26%] Built target hardware_interface
[0.469s] [ 32%] Built target gmock_main
[0.499s] [ 38%] Built target fake_components
[0.652s] [ 52%] Built target test_hardware_components
[0.686s] [ 64%] Built target test_components
[0.894s] [ 70%] Built target test_generic_system
[0.903s] [ 76%] Built target test_macros
[1.097s] [ 85%] Built target test_resource_manager
[1.104s] [ 88%] Built target test_component_interfaces
[1.364s] [ 94%] Built target test_joint_handle
[1.397s] [100%] Built target test_component_parser
[1.503s] Invoked command in '/home/diego/Workspaces/ros2_control_diffbot_ws/build/hardware_interface' returned '0': AMENT_PREFIX_PATH=/home/diego/Workspaces/ros2_control_diffbot_ws/install/ros2_control_test_assets:/home/diego/Workspaces/ros2_control_diffbot_ws/install/control_msgs:${AMENT_PREFIX_PATH} CMAKE_PREFIX_PATH=/home/diego/Workspaces/ros2_control_diffbot_ws/install/ros2_control_test_assets:/home/diego/Workspaces/ros2_control_diffbot_ws/install/control_msgs:/opt/ros/foxy LD_LIBRARY_PATH=/home/diego/Workspaces/ros2_control_diffbot_ws/install/control_msgs/lib:${LD_LIBRARY_PATH} PYTHONPATH=/home/diego/Workspaces/ros2_control_diffbot_ws/install/control_msgs/lib/python3.8/site-packages:${PYTHONPATH} /usr/bin/cmake --build /home/diego/Workspaces/ros2_control_diffbot_ws/build/hardware_interface -- -j2 -l2
[1.695s] Invoking command in '/home/diego/Workspaces/ros2_control_diffbot_ws/build/hardware_interface': AMENT_PREFIX_PATH=/home/diego/Workspaces/ros2_control_diffbot_ws/install/ros2_control_test_assets:/home/diego/Workspaces/ros2_control_diffbot_ws/install/control_msgs:${AMENT_PREFIX_PATH} CMAKE_PREFIX_PATH=/home/diego/Workspaces/ros2_control_diffbot_ws/install/ros2_control_test_assets:/home/diego/Workspaces/ros2_control_diffbot_ws/install/control_msgs:/opt/ros/foxy LD_LIBRARY_PATH=/home/diego/Workspaces/ros2_control_diffbot_ws/install/control_msgs/lib:${LD_LIBRARY_PATH} PYTHONPATH=/home/diego/Workspaces/ros2_control_diffbot_ws/install/control_msgs/lib/python3.8/site-packages:${PYTHONPATH} /usr/bin/cmake --install /home/diego/Workspaces/ros2_control_diffbot_ws/build/hardware_interface
[1.718s] -- Install configuration: ""
[1.724s] -- Execute custom install script
[1.729s] -- Up-to-date symlink: /home/diego/Workspaces/ros2_control_diffbot_ws/install/hardware_interface/share/hardware_interface//fake_components_plugin_description.xml
[1.733s] -- Up-to-date symlink: /home/diego/Workspaces/ros2_control_diffbot_ws/install/hardware_interface/include/fake_components/generic_system.hpp
[1.736s] -- Up-to-date symlink: /home/diego/Workspaces/ros2_control_diffbot_ws/install/hardware_interface/include/fake_components/visibility_control.h
[1.738s] -- Up-to-date symlink: /home/diego/Workspaces/ros2_control_diffbot_ws/install/hardware_interface/include/hardware_interface/actuator.hpp
[1.740s] -- Up-to-date symlink: /home/diego/Workspaces/ros2_control_diffbot_ws/install/hardware_interface/include/hardware_interface/actuator_interface.hpp
[1.742s] -- Up-to-date symlink: /home/diego/Workspaces/ros2_control_diffbot_ws/install/hardware_interface/include/hardware_interface/base_interface.hpp
[1.744s] -- Up-to-date symlink: /home/diego/Workspaces/ros2_control_diffbot_ws/install/hardware_interface/include/hardware_interface/component_parser.hpp
[1.754s] -- Up-to-date symlink: /home/diego/Workspaces/ros2_control_diffbot_ws/install/hardware_interface/include/hardware_interface/controller_info.hpp
[1.755s] -- Up-to-date symlink: /home/diego/Workspaces/ros2_control_diffbot_ws/install/hardware_interface/include/hardware_interface/handle.hpp
[1.756s] -- Up-to-date symlink: /home/diego/Workspaces/ros2_control_diffbot_ws/install/hardware_interface/include/hardware_interface/hardware_info.hpp
[1.756s] -- Up-to-date symlink: /home/diego/Workspaces/ros2_control_diffbot_ws/install/hardware_interface/include/hardware_interface/loaned_command_interface.hpp
[1.762s] -- Up-to-date symlink: /home/diego/Workspaces/ros2_control_diffbot_ws/install/hardware_interface/include/hardware_interface/loaned_state_interface.hpp
[1.763s] -- Up-to-date symlink: /home/diego/Workspaces/ros2_control_diffbot_ws/install/hardware_interface/include/hardware_interface/macros.hpp
[1.763s] -- Up-to-date symlink: /home/diego/Workspaces/ros2_control_diffbot_ws/install/hardware_interface/include/hardware_interface/resource_manager.hpp
[1.763s] -- Up-to-date symlink: /home/diego/Workspaces/ros2_control_diffbot_ws/install/hardware_interface/include/hardware_interface/sensor.hpp
[1.763s] -- Up-to-date symlink: /home/diego/Workspaces/ros2_control_diffbot_ws/install/hardware_interface/include/hardware_interface/sensor_interface.hpp
[1.765s] -- Up-to-date symlink: /home/diego/Workspaces/ros2_control_diffbot_ws/install/hardware_interface/include/hardware_interface/system.hpp
[1.771s] -- Up-to-date symlink: /home/diego/Workspaces/ros2_control_diffbot_ws/install/hardware_interface/include/hardware_interface/system_interface.hpp
[1.771s] -- Up-to-date symlink: /home/diego/Workspaces/ros2_control_diffbot_ws/install/hardware_interface/include/hardware_interface/types/hardware_interface_return_values.hpp
[1.772s] -- Up-to-date symlink: /home/diego/Workspaces/ros2_control_diffbot_ws/install/hardware_interface/include/hardware_interface/types/hardware_interface_status_values.hpp
[1.772s] -- Up-to-date symlink: /home/diego/Workspaces/ros2_control_diffbot_ws/install/hardware_interface/include/hardware_interface/types/hardware_interface_type_values.hpp
[1.772s] -- Up-to-date symlink: /home/diego/Workspaces/ros2_control_diffbot_ws/install/hardware_interface/include/hardware_interface/visibility_control.h
[1.776s] -- Up-to-date symlink: /home/diego/Workspaces/ros2_control_diffbot_ws/install/hardware_interface/lib/libfake_components.so
[1.777s] -- Up-to-date symlink: /home/diego/Workspaces/ros2_control_diffbot_ws/install/hardware_interface/lib/libhardware_interface.so
[1.781s] -- Up-to-date symlink: /home/diego/Workspaces/ros2_control_diffbot_ws/install/hardware_interface/lib/libtest_components.so
[1.784s] -- Up-to-date symlink: /home/diego/Workspaces/ros2_control_diffbot_ws/install/hardware_interface/share/hardware_interface/test/test_components/test_components.xml
[1.787s] -- Up-to-date symlink: /home/diego/Workspaces/ros2_control_diffbot_ws/install/hardware_interface/lib/libtest_hardware_components.so
[1.793s] -- Up-to-date symlink: /home/diego/Workspaces/ros2_control_diffbot_ws/install/hardware_interface/share/hardware_interface/test/test_hardware_components/test_hardware_components.xml
[1.798s] -- Up-to-date symlink: /home/diego/Workspaces/ros2_control_diffbot_ws/install/hardware_interface/share/hardware_interface/environment/library_path.sh
[1.801s] -- Up-to-date symlink: /home/diego/Workspaces/ros2_control_diffbot_ws/install/hardware_interface/share/hardware_interface/environment/library_path.dsv
[1.808s] -- Up-to-date symlink: /home/diego/Workspaces/ros2_control_diffbot_ws/install/hardware_interface/share/ament_index/resource_index/package_run_dependencies/hardware_interface
[1.811s] -- Up-to-date symlink: /home/diego/Workspaces/ros2_control_diffbot_ws/install/hardware_interface/share/ament_index/resource_index/parent_prefix_path/hardware_interface
[1.812s] -- Up-to-date symlink: /home/diego/Workspaces/ros2_control_diffbot_ws/install/hardware_interface/share/hardware_interface/environment/ament_prefix_path.sh
[1.815s] -- Up-to-date symlink: /home/diego/Workspaces/ros2_control_diffbot_ws/install/hardware_interface/share/hardware_interface/environment/ament_prefix_path.dsv
[1.817s] -- Up-to-date symlink: /home/diego/Workspaces/ros2_control_diffbot_ws/install/hardware_interface/share/hardware_interface/environment/path.sh
[1.819s] -- Up-to-date symlink: /home/diego/Workspaces/ros2_control_diffbot_ws/install/hardware_interface/share/hardware_interface/environment/path.dsv
[1.822s] -- Up-to-date symlink: /home/diego/Workspaces/ros2_control_diffbot_ws/install/hardware_interface/share/hardware_interface/local_setup.bash
[1.824s] -- Up-to-date symlink: /home/diego/Workspaces/ros2_control_diffbot_ws/install/hardware_interface/share/hardware_interface/local_setup.sh
[1.826s] -- Up-to-date symlink: /home/diego/Workspaces/ros2_control_diffbot_ws/install/hardware_interface/share/hardware_interface/local_setup.zsh
[1.828s] -- Up-to-date symlink: /home/diego/Workspaces/ros2_control_diffbot_ws/install/hardware_interface/share/hardware_interface/local_setup.dsv
[1.829s] -- Symlinking: /home/diego/Workspaces/ros2_control_diffbot_ws/install/hardware_interface/share/hardware_interface/package.dsv
[1.856s] -- Up-to-date symlink: /home/diego/Workspaces/ros2_control_diffbot_ws/install/hardware_interface/share/ament_index/resource_index/packages/hardware_interface
[1.858s] -- Up-to-date symlink: /home/diego/Workspaces/ros2_control_diffbot_ws/install/hardware_interface/share/ament_index/resource_index/hardware_interface__pluginlib__plugin/hardware_interface
[1.861s] -- Up-to-date symlink: /home/diego/Workspaces/ros2_control_diffbot_ws/install/hardware_interface/share/hardware_interface/cmake/ament_cmake_export_include_directories-extras.cmake
[1.863s] -- Up-to-date symlink: /home/diego/Workspaces/ros2_control_diffbot_ws/install/hardware_interface/share/hardware_interface/cmake/ament_cmake_export_libraries-extras.cmake
[1.864s] -- Up-to-date symlink: /home/diego/Workspaces/ros2_control_diffbot_ws/install/hardware_interface/share/hardware_interface/cmake/ament_cmake_export_dependencies-extras.cmake
[1.865s] -- Up-to-date symlink: /home/diego/Workspaces/ros2_control_diffbot_ws/install/hardware_interface/share/hardware_interface/cmake/hardware_interfaceConfig.cmake
[1.866s] -- Up-to-date symlink: /home/diego/Workspaces/ros2_control_diffbot_ws/install/hardware_interface/share/hardware_interface/cmake/hardware_interfaceConfig-version.cmake
[1.868s] -- Up-to-date symlink: /home/diego/Workspaces/ros2_control_diffbot_ws/install/hardware_interface/share/hardware_interface/package.xml
[1.882s] Invoked command in '/home/diego/Workspaces/ros2_control_diffbot_ws/build/hardware_interface' returned '0': AMENT_PREFIX_PATH=/home/diego/Workspaces/ros2_control_diffbot_ws/install/ros2_control_test_assets:/home/diego/Workspaces/ros2_control_diffbot_ws/install/control_msgs:${AMENT_PREFIX_PATH} CMAKE_PREFIX_PATH=/home/diego/Workspaces/ros2_control_diffbot_ws/install/ros2_control_test_assets:/home/diego/Workspaces/ros2_control_diffbot_ws/install/control_msgs:/opt/ros/foxy LD_LIBRARY_PATH=/home/diego/Workspaces/ros2_control_diffbot_ws/install/control_msgs/lib:${LD_LIBRARY_PATH} PYTHONPATH=/home/diego/Workspaces/ros2_control_diffbot_ws/install/control_msgs/lib/python3.8/site-packages:${PYTHONPATH} /usr/bin/cmake --install /home/diego/Workspaces/ros2_control_diffbot_ws/build/hardware_interface
