[0.070s] Invoking command in '/home/diego/Workspaces/ros2_control_diffbot_ws/build/hardware_interface': AMENT_PREFIX_PATH=/home/diego/Workspaces/ros2_control_diffbot_ws/install/ros2_control_test_assets:/home/diego/Workspaces/ros2_control_diffbot_ws/install/control_msgs:${AMENT_PREFIX_PATH} CMAKE_PREFIX_PATH=/home/diego/Workspaces/ros2_control_diffbot_ws/install/ros2_control_test_assets:/home/diego/Workspaces/ros2_control_diffbot_ws/install/control_msgs:/opt/ros/foxy LD_LIBRARY_PATH=/home/diego/Workspaces/ros2_control_diffbot_ws/install/control_msgs/lib:${LD_LIBRARY_PATH} PYTHONPATH=/home/diego/Workspaces/ros2_control_diffbot_ws/install/control_msgs/lib/python3.8/site-packages:${PYTHONPATH} /usr/bin/cmake /home/diego/Workspaces/ros2_control_diffbot_ws/src/ros2_control/hardware_interface -DAMENT_CMAKE_SYMLINK_INSTALL=1 -DCMAKE_INSTALL_PREFIX=/home/diego/Workspaces/ros2_control_diffbot_ws/install/hardware_interface
[0.304s] -- The C compiler identification is GNU 9.4.0
[0.535s] -- The CXX compiler identification is GNU 9.4.0
[0.554s] -- Check for working C compiler: /usr/bin/cc
[0.759s] -- Check for working C compiler: /usr/bin/cc -- works
[0.761s] -- Detecting C compiler ABI info
[0.984s] -- Detecting C compiler ABI info - done
[1.013s] -- Detecting C compile features
[1.014s] -- Detecting C compile features - done
[1.025s] -- Check for working CXX compiler: /usr/bin/c++
[1.238s] -- Check for working CXX compiler: /usr/bin/c++ -- works
[1.242s] -- Detecting CXX compiler ABI info
[1.463s] -- Detecting CXX compiler ABI info - done
[1.496s] -- Detecting CXX compile features
[1.499s] -- Detecting CXX compile features - done
[1.507s] -- Found ament_cmake: 0.9.9 (/opt/ros/foxy/share/ament_cmake/cmake)
[1.591s] -- Found PythonInterp: /usr/bin/python3 (found suitable version "3.8.10", minimum required is "3") 
[1.592s] -- Using PYTHON_EXECUTABLE: /usr/bin/python3
[2.205s] -- Override CMake install command with custom implementation using symlinks instead of copying resources
[2.263s] -- Found control_msgs: 2.5.1 (/home/diego/Workspaces/ros2_control_diffbot_ws/install/control_msgs/share/control_msgs/cmake)
[2.346s] -- Using all available rosidl_typesupport_c: rosidl_typesupport_fastrtps_c;rosidl_typesupport_introspection_c
[2.369s] -- Found rosidl_adapter: 1.2.1 (/opt/ros/foxy/share/rosidl_adapter/cmake)
[2.595s] -- Found OpenSSL: /usr/lib/x86_64-linux-gnu/libcrypto.so (found version "1.1.1f")  
[2.684s] -- Found FastRTPS: /opt/ros/foxy/include  
[2.911s] -- Using all available rosidl_typesupport_cpp: rosidl_typesupport_fastrtps_cpp;rosidl_typesupport_introspection_cpp
[4.348s] -- Found pluginlib: 2.5.4 (/opt/ros/foxy/share/pluginlib/cmake)
[4.496s] -- Found TinyXML2: /usr/lib/x86_64-linux-gnu/libtinyxml2.so  
[4.506s] -- Found ament_lint_auto: 0.9.6 (/opt/ros/foxy/share/ament_lint_auto/cmake)
[4.795s] -- Found gmock sources under '/opt/ros/foxy/src/gmock_vendor': C++ tests using 'Google Mock' will be built
[4.821s] -- Found ament_cmake_gtest: 0.9.9 (/opt/ros/foxy/share/ament_cmake_gtest/cmake)
[4.831s] -- Found gtest sources under '/opt/ros/foxy/src/gtest_vendor': C++ tests using 'Google Test' will be built
[4.876s] -- Added test 'copyright' to check source files copyright and LICENSE
[4.882s] -- Added test 'cppcheck' to perform static code analysis on C / C++ code
[4.884s] -- Configured cppcheck include dirs: /home/diego/Workspaces/ros2_control_diffbot_ws/src/ros2_control/hardware_interface/include
[4.884s] -- Configured cppcheck exclude dirs and/or files: 
[4.888s] -- Added test 'lint_cmake' to check CMake code style
[4.890s] -- Added test 'xmllint' to check XML markup files
[4.905s] -- Configuring done
[5.044s] -- Generating done
[5.054s] -- Build files have been written to: /home/diego/Workspaces/ros2_control_diffbot_ws/build/hardware_interface
[5.080s] Invoked command in '/home/diego/Workspaces/ros2_control_diffbot_ws/build/hardware_interface' returned '0': AMENT_PREFIX_PATH=/home/diego/Workspaces/ros2_control_diffbot_ws/install/ros2_control_test_assets:/home/diego/Workspaces/ros2_control_diffbot_ws/install/control_msgs:${AMENT_PREFIX_PATH} CMAKE_PREFIX_PATH=/home/diego/Workspaces/ros2_control_diffbot_ws/install/ros2_control_test_assets:/home/diego/Workspaces/ros2_control_diffbot_ws/install/control_msgs:/opt/ros/foxy LD_LIBRARY_PATH=/home/diego/Workspaces/ros2_control_diffbot_ws/install/control_msgs/lib:${LD_LIBRARY_PATH} PYTHONPATH=/home/diego/Workspaces/ros2_control_diffbot_ws/install/control_msgs/lib/python3.8/site-packages:${PYTHONPATH} /usr/bin/cmake /home/diego/Workspaces/ros2_control_diffbot_ws/src/ros2_control/hardware_interface -DAMENT_CMAKE_SYMLINK_INSTALL=1 -DCMAKE_INSTALL_PREFIX=/home/diego/Workspaces/ros2_control_diffbot_ws/install/hardware_interface
[5.090s] Invoking command in '/home/diego/Workspaces/ros2_control_diffbot_ws/build/hardware_interface': AMENT_PREFIX_PATH=/home/diego/Workspaces/ros2_control_diffbot_ws/install/ros2_control_test_assets:/home/diego/Workspaces/ros2_control_diffbot_ws/install/control_msgs:${AMENT_PREFIX_PATH} CMAKE_PREFIX_PATH=/home/diego/Workspaces/ros2_control_diffbot_ws/install/ros2_control_test_assets:/home/diego/Workspaces/ros2_control_diffbot_ws/install/control_msgs:/opt/ros/foxy LD_LIBRARY_PATH=/home/diego/Workspaces/ros2_control_diffbot_ws/install/control_msgs/lib:${LD_LIBRARY_PATH} PYTHONPATH=/home/diego/Workspaces/ros2_control_diffbot_ws/install/control_msgs/lib/python3.8/site-packages:${PYTHONPATH} /usr/bin/cmake --build /home/diego/Workspaces/ros2_control_diffbot_ws/build/hardware_interface -- -j2 -l2
[5.220s] [35m[1mScanning dependencies of target hardware_interface[0m
[5.301s] [  2%] [32mBuilding CXX object CMakeFiles/hardware_interface.dir/src/actuator.cpp.o[0m
[6.497s] [  5%] [32mBuilding CXX object CMakeFiles/hardware_interface.dir/src/component_parser.cpp.o[0m
[15.156s] [  8%] [32mBuilding CXX object CMakeFiles/hardware_interface.dir/src/resource_manager.cpp.o[0m
[30.407s] [ 11%] [32mBuilding CXX object CMakeFiles/hardware_interface.dir/src/sensor.cpp.o[0m
[31.427s] [ 14%] [32mBuilding CXX object CMakeFiles/hardware_interface.dir/src/system.cpp.o[0m
[32.815s] [ 17%] [32m[1mLinking CXX shared library libhardware_interface.so[0m
[33.911s] [ 17%] Built target hardware_interface
[33.944s] [35m[1mScanning dependencies of target gmock[0m
[34.000s] [ 20%] [32mBuilding CXX object gmock/CMakeFiles/gmock.dir/opt/ros/foxy/src/gtest_vendor/src/gtest-all.cc.o[0m
[44.776s] [ 23%] [32mBuilding CXX object gmock/CMakeFiles/gmock.dir/src/gmock-all.cc.o[0m
[49.701s] [ 26%] [32m[1mLinking CXX static library libgmock.a[0m
[49.850s] [ 26%] Built target gmock
[49.875s] [35m[1mScanning dependencies of target gmock_main[0m
[49.916s] [ 29%] [32mBuilding CXX object gmock/CMakeFiles/gmock_main.dir/src/gmock_main.cc.o[0m
[52.353s] [ 32%] [32m[1mLinking CXX static library libgmock_main.a[0m
[52.444s] [ 32%] Built target gmock_main
[52.468s] [35m[1mScanning dependencies of target test_components[0m
[52.502s] [ 35%] [32mBuilding CXX object CMakeFiles/test_components.dir/test/test_components/test_actuator.cpp.o[0m
[55.385s] [ 38%] [32mBuilding CXX object CMakeFiles/test_components.dir/test/test_components/test_sensor.cpp.o[0m
[58.154s] [ 41%] [32mBuilding CXX object CMakeFiles/test_components.dir/test/test_components/test_system.cpp.o[0m
[61.195s] [ 44%] [32m[1mLinking CXX shared library libtest_components.so[0m
[61.566s] [ 44%] Built target test_components
[61.591s] [35m[1mScanning dependencies of target test_hardware_components[0m
[61.626s] [ 47%] [32mBuilding CXX object CMakeFiles/test_hardware_components.dir/test/test_hardware_components/test_single_joint_actuator.cpp.o[0m
[64.564s] [ 50%] [32mBuilding CXX object CMakeFiles/test_hardware_components.dir/test/test_hardware_components/test_force_torque_sensor.cpp.o[0m
[67.452s] [ 52%] [32mBuilding CXX object CMakeFiles/test_hardware_components.dir/test/test_hardware_components/test_two_joint_system.cpp.o[0m
[70.424s] [ 55%] [32mBuilding CXX object CMakeFiles/test_hardware_components.dir/test/test_hardware_components/test_system_with_command_modes.cpp.o[0m
[73.655s] [ 58%] [32m[1mLinking CXX shared library libtest_hardware_components.so[0m
[74.080s] [ 58%] Built target test_hardware_components
[74.102s] [35m[1mScanning dependencies of target test_generic_system[0m
[74.142s] [ 61%] [32mBuilding CXX object CMakeFiles/test_generic_system.dir/test/fake_components/test_generic_system.cpp.o[0m
[79.366s] [ 64%] [32m[1mLinking CXX executable test_generic_system[0m
[80.039s] [ 64%] Built target test_generic_system
[80.063s] [35m[1mScanning dependencies of target test_macros[0m
[80.103s] [ 67%] [32mBuilding CXX object CMakeFiles/test_macros.dir/test/test_macros.cpp.o[0m
[82.775s] [ 70%] [32m[1mLinking CXX executable test_macros[0m
[83.216s] [ 70%] Built target test_macros
[83.242s] [35m[1mScanning dependencies of target test_resource_manager[0m
[83.286s] [ 73%] [32mBuilding CXX object CMakeFiles/test_resource_manager.dir/test/test_resource_manager.cpp.o[0m
[87.907s] [ 76%] [32m[1mLinking CXX executable test_resource_manager[0m
[88.625s] [ 76%] Built target test_resource_manager
[88.651s] [35m[1mScanning dependencies of target fake_components[0m
[88.689s] [ 79%] [32mBuilding CXX object CMakeFiles/fake_components.dir/src/fake_components/generic_system.cpp.o[0m
[92.623s] [ 82%] [32m[1mLinking CXX shared library libfake_components.so[0m
[92.929s] [ 82%] Built target fake_components
[92.963s] [35m[1mScanning dependencies of target test_component_interfaces[0m
[93.008s] [ 85%] [32mBuilding CXX object CMakeFiles/test_component_interfaces.dir/test/test_component_interfaces.cpp.o[0m
[97.305s] [ 88%] [32m[1mLinking CXX executable test_component_interfaces[0m
[97.991s] [ 88%] Built target test_component_interfaces
[98.015s] [35m[1mScanning dependencies of target test_joint_handle[0m
[98.054s] [ 91%] [32mBuilding CXX object CMakeFiles/test_joint_handle.dir/test/test_handle.cpp.o[0m
[101.280s] [ 94%] [32m[1mLinking CXX executable test_joint_handle[0m
[101.851s] [ 94%] Built target test_joint_handle
[101.877s] [35m[1mScanning dependencies of target test_component_parser[0m
[101.937s] [ 97%] [32mBuilding CXX object CMakeFiles/test_component_parser.dir/test/test_component_parser.cpp.o[0m
[111.053s] [100%] [32m[1mLinking CXX executable test_component_parser[0m
[111.970s] [100%] Built target test_component_parser
[112.009s] Invoked command in '/home/diego/Workspaces/ros2_control_diffbot_ws/build/hardware_interface' returned '0': AMENT_PREFIX_PATH=/home/diego/Workspaces/ros2_control_diffbot_ws/install/ros2_control_test_assets:/home/diego/Workspaces/ros2_control_diffbot_ws/install/control_msgs:${AMENT_PREFIX_PATH} CMAKE_PREFIX_PATH=/home/diego/Workspaces/ros2_control_diffbot_ws/install/ros2_control_test_assets:/home/diego/Workspaces/ros2_control_diffbot_ws/install/control_msgs:/opt/ros/foxy LD_LIBRARY_PATH=/home/diego/Workspaces/ros2_control_diffbot_ws/install/control_msgs/lib:${LD_LIBRARY_PATH} PYTHONPATH=/home/diego/Workspaces/ros2_control_diffbot_ws/install/control_msgs/lib/python3.8/site-packages:${PYTHONPATH} /usr/bin/cmake --build /home/diego/Workspaces/ros2_control_diffbot_ws/build/hardware_interface -- -j2 -l2
[112.183s] Invoking command in '/home/diego/Workspaces/ros2_control_diffbot_ws/build/hardware_interface': AMENT_PREFIX_PATH=/home/diego/Workspaces/ros2_control_diffbot_ws/install/ros2_control_test_assets:/home/diego/Workspaces/ros2_control_diffbot_ws/install/control_msgs:${AMENT_PREFIX_PATH} CMAKE_PREFIX_PATH=/home/diego/Workspaces/ros2_control_diffbot_ws/install/ros2_control_test_assets:/home/diego/Workspaces/ros2_control_diffbot_ws/install/control_msgs:/opt/ros/foxy LD_LIBRARY_PATH=/home/diego/Workspaces/ros2_control_diffbot_ws/install/control_msgs/lib:${LD_LIBRARY_PATH} PYTHONPATH=/home/diego/Workspaces/ros2_control_diffbot_ws/install/control_msgs/lib/python3.8/site-packages:${PYTHONPATH} /usr/bin/cmake --install /home/diego/Workspaces/ros2_control_diffbot_ws/build/hardware_interface
[112.209s] -- Install configuration: ""
[112.210s] -- Execute custom install script
[112.211s] -- Symlinking: /home/diego/Workspaces/ros2_control_diffbot_ws/install/hardware_interface/share/hardware_interface//fake_components_plugin_description.xml
[112.236s] -- Symlinking: /home/diego/Workspaces/ros2_control_diffbot_ws/install/hardware_interface/include/fake_components/generic_system.hpp
[112.258s] -- Symlinking: /home/diego/Workspaces/ros2_control_diffbot_ws/install/hardware_interface/include/fake_components/visibility_control.h
[112.282s] -- Symlinking: /home/diego/Workspaces/ros2_control_diffbot_ws/install/hardware_interface/include/hardware_interface/actuator.hpp
[112.307s] -- Symlinking: /home/diego/Workspaces/ros2_control_diffbot_ws/install/hardware_interface/include/hardware_interface/actuator_interface.hpp
[112.330s] -- Symlinking: /home/diego/Workspaces/ros2_control_diffbot_ws/install/hardware_interface/include/hardware_interface/base_interface.hpp
[112.353s] -- Symlinking: /home/diego/Workspaces/ros2_control_diffbot_ws/install/hardware_interface/include/hardware_interface/component_parser.hpp
[112.378s] -- Symlinking: /home/diego/Workspaces/ros2_control_diffbot_ws/install/hardware_interface/include/hardware_interface/controller_info.hpp
[112.400s] -- Symlinking: /home/diego/Workspaces/ros2_control_diffbot_ws/install/hardware_interface/include/hardware_interface/handle.hpp
[112.424s] -- Symlinking: /home/diego/Workspaces/ros2_control_diffbot_ws/install/hardware_interface/include/hardware_interface/hardware_info.hpp
[112.447s] -- Symlinking: /home/diego/Workspaces/ros2_control_diffbot_ws/install/hardware_interface/include/hardware_interface/loaned_command_interface.hpp
[112.470s] -- Symlinking: /home/diego/Workspaces/ros2_control_diffbot_ws/install/hardware_interface/include/hardware_interface/loaned_state_interface.hpp
[112.493s] -- Symlinking: /home/diego/Workspaces/ros2_control_diffbot_ws/install/hardware_interface/include/hardware_interface/macros.hpp
[112.517s] -- Symlinking: /home/diego/Workspaces/ros2_control_diffbot_ws/install/hardware_interface/include/hardware_interface/resource_manager.hpp
[112.541s] -- Symlinking: /home/diego/Workspaces/ros2_control_diffbot_ws/install/hardware_interface/include/hardware_interface/sensor.hpp
[112.566s] -- Symlinking: /home/diego/Workspaces/ros2_control_diffbot_ws/install/hardware_interface/include/hardware_interface/sensor_interface.hpp
[112.591s] -- Symlinking: /home/diego/Workspaces/ros2_control_diffbot_ws/install/hardware_interface/include/hardware_interface/system.hpp
[112.616s] -- Symlinking: /home/diego/Workspaces/ros2_control_diffbot_ws/install/hardware_interface/include/hardware_interface/system_interface.hpp
[112.642s] -- Symlinking: /home/diego/Workspaces/ros2_control_diffbot_ws/install/hardware_interface/include/hardware_interface/types/hardware_interface_return_values.hpp
[112.665s] -- Symlinking: /home/diego/Workspaces/ros2_control_diffbot_ws/install/hardware_interface/include/hardware_interface/types/hardware_interface_status_values.hpp
[112.688s] -- Symlinking: /home/diego/Workspaces/ros2_control_diffbot_ws/install/hardware_interface/include/hardware_interface/types/hardware_interface_type_values.hpp
[112.714s] -- Symlinking: /home/diego/Workspaces/ros2_control_diffbot_ws/install/hardware_interface/include/hardware_interface/visibility_control.h
[112.738s] -- Symlinking: /home/diego/Workspaces/ros2_control_diffbot_ws/install/hardware_interface/lib/libfake_components.so
[112.762s] -- Symlinking: /home/diego/Workspaces/ros2_control_diffbot_ws/install/hardware_interface/lib/libhardware_interface.so
[112.786s] -- Symlinking: /home/diego/Workspaces/ros2_control_diffbot_ws/install/hardware_interface/lib/libtest_components.so
[112.810s] -- Symlinking: /home/diego/Workspaces/ros2_control_diffbot_ws/install/hardware_interface/share/hardware_interface/test/test_components/test_components.xml
[112.831s] -- Symlinking: /home/diego/Workspaces/ros2_control_diffbot_ws/install/hardware_interface/lib/libtest_hardware_components.so
[112.855s] -- Symlinking: /home/diego/Workspaces/ros2_control_diffbot_ws/install/hardware_interface/share/hardware_interface/test/test_hardware_components/test_hardware_components.xml
[112.879s] -- Symlinking: /home/diego/Workspaces/ros2_control_diffbot_ws/install/hardware_interface/share/hardware_interface/environment/library_path.sh
[112.907s] -- Symlinking: /home/diego/Workspaces/ros2_control_diffbot_ws/install/hardware_interface/share/hardware_interface/environment/library_path.dsv
[112.928s] -- Symlinking: /home/diego/Workspaces/ros2_control_diffbot_ws/install/hardware_interface/share/ament_index/resource_index/package_run_dependencies/hardware_interface
[112.950s] -- Symlinking: /home/diego/Workspaces/ros2_control_diffbot_ws/install/hardware_interface/share/ament_index/resource_index/parent_prefix_path/hardware_interface
[112.973s] -- Symlinking: /home/diego/Workspaces/ros2_control_diffbot_ws/install/hardware_interface/share/hardware_interface/environment/ament_prefix_path.sh
[112.996s] -- Symlinking: /home/diego/Workspaces/ros2_control_diffbot_ws/install/hardware_interface/share/hardware_interface/environment/ament_prefix_path.dsv
[113.022s] -- Symlinking: /home/diego/Workspaces/ros2_control_diffbot_ws/install/hardware_interface/share/hardware_interface/environment/path.sh
[113.045s] -- Symlinking: /home/diego/Workspaces/ros2_control_diffbot_ws/install/hardware_interface/share/hardware_interface/environment/path.dsv
[113.069s] -- Symlinking: /home/diego/Workspaces/ros2_control_diffbot_ws/install/hardware_interface/share/hardware_interface/local_setup.bash
[113.093s] -- Symlinking: /home/diego/Workspaces/ros2_control_diffbot_ws/install/hardware_interface/share/hardware_interface/local_setup.sh
[113.119s] -- Symlinking: /home/diego/Workspaces/ros2_control_diffbot_ws/install/hardware_interface/share/hardware_interface/local_setup.zsh
[113.143s] -- Symlinking: /home/diego/Workspaces/ros2_control_diffbot_ws/install/hardware_interface/share/hardware_interface/local_setup.dsv
[113.167s] -- Symlinking: /home/diego/Workspaces/ros2_control_diffbot_ws/install/hardware_interface/share/hardware_interface/package.dsv
[113.191s] -- Symlinking: /home/diego/Workspaces/ros2_control_diffbot_ws/install/hardware_interface/share/ament_index/resource_index/packages/hardware_interface
[113.215s] -- Symlinking: /home/diego/Workspaces/ros2_control_diffbot_ws/install/hardware_interface/share/ament_index/resource_index/hardware_interface__pluginlib__plugin/hardware_interface
[113.238s] -- Symlinking: /home/diego/Workspaces/ros2_control_diffbot_ws/install/hardware_interface/share/hardware_interface/cmake/ament_cmake_export_include_directories-extras.cmake
[113.261s] -- Symlinking: /home/diego/Workspaces/ros2_control_diffbot_ws/install/hardware_interface/share/hardware_interface/cmake/ament_cmake_export_libraries-extras.cmake
[113.284s] -- Symlinking: /home/diego/Workspaces/ros2_control_diffbot_ws/install/hardware_interface/share/hardware_interface/cmake/ament_cmake_export_dependencies-extras.cmake
[113.310s] -- Symlinking: /home/diego/Workspaces/ros2_control_diffbot_ws/install/hardware_interface/share/hardware_interface/cmake/hardware_interfaceConfig.cmake
[113.333s] -- Symlinking: /home/diego/Workspaces/ros2_control_diffbot_ws/install/hardware_interface/share/hardware_interface/cmake/hardware_interfaceConfig-version.cmake
[113.357s] -- Symlinking: /home/diego/Workspaces/ros2_control_diffbot_ws/install/hardware_interface/share/hardware_interface/package.xml
[113.393s] Invoked command in '/home/diego/Workspaces/ros2_control_diffbot_ws/build/hardware_interface' returned '0': AMENT_PREFIX_PATH=/home/diego/Workspaces/ros2_control_diffbot_ws/install/ros2_control_test_assets:/home/diego/Workspaces/ros2_control_diffbot_ws/install/control_msgs:${AMENT_PREFIX_PATH} CMAKE_PREFIX_PATH=/home/diego/Workspaces/ros2_control_diffbot_ws/install/ros2_control_test_assets:/home/diego/Workspaces/ros2_control_diffbot_ws/install/control_msgs:/opt/ros/foxy LD_LIBRARY_PATH=/home/diego/Workspaces/ros2_control_diffbot_ws/install/control_msgs/lib:${LD_LIBRARY_PATH} PYTHONPATH=/home/diego/Workspaces/ros2_control_diffbot_ws/install/control_msgs/lib/python3.8/site-packages:${PYTHONPATH} /usr/bin/cmake --install /home/diego/Workspaces/ros2_control_diffbot_ws/build/hardware_interface
