[0.147s] Invoking command in '/home/diego/Workspaces/ros2_control_diffbot_ws/build/transmission_interface': AMENT_PREFIX_PATH=/home/diego/Workspaces/ros2_control_diffbot_ws/install/hardware_interface:/home/diego/Workspaces/ros2_control_diffbot_ws/install/control_msgs:${AMENT_PREFIX_PATH} CMAKE_PREFIX_PATH=/home/diego/Workspaces/ros2_control_diffbot_ws/install/hardware_interface:/home/diego/Workspaces/ros2_control_diffbot_ws/install/control_msgs:/opt/ros/foxy LD_LIBRARY_PATH=/home/diego/Workspaces/ros2_control_diffbot_ws/install/hardware_interface/lib:/home/diego/Workspaces/ros2_control_diffbot_ws/install/control_msgs/lib:${LD_LIBRARY_PATH} PYTHONPATH=/home/diego/Workspaces/ros2_control_diffbot_ws/install/control_msgs/lib/python3.8/site-packages:${PYTHONPATH} /usr/bin/cmake --build /home/diego/Workspaces/ros2_control_diffbot_ws/build/transmission_interface -- -j2 -l2
[0.337s] [ 27%] Built target gmock
[0.404s] [ 45%] Built target gmock_main
[0.487s] [ 63%] Built target test_four_bar_linkage_transmission
[0.560s] [ 81%] Built target test_differential_transmission
[0.638s] [100%] Built target test_simple_transmission
[0.683s] Invoked command in '/home/diego/Workspaces/ros2_control_diffbot_ws/build/transmission_interface' returned '0': AMENT_PREFIX_PATH=/home/diego/Workspaces/ros2_control_diffbot_ws/install/hardware_interface:/home/diego/Workspaces/ros2_control_diffbot_ws/install/control_msgs:${AMENT_PREFIX_PATH} CMAKE_PREFIX_PATH=/home/diego/Workspaces/ros2_control_diffbot_ws/install/hardware_interface:/home/diego/Workspaces/ros2_control_diffbot_ws/install/control_msgs:/opt/ros/foxy LD_LIBRARY_PATH=/home/diego/Workspaces/ros2_control_diffbot_ws/install/hardware_interface/lib:/home/diego/Workspaces/ros2_control_diffbot_ws/install/control_msgs/lib:${LD_LIBRARY_PATH} PYTHONPATH=/home/diego/Workspaces/ros2_control_diffbot_ws/install/control_msgs/lib/python3.8/site-packages:${PYTHONPATH} /usr/bin/cmake --build /home/diego/Workspaces/ros2_control_diffbot_ws/build/transmission_interface -- -j2 -l2
[0.798s] Invoking command in '/home/diego/Workspaces/ros2_control_diffbot_ws/build/transmission_interface': AMENT_PREFIX_PATH=/home/diego/Workspaces/ros2_control_diffbot_ws/install/hardware_interface:/home/diego/Workspaces/ros2_control_diffbot_ws/install/control_msgs:${AMENT_PREFIX_PATH} CMAKE_PREFIX_PATH=/home/diego/Workspaces/ros2_control_diffbot_ws/install/hardware_interface:/home/diego/Workspaces/ros2_control_diffbot_ws/install/control_msgs:/opt/ros/foxy LD_LIBRARY_PATH=/home/diego/Workspaces/ros2_control_diffbot_ws/install/hardware_interface/lib:/home/diego/Workspaces/ros2_control_diffbot_ws/install/control_msgs/lib:${LD_LIBRARY_PATH} PYTHONPATH=/home/diego/Workspaces/ros2_control_diffbot_ws/install/control_msgs/lib/python3.8/site-packages:${PYTHONPATH} /usr/bin/cmake --install /home/diego/Workspaces/ros2_control_diffbot_ws/build/transmission_interface
[0.827s] -- Install configuration: ""
[0.831s] -- Execute custom install script
[0.838s] -- Up-to-date symlink: /home/diego/Workspaces/ros2_control_diffbot_ws/install/transmission_interface/include/transmission_interface/accessor.hpp
[0.840s] -- Up-to-date symlink: /home/diego/Workspaces/ros2_control_diffbot_ws/install/transmission_interface/include/transmission_interface/differential_transmission.hpp
[0.842s] -- Up-to-date symlink: /home/diego/Workspaces/ros2_control_diffbot_ws/install/transmission_interface/include/transmission_interface/exception.hpp
[0.844s] -- Up-to-date symlink: /home/diego/Workspaces/ros2_control_diffbot_ws/install/transmission_interface/include/transmission_interface/four_bar_linkage_transmission.hpp
[0.847s] -- Up-to-date symlink: /home/diego/Workspaces/ros2_control_diffbot_ws/install/transmission_interface/include/transmission_interface/handle.hpp
[0.849s] -- Up-to-date symlink: /home/diego/Workspaces/ros2_control_diffbot_ws/install/transmission_interface/include/transmission_interface/simple_transmission.hpp
[0.851s] -- Up-to-date symlink: /home/diego/Workspaces/ros2_control_diffbot_ws/install/transmission_interface/include/transmission_interface/transmission.hpp
[0.855s] -- Up-to-date symlink: /home/diego/Workspaces/ros2_control_diffbot_ws/install/transmission_interface/include/transmission_interface/transmission_parser.hpp
[0.861s] -- Up-to-date symlink: /home/diego/Workspaces/ros2_control_diffbot_ws/install/transmission_interface/include/transmission_interface/visibility_control.h
[0.866s] -- Up-to-date symlink: /home/diego/Workspaces/ros2_control_diffbot_ws/install/transmission_interface/share/ament_index/resource_index/package_run_dependencies/transmission_interface
[0.870s] -- Up-to-date symlink: /home/diego/Workspaces/ros2_control_diffbot_ws/install/transmission_interface/share/ament_index/resource_index/parent_prefix_path/transmission_interface
[0.873s] -- Up-to-date symlink: /home/diego/Workspaces/ros2_control_diffbot_ws/install/transmission_interface/share/transmission_interface/environment/ament_prefix_path.sh
[0.876s] -- Up-to-date symlink: /home/diego/Workspaces/ros2_control_diffbot_ws/install/transmission_interface/share/transmission_interface/environment/ament_prefix_path.dsv
[0.878s] -- Up-to-date symlink: /home/diego/Workspaces/ros2_control_diffbot_ws/install/transmission_interface/share/transmission_interface/environment/path.sh
[0.880s] -- Up-to-date symlink: /home/diego/Workspaces/ros2_control_diffbot_ws/install/transmission_interface/share/transmission_interface/environment/path.dsv
[0.887s] -- Up-to-date symlink: /home/diego/Workspaces/ros2_control_diffbot_ws/install/transmission_interface/share/transmission_interface/local_setup.bash
[0.889s] -- Up-to-date symlink: /home/diego/Workspaces/ros2_control_diffbot_ws/install/transmission_interface/share/transmission_interface/local_setup.sh
[0.891s] -- Up-to-date symlink: /home/diego/Workspaces/ros2_control_diffbot_ws/install/transmission_interface/share/transmission_interface/local_setup.zsh
[0.893s] -- Up-to-date symlink: /home/diego/Workspaces/ros2_control_diffbot_ws/install/transmission_interface/share/transmission_interface/local_setup.dsv
[0.894s] -- Symlinking: /home/diego/Workspaces/ros2_control_diffbot_ws/install/transmission_interface/share/transmission_interface/package.dsv
[0.932s] -- Up-to-date symlink: /home/diego/Workspaces/ros2_control_diffbot_ws/install/transmission_interface/share/ament_index/resource_index/packages/transmission_interface
[0.934s] -- Up-to-date symlink: /home/diego/Workspaces/ros2_control_diffbot_ws/install/transmission_interface/share/transmission_interface/cmake/ament_cmake_export_include_directories-extras.cmake
[0.937s] -- Up-to-date symlink: /home/diego/Workspaces/ros2_control_diffbot_ws/install/transmission_interface/share/transmission_interface/cmake/ament_cmake_export_dependencies-extras.cmake
[0.940s] -- Up-to-date symlink: /home/diego/Workspaces/ros2_control_diffbot_ws/install/transmission_interface/share/transmission_interface/cmake/transmission_interfaceConfig.cmake
[0.951s] -- Up-to-date symlink: /home/diego/Workspaces/ros2_control_diffbot_ws/install/transmission_interface/share/transmission_interface/cmake/transmission_interfaceConfig-version.cmake
[0.953s] -- Up-to-date symlink: /home/diego/Workspaces/ros2_control_diffbot_ws/install/transmission_interface/share/transmission_interface/package.xml
[0.977s] Invoked command in '/home/diego/Workspaces/ros2_control_diffbot_ws/build/transmission_interface' returned '0': AMENT_PREFIX_PATH=/home/diego/Workspaces/ros2_control_diffbot_ws/install/hardware_interface:/home/diego/Workspaces/ros2_control_diffbot_ws/install/control_msgs:${AMENT_PREFIX_PATH} CMAKE_PREFIX_PATH=/home/diego/Workspaces/ros2_control_diffbot_ws/install/hardware_interface:/home/diego/Workspaces/ros2_control_diffbot_ws/install/control_msgs:/opt/ros/foxy LD_LIBRARY_PATH=/home/diego/Workspaces/ros2_control_diffbot_ws/install/hardware_interface/lib:/home/diego/Workspaces/ros2_control_diffbot_ws/install/control_msgs/lib:${LD_LIBRARY_PATH} PYTHONPATH=/home/diego/Workspaces/ros2_control_diffbot_ws/install/control_msgs/lib/python3.8/site-packages:${PYTHONPATH} /usr/bin/cmake --install /home/diego/Workspaces/ros2_control_diffbot_ws/build/transmission_interface
