[0.150s] Invoking command in '/home/diego/Workspaces/ros2_control_diffbot_ws/build/ros2_control_demo_hardware': AMENT_PREFIX_PATH=/home/diego/Workspaces/ros2_control_diffbot_ws/install/hardware_interface:/home/diego/Workspaces/ros2_control_diffbot_ws/install/control_msgs:${AMENT_PREFIX_PATH} CMAKE_PREFIX_PATH=/home/diego/Workspaces/ros2_control_diffbot_ws/install/hardware_interface:/home/diego/Workspaces/ros2_control_diffbot_ws/install/control_msgs:/opt/ros/foxy LD_LIBRARY_PATH=/home/diego/Workspaces/ros2_control_diffbot_ws/install/hardware_interface/lib:/home/diego/Workspaces/ros2_control_diffbot_ws/install/control_msgs/lib:${LD_LIBRARY_PATH} PYTHONPATH=/home/diego/Workspaces/ros2_control_diffbot_ws/install/control_msgs/lib/python3.8/site-packages:${PYTHONPATH} /usr/bin/cmake --build /home/diego/Workspaces/ros2_control_diffbot_ws/build/ros2_control_demo_hardware -- -j2 -l2
[0.393s] [100%] Built target ros2_control_demo_hardware
[0.448s] Invoked command in '/home/diego/Workspaces/ros2_control_diffbot_ws/build/ros2_control_demo_hardware' returned '0': AMENT_PREFIX_PATH=/home/diego/Workspaces/ros2_control_diffbot_ws/install/hardware_interface:/home/diego/Workspaces/ros2_control_diffbot_ws/install/control_msgs:${AMENT_PREFIX_PATH} CMAKE_PREFIX_PATH=/home/diego/Workspaces/ros2_control_diffbot_ws/install/hardware_interface:/home/diego/Workspaces/ros2_control_diffbot_ws/install/control_msgs:/opt/ros/foxy LD_LIBRARY_PATH=/home/diego/Workspaces/ros2_control_diffbot_ws/install/hardware_interface/lib:/home/diego/Workspaces/ros2_control_diffbot_ws/install/control_msgs/lib:${LD_LIBRARY_PATH} PYTHONPATH=/home/diego/Workspaces/ros2_control_diffbot_ws/install/control_msgs/lib/python3.8/site-packages:${PYTHONPATH} /usr/bin/cmake --build /home/diego/Workspaces/ros2_control_diffbot_ws/build/ros2_control_demo_hardware -- -j2 -l2
[0.605s] Invoking command in '/home/diego/Workspaces/ros2_control_diffbot_ws/build/ros2_control_demo_hardware': AMENT_PREFIX_PATH=/home/diego/Workspaces/ros2_control_diffbot_ws/install/hardware_interface:/home/diego/Workspaces/ros2_control_diffbot_ws/install/control_msgs:${AMENT_PREFIX_PATH} CMAKE_PREFIX_PATH=/home/diego/Workspaces/ros2_control_diffbot_ws/install/hardware_interface:/home/diego/Workspaces/ros2_control_diffbot_ws/install/control_msgs:/opt/ros/foxy LD_LIBRARY_PATH=/home/diego/Workspaces/ros2_control_diffbot_ws/install/hardware_interface/lib:/home/diego/Workspaces/ros2_control_diffbot_ws/install/control_msgs/lib:${LD_LIBRARY_PATH} PYTHONPATH=/home/diego/Workspaces/ros2_control_diffbot_ws/install/control_msgs/lib/python3.8/site-packages:${PYTHONPATH} /usr/bin/cmake --install /home/diego/Workspaces/ros2_control_diffbot_ws/build/ros2_control_demo_hardware
[0.639s] -- Install configuration: ""
[0.641s] -- Execute custom install script
[0.642s] -- Up-to-date symlink: /home/diego/Workspaces/ros2_control_diffbot_ws/install/ros2_control_demo_hardware/share/ros2_control_demo_hardware//ros2_control_demo_hardware.xml
[0.644s] -- Up-to-date symlink: /home/diego/Workspaces/ros2_control_diffbot_ws/install/ros2_control_demo_hardware/lib/libros2_control_demo_hardware.so
[0.647s] -- Up-to-date symlink: /home/diego/Workspaces/ros2_control_diffbot_ws/install/ros2_control_demo_hardware/include/ros2_control_demo_hardware/diffbot_system.hpp
[0.648s] -- Up-to-date symlink: /home/diego/Workspaces/ros2_control_diffbot_ws/install/ros2_control_demo_hardware/include/ros2_control_demo_hardware/rrbot_system_multi_interface.hpp
[0.649s] -- Up-to-date symlink: /home/diego/Workspaces/ros2_control_diffbot_ws/install/ros2_control_demo_hardware/include/ros2_control_demo_hardware/rrbot_system_position_only.hpp
[0.650s] -- Up-to-date symlink: /home/diego/Workspaces/ros2_control_diffbot_ws/install/ros2_control_demo_hardware/include/ros2_control_demo_hardware/rrbot_system_with_sensor.hpp
[0.651s] -- Up-to-date symlink: /home/diego/Workspaces/ros2_control_diffbot_ws/install/ros2_control_demo_hardware/include/ros2_control_demo_hardware/visibility_control.h
[0.652s] -- Up-to-date symlink: /home/diego/Workspaces/ros2_control_diffbot_ws/install/ros2_control_demo_hardware/share/ros2_control_demo_hardware/environment/library_path.sh
[0.652s] -- Up-to-date symlink: /home/diego/Workspaces/ros2_control_diffbot_ws/install/ros2_control_demo_hardware/share/ros2_control_demo_hardware/environment/library_path.dsv
[0.654s] -- Up-to-date symlink: /home/diego/Workspaces/ros2_control_diffbot_ws/install/ros2_control_demo_hardware/share/ament_index/resource_index/package_run_dependencies/ros2_control_demo_hardware
[0.654s] -- Up-to-date symlink: /home/diego/Workspaces/ros2_control_diffbot_ws/install/ros2_control_demo_hardware/share/ament_index/resource_index/parent_prefix_path/ros2_control_demo_hardware
[0.655s] -- Up-to-date symlink: /home/diego/Workspaces/ros2_control_diffbot_ws/install/ros2_control_demo_hardware/share/ros2_control_demo_hardware/environment/ament_prefix_path.sh
[0.656s] -- Up-to-date symlink: /home/diego/Workspaces/ros2_control_diffbot_ws/install/ros2_control_demo_hardware/share/ros2_control_demo_hardware/environment/ament_prefix_path.dsv
[0.657s] -- Up-to-date symlink: /home/diego/Workspaces/ros2_control_diffbot_ws/install/ros2_control_demo_hardware/share/ros2_control_demo_hardware/environment/path.sh
[0.658s] -- Up-to-date symlink: /home/diego/Workspaces/ros2_control_diffbot_ws/install/ros2_control_demo_hardware/share/ros2_control_demo_hardware/environment/path.dsv
[0.660s] -- Up-to-date symlink: /home/diego/Workspaces/ros2_control_diffbot_ws/install/ros2_control_demo_hardware/share/ros2_control_demo_hardware/local_setup.bash
[0.663s] -- Up-to-date symlink: /home/diego/Workspaces/ros2_control_diffbot_ws/install/ros2_control_demo_hardware/share/ros2_control_demo_hardware/local_setup.sh
[0.663s] -- Up-to-date symlink: /home/diego/Workspaces/ros2_control_diffbot_ws/install/ros2_control_demo_hardware/share/ros2_control_demo_hardware/local_setup.zsh
[0.664s] -- Up-to-date symlink: /home/diego/Workspaces/ros2_control_diffbot_ws/install/ros2_control_demo_hardware/share/ros2_control_demo_hardware/local_setup.dsv
[0.665s] -- Symlinking: /home/diego/Workspaces/ros2_control_diffbot_ws/install/ros2_control_demo_hardware/share/ros2_control_demo_hardware/package.dsv
[0.691s] -- Up-to-date symlink: /home/diego/Workspaces/ros2_control_diffbot_ws/install/ros2_control_demo_hardware/share/ament_index/resource_index/packages/ros2_control_demo_hardware
[0.692s] -- Up-to-date symlink: /home/diego/Workspaces/ros2_control_diffbot_ws/install/ros2_control_demo_hardware/share/ament_index/resource_index/hardware_interface__pluginlib__plugin/ros2_control_demo_hardware
[0.693s] -- Up-to-date symlink: /home/diego/Workspaces/ros2_control_diffbot_ws/install/ros2_control_demo_hardware/share/ros2_control_demo_hardware/cmake/ament_cmake_export_include_directories-extras.cmake
[0.695s] -- Up-to-date symlink: /home/diego/Workspaces/ros2_control_diffbot_ws/install/ros2_control_demo_hardware/share/ros2_control_demo_hardware/cmake/ament_cmake_export_libraries-extras.cmake
[0.696s] -- Up-to-date symlink: /home/diego/Workspaces/ros2_control_diffbot_ws/install/ros2_control_demo_hardware/share/ros2_control_demo_hardware/cmake/ament_cmake_export_dependencies-extras.cmake
[0.718s] -- Up-to-date symlink: /home/diego/Workspaces/ros2_control_diffbot_ws/install/ros2_control_demo_hardware/share/ros2_control_demo_hardware/cmake/ros2_control_demo_hardwareConfig.cmake
[0.719s] -- Up-to-date symlink: /home/diego/Workspaces/ros2_control_diffbot_ws/install/ros2_control_demo_hardware/share/ros2_control_demo_hardware/cmake/ros2_control_demo_hardwareConfig-version.cmake
[0.719s] -- Up-to-date symlink: /home/diego/Workspaces/ros2_control_diffbot_ws/install/ros2_control_demo_hardware/share/ros2_control_demo_hardware/package.xml
[0.720s] Invoked command in '/home/diego/Workspaces/ros2_control_diffbot_ws/build/ros2_control_demo_hardware' returned '0': AMENT_PREFIX_PATH=/home/diego/Workspaces/ros2_control_diffbot_ws/install/hardware_interface:/home/diego/Workspaces/ros2_control_diffbot_ws/install/control_msgs:${AMENT_PREFIX_PATH} CMAKE_PREFIX_PATH=/home/diego/Workspaces/ros2_control_diffbot_ws/install/hardware_interface:/home/diego/Workspaces/ros2_control_diffbot_ws/install/control_msgs:/opt/ros/foxy LD_LIBRARY_PATH=/home/diego/Workspaces/ros2_control_diffbot_ws/install/hardware_interface/lib:/home/diego/Workspaces/ros2_control_diffbot_ws/install/control_msgs/lib:${LD_LIBRARY_PATH} PYTHONPATH=/home/diego/Workspaces/ros2_control_diffbot_ws/install/control_msgs/lib/python3.8/site-packages:${PYTHONPATH} /usr/bin/cmake --install /home/diego/Workspaces/ros2_control_diffbot_ws/build/ros2_control_demo_hardware
