[2.285s] Invoking command in '/home/diego/Workspaces/ros2_control_diffbot_ws/build/ros2controlcli': AMENT_PREFIX_PATH=/home/diego/Workspaces/ros2_control_diffbot_ws/install/controller_manager:/home/diego/Workspaces/ros2_control_diffbot_ws/install/controller_interface:/home/diego/Workspaces/ros2_control_diffbot_ws/install/hardware_interface:/home/diego/Workspaces/ros2_control_diffbot_ws/install/ros2_control_test_assets:/home/diego/Workspaces/ros2_control_diffbot_ws/install/controller_manager_msgs:/home/diego/Workspaces/ros2_control_diffbot_ws/install/control_msgs:${AMENT_PREFIX_PATH} CMAKE_PREFIX_PATH=/home/diego/Workspaces/ros2_control_diffbot_ws/install/controller_manager:/home/diego/Workspaces/ros2_control_diffbot_ws/install/controller_interface:/home/diego/Workspaces/ros2_control_diffbot_ws/install/hardware_interface:/home/diego/Workspaces/ros2_control_diffbot_ws/install/ros2_control_test_assets:/home/diego/Workspaces/ros2_control_diffbot_ws/install/controller_manager_msgs:/home/diego/Workspaces/ros2_control_diffbot_ws/install/control_msgs LD_LIBRARY_PATH=/home/diego/Workspaces/ros2_control_diffbot_ws/install/controller_manager/lib:/home/diego/Workspaces/ros2_control_diffbot_ws/install/controller_interface/lib:/home/diego/Workspaces/ros2_control_diffbot_ws/install/hardware_interface/lib:/home/diego/Workspaces/ros2_control_diffbot_ws/install/controller_manager_msgs/lib:/home/diego/Workspaces/ros2_control_diffbot_ws/install/control_msgs/lib:${LD_LIBRARY_PATH} PYTHONPATH=/home/diego/Workspaces/ros2_control_diffbot_ws/install/ros2controlcli/lib/python3.8/site-packages:/home/diego/Workspaces/ros2_control_diffbot_ws/install/controller_manager/lib/python3.8/site-packages:/home/diego/Workspaces/ros2_control_diffbot_ws/install/controller_manager_msgs/lib/python3.8/site-packages:/home/diego/Workspaces/ros2_control_diffbot_ws/install/control_msgs/lib/python3.8/site-packages:${PYTHONPATH} /usr/bin/python3 setup.py develop --prefix /home/diego/Workspaces/ros2_control_diffbot_ws/install/ros2controlcli --editable --build-directory /home/diego/Workspaces/ros2_control_diffbot_ws/build/ros2controlcli/build --no-deps install_data --install-dir /home/diego/Workspaces/ros2_control_diffbot_ws/install/ros2controlcli
[2.970s] running develop
[3.437s] running egg_info
[3.438s] creating ros2controlcli.egg-info
[3.439s] writing ros2controlcli.egg-info/PKG-INFO
[3.441s] writing dependency_links to ros2controlcli.egg-info/dependency_links.txt
[3.441s] writing entry points to ros2controlcli.egg-info/entry_points.txt
[3.442s] writing requirements to ros2controlcli.egg-info/requires.txt
[3.443s] writing top-level names to ros2controlcli.egg-info/top_level.txt
[3.447s] writing manifest file 'ros2controlcli.egg-info/SOURCES.txt'
[3.549s] reading manifest file 'ros2controlcli.egg-info/SOURCES.txt'
[3.551s] writing manifest file 'ros2controlcli.egg-info/SOURCES.txt'
[3.644s] running build_ext
[3.646s] Creating /home/diego/Workspaces/ros2_control_diffbot_ws/install/ros2controlcli/lib/python3.8/site-packages/site.py
[3.652s] Creating /home/diego/Workspaces/ros2_control_diffbot_ws/install/ros2controlcli/lib/python3.8/site-packages/ros2controlcli.egg-link (link to .)
[3.655s] 
[3.655s] Installed /home/diego/Workspaces/ros2_control_diffbot_ws/build/ros2controlcli
[3.655s] running install_data
[3.656s] copying package.xml -> /home/diego/Workspaces/ros2_control_diffbot_ws/install/ros2controlcli/share/ros2controlcli
[3.657s] creating /home/diego/Workspaces/ros2_control_diffbot_ws/install/ros2controlcli/share/ament_index
[3.658s] creating /home/diego/Workspaces/ros2_control_diffbot_ws/install/ros2controlcli/share/ament_index/resource_index
[3.658s] creating /home/diego/Workspaces/ros2_control_diffbot_ws/install/ros2controlcli/share/ament_index/resource_index/packages
[3.659s] copying resource/ros2controlcli -> /home/diego/Workspaces/ros2_control_diffbot_ws/install/ros2controlcli/share/ament_index/resource_index/packages
[3.762s] Invoked command in '/home/diego/Workspaces/ros2_control_diffbot_ws/build/ros2controlcli' returned '0': AMENT_PREFIX_PATH=/home/diego/Workspaces/ros2_control_diffbot_ws/install/controller_manager:/home/diego/Workspaces/ros2_control_diffbot_ws/install/controller_interface:/home/diego/Workspaces/ros2_control_diffbot_ws/install/hardware_interface:/home/diego/Workspaces/ros2_control_diffbot_ws/install/ros2_control_test_assets:/home/diego/Workspaces/ros2_control_diffbot_ws/install/controller_manager_msgs:/home/diego/Workspaces/ros2_control_diffbot_ws/install/control_msgs:${AMENT_PREFIX_PATH} CMAKE_PREFIX_PATH=/home/diego/Workspaces/ros2_control_diffbot_ws/install/controller_manager:/home/diego/Workspaces/ros2_control_diffbot_ws/install/controller_interface:/home/diego/Workspaces/ros2_control_diffbot_ws/install/hardware_interface:/home/diego/Workspaces/ros2_control_diffbot_ws/install/ros2_control_test_assets:/home/diego/Workspaces/ros2_control_diffbot_ws/install/controller_manager_msgs:/home/diego/Workspaces/ros2_control_diffbot_ws/install/control_msgs LD_LIBRARY_PATH=/home/diego/Workspaces/ros2_control_diffbot_ws/install/controller_manager/lib:/home/diego/Workspaces/ros2_control_diffbot_ws/install/controller_interface/lib:/home/diego/Workspaces/ros2_control_diffbot_ws/install/hardware_interface/lib:/home/diego/Workspaces/ros2_control_diffbot_ws/install/controller_manager_msgs/lib:/home/diego/Workspaces/ros2_control_diffbot_ws/install/control_msgs/lib:${LD_LIBRARY_PATH} PYTHONPATH=/home/diego/Workspaces/ros2_control_diffbot_ws/install/ros2controlcli/lib/python3.8/site-packages:/home/diego/Workspaces/ros2_control_diffbot_ws/install/controller_manager/lib/python3.8/site-packages:/home/diego/Workspaces/ros2_control_diffbot_ws/install/controller_manager_msgs/lib/python3.8/site-packages:/home/diego/Workspaces/ros2_control_diffbot_ws/install/control_msgs/lib/python3.8/site-packages:${PYTHONPATH} /usr/bin/python3 setup.py develop --prefix /home/diego/Workspaces/ros2_control_diffbot_ws/install/ros2controlcli --editable --build-directory /home/diego/Workspaces/ros2_control_diffbot_ws/build/ros2controlcli/build --no-deps install_data --install-dir /home/diego/Workspaces/ros2_control_diffbot_ws/install/ros2controlcli
