[0.064s] Invoking command in '/home/diego/Workspaces/ros2_control_diffbot_ws/src/build/rrbot_description': CMAKE_PREFIX_PATH=/opt/ros/foxy /usr/bin/cmake /home/diego/Workspaces/ros2_control_diffbot_ws/src/ros2_control_demos/ros2_control_demo_description/rrbot_description -DCMAKE_INSTALL_PREFIX=/home/diego/Workspaces/ros2_control_diffbot_ws/src/install/rrbot_description
[0.202s] -- The C compiler identification is GNU 9.4.0
[0.328s] -- The CXX compiler identification is GNU 9.4.0
[0.342s] -- Check for working C compiler: /usr/bin/cc
[0.503s] -- Check for working C compiler: /usr/bin/cc -- works
[0.505s] -- Detecting C compiler ABI info
[0.671s] -- Detecting C compiler ABI info - done
[0.697s] -- Detecting C compile features
[0.698s] -- Detecting C compile features - done
[0.703s] -- Check for working CXX compiler: /usr/bin/c++
[0.885s] -- Check for working CXX compiler: /usr/bin/c++ -- works
[0.888s] -- Detecting CXX compiler ABI info
[1.079s] -- Detecting CXX compiler ABI info - done
[1.106s] -- Detecting CXX compile features
[1.107s] -- Detecting CXX compile features - done
[1.112s] -- Found ament_cmake: 0.9.9 (/opt/ros/foxy/share/ament_cmake/cmake)
[1.174s] -- Found PythonInterp: /usr/bin/python3 (found suitable version "3.8.10", minimum required is "3") 
[1.174s] -- Using PYTHON_EXECUTABLE: /usr/bin/python3
[1.905s] -- Configuring done
[1.911s] -- Generating done
[1.914s] -- Build files have been written to: /home/diego/Workspaces/ros2_control_diffbot_ws/src/build/rrbot_description
[1.928s] Invoked command in '/home/diego/Workspaces/ros2_control_diffbot_ws/src/build/rrbot_description' returned '0': CMAKE_PREFIX_PATH=/opt/ros/foxy /usr/bin/cmake /home/diego/Workspaces/ros2_control_diffbot_ws/src/ros2_control_demos/ros2_control_demo_description/rrbot_description -DCMAKE_INSTALL_PREFIX=/home/diego/Workspaces/ros2_control_diffbot_ws/src/install/rrbot_description
[1.931s] Invoking command in '/home/diego/Workspaces/ros2_control_diffbot_ws/src/build/rrbot_description': CMAKE_PREFIX_PATH=/opt/ros/foxy /usr/bin/cmake --build /home/diego/Workspaces/ros2_control_diffbot_ws/src/build/rrbot_description -- -j2 -l2
[2.032s] Invoked command in '/home/diego/Workspaces/ros2_control_diffbot_ws/src/build/rrbot_description' returned '0': CMAKE_PREFIX_PATH=/opt/ros/foxy /usr/bin/cmake --build /home/diego/Workspaces/ros2_control_diffbot_ws/src/build/rrbot_description -- -j2 -l2
[2.091s] Invoking command in '/home/diego/Workspaces/ros2_control_diffbot_ws/src/build/rrbot_description': CMAKE_PREFIX_PATH=/opt/ros/foxy /usr/bin/cmake --install /home/diego/Workspaces/ros2_control_diffbot_ws/src/build/rrbot_description
[2.112s] -- Install configuration: ""
[2.113s] -- Installing: /home/diego/Workspaces/ros2_control_diffbot_ws/src/install/rrbot_description/share/rrbot_description/config
[2.114s] -- Installing: /home/diego/Workspaces/ros2_control_diffbot_ws/src/install/rrbot_description/share/rrbot_description/config/rrbot.rviz
[2.116s] -- Installing: /home/diego/Workspaces/ros2_control_diffbot_ws/src/install/rrbot_description/share/rrbot_description/gazebo
[2.117s] -- Installing: /home/diego/Workspaces/ros2_control_diffbot_ws/src/install/rrbot_description/share/rrbot_description/gazebo/rrbot.materials.xacro
[2.119s] -- Installing: /home/diego/Workspaces/ros2_control_diffbot_ws/src/install/rrbot_description/share/rrbot_description/gazebo/rrbot.gazebo.xacro
[2.121s] -- Installing: /home/diego/Workspaces/ros2_control_diffbot_ws/src/install/rrbot_description/share/rrbot_description/meshes
[2.122s] -- Installing: /home/diego/Workspaces/ros2_control_diffbot_ws/src/install/rrbot_description/share/rrbot_description/meshes/hokuyo.dae
[2.126s] -- Installing: /home/diego/Workspaces/ros2_control_diffbot_ws/src/install/rrbot_description/share/rrbot_description/launch
[2.126s] -- Installing: /home/diego/Workspaces/ros2_control_diffbot_ws/src/install/rrbot_description/share/rrbot_description/launch/view_robot.launch.py
[2.128s] -- Installing: /home/diego/Workspaces/ros2_control_diffbot_ws/src/install/rrbot_description/share/rrbot_description/ros2_control
[2.129s] -- Installing: /home/diego/Workspaces/ros2_control_diffbot_ws/src/install/rrbot_description/share/rrbot_description/ros2_control/rrbot.ros2_control.xacro
[2.130s] -- Installing: /home/diego/Workspaces/ros2_control_diffbot_ws/src/install/rrbot_description/share/rrbot_description/ros2_control/rrbot_system_multi_interface.ros2_control.xacro
[2.132s] -- Installing: /home/diego/Workspaces/ros2_control_diffbot_ws/src/install/rrbot_description/share/rrbot_description/ros2_control/rrbot_system_with_sensor.ros2_control.xacro
[2.134s] -- Installing: /home/diego/Workspaces/ros2_control_diffbot_ws/src/install/rrbot_description/share/rrbot_description/ros2_control/rrbot_system_position_only.ros2_control.xacro
[2.136s] -- Installing: /home/diego/Workspaces/ros2_control_diffbot_ws/src/install/rrbot_description/share/rrbot_description/urdf
[2.136s] -- Installing: /home/diego/Workspaces/ros2_control_diffbot_ws/src/install/rrbot_description/share/rrbot_description/urdf/rrbot.urdf.xacro
[2.138s] -- Installing: /home/diego/Workspaces/ros2_control_diffbot_ws/src/install/rrbot_description/share/rrbot_description/urdf/rrbot_description.urdf.xacro
[2.140s] -- Installing: /home/diego/Workspaces/ros2_control_diffbot_ws/src/install/rrbot_description/share/rrbot_description/urdf/rrbot_system_position_only.urdf.xacro
[2.142s] -- Installing: /home/diego/Workspaces/ros2_control_diffbot_ws/src/install/rrbot_description/share/rrbot_description/urdf/rrbot_system_multi_interface.urdf.xacro
[2.144s] -- Installing: /home/diego/Workspaces/ros2_control_diffbot_ws/src/install/rrbot_description/share/rrbot_description/urdf/rrbot_system_with_sensor.urdf.xacro
[2.146s] -- Installing: /home/diego/Workspaces/ros2_control_diffbot_ws/src/install/rrbot_description/share/rrbot_description/environment/rrbot_description.dsv
[2.147s] -- Installing: /home/diego/Workspaces/ros2_control_diffbot_ws/src/install/rrbot_description/share/ament_index/resource_index/package_run_dependencies/rrbot_description
[2.148s] -- Installing: /home/diego/Workspaces/ros2_control_diffbot_ws/src/install/rrbot_description/share/ament_index/resource_index/parent_prefix_path/rrbot_description
[2.149s] -- Installing: /home/diego/Workspaces/ros2_control_diffbot_ws/src/install/rrbot_description/share/rrbot_description/environment/ament_prefix_path.sh
[2.150s] -- Installing: /home/diego/Workspaces/ros2_control_diffbot_ws/src/install/rrbot_description/share/rrbot_description/environment/ament_prefix_path.dsv
[2.151s] -- Installing: /home/diego/Workspaces/ros2_control_diffbot_ws/src/install/rrbot_description/share/rrbot_description/environment/path.sh
[2.152s] -- Installing: /home/diego/Workspaces/ros2_control_diffbot_ws/src/install/rrbot_description/share/rrbot_description/environment/path.dsv
[2.153s] -- Installing: /home/diego/Workspaces/ros2_control_diffbot_ws/src/install/rrbot_description/share/rrbot_description/local_setup.bash
[2.154s] -- Installing: /home/diego/Workspaces/ros2_control_diffbot_ws/src/install/rrbot_description/share/rrbot_description/local_setup.sh
[2.155s] -- Installing: /home/diego/Workspaces/ros2_control_diffbot_ws/src/install/rrbot_description/share/rrbot_description/local_setup.zsh
[2.156s] -- Installing: /home/diego/Workspaces/ros2_control_diffbot_ws/src/install/rrbot_description/share/rrbot_description/local_setup.dsv
[2.157s] -- Installing: /home/diego/Workspaces/ros2_control_diffbot_ws/src/install/rrbot_description/share/rrbot_description/package.dsv
[2.158s] -- Installing: /home/diego/Workspaces/ros2_control_diffbot_ws/src/install/rrbot_description/share/ament_index/resource_index/packages/rrbot_description
[2.159s] -- Installing: /home/diego/Workspaces/ros2_control_diffbot_ws/src/install/rrbot_description/share/rrbot_description/cmake/rrbot_descriptionConfig.cmake
[2.160s] -- Installing: /home/diego/Workspaces/ros2_control_diffbot_ws/src/install/rrbot_description/share/rrbot_description/cmake/rrbot_descriptionConfig-version.cmake
[2.161s] -- Installing: /home/diego/Workspaces/ros2_control_diffbot_ws/src/install/rrbot_description/share/rrbot_description/package.xml
[2.170s] Invoked command in '/home/diego/Workspaces/ros2_control_diffbot_ws/src/build/rrbot_description' returned '0': CMAKE_PREFIX_PATH=/opt/ros/foxy /usr/bin/cmake --install /home/diego/Workspaces/ros2_control_diffbot_ws/src/build/rrbot_description
