[0.054s] Invoking command in '/home/diego/Workspaces/ros2_control_diffbot_ws/src/build/diffbot_description': CMAKE_PREFIX_PATH=/opt/ros/foxy /usr/bin/cmake --build /home/diego/Workspaces/ros2_control_diffbot_ws/src/build/diffbot_description -- -j2 -l2
[0.243s] Invoked command in '/home/diego/Workspaces/ros2_control_diffbot_ws/src/build/diffbot_description' returned '0': CMAKE_PREFIX_PATH=/opt/ros/foxy /usr/bin/cmake --build /home/diego/Workspaces/ros2_control_diffbot_ws/src/build/diffbot_description -- -j2 -l2
[0.312s] Invoking command in '/home/diego/Workspaces/ros2_control_diffbot_ws/src/build/diffbot_description': CMAKE_PREFIX_PATH=/opt/ros/foxy /usr/bin/cmake --install /home/diego/Workspaces/ros2_control_diffbot_ws/src/build/diffbot_description
[0.367s] -- Install configuration: ""
[0.370s] -- Up-to-date: /home/diego/Workspaces/ros2_control_diffbot_ws/src/install/diffbot_description/share/diffbot_description/config
[0.372s] -- Up-to-date: /home/diego/Workspaces/ros2_control_diffbot_ws/src/install/diffbot_description/share/diffbot_description/config/diffbot.rviz
[0.372s] -- Up-to-date: /home/diego/Workspaces/ros2_control_diffbot_ws/src/install/diffbot_description/share/diffbot_description/gazebo
[0.373s] -- Up-to-date: /home/diego/Workspaces/ros2_control_diffbot_ws/src/install/diffbot_description/share/diffbot_description/gazebo/diffbot.gazebo.xacro
[0.374s] -- Up-to-date: /home/diego/Workspaces/ros2_control_diffbot_ws/src/install/diffbot_description/share/diffbot_description/gazebo/diffbot.materials.xacro
[0.374s] -- Up-to-date: /home/diego/Workspaces/ros2_control_diffbot_ws/src/install/diffbot_description/share/diffbot_description/meshes
[0.376s] -- Installing: /home/diego/Workspaces/ros2_control_diffbot_ws/src/install/diffbot_description/share/diffbot_description/meshes/Orugas.stl
[0.378s] -- Up-to-date: /home/diego/Workspaces/ros2_control_diffbot_ws/src/install/diffbot_description/share/diffbot_description/meshes/wheel.stl
[0.379s] -- Up-to-date: /home/diego/Workspaces/ros2_control_diffbot_ws/src/install/diffbot_description/share/diffbot_description/meshes/Chasis.stl
[0.380s] -- Up-to-date: /home/diego/Workspaces/ros2_control_diffbot_ws/src/install/diffbot_description/share/diffbot_description/ros2_control
[0.380s] -- Up-to-date: /home/diego/Workspaces/ros2_control_diffbot_ws/src/install/diffbot_description/share/diffbot_description/ros2_control/diffbot_system.ros2_control.xacro
[0.381s] -- Up-to-date: /home/diego/Workspaces/ros2_control_diffbot_ws/src/install/diffbot_description/share/diffbot_description/urdf
[0.381s] -- Up-to-date: /home/diego/Workspaces/ros2_control_diffbot_ws/src/install/diffbot_description/share/diffbot_description/urdf/diffbot_system.urdf.xacro
[0.381s] -- Up-to-date: /home/diego/Workspaces/ros2_control_diffbot_ws/src/install/diffbot_description/share/diffbot_description/urdf/diffboturdforiginal.txt
[0.382s] -- Installing: /home/diego/Workspaces/ros2_control_diffbot_ws/src/install/diffbot_description/share/diffbot_description/urdf/diffbot.urdf.xacro
[0.385s] -- Up-to-date: /home/diego/Workspaces/ros2_control_diffbot_ws/src/install/diffbot_description/share/ament_index/resource_index/package_run_dependencies/diffbot_description
[0.386s] -- Up-to-date: /home/diego/Workspaces/ros2_control_diffbot_ws/src/install/diffbot_description/share/ament_index/resource_index/parent_prefix_path/diffbot_description
[0.388s] -- Up-to-date: /home/diego/Workspaces/ros2_control_diffbot_ws/src/install/diffbot_description/share/diffbot_description/environment/ament_prefix_path.sh
[0.389s] -- Up-to-date: /home/diego/Workspaces/ros2_control_diffbot_ws/src/install/diffbot_description/share/diffbot_description/environment/ament_prefix_path.dsv
[0.389s] -- Up-to-date: /home/diego/Workspaces/ros2_control_diffbot_ws/src/install/diffbot_description/share/diffbot_description/environment/path.sh
[0.390s] -- Up-to-date: /home/diego/Workspaces/ros2_control_diffbot_ws/src/install/diffbot_description/share/diffbot_description/environment/path.dsv
[0.390s] -- Up-to-date: /home/diego/Workspaces/ros2_control_diffbot_ws/src/install/diffbot_description/share/diffbot_description/local_setup.bash
[0.390s] -- Up-to-date: /home/diego/Workspaces/ros2_control_diffbot_ws/src/install/diffbot_description/share/diffbot_description/local_setup.sh
[0.391s] -- Up-to-date: /home/diego/Workspaces/ros2_control_diffbot_ws/src/install/diffbot_description/share/diffbot_description/local_setup.zsh
[0.391s] -- Up-to-date: /home/diego/Workspaces/ros2_control_diffbot_ws/src/install/diffbot_description/share/diffbot_description/local_setup.dsv
[0.392s] -- Installing: /home/diego/Workspaces/ros2_control_diffbot_ws/src/install/diffbot_description/share/diffbot_description/package.dsv
[0.392s] -- Up-to-date: /home/diego/Workspaces/ros2_control_diffbot_ws/src/install/diffbot_description/share/ament_index/resource_index/packages/diffbot_description
[0.393s] -- Up-to-date: /home/diego/Workspaces/ros2_control_diffbot_ws/src/install/diffbot_description/share/diffbot_description/cmake/diffbot_descriptionConfig.cmake
[0.394s] -- Up-to-date: /home/diego/Workspaces/ros2_control_diffbot_ws/src/install/diffbot_description/share/diffbot_description/cmake/diffbot_descriptionConfig-version.cmake
[0.394s] -- Up-to-date: /home/diego/Workspaces/ros2_control_diffbot_ws/src/install/diffbot_description/share/diffbot_description/package.xml
[0.404s] Invoked command in '/home/diego/Workspaces/ros2_control_diffbot_ws/src/build/diffbot_description' returned '0': CMAKE_PREFIX_PATH=/opt/ros/foxy /usr/bin/cmake --install /home/diego/Workspaces/ros2_control_diffbot_ws/src/build/diffbot_description
