[0.053s] Invoking command in '/home/diego/Workspaces/ros2_control_diffbot_ws/src/build/controller_manager_msgs': CMAKE_PREFIX_PATH=/opt/ros/foxy /usr/bin/cmake --build /home/diego/Workspaces/ros2_control_diffbot_ws/src/build/controller_manager_msgs -- -j2 -l2
[0.317s] [ 12%] Built target controller_manager_msgs__rosidl_generator_c
[0.337s] [ 12%] Built target controller_manager_msgs__cpp
[0.451s] [ 24%] Built target controller_manager_msgs__rosidl_typesupport_c
[0.464s] [ 36%] Built target controller_manager_msgs__rosidl_typesupport_introspection_c
[0.573s] [ 48%] Built target controller_manager_msgs__rosidl_typesupport_introspection_cpp
[0.604s] [ 60%] Built target controller_manager_msgs__rosidl_typesupport_cpp
[0.745s] [ 72%] Built target controller_manager_msgs__rosidl_typesupport_fastrtps_cpp
[0.957s] [ 84%] Built target controller_manager_msgs__rosidl_typesupport_fastrtps_c
[1.099s] [ 84%] Built target controller_manager_msgs
[1.252s] [ 85%] Built target controller_manager_msgs__py
[1.437s] [ 96%] Built target controller_manager_msgs__python
[1.652s] [ 97%] Built target controller_manager_msgs__rosidl_typesupport_c__pyext
[1.656s] [ 99%] Built target controller_manager_msgs__rosidl_typesupport_introspection_c__pyext
[1.790s] [100%] Built target controller_manager_msgs__rosidl_typesupport_fastrtps_c__pyext
[1.821s] Invoked command in '/home/diego/Workspaces/ros2_control_diffbot_ws/src/build/controller_manager_msgs' returned '0': CMAKE_PREFIX_PATH=/opt/ros/foxy /usr/bin/cmake --build /home/diego/Workspaces/ros2_control_diffbot_ws/src/build/controller_manager_msgs -- -j2 -l2
[3.081s] Invoking command in '/home/diego/Workspaces/ros2_control_diffbot_ws/src/build/controller_manager_msgs': CMAKE_PREFIX_PATH=/opt/ros/foxy /usr/bin/cmake --install /home/diego/Workspaces/ros2_control_diffbot_ws/src/build/controller_manager_msgs
[3.141s] -- Install configuration: ""
[3.146s] -- Up-to-date: /home/diego/Workspaces/ros2_control_diffbot_ws/src/install/controller_manager_msgs/share/ament_index/resource_index/rosidl_interfaces/controller_manager_msgs
[3.148s] -- Up-to-date: /home/diego/Workspaces/ros2_control_diffbot_ws/src/install/controller_manager_msgs/include/controller_manager_msgs
[3.150s] -- Up-to-date: /home/diego/Workspaces/ros2_control_diffbot_ws/src/install/controller_manager_msgs/include/controller_manager_msgs/srv
[3.152s] -- Up-to-date: /home/diego/Workspaces/ros2_control_diffbot_ws/src/install/controller_manager_msgs/include/controller_manager_msgs/srv/list_controller_types.h
[3.153s] -- Up-to-date: /home/diego/Workspaces/ros2_control_diffbot_ws/src/install/controller_manager_msgs/include/controller_manager_msgs/srv/list_controllers.h
[3.153s] -- Up-to-date: /home/diego/Workspaces/ros2_control_diffbot_ws/src/install/controller_manager_msgs/include/controller_manager_msgs/srv/load_controller.h
[3.153s] -- Up-to-date: /home/diego/Workspaces/ros2_control_diffbot_ws/src/install/controller_manager_msgs/include/controller_manager_msgs/srv/unload_controller.h
[3.153s] -- Up-to-date: /home/diego/Workspaces/ros2_control_diffbot_ws/src/install/controller_manager_msgs/include/controller_manager_msgs/srv/list_hardware_interfaces.h
[3.154s] -- Up-to-date: /home/diego/Workspaces/ros2_control_diffbot_ws/src/install/controller_manager_msgs/include/controller_manager_msgs/srv/load_start_controller.h
[3.154s] -- Up-to-date: /home/diego/Workspaces/ros2_control_diffbot_ws/src/install/controller_manager_msgs/include/controller_manager_msgs/srv/reload_controller_libraries.h
[3.154s] -- Up-to-date: /home/diego/Workspaces/ros2_control_diffbot_ws/src/install/controller_manager_msgs/include/controller_manager_msgs/srv/detail
[3.165s] -- Up-to-date: /home/diego/Workspaces/ros2_control_diffbot_ws/src/install/controller_manager_msgs/include/controller_manager_msgs/srv/detail/unload_controller__functions.h
[3.165s] -- Up-to-date: /home/diego/Workspaces/ros2_control_diffbot_ws/src/install/controller_manager_msgs/include/controller_manager_msgs/srv/detail/list_hardware_interfaces__type_support.h
[3.165s] -- Up-to-date: /home/diego/Workspaces/ros2_control_diffbot_ws/src/install/controller_manager_msgs/include/controller_manager_msgs/srv/detail/configure_controller__functions.h
[3.165s] -- Up-to-date: /home/diego/Workspaces/ros2_control_diffbot_ws/src/install/controller_manager_msgs/include/controller_manager_msgs/srv/detail/configure_controller__functions.c
[3.165s] -- Up-to-date: /home/diego/Workspaces/ros2_control_diffbot_ws/src/install/controller_manager_msgs/include/controller_manager_msgs/srv/detail/configure_controller__type_support.h
[3.165s] -- Up-to-date: /home/diego/Workspaces/ros2_control_diffbot_ws/src/install/controller_manager_msgs/include/controller_manager_msgs/srv/detail/list_hardware_interfaces__functions.h
[3.165s] -- Up-to-date: /home/diego/Workspaces/ros2_control_diffbot_ws/src/install/controller_manager_msgs/include/controller_manager_msgs/srv/detail/load_controller__functions.h
[3.166s] -- Up-to-date: /home/diego/Workspaces/ros2_control_diffbot_ws/src/install/controller_manager_msgs/include/controller_manager_msgs/srv/detail/reload_controller_libraries__type_support.h
[3.166s] -- Up-to-date: /home/diego/Workspaces/ros2_control_diffbot_ws/src/install/controller_manager_msgs/include/controller_manager_msgs/srv/detail/list_controller_types__functions.c
[3.166s] -- Up-to-date: /home/diego/Workspaces/ros2_control_diffbot_ws/src/install/controller_manager_msgs/include/controller_manager_msgs/srv/detail/load_configure_controller__functions.c
[3.166s] -- Up-to-date: /home/diego/Workspaces/ros2_control_diffbot_ws/src/install/controller_manager_msgs/include/controller_manager_msgs/srv/detail/list_controllers__struct.h
[3.166s] -- Up-to-date: /home/diego/Workspaces/ros2_control_diffbot_ws/src/install/controller_manager_msgs/include/controller_manager_msgs/srv/detail/unload_controller__functions.c
[3.167s] -- Up-to-date: /home/diego/Workspaces/ros2_control_diffbot_ws/src/install/controller_manager_msgs/include/controller_manager_msgs/srv/detail/configure_start_controller__functions.c
[3.167s] -- Up-to-date: /home/diego/Workspaces/ros2_control_diffbot_ws/src/install/controller_manager_msgs/include/controller_manager_msgs/srv/detail/load_start_controller__functions.c
[3.167s] -- Up-to-date: /home/diego/Workspaces/ros2_control_diffbot_ws/src/install/controller_manager_msgs/include/controller_manager_msgs/srv/detail/switch_controller__functions.c
[3.167s] -- Up-to-date: /home/diego/Workspaces/ros2_control_diffbot_ws/src/install/controller_manager_msgs/include/controller_manager_msgs/srv/detail/unload_controller__type_support.h
[3.169s] -- Up-to-date: /home/diego/Workspaces/ros2_control_diffbot_ws/src/install/controller_manager_msgs/include/controller_manager_msgs/srv/detail/list_controller_types__type_support.h
[3.169s] -- Up-to-date: /home/diego/Workspaces/ros2_control_diffbot_ws/src/install/controller_manager_msgs/include/controller_manager_msgs/srv/detail/configure_start_controller__struct.h
[3.169s] -- Up-to-date: /home/diego/Workspaces/ros2_control_diffbot_ws/src/install/controller_manager_msgs/include/controller_manager_msgs/srv/detail/load_controller__struct.h
[3.169s] -- Up-to-date: /home/diego/Workspaces/ros2_control_diffbot_ws/src/install/controller_manager_msgs/include/controller_manager_msgs/srv/detail/load_start_controller__struct.h
[3.170s] -- Up-to-date: /home/diego/Workspaces/ros2_control_diffbot_ws/src/install/controller_manager_msgs/include/controller_manager_msgs/srv/detail/list_hardware_interfaces__functions.c
[3.170s] -- Up-to-date: /home/diego/Workspaces/ros2_control_diffbot_ws/src/install/controller_manager_msgs/include/controller_manager_msgs/srv/detail/switch_controller__functions.h
[3.170s] -- Up-to-date: /home/diego/Workspaces/ros2_control_diffbot_ws/src/install/controller_manager_msgs/include/controller_manager_msgs/srv/detail/switch_controller__type_support.h
[3.176s] -- Up-to-date: /home/diego/Workspaces/ros2_control_diffbot_ws/src/install/controller_manager_msgs/include/controller_manager_msgs/srv/detail/load_configure_controller__functions.h
[3.176s] -- Up-to-date: /home/diego/Workspaces/ros2_control_diffbot_ws/src/install/controller_manager_msgs/include/controller_manager_msgs/srv/detail/reload_controller_libraries__functions.c
[3.176s] -- Up-to-date: /home/diego/Workspaces/ros2_control_diffbot_ws/src/install/controller_manager_msgs/include/controller_manager_msgs/srv/detail/load_start_controller__type_support.h
[3.177s] -- Up-to-date: /home/diego/Workspaces/ros2_control_diffbot_ws/src/install/controller_manager_msgs/include/controller_manager_msgs/srv/detail/configure_controller__struct.h
[3.177s] -- Up-to-date: /home/diego/Workspaces/ros2_control_diffbot_ws/src/install/controller_manager_msgs/include/controller_manager_msgs/srv/detail/switch_controller__struct.h
[3.177s] -- Up-to-date: /home/diego/Workspaces/ros2_control_diffbot_ws/src/install/controller_manager_msgs/include/controller_manager_msgs/srv/detail/list_hardware_interfaces__struct.h
[3.177s] -- Up-to-date: /home/diego/Workspaces/ros2_control_diffbot_ws/src/install/controller_manager_msgs/include/controller_manager_msgs/srv/detail/reload_controller_libraries__struct.h
[3.177s] -- Up-to-date: /home/diego/Workspaces/ros2_control_diffbot_ws/src/install/controller_manager_msgs/include/controller_manager_msgs/srv/detail/load_configure_controller__struct.h
[3.178s] -- Up-to-date: /home/diego/Workspaces/ros2_control_diffbot_ws/src/install/controller_manager_msgs/include/controller_manager_msgs/srv/detail/configure_start_controller__type_support.h
[3.178s] -- Up-to-date: /home/diego/Workspaces/ros2_control_diffbot_ws/src/install/controller_manager_msgs/include/controller_manager_msgs/srv/detail/reload_controller_libraries__functions.h
[3.180s] -- Up-to-date: /home/diego/Workspaces/ros2_control_diffbot_ws/src/install/controller_manager_msgs/include/controller_manager_msgs/srv/detail/list_controllers__functions.c
[3.181s] -- Up-to-date: /home/diego/Workspaces/ros2_control_diffbot_ws/src/install/controller_manager_msgs/include/controller_manager_msgs/srv/detail/unload_controller__struct.h
[3.185s] -- Up-to-date: /home/diego/Workspaces/ros2_control_diffbot_ws/src/install/controller_manager_msgs/include/controller_manager_msgs/srv/detail/load_configure_controller__type_support.h
[3.188s] -- Up-to-date: /home/diego/Workspaces/ros2_control_diffbot_ws/src/install/controller_manager_msgs/include/controller_manager_msgs/srv/detail/load_controller__type_support.h
[3.189s] -- Up-to-date: /home/diego/Workspaces/ros2_control_diffbot_ws/src/install/controller_manager_msgs/include/controller_manager_msgs/srv/detail/load_controller__functions.c
[3.189s] -- Up-to-date: /home/diego/Workspaces/ros2_control_diffbot_ws/src/install/controller_manager_msgs/include/controller_manager_msgs/srv/detail/list_controllers__functions.h
[3.189s] -- Up-to-date: /home/diego/Workspaces/ros2_control_diffbot_ws/src/install/controller_manager_msgs/include/controller_manager_msgs/srv/detail/list_controller_types__struct.h
[3.189s] -- Up-to-date: /home/diego/Workspaces/ros2_control_diffbot_ws/src/install/controller_manager_msgs/include/controller_manager_msgs/srv/detail/configure_start_controller__functions.h
[3.190s] -- Up-to-date: /home/diego/Workspaces/ros2_control_diffbot_ws/src/install/controller_manager_msgs/include/controller_manager_msgs/srv/detail/list_controller_types__functions.h
[3.190s] -- Up-to-date: /home/diego/Workspaces/ros2_control_diffbot_ws/src/install/controller_manager_msgs/include/controller_manager_msgs/srv/detail/list_controllers__type_support.h
[3.190s] -- Up-to-date: /home/diego/Workspaces/ros2_control_diffbot_ws/src/install/controller_manager_msgs/include/controller_manager_msgs/srv/detail/load_start_controller__functions.h
[3.190s] -- Up-to-date: /home/diego/Workspaces/ros2_control_diffbot_ws/src/install/controller_manager_msgs/include/controller_manager_msgs/srv/load_configure_controller.h
[3.191s] -- Up-to-date: /home/diego/Workspaces/ros2_control_diffbot_ws/src/install/controller_manager_msgs/include/controller_manager_msgs/srv/configure_start_controller.h
[3.191s] -- Up-to-date: /home/diego/Workspaces/ros2_control_diffbot_ws/src/install/controller_manager_msgs/include/controller_manager_msgs/srv/configure_controller.h
[3.191s] -- Up-to-date: /home/diego/Workspaces/ros2_control_diffbot_ws/src/install/controller_manager_msgs/include/controller_manager_msgs/srv/switch_controller.h
[3.191s] -- Up-to-date: /home/diego/Workspaces/ros2_control_diffbot_ws/src/install/controller_manager_msgs/include/controller_manager_msgs/msg
[3.192s] -- Up-to-date: /home/diego/Workspaces/ros2_control_diffbot_ws/src/install/controller_manager_msgs/include/controller_manager_msgs/msg/controller_state.h
[3.192s] -- Up-to-date: /home/diego/Workspaces/ros2_control_diffbot_ws/src/install/controller_manager_msgs/include/controller_manager_msgs/msg/hardware_interface.h
[3.192s] -- Up-to-date: /home/diego/Workspaces/ros2_control_diffbot_ws/src/install/controller_manager_msgs/include/controller_manager_msgs/msg/rosidl_generator_c__visibility_control.h
[3.192s] -- Up-to-date: /home/diego/Workspaces/ros2_control_diffbot_ws/src/install/controller_manager_msgs/include/controller_manager_msgs/msg/detail
[3.193s] -- Up-to-date: /home/diego/Workspaces/ros2_control_diffbot_ws/src/install/controller_manager_msgs/include/controller_manager_msgs/msg/detail/controller_state__functions.h
[3.193s] -- Up-to-date: /home/diego/Workspaces/ros2_control_diffbot_ws/src/install/controller_manager_msgs/include/controller_manager_msgs/msg/detail/controller_state__struct.h
[3.204s] -- Up-to-date: /home/diego/Workspaces/ros2_control_diffbot_ws/src/install/controller_manager_msgs/include/controller_manager_msgs/msg/detail/controller_state__type_support.h
[3.204s] -- Up-to-date: /home/diego/Workspaces/ros2_control_diffbot_ws/src/install/controller_manager_msgs/include/controller_manager_msgs/msg/detail/hardware_interface__type_support.h
[3.205s] -- Up-to-date: /home/diego/Workspaces/ros2_control_diffbot_ws/src/install/controller_manager_msgs/include/controller_manager_msgs/msg/detail/controller_state__functions.c
[3.205s] -- Up-to-date: /home/diego/Workspaces/ros2_control_diffbot_ws/src/install/controller_manager_msgs/include/controller_manager_msgs/msg/detail/hardware_interface__struct.h
[3.205s] -- Up-to-date: /home/diego/Workspaces/ros2_control_diffbot_ws/src/install/controller_manager_msgs/include/controller_manager_msgs/msg/detail/hardware_interface__functions.h
[3.205s] -- Up-to-date: /home/diego/Workspaces/ros2_control_diffbot_ws/src/install/controller_manager_msgs/include/controller_manager_msgs/msg/detail/hardware_interface__functions.c
[3.205s] -- Up-to-date: /home/diego/Workspaces/ros2_control_diffbot_ws/src/install/controller_manager_msgs/share/controller_manager_msgs/environment/library_path.sh
[3.205s] -- Up-to-date: /home/diego/Workspaces/ros2_control_diffbot_ws/src/install/controller_manager_msgs/share/controller_manager_msgs/environment/library_path.dsv
[3.205s] -- Up-to-date: /home/diego/Workspaces/ros2_control_diffbot_ws/src/install/controller_manager_msgs/lib/libcontroller_manager_msgs__rosidl_generator_c.so
[3.206s] -- Up-to-date: /home/diego/Workspaces/ros2_control_diffbot_ws/src/install/controller_manager_msgs/include/controller_manager_msgs
[3.206s] -- Up-to-date: /home/diego/Workspaces/ros2_control_diffbot_ws/src/install/controller_manager_msgs/include/controller_manager_msgs/srv
[3.206s] -- Up-to-date: /home/diego/Workspaces/ros2_control_diffbot_ws/src/install/controller_manager_msgs/include/controller_manager_msgs/srv/detail
[3.206s] -- Up-to-date: /home/diego/Workspaces/ros2_control_diffbot_ws/src/install/controller_manager_msgs/include/controller_manager_msgs/srv/detail/configure_controller__rosidl_typesupport_fastrtps_c.h
[3.206s] -- Up-to-date: /home/diego/Workspaces/ros2_control_diffbot_ws/src/install/controller_manager_msgs/include/controller_manager_msgs/srv/detail/load_controller__rosidl_typesupport_fastrtps_c.h
[3.206s] -- Up-to-date: /home/diego/Workspaces/ros2_control_diffbot_ws/src/install/controller_manager_msgs/include/controller_manager_msgs/srv/detail/load_configure_controller__rosidl_typesupport_fastrtps_c.h
[3.206s] -- Up-to-date: /home/diego/Workspaces/ros2_control_diffbot_ws/src/install/controller_manager_msgs/include/controller_manager_msgs/srv/detail/configure_start_controller__rosidl_typesupport_fastrtps_c.h
[3.206s] -- Up-to-date: /home/diego/Workspaces/ros2_control_diffbot_ws/src/install/controller_manager_msgs/include/controller_manager_msgs/srv/detail/reload_controller_libraries__rosidl_typesupport_fastrtps_c.h
[3.207s] -- Up-to-date: /home/diego/Workspaces/ros2_control_diffbot_ws/src/install/controller_manager_msgs/include/controller_manager_msgs/srv/detail/switch_controller__rosidl_typesupport_fastrtps_c.h
[3.207s] -- Up-to-date: /home/diego/Workspaces/ros2_control_diffbot_ws/src/install/controller_manager_msgs/include/controller_manager_msgs/srv/detail/list_hardware_interfaces__rosidl_typesupport_fastrtps_c.h
[3.207s] -- Up-to-date: /home/diego/Workspaces/ros2_control_diffbot_ws/src/install/controller_manager_msgs/include/controller_manager_msgs/srv/detail/unload_controller__rosidl_typesupport_fastrtps_c.h
[3.207s] -- Up-to-date: /home/diego/Workspaces/ros2_control_diffbot_ws/src/install/controller_manager_msgs/include/controller_manager_msgs/srv/detail/list_controller_types__rosidl_typesupport_fastrtps_c.h
[3.207s] -- Up-to-date: /home/diego/Workspaces/ros2_control_diffbot_ws/src/install/controller_manager_msgs/include/controller_manager_msgs/srv/detail/list_controllers__rosidl_typesupport_fastrtps_c.h
[3.207s] -- Up-to-date: /home/diego/Workspaces/ros2_control_diffbot_ws/src/install/controller_manager_msgs/include/controller_manager_msgs/srv/detail/load_start_controller__rosidl_typesupport_fastrtps_c.h
[3.207s] -- Up-to-date: /home/diego/Workspaces/ros2_control_diffbot_ws/src/install/controller_manager_msgs/include/controller_manager_msgs/msg
[3.208s] -- Up-to-date: /home/diego/Workspaces/ros2_control_diffbot_ws/src/install/controller_manager_msgs/include/controller_manager_msgs/msg/rosidl_typesupport_fastrtps_c__visibility_control.h
[3.208s] -- Up-to-date: /home/diego/Workspaces/ros2_control_diffbot_ws/src/install/controller_manager_msgs/include/controller_manager_msgs/msg/detail
[3.208s] -- Up-to-date: /home/diego/Workspaces/ros2_control_diffbot_ws/src/install/controller_manager_msgs/include/controller_manager_msgs/msg/detail/hardware_interface__rosidl_typesupport_fastrtps_c.h
[3.208s] -- Up-to-date: /home/diego/Workspaces/ros2_control_diffbot_ws/src/install/controller_manager_msgs/include/controller_manager_msgs/msg/detail/controller_state__rosidl_typesupport_fastrtps_c.h
[3.209s] -- Up-to-date: /home/diego/Workspaces/ros2_control_diffbot_ws/src/install/controller_manager_msgs/lib/libcontroller_manager_msgs__rosidl_typesupport_fastrtps_c.so
[3.209s] -- Up-to-date: /home/diego/Workspaces/ros2_control_diffbot_ws/src/install/controller_manager_msgs/include/controller_manager_msgs
[3.209s] -- Up-to-date: /home/diego/Workspaces/ros2_control_diffbot_ws/src/install/controller_manager_msgs/include/controller_manager_msgs/srv
[3.209s] -- Up-to-date: /home/diego/Workspaces/ros2_control_diffbot_ws/src/install/controller_manager_msgs/include/controller_manager_msgs/srv/detail
[3.209s] -- Up-to-date: /home/diego/Workspaces/ros2_control_diffbot_ws/src/install/controller_manager_msgs/include/controller_manager_msgs/srv/detail/load_configure_controller__rosidl_typesupport_fastrtps_cpp.hpp
[3.209s] -- Up-to-date: /home/diego/Workspaces/ros2_control_diffbot_ws/src/install/controller_manager_msgs/include/controller_manager_msgs/srv/detail/dds_fastrtps
[3.209s] -- Up-to-date: /home/diego/Workspaces/ros2_control_diffbot_ws/src/install/controller_manager_msgs/include/controller_manager_msgs/srv/detail/list_hardware_interfaces__rosidl_typesupport_fastrtps_cpp.hpp
[3.209s] -- Up-to-date: /home/diego/Workspaces/ros2_control_diffbot_ws/src/install/controller_manager_msgs/include/controller_manager_msgs/srv/detail/unload_controller__rosidl_typesupport_fastrtps_cpp.hpp
[3.210s] -- Up-to-date: /home/diego/Workspaces/ros2_control_diffbot_ws/src/install/controller_manager_msgs/include/controller_manager_msgs/srv/detail/load_start_controller__rosidl_typesupport_fastrtps_cpp.hpp
[3.210s] -- Up-to-date: /home/diego/Workspaces/ros2_control_diffbot_ws/src/install/controller_manager_msgs/include/controller_manager_msgs/srv/detail/reload_controller_libraries__rosidl_typesupport_fastrtps_cpp.hpp
[3.210s] -- Up-to-date: /home/diego/Workspaces/ros2_control_diffbot_ws/src/install/controller_manager_msgs/include/controller_manager_msgs/srv/detail/list_controllers__rosidl_typesupport_fastrtps_cpp.hpp
[3.210s] -- Up-to-date: /home/diego/Workspaces/ros2_control_diffbot_ws/src/install/controller_manager_msgs/include/controller_manager_msgs/srv/detail/switch_controller__rosidl_typesupport_fastrtps_cpp.hpp
[3.210s] -- Up-to-date: /home/diego/Workspaces/ros2_control_diffbot_ws/src/install/controller_manager_msgs/include/controller_manager_msgs/srv/detail/configure_controller__rosidl_typesupport_fastrtps_cpp.hpp
[3.210s] -- Up-to-date: /home/diego/Workspaces/ros2_control_diffbot_ws/src/install/controller_manager_msgs/include/controller_manager_msgs/srv/detail/load_controller__rosidl_typesupport_fastrtps_cpp.hpp
[3.210s] -- Up-to-date: /home/diego/Workspaces/ros2_control_diffbot_ws/src/install/controller_manager_msgs/include/controller_manager_msgs/srv/detail/list_controller_types__rosidl_typesupport_fastrtps_cpp.hpp
[3.211s] -- Up-to-date: /home/diego/Workspaces/ros2_control_diffbot_ws/src/install/controller_manager_msgs/include/controller_manager_msgs/srv/detail/configure_start_controller__rosidl_typesupport_fastrtps_cpp.hpp
[3.211s] -- Up-to-date: /home/diego/Workspaces/ros2_control_diffbot_ws/src/install/controller_manager_msgs/include/controller_manager_msgs/msg
[3.211s] -- Up-to-date: /home/diego/Workspaces/ros2_control_diffbot_ws/src/install/controller_manager_msgs/include/controller_manager_msgs/msg/rosidl_typesupport_fastrtps_cpp__visibility_control.h
[3.211s] -- Up-to-date: /home/diego/Workspaces/ros2_control_diffbot_ws/src/install/controller_manager_msgs/include/controller_manager_msgs/msg/detail
[3.211s] -- Up-to-date: /home/diego/Workspaces/ros2_control_diffbot_ws/src/install/controller_manager_msgs/include/controller_manager_msgs/msg/detail/dds_fastrtps
[3.211s] -- Up-to-date: /home/diego/Workspaces/ros2_control_diffbot_ws/src/install/controller_manager_msgs/include/controller_manager_msgs/msg/detail/controller_state__rosidl_typesupport_fastrtps_cpp.hpp
[3.211s] -- Up-to-date: /home/diego/Workspaces/ros2_control_diffbot_ws/src/install/controller_manager_msgs/include/controller_manager_msgs/msg/detail/hardware_interface__rosidl_typesupport_fastrtps_cpp.hpp
[3.212s] -- Up-to-date: /home/diego/Workspaces/ros2_control_diffbot_ws/src/install/controller_manager_msgs/lib/libcontroller_manager_msgs__rosidl_typesupport_fastrtps_cpp.so
[3.221s] -- Up-to-date: /home/diego/Workspaces/ros2_control_diffbot_ws/src/install/controller_manager_msgs/include/controller_manager_msgs
[3.221s] -- Up-to-date: /home/diego/Workspaces/ros2_control_diffbot_ws/src/install/controller_manager_msgs/include/controller_manager_msgs/srv
[3.221s] -- Up-to-date: /home/diego/Workspaces/ros2_control_diffbot_ws/src/install/controller_manager_msgs/include/controller_manager_msgs/srv/detail
[3.222s] -- Up-to-date: /home/diego/Workspaces/ros2_control_diffbot_ws/src/install/controller_manager_msgs/include/controller_manager_msgs/srv/detail/list_controller_types__rosidl_typesupport_introspection_c.h
[3.222s] -- Up-to-date: /home/diego/Workspaces/ros2_control_diffbot_ws/src/install/controller_manager_msgs/include/controller_manager_msgs/srv/detail/unload_controller__rosidl_typesupport_introspection_c.h
[3.222s] -- Up-to-date: /home/diego/Workspaces/ros2_control_diffbot_ws/src/install/controller_manager_msgs/include/controller_manager_msgs/srv/detail/reload_controller_libraries__rosidl_typesupport_introspection_c.h
[3.222s] -- Up-to-date: /home/diego/Workspaces/ros2_control_diffbot_ws/src/install/controller_manager_msgs/include/controller_manager_msgs/srv/detail/configure_controller__rosidl_typesupport_introspection_c.h
[3.226s] -- Up-to-date: /home/diego/Workspaces/ros2_control_diffbot_ws/src/install/controller_manager_msgs/include/controller_manager_msgs/srv/detail/reload_controller_libraries__type_support.c
[3.226s] -- Up-to-date: /home/diego/Workspaces/ros2_control_diffbot_ws/src/install/controller_manager_msgs/include/controller_manager_msgs/srv/detail/configure_controller__type_support.c
[3.226s] -- Up-to-date: /home/diego/Workspaces/ros2_control_diffbot_ws/src/install/controller_manager_msgs/include/controller_manager_msgs/srv/detail/load_configure_controller__rosidl_typesupport_introspection_c.h
[3.226s] -- Up-to-date: /home/diego/Workspaces/ros2_control_diffbot_ws/src/install/controller_manager_msgs/include/controller_manager_msgs/srv/detail/switch_controller__type_support.c
[3.227s] -- Up-to-date: /home/diego/Workspaces/ros2_control_diffbot_ws/src/install/controller_manager_msgs/include/controller_manager_msgs/srv/detail/list_hardware_interfaces__type_support.c
[3.227s] -- Up-to-date: /home/diego/Workspaces/ros2_control_diffbot_ws/src/install/controller_manager_msgs/include/controller_manager_msgs/srv/detail/load_controller__rosidl_typesupport_introspection_c.h
[3.227s] -- Up-to-date: /home/diego/Workspaces/ros2_control_diffbot_ws/src/install/controller_manager_msgs/include/controller_manager_msgs/srv/detail/list_controllers__rosidl_typesupport_introspection_c.h
[3.227s] -- Up-to-date: /home/diego/Workspaces/ros2_control_diffbot_ws/src/install/controller_manager_msgs/include/controller_manager_msgs/srv/detail/list_controllers__type_support.c
[3.227s] -- Up-to-date: /home/diego/Workspaces/ros2_control_diffbot_ws/src/install/controller_manager_msgs/include/controller_manager_msgs/srv/detail/load_controller__type_support.c
[3.228s] -- Up-to-date: /home/diego/Workspaces/ros2_control_diffbot_ws/src/install/controller_manager_msgs/include/controller_manager_msgs/srv/detail/load_configure_controller__type_support.c
[3.228s] -- Up-to-date: /home/diego/Workspaces/ros2_control_diffbot_ws/src/install/controller_manager_msgs/include/controller_manager_msgs/srv/detail/list_controller_types__type_support.c
[3.228s] -- Up-to-date: /home/diego/Workspaces/ros2_control_diffbot_ws/src/install/controller_manager_msgs/include/controller_manager_msgs/srv/detail/configure_start_controller__type_support.c
[3.228s] -- Up-to-date: /home/diego/Workspaces/ros2_control_diffbot_ws/src/install/controller_manager_msgs/include/controller_manager_msgs/srv/detail/list_hardware_interfaces__rosidl_typesupport_introspection_c.h
[3.228s] -- Up-to-date: /home/diego/Workspaces/ros2_control_diffbot_ws/src/install/controller_manager_msgs/include/controller_manager_msgs/srv/detail/load_start_controller__type_support.c
[3.236s] -- Up-to-date: /home/diego/Workspaces/ros2_control_diffbot_ws/src/install/controller_manager_msgs/include/controller_manager_msgs/srv/detail/configure_start_controller__rosidl_typesupport_introspection_c.h
[3.237s] -- Up-to-date: /home/diego/Workspaces/ros2_control_diffbot_ws/src/install/controller_manager_msgs/include/controller_manager_msgs/srv/detail/unload_controller__type_support.c
[3.237s] -- Up-to-date: /home/diego/Workspaces/ros2_control_diffbot_ws/src/install/controller_manager_msgs/include/controller_manager_msgs/srv/detail/switch_controller__rosidl_typesupport_introspection_c.h
[3.237s] -- Up-to-date: /home/diego/Workspaces/ros2_control_diffbot_ws/src/install/controller_manager_msgs/include/controller_manager_msgs/srv/detail/load_start_controller__rosidl_typesupport_introspection_c.h
[3.238s] -- Up-to-date: /home/diego/Workspaces/ros2_control_diffbot_ws/src/install/controller_manager_msgs/include/controller_manager_msgs/msg
[3.238s] -- Up-to-date: /home/diego/Workspaces/ros2_control_diffbot_ws/src/install/controller_manager_msgs/include/controller_manager_msgs/msg/rosidl_typesupport_introspection_c__visibility_control.h
[3.239s] -- Up-to-date: /home/diego/Workspaces/ros2_control_diffbot_ws/src/install/controller_manager_msgs/include/controller_manager_msgs/msg/detail
[3.239s] -- Up-to-date: /home/diego/Workspaces/ros2_control_diffbot_ws/src/install/controller_manager_msgs/include/controller_manager_msgs/msg/detail/controller_state__rosidl_typesupport_introspection_c.h
[3.239s] -- Up-to-date: /home/diego/Workspaces/ros2_control_diffbot_ws/src/install/controller_manager_msgs/include/controller_manager_msgs/msg/detail/controller_state__type_support.c
[3.239s] -- Up-to-date: /home/diego/Workspaces/ros2_control_diffbot_ws/src/install/controller_manager_msgs/include/controller_manager_msgs/msg/detail/hardware_interface__type_support.c
[3.240s] -- Up-to-date: /home/diego/Workspaces/ros2_control_diffbot_ws/src/install/controller_manager_msgs/include/controller_manager_msgs/msg/detail/hardware_interface__rosidl_typesupport_introspection_c.h
[3.240s] -- Up-to-date: /home/diego/Workspaces/ros2_control_diffbot_ws/src/install/controller_manager_msgs/lib/libcontroller_manager_msgs__rosidl_typesupport_introspection_c.so
[3.240s] -- Up-to-date: /home/diego/Workspaces/ros2_control_diffbot_ws/src/install/controller_manager_msgs/lib/libcontroller_manager_msgs__rosidl_typesupport_c.so
[3.241s] -- Up-to-date: /home/diego/Workspaces/ros2_control_diffbot_ws/src/install/controller_manager_msgs/include/controller_manager_msgs
[3.241s] -- Up-to-date: /home/diego/Workspaces/ros2_control_diffbot_ws/src/install/controller_manager_msgs/include/controller_manager_msgs/srv
[3.241s] -- Up-to-date: /home/diego/Workspaces/ros2_control_diffbot_ws/src/install/controller_manager_msgs/include/controller_manager_msgs/srv/reload_controller_libraries.hpp
[3.241s] -- Up-to-date: /home/diego/Workspaces/ros2_control_diffbot_ws/src/install/controller_manager_msgs/include/controller_manager_msgs/srv/list_hardware_interfaces.hpp
[3.241s] -- Up-to-date: /home/diego/Workspaces/ros2_control_diffbot_ws/src/install/controller_manager_msgs/include/controller_manager_msgs/srv/load_start_controller.hpp
[3.241s] -- Up-to-date: /home/diego/Workspaces/ros2_control_diffbot_ws/src/install/controller_manager_msgs/include/controller_manager_msgs/srv/load_configure_controller.hpp
[3.242s] -- Up-to-date: /home/diego/Workspaces/ros2_control_diffbot_ws/src/install/controller_manager_msgs/include/controller_manager_msgs/srv/load_controller.hpp
[3.242s] -- Up-to-date: /home/diego/Workspaces/ros2_control_diffbot_ws/src/install/controller_manager_msgs/include/controller_manager_msgs/srv/configure_controller.hpp
[3.242s] -- Up-to-date: /home/diego/Workspaces/ros2_control_diffbot_ws/src/install/controller_manager_msgs/include/controller_manager_msgs/srv/configure_start_controller.hpp
[3.242s] -- Up-to-date: /home/diego/Workspaces/ros2_control_diffbot_ws/src/install/controller_manager_msgs/include/controller_manager_msgs/srv/unload_controller.hpp
[3.242s] -- Up-to-date: /home/diego/Workspaces/ros2_control_diffbot_ws/src/install/controller_manager_msgs/include/controller_manager_msgs/srv/list_controllers.hpp
[3.243s] -- Up-to-date: /home/diego/Workspaces/ros2_control_diffbot_ws/src/install/controller_manager_msgs/include/controller_manager_msgs/srv/detail
[3.243s] -- Up-to-date: /home/diego/Workspaces/ros2_control_diffbot_ws/src/install/controller_manager_msgs/include/controller_manager_msgs/srv/detail/list_controllers__struct.hpp
[3.243s] -- Up-to-date: /home/diego/Workspaces/ros2_control_diffbot_ws/src/install/controller_manager_msgs/include/controller_manager_msgs/srv/detail/configure_start_controller__traits.hpp
[3.243s] -- Up-to-date: /home/diego/Workspaces/ros2_control_diffbot_ws/src/install/controller_manager_msgs/include/controller_manager_msgs/srv/detail/list_controller_types__traits.hpp
[3.243s] -- Up-to-date: /home/diego/Workspaces/ros2_control_diffbot_ws/src/install/controller_manager_msgs/include/controller_manager_msgs/srv/detail/load_controller__builder.hpp
[3.243s] -- Up-to-date: /home/diego/Workspaces/ros2_control_diffbot_ws/src/install/controller_manager_msgs/include/controller_manager_msgs/srv/detail/load_start_controller__traits.hpp
[3.244s] -- Up-to-date: /home/diego/Workspaces/ros2_control_diffbot_ws/src/install/controller_manager_msgs/include/controller_manager_msgs/srv/detail/unload_controller__struct.hpp
[3.247s] -- Up-to-date: /home/diego/Workspaces/ros2_control_diffbot_ws/src/install/controller_manager_msgs/include/controller_manager_msgs/srv/detail/load_start_controller__struct.hpp
[3.247s] -- Up-to-date: /home/diego/Workspaces/ros2_control_diffbot_ws/src/install/controller_manager_msgs/include/controller_manager_msgs/srv/detail/configure_start_controller__builder.hpp
[3.248s] -- Up-to-date: /home/diego/Workspaces/ros2_control_diffbot_ws/src/install/controller_manager_msgs/include/controller_manager_msgs/srv/detail/list_controllers__traits.hpp
[3.248s] -- Up-to-date: /home/diego/Workspaces/ros2_control_diffbot_ws/src/install/controller_manager_msgs/include/controller_manager_msgs/srv/detail/load_controller__struct.hpp
[3.248s] -- Up-to-date: /home/diego/Workspaces/ros2_control_diffbot_ws/src/install/controller_manager_msgs/include/controller_manager_msgs/srv/detail/configure_controller__traits.hpp
[3.249s] -- Up-to-date: /home/diego/Workspaces/ros2_control_diffbot_ws/src/install/controller_manager_msgs/include/controller_manager_msgs/srv/detail/load_start_controller__builder.hpp
[3.249s] -- Up-to-date: /home/diego/Workspaces/ros2_control_diffbot_ws/src/install/controller_manager_msgs/include/controller_manager_msgs/srv/detail/configure_controller__builder.hpp
[3.250s] -- Up-to-date: /home/diego/Workspaces/ros2_control_diffbot_ws/src/install/controller_manager_msgs/include/controller_manager_msgs/srv/detail/switch_controller__struct.hpp
[3.250s] -- Up-to-date: /home/diego/Workspaces/ros2_control_diffbot_ws/src/install/controller_manager_msgs/include/controller_manager_msgs/srv/detail/switch_controller__builder.hpp
[3.250s] -- Up-to-date: /home/diego/Workspaces/ros2_control_diffbot_ws/src/install/controller_manager_msgs/include/controller_manager_msgs/srv/detail/load_configure_controller__builder.hpp
[3.251s] -- Up-to-date: /home/diego/Workspaces/ros2_control_diffbot_ws/src/install/controller_manager_msgs/include/controller_manager_msgs/srv/detail/list_hardware_interfaces__traits.hpp
[3.251s] -- Up-to-date: /home/diego/Workspaces/ros2_control_diffbot_ws/src/install/controller_manager_msgs/include/controller_manager_msgs/srv/detail/list_controllers__builder.hpp
[3.251s] -- Up-to-date: /home/diego/Workspaces/ros2_control_diffbot_ws/src/install/controller_manager_msgs/include/controller_manager_msgs/srv/detail/reload_controller_libraries__struct.hpp
[3.251s] -- Up-to-date: /home/diego/Workspaces/ros2_control_diffbot_ws/src/install/controller_manager_msgs/include/controller_manager_msgs/srv/detail/unload_controller__builder.hpp
[3.252s] -- Up-to-date: /home/diego/Workspaces/ros2_control_diffbot_ws/src/install/controller_manager_msgs/include/controller_manager_msgs/srv/detail/reload_controller_libraries__traits.hpp
[3.252s] -- Up-to-date: /home/diego/Workspaces/ros2_control_diffbot_ws/src/install/controller_manager_msgs/include/controller_manager_msgs/srv/detail/unload_controller__traits.hpp
[3.252s] -- Up-to-date: /home/diego/Workspaces/ros2_control_diffbot_ws/src/install/controller_manager_msgs/include/controller_manager_msgs/srv/detail/list_controller_types__builder.hpp
[3.252s] -- Up-to-date: /home/diego/Workspaces/ros2_control_diffbot_ws/src/install/controller_manager_msgs/include/controller_manager_msgs/srv/detail/reload_controller_libraries__builder.hpp
[3.253s] -- Up-to-date: /home/diego/Workspaces/ros2_control_diffbot_ws/src/install/controller_manager_msgs/include/controller_manager_msgs/srv/detail/configure_start_controller__struct.hpp
[3.253s] -- Up-to-date: /home/diego/Workspaces/ros2_control_diffbot_ws/src/install/controller_manager_msgs/include/controller_manager_msgs/srv/detail/load_controller__traits.hpp
[3.253s] -- Up-to-date: /home/diego/Workspaces/ros2_control_diffbot_ws/src/install/controller_manager_msgs/include/controller_manager_msgs/srv/detail/switch_controller__traits.hpp
[3.253s] -- Up-to-date: /home/diego/Workspaces/ros2_control_diffbot_ws/src/install/controller_manager_msgs/include/controller_manager_msgs/srv/detail/list_controller_types__struct.hpp
[3.253s] -- Up-to-date: /home/diego/Workspaces/ros2_control_diffbot_ws/src/install/controller_manager_msgs/include/controller_manager_msgs/srv/detail/load_configure_controller__traits.hpp
[3.254s] -- Up-to-date: /home/diego/Workspaces/ros2_control_diffbot_ws/src/install/controller_manager_msgs/include/controller_manager_msgs/srv/detail/list_hardware_interfaces__builder.hpp
[3.254s] -- Up-to-date: /home/diego/Workspaces/ros2_control_diffbot_ws/src/install/controller_manager_msgs/include/controller_manager_msgs/srv/detail/load_configure_controller__struct.hpp
[3.254s] -- Up-to-date: /home/diego/Workspaces/ros2_control_diffbot_ws/src/install/controller_manager_msgs/include/controller_manager_msgs/srv/detail/list_hardware_interfaces__struct.hpp
[3.254s] -- Up-to-date: /home/diego/Workspaces/ros2_control_diffbot_ws/src/install/controller_manager_msgs/include/controller_manager_msgs/srv/detail/configure_controller__struct.hpp
[3.254s] -- Up-to-date: /home/diego/Workspaces/ros2_control_diffbot_ws/src/install/controller_manager_msgs/include/controller_manager_msgs/srv/list_controller_types.hpp
[3.254s] -- Up-to-date: /home/diego/Workspaces/ros2_control_diffbot_ws/src/install/controller_manager_msgs/include/controller_manager_msgs/srv/switch_controller.hpp
[3.255s] -- Up-to-date: /home/diego/Workspaces/ros2_control_diffbot_ws/src/install/controller_manager_msgs/include/controller_manager_msgs/msg
[3.255s] -- Up-to-date: /home/diego/Workspaces/ros2_control_diffbot_ws/src/install/controller_manager_msgs/include/controller_manager_msgs/msg/hardware_interface.hpp
[3.255s] -- Up-to-date: /home/diego/Workspaces/ros2_control_diffbot_ws/src/install/controller_manager_msgs/include/controller_manager_msgs/msg/controller_state.hpp
[3.255s] -- Up-to-date: /home/diego/Workspaces/ros2_control_diffbot_ws/src/install/controller_manager_msgs/include/controller_manager_msgs/msg/detail
[3.265s] -- Up-to-date: /home/diego/Workspaces/ros2_control_diffbot_ws/src/install/controller_manager_msgs/include/controller_manager_msgs/msg/detail/hardware_interface__struct.hpp
[3.265s] -- Up-to-date: /home/diego/Workspaces/ros2_control_diffbot_ws/src/install/controller_manager_msgs/include/controller_manager_msgs/msg/detail/controller_state__traits.hpp
[3.265s] -- Up-to-date: /home/diego/Workspaces/ros2_control_diffbot_ws/src/install/controller_manager_msgs/include/controller_manager_msgs/msg/detail/controller_state__builder.hpp
[3.266s] -- Up-to-date: /home/diego/Workspaces/ros2_control_diffbot_ws/src/install/controller_manager_msgs/include/controller_manager_msgs/msg/detail/hardware_interface__traits.hpp
[3.266s] -- Up-to-date: /home/diego/Workspaces/ros2_control_diffbot_ws/src/install/controller_manager_msgs/include/controller_manager_msgs/msg/detail/controller_state__struct.hpp
[3.266s] -- Up-to-date: /home/diego/Workspaces/ros2_control_diffbot_ws/src/install/controller_manager_msgs/include/controller_manager_msgs/msg/detail/hardware_interface__builder.hpp
[3.267s] -- Up-to-date: /home/diego/Workspaces/ros2_control_diffbot_ws/src/install/controller_manager_msgs/include/controller_manager_msgs
[3.267s] -- Up-to-date: /home/diego/Workspaces/ros2_control_diffbot_ws/src/install/controller_manager_msgs/include/controller_manager_msgs/srv
[3.267s] -- Up-to-date: /home/diego/Workspaces/ros2_control_diffbot_ws/src/install/controller_manager_msgs/include/controller_manager_msgs/srv/detail
[3.267s] -- Up-to-date: /home/diego/Workspaces/ros2_control_diffbot_ws/src/install/controller_manager_msgs/include/controller_manager_msgs/srv/detail/configure_controller__rosidl_typesupport_introspection_cpp.hpp
[3.272s] -- Up-to-date: /home/diego/Workspaces/ros2_control_diffbot_ws/src/install/controller_manager_msgs/include/controller_manager_msgs/srv/detail/unload_controller__rosidl_typesupport_introspection_cpp.hpp
[3.272s] -- Up-to-date: /home/diego/Workspaces/ros2_control_diffbot_ws/src/install/controller_manager_msgs/include/controller_manager_msgs/srv/detail/list_hardware_interfaces__type_support.cpp
[3.273s] -- Up-to-date: /home/diego/Workspaces/ros2_control_diffbot_ws/src/install/controller_manager_msgs/include/controller_manager_msgs/srv/detail/list_controllers__rosidl_typesupport_introspection_cpp.hpp
[3.273s] -- Up-to-date: /home/diego/Workspaces/ros2_control_diffbot_ws/src/install/controller_manager_msgs/include/controller_manager_msgs/srv/detail/load_configure_controller__rosidl_typesupport_introspection_cpp.hpp
[3.273s] -- Up-to-date: /home/diego/Workspaces/ros2_control_diffbot_ws/src/install/controller_manager_msgs/include/controller_manager_msgs/srv/detail/switch_controller__rosidl_typesupport_introspection_cpp.hpp
[3.273s] -- Up-to-date: /home/diego/Workspaces/ros2_control_diffbot_ws/src/install/controller_manager_msgs/include/controller_manager_msgs/srv/detail/load_controller__type_support.cpp
[3.274s] -- Up-to-date: /home/diego/Workspaces/ros2_control_diffbot_ws/src/install/controller_manager_msgs/include/controller_manager_msgs/srv/detail/list_controllers__type_support.cpp
[3.274s] -- Up-to-date: /home/diego/Workspaces/ros2_control_diffbot_ws/src/install/controller_manager_msgs/include/controller_manager_msgs/srv/detail/load_controller__rosidl_typesupport_introspection_cpp.hpp
[3.274s] -- Up-to-date: /home/diego/Workspaces/ros2_control_diffbot_ws/src/install/controller_manager_msgs/include/controller_manager_msgs/srv/detail/configure_start_controller__type_support.cpp
[3.274s] -- Up-to-date: /home/diego/Workspaces/ros2_control_diffbot_ws/src/install/controller_manager_msgs/include/controller_manager_msgs/srv/detail/list_hardware_interfaces__rosidl_typesupport_introspection_cpp.hpp
[3.275s] -- Up-to-date: /home/diego/Workspaces/ros2_control_diffbot_ws/src/install/controller_manager_msgs/include/controller_manager_msgs/srv/detail/list_controller_types__type_support.cpp
[3.275s] -- Up-to-date: /home/diego/Workspaces/ros2_control_diffbot_ws/src/install/controller_manager_msgs/include/controller_manager_msgs/srv/detail/reload_controller_libraries__rosidl_typesupport_introspection_cpp.hpp
[3.275s] -- Up-to-date: /home/diego/Workspaces/ros2_control_diffbot_ws/src/install/controller_manager_msgs/include/controller_manager_msgs/srv/detail/configure_start_controller__rosidl_typesupport_introspection_cpp.hpp
[3.275s] -- Up-to-date: /home/diego/Workspaces/ros2_control_diffbot_ws/src/install/controller_manager_msgs/include/controller_manager_msgs/srv/detail/list_controller_types__rosidl_typesupport_introspection_cpp.hpp
[3.275s] -- Up-to-date: /home/diego/Workspaces/ros2_control_diffbot_ws/src/install/controller_manager_msgs/include/controller_manager_msgs/srv/detail/load_configure_controller__type_support.cpp
[3.276s] -- Up-to-date: /home/diego/Workspaces/ros2_control_diffbot_ws/src/install/controller_manager_msgs/include/controller_manager_msgs/srv/detail/reload_controller_libraries__type_support.cpp
[3.276s] -- Up-to-date: /home/diego/Workspaces/ros2_control_diffbot_ws/src/install/controller_manager_msgs/include/controller_manager_msgs/srv/detail/switch_controller__type_support.cpp
[3.280s] -- Up-to-date: /home/diego/Workspaces/ros2_control_diffbot_ws/src/install/controller_manager_msgs/include/controller_manager_msgs/srv/detail/load_start_controller__rosidl_typesupport_introspection_cpp.hpp
[3.281s] -- Up-to-date: /home/diego/Workspaces/ros2_control_diffbot_ws/src/install/controller_manager_msgs/include/controller_manager_msgs/srv/detail/configure_controller__type_support.cpp
[3.281s] -- Up-to-date: /home/diego/Workspaces/ros2_control_diffbot_ws/src/install/controller_manager_msgs/include/controller_manager_msgs/srv/detail/unload_controller__type_support.cpp
[3.281s] -- Up-to-date: /home/diego/Workspaces/ros2_control_diffbot_ws/src/install/controller_manager_msgs/include/controller_manager_msgs/srv/detail/load_start_controller__type_support.cpp
[3.281s] -- Up-to-date: /home/diego/Workspaces/ros2_control_diffbot_ws/src/install/controller_manager_msgs/include/controller_manager_msgs/msg
[3.282s] -- Up-to-date: /home/diego/Workspaces/ros2_control_diffbot_ws/src/install/controller_manager_msgs/include/controller_manager_msgs/msg/detail
[3.282s] -- Up-to-date: /home/diego/Workspaces/ros2_control_diffbot_ws/src/install/controller_manager_msgs/include/controller_manager_msgs/msg/detail/controller_state__rosidl_typesupport_introspection_cpp.hpp
[3.282s] -- Up-to-date: /home/diego/Workspaces/ros2_control_diffbot_ws/src/install/controller_manager_msgs/include/controller_manager_msgs/msg/detail/hardware_interface__type_support.cpp
[3.283s] -- Up-to-date: /home/diego/Workspaces/ros2_control_diffbot_ws/src/install/controller_manager_msgs/include/controller_manager_msgs/msg/detail/controller_state__type_support.cpp
[3.283s] -- Up-to-date: /home/diego/Workspaces/ros2_control_diffbot_ws/src/install/controller_manager_msgs/include/controller_manager_msgs/msg/detail/hardware_interface__rosidl_typesupport_introspection_cpp.hpp
[3.283s] -- Up-to-date: /home/diego/Workspaces/ros2_control_diffbot_ws/src/install/controller_manager_msgs/lib/libcontroller_manager_msgs__rosidl_typesupport_introspection_cpp.so
[3.283s] -- Up-to-date: /home/diego/Workspaces/ros2_control_diffbot_ws/src/install/controller_manager_msgs/lib/libcontroller_manager_msgs__rosidl_typesupport_cpp.so
[3.284s] -- Up-to-date: /home/diego/Workspaces/ros2_control_diffbot_ws/src/install/controller_manager_msgs/share/controller_manager_msgs/environment/pythonpath.sh
[3.284s] -- Up-to-date: /home/diego/Workspaces/ros2_control_diffbot_ws/src/install/controller_manager_msgs/share/controller_manager_msgs/environment/pythonpath.dsv
[3.284s] -- Up-to-date: /home/diego/Workspaces/ros2_control_diffbot_ws/src/install/controller_manager_msgs/lib/python3.8/site-packages/controller_manager_msgs/__init__.py
[3.445s] -- Up-to-date: /home/diego/Workspaces/ros2_control_diffbot_ws/src/install/controller_manager_msgs/lib/python3.8/site-packages/controller_manager_msgs/msg
[3.446s] -- Up-to-date: /home/diego/Workspaces/ros2_control_diffbot_ws/src/install/controller_manager_msgs/lib/python3.8/site-packages/controller_manager_msgs/msg/_controller_state.py
[3.447s] -- Up-to-date: /home/diego/Workspaces/ros2_control_diffbot_ws/src/install/controller_manager_msgs/lib/python3.8/site-packages/controller_manager_msgs/msg/_hardware_interface_s.c
[3.447s] -- Up-to-date: /home/diego/Workspaces/ros2_control_diffbot_ws/src/install/controller_manager_msgs/lib/python3.8/site-packages/controller_manager_msgs/msg/_controller_state_s.c
[3.449s] -- Up-to-date: /home/diego/Workspaces/ros2_control_diffbot_ws/src/install/controller_manager_msgs/lib/python3.8/site-packages/controller_manager_msgs/msg/_hardware_interface.py
[3.449s] -- Up-to-date: /home/diego/Workspaces/ros2_control_diffbot_ws/src/install/controller_manager_msgs/lib/python3.8/site-packages/controller_manager_msgs/msg/__init__.py
[3.449s] -- Up-to-date: /home/diego/Workspaces/ros2_control_diffbot_ws/src/install/controller_manager_msgs/lib/python3.8/site-packages/controller_manager_msgs/srv
[3.450s] -- Up-to-date: /home/diego/Workspaces/ros2_control_diffbot_ws/src/install/controller_manager_msgs/lib/python3.8/site-packages/controller_manager_msgs/srv/_list_controller_types.py
[3.450s] -- Up-to-date: /home/diego/Workspaces/ros2_control_diffbot_ws/src/install/controller_manager_msgs/lib/python3.8/site-packages/controller_manager_msgs/srv/_list_controllers_s.c
[3.451s] -- Up-to-date: /home/diego/Workspaces/ros2_control_diffbot_ws/src/install/controller_manager_msgs/lib/python3.8/site-packages/controller_manager_msgs/srv/_unload_controller_s.c
[3.451s] -- Up-to-date: /home/diego/Workspaces/ros2_control_diffbot_ws/src/install/controller_manager_msgs/lib/python3.8/site-packages/controller_manager_msgs/srv/_load_controller_s.c
[3.451s] -- Up-to-date: /home/diego/Workspaces/ros2_control_diffbot_ws/src/install/controller_manager_msgs/lib/python3.8/site-packages/controller_manager_msgs/srv/_load_controller.py
[3.452s] -- Up-to-date: /home/diego/Workspaces/ros2_control_diffbot_ws/src/install/controller_manager_msgs/lib/python3.8/site-packages/controller_manager_msgs/srv/_reload_controller_libraries_s.c
[3.453s] -- Up-to-date: /home/diego/Workspaces/ros2_control_diffbot_ws/src/install/controller_manager_msgs/lib/python3.8/site-packages/controller_manager_msgs/srv/_load_configure_controller.py
[3.453s] -- Up-to-date: /home/diego/Workspaces/ros2_control_diffbot_ws/src/install/controller_manager_msgs/lib/python3.8/site-packages/controller_manager_msgs/srv/_configure_controller.py
[3.454s] -- Up-to-date: /home/diego/Workspaces/ros2_control_diffbot_ws/src/install/controller_manager_msgs/lib/python3.8/site-packages/controller_manager_msgs/srv/_list_hardware_interfaces_s.c
[3.454s] -- Up-to-date: /home/diego/Workspaces/ros2_control_diffbot_ws/src/install/controller_manager_msgs/lib/python3.8/site-packages/controller_manager_msgs/srv/_switch_controller_s.c
[3.454s] -- Up-to-date: /home/diego/Workspaces/ros2_control_diffbot_ws/src/install/controller_manager_msgs/lib/python3.8/site-packages/controller_manager_msgs/srv/_configure_controller_s.c
[3.454s] -- Up-to-date: /home/diego/Workspaces/ros2_control_diffbot_ws/src/install/controller_manager_msgs/lib/python3.8/site-packages/controller_manager_msgs/srv/_list_controller_types_s.c
[3.454s] -- Up-to-date: /home/diego/Workspaces/ros2_control_diffbot_ws/src/install/controller_manager_msgs/lib/python3.8/site-packages/controller_manager_msgs/srv/_load_start_controller.py
[3.455s] -- Up-to-date: /home/diego/Workspaces/ros2_control_diffbot_ws/src/install/controller_manager_msgs/lib/python3.8/site-packages/controller_manager_msgs/srv/_list_controllers.py
[3.455s] -- Up-to-date: /home/diego/Workspaces/ros2_control_diffbot_ws/src/install/controller_manager_msgs/lib/python3.8/site-packages/controller_manager_msgs/srv/_switch_controller.py
[3.459s] -- Up-to-date: /home/diego/Workspaces/ros2_control_diffbot_ws/src/install/controller_manager_msgs/lib/python3.8/site-packages/controller_manager_msgs/srv/_configure_start_controller.py
[3.459s] -- Up-to-date: /home/diego/Workspaces/ros2_control_diffbot_ws/src/install/controller_manager_msgs/lib/python3.8/site-packages/controller_manager_msgs/srv/_load_configure_controller_s.c
[3.460s] -- Up-to-date: /home/diego/Workspaces/ros2_control_diffbot_ws/src/install/controller_manager_msgs/lib/python3.8/site-packages/controller_manager_msgs/srv/_unload_controller.py
[3.460s] -- Up-to-date: /home/diego/Workspaces/ros2_control_diffbot_ws/src/install/controller_manager_msgs/lib/python3.8/site-packages/controller_manager_msgs/srv/_load_start_controller_s.c
[3.460s] -- Up-to-date: /home/diego/Workspaces/ros2_control_diffbot_ws/src/install/controller_manager_msgs/lib/python3.8/site-packages/controller_manager_msgs/srv/_list_hardware_interfaces.py
[3.460s] -- Up-to-date: /home/diego/Workspaces/ros2_control_diffbot_ws/src/install/controller_manager_msgs/lib/python3.8/site-packages/controller_manager_msgs/srv/__init__.py
[3.466s] -- Up-to-date: /home/diego/Workspaces/ros2_control_diffbot_ws/src/install/controller_manager_msgs/lib/python3.8/site-packages/controller_manager_msgs/srv/_reload_controller_libraries.py
[3.466s] -- Up-to-date: /home/diego/Workspaces/ros2_control_diffbot_ws/src/install/controller_manager_msgs/lib/python3.8/site-packages/controller_manager_msgs/srv/_configure_start_controller_s.c
[3.466s] -- Up-to-date: /home/diego/Workspaces/ros2_control_diffbot_ws/src/install/controller_manager_msgs/lib/python3.8/site-packages/controller_manager_msgs/controller_manager_msgs_s__rosidl_typesupport_fastrtps_c.cpython-38-x86_64-linux-gnu.so
[3.467s] -- Up-to-date: /home/diego/Workspaces/ros2_control_diffbot_ws/src/install/controller_manager_msgs/lib/python3.8/site-packages/controller_manager_msgs/controller_manager_msgs_s__rosidl_typesupport_introspection_c.cpython-38-x86_64-linux-gnu.so
[3.467s] -- Up-to-date: /home/diego/Workspaces/ros2_control_diffbot_ws/src/install/controller_manager_msgs/lib/python3.8/site-packages/controller_manager_msgs/controller_manager_msgs_s__rosidl_typesupport_c.cpython-38-x86_64-linux-gnu.so
[3.469s] -- Up-to-date: /home/diego/Workspaces/ros2_control_diffbot_ws/src/install/controller_manager_msgs/lib/libcontroller_manager_msgs__python.so
[3.471s] -- Up-to-date: /home/diego/Workspaces/ros2_control_diffbot_ws/src/install/controller_manager_msgs/share/controller_manager_msgs/msg/ControllerState.idl
[3.473s] -- Up-to-date: /home/diego/Workspaces/ros2_control_diffbot_ws/src/install/controller_manager_msgs/share/controller_manager_msgs/msg/HardwareInterface.idl
[3.476s] -- Up-to-date: /home/diego/Workspaces/ros2_control_diffbot_ws/src/install/controller_manager_msgs/share/controller_manager_msgs/srv/ConfigureController.idl
[3.478s] -- Up-to-date: /home/diego/Workspaces/ros2_control_diffbot_ws/src/install/controller_manager_msgs/share/controller_manager_msgs/srv/ConfigureStartController.idl
[3.483s] -- Up-to-date: /home/diego/Workspaces/ros2_control_diffbot_ws/src/install/controller_manager_msgs/share/controller_manager_msgs/srv/ListControllers.idl
[3.485s] -- Up-to-date: /home/diego/Workspaces/ros2_control_diffbot_ws/src/install/controller_manager_msgs/share/controller_manager_msgs/srv/ListControllerTypes.idl
[3.485s] -- Up-to-date: /home/diego/Workspaces/ros2_control_diffbot_ws/src/install/controller_manager_msgs/share/controller_manager_msgs/srv/ListHardwareInterfaces.idl
[3.486s] -- Up-to-date: /home/diego/Workspaces/ros2_control_diffbot_ws/src/install/controller_manager_msgs/share/controller_manager_msgs/srv/LoadConfigureController.idl
[3.487s] -- Up-to-date: /home/diego/Workspaces/ros2_control_diffbot_ws/src/install/controller_manager_msgs/share/controller_manager_msgs/srv/LoadController.idl
[3.488s] -- Up-to-date: /home/diego/Workspaces/ros2_control_diffbot_ws/src/install/controller_manager_msgs/share/controller_manager_msgs/srv/LoadStartController.idl
[3.489s] -- Up-to-date: /home/diego/Workspaces/ros2_control_diffbot_ws/src/install/controller_manager_msgs/share/controller_manager_msgs/srv/ReloadControllerLibraries.idl
[3.490s] -- Up-to-date: /home/diego/Workspaces/ros2_control_diffbot_ws/src/install/controller_manager_msgs/share/controller_manager_msgs/srv/SwitchController.idl
[3.490s] -- Up-to-date: /home/diego/Workspaces/ros2_control_diffbot_ws/src/install/controller_manager_msgs/share/controller_manager_msgs/srv/UnloadController.idl
[3.490s] -- Up-to-date: /home/diego/Workspaces/ros2_control_diffbot_ws/src/install/controller_manager_msgs/share/controller_manager_msgs/msg/ControllerState.msg
[3.491s] -- Up-to-date: /home/diego/Workspaces/ros2_control_diffbot_ws/src/install/controller_manager_msgs/share/controller_manager_msgs/msg/HardwareInterface.msg
[3.491s] -- Up-to-date: /home/diego/Workspaces/ros2_control_diffbot_ws/src/install/controller_manager_msgs/share/controller_manager_msgs/srv/ConfigureController.srv
[3.491s] -- Up-to-date: /home/diego/Workspaces/ros2_control_diffbot_ws/src/install/controller_manager_msgs/share/controller_manager_msgs/srv/ConfigureController_Request.msg
[3.492s] -- Up-to-date: /home/diego/Workspaces/ros2_control_diffbot_ws/src/install/controller_manager_msgs/share/controller_manager_msgs/srv/ConfigureController_Response.msg
[3.492s] -- Up-to-date: /home/diego/Workspaces/ros2_control_diffbot_ws/src/install/controller_manager_msgs/share/controller_manager_msgs/srv/ConfigureStartController.srv
[3.497s] -- Up-to-date: /home/diego/Workspaces/ros2_control_diffbot_ws/src/install/controller_manager_msgs/share/controller_manager_msgs/srv/ConfigureStartController_Request.msg
[3.497s] -- Up-to-date: /home/diego/Workspaces/ros2_control_diffbot_ws/src/install/controller_manager_msgs/share/controller_manager_msgs/srv/ConfigureStartController_Response.msg
[3.498s] -- Up-to-date: /home/diego/Workspaces/ros2_control_diffbot_ws/src/install/controller_manager_msgs/share/controller_manager_msgs/srv/ListControllers.srv
[3.498s] -- Up-to-date: /home/diego/Workspaces/ros2_control_diffbot_ws/src/install/controller_manager_msgs/share/controller_manager_msgs/srv/ListControllers_Request.msg
[3.498s] -- Up-to-date: /home/diego/Workspaces/ros2_control_diffbot_ws/src/install/controller_manager_msgs/share/controller_manager_msgs/srv/ListControllers_Response.msg
[3.498s] -- Up-to-date: /home/diego/Workspaces/ros2_control_diffbot_ws/src/install/controller_manager_msgs/share/controller_manager_msgs/srv/ListControllerTypes.srv
[3.498s] -- Up-to-date: /home/diego/Workspaces/ros2_control_diffbot_ws/src/install/controller_manager_msgs/share/controller_manager_msgs/srv/ListControllerTypes_Request.msg
[3.498s] -- Up-to-date: /home/diego/Workspaces/ros2_control_diffbot_ws/src/install/controller_manager_msgs/share/controller_manager_msgs/srv/ListControllerTypes_Response.msg
[3.499s] -- Up-to-date: /home/diego/Workspaces/ros2_control_diffbot_ws/src/install/controller_manager_msgs/share/controller_manager_msgs/srv/ListHardwareInterfaces.srv
[3.499s] -- Up-to-date: /home/diego/Workspaces/ros2_control_diffbot_ws/src/install/controller_manager_msgs/share/controller_manager_msgs/srv/ListHardwareInterfaces_Request.msg
[3.508s] -- Up-to-date: /home/diego/Workspaces/ros2_control_diffbot_ws/src/install/controller_manager_msgs/share/controller_manager_msgs/srv/ListHardwareInterfaces_Response.msg
[3.508s] -- Up-to-date: /home/diego/Workspaces/ros2_control_diffbot_ws/src/install/controller_manager_msgs/share/controller_manager_msgs/srv/LoadConfigureController.srv
[3.508s] -- Up-to-date: /home/diego/Workspaces/ros2_control_diffbot_ws/src/install/controller_manager_msgs/share/controller_manager_msgs/srv/LoadConfigureController_Request.msg
[3.508s] -- Up-to-date: /home/diego/Workspaces/ros2_control_diffbot_ws/src/install/controller_manager_msgs/share/controller_manager_msgs/srv/LoadConfigureController_Response.msg
[3.509s] -- Up-to-date: /home/diego/Workspaces/ros2_control_diffbot_ws/src/install/controller_manager_msgs/share/controller_manager_msgs/srv/LoadController.srv
[3.509s] -- Up-to-date: /home/diego/Workspaces/ros2_control_diffbot_ws/src/install/controller_manager_msgs/share/controller_manager_msgs/srv/LoadController_Request.msg
[3.509s] -- Up-to-date: /home/diego/Workspaces/ros2_control_diffbot_ws/src/install/controller_manager_msgs/share/controller_manager_msgs/srv/LoadController_Response.msg
[3.512s] -- Up-to-date: /home/diego/Workspaces/ros2_control_diffbot_ws/src/install/controller_manager_msgs/share/controller_manager_msgs/srv/LoadStartController.srv
[3.512s] -- Up-to-date: /home/diego/Workspaces/ros2_control_diffbot_ws/src/install/controller_manager_msgs/share/controller_manager_msgs/srv/LoadStartController_Request.msg
[3.513s] -- Up-to-date: /home/diego/Workspaces/ros2_control_diffbot_ws/src/install/controller_manager_msgs/share/controller_manager_msgs/srv/LoadStartController_Response.msg
[3.513s] -- Up-to-date: /home/diego/Workspaces/ros2_control_diffbot_ws/src/install/controller_manager_msgs/share/controller_manager_msgs/srv/ReloadControllerLibraries.srv
[3.513s] -- Up-to-date: /home/diego/Workspaces/ros2_control_diffbot_ws/src/install/controller_manager_msgs/share/controller_manager_msgs/srv/ReloadControllerLibraries_Request.msg
[3.513s] -- Up-to-date: /home/diego/Workspaces/ros2_control_diffbot_ws/src/install/controller_manager_msgs/share/controller_manager_msgs/srv/ReloadControllerLibraries_Response.msg
[3.514s] -- Up-to-date: /home/diego/Workspaces/ros2_control_diffbot_ws/src/install/controller_manager_msgs/share/controller_manager_msgs/srv/SwitchController.srv
[3.514s] -- Up-to-date: /home/diego/Workspaces/ros2_control_diffbot_ws/src/install/controller_manager_msgs/share/controller_manager_msgs/srv/SwitchController_Request.msg
[3.515s] -- Up-to-date: /home/diego/Workspaces/ros2_control_diffbot_ws/src/install/controller_manager_msgs/share/controller_manager_msgs/srv/SwitchController_Response.msg
[3.515s] -- Up-to-date: /home/diego/Workspaces/ros2_control_diffbot_ws/src/install/controller_manager_msgs/share/controller_manager_msgs/srv/UnloadController.srv
[3.515s] -- Up-to-date: /home/diego/Workspaces/ros2_control_diffbot_ws/src/install/controller_manager_msgs/share/controller_manager_msgs/srv/UnloadController_Request.msg
[3.515s] -- Up-to-date: /home/diego/Workspaces/ros2_control_diffbot_ws/src/install/controller_manager_msgs/share/controller_manager_msgs/srv/UnloadController_Response.msg
[3.520s] -- Up-to-date: /home/diego/Workspaces/ros2_control_diffbot_ws/src/install/controller_manager_msgs/share/ament_index/resource_index/package_run_dependencies/controller_manager_msgs
[3.520s] -- Up-to-date: /home/diego/Workspaces/ros2_control_diffbot_ws/src/install/controller_manager_msgs/share/ament_index/resource_index/parent_prefix_path/controller_manager_msgs
[3.521s] -- Up-to-date: /home/diego/Workspaces/ros2_control_diffbot_ws/src/install/controller_manager_msgs/share/controller_manager_msgs/environment/ament_prefix_path.sh
[3.521s] -- Up-to-date: /home/diego/Workspaces/ros2_control_diffbot_ws/src/install/controller_manager_msgs/share/controller_manager_msgs/environment/ament_prefix_path.dsv
[3.521s] -- Up-to-date: /home/diego/Workspaces/ros2_control_diffbot_ws/src/install/controller_manager_msgs/share/controller_manager_msgs/environment/path.sh
[3.522s] -- Up-to-date: /home/diego/Workspaces/ros2_control_diffbot_ws/src/install/controller_manager_msgs/share/controller_manager_msgs/environment/path.dsv
[3.522s] -- Up-to-date: /home/diego/Workspaces/ros2_control_diffbot_ws/src/install/controller_manager_msgs/share/controller_manager_msgs/local_setup.bash
[3.522s] -- Up-to-date: /home/diego/Workspaces/ros2_control_diffbot_ws/src/install/controller_manager_msgs/share/controller_manager_msgs/local_setup.sh
[3.526s] -- Up-to-date: /home/diego/Workspaces/ros2_control_diffbot_ws/src/install/controller_manager_msgs/share/controller_manager_msgs/local_setup.zsh
[3.526s] -- Up-to-date: /home/diego/Workspaces/ros2_control_diffbot_ws/src/install/controller_manager_msgs/share/controller_manager_msgs/local_setup.dsv
[3.526s] -- Installing: /home/diego/Workspaces/ros2_control_diffbot_ws/src/install/controller_manager_msgs/share/controller_manager_msgs/package.dsv
[3.526s] -- Up-to-date: /home/diego/Workspaces/ros2_control_diffbot_ws/src/install/controller_manager_msgs/share/ament_index/resource_index/packages/controller_manager_msgs
[3.527s] -- Up-to-date: /home/diego/Workspaces/ros2_control_diffbot_ws/src/install/controller_manager_msgs/share/controller_manager_msgs/cmake/controller_manager_msgs__rosidl_generator_cExport.cmake
[3.527s] -- Up-to-date: /home/diego/Workspaces/ros2_control_diffbot_ws/src/install/controller_manager_msgs/share/controller_manager_msgs/cmake/controller_manager_msgs__rosidl_generator_cExport-noconfig.cmake
[3.527s] -- Up-to-date: /home/diego/Workspaces/ros2_control_diffbot_ws/src/install/controller_manager_msgs/share/controller_manager_msgs/cmake/controller_manager_msgs__rosidl_typesupport_introspection_cExport.cmake
[3.527s] -- Up-to-date: /home/diego/Workspaces/ros2_control_diffbot_ws/src/install/controller_manager_msgs/share/controller_manager_msgs/cmake/controller_manager_msgs__rosidl_typesupport_introspection_cExport-noconfig.cmake
[3.528s] -- Up-to-date: /home/diego/Workspaces/ros2_control_diffbot_ws/src/install/controller_manager_msgs/share/controller_manager_msgs/cmake/controller_manager_msgs__rosidl_typesupport_cExport.cmake
[3.528s] -- Up-to-date: /home/diego/Workspaces/ros2_control_diffbot_ws/src/install/controller_manager_msgs/share/controller_manager_msgs/cmake/controller_manager_msgs__rosidl_typesupport_cExport-noconfig.cmake
[3.532s] -- Up-to-date: /home/diego/Workspaces/ros2_control_diffbot_ws/src/install/controller_manager_msgs/share/controller_manager_msgs/cmake/controller_manager_msgs__rosidl_generator_cppExport.cmake
[3.533s] -- Up-to-date: /home/diego/Workspaces/ros2_control_diffbot_ws/src/install/controller_manager_msgs/share/controller_manager_msgs/cmake/controller_manager_msgs__rosidl_typesupport_introspection_cppExport.cmake
[3.533s] -- Up-to-date: /home/diego/Workspaces/ros2_control_diffbot_ws/src/install/controller_manager_msgs/share/controller_manager_msgs/cmake/controller_manager_msgs__rosidl_typesupport_introspection_cppExport-noconfig.cmake
[3.536s] -- Up-to-date: /home/diego/Workspaces/ros2_control_diffbot_ws/src/install/controller_manager_msgs/share/controller_manager_msgs/cmake/controller_manager_msgs__rosidl_typesupport_cppExport.cmake
[3.536s] -- Up-to-date: /home/diego/Workspaces/ros2_control_diffbot_ws/src/install/controller_manager_msgs/share/controller_manager_msgs/cmake/controller_manager_msgs__rosidl_typesupport_cppExport-noconfig.cmake
[3.537s] -- Up-to-date: /home/diego/Workspaces/ros2_control_diffbot_ws/src/install/controller_manager_msgs/share/controller_manager_msgs/cmake/rosidl_cmake-extras.cmake
[3.538s] -- Up-to-date: /home/diego/Workspaces/ros2_control_diffbot_ws/src/install/controller_manager_msgs/share/controller_manager_msgs/cmake/ament_cmake_export_dependencies-extras.cmake
[3.538s] -- Up-to-date: /home/diego/Workspaces/ros2_control_diffbot_ws/src/install/controller_manager_msgs/share/controller_manager_msgs/cmake/ament_cmake_export_libraries-extras.cmake
[3.539s] -- Up-to-date: /home/diego/Workspaces/ros2_control_diffbot_ws/src/install/controller_manager_msgs/share/controller_manager_msgs/cmake/ament_cmake_export_targets-extras.cmake
[3.539s] -- Up-to-date: /home/diego/Workspaces/ros2_control_diffbot_ws/src/install/controller_manager_msgs/share/controller_manager_msgs/cmake/ament_cmake_export_include_directories-extras.cmake
[3.539s] -- Up-to-date: /home/diego/Workspaces/ros2_control_diffbot_ws/src/install/controller_manager_msgs/share/controller_manager_msgs/cmake/rosidl_cmake_export_typesupport_libraries-extras.cmake
[3.539s] -- Up-to-date: /home/diego/Workspaces/ros2_control_diffbot_ws/src/install/controller_manager_msgs/share/controller_manager_msgs/cmake/rosidl_cmake_export_typesupport_targets-extras.cmake
[3.539s] -- Up-to-date: /home/diego/Workspaces/ros2_control_diffbot_ws/src/install/controller_manager_msgs/share/controller_manager_msgs/cmake/controller_manager_msgsConfig.cmake
[3.539s] -- Up-to-date: /home/diego/Workspaces/ros2_control_diffbot_ws/src/install/controller_manager_msgs/share/controller_manager_msgs/cmake/controller_manager_msgsConfig-version.cmake
[3.540s] -- Up-to-date: /home/diego/Workspaces/ros2_control_diffbot_ws/src/install/controller_manager_msgs/share/controller_manager_msgs/package.xml
[3.553s] Invoked command in '/home/diego/Workspaces/ros2_control_diffbot_ws/src/build/controller_manager_msgs' returned '0': CMAKE_PREFIX_PATH=/opt/ros/foxy /usr/bin/cmake --install /home/diego/Workspaces/ros2_control_diffbot_ws/src/build/controller_manager_msgs
