[2.300s] Invoking command in '/home/diego/Workspaces/ros2_control_diffbot_ws/src/python_dev/src/package_python': PYTHONPATH=/home/diego/Workspaces/ros2_control_diffbot_ws/install/package_python/lib/python3.8/site-packages:${PYTHONPATH} /usr/bin/python3 setup.py egg_info --egg-base ../../../../build/package_python build --build-base /home/diego/Workspaces/ros2_control_diffbot_ws/build/package_python/build install --prefix /home/diego/Workspaces/ros2_control_diffbot_ws/install/package_python --record /home/diego/Workspaces/ros2_control_diffbot_ws/build/package_python/install.log --single-version-externally-managed
[3.065s] running egg_info
[3.068s] writing ../../../../build/package_python/package_python.egg-info/PKG-INFO
[3.070s] writing dependency_links to ../../../../build/package_python/package_python.egg-info/dependency_links.txt
[3.072s] writing entry points to ../../../../build/package_python/package_python.egg-info/entry_points.txt
[3.073s] writing requirements to ../../../../build/package_python/package_python.egg-info/requires.txt
[3.075s] writing top-level names to ../../../../build/package_python/package_python.egg-info/top_level.txt
[3.185s] reading manifest file '../../../../build/package_python/package_python.egg-info/SOURCES.txt'
[3.188s] writing manifest file '../../../../build/package_python/package_python.egg-info/SOURCES.txt'
[3.189s] running build
[3.190s] running build_py
[3.195s] copying package_python/nodo_py.py -> /home/diego/Workspaces/ros2_control_diffbot_ws/build/package_python/build/lib/package_python
[3.205s] copying package_python/py_pub_odometry.py -> /home/diego/Workspaces/ros2_control_diffbot_ws/build/package_python/build/lib/package_python
[3.208s] running install
[3.211s] running install_lib
[3.224s] copying /home/diego/Workspaces/ros2_control_diffbot_ws/build/package_python/build/lib/package_python/nodo_py.py -> /home/diego/Workspaces/ros2_control_diffbot_ws/install/package_python/lib/python3.8/site-packages/package_python
[3.225s] copying /home/diego/Workspaces/ros2_control_diffbot_ws/build/package_python/build/lib/package_python/py_pub_odometry.py -> /home/diego/Workspaces/ros2_control_diffbot_ws/install/package_python/lib/python3.8/site-packages/package_python
[3.230s] byte-compiling /home/diego/Workspaces/ros2_control_diffbot_ws/install/package_python/lib/python3.8/site-packages/package_python/nodo_py.py to nodo_py.cpython-38.pyc
[3.236s] byte-compiling /home/diego/Workspaces/ros2_control_diffbot_ws/install/package_python/lib/python3.8/site-packages/package_python/py_pub_odometry.py to py_pub_odometry.cpython-38.pyc
[3.239s] running install_data
[3.244s] running install_egg_info
[3.249s] removing '/home/diego/Workspaces/ros2_control_diffbot_ws/install/package_python/lib/python3.8/site-packages/package_python-0.0.0-py3.8.egg-info' (and everything under it)
[3.252s] Copying ../../../../build/package_python/package_python.egg-info to /home/diego/Workspaces/ros2_control_diffbot_ws/install/package_python/lib/python3.8/site-packages/package_python-0.0.0-py3.8.egg-info
[3.259s] running install_scripts
[3.311s] Installing hardware_arduino_wheels script to /home/diego/Workspaces/ros2_control_diffbot_ws/install/package_python/lib/package_python
[3.323s] Installing nodo_py script to /home/diego/Workspaces/ros2_control_diffbot_ws/install/package_python/lib/package_python
[3.324s] Installing py_pub_odometry script to /home/diego/Workspaces/ros2_control_diffbot_ws/install/package_python/lib/package_python
[3.325s] Installing py_pub_spiral script to /home/diego/Workspaces/ros2_control_diffbot_ws/install/package_python/lib/package_python
[3.325s] Installing py_pub_sub_wheels script to /home/diego/Workspaces/ros2_control_diffbot_ws/install/package_python/lib/package_python
[3.325s] writing list of installed files to '/home/diego/Workspaces/ros2_control_diffbot_ws/build/package_python/install.log'
[3.411s] Invoked command in '/home/diego/Workspaces/ros2_control_diffbot_ws/src/python_dev/src/package_python' returned '0': PYTHONPATH=/home/diego/Workspaces/ros2_control_diffbot_ws/install/package_python/lib/python3.8/site-packages:${PYTHONPATH} /usr/bin/python3 setup.py egg_info --egg-base ../../../../build/package_python build --build-base /home/diego/Workspaces/ros2_control_diffbot_ws/build/package_python/build install --prefix /home/diego/Workspaces/ros2_control_diffbot_ws/install/package_python --record /home/diego/Workspaces/ros2_control_diffbot_ws/build/package_python/install.log --single-version-externally-managed
