[0.035s] Invoking command in '/home/diego/Workspaces/ros2_control_diffbot_ws/build/realtime_tools': CMAKE_PREFIX_PATH=/opt/ros/foxy /usr/bin/cmake --build /home/diego/Workspaces/ros2_control_diffbot_ws/build/realtime_tools -- -j2 -l2
[0.486s] [ 17%] Built target gmock
[0.495s] [ 29%] Built target realtime_tools
[0.682s] [ 41%] Built target gmock_main
[0.945s] [ 52%] Built target realtime_buffer_tests
[0.985s] [ 64%] Built target realtime_publisher_tests
[1.202s] [ 76%] Built target realtime_box_tests
[1.225s] [ 88%] Built target realtime_server_goal_handle_tests
[1.289s] [100%] Built target realtime_clock_tests
[1.322s] Invoked command in '/home/diego/Workspaces/ros2_control_diffbot_ws/build/realtime_tools' returned '0': CMAKE_PREFIX_PATH=/opt/ros/foxy /usr/bin/cmake --build /home/diego/Workspaces/ros2_control_diffbot_ws/build/realtime_tools -- -j2 -l2
[1.443s] Invoking command in '/home/diego/Workspaces/ros2_control_diffbot_ws/build/realtime_tools': CMAKE_PREFIX_PATH=/opt/ros/foxy /usr/bin/cmake --install /home/diego/Workspaces/ros2_control_diffbot_ws/build/realtime_tools
[1.466s] -- Install configuration: ""
[1.470s] -- Execute custom install script
[1.476s] -- Up-to-date symlink: /home/diego/Workspaces/ros2_control_diffbot_ws/install/realtime_tools/include/realtime_tools/realtime_box.h
[1.477s] -- Up-to-date symlink: /home/diego/Workspaces/ros2_control_diffbot_ws/install/realtime_tools/include/realtime_tools/realtime_buffer.h
[1.479s] -- Up-to-date symlink: /home/diego/Workspaces/ros2_control_diffbot_ws/install/realtime_tools/include/realtime_tools/realtime_clock.h
[1.481s] -- Up-to-date symlink: /home/diego/Workspaces/ros2_control_diffbot_ws/install/realtime_tools/include/realtime_tools/realtime_publisher.h
[1.483s] -- Up-to-date symlink: /home/diego/Workspaces/ros2_control_diffbot_ws/install/realtime_tools/include/realtime_tools/realtime_server_goal_handle.h
[1.487s] -- Up-to-date symlink: /home/diego/Workspaces/ros2_control_diffbot_ws/install/realtime_tools/lib/librealtime_tools.a
[1.491s] -- Up-to-date symlink: /home/diego/Workspaces/ros2_control_diffbot_ws/install/realtime_tools/share/realtime_tools/environment/library_path.sh
[1.493s] -- Up-to-date symlink: /home/diego/Workspaces/ros2_control_diffbot_ws/install/realtime_tools/share/realtime_tools/environment/library_path.dsv
[1.500s] -- Up-to-date symlink: /home/diego/Workspaces/ros2_control_diffbot_ws/install/realtime_tools/share/ament_index/resource_index/package_run_dependencies/realtime_tools
[1.505s] -- Up-to-date symlink: /home/diego/Workspaces/ros2_control_diffbot_ws/install/realtime_tools/share/ament_index/resource_index/parent_prefix_path/realtime_tools
[1.507s] -- Up-to-date symlink: /home/diego/Workspaces/ros2_control_diffbot_ws/install/realtime_tools/share/realtime_tools/environment/ament_prefix_path.sh
[1.510s] -- Up-to-date symlink: /home/diego/Workspaces/ros2_control_diffbot_ws/install/realtime_tools/share/realtime_tools/environment/ament_prefix_path.dsv
[1.513s] -- Up-to-date symlink: /home/diego/Workspaces/ros2_control_diffbot_ws/install/realtime_tools/share/realtime_tools/environment/path.sh
[1.515s] -- Up-to-date symlink: /home/diego/Workspaces/ros2_control_diffbot_ws/install/realtime_tools/share/realtime_tools/environment/path.dsv
[1.518s] -- Up-to-date symlink: /home/diego/Workspaces/ros2_control_diffbot_ws/install/realtime_tools/share/realtime_tools/local_setup.bash
[1.520s] -- Up-to-date symlink: /home/diego/Workspaces/ros2_control_diffbot_ws/install/realtime_tools/share/realtime_tools/local_setup.sh
[1.522s] -- Up-to-date symlink: /home/diego/Workspaces/ros2_control_diffbot_ws/install/realtime_tools/share/realtime_tools/local_setup.zsh
[1.524s] -- Up-to-date symlink: /home/diego/Workspaces/ros2_control_diffbot_ws/install/realtime_tools/share/realtime_tools/local_setup.dsv
[1.526s] -- Symlinking: /home/diego/Workspaces/ros2_control_diffbot_ws/install/realtime_tools/share/realtime_tools/package.dsv
[1.569s] -- Up-to-date symlink: /home/diego/Workspaces/ros2_control_diffbot_ws/install/realtime_tools/share/ament_index/resource_index/packages/realtime_tools
[1.570s] -- Up-to-date symlink: /home/diego/Workspaces/ros2_control_diffbot_ws/install/realtime_tools/share/realtime_tools/cmake/ament_cmake_export_include_directories-extras.cmake
[1.570s] -- Up-to-date symlink: /home/diego/Workspaces/ros2_control_diffbot_ws/install/realtime_tools/share/realtime_tools/cmake/ament_cmake_export_libraries-extras.cmake
[1.571s] -- Up-to-date symlink: /home/diego/Workspaces/ros2_control_diffbot_ws/install/realtime_tools/share/realtime_tools/cmake/ament_cmake_export_dependencies-extras.cmake
[1.571s] -- Up-to-date symlink: /home/diego/Workspaces/ros2_control_diffbot_ws/install/realtime_tools/share/realtime_tools/cmake/realtime_toolsConfig.cmake
[1.572s] -- Up-to-date symlink: /home/diego/Workspaces/ros2_control_diffbot_ws/install/realtime_tools/share/realtime_tools/cmake/realtime_toolsConfig-version.cmake
[1.576s] -- Up-to-date symlink: /home/diego/Workspaces/ros2_control_diffbot_ws/install/realtime_tools/share/realtime_tools/package.xml
[1.649s] Invoked command in '/home/diego/Workspaces/ros2_control_diffbot_ws/build/realtime_tools' returned '0': CMAKE_PREFIX_PATH=/opt/ros/foxy /usr/bin/cmake --install /home/diego/Workspaces/ros2_control_diffbot_ws/build/realtime_tools
