[0.112s] Invoking command in '/home/diego/Workspaces/ros2_control_diffbot_ws/build/control_msgs': CMAKE_PREFIX_PATH=${CMAKE_PREFIX_PATH}:/home/diego/Workspaces/ros2_control_diffbot_ws/install/ros2controlcli:/home/diego/Workspaces/ros2_control_diffbot_ws/install/ros2_control_test_nodes:/home/diego/Workspaces/ros2_control_diffbot_ws/install/package_python:/opt/ros/foxy /usr/bin/cmake --build /home/diego/Workspaces/ros2_control_diffbot_ws/build/control_msgs -- -j2 -l2
[0.332s] [  0%] Built target control_msgs__cpp
[0.413s] [ 12%] Built target control_msgs__rosidl_generator_c
[0.500s] [ 24%] Built target control_msgs__rosidl_typesupport_cpp
[0.613s] [ 36%] Built target control_msgs__rosidl_typesupport_fastrtps_cpp
[0.760s] [ 48%] Built target control_msgs__rosidl_typesupport_introspection_c
[0.853s] [ 60%] Built target control_msgs__rosidl_typesupport_c
[0.943s] [ 72%] Built target control_msgs__rosidl_typesupport_introspection_cpp
[1.046s] [ 84%] Built target control_msgs__rosidl_typesupport_fastrtps_c
[1.112s] [ 84%] Built target control_msgs
[1.182s] [ 85%] Built target control_msgs__py
[1.289s] [ 96%] Built target control_msgs__python
[1.372s] [ 97%] Built target control_msgs__rosidl_typesupport_c__pyext
[1.454s] [ 99%] Built target control_msgs__rosidl_typesupport_introspection_c__pyext
[1.532s] [100%] Built target control_msgs__rosidl_typesupport_fastrtps_c__pyext
[1.578s] Invoked command in '/home/diego/Workspaces/ros2_control_diffbot_ws/build/control_msgs' returned '0': CMAKE_PREFIX_PATH=${CMAKE_PREFIX_PATH}:/home/diego/Workspaces/ros2_control_diffbot_ws/install/ros2controlcli:/home/diego/Workspaces/ros2_control_diffbot_ws/install/ros2_control_test_nodes:/home/diego/Workspaces/ros2_control_diffbot_ws/install/package_python:/opt/ros/foxy /usr/bin/cmake --build /home/diego/Workspaces/ros2_control_diffbot_ws/build/control_msgs -- -j2 -l2
[2.796s] Invoking command in '/home/diego/Workspaces/ros2_control_diffbot_ws/build/control_msgs': CMAKE_PREFIX_PATH=${CMAKE_PREFIX_PATH}:/home/diego/Workspaces/ros2_control_diffbot_ws/install/ros2controlcli:/home/diego/Workspaces/ros2_control_diffbot_ws/install/ros2_control_test_nodes:/home/diego/Workspaces/ros2_control_diffbot_ws/install/package_python:/opt/ros/foxy /usr/bin/cmake --install /home/diego/Workspaces/ros2_control_diffbot_ws/build/control_msgs
[2.828s] -- Install configuration: ""
[2.829s] -- Execute custom install script
[2.830s] -- Up-to-date symlink: /home/diego/Workspaces/ros2_control_diffbot_ws/install/control_msgs/share/ament_index/resource_index/rosidl_interfaces/control_msgs
[2.833s] -- Up-to-date symlink: /home/diego/Workspaces/ros2_control_diffbot_ws/install/control_msgs/include/control_msgs/action/detail/follow_joint_trajectory__functions.h
[2.833s] -- Up-to-date symlink: /home/diego/Workspaces/ros2_control_diffbot_ws/install/control_msgs/include/control_msgs/action/detail/follow_joint_trajectory__struct.h
[2.833s] -- Up-to-date symlink: /home/diego/Workspaces/ros2_control_diffbot_ws/install/control_msgs/include/control_msgs/action/detail/follow_joint_trajectory__type_support.h
[2.833s] -- Up-to-date symlink: /home/diego/Workspaces/ros2_control_diffbot_ws/install/control_msgs/include/control_msgs/action/detail/gripper_command__functions.h
[2.834s] -- Up-to-date symlink: /home/diego/Workspaces/ros2_control_diffbot_ws/install/control_msgs/include/control_msgs/action/detail/gripper_command__struct.h
[2.834s] -- Up-to-date symlink: /home/diego/Workspaces/ros2_control_diffbot_ws/install/control_msgs/include/control_msgs/action/detail/gripper_command__type_support.h
[2.835s] -- Up-to-date symlink: /home/diego/Workspaces/ros2_control_diffbot_ws/install/control_msgs/include/control_msgs/action/detail/joint_trajectory__functions.h
[2.835s] -- Up-to-date symlink: /home/diego/Workspaces/ros2_control_diffbot_ws/install/control_msgs/include/control_msgs/action/detail/joint_trajectory__struct.h
[2.835s] -- Up-to-date symlink: /home/diego/Workspaces/ros2_control_diffbot_ws/install/control_msgs/include/control_msgs/action/detail/joint_trajectory__type_support.h
[2.836s] -- Up-to-date symlink: /home/diego/Workspaces/ros2_control_diffbot_ws/install/control_msgs/include/control_msgs/action/detail/point_head__functions.h
[2.836s] -- Up-to-date symlink: /home/diego/Workspaces/ros2_control_diffbot_ws/install/control_msgs/include/control_msgs/action/detail/point_head__struct.h
[2.836s] -- Up-to-date symlink: /home/diego/Workspaces/ros2_control_diffbot_ws/install/control_msgs/include/control_msgs/action/detail/point_head__type_support.h
[2.837s] -- Up-to-date symlink: /home/diego/Workspaces/ros2_control_diffbot_ws/install/control_msgs/include/control_msgs/action/detail/single_joint_position__functions.h
[2.837s] -- Up-to-date symlink: /home/diego/Workspaces/ros2_control_diffbot_ws/install/control_msgs/include/control_msgs/action/detail/single_joint_position__struct.h
[2.838s] -- Up-to-date symlink: /home/diego/Workspaces/ros2_control_diffbot_ws/install/control_msgs/include/control_msgs/action/detail/single_joint_position__type_support.h
[2.838s] -- Up-to-date symlink: /home/diego/Workspaces/ros2_control_diffbot_ws/install/control_msgs/include/control_msgs/action/follow_joint_trajectory.h
[2.838s] -- Up-to-date symlink: /home/diego/Workspaces/ros2_control_diffbot_ws/install/control_msgs/include/control_msgs/action/gripper_command.h
[2.838s] -- Up-to-date symlink: /home/diego/Workspaces/ros2_control_diffbot_ws/install/control_msgs/include/control_msgs/action/joint_trajectory.h
[2.839s] -- Up-to-date symlink: /home/diego/Workspaces/ros2_control_diffbot_ws/install/control_msgs/include/control_msgs/action/point_head.h
[2.839s] -- Up-to-date symlink: /home/diego/Workspaces/ros2_control_diffbot_ws/install/control_msgs/include/control_msgs/action/single_joint_position.h
[2.839s] -- Up-to-date symlink: /home/diego/Workspaces/ros2_control_diffbot_ws/install/control_msgs/include/control_msgs/msg/detail/dynamic_joint_state__functions.h
[2.840s] -- Up-to-date symlink: /home/diego/Workspaces/ros2_control_diffbot_ws/install/control_msgs/include/control_msgs/msg/detail/dynamic_joint_state__struct.h
[2.840s] -- Up-to-date symlink: /home/diego/Workspaces/ros2_control_diffbot_ws/install/control_msgs/include/control_msgs/msg/detail/dynamic_joint_state__type_support.h
[2.840s] -- Up-to-date symlink: /home/diego/Workspaces/ros2_control_diffbot_ws/install/control_msgs/include/control_msgs/msg/detail/gripper_command__functions.h
[2.841s] -- Up-to-date symlink: /home/diego/Workspaces/ros2_control_diffbot_ws/install/control_msgs/include/control_msgs/msg/detail/gripper_command__struct.h
[2.841s] -- Up-to-date symlink: /home/diego/Workspaces/ros2_control_diffbot_ws/install/control_msgs/include/control_msgs/msg/detail/gripper_command__type_support.h
[2.842s] -- Up-to-date symlink: /home/diego/Workspaces/ros2_control_diffbot_ws/install/control_msgs/include/control_msgs/msg/detail/interface_value__functions.h
[2.845s] -- Up-to-date symlink: /home/diego/Workspaces/ros2_control_diffbot_ws/install/control_msgs/include/control_msgs/msg/detail/interface_value__struct.h
[2.845s] -- Up-to-date symlink: /home/diego/Workspaces/ros2_control_diffbot_ws/install/control_msgs/include/control_msgs/msg/detail/interface_value__type_support.h
[2.845s] -- Up-to-date symlink: /home/diego/Workspaces/ros2_control_diffbot_ws/install/control_msgs/include/control_msgs/msg/detail/joint_controller_state__functions.h
[2.846s] -- Up-to-date symlink: /home/diego/Workspaces/ros2_control_diffbot_ws/install/control_msgs/include/control_msgs/msg/detail/joint_controller_state__struct.h
[2.847s] -- Up-to-date symlink: /home/diego/Workspaces/ros2_control_diffbot_ws/install/control_msgs/include/control_msgs/msg/detail/joint_controller_state__type_support.h
[2.847s] -- Up-to-date symlink: /home/diego/Workspaces/ros2_control_diffbot_ws/install/control_msgs/include/control_msgs/msg/detail/joint_jog__functions.h
[2.847s] -- Up-to-date symlink: /home/diego/Workspaces/ros2_control_diffbot_ws/install/control_msgs/include/control_msgs/msg/detail/joint_jog__struct.h
[2.847s] -- Up-to-date symlink: /home/diego/Workspaces/ros2_control_diffbot_ws/install/control_msgs/include/control_msgs/msg/detail/joint_jog__type_support.h
[2.848s] -- Up-to-date symlink: /home/diego/Workspaces/ros2_control_diffbot_ws/install/control_msgs/include/control_msgs/msg/detail/joint_tolerance__functions.h
[2.848s] -- Up-to-date symlink: /home/diego/Workspaces/ros2_control_diffbot_ws/install/control_msgs/include/control_msgs/msg/detail/joint_tolerance__struct.h
[2.853s] -- Up-to-date symlink: /home/diego/Workspaces/ros2_control_diffbot_ws/install/control_msgs/include/control_msgs/msg/detail/joint_tolerance__type_support.h
[2.853s] -- Up-to-date symlink: /home/diego/Workspaces/ros2_control_diffbot_ws/install/control_msgs/include/control_msgs/msg/detail/joint_trajectory_controller_state__functions.h
[2.854s] -- Up-to-date symlink: /home/diego/Workspaces/ros2_control_diffbot_ws/install/control_msgs/include/control_msgs/msg/detail/joint_trajectory_controller_state__struct.h
[2.854s] -- Up-to-date symlink: /home/diego/Workspaces/ros2_control_diffbot_ws/install/control_msgs/include/control_msgs/msg/detail/joint_trajectory_controller_state__type_support.h
[2.854s] -- Up-to-date symlink: /home/diego/Workspaces/ros2_control_diffbot_ws/install/control_msgs/include/control_msgs/msg/detail/pid_state__functions.h
[2.854s] -- Up-to-date symlink: /home/diego/Workspaces/ros2_control_diffbot_ws/install/control_msgs/include/control_msgs/msg/detail/pid_state__struct.h
[2.855s] -- Up-to-date symlink: /home/diego/Workspaces/ros2_control_diffbot_ws/install/control_msgs/include/control_msgs/msg/detail/pid_state__type_support.h
[2.855s] -- Up-to-date symlink: /home/diego/Workspaces/ros2_control_diffbot_ws/install/control_msgs/include/control_msgs/msg/dynamic_joint_state.h
[2.855s] -- Up-to-date symlink: /home/diego/Workspaces/ros2_control_diffbot_ws/install/control_msgs/include/control_msgs/msg/gripper_command.h
[2.856s] -- Up-to-date symlink: /home/diego/Workspaces/ros2_control_diffbot_ws/install/control_msgs/include/control_msgs/msg/interface_value.h
[2.856s] -- Up-to-date symlink: /home/diego/Workspaces/ros2_control_diffbot_ws/install/control_msgs/include/control_msgs/msg/joint_controller_state.h
[2.857s] -- Up-to-date symlink: /home/diego/Workspaces/ros2_control_diffbot_ws/install/control_msgs/include/control_msgs/msg/joint_jog.h
[2.857s] -- Up-to-date symlink: /home/diego/Workspaces/ros2_control_diffbot_ws/install/control_msgs/include/control_msgs/msg/joint_tolerance.h
[2.857s] -- Up-to-date symlink: /home/diego/Workspaces/ros2_control_diffbot_ws/install/control_msgs/include/control_msgs/msg/joint_trajectory_controller_state.h
[2.858s] -- Up-to-date symlink: /home/diego/Workspaces/ros2_control_diffbot_ws/install/control_msgs/include/control_msgs/msg/pid_state.h
[2.858s] -- Up-to-date symlink: /home/diego/Workspaces/ros2_control_diffbot_ws/install/control_msgs/include/control_msgs/msg/rosidl_generator_c__visibility_control.h
[2.859s] -- Up-to-date symlink: /home/diego/Workspaces/ros2_control_diffbot_ws/install/control_msgs/include/control_msgs/srv/detail/query_calibration_state__functions.h
[2.860s] -- Up-to-date symlink: /home/diego/Workspaces/ros2_control_diffbot_ws/install/control_msgs/include/control_msgs/srv/detail/query_calibration_state__struct.h
[2.860s] -- Up-to-date symlink: /home/diego/Workspaces/ros2_control_diffbot_ws/install/control_msgs/include/control_msgs/srv/detail/query_calibration_state__type_support.h
[2.860s] -- Up-to-date symlink: /home/diego/Workspaces/ros2_control_diffbot_ws/install/control_msgs/include/control_msgs/srv/detail/query_trajectory_state__functions.h
[2.861s] -- Up-to-date symlink: /home/diego/Workspaces/ros2_control_diffbot_ws/install/control_msgs/include/control_msgs/srv/detail/query_trajectory_state__struct.h
[2.861s] -- Up-to-date symlink: /home/diego/Workspaces/ros2_control_diffbot_ws/install/control_msgs/include/control_msgs/srv/detail/query_trajectory_state__type_support.h
[2.861s] -- Up-to-date symlink: /home/diego/Workspaces/ros2_control_diffbot_ws/install/control_msgs/include/control_msgs/srv/query_calibration_state.h
[2.862s] -- Up-to-date symlink: /home/diego/Workspaces/ros2_control_diffbot_ws/install/control_msgs/include/control_msgs/srv/query_trajectory_state.h
[2.862s] -- Up-to-date symlink: /home/diego/Workspaces/ros2_control_diffbot_ws/install/control_msgs/share/control_msgs/environment/library_path.sh
[2.863s] -- Up-to-date symlink: /home/diego/Workspaces/ros2_control_diffbot_ws/install/control_msgs/share/control_msgs/environment/library_path.dsv
[2.865s] -- Up-to-date symlink: /home/diego/Workspaces/ros2_control_diffbot_ws/install/control_msgs/include/control_msgs/action/detail/follow_joint_trajectory__rosidl_typesupport_fastrtps_c.h
[2.865s] -- Up-to-date symlink: /home/diego/Workspaces/ros2_control_diffbot_ws/install/control_msgs/include/control_msgs/action/detail/gripper_command__rosidl_typesupport_fastrtps_c.h
[2.866s] -- Up-to-date symlink: /home/diego/Workspaces/ros2_control_diffbot_ws/install/control_msgs/include/control_msgs/action/detail/joint_trajectory__rosidl_typesupport_fastrtps_c.h
[2.866s] -- Up-to-date symlink: /home/diego/Workspaces/ros2_control_diffbot_ws/install/control_msgs/include/control_msgs/action/detail/point_head__rosidl_typesupport_fastrtps_c.h
[2.866s] -- Up-to-date symlink: /home/diego/Workspaces/ros2_control_diffbot_ws/install/control_msgs/include/control_msgs/action/detail/single_joint_position__rosidl_typesupport_fastrtps_c.h
[2.867s] -- Up-to-date symlink: /home/diego/Workspaces/ros2_control_diffbot_ws/install/control_msgs/include/control_msgs/msg/detail/dynamic_joint_state__rosidl_typesupport_fastrtps_c.h
[2.867s] -- Up-to-date symlink: /home/diego/Workspaces/ros2_control_diffbot_ws/install/control_msgs/include/control_msgs/msg/detail/gripper_command__rosidl_typesupport_fastrtps_c.h
[2.867s] -- Up-to-date symlink: /home/diego/Workspaces/ros2_control_diffbot_ws/install/control_msgs/include/control_msgs/msg/detail/interface_value__rosidl_typesupport_fastrtps_c.h
[2.868s] -- Up-to-date symlink: /home/diego/Workspaces/ros2_control_diffbot_ws/install/control_msgs/include/control_msgs/msg/detail/joint_controller_state__rosidl_typesupport_fastrtps_c.h
[2.868s] -- Up-to-date symlink: /home/diego/Workspaces/ros2_control_diffbot_ws/install/control_msgs/include/control_msgs/msg/detail/joint_jog__rosidl_typesupport_fastrtps_c.h
[2.869s] -- Up-to-date symlink: /home/diego/Workspaces/ros2_control_diffbot_ws/install/control_msgs/include/control_msgs/msg/detail/joint_tolerance__rosidl_typesupport_fastrtps_c.h
[2.869s] -- Up-to-date symlink: /home/diego/Workspaces/ros2_control_diffbot_ws/install/control_msgs/include/control_msgs/msg/detail/joint_trajectory_controller_state__rosidl_typesupport_fastrtps_c.h
[2.869s] -- Up-to-date symlink: /home/diego/Workspaces/ros2_control_diffbot_ws/install/control_msgs/include/control_msgs/msg/detail/pid_state__rosidl_typesupport_fastrtps_c.h
[2.870s] -- Up-to-date symlink: /home/diego/Workspaces/ros2_control_diffbot_ws/install/control_msgs/include/control_msgs/msg/rosidl_typesupport_fastrtps_c__visibility_control.h
[2.870s] -- Up-to-date symlink: /home/diego/Workspaces/ros2_control_diffbot_ws/install/control_msgs/include/control_msgs/srv/detail/query_calibration_state__rosidl_typesupport_fastrtps_c.h
[2.870s] -- Up-to-date symlink: /home/diego/Workspaces/ros2_control_diffbot_ws/install/control_msgs/include/control_msgs/srv/detail/query_trajectory_state__rosidl_typesupport_fastrtps_c.h
[2.871s] -- Up-to-date symlink: /home/diego/Workspaces/ros2_control_diffbot_ws/install/control_msgs/lib/libcontrol_msgs__rosidl_typesupport_fastrtps_c.so
[2.874s] -- Up-to-date symlink: /home/diego/Workspaces/ros2_control_diffbot_ws/install/control_msgs/include/control_msgs/action/detail/follow_joint_trajectory__rosidl_typesupport_fastrtps_cpp.hpp
[2.874s] -- Up-to-date symlink: /home/diego/Workspaces/ros2_control_diffbot_ws/install/control_msgs/include/control_msgs/action/detail/gripper_command__rosidl_typesupport_fastrtps_cpp.hpp
[2.874s] -- Up-to-date symlink: /home/diego/Workspaces/ros2_control_diffbot_ws/install/control_msgs/include/control_msgs/action/detail/joint_trajectory__rosidl_typesupport_fastrtps_cpp.hpp
[2.875s] -- Up-to-date symlink: /home/diego/Workspaces/ros2_control_diffbot_ws/install/control_msgs/include/control_msgs/action/detail/point_head__rosidl_typesupport_fastrtps_cpp.hpp
[2.875s] -- Up-to-date symlink: /home/diego/Workspaces/ros2_control_diffbot_ws/install/control_msgs/include/control_msgs/action/detail/single_joint_position__rosidl_typesupport_fastrtps_cpp.hpp
[2.877s] -- Up-to-date symlink: /home/diego/Workspaces/ros2_control_diffbot_ws/install/control_msgs/include/control_msgs/msg/detail/dynamic_joint_state__rosidl_typesupport_fastrtps_cpp.hpp
[2.877s] -- Up-to-date symlink: /home/diego/Workspaces/ros2_control_diffbot_ws/install/control_msgs/include/control_msgs/msg/detail/gripper_command__rosidl_typesupport_fastrtps_cpp.hpp
[2.877s] -- Up-to-date symlink: /home/diego/Workspaces/ros2_control_diffbot_ws/install/control_msgs/include/control_msgs/msg/detail/interface_value__rosidl_typesupport_fastrtps_cpp.hpp
[2.878s] -- Up-to-date symlink: /home/diego/Workspaces/ros2_control_diffbot_ws/install/control_msgs/include/control_msgs/msg/detail/joint_controller_state__rosidl_typesupport_fastrtps_cpp.hpp
[2.878s] -- Up-to-date symlink: /home/diego/Workspaces/ros2_control_diffbot_ws/install/control_msgs/include/control_msgs/msg/detail/joint_jog__rosidl_typesupport_fastrtps_cpp.hpp
[2.879s] -- Up-to-date symlink: /home/diego/Workspaces/ros2_control_diffbot_ws/install/control_msgs/include/control_msgs/msg/detail/joint_tolerance__rosidl_typesupport_fastrtps_cpp.hpp
[2.879s] -- Up-to-date symlink: /home/diego/Workspaces/ros2_control_diffbot_ws/install/control_msgs/include/control_msgs/msg/detail/joint_trajectory_controller_state__rosidl_typesupport_fastrtps_cpp.hpp
[2.879s] -- Up-to-date symlink: /home/diego/Workspaces/ros2_control_diffbot_ws/install/control_msgs/include/control_msgs/msg/detail/pid_state__rosidl_typesupport_fastrtps_cpp.hpp
[2.880s] -- Up-to-date symlink: /home/diego/Workspaces/ros2_control_diffbot_ws/install/control_msgs/include/control_msgs/msg/rosidl_typesupport_fastrtps_cpp__visibility_control.h
[2.880s] -- Up-to-date symlink: /home/diego/Workspaces/ros2_control_diffbot_ws/install/control_msgs/include/control_msgs/srv/detail/query_calibration_state__rosidl_typesupport_fastrtps_cpp.hpp
[2.880s] -- Up-to-date symlink: /home/diego/Workspaces/ros2_control_diffbot_ws/install/control_msgs/include/control_msgs/srv/detail/query_trajectory_state__rosidl_typesupport_fastrtps_cpp.hpp
[2.881s] -- Up-to-date symlink: /home/diego/Workspaces/ros2_control_diffbot_ws/install/control_msgs/lib/libcontrol_msgs__rosidl_typesupport_fastrtps_cpp.so
[2.883s] -- Up-to-date symlink: /home/diego/Workspaces/ros2_control_diffbot_ws/install/control_msgs/include/control_msgs/action/detail/follow_joint_trajectory__rosidl_typesupport_introspection_c.h
[2.884s] -- Up-to-date symlink: /home/diego/Workspaces/ros2_control_diffbot_ws/install/control_msgs/include/control_msgs/action/detail/gripper_command__rosidl_typesupport_introspection_c.h
[2.884s] -- Up-to-date symlink: /home/diego/Workspaces/ros2_control_diffbot_ws/install/control_msgs/include/control_msgs/action/detail/joint_trajectory__rosidl_typesupport_introspection_c.h
[2.885s] -- Up-to-date symlink: /home/diego/Workspaces/ros2_control_diffbot_ws/install/control_msgs/include/control_msgs/action/detail/point_head__rosidl_typesupport_introspection_c.h
[2.885s] -- Up-to-date symlink: /home/diego/Workspaces/ros2_control_diffbot_ws/install/control_msgs/include/control_msgs/action/detail/single_joint_position__rosidl_typesupport_introspection_c.h
[2.885s] -- Up-to-date symlink: /home/diego/Workspaces/ros2_control_diffbot_ws/install/control_msgs/include/control_msgs/msg/detail/dynamic_joint_state__rosidl_typesupport_introspection_c.h
[2.885s] -- Up-to-date symlink: /home/diego/Workspaces/ros2_control_diffbot_ws/install/control_msgs/include/control_msgs/msg/detail/gripper_command__rosidl_typesupport_introspection_c.h
[2.886s] -- Up-to-date symlink: /home/diego/Workspaces/ros2_control_diffbot_ws/install/control_msgs/include/control_msgs/msg/detail/interface_value__rosidl_typesupport_introspection_c.h
[2.886s] -- Up-to-date symlink: /home/diego/Workspaces/ros2_control_diffbot_ws/install/control_msgs/include/control_msgs/msg/detail/joint_controller_state__rosidl_typesupport_introspection_c.h
[2.886s] -- Up-to-date symlink: /home/diego/Workspaces/ros2_control_diffbot_ws/install/control_msgs/include/control_msgs/msg/detail/joint_jog__rosidl_typesupport_introspection_c.h
[2.887s] -- Up-to-date symlink: /home/diego/Workspaces/ros2_control_diffbot_ws/install/control_msgs/include/control_msgs/msg/detail/joint_tolerance__rosidl_typesupport_introspection_c.h
[2.887s] -- Up-to-date symlink: /home/diego/Workspaces/ros2_control_diffbot_ws/install/control_msgs/include/control_msgs/msg/detail/joint_trajectory_controller_state__rosidl_typesupport_introspection_c.h
[2.888s] -- Up-to-date symlink: /home/diego/Workspaces/ros2_control_diffbot_ws/install/control_msgs/include/control_msgs/msg/detail/pid_state__rosidl_typesupport_introspection_c.h
[2.888s] -- Up-to-date symlink: /home/diego/Workspaces/ros2_control_diffbot_ws/install/control_msgs/include/control_msgs/msg/rosidl_typesupport_introspection_c__visibility_control.h
[2.889s] -- Up-to-date symlink: /home/diego/Workspaces/ros2_control_diffbot_ws/install/control_msgs/include/control_msgs/srv/detail/query_calibration_state__rosidl_typesupport_introspection_c.h
[2.889s] -- Up-to-date symlink: /home/diego/Workspaces/ros2_control_diffbot_ws/install/control_msgs/include/control_msgs/srv/detail/query_trajectory_state__rosidl_typesupport_introspection_c.h
[2.892s] -- Up-to-date symlink: /home/diego/Workspaces/ros2_control_diffbot_ws/install/control_msgs/include/control_msgs/action/detail/follow_joint_trajectory__builder.hpp
[2.892s] -- Up-to-date symlink: /home/diego/Workspaces/ros2_control_diffbot_ws/install/control_msgs/include/control_msgs/action/detail/follow_joint_trajectory__struct.hpp
[2.893s] -- Up-to-date symlink: /home/diego/Workspaces/ros2_control_diffbot_ws/install/control_msgs/include/control_msgs/action/detail/follow_joint_trajectory__traits.hpp
[2.893s] -- Up-to-date symlink: /home/diego/Workspaces/ros2_control_diffbot_ws/install/control_msgs/include/control_msgs/action/detail/gripper_command__builder.hpp
[2.893s] -- Up-to-date symlink: /home/diego/Workspaces/ros2_control_diffbot_ws/install/control_msgs/include/control_msgs/action/detail/gripper_command__struct.hpp
[2.894s] -- Up-to-date symlink: /home/diego/Workspaces/ros2_control_diffbot_ws/install/control_msgs/include/control_msgs/action/detail/gripper_command__traits.hpp
[2.895s] -- Up-to-date symlink: /home/diego/Workspaces/ros2_control_diffbot_ws/install/control_msgs/include/control_msgs/action/detail/joint_trajectory__builder.hpp
[2.895s] -- Up-to-date symlink: /home/diego/Workspaces/ros2_control_diffbot_ws/install/control_msgs/include/control_msgs/action/detail/joint_trajectory__struct.hpp
[2.895s] -- Up-to-date symlink: /home/diego/Workspaces/ros2_control_diffbot_ws/install/control_msgs/include/control_msgs/action/detail/joint_trajectory__traits.hpp
[2.896s] -- Up-to-date symlink: /home/diego/Workspaces/ros2_control_diffbot_ws/install/control_msgs/include/control_msgs/action/detail/point_head__builder.hpp
[2.897s] -- Up-to-date symlink: /home/diego/Workspaces/ros2_control_diffbot_ws/install/control_msgs/include/control_msgs/action/detail/point_head__struct.hpp
[2.897s] -- Up-to-date symlink: /home/diego/Workspaces/ros2_control_diffbot_ws/install/control_msgs/include/control_msgs/action/detail/point_head__traits.hpp
[2.897s] -- Up-to-date symlink: /home/diego/Workspaces/ros2_control_diffbot_ws/install/control_msgs/include/control_msgs/action/detail/single_joint_position__builder.hpp
[2.898s] -- Up-to-date symlink: /home/diego/Workspaces/ros2_control_diffbot_ws/install/control_msgs/include/control_msgs/action/detail/single_joint_position__struct.hpp
[2.898s] -- Up-to-date symlink: /home/diego/Workspaces/ros2_control_diffbot_ws/install/control_msgs/include/control_msgs/action/detail/single_joint_position__traits.hpp
[2.898s] -- Up-to-date symlink: /home/diego/Workspaces/ros2_control_diffbot_ws/install/control_msgs/include/control_msgs/action/follow_joint_trajectory.hpp
[2.899s] -- Up-to-date symlink: /home/diego/Workspaces/ros2_control_diffbot_ws/install/control_msgs/include/control_msgs/action/gripper_command.hpp
[2.899s] -- Up-to-date symlink: /home/diego/Workspaces/ros2_control_diffbot_ws/install/control_msgs/include/control_msgs/action/joint_trajectory.hpp
[2.900s] -- Up-to-date symlink: /home/diego/Workspaces/ros2_control_diffbot_ws/install/control_msgs/include/control_msgs/action/point_head.hpp
[2.900s] -- Up-to-date symlink: /home/diego/Workspaces/ros2_control_diffbot_ws/install/control_msgs/include/control_msgs/action/single_joint_position.hpp
[2.901s] -- Up-to-date symlink: /home/diego/Workspaces/ros2_control_diffbot_ws/install/control_msgs/include/control_msgs/msg/detail/dynamic_joint_state__builder.hpp
[2.902s] -- Up-to-date symlink: /home/diego/Workspaces/ros2_control_diffbot_ws/install/control_msgs/include/control_msgs/msg/detail/dynamic_joint_state__struct.hpp
[2.902s] -- Up-to-date symlink: /home/diego/Workspaces/ros2_control_diffbot_ws/install/control_msgs/include/control_msgs/msg/detail/dynamic_joint_state__traits.hpp
[2.902s] -- Up-to-date symlink: /home/diego/Workspaces/ros2_control_diffbot_ws/install/control_msgs/include/control_msgs/msg/detail/gripper_command__builder.hpp
[2.903s] -- Up-to-date symlink: /home/diego/Workspaces/ros2_control_diffbot_ws/install/control_msgs/include/control_msgs/msg/detail/gripper_command__struct.hpp
[2.903s] -- Up-to-date symlink: /home/diego/Workspaces/ros2_control_diffbot_ws/install/control_msgs/include/control_msgs/msg/detail/gripper_command__traits.hpp
[2.903s] -- Up-to-date symlink: /home/diego/Workspaces/ros2_control_diffbot_ws/install/control_msgs/include/control_msgs/msg/detail/interface_value__builder.hpp
[2.904s] -- Up-to-date symlink: /home/diego/Workspaces/ros2_control_diffbot_ws/install/control_msgs/include/control_msgs/msg/detail/interface_value__struct.hpp
[2.904s] -- Up-to-date symlink: /home/diego/Workspaces/ros2_control_diffbot_ws/install/control_msgs/include/control_msgs/msg/detail/interface_value__traits.hpp
[2.905s] -- Up-to-date symlink: /home/diego/Workspaces/ros2_control_diffbot_ws/install/control_msgs/include/control_msgs/msg/detail/joint_controller_state__builder.hpp
[2.905s] -- Up-to-date symlink: /home/diego/Workspaces/ros2_control_diffbot_ws/install/control_msgs/include/control_msgs/msg/detail/joint_controller_state__struct.hpp
[2.905s] -- Up-to-date symlink: /home/diego/Workspaces/ros2_control_diffbot_ws/install/control_msgs/include/control_msgs/msg/detail/joint_controller_state__traits.hpp
[2.906s] -- Up-to-date symlink: /home/diego/Workspaces/ros2_control_diffbot_ws/install/control_msgs/include/control_msgs/msg/detail/joint_jog__builder.hpp
[2.906s] -- Up-to-date symlink: /home/diego/Workspaces/ros2_control_diffbot_ws/install/control_msgs/include/control_msgs/msg/detail/joint_jog__struct.hpp
[2.907s] -- Up-to-date symlink: /home/diego/Workspaces/ros2_control_diffbot_ws/install/control_msgs/include/control_msgs/msg/detail/joint_jog__traits.hpp
[2.907s] -- Up-to-date symlink: /home/diego/Workspaces/ros2_control_diffbot_ws/install/control_msgs/include/control_msgs/msg/detail/joint_tolerance__builder.hpp
[2.911s] -- Up-to-date symlink: /home/diego/Workspaces/ros2_control_diffbot_ws/install/control_msgs/include/control_msgs/msg/detail/joint_tolerance__struct.hpp
[2.912s] -- Up-to-date symlink: /home/diego/Workspaces/ros2_control_diffbot_ws/install/control_msgs/include/control_msgs/msg/detail/joint_tolerance__traits.hpp
[2.913s] -- Up-to-date symlink: /home/diego/Workspaces/ros2_control_diffbot_ws/install/control_msgs/include/control_msgs/msg/detail/joint_trajectory_controller_state__builder.hpp
[2.914s] -- Up-to-date symlink: /home/diego/Workspaces/ros2_control_diffbot_ws/install/control_msgs/include/control_msgs/msg/detail/joint_trajectory_controller_state__struct.hpp
[2.914s] -- Up-to-date symlink: /home/diego/Workspaces/ros2_control_diffbot_ws/install/control_msgs/include/control_msgs/msg/detail/joint_trajectory_controller_state__traits.hpp
[2.916s] -- Up-to-date symlink: /home/diego/Workspaces/ros2_control_diffbot_ws/install/control_msgs/include/control_msgs/msg/detail/pid_state__builder.hpp
[2.917s] -- Up-to-date symlink: /home/diego/Workspaces/ros2_control_diffbot_ws/install/control_msgs/include/control_msgs/msg/detail/pid_state__struct.hpp
[2.918s] -- Up-to-date symlink: /home/diego/Workspaces/ros2_control_diffbot_ws/install/control_msgs/include/control_msgs/msg/detail/pid_state__traits.hpp
[2.919s] -- Up-to-date symlink: /home/diego/Workspaces/ros2_control_diffbot_ws/install/control_msgs/include/control_msgs/msg/dynamic_joint_state.hpp
[2.920s] -- Up-to-date symlink: /home/diego/Workspaces/ros2_control_diffbot_ws/install/control_msgs/include/control_msgs/msg/gripper_command.hpp
[2.920s] -- Up-to-date symlink: /home/diego/Workspaces/ros2_control_diffbot_ws/install/control_msgs/include/control_msgs/msg/interface_value.hpp
[2.921s] -- Up-to-date symlink: /home/diego/Workspaces/ros2_control_diffbot_ws/install/control_msgs/include/control_msgs/msg/joint_controller_state.hpp
[2.922s] -- Up-to-date symlink: /home/diego/Workspaces/ros2_control_diffbot_ws/install/control_msgs/include/control_msgs/msg/joint_jog.hpp
[2.923s] -- Up-to-date symlink: /home/diego/Workspaces/ros2_control_diffbot_ws/install/control_msgs/include/control_msgs/msg/joint_tolerance.hpp
[2.924s] -- Up-to-date symlink: /home/diego/Workspaces/ros2_control_diffbot_ws/install/control_msgs/include/control_msgs/msg/joint_trajectory_controller_state.hpp
[2.925s] -- Up-to-date symlink: /home/diego/Workspaces/ros2_control_diffbot_ws/install/control_msgs/include/control_msgs/msg/pid_state.hpp
[2.928s] -- Up-to-date symlink: /home/diego/Workspaces/ros2_control_diffbot_ws/install/control_msgs/include/control_msgs/srv/detail/query_calibration_state__builder.hpp
[2.929s] -- Up-to-date symlink: /home/diego/Workspaces/ros2_control_diffbot_ws/install/control_msgs/include/control_msgs/srv/detail/query_calibration_state__struct.hpp
[2.929s] -- Up-to-date symlink: /home/diego/Workspaces/ros2_control_diffbot_ws/install/control_msgs/include/control_msgs/srv/detail/query_calibration_state__traits.hpp
[2.929s] -- Up-to-date symlink: /home/diego/Workspaces/ros2_control_diffbot_ws/install/control_msgs/include/control_msgs/srv/detail/query_trajectory_state__builder.hpp
[2.929s] -- Up-to-date symlink: /home/diego/Workspaces/ros2_control_diffbot_ws/install/control_msgs/include/control_msgs/srv/detail/query_trajectory_state__struct.hpp
[2.929s] -- Up-to-date symlink: /home/diego/Workspaces/ros2_control_diffbot_ws/install/control_msgs/include/control_msgs/srv/detail/query_trajectory_state__traits.hpp
[2.930s] -- Up-to-date symlink: /home/diego/Workspaces/ros2_control_diffbot_ws/install/control_msgs/include/control_msgs/srv/query_calibration_state.hpp
[2.930s] -- Up-to-date symlink: /home/diego/Workspaces/ros2_control_diffbot_ws/install/control_msgs/include/control_msgs/srv/query_trajectory_state.hpp
[2.932s] -- Up-to-date symlink: /home/diego/Workspaces/ros2_control_diffbot_ws/install/control_msgs/include/control_msgs/action/detail/follow_joint_trajectory__rosidl_typesupport_introspection_cpp.hpp
[2.932s] -- Up-to-date symlink: /home/diego/Workspaces/ros2_control_diffbot_ws/install/control_msgs/include/control_msgs/action/detail/gripper_command__rosidl_typesupport_introspection_cpp.hpp
[2.932s] -- Up-to-date symlink: /home/diego/Workspaces/ros2_control_diffbot_ws/install/control_msgs/include/control_msgs/action/detail/joint_trajectory__rosidl_typesupport_introspection_cpp.hpp
[2.933s] -- Up-to-date symlink: /home/diego/Workspaces/ros2_control_diffbot_ws/install/control_msgs/include/control_msgs/action/detail/point_head__rosidl_typesupport_introspection_cpp.hpp
[2.933s] -- Up-to-date symlink: /home/diego/Workspaces/ros2_control_diffbot_ws/install/control_msgs/include/control_msgs/action/detail/single_joint_position__rosidl_typesupport_introspection_cpp.hpp
[2.933s] -- Up-to-date symlink: /home/diego/Workspaces/ros2_control_diffbot_ws/install/control_msgs/include/control_msgs/msg/detail/dynamic_joint_state__rosidl_typesupport_introspection_cpp.hpp
[2.934s] -- Up-to-date symlink: /home/diego/Workspaces/ros2_control_diffbot_ws/install/control_msgs/include/control_msgs/msg/detail/gripper_command__rosidl_typesupport_introspection_cpp.hpp
[2.934s] -- Up-to-date symlink: /home/diego/Workspaces/ros2_control_diffbot_ws/install/control_msgs/include/control_msgs/msg/detail/interface_value__rosidl_typesupport_introspection_cpp.hpp
[2.934s] -- Up-to-date symlink: /home/diego/Workspaces/ros2_control_diffbot_ws/install/control_msgs/include/control_msgs/msg/detail/joint_controller_state__rosidl_typesupport_introspection_cpp.hpp
[2.935s] -- Up-to-date symlink: /home/diego/Workspaces/ros2_control_diffbot_ws/install/control_msgs/include/control_msgs/msg/detail/joint_jog__rosidl_typesupport_introspection_cpp.hpp
[2.935s] -- Up-to-date symlink: /home/diego/Workspaces/ros2_control_diffbot_ws/install/control_msgs/include/control_msgs/msg/detail/joint_tolerance__rosidl_typesupport_introspection_cpp.hpp
[2.935s] -- Up-to-date symlink: /home/diego/Workspaces/ros2_control_diffbot_ws/install/control_msgs/include/control_msgs/msg/detail/joint_trajectory_controller_state__rosidl_typesupport_introspection_cpp.hpp
[2.935s] -- Up-to-date symlink: /home/diego/Workspaces/ros2_control_diffbot_ws/install/control_msgs/include/control_msgs/msg/detail/pid_state__rosidl_typesupport_introspection_cpp.hpp
[2.936s] -- Up-to-date symlink: /home/diego/Workspaces/ros2_control_diffbot_ws/install/control_msgs/include/control_msgs/srv/detail/query_calibration_state__rosidl_typesupport_introspection_cpp.hpp
[2.936s] -- Up-to-date symlink: /home/diego/Workspaces/ros2_control_diffbot_ws/install/control_msgs/include/control_msgs/srv/detail/query_trajectory_state__rosidl_typesupport_introspection_cpp.hpp
[2.936s] -- Up-to-date symlink: /home/diego/Workspaces/ros2_control_diffbot_ws/install/control_msgs/share/control_msgs/environment/pythonpath.sh
[2.937s] -- Up-to-date symlink: /home/diego/Workspaces/ros2_control_diffbot_ws/install/control_msgs/share/control_msgs/environment/pythonpath.dsv
[2.938s] -- Up-to-date symlink: /home/diego/Workspaces/ros2_control_diffbot_ws/install/control_msgs/lib/python3.8/site-packages/control_msgs/__init__.py
[2.939s] -- Up-to-date symlink: /home/diego/Workspaces/ros2_control_diffbot_ws/install/control_msgs/lib/python3.8/site-packages/control_msgs/msg/__init__.py
[2.939s] -- Up-to-date symlink: /home/diego/Workspaces/ros2_control_diffbot_ws/install/control_msgs/lib/python3.8/site-packages/control_msgs/msg/_dynamic_joint_state.py
[2.939s] -- Up-to-date symlink: /home/diego/Workspaces/ros2_control_diffbot_ws/install/control_msgs/lib/python3.8/site-packages/control_msgs/msg/_gripper_command.py
[2.940s] -- Up-to-date symlink: /home/diego/Workspaces/ros2_control_diffbot_ws/install/control_msgs/lib/python3.8/site-packages/control_msgs/msg/_interface_value.py
[2.941s] -- Up-to-date symlink: /home/diego/Workspaces/ros2_control_diffbot_ws/install/control_msgs/lib/python3.8/site-packages/control_msgs/msg/_joint_controller_state.py
[2.942s] -- Up-to-date symlink: /home/diego/Workspaces/ros2_control_diffbot_ws/install/control_msgs/lib/python3.8/site-packages/control_msgs/msg/_joint_jog.py
[2.942s] -- Up-to-date symlink: /home/diego/Workspaces/ros2_control_diffbot_ws/install/control_msgs/lib/python3.8/site-packages/control_msgs/msg/_joint_tolerance.py
[2.942s] -- Up-to-date symlink: /home/diego/Workspaces/ros2_control_diffbot_ws/install/control_msgs/lib/python3.8/site-packages/control_msgs/msg/_joint_trajectory_controller_state.py
[2.943s] -- Up-to-date symlink: /home/diego/Workspaces/ros2_control_diffbot_ws/install/control_msgs/lib/python3.8/site-packages/control_msgs/msg/_pid_state.py
[2.944s] -- Up-to-date symlink: /home/diego/Workspaces/ros2_control_diffbot_ws/install/control_msgs/lib/python3.8/site-packages/control_msgs/srv/__init__.py
[2.945s] -- Up-to-date symlink: /home/diego/Workspaces/ros2_control_diffbot_ws/install/control_msgs/lib/python3.8/site-packages/control_msgs/srv/_query_calibration_state.py
[2.945s] -- Up-to-date symlink: /home/diego/Workspaces/ros2_control_diffbot_ws/install/control_msgs/lib/python3.8/site-packages/control_msgs/srv/_query_trajectory_state.py
[2.946s] -- Up-to-date symlink: /home/diego/Workspaces/ros2_control_diffbot_ws/install/control_msgs/lib/python3.8/site-packages/control_msgs/action/__init__.py
[2.946s] -- Up-to-date symlink: /home/diego/Workspaces/ros2_control_diffbot_ws/install/control_msgs/lib/python3.8/site-packages/control_msgs/action/_follow_joint_trajectory.py
[2.947s] -- Up-to-date symlink: /home/diego/Workspaces/ros2_control_diffbot_ws/install/control_msgs/lib/python3.8/site-packages/control_msgs/action/_gripper_command.py
[2.947s] -- Up-to-date symlink: /home/diego/Workspaces/ros2_control_diffbot_ws/install/control_msgs/lib/python3.8/site-packages/control_msgs/action/_joint_trajectory.py
[2.947s] -- Up-to-date symlink: /home/diego/Workspaces/ros2_control_diffbot_ws/install/control_msgs/lib/python3.8/site-packages/control_msgs/action/_point_head.py
[2.948s] -- Up-to-date symlink: /home/diego/Workspaces/ros2_control_diffbot_ws/install/control_msgs/lib/python3.8/site-packages/control_msgs/action/_single_joint_position.py
[2.953s] -- Up-to-date symlink: /home/diego/Workspaces/ros2_control_diffbot_ws/install/control_msgs/lib/python3.8/site-packages/control_msgs/control_msgs_s__rosidl_typesupport_fastrtps_c.cpython-38-x86_64-linux-gnu.so
[2.954s] -- Up-to-date symlink: /home/diego/Workspaces/ros2_control_diffbot_ws/install/control_msgs/lib/python3.8/site-packages/control_msgs/control_msgs_s__rosidl_typesupport_introspection_c.cpython-38-x86_64-linux-gnu.so
[2.954s] -- Up-to-date symlink: /home/diego/Workspaces/ros2_control_diffbot_ws/install/control_msgs/lib/python3.8/site-packages/control_msgs/control_msgs_s__rosidl_typesupport_c.cpython-38-x86_64-linux-gnu.so
[2.955s] -- Up-to-date symlink: /home/diego/Workspaces/ros2_control_diffbot_ws/install/control_msgs/lib/libcontrol_msgs__python.so
[2.956s] -- Up-to-date symlink: /home/diego/Workspaces/ros2_control_diffbot_ws/install/control_msgs/share/control_msgs/msg/DynamicJointState.idl
[2.956s] -- Up-to-date symlink: /home/diego/Workspaces/ros2_control_diffbot_ws/install/control_msgs/share/control_msgs/msg/GripperCommand.idl
[2.957s] -- Up-to-date symlink: /home/diego/Workspaces/ros2_control_diffbot_ws/install/control_msgs/share/control_msgs/msg/InterfaceValue.idl
[2.957s] -- Up-to-date symlink: /home/diego/Workspaces/ros2_control_diffbot_ws/install/control_msgs/share/control_msgs/msg/JointControllerState.idl
[2.958s] -- Up-to-date symlink: /home/diego/Workspaces/ros2_control_diffbot_ws/install/control_msgs/share/control_msgs/msg/JointJog.idl
[2.959s] -- Up-to-date symlink: /home/diego/Workspaces/ros2_control_diffbot_ws/install/control_msgs/share/control_msgs/msg/JointTolerance.idl
[2.960s] -- Up-to-date symlink: /home/diego/Workspaces/ros2_control_diffbot_ws/install/control_msgs/share/control_msgs/msg/JointTrajectoryControllerState.idl
[2.960s] -- Up-to-date symlink: /home/diego/Workspaces/ros2_control_diffbot_ws/install/control_msgs/share/control_msgs/msg/PidState.idl
[2.961s] -- Up-to-date symlink: /home/diego/Workspaces/ros2_control_diffbot_ws/install/control_msgs/share/control_msgs/srv/QueryCalibrationState.idl
[2.961s] -- Up-to-date symlink: /home/diego/Workspaces/ros2_control_diffbot_ws/install/control_msgs/share/control_msgs/srv/QueryTrajectoryState.idl
[2.962s] -- Up-to-date symlink: /home/diego/Workspaces/ros2_control_diffbot_ws/install/control_msgs/share/control_msgs/action/FollowJointTrajectory.idl
[2.962s] -- Up-to-date symlink: /home/diego/Workspaces/ros2_control_diffbot_ws/install/control_msgs/share/control_msgs/action/GripperCommand.idl
[2.963s] -- Up-to-date symlink: /home/diego/Workspaces/ros2_control_diffbot_ws/install/control_msgs/share/control_msgs/action/JointTrajectory.idl
[2.964s] -- Up-to-date symlink: /home/diego/Workspaces/ros2_control_diffbot_ws/install/control_msgs/share/control_msgs/action/PointHead.idl
[2.965s] -- Up-to-date symlink: /home/diego/Workspaces/ros2_control_diffbot_ws/install/control_msgs/share/control_msgs/action/SingleJointPosition.idl
[2.965s] -- Up-to-date symlink: /home/diego/Workspaces/ros2_control_diffbot_ws/install/control_msgs/share/control_msgs/msg/DynamicJointState.msg
[2.965s] -- Up-to-date symlink: /home/diego/Workspaces/ros2_control_diffbot_ws/install/control_msgs/share/control_msgs/msg/GripperCommand.msg
[2.966s] -- Up-to-date symlink: /home/diego/Workspaces/ros2_control_diffbot_ws/install/control_msgs/share/control_msgs/msg/InterfaceValue.msg
[2.966s] -- Up-to-date symlink: /home/diego/Workspaces/ros2_control_diffbot_ws/install/control_msgs/share/control_msgs/msg/JointControllerState.msg
[2.967s] -- Up-to-date symlink: /home/diego/Workspaces/ros2_control_diffbot_ws/install/control_msgs/share/control_msgs/msg/JointJog.msg
[2.967s] -- Up-to-date symlink: /home/diego/Workspaces/ros2_control_diffbot_ws/install/control_msgs/share/control_msgs/msg/JointTolerance.msg
[2.968s] -- Up-to-date symlink: /home/diego/Workspaces/ros2_control_diffbot_ws/install/control_msgs/share/control_msgs/msg/JointTrajectoryControllerState.msg
[2.969s] -- Up-to-date symlink: /home/diego/Workspaces/ros2_control_diffbot_ws/install/control_msgs/share/control_msgs/msg/PidState.msg
[2.970s] -- Up-to-date symlink: /home/diego/Workspaces/ros2_control_diffbot_ws/install/control_msgs/share/control_msgs/srv/QueryCalibrationState.srv
[2.970s] -- Up-to-date symlink: /home/diego/Workspaces/ros2_control_diffbot_ws/install/control_msgs/share/control_msgs/srv/QueryCalibrationState_Request.msg
[2.971s] -- Up-to-date symlink: /home/diego/Workspaces/ros2_control_diffbot_ws/install/control_msgs/share/control_msgs/srv/QueryCalibrationState_Response.msg
[2.972s] -- Up-to-date symlink: /home/diego/Workspaces/ros2_control_diffbot_ws/install/control_msgs/share/control_msgs/srv/QueryTrajectoryState.srv
[2.972s] -- Up-to-date symlink: /home/diego/Workspaces/ros2_control_diffbot_ws/install/control_msgs/share/control_msgs/srv/QueryTrajectoryState_Request.msg
[2.973s] -- Up-to-date symlink: /home/diego/Workspaces/ros2_control_diffbot_ws/install/control_msgs/share/control_msgs/srv/QueryTrajectoryState_Response.msg
[2.974s] -- Up-to-date symlink: /home/diego/Workspaces/ros2_control_diffbot_ws/install/control_msgs/share/control_msgs/action/FollowJointTrajectory.action
[2.974s] -- Up-to-date symlink: /home/diego/Workspaces/ros2_control_diffbot_ws/install/control_msgs/share/control_msgs/action/GripperCommand.action
[2.976s] -- Up-to-date symlink: /home/diego/Workspaces/ros2_control_diffbot_ws/install/control_msgs/share/control_msgs/action/JointTrajectory.action
[2.977s] -- Up-to-date symlink: /home/diego/Workspaces/ros2_control_diffbot_ws/install/control_msgs/share/control_msgs/action/PointHead.action
[2.978s] -- Up-to-date symlink: /home/diego/Workspaces/ros2_control_diffbot_ws/install/control_msgs/share/control_msgs/action/SingleJointPosition.action
[2.978s] -- Up-to-date symlink: /home/diego/Workspaces/ros2_control_diffbot_ws/install/control_msgs/share/ament_index/resource_index/package_run_dependencies/control_msgs
[2.979s] -- Up-to-date symlink: /home/diego/Workspaces/ros2_control_diffbot_ws/install/control_msgs/share/ament_index/resource_index/parent_prefix_path/control_msgs
[2.980s] -- Up-to-date symlink: /home/diego/Workspaces/ros2_control_diffbot_ws/install/control_msgs/share/control_msgs/environment/ament_prefix_path.sh
[2.980s] -- Up-to-date symlink: /home/diego/Workspaces/ros2_control_diffbot_ws/install/control_msgs/share/control_msgs/environment/ament_prefix_path.dsv
[2.981s] -- Up-to-date symlink: /home/diego/Workspaces/ros2_control_diffbot_ws/install/control_msgs/share/control_msgs/environment/path.sh
[2.982s] -- Up-to-date symlink: /home/diego/Workspaces/ros2_control_diffbot_ws/install/control_msgs/share/control_msgs/environment/path.dsv
[2.982s] -- Up-to-date symlink: /home/diego/Workspaces/ros2_control_diffbot_ws/install/control_msgs/share/control_msgs/local_setup.bash
[2.983s] -- Up-to-date symlink: /home/diego/Workspaces/ros2_control_diffbot_ws/install/control_msgs/share/control_msgs/local_setup.sh
[2.984s] -- Up-to-date symlink: /home/diego/Workspaces/ros2_control_diffbot_ws/install/control_msgs/share/control_msgs/local_setup.zsh
[2.985s] -- Up-to-date symlink: /home/diego/Workspaces/ros2_control_diffbot_ws/install/control_msgs/share/control_msgs/local_setup.dsv
[2.986s] -- Symlinking: /home/diego/Workspaces/ros2_control_diffbot_ws/install/control_msgs/share/control_msgs/package.dsv
[3.029s] -- Up-to-date symlink: /home/diego/Workspaces/ros2_control_diffbot_ws/install/control_msgs/share/ament_index/resource_index/packages/control_msgs
[3.030s] -- Up-to-date symlink: /home/diego/Workspaces/ros2_control_diffbot_ws/install/control_msgs/share/control_msgs/cmake/rosidl_cmake-extras.cmake
[3.030s] -- Up-to-date symlink: /home/diego/Workspaces/ros2_control_diffbot_ws/install/control_msgs/share/control_msgs/cmake/ament_cmake_export_dependencies-extras.cmake
[3.031s] -- Up-to-date symlink: /home/diego/Workspaces/ros2_control_diffbot_ws/install/control_msgs/share/control_msgs/cmake/ament_cmake_export_libraries-extras.cmake
[3.032s] -- Up-to-date symlink: /home/diego/Workspaces/ros2_control_diffbot_ws/install/control_msgs/share/control_msgs/cmake/ament_cmake_export_targets-extras.cmake
[3.032s] -- Up-to-date symlink: /home/diego/Workspaces/ros2_control_diffbot_ws/install/control_msgs/share/control_msgs/cmake/ament_cmake_export_include_directories-extras.cmake
[3.033s] -- Up-to-date symlink: /home/diego/Workspaces/ros2_control_diffbot_ws/install/control_msgs/share/control_msgs/cmake/rosidl_cmake_export_typesupport_libraries-extras.cmake
[3.034s] -- Up-to-date symlink: /home/diego/Workspaces/ros2_control_diffbot_ws/install/control_msgs/share/control_msgs/cmake/rosidl_cmake_export_typesupport_targets-extras.cmake
[3.034s] -- Up-to-date symlink: /home/diego/Workspaces/ros2_control_diffbot_ws/install/control_msgs/share/control_msgs/cmake/control_msgsConfig.cmake
[3.035s] -- Up-to-date symlink: /home/diego/Workspaces/ros2_control_diffbot_ws/install/control_msgs/share/control_msgs/cmake/control_msgsConfig-version.cmake
[3.035s] -- Up-to-date symlink: /home/diego/Workspaces/ros2_control_diffbot_ws/install/control_msgs/share/control_msgs/package.xml
[3.036s] -- Up-to-date: /home/diego/Workspaces/ros2_control_diffbot_ws/install/control_msgs/lib/libcontrol_msgs__rosidl_generator_c.so
[3.037s] -- Up-to-date: /home/diego/Workspaces/ros2_control_diffbot_ws/install/control_msgs/lib/libcontrol_msgs__rosidl_typesupport_introspection_c.so
[3.038s] -- Up-to-date: /home/diego/Workspaces/ros2_control_diffbot_ws/install/control_msgs/lib/libcontrol_msgs__rosidl_typesupport_c.so
[3.038s] -- Up-to-date: /home/diego/Workspaces/ros2_control_diffbot_ws/install/control_msgs/lib/libcontrol_msgs__rosidl_typesupport_introspection_cpp.so
[3.039s] -- Up-to-date: /home/diego/Workspaces/ros2_control_diffbot_ws/install/control_msgs/lib/libcontrol_msgs__rosidl_typesupport_cpp.so
[3.158s] -- Up-to-date: /home/diego/Workspaces/ros2_control_diffbot_ws/install/control_msgs/share/control_msgs/cmake/control_msgs__rosidl_generator_cExport.cmake
[3.159s] -- Up-to-date: /home/diego/Workspaces/ros2_control_diffbot_ws/install/control_msgs/share/control_msgs/cmake/control_msgs__rosidl_generator_cExport-noconfig.cmake
[3.159s] -- Up-to-date: /home/diego/Workspaces/ros2_control_diffbot_ws/install/control_msgs/share/control_msgs/cmake/control_msgs__rosidl_typesupport_introspection_cExport.cmake
[3.160s] -- Up-to-date: /home/diego/Workspaces/ros2_control_diffbot_ws/install/control_msgs/share/control_msgs/cmake/control_msgs__rosidl_typesupport_introspection_cExport-noconfig.cmake
[3.161s] -- Up-to-date: /home/diego/Workspaces/ros2_control_diffbot_ws/install/control_msgs/share/control_msgs/cmake/control_msgs__rosidl_typesupport_cExport.cmake
[3.161s] -- Up-to-date: /home/diego/Workspaces/ros2_control_diffbot_ws/install/control_msgs/share/control_msgs/cmake/control_msgs__rosidl_typesupport_cExport-noconfig.cmake
[3.162s] -- Up-to-date: /home/diego/Workspaces/ros2_control_diffbot_ws/install/control_msgs/share/control_msgs/cmake/control_msgs__rosidl_generator_cppExport.cmake
[3.162s] -- Up-to-date: /home/diego/Workspaces/ros2_control_diffbot_ws/install/control_msgs/share/control_msgs/cmake/control_msgs__rosidl_typesupport_introspection_cppExport.cmake
[3.163s] -- Up-to-date: /home/diego/Workspaces/ros2_control_diffbot_ws/install/control_msgs/share/control_msgs/cmake/control_msgs__rosidl_typesupport_introspection_cppExport-noconfig.cmake
[3.164s] -- Up-to-date: /home/diego/Workspaces/ros2_control_diffbot_ws/install/control_msgs/share/control_msgs/cmake/control_msgs__rosidl_typesupport_cppExport.cmake
[3.164s] -- Up-to-date: /home/diego/Workspaces/ros2_control_diffbot_ws/install/control_msgs/share/control_msgs/cmake/control_msgs__rosidl_typesupport_cppExport-noconfig.cmake
[3.179s] Invoked command in '/home/diego/Workspaces/ros2_control_diffbot_ws/build/control_msgs' returned '0': CMAKE_PREFIX_PATH=${CMAKE_PREFIX_PATH}:/home/diego/Workspaces/ros2_control_diffbot_ws/install/ros2controlcli:/home/diego/Workspaces/ros2_control_diffbot_ws/install/ros2_control_test_nodes:/home/diego/Workspaces/ros2_control_diffbot_ws/install/package_python:/opt/ros/foxy /usr/bin/cmake --install /home/diego/Workspaces/ros2_control_diffbot_ws/build/control_msgs
