[0.078s] Invoking command in '/home/diego/Workspaces/ros2_control_diffbot_ws/src/build/diffbot_description': CMAKE_PREFIX_PATH=${CMAKE_PREFIX_PATH}:/home/diego/Workspaces/ros2_control_diffbot_ws/src/install/ros2controlcli:/home/diego/Workspaces/ros2_control_diffbot_ws/src/install/ros2_control_test_nodes:/home/diego/Workspaces/ros2_control_diffbot_ws/src/install/package_python:/opt/ros/foxy /usr/bin/cmake --build /home/diego/Workspaces/ros2_control_diffbot_ws/src/build/diffbot_description -- -j2 -l2
[0.152s] -- Found ament_cmake: 0.9.9 (/opt/ros/foxy/share/ament_cmake/cmake)
[0.211s] -- Using PYTHON_EXECUTABLE: /usr/bin/python3
[0.883s] -- Configuring done
[0.896s] -- Generating done
[0.898s] -- Build files have been written to: /home/diego/Workspaces/ros2_control_diffbot_ws/src/build/diffbot_description
[0.955s] Invoked command in '/home/diego/Workspaces/ros2_control_diffbot_ws/src/build/diffbot_description' returned '0': CMAKE_PREFIX_PATH=${CMAKE_PREFIX_PATH}:/home/diego/Workspaces/ros2_control_diffbot_ws/src/install/ros2controlcli:/home/diego/Workspaces/ros2_control_diffbot_ws/src/install/ros2_control_test_nodes:/home/diego/Workspaces/ros2_control_diffbot_ws/src/install/package_python:/opt/ros/foxy /usr/bin/cmake --build /home/diego/Workspaces/ros2_control_diffbot_ws/src/build/diffbot_description -- -j2 -l2
[1.050s] Invoking command in '/home/diego/Workspaces/ros2_control_diffbot_ws/src/build/diffbot_description': CMAKE_PREFIX_PATH=${CMAKE_PREFIX_PATH}:/home/diego/Workspaces/ros2_control_diffbot_ws/src/install/ros2controlcli:/home/diego/Workspaces/ros2_control_diffbot_ws/src/install/ros2_control_test_nodes:/home/diego/Workspaces/ros2_control_diffbot_ws/src/install/package_python:/opt/ros/foxy /usr/bin/cmake --install /home/diego/Workspaces/ros2_control_diffbot_ws/src/build/diffbot_description
[1.073s] -- Install configuration: ""
[1.074s] -- Up-to-date: /home/diego/Workspaces/ros2_control_diffbot_ws/src/install/diffbot_description/share/diffbot_description/config
[1.075s] -- Up-to-date: /home/diego/Workspaces/ros2_control_diffbot_ws/src/install/diffbot_description/share/diffbot_description/config/diffbot.rviz
[1.076s] -- Up-to-date: /home/diego/Workspaces/ros2_control_diffbot_ws/src/install/diffbot_description/share/diffbot_description/gazebo
[1.077s] -- Up-to-date: /home/diego/Workspaces/ros2_control_diffbot_ws/src/install/diffbot_description/share/diffbot_description/gazebo/diffbot.gazebo.xacro
[1.077s] -- Up-to-date: /home/diego/Workspaces/ros2_control_diffbot_ws/src/install/diffbot_description/share/diffbot_description/gazebo/diffbot.materials.xacro
[1.077s] -- Up-to-date: /home/diego/Workspaces/ros2_control_diffbot_ws/src/install/diffbot_description/share/diffbot_description/meshes
[1.077s] -- Up-to-date: /home/diego/Workspaces/ros2_control_diffbot_ws/src/install/diffbot_description/share/diffbot_description/meshes/Chasis.stl
[1.077s] -- Up-to-date: /home/diego/Workspaces/ros2_control_diffbot_ws/src/install/diffbot_description/share/diffbot_description/ros2_control
[1.078s] -- Up-to-date: /home/diego/Workspaces/ros2_control_diffbot_ws/src/install/diffbot_description/share/diffbot_description/ros2_control/diffbot_system.ros2_control.xacro
[1.078s] -- Up-to-date: /home/diego/Workspaces/ros2_control_diffbot_ws/src/install/diffbot_description/share/diffbot_description/urdf
[1.078s] -- Up-to-date: /home/diego/Workspaces/ros2_control_diffbot_ws/src/install/diffbot_description/share/diffbot_description/urdf/diffbot_system.urdf.xacro
[1.078s] -- Up-to-date: /home/diego/Workspaces/ros2_control_diffbot_ws/src/install/diffbot_description/share/diffbot_description/urdf/diffboturdforiginal.txt
[1.078s] -- Installing: /home/diego/Workspaces/ros2_control_diffbot_ws/src/install/diffbot_description/share/diffbot_description/urdf/diffbot.urdf.xacro
[1.078s] -- Up-to-date: /home/diego/Workspaces/ros2_control_diffbot_ws/src/install/diffbot_description/share/ament_index/resource_index/package_run_dependencies/diffbot_description
[1.078s] -- Installing: /home/diego/Workspaces/ros2_control_diffbot_ws/src/install/diffbot_description/share/ament_index/resource_index/parent_prefix_path/diffbot_description
[1.079s] -- Up-to-date: /home/diego/Workspaces/ros2_control_diffbot_ws/src/install/diffbot_description/share/diffbot_description/environment/ament_prefix_path.sh
[1.080s] -- Installing: /home/diego/Workspaces/ros2_control_diffbot_ws/src/install/diffbot_description/share/diffbot_description/environment/ament_prefix_path.dsv
[1.080s] -- Up-to-date: /home/diego/Workspaces/ros2_control_diffbot_ws/src/install/diffbot_description/share/diffbot_description/environment/path.sh
[1.080s] -- Installing: /home/diego/Workspaces/ros2_control_diffbot_ws/src/install/diffbot_description/share/diffbot_description/environment/path.dsv
[1.080s] -- Up-to-date: /home/diego/Workspaces/ros2_control_diffbot_ws/src/install/diffbot_description/share/diffbot_description/local_setup.bash
[1.081s] -- Up-to-date: /home/diego/Workspaces/ros2_control_diffbot_ws/src/install/diffbot_description/share/diffbot_description/local_setup.sh
[1.081s] -- Up-to-date: /home/diego/Workspaces/ros2_control_diffbot_ws/src/install/diffbot_description/share/diffbot_description/local_setup.zsh
[1.081s] -- Installing: /home/diego/Workspaces/ros2_control_diffbot_ws/src/install/diffbot_description/share/diffbot_description/local_setup.dsv
[1.082s] -- Installing: /home/diego/Workspaces/ros2_control_diffbot_ws/src/install/diffbot_description/share/diffbot_description/package.dsv
[1.082s] -- Up-to-date: /home/diego/Workspaces/ros2_control_diffbot_ws/src/install/diffbot_description/share/ament_index/resource_index/packages/diffbot_description
[1.082s] -- Up-to-date: /home/diego/Workspaces/ros2_control_diffbot_ws/src/install/diffbot_description/share/diffbot_description/cmake/diffbot_descriptionConfig.cmake
[1.083s] -- Up-to-date: /home/diego/Workspaces/ros2_control_diffbot_ws/src/install/diffbot_description/share/diffbot_description/cmake/diffbot_descriptionConfig-version.cmake
[1.083s] -- Up-to-date: /home/diego/Workspaces/ros2_control_diffbot_ws/src/install/diffbot_description/share/diffbot_description/package.xml
[1.087s] Invoked command in '/home/diego/Workspaces/ros2_control_diffbot_ws/src/build/diffbot_description' returned '0': CMAKE_PREFIX_PATH=${CMAKE_PREFIX_PATH}:/home/diego/Workspaces/ros2_control_diffbot_ws/src/install/ros2controlcli:/home/diego/Workspaces/ros2_control_diffbot_ws/src/install/ros2_control_test_nodes:/home/diego/Workspaces/ros2_control_diffbot_ws/src/install/package_python:/opt/ros/foxy /usr/bin/cmake --install /home/diego/Workspaces/ros2_control_diffbot_ws/src/build/diffbot_description
