[2.095s] Invoking command in '/home/diego/Workspaces/ros2_control_diffbot_ws/src/python_dev/src/package_python': PYTHONPATH=/home/diego/Workspaces/ros2_control_diffbot_ws/install/package_python/lib/python3.8/site-packages:${PYTHONPATH} /usr/bin/python3 setup.py egg_info --egg-base ../../../../build/package_python build --build-base /home/diego/Workspaces/ros2_control_diffbot_ws/build/package_python/build install --prefix /home/diego/Workspaces/ros2_control_diffbot_ws/install/package_python --record /home/diego/Workspaces/ros2_control_diffbot_ws/build/package_python/install.log --single-version-externally-managed
[2.801s] running egg_info
[2.805s] writing ../../../../build/package_python/package_python.egg-info/PKG-INFO
[2.807s] writing dependency_links to ../../../../build/package_python/package_python.egg-info/dependency_links.txt
[2.808s] writing entry points to ../../../../build/package_python/package_python.egg-info/entry_points.txt
[2.810s] writing requirements to ../../../../build/package_python/package_python.egg-info/requires.txt
[2.812s] writing top-level names to ../../../../build/package_python/package_python.egg-info/top_level.txt
[2.922s] reading manifest file '../../../../build/package_python/package_python.egg-info/SOURCES.txt'
[2.927s] writing manifest file '../../../../build/package_python/package_python.egg-info/SOURCES.txt'
[2.929s] running build
[2.929s] running build_py
[2.936s] running install
[2.939s] running install_lib
[2.945s] running install_data
[2.950s] running install_egg_info
[2.955s] removing '/home/diego/Workspaces/ros2_control_diffbot_ws/install/package_python/lib/python3.8/site-packages/package_python-0.0.0-py3.8.egg-info' (and everything under it)
[2.956s] Copying ../../../../build/package_python/package_python.egg-info to /home/diego/Workspaces/ros2_control_diffbot_ws/install/package_python/lib/python3.8/site-packages/package_python-0.0.0-py3.8.egg-info
[2.961s] running install_scripts
[3.022s] Installing nodo_py script to /home/diego/Workspaces/ros2_control_diffbot_ws/install/package_python/lib/package_python
[3.025s] writing list of installed files to '/home/diego/Workspaces/ros2_control_diffbot_ws/build/package_python/install.log'
[3.134s] Invoked command in '/home/diego/Workspaces/ros2_control_diffbot_ws/src/python_dev/src/package_python' returned '0': PYTHONPATH=/home/diego/Workspaces/ros2_control_diffbot_ws/install/package_python/lib/python3.8/site-packages:${PYTHONPATH} /usr/bin/python3 setup.py egg_info --egg-base ../../../../build/package_python build --build-base /home/diego/Workspaces/ros2_control_diffbot_ws/build/package_python/build install --prefix /home/diego/Workspaces/ros2_control_diffbot_ws/install/package_python --record /home/diego/Workspaces/ros2_control_diffbot_ws/build/package_python/install.log --single-version-externally-managed
