[0.098s] Invoking command in '/home/diego/Workspaces/ros2_control_diffbot_ws/build/diffbot_description': CMAKE_PREFIX_PATH=/opt/ros/foxy /usr/bin/cmake --build /home/diego/Workspaces/ros2_control_diffbot_ws/build/diffbot_description -- -j2 -l2
[0.244s] Invoked command in '/home/diego/Workspaces/ros2_control_diffbot_ws/build/diffbot_description' returned '0': CMAKE_PREFIX_PATH=/opt/ros/foxy /usr/bin/cmake --build /home/diego/Workspaces/ros2_control_diffbot_ws/build/diffbot_description -- -j2 -l2
[0.361s] Invoking command in '/home/diego/Workspaces/ros2_control_diffbot_ws/build/diffbot_description': CMAKE_PREFIX_PATH=/opt/ros/foxy /usr/bin/cmake --install /home/diego/Workspaces/ros2_control_diffbot_ws/build/diffbot_description
[0.406s] -- Install configuration: ""
[0.408s] -- Execute custom install script
[0.413s] -- Up-to-date symlink: /home/diego/Workspaces/ros2_control_diffbot_ws/install/diffbot_description/share/diffbot_description/config/diffbot.rviz
[0.416s] -- Up-to-date symlink: /home/diego/Workspaces/ros2_control_diffbot_ws/install/diffbot_description/share/diffbot_description/gazebo/diffbot.gazebo.xacro
[0.418s] -- Up-to-date symlink: /home/diego/Workspaces/ros2_control_diffbot_ws/install/diffbot_description/share/diffbot_description/gazebo/diffbot.materials.xacro
[0.427s] -- Up-to-date symlink: /home/diego/Workspaces/ros2_control_diffbot_ws/install/diffbot_description/share/diffbot_description/ros2_control/diffbot_system.ros2_control.xacro
[0.430s] -- Up-to-date symlink: /home/diego/Workspaces/ros2_control_diffbot_ws/install/diffbot_description/share/diffbot_description/urdf/diffbot.urdf.xacro
[0.432s] -- Up-to-date symlink: /home/diego/Workspaces/ros2_control_diffbot_ws/install/diffbot_description/share/diffbot_description/urdf/diffbot_system.urdf.xacro
[0.433s] -- Symlinking: /home/diego/Workspaces/ros2_control_diffbot_ws/install/diffbot_description/share/diffbot_description/urdf/diffboturdforiginal.txt
[0.469s] -- Up-to-date symlink: /home/diego/Workspaces/ros2_control_diffbot_ws/install/diffbot_description/share/ament_index/resource_index/package_run_dependencies/diffbot_description
[0.472s] -- Up-to-date symlink: /home/diego/Workspaces/ros2_control_diffbot_ws/install/diffbot_description/share/ament_index/resource_index/parent_prefix_path/diffbot_description
[0.473s] -- Up-to-date symlink: /home/diego/Workspaces/ros2_control_diffbot_ws/install/diffbot_description/share/diffbot_description/environment/ament_prefix_path.sh
[0.484s] -- Up-to-date symlink: /home/diego/Workspaces/ros2_control_diffbot_ws/install/diffbot_description/share/diffbot_description/environment/ament_prefix_path.dsv
[0.484s] -- Up-to-date symlink: /home/diego/Workspaces/ros2_control_diffbot_ws/install/diffbot_description/share/diffbot_description/environment/path.sh
[0.484s] -- Up-to-date symlink: /home/diego/Workspaces/ros2_control_diffbot_ws/install/diffbot_description/share/diffbot_description/environment/path.dsv
[0.484s] -- Up-to-date symlink: /home/diego/Workspaces/ros2_control_diffbot_ws/install/diffbot_description/share/diffbot_description/local_setup.bash
[0.485s] -- Up-to-date symlink: /home/diego/Workspaces/ros2_control_diffbot_ws/install/diffbot_description/share/diffbot_description/local_setup.sh
[0.485s] -- Up-to-date symlink: /home/diego/Workspaces/ros2_control_diffbot_ws/install/diffbot_description/share/diffbot_description/local_setup.zsh
[0.486s] -- Up-to-date symlink: /home/diego/Workspaces/ros2_control_diffbot_ws/install/diffbot_description/share/diffbot_description/local_setup.dsv
[0.487s] -- Symlinking: /home/diego/Workspaces/ros2_control_diffbot_ws/install/diffbot_description/share/diffbot_description/package.dsv
[0.514s] -- Up-to-date symlink: /home/diego/Workspaces/ros2_control_diffbot_ws/install/diffbot_description/share/ament_index/resource_index/packages/diffbot_description
[0.516s] -- Up-to-date symlink: /home/diego/Workspaces/ros2_control_diffbot_ws/install/diffbot_description/share/diffbot_description/cmake/diffbot_descriptionConfig.cmake
[0.517s] -- Up-to-date symlink: /home/diego/Workspaces/ros2_control_diffbot_ws/install/diffbot_description/share/diffbot_description/cmake/diffbot_descriptionConfig-version.cmake
[0.519s] -- Up-to-date symlink: /home/diego/Workspaces/ros2_control_diffbot_ws/install/diffbot_description/share/diffbot_description/package.xml
[0.532s] Invoked command in '/home/diego/Workspaces/ros2_control_diffbot_ws/build/diffbot_description' returned '0': CMAKE_PREFIX_PATH=/opt/ros/foxy /usr/bin/cmake --install /home/diego/Workspaces/ros2_control_diffbot_ws/build/diffbot_description
