[0.138s] Invoking command in '/home/diego/Workspaces/ros2_control_diffbot_ws/build/control_msgs': CMAKE_PREFIX_PATH=/opt/ros/foxy /usr/bin/cmake --build /home/diego/Workspaces/ros2_control_diffbot_ws/build/control_msgs -- -j2 -l2
[0.643s] [  0%] Built target control_msgs__cpp
[0.661s] [ 12%] Built target control_msgs__rosidl_generator_c
[0.878s] [ 24%] Built target control_msgs__rosidl_typesupport_cpp
[0.912s] [ 36%] Built target control_msgs__rosidl_typesupport_fastrtps_cpp
[1.088s] [ 48%] Built target control_msgs__rosidl_typesupport_c
[1.155s] [ 60%] Built target control_msgs__rosidl_typesupport_introspection_c
[1.287s] [ 72%] Built target control_msgs__rosidl_typesupport_introspection_cpp
[1.333s] [ 84%] Built target control_msgs__rosidl_typesupport_fastrtps_c
[1.405s] [ 84%] Built target control_msgs
[1.583s] [ 85%] Built target control_msgs__py
[1.809s] [ 96%] Built target control_msgs__python
[1.963s] [ 97%] Built target control_msgs__rosidl_typesupport_c__pyext
[2.000s] [ 99%] Built target control_msgs__rosidl_typesupport_introspection_c__pyext
[2.169s] [100%] Built target control_msgs__rosidl_typesupport_fastrtps_c__pyext
[2.309s] Invoked command in '/home/diego/Workspaces/ros2_control_diffbot_ws/build/control_msgs' returned '0': CMAKE_PREFIX_PATH=/opt/ros/foxy /usr/bin/cmake --build /home/diego/Workspaces/ros2_control_diffbot_ws/build/control_msgs -- -j2 -l2
[5.332s] Invoking command in '/home/diego/Workspaces/ros2_control_diffbot_ws/build/control_msgs': CMAKE_PREFIX_PATH=/opt/ros/foxy /usr/bin/cmake --install /home/diego/Workspaces/ros2_control_diffbot_ws/build/control_msgs
[5.387s] -- Install configuration: ""
[5.396s] -- Execute custom install script
[5.401s] -- Up-to-date symlink: /home/diego/Workspaces/ros2_control_diffbot_ws/install/control_msgs/share/ament_index/resource_index/rosidl_interfaces/control_msgs
[5.422s] -- Up-to-date symlink: /home/diego/Workspaces/ros2_control_diffbot_ws/install/control_msgs/include/control_msgs/action/detail/follow_joint_trajectory__functions.h
[5.428s] -- Up-to-date symlink: /home/diego/Workspaces/ros2_control_diffbot_ws/install/control_msgs/include/control_msgs/action/detail/follow_joint_trajectory__struct.h
[5.433s] -- Up-to-date symlink: /home/diego/Workspaces/ros2_control_diffbot_ws/install/control_msgs/include/control_msgs/action/detail/follow_joint_trajectory__type_support.h
[5.436s] -- Up-to-date symlink: /home/diego/Workspaces/ros2_control_diffbot_ws/install/control_msgs/include/control_msgs/action/detail/gripper_command__functions.h
[5.442s] -- Up-to-date symlink: /home/diego/Workspaces/ros2_control_diffbot_ws/install/control_msgs/include/control_msgs/action/detail/gripper_command__struct.h
[5.447s] -- Up-to-date symlink: /home/diego/Workspaces/ros2_control_diffbot_ws/install/control_msgs/include/control_msgs/action/detail/gripper_command__type_support.h
[5.461s] -- Up-to-date symlink: /home/diego/Workspaces/ros2_control_diffbot_ws/install/control_msgs/include/control_msgs/action/detail/joint_trajectory__functions.h
[5.462s] -- Up-to-date symlink: /home/diego/Workspaces/ros2_control_diffbot_ws/install/control_msgs/include/control_msgs/action/detail/joint_trajectory__struct.h
[5.462s] -- Up-to-date symlink: /home/diego/Workspaces/ros2_control_diffbot_ws/install/control_msgs/include/control_msgs/action/detail/joint_trajectory__type_support.h
[5.469s] -- Up-to-date symlink: /home/diego/Workspaces/ros2_control_diffbot_ws/install/control_msgs/include/control_msgs/action/detail/point_head__functions.h
[5.478s] -- Up-to-date symlink: /home/diego/Workspaces/ros2_control_diffbot_ws/install/control_msgs/include/control_msgs/action/detail/point_head__struct.h
[5.479s] -- Up-to-date symlink: /home/diego/Workspaces/ros2_control_diffbot_ws/install/control_msgs/include/control_msgs/action/detail/point_head__type_support.h
[5.484s] -- Up-to-date symlink: /home/diego/Workspaces/ros2_control_diffbot_ws/install/control_msgs/include/control_msgs/action/detail/single_joint_position__functions.h
[5.493s] -- Up-to-date symlink: /home/diego/Workspaces/ros2_control_diffbot_ws/install/control_msgs/include/control_msgs/action/detail/single_joint_position__struct.h
[5.493s] -- Up-to-date symlink: /home/diego/Workspaces/ros2_control_diffbot_ws/install/control_msgs/include/control_msgs/action/detail/single_joint_position__type_support.h
[5.497s] -- Up-to-date symlink: /home/diego/Workspaces/ros2_control_diffbot_ws/install/control_msgs/include/control_msgs/action/follow_joint_trajectory.h
[5.510s] -- Up-to-date symlink: /home/diego/Workspaces/ros2_control_diffbot_ws/install/control_msgs/include/control_msgs/action/gripper_command.h
[5.511s] -- Up-to-date symlink: /home/diego/Workspaces/ros2_control_diffbot_ws/install/control_msgs/include/control_msgs/action/joint_trajectory.h
[5.521s] -- Up-to-date symlink: /home/diego/Workspaces/ros2_control_diffbot_ws/install/control_msgs/include/control_msgs/action/point_head.h
[5.522s] -- Up-to-date symlink: /home/diego/Workspaces/ros2_control_diffbot_ws/install/control_msgs/include/control_msgs/action/single_joint_position.h
[5.522s] -- Up-to-date symlink: /home/diego/Workspaces/ros2_control_diffbot_ws/install/control_msgs/include/control_msgs/msg/detail/dynamic_joint_state__functions.h
[5.530s] -- Up-to-date symlink: /home/diego/Workspaces/ros2_control_diffbot_ws/install/control_msgs/include/control_msgs/msg/detail/dynamic_joint_state__struct.h
[5.531s] -- Up-to-date symlink: /home/diego/Workspaces/ros2_control_diffbot_ws/install/control_msgs/include/control_msgs/msg/detail/dynamic_joint_state__type_support.h
[5.531s] -- Up-to-date symlink: /home/diego/Workspaces/ros2_control_diffbot_ws/install/control_msgs/include/control_msgs/msg/detail/gripper_command__functions.h
[5.532s] -- Up-to-date symlink: /home/diego/Workspaces/ros2_control_diffbot_ws/install/control_msgs/include/control_msgs/msg/detail/gripper_command__struct.h
[5.538s] -- Up-to-date symlink: /home/diego/Workspaces/ros2_control_diffbot_ws/install/control_msgs/include/control_msgs/msg/detail/gripper_command__type_support.h
[5.543s] -- Up-to-date symlink: /home/diego/Workspaces/ros2_control_diffbot_ws/install/control_msgs/include/control_msgs/msg/detail/interface_value__functions.h
[5.544s] -- Up-to-date symlink: /home/diego/Workspaces/ros2_control_diffbot_ws/install/control_msgs/include/control_msgs/msg/detail/interface_value__struct.h
[5.544s] -- Up-to-date symlink: /home/diego/Workspaces/ros2_control_diffbot_ws/install/control_msgs/include/control_msgs/msg/detail/interface_value__type_support.h
[5.554s] -- Up-to-date symlink: /home/diego/Workspaces/ros2_control_diffbot_ws/install/control_msgs/include/control_msgs/msg/detail/joint_controller_state__functions.h
[5.554s] -- Up-to-date symlink: /home/diego/Workspaces/ros2_control_diffbot_ws/install/control_msgs/include/control_msgs/msg/detail/joint_controller_state__struct.h
[5.559s] -- Up-to-date symlink: /home/diego/Workspaces/ros2_control_diffbot_ws/install/control_msgs/include/control_msgs/msg/detail/joint_controller_state__type_support.h
[5.560s] -- Up-to-date symlink: /home/diego/Workspaces/ros2_control_diffbot_ws/install/control_msgs/include/control_msgs/msg/detail/joint_jog__functions.h
[5.561s] -- Up-to-date symlink: /home/diego/Workspaces/ros2_control_diffbot_ws/install/control_msgs/include/control_msgs/msg/detail/joint_jog__struct.h
[5.567s] -- Up-to-date symlink: /home/diego/Workspaces/ros2_control_diffbot_ws/install/control_msgs/include/control_msgs/msg/detail/joint_jog__type_support.h
[5.574s] -- Up-to-date symlink: /home/diego/Workspaces/ros2_control_diffbot_ws/install/control_msgs/include/control_msgs/msg/detail/joint_tolerance__functions.h
[5.577s] -- Up-to-date symlink: /home/diego/Workspaces/ros2_control_diffbot_ws/install/control_msgs/include/control_msgs/msg/detail/joint_tolerance__struct.h
[5.580s] -- Up-to-date symlink: /home/diego/Workspaces/ros2_control_diffbot_ws/install/control_msgs/include/control_msgs/msg/detail/joint_tolerance__type_support.h
[5.592s] -- Up-to-date symlink: /home/diego/Workspaces/ros2_control_diffbot_ws/install/control_msgs/include/control_msgs/msg/detail/joint_trajectory_controller_state__functions.h
[5.594s] -- Up-to-date symlink: /home/diego/Workspaces/ros2_control_diffbot_ws/install/control_msgs/include/control_msgs/msg/detail/joint_trajectory_controller_state__struct.h
[5.594s] -- Up-to-date symlink: /home/diego/Workspaces/ros2_control_diffbot_ws/install/control_msgs/include/control_msgs/msg/detail/joint_trajectory_controller_state__type_support.h
[5.595s] -- Up-to-date symlink: /home/diego/Workspaces/ros2_control_diffbot_ws/install/control_msgs/include/control_msgs/msg/detail/pid_state__functions.h
[5.595s] -- Up-to-date symlink: /home/diego/Workspaces/ros2_control_diffbot_ws/install/control_msgs/include/control_msgs/msg/detail/pid_state__struct.h
[5.595s] -- Up-to-date symlink: /home/diego/Workspaces/ros2_control_diffbot_ws/install/control_msgs/include/control_msgs/msg/detail/pid_state__type_support.h
[5.597s] -- Up-to-date symlink: /home/diego/Workspaces/ros2_control_diffbot_ws/install/control_msgs/include/control_msgs/msg/dynamic_joint_state.h
[5.600s] -- Up-to-date symlink: /home/diego/Workspaces/ros2_control_diffbot_ws/install/control_msgs/include/control_msgs/msg/gripper_command.h
[5.613s] -- Up-to-date symlink: /home/diego/Workspaces/ros2_control_diffbot_ws/install/control_msgs/include/control_msgs/msg/interface_value.h
[5.613s] -- Up-to-date symlink: /home/diego/Workspaces/ros2_control_diffbot_ws/install/control_msgs/include/control_msgs/msg/joint_controller_state.h
[5.615s] -- Up-to-date symlink: /home/diego/Workspaces/ros2_control_diffbot_ws/install/control_msgs/include/control_msgs/msg/joint_jog.h
[5.615s] -- Up-to-date symlink: /home/diego/Workspaces/ros2_control_diffbot_ws/install/control_msgs/include/control_msgs/msg/joint_tolerance.h
[5.621s] -- Up-to-date symlink: /home/diego/Workspaces/ros2_control_diffbot_ws/install/control_msgs/include/control_msgs/msg/joint_trajectory_controller_state.h
[5.622s] -- Up-to-date symlink: /home/diego/Workspaces/ros2_control_diffbot_ws/install/control_msgs/include/control_msgs/msg/pid_state.h
[5.624s] -- Up-to-date symlink: /home/diego/Workspaces/ros2_control_diffbot_ws/install/control_msgs/include/control_msgs/msg/rosidl_generator_c__visibility_control.h
[5.626s] -- Up-to-date symlink: /home/diego/Workspaces/ros2_control_diffbot_ws/install/control_msgs/include/control_msgs/srv/detail/query_calibration_state__functions.h
[5.628s] -- Up-to-date symlink: /home/diego/Workspaces/ros2_control_diffbot_ws/install/control_msgs/include/control_msgs/srv/detail/query_calibration_state__struct.h
[5.633s] -- Up-to-date symlink: /home/diego/Workspaces/ros2_control_diffbot_ws/install/control_msgs/include/control_msgs/srv/detail/query_calibration_state__type_support.h
[5.633s] -- Up-to-date symlink: /home/diego/Workspaces/ros2_control_diffbot_ws/install/control_msgs/include/control_msgs/srv/detail/query_trajectory_state__functions.h
[5.634s] -- Up-to-date symlink: /home/diego/Workspaces/ros2_control_diffbot_ws/install/control_msgs/include/control_msgs/srv/detail/query_trajectory_state__struct.h
[5.641s] -- Up-to-date symlink: /home/diego/Workspaces/ros2_control_diffbot_ws/install/control_msgs/include/control_msgs/srv/detail/query_trajectory_state__type_support.h
[5.641s] -- Up-to-date symlink: /home/diego/Workspaces/ros2_control_diffbot_ws/install/control_msgs/include/control_msgs/srv/query_calibration_state.h
[5.644s] -- Up-to-date symlink: /home/diego/Workspaces/ros2_control_diffbot_ws/install/control_msgs/include/control_msgs/srv/query_trajectory_state.h
[5.649s] -- Up-to-date symlink: /home/diego/Workspaces/ros2_control_diffbot_ws/install/control_msgs/share/control_msgs/environment/library_path.sh
[5.649s] -- Up-to-date symlink: /home/diego/Workspaces/ros2_control_diffbot_ws/install/control_msgs/share/control_msgs/environment/library_path.dsv
[5.655s] -- Up-to-date symlink: /home/diego/Workspaces/ros2_control_diffbot_ws/install/control_msgs/include/control_msgs/action/detail/follow_joint_trajectory__rosidl_typesupport_fastrtps_c.h
[5.657s] -- Up-to-date symlink: /home/diego/Workspaces/ros2_control_diffbot_ws/install/control_msgs/include/control_msgs/action/detail/gripper_command__rosidl_typesupport_fastrtps_c.h
[5.660s] -- Up-to-date symlink: /home/diego/Workspaces/ros2_control_diffbot_ws/install/control_msgs/include/control_msgs/action/detail/joint_trajectory__rosidl_typesupport_fastrtps_c.h
[5.661s] -- Up-to-date symlink: /home/diego/Workspaces/ros2_control_diffbot_ws/install/control_msgs/include/control_msgs/action/detail/point_head__rosidl_typesupport_fastrtps_c.h
[5.664s] -- Up-to-date symlink: /home/diego/Workspaces/ros2_control_diffbot_ws/install/control_msgs/include/control_msgs/action/detail/single_joint_position__rosidl_typesupport_fastrtps_c.h
[5.667s] -- Up-to-date symlink: /home/diego/Workspaces/ros2_control_diffbot_ws/install/control_msgs/include/control_msgs/msg/detail/dynamic_joint_state__rosidl_typesupport_fastrtps_c.h
[5.669s] -- Up-to-date symlink: /home/diego/Workspaces/ros2_control_diffbot_ws/install/control_msgs/include/control_msgs/msg/detail/gripper_command__rosidl_typesupport_fastrtps_c.h
[5.671s] -- Up-to-date symlink: /home/diego/Workspaces/ros2_control_diffbot_ws/install/control_msgs/include/control_msgs/msg/detail/interface_value__rosidl_typesupport_fastrtps_c.h
[5.676s] -- Up-to-date symlink: /home/diego/Workspaces/ros2_control_diffbot_ws/install/control_msgs/include/control_msgs/msg/detail/joint_controller_state__rosidl_typesupport_fastrtps_c.h
[5.677s] -- Up-to-date symlink: /home/diego/Workspaces/ros2_control_diffbot_ws/install/control_msgs/include/control_msgs/msg/detail/joint_jog__rosidl_typesupport_fastrtps_c.h
[5.680s] -- Up-to-date symlink: /home/diego/Workspaces/ros2_control_diffbot_ws/install/control_msgs/include/control_msgs/msg/detail/joint_tolerance__rosidl_typesupport_fastrtps_c.h
[5.681s] -- Up-to-date symlink: /home/diego/Workspaces/ros2_control_diffbot_ws/install/control_msgs/include/control_msgs/msg/detail/joint_trajectory_controller_state__rosidl_typesupport_fastrtps_c.h
[5.683s] -- Up-to-date symlink: /home/diego/Workspaces/ros2_control_diffbot_ws/install/control_msgs/include/control_msgs/msg/detail/pid_state__rosidl_typesupport_fastrtps_c.h
[5.685s] -- Up-to-date symlink: /home/diego/Workspaces/ros2_control_diffbot_ws/install/control_msgs/include/control_msgs/msg/rosidl_typesupport_fastrtps_c__visibility_control.h
[5.687s] -- Up-to-date symlink: /home/diego/Workspaces/ros2_control_diffbot_ws/install/control_msgs/include/control_msgs/srv/detail/query_calibration_state__rosidl_typesupport_fastrtps_c.h
[5.695s] -- Up-to-date symlink: /home/diego/Workspaces/ros2_control_diffbot_ws/install/control_msgs/include/control_msgs/srv/detail/query_trajectory_state__rosidl_typesupport_fastrtps_c.h
[5.699s] -- Up-to-date symlink: /home/diego/Workspaces/ros2_control_diffbot_ws/install/control_msgs/lib/libcontrol_msgs__rosidl_typesupport_fastrtps_c.so
[5.710s] -- Up-to-date symlink: /home/diego/Workspaces/ros2_control_diffbot_ws/install/control_msgs/include/control_msgs/action/detail/follow_joint_trajectory__rosidl_typesupport_fastrtps_cpp.hpp
[5.712s] -- Up-to-date symlink: /home/diego/Workspaces/ros2_control_diffbot_ws/install/control_msgs/include/control_msgs/action/detail/gripper_command__rosidl_typesupport_fastrtps_cpp.hpp
[5.714s] -- Up-to-date symlink: /home/diego/Workspaces/ros2_control_diffbot_ws/install/control_msgs/include/control_msgs/action/detail/joint_trajectory__rosidl_typesupport_fastrtps_cpp.hpp
[5.716s] -- Up-to-date symlink: /home/diego/Workspaces/ros2_control_diffbot_ws/install/control_msgs/include/control_msgs/action/detail/point_head__rosidl_typesupport_fastrtps_cpp.hpp
[5.718s] -- Up-to-date symlink: /home/diego/Workspaces/ros2_control_diffbot_ws/install/control_msgs/include/control_msgs/action/detail/single_joint_position__rosidl_typesupport_fastrtps_cpp.hpp
[5.720s] -- Up-to-date symlink: /home/diego/Workspaces/ros2_control_diffbot_ws/install/control_msgs/include/control_msgs/msg/detail/dynamic_joint_state__rosidl_typesupport_fastrtps_cpp.hpp
[5.723s] -- Up-to-date symlink: /home/diego/Workspaces/ros2_control_diffbot_ws/install/control_msgs/include/control_msgs/msg/detail/gripper_command__rosidl_typesupport_fastrtps_cpp.hpp
[5.725s] -- Up-to-date symlink: /home/diego/Workspaces/ros2_control_diffbot_ws/install/control_msgs/include/control_msgs/msg/detail/interface_value__rosidl_typesupport_fastrtps_cpp.hpp
[5.727s] -- Up-to-date symlink: /home/diego/Workspaces/ros2_control_diffbot_ws/install/control_msgs/include/control_msgs/msg/detail/joint_controller_state__rosidl_typesupport_fastrtps_cpp.hpp
[5.729s] -- Up-to-date symlink: /home/diego/Workspaces/ros2_control_diffbot_ws/install/control_msgs/include/control_msgs/msg/detail/joint_jog__rosidl_typesupport_fastrtps_cpp.hpp
[5.730s] -- Up-to-date symlink: /home/diego/Workspaces/ros2_control_diffbot_ws/install/control_msgs/include/control_msgs/msg/detail/joint_tolerance__rosidl_typesupport_fastrtps_cpp.hpp
[5.732s] -- Up-to-date symlink: /home/diego/Workspaces/ros2_control_diffbot_ws/install/control_msgs/include/control_msgs/msg/detail/joint_trajectory_controller_state__rosidl_typesupport_fastrtps_cpp.hpp
[5.734s] -- Up-to-date symlink: /home/diego/Workspaces/ros2_control_diffbot_ws/install/control_msgs/include/control_msgs/msg/detail/pid_state__rosidl_typesupport_fastrtps_cpp.hpp
[5.737s] -- Up-to-date symlink: /home/diego/Workspaces/ros2_control_diffbot_ws/install/control_msgs/include/control_msgs/msg/rosidl_typesupport_fastrtps_cpp__visibility_control.h
[5.739s] -- Up-to-date symlink: /home/diego/Workspaces/ros2_control_diffbot_ws/install/control_msgs/include/control_msgs/srv/detail/query_calibration_state__rosidl_typesupport_fastrtps_cpp.hpp
[5.742s] -- Up-to-date symlink: /home/diego/Workspaces/ros2_control_diffbot_ws/install/control_msgs/include/control_msgs/srv/detail/query_trajectory_state__rosidl_typesupport_fastrtps_cpp.hpp
[5.745s] -- Up-to-date symlink: /home/diego/Workspaces/ros2_control_diffbot_ws/install/control_msgs/lib/libcontrol_msgs__rosidl_typesupport_fastrtps_cpp.so
[5.750s] -- Up-to-date symlink: /home/diego/Workspaces/ros2_control_diffbot_ws/install/control_msgs/include/control_msgs/action/detail/follow_joint_trajectory__rosidl_typesupport_introspection_c.h
[5.752s] -- Up-to-date symlink: /home/diego/Workspaces/ros2_control_diffbot_ws/install/control_msgs/include/control_msgs/action/detail/gripper_command__rosidl_typesupport_introspection_c.h
[5.754s] -- Up-to-date symlink: /home/diego/Workspaces/ros2_control_diffbot_ws/install/control_msgs/include/control_msgs/action/detail/joint_trajectory__rosidl_typesupport_introspection_c.h
[5.756s] -- Up-to-date symlink: /home/diego/Workspaces/ros2_control_diffbot_ws/install/control_msgs/include/control_msgs/action/detail/point_head__rosidl_typesupport_introspection_c.h
[5.759s] -- Up-to-date symlink: /home/diego/Workspaces/ros2_control_diffbot_ws/install/control_msgs/include/control_msgs/action/detail/single_joint_position__rosidl_typesupport_introspection_c.h
[5.761s] -- Up-to-date symlink: /home/diego/Workspaces/ros2_control_diffbot_ws/install/control_msgs/include/control_msgs/msg/detail/dynamic_joint_state__rosidl_typesupport_introspection_c.h
[5.763s] -- Up-to-date symlink: /home/diego/Workspaces/ros2_control_diffbot_ws/install/control_msgs/include/control_msgs/msg/detail/gripper_command__rosidl_typesupport_introspection_c.h
[5.767s] -- Up-to-date symlink: /home/diego/Workspaces/ros2_control_diffbot_ws/install/control_msgs/include/control_msgs/msg/detail/interface_value__rosidl_typesupport_introspection_c.h
[5.769s] -- Up-to-date symlink: /home/diego/Workspaces/ros2_control_diffbot_ws/install/control_msgs/include/control_msgs/msg/detail/joint_controller_state__rosidl_typesupport_introspection_c.h
[5.771s] -- Up-to-date symlink: /home/diego/Workspaces/ros2_control_diffbot_ws/install/control_msgs/include/control_msgs/msg/detail/joint_jog__rosidl_typesupport_introspection_c.h
[5.773s] -- Up-to-date symlink: /home/diego/Workspaces/ros2_control_diffbot_ws/install/control_msgs/include/control_msgs/msg/detail/joint_tolerance__rosidl_typesupport_introspection_c.h
[5.775s] -- Up-to-date symlink: /home/diego/Workspaces/ros2_control_diffbot_ws/install/control_msgs/include/control_msgs/msg/detail/joint_trajectory_controller_state__rosidl_typesupport_introspection_c.h
[5.777s] -- Up-to-date symlink: /home/diego/Workspaces/ros2_control_diffbot_ws/install/control_msgs/include/control_msgs/msg/detail/pid_state__rosidl_typesupport_introspection_c.h
[5.779s] -- Up-to-date symlink: /home/diego/Workspaces/ros2_control_diffbot_ws/install/control_msgs/include/control_msgs/msg/rosidl_typesupport_introspection_c__visibility_control.h
[5.780s] -- Up-to-date symlink: /home/diego/Workspaces/ros2_control_diffbot_ws/install/control_msgs/include/control_msgs/srv/detail/query_calibration_state__rosidl_typesupport_introspection_c.h
[5.782s] -- Up-to-date symlink: /home/diego/Workspaces/ros2_control_diffbot_ws/install/control_msgs/include/control_msgs/srv/detail/query_trajectory_state__rosidl_typesupport_introspection_c.h
[5.786s] -- Up-to-date symlink: /home/diego/Workspaces/ros2_control_diffbot_ws/install/control_msgs/include/control_msgs/action/detail/follow_joint_trajectory__builder.hpp
[5.788s] -- Up-to-date symlink: /home/diego/Workspaces/ros2_control_diffbot_ws/install/control_msgs/include/control_msgs/action/detail/follow_joint_trajectory__struct.hpp
[5.790s] -- Up-to-date symlink: /home/diego/Workspaces/ros2_control_diffbot_ws/install/control_msgs/include/control_msgs/action/detail/follow_joint_trajectory__traits.hpp
[5.794s] -- Up-to-date symlink: /home/diego/Workspaces/ros2_control_diffbot_ws/install/control_msgs/include/control_msgs/action/detail/gripper_command__builder.hpp
[5.797s] -- Up-to-date symlink: /home/diego/Workspaces/ros2_control_diffbot_ws/install/control_msgs/include/control_msgs/action/detail/gripper_command__struct.hpp
[5.798s] -- Up-to-date symlink: /home/diego/Workspaces/ros2_control_diffbot_ws/install/control_msgs/include/control_msgs/action/detail/gripper_command__traits.hpp
[5.800s] -- Up-to-date symlink: /home/diego/Workspaces/ros2_control_diffbot_ws/install/control_msgs/include/control_msgs/action/detail/joint_trajectory__builder.hpp
[5.805s] -- Up-to-date symlink: /home/diego/Workspaces/ros2_control_diffbot_ws/install/control_msgs/include/control_msgs/action/detail/joint_trajectory__struct.hpp
[5.809s] -- Up-to-date symlink: /home/diego/Workspaces/ros2_control_diffbot_ws/install/control_msgs/include/control_msgs/action/detail/joint_trajectory__traits.hpp
[5.810s] -- Up-to-date symlink: /home/diego/Workspaces/ros2_control_diffbot_ws/install/control_msgs/include/control_msgs/action/detail/point_head__builder.hpp
[5.812s] -- Up-to-date symlink: /home/diego/Workspaces/ros2_control_diffbot_ws/install/control_msgs/include/control_msgs/action/detail/point_head__struct.hpp
[5.814s] -- Up-to-date symlink: /home/diego/Workspaces/ros2_control_diffbot_ws/install/control_msgs/include/control_msgs/action/detail/point_head__traits.hpp
[5.816s] -- Up-to-date symlink: /home/diego/Workspaces/ros2_control_diffbot_ws/install/control_msgs/include/control_msgs/action/detail/single_joint_position__builder.hpp
[5.817s] -- Up-to-date symlink: /home/diego/Workspaces/ros2_control_diffbot_ws/install/control_msgs/include/control_msgs/action/detail/single_joint_position__struct.hpp
[5.823s] -- Up-to-date symlink: /home/diego/Workspaces/ros2_control_diffbot_ws/install/control_msgs/include/control_msgs/action/detail/single_joint_position__traits.hpp
[5.828s] -- Up-to-date symlink: /home/diego/Workspaces/ros2_control_diffbot_ws/install/control_msgs/include/control_msgs/action/follow_joint_trajectory.hpp
[5.834s] -- Up-to-date symlink: /home/diego/Workspaces/ros2_control_diffbot_ws/install/control_msgs/include/control_msgs/action/gripper_command.hpp
[5.843s] -- Up-to-date symlink: /home/diego/Workspaces/ros2_control_diffbot_ws/install/control_msgs/include/control_msgs/action/joint_trajectory.hpp
[5.846s] -- Up-to-date symlink: /home/diego/Workspaces/ros2_control_diffbot_ws/install/control_msgs/include/control_msgs/action/point_head.hpp
[5.848s] -- Up-to-date symlink: /home/diego/Workspaces/ros2_control_diffbot_ws/install/control_msgs/include/control_msgs/action/single_joint_position.hpp
[5.851s] -- Up-to-date symlink: /home/diego/Workspaces/ros2_control_diffbot_ws/install/control_msgs/include/control_msgs/msg/detail/dynamic_joint_state__builder.hpp
[5.859s] -- Up-to-date symlink: /home/diego/Workspaces/ros2_control_diffbot_ws/install/control_msgs/include/control_msgs/msg/detail/dynamic_joint_state__struct.hpp
[5.863s] -- Up-to-date symlink: /home/diego/Workspaces/ros2_control_diffbot_ws/install/control_msgs/include/control_msgs/msg/detail/dynamic_joint_state__traits.hpp
[5.869s] -- Up-to-date symlink: /home/diego/Workspaces/ros2_control_diffbot_ws/install/control_msgs/include/control_msgs/msg/detail/gripper_command__builder.hpp
[5.876s] -- Up-to-date symlink: /home/diego/Workspaces/ros2_control_diffbot_ws/install/control_msgs/include/control_msgs/msg/detail/gripper_command__struct.hpp
[5.881s] -- Up-to-date symlink: /home/diego/Workspaces/ros2_control_diffbot_ws/install/control_msgs/include/control_msgs/msg/detail/gripper_command__traits.hpp
[5.890s] -- Up-to-date symlink: /home/diego/Workspaces/ros2_control_diffbot_ws/install/control_msgs/include/control_msgs/msg/detail/interface_value__builder.hpp
[5.899s] -- Up-to-date symlink: /home/diego/Workspaces/ros2_control_diffbot_ws/install/control_msgs/include/control_msgs/msg/detail/interface_value__struct.hpp
[5.909s] -- Up-to-date symlink: /home/diego/Workspaces/ros2_control_diffbot_ws/install/control_msgs/include/control_msgs/msg/detail/interface_value__traits.hpp
[5.914s] -- Up-to-date symlink: /home/diego/Workspaces/ros2_control_diffbot_ws/install/control_msgs/include/control_msgs/msg/detail/joint_controller_state__builder.hpp
[5.916s] -- Up-to-date symlink: /home/diego/Workspaces/ros2_control_diffbot_ws/install/control_msgs/include/control_msgs/msg/detail/joint_controller_state__struct.hpp
[5.917s] -- Up-to-date symlink: /home/diego/Workspaces/ros2_control_diffbot_ws/install/control_msgs/include/control_msgs/msg/detail/joint_controller_state__traits.hpp
[5.932s] -- Up-to-date symlink: /home/diego/Workspaces/ros2_control_diffbot_ws/install/control_msgs/include/control_msgs/msg/detail/joint_jog__builder.hpp
[5.933s] -- Up-to-date symlink: /home/diego/Workspaces/ros2_control_diffbot_ws/install/control_msgs/include/control_msgs/msg/detail/joint_jog__struct.hpp
[5.934s] -- Up-to-date symlink: /home/diego/Workspaces/ros2_control_diffbot_ws/install/control_msgs/include/control_msgs/msg/detail/joint_jog__traits.hpp
[5.941s] -- Up-to-date symlink: /home/diego/Workspaces/ros2_control_diffbot_ws/install/control_msgs/include/control_msgs/msg/detail/joint_tolerance__builder.hpp
[5.942s] -- Up-to-date symlink: /home/diego/Workspaces/ros2_control_diffbot_ws/install/control_msgs/include/control_msgs/msg/detail/joint_tolerance__struct.hpp
[5.942s] -- Up-to-date symlink: /home/diego/Workspaces/ros2_control_diffbot_ws/install/control_msgs/include/control_msgs/msg/detail/joint_tolerance__traits.hpp
[5.951s] -- Up-to-date symlink: /home/diego/Workspaces/ros2_control_diffbot_ws/install/control_msgs/include/control_msgs/msg/detail/joint_trajectory_controller_state__builder.hpp
[5.961s] -- Up-to-date symlink: /home/diego/Workspaces/ros2_control_diffbot_ws/install/control_msgs/include/control_msgs/msg/detail/joint_trajectory_controller_state__struct.hpp
[5.962s] -- Up-to-date symlink: /home/diego/Workspaces/ros2_control_diffbot_ws/install/control_msgs/include/control_msgs/msg/detail/joint_trajectory_controller_state__traits.hpp
[5.963s] -- Up-to-date symlink: /home/diego/Workspaces/ros2_control_diffbot_ws/install/control_msgs/include/control_msgs/msg/detail/pid_state__builder.hpp
[5.964s] -- Up-to-date symlink: /home/diego/Workspaces/ros2_control_diffbot_ws/install/control_msgs/include/control_msgs/msg/detail/pid_state__struct.hpp
[5.967s] -- Up-to-date symlink: /home/diego/Workspaces/ros2_control_diffbot_ws/install/control_msgs/include/control_msgs/msg/detail/pid_state__traits.hpp
[5.981s] -- Up-to-date symlink: /home/diego/Workspaces/ros2_control_diffbot_ws/install/control_msgs/include/control_msgs/msg/dynamic_joint_state.hpp
[5.982s] -- Up-to-date symlink: /home/diego/Workspaces/ros2_control_diffbot_ws/install/control_msgs/include/control_msgs/msg/gripper_command.hpp
[5.983s] -- Up-to-date symlink: /home/diego/Workspaces/ros2_control_diffbot_ws/install/control_msgs/include/control_msgs/msg/interface_value.hpp
[5.984s] -- Up-to-date symlink: /home/diego/Workspaces/ros2_control_diffbot_ws/install/control_msgs/include/control_msgs/msg/joint_controller_state.hpp
[5.991s] -- Up-to-date symlink: /home/diego/Workspaces/ros2_control_diffbot_ws/install/control_msgs/include/control_msgs/msg/joint_jog.hpp
[5.993s] -- Up-to-date symlink: /home/diego/Workspaces/ros2_control_diffbot_ws/install/control_msgs/include/control_msgs/msg/joint_tolerance.hpp
[5.998s] -- Up-to-date symlink: /home/diego/Workspaces/ros2_control_diffbot_ws/install/control_msgs/include/control_msgs/msg/joint_trajectory_controller_state.hpp
[6.001s] -- Up-to-date symlink: /home/diego/Workspaces/ros2_control_diffbot_ws/install/control_msgs/include/control_msgs/msg/pid_state.hpp
[6.008s] -- Up-to-date symlink: /home/diego/Workspaces/ros2_control_diffbot_ws/install/control_msgs/include/control_msgs/srv/detail/query_calibration_state__builder.hpp
[6.010s] -- Up-to-date symlink: /home/diego/Workspaces/ros2_control_diffbot_ws/install/control_msgs/include/control_msgs/srv/detail/query_calibration_state__struct.hpp
[6.014s] -- Up-to-date symlink: /home/diego/Workspaces/ros2_control_diffbot_ws/install/control_msgs/include/control_msgs/srv/detail/query_calibration_state__traits.hpp
[6.016s] -- Up-to-date symlink: /home/diego/Workspaces/ros2_control_diffbot_ws/install/control_msgs/include/control_msgs/srv/detail/query_trajectory_state__builder.hpp
[6.018s] -- Up-to-date symlink: /home/diego/Workspaces/ros2_control_diffbot_ws/install/control_msgs/include/control_msgs/srv/detail/query_trajectory_state__struct.hpp
[6.022s] -- Up-to-date symlink: /home/diego/Workspaces/ros2_control_diffbot_ws/install/control_msgs/include/control_msgs/srv/detail/query_trajectory_state__traits.hpp
[6.024s] -- Up-to-date symlink: /home/diego/Workspaces/ros2_control_diffbot_ws/install/control_msgs/include/control_msgs/srv/query_calibration_state.hpp
[6.026s] -- Up-to-date symlink: /home/diego/Workspaces/ros2_control_diffbot_ws/install/control_msgs/include/control_msgs/srv/query_trajectory_state.hpp
[6.031s] -- Up-to-date symlink: /home/diego/Workspaces/ros2_control_diffbot_ws/install/control_msgs/include/control_msgs/action/detail/follow_joint_trajectory__rosidl_typesupport_introspection_cpp.hpp
[6.033s] -- Up-to-date symlink: /home/diego/Workspaces/ros2_control_diffbot_ws/install/control_msgs/include/control_msgs/action/detail/gripper_command__rosidl_typesupport_introspection_cpp.hpp
[6.040s] -- Up-to-date symlink: /home/diego/Workspaces/ros2_control_diffbot_ws/install/control_msgs/include/control_msgs/action/detail/joint_trajectory__rosidl_typesupport_introspection_cpp.hpp
[6.042s] -- Up-to-date symlink: /home/diego/Workspaces/ros2_control_diffbot_ws/install/control_msgs/include/control_msgs/action/detail/point_head__rosidl_typesupport_introspection_cpp.hpp
[6.045s] -- Up-to-date symlink: /home/diego/Workspaces/ros2_control_diffbot_ws/install/control_msgs/include/control_msgs/action/detail/single_joint_position__rosidl_typesupport_introspection_cpp.hpp
[6.047s] -- Up-to-date symlink: /home/diego/Workspaces/ros2_control_diffbot_ws/install/control_msgs/include/control_msgs/msg/detail/dynamic_joint_state__rosidl_typesupport_introspection_cpp.hpp
[6.050s] -- Up-to-date symlink: /home/diego/Workspaces/ros2_control_diffbot_ws/install/control_msgs/include/control_msgs/msg/detail/gripper_command__rosidl_typesupport_introspection_cpp.hpp
[6.052s] -- Up-to-date symlink: /home/diego/Workspaces/ros2_control_diffbot_ws/install/control_msgs/include/control_msgs/msg/detail/interface_value__rosidl_typesupport_introspection_cpp.hpp
[6.055s] -- Up-to-date symlink: /home/diego/Workspaces/ros2_control_diffbot_ws/install/control_msgs/include/control_msgs/msg/detail/joint_controller_state__rosidl_typesupport_introspection_cpp.hpp
[6.057s] -- Up-to-date symlink: /home/diego/Workspaces/ros2_control_diffbot_ws/install/control_msgs/include/control_msgs/msg/detail/joint_jog__rosidl_typesupport_introspection_cpp.hpp
[6.059s] -- Up-to-date symlink: /home/diego/Workspaces/ros2_control_diffbot_ws/install/control_msgs/include/control_msgs/msg/detail/joint_tolerance__rosidl_typesupport_introspection_cpp.hpp
[6.061s] -- Up-to-date symlink: /home/diego/Workspaces/ros2_control_diffbot_ws/install/control_msgs/include/control_msgs/msg/detail/joint_trajectory_controller_state__rosidl_typesupport_introspection_cpp.hpp
[6.064s] -- Up-to-date symlink: /home/diego/Workspaces/ros2_control_diffbot_ws/install/control_msgs/include/control_msgs/msg/detail/pid_state__rosidl_typesupport_introspection_cpp.hpp
[6.066s] -- Up-to-date symlink: /home/diego/Workspaces/ros2_control_diffbot_ws/install/control_msgs/include/control_msgs/srv/detail/query_calibration_state__rosidl_typesupport_introspection_cpp.hpp
[6.068s] -- Up-to-date symlink: /home/diego/Workspaces/ros2_control_diffbot_ws/install/control_msgs/include/control_msgs/srv/detail/query_trajectory_state__rosidl_typesupport_introspection_cpp.hpp
[6.071s] -- Up-to-date symlink: /home/diego/Workspaces/ros2_control_diffbot_ws/install/control_msgs/share/control_msgs/environment/pythonpath.sh
[6.074s] -- Up-to-date symlink: /home/diego/Workspaces/ros2_control_diffbot_ws/install/control_msgs/share/control_msgs/environment/pythonpath.dsv
[6.077s] -- Up-to-date symlink: /home/diego/Workspaces/ros2_control_diffbot_ws/install/control_msgs/lib/python3.8/site-packages/control_msgs/__init__.py
[6.081s] -- Up-to-date symlink: /home/diego/Workspaces/ros2_control_diffbot_ws/install/control_msgs/lib/python3.8/site-packages/control_msgs/msg/__init__.py
[6.084s] -- Up-to-date symlink: /home/diego/Workspaces/ros2_control_diffbot_ws/install/control_msgs/lib/python3.8/site-packages/control_msgs/msg/_dynamic_joint_state.py
[6.087s] -- Up-to-date symlink: /home/diego/Workspaces/ros2_control_diffbot_ws/install/control_msgs/lib/python3.8/site-packages/control_msgs/msg/_gripper_command.py
[6.090s] -- Up-to-date symlink: /home/diego/Workspaces/ros2_control_diffbot_ws/install/control_msgs/lib/python3.8/site-packages/control_msgs/msg/_interface_value.py
[6.092s] -- Up-to-date symlink: /home/diego/Workspaces/ros2_control_diffbot_ws/install/control_msgs/lib/python3.8/site-packages/control_msgs/msg/_joint_controller_state.py
[6.095s] -- Up-to-date symlink: /home/diego/Workspaces/ros2_control_diffbot_ws/install/control_msgs/lib/python3.8/site-packages/control_msgs/msg/_joint_jog.py
[6.101s] -- Up-to-date symlink: /home/diego/Workspaces/ros2_control_diffbot_ws/install/control_msgs/lib/python3.8/site-packages/control_msgs/msg/_joint_tolerance.py
[6.109s] -- Up-to-date symlink: /home/diego/Workspaces/ros2_control_diffbot_ws/install/control_msgs/lib/python3.8/site-packages/control_msgs/msg/_joint_trajectory_controller_state.py
[6.112s] -- Up-to-date symlink: /home/diego/Workspaces/ros2_control_diffbot_ws/install/control_msgs/lib/python3.8/site-packages/control_msgs/msg/_pid_state.py
[6.116s] -- Up-to-date symlink: /home/diego/Workspaces/ros2_control_diffbot_ws/install/control_msgs/lib/python3.8/site-packages/control_msgs/srv/__init__.py
[6.118s] -- Up-to-date symlink: /home/diego/Workspaces/ros2_control_diffbot_ws/install/control_msgs/lib/python3.8/site-packages/control_msgs/srv/_query_calibration_state.py
[6.120s] -- Up-to-date symlink: /home/diego/Workspaces/ros2_control_diffbot_ws/install/control_msgs/lib/python3.8/site-packages/control_msgs/srv/_query_trajectory_state.py
[6.126s] -- Up-to-date symlink: /home/diego/Workspaces/ros2_control_diffbot_ws/install/control_msgs/lib/python3.8/site-packages/control_msgs/action/__init__.py
[6.140s] -- Up-to-date symlink: /home/diego/Workspaces/ros2_control_diffbot_ws/install/control_msgs/lib/python3.8/site-packages/control_msgs/action/_follow_joint_trajectory.py
[6.142s] -- Up-to-date symlink: /home/diego/Workspaces/ros2_control_diffbot_ws/install/control_msgs/lib/python3.8/site-packages/control_msgs/action/_gripper_command.py
[6.144s] -- Up-to-date symlink: /home/diego/Workspaces/ros2_control_diffbot_ws/install/control_msgs/lib/python3.8/site-packages/control_msgs/action/_joint_trajectory.py
[6.147s] -- Up-to-date symlink: /home/diego/Workspaces/ros2_control_diffbot_ws/install/control_msgs/lib/python3.8/site-packages/control_msgs/action/_point_head.py
[6.149s] -- Up-to-date symlink: /home/diego/Workspaces/ros2_control_diffbot_ws/install/control_msgs/lib/python3.8/site-packages/control_msgs/action/_single_joint_position.py
[6.154s] -- Up-to-date symlink: /home/diego/Workspaces/ros2_control_diffbot_ws/install/control_msgs/lib/python3.8/site-packages/control_msgs/control_msgs_s__rosidl_typesupport_fastrtps_c.cpython-38-x86_64-linux-gnu.so
[6.157s] -- Up-to-date symlink: /home/diego/Workspaces/ros2_control_diffbot_ws/install/control_msgs/lib/python3.8/site-packages/control_msgs/control_msgs_s__rosidl_typesupport_introspection_c.cpython-38-x86_64-linux-gnu.so
[6.161s] -- Up-to-date symlink: /home/diego/Workspaces/ros2_control_diffbot_ws/install/control_msgs/lib/python3.8/site-packages/control_msgs/control_msgs_s__rosidl_typesupport_c.cpython-38-x86_64-linux-gnu.so
[6.165s] -- Up-to-date symlink: /home/diego/Workspaces/ros2_control_diffbot_ws/install/control_msgs/lib/libcontrol_msgs__python.so
[6.167s] -- Up-to-date symlink: /home/diego/Workspaces/ros2_control_diffbot_ws/install/control_msgs/share/control_msgs/msg/DynamicJointState.idl
[6.172s] -- Up-to-date symlink: /home/diego/Workspaces/ros2_control_diffbot_ws/install/control_msgs/share/control_msgs/msg/GripperCommand.idl
[6.175s] -- Up-to-date symlink: /home/diego/Workspaces/ros2_control_diffbot_ws/install/control_msgs/share/control_msgs/msg/InterfaceValue.idl
[6.179s] -- Up-to-date symlink: /home/diego/Workspaces/ros2_control_diffbot_ws/install/control_msgs/share/control_msgs/msg/JointControllerState.idl
[6.183s] -- Up-to-date symlink: /home/diego/Workspaces/ros2_control_diffbot_ws/install/control_msgs/share/control_msgs/msg/JointJog.idl
[6.186s] -- Up-to-date symlink: /home/diego/Workspaces/ros2_control_diffbot_ws/install/control_msgs/share/control_msgs/msg/JointTolerance.idl
[6.188s] -- Up-to-date symlink: /home/diego/Workspaces/ros2_control_diffbot_ws/install/control_msgs/share/control_msgs/msg/JointTrajectoryControllerState.idl
[6.191s] -- Up-to-date symlink: /home/diego/Workspaces/ros2_control_diffbot_ws/install/control_msgs/share/control_msgs/msg/PidState.idl
[6.194s] -- Up-to-date symlink: /home/diego/Workspaces/ros2_control_diffbot_ws/install/control_msgs/share/control_msgs/srv/QueryCalibrationState.idl
[6.199s] -- Up-to-date symlink: /home/diego/Workspaces/ros2_control_diffbot_ws/install/control_msgs/share/control_msgs/srv/QueryTrajectoryState.idl
[6.201s] -- Up-to-date symlink: /home/diego/Workspaces/ros2_control_diffbot_ws/install/control_msgs/share/control_msgs/action/FollowJointTrajectory.idl
[6.209s] -- Up-to-date symlink: /home/diego/Workspaces/ros2_control_diffbot_ws/install/control_msgs/share/control_msgs/action/GripperCommand.idl
[6.212s] -- Up-to-date symlink: /home/diego/Workspaces/ros2_control_diffbot_ws/install/control_msgs/share/control_msgs/action/JointTrajectory.idl
[6.215s] -- Up-to-date symlink: /home/diego/Workspaces/ros2_control_diffbot_ws/install/control_msgs/share/control_msgs/action/PointHead.idl
[6.222s] -- Up-to-date symlink: /home/diego/Workspaces/ros2_control_diffbot_ws/install/control_msgs/share/control_msgs/action/SingleJointPosition.idl
[6.228s] -- Up-to-date symlink: /home/diego/Workspaces/ros2_control_diffbot_ws/install/control_msgs/share/control_msgs/msg/DynamicJointState.msg
[6.233s] -- Up-to-date symlink: /home/diego/Workspaces/ros2_control_diffbot_ws/install/control_msgs/share/control_msgs/msg/GripperCommand.msg
[6.238s] -- Up-to-date symlink: /home/diego/Workspaces/ros2_control_diffbot_ws/install/control_msgs/share/control_msgs/msg/InterfaceValue.msg
[6.241s] -- Up-to-date symlink: /home/diego/Workspaces/ros2_control_diffbot_ws/install/control_msgs/share/control_msgs/msg/JointControllerState.msg
[6.265s] -- Up-to-date symlink: /home/diego/Workspaces/ros2_control_diffbot_ws/install/control_msgs/share/control_msgs/msg/JointJog.msg
[6.265s] -- Up-to-date symlink: /home/diego/Workspaces/ros2_control_diffbot_ws/install/control_msgs/share/control_msgs/msg/JointTolerance.msg
[6.266s] -- Up-to-date symlink: /home/diego/Workspaces/ros2_control_diffbot_ws/install/control_msgs/share/control_msgs/msg/JointTrajectoryControllerState.msg
[6.266s] -- Up-to-date symlink: /home/diego/Workspaces/ros2_control_diffbot_ws/install/control_msgs/share/control_msgs/msg/PidState.msg
[6.271s] -- Up-to-date symlink: /home/diego/Workspaces/ros2_control_diffbot_ws/install/control_msgs/share/control_msgs/srv/QueryCalibrationState.srv
[6.276s] -- Up-to-date symlink: /home/diego/Workspaces/ros2_control_diffbot_ws/install/control_msgs/share/control_msgs/srv/QueryCalibrationState_Request.msg
[6.277s] -- Up-to-date symlink: /home/diego/Workspaces/ros2_control_diffbot_ws/install/control_msgs/share/control_msgs/srv/QueryCalibrationState_Response.msg
[6.280s] -- Up-to-date symlink: /home/diego/Workspaces/ros2_control_diffbot_ws/install/control_msgs/share/control_msgs/srv/QueryTrajectoryState.srv
[6.281s] -- Up-to-date symlink: /home/diego/Workspaces/ros2_control_diffbot_ws/install/control_msgs/share/control_msgs/srv/QueryTrajectoryState_Request.msg
[6.286s] -- Up-to-date symlink: /home/diego/Workspaces/ros2_control_diffbot_ws/install/control_msgs/share/control_msgs/srv/QueryTrajectoryState_Response.msg
[6.296s] -- Up-to-date symlink: /home/diego/Workspaces/ros2_control_diffbot_ws/install/control_msgs/share/control_msgs/action/FollowJointTrajectory.action
[6.299s] -- Up-to-date symlink: /home/diego/Workspaces/ros2_control_diffbot_ws/install/control_msgs/share/control_msgs/action/GripperCommand.action
[6.317s] -- Up-to-date symlink: /home/diego/Workspaces/ros2_control_diffbot_ws/install/control_msgs/share/control_msgs/action/JointTrajectory.action
[6.328s] -- Up-to-date symlink: /home/diego/Workspaces/ros2_control_diffbot_ws/install/control_msgs/share/control_msgs/action/PointHead.action
[6.329s] -- Up-to-date symlink: /home/diego/Workspaces/ros2_control_diffbot_ws/install/control_msgs/share/control_msgs/action/SingleJointPosition.action
[6.330s] -- Up-to-date symlink: /home/diego/Workspaces/ros2_control_diffbot_ws/install/control_msgs/share/ament_index/resource_index/package_run_dependencies/control_msgs
[6.331s] -- Up-to-date symlink: /home/diego/Workspaces/ros2_control_diffbot_ws/install/control_msgs/share/ament_index/resource_index/parent_prefix_path/control_msgs
[6.332s] -- Up-to-date symlink: /home/diego/Workspaces/ros2_control_diffbot_ws/install/control_msgs/share/control_msgs/environment/ament_prefix_path.sh
[6.332s] -- Up-to-date symlink: /home/diego/Workspaces/ros2_control_diffbot_ws/install/control_msgs/share/control_msgs/environment/ament_prefix_path.dsv
[6.333s] -- Up-to-date symlink: /home/diego/Workspaces/ros2_control_diffbot_ws/install/control_msgs/share/control_msgs/environment/path.sh
[6.333s] -- Up-to-date symlink: /home/diego/Workspaces/ros2_control_diffbot_ws/install/control_msgs/share/control_msgs/environment/path.dsv
[6.333s] -- Up-to-date symlink: /home/diego/Workspaces/ros2_control_diffbot_ws/install/control_msgs/share/control_msgs/local_setup.bash
[6.334s] -- Up-to-date symlink: /home/diego/Workspaces/ros2_control_diffbot_ws/install/control_msgs/share/control_msgs/local_setup.sh
[6.335s] -- Up-to-date symlink: /home/diego/Workspaces/ros2_control_diffbot_ws/install/control_msgs/share/control_msgs/local_setup.zsh
[6.339s] -- Up-to-date symlink: /home/diego/Workspaces/ros2_control_diffbot_ws/install/control_msgs/share/control_msgs/local_setup.dsv
[6.340s] -- Symlinking: /home/diego/Workspaces/ros2_control_diffbot_ws/install/control_msgs/share/control_msgs/package.dsv
[6.435s] -- Up-to-date symlink: /home/diego/Workspaces/ros2_control_diffbot_ws/install/control_msgs/share/ament_index/resource_index/packages/control_msgs
[6.439s] -- Up-to-date symlink: /home/diego/Workspaces/ros2_control_diffbot_ws/install/control_msgs/share/control_msgs/cmake/rosidl_cmake-extras.cmake
[6.440s] -- Up-to-date symlink: /home/diego/Workspaces/ros2_control_diffbot_ws/install/control_msgs/share/control_msgs/cmake/ament_cmake_export_dependencies-extras.cmake
[6.443s] -- Up-to-date symlink: /home/diego/Workspaces/ros2_control_diffbot_ws/install/control_msgs/share/control_msgs/cmake/ament_cmake_export_libraries-extras.cmake
[6.449s] -- Up-to-date symlink: /home/diego/Workspaces/ros2_control_diffbot_ws/install/control_msgs/share/control_msgs/cmake/ament_cmake_export_targets-extras.cmake
[6.462s] -- Up-to-date symlink: /home/diego/Workspaces/ros2_control_diffbot_ws/install/control_msgs/share/control_msgs/cmake/ament_cmake_export_include_directories-extras.cmake
[6.468s] -- Up-to-date symlink: /home/diego/Workspaces/ros2_control_diffbot_ws/install/control_msgs/share/control_msgs/cmake/rosidl_cmake_export_typesupport_libraries-extras.cmake
[6.473s] -- Up-to-date symlink: /home/diego/Workspaces/ros2_control_diffbot_ws/install/control_msgs/share/control_msgs/cmake/rosidl_cmake_export_typesupport_targets-extras.cmake
[6.484s] -- Up-to-date symlink: /home/diego/Workspaces/ros2_control_diffbot_ws/install/control_msgs/share/control_msgs/cmake/control_msgsConfig.cmake
[6.487s] -- Up-to-date symlink: /home/diego/Workspaces/ros2_control_diffbot_ws/install/control_msgs/share/control_msgs/cmake/control_msgsConfig-version.cmake
[6.491s] -- Up-to-date symlink: /home/diego/Workspaces/ros2_control_diffbot_ws/install/control_msgs/share/control_msgs/package.xml
[6.497s] -- Up-to-date: /home/diego/Workspaces/ros2_control_diffbot_ws/install/control_msgs/lib/libcontrol_msgs__rosidl_generator_c.so
[6.502s] -- Up-to-date: /home/diego/Workspaces/ros2_control_diffbot_ws/install/control_msgs/lib/libcontrol_msgs__rosidl_typesupport_introspection_c.so
[6.518s] -- Up-to-date: /home/diego/Workspaces/ros2_control_diffbot_ws/install/control_msgs/lib/libcontrol_msgs__rosidl_typesupport_c.so
[6.525s] -- Up-to-date: /home/diego/Workspaces/ros2_control_diffbot_ws/install/control_msgs/lib/libcontrol_msgs__rosidl_typesupport_introspection_cpp.so
[6.529s] -- Up-to-date: /home/diego/Workspaces/ros2_control_diffbot_ws/install/control_msgs/lib/libcontrol_msgs__rosidl_typesupport_cpp.so
[6.931s] -- Up-to-date: /home/diego/Workspaces/ros2_control_diffbot_ws/install/control_msgs/share/control_msgs/cmake/control_msgs__rosidl_generator_cExport.cmake
[6.932s] -- Up-to-date: /home/diego/Workspaces/ros2_control_diffbot_ws/install/control_msgs/share/control_msgs/cmake/control_msgs__rosidl_generator_cExport-noconfig.cmake
[6.934s] -- Up-to-date: /home/diego/Workspaces/ros2_control_diffbot_ws/install/control_msgs/share/control_msgs/cmake/control_msgs__rosidl_typesupport_introspection_cExport.cmake
[6.937s] -- Up-to-date: /home/diego/Workspaces/ros2_control_diffbot_ws/install/control_msgs/share/control_msgs/cmake/control_msgs__rosidl_typesupport_introspection_cExport-noconfig.cmake
[6.942s] -- Up-to-date: /home/diego/Workspaces/ros2_control_diffbot_ws/install/control_msgs/share/control_msgs/cmake/control_msgs__rosidl_typesupport_cExport.cmake
[6.942s] -- Up-to-date: /home/diego/Workspaces/ros2_control_diffbot_ws/install/control_msgs/share/control_msgs/cmake/control_msgs__rosidl_typesupport_cExport-noconfig.cmake
[6.943s] -- Up-to-date: /home/diego/Workspaces/ros2_control_diffbot_ws/install/control_msgs/share/control_msgs/cmake/control_msgs__rosidl_generator_cppExport.cmake
[6.950s] -- Up-to-date: /home/diego/Workspaces/ros2_control_diffbot_ws/install/control_msgs/share/control_msgs/cmake/control_msgs__rosidl_typesupport_introspection_cppExport.cmake
[6.951s] -- Up-to-date: /home/diego/Workspaces/ros2_control_diffbot_ws/install/control_msgs/share/control_msgs/cmake/control_msgs__rosidl_typesupport_introspection_cppExport-noconfig.cmake
[6.951s] -- Up-to-date: /home/diego/Workspaces/ros2_control_diffbot_ws/install/control_msgs/share/control_msgs/cmake/control_msgs__rosidl_typesupport_cppExport.cmake
[6.973s] -- Up-to-date: /home/diego/Workspaces/ros2_control_diffbot_ws/install/control_msgs/share/control_msgs/cmake/control_msgs__rosidl_typesupport_cppExport-noconfig.cmake
[6.975s] Invoked command in '/home/diego/Workspaces/ros2_control_diffbot_ws/build/control_msgs' returned '0': CMAKE_PREFIX_PATH=/opt/ros/foxy /usr/bin/cmake --install /home/diego/Workspaces/ros2_control_diffbot_ws/build/control_msgs
