[0.057s] Invoking command in '/home/diego/Workspaces/ros2_control_diffbot_ws/build/diffbot_description': CMAKE_PREFIX_PATH=${CMAKE_PREFIX_PATH}:/home/diego/Workspaces/ros2_control_diffbot_ws/install/ros2controlcli:/home/diego/Workspaces/ros2_control_diffbot_ws/install/ros2_control_test_nodes:/home/diego/Workspaces/ros2_control_diffbot_ws/install/package_python:/opt/ros/foxy /usr/bin/cmake --build /home/diego/Workspaces/ros2_control_diffbot_ws/build/diffbot_description -- -j2 -l2
[0.209s] Invoked command in '/home/diego/Workspaces/ros2_control_diffbot_ws/build/diffbot_description' returned '0': CMAKE_PREFIX_PATH=${CMAKE_PREFIX_PATH}:/home/diego/Workspaces/ros2_control_diffbot_ws/install/ros2controlcli:/home/diego/Workspaces/ros2_control_diffbot_ws/install/ros2_control_test_nodes:/home/diego/Workspaces/ros2_control_diffbot_ws/install/package_python:/opt/ros/foxy /usr/bin/cmake --build /home/diego/Workspaces/ros2_control_diffbot_ws/build/diffbot_description -- -j2 -l2
[0.312s] Invoking command in '/home/diego/Workspaces/ros2_control_diffbot_ws/build/diffbot_description': CMAKE_PREFIX_PATH=${CMAKE_PREFIX_PATH}:/home/diego/Workspaces/ros2_control_diffbot_ws/install/ros2controlcli:/home/diego/Workspaces/ros2_control_diffbot_ws/install/ros2_control_test_nodes:/home/diego/Workspaces/ros2_control_diffbot_ws/install/package_python:/opt/ros/foxy /usr/bin/cmake --install /home/diego/Workspaces/ros2_control_diffbot_ws/build/diffbot_description
[0.337s] -- Install configuration: ""
[0.338s] -- Execute custom install script
[0.340s] -- Up-to-date symlink: /home/diego/Workspaces/ros2_control_diffbot_ws/install/diffbot_description/share/diffbot_description/config/diffbot.rviz
[0.341s] -- Up-to-date symlink: /home/diego/Workspaces/ros2_control_diffbot_ws/install/diffbot_description/share/diffbot_description/gazebo/diffbot.gazebo.xacro
[0.341s] -- Up-to-date symlink: /home/diego/Workspaces/ros2_control_diffbot_ws/install/diffbot_description/share/diffbot_description/gazebo/diffbot.materials.xacro
[0.343s] -- Up-to-date symlink: /home/diego/Workspaces/ros2_control_diffbot_ws/install/diffbot_description/share/diffbot_description/ros2_control/diffbot_system.ros2_control.xacro
[0.344s] -- Up-to-date symlink: /home/diego/Workspaces/ros2_control_diffbot_ws/install/diffbot_description/share/diffbot_description/urdf/diffbot.urdf.xacro
[0.345s] -- Up-to-date symlink: /home/diego/Workspaces/ros2_control_diffbot_ws/install/diffbot_description/share/diffbot_description/urdf/diffbot_system.urdf.xacro
[0.345s] -- Up-to-date symlink: /home/diego/Workspaces/ros2_control_diffbot_ws/install/diffbot_description/share/diffbot_description/urdf/diffboturdforiginal.txt
[0.346s] -- Up-to-date symlink: /home/diego/Workspaces/ros2_control_diffbot_ws/install/diffbot_description/share/ament_index/resource_index/package_run_dependencies/diffbot_description
[0.347s] -- Up-to-date symlink: /home/diego/Workspaces/ros2_control_diffbot_ws/install/diffbot_description/share/ament_index/resource_index/parent_prefix_path/diffbot_description
[0.348s] -- Up-to-date symlink: /home/diego/Workspaces/ros2_control_diffbot_ws/install/diffbot_description/share/diffbot_description/environment/ament_prefix_path.sh
[0.348s] -- Up-to-date symlink: /home/diego/Workspaces/ros2_control_diffbot_ws/install/diffbot_description/share/diffbot_description/environment/ament_prefix_path.dsv
[0.349s] -- Up-to-date symlink: /home/diego/Workspaces/ros2_control_diffbot_ws/install/diffbot_description/share/diffbot_description/environment/path.sh
[0.350s] -- Up-to-date symlink: /home/diego/Workspaces/ros2_control_diffbot_ws/install/diffbot_description/share/diffbot_description/environment/path.dsv
[0.351s] -- Up-to-date symlink: /home/diego/Workspaces/ros2_control_diffbot_ws/install/diffbot_description/share/diffbot_description/local_setup.bash
[0.352s] -- Up-to-date symlink: /home/diego/Workspaces/ros2_control_diffbot_ws/install/diffbot_description/share/diffbot_description/local_setup.sh
[0.353s] -- Up-to-date symlink: /home/diego/Workspaces/ros2_control_diffbot_ws/install/diffbot_description/share/diffbot_description/local_setup.zsh
[0.354s] -- Up-to-date symlink: /home/diego/Workspaces/ros2_control_diffbot_ws/install/diffbot_description/share/diffbot_description/local_setup.dsv
[0.355s] -- Symlinking: /home/diego/Workspaces/ros2_control_diffbot_ws/install/diffbot_description/share/diffbot_description/package.dsv
[0.382s] -- Up-to-date symlink: /home/diego/Workspaces/ros2_control_diffbot_ws/install/diffbot_description/share/ament_index/resource_index/packages/diffbot_description
[0.383s] -- Up-to-date symlink: /home/diego/Workspaces/ros2_control_diffbot_ws/install/diffbot_description/share/diffbot_description/cmake/diffbot_descriptionConfig.cmake
[0.384s] -- Up-to-date symlink: /home/diego/Workspaces/ros2_control_diffbot_ws/install/diffbot_description/share/diffbot_description/cmake/diffbot_descriptionConfig-version.cmake
[0.385s] -- Up-to-date symlink: /home/diego/Workspaces/ros2_control_diffbot_ws/install/diffbot_description/share/diffbot_description/package.xml
[0.390s] Invoked command in '/home/diego/Workspaces/ros2_control_diffbot_ws/build/diffbot_description' returned '0': CMAKE_PREFIX_PATH=${CMAKE_PREFIX_PATH}:/home/diego/Workspaces/ros2_control_diffbot_ws/install/ros2controlcli:/home/diego/Workspaces/ros2_control_diffbot_ws/install/ros2_control_test_nodes:/home/diego/Workspaces/ros2_control_diffbot_ws/install/package_python:/opt/ros/foxy /usr/bin/cmake --install /home/diego/Workspaces/ros2_control_diffbot_ws/build/diffbot_description
