[0.129s] Invoking command in '/home/diego/Workspaces/ros2_control_diffbot_ws/build/controller_manager': AMENT_PREFIX_PATH=/home/diego/Workspaces/ros2_control_diffbot_ws/install/controller_interface:/home/diego/Workspaces/ros2_control_diffbot_ws/install/hardware_interface:/home/diego/Workspaces/ros2_control_diffbot_ws/install/ros2_control_test_assets:/home/diego/Workspaces/ros2_control_diffbot_ws/install/controller_manager_msgs:/home/diego/Workspaces/ros2_control_diffbot_ws/install/control_msgs:${AMENT_PREFIX_PATH} CMAKE_PREFIX_PATH=/home/diego/Workspaces/ros2_control_diffbot_ws/install/controller_interface:/home/diego/Workspaces/ros2_control_diffbot_ws/install/hardware_interface:/home/diego/Workspaces/ros2_control_diffbot_ws/install/ros2_control_test_assets:/home/diego/Workspaces/ros2_control_diffbot_ws/install/controller_manager_msgs:/home/diego/Workspaces/ros2_control_diffbot_ws/install/control_msgs:/opt/ros/foxy LD_LIBRARY_PATH=/home/diego/Workspaces/ros2_control_diffbot_ws/install/controller_interface/lib:/home/diego/Workspaces/ros2_control_diffbot_ws/install/hardware_interface/lib:/home/diego/Workspaces/ros2_control_diffbot_ws/install/controller_manager_msgs/lib:/home/diego/Workspaces/ros2_control_diffbot_ws/install/control_msgs/lib:${LD_LIBRARY_PATH} PYTHONPATH=/home/diego/Workspaces/ros2_control_diffbot_ws/install/controller_manager_msgs/lib/python3.8/site-packages:/home/diego/Workspaces/ros2_control_diffbot_ws/install/control_msgs/lib/python3.8/site-packages:${PYTHONPATH} /usr/bin/cmake --build /home/diego/Workspaces/ros2_control_diffbot_ws/build/controller_manager -- -j2 -l2
[0.404s] [  8%] Built target controller_manager
[0.487s] [ 20%] Built target gmock
[0.575s] [ 28%] Built target gmock_main
[0.708s] [ 36%] Built target test_controller_with_interfaces
[0.808s] [ 44%] Built target test_controller
[0.918s] [ 52%] Built target ros2_control_node
[1.018s] [ 60%] Built target test_controller_failed_init
[1.126s] [ 68%] Built target test_release_interfaces
[1.242s] [ 76%] Built target test_controller_manager
[1.357s] [ 84%] Built target test_load_controller
[1.500s] [ 92%] Built target test_spawner_unspawner
[1.625s] [100%] Built target test_controller_manager_srvs
[1.665s] Invoked command in '/home/diego/Workspaces/ros2_control_diffbot_ws/build/controller_manager' returned '0': AMENT_PREFIX_PATH=/home/diego/Workspaces/ros2_control_diffbot_ws/install/controller_interface:/home/diego/Workspaces/ros2_control_diffbot_ws/install/hardware_interface:/home/diego/Workspaces/ros2_control_diffbot_ws/install/ros2_control_test_assets:/home/diego/Workspaces/ros2_control_diffbot_ws/install/controller_manager_msgs:/home/diego/Workspaces/ros2_control_diffbot_ws/install/control_msgs:${AMENT_PREFIX_PATH} CMAKE_PREFIX_PATH=/home/diego/Workspaces/ros2_control_diffbot_ws/install/controller_interface:/home/diego/Workspaces/ros2_control_diffbot_ws/install/hardware_interface:/home/diego/Workspaces/ros2_control_diffbot_ws/install/ros2_control_test_assets:/home/diego/Workspaces/ros2_control_diffbot_ws/install/controller_manager_msgs:/home/diego/Workspaces/ros2_control_diffbot_ws/install/control_msgs:/opt/ros/foxy LD_LIBRARY_PATH=/home/diego/Workspaces/ros2_control_diffbot_ws/install/controller_interface/lib:/home/diego/Workspaces/ros2_control_diffbot_ws/install/hardware_interface/lib:/home/diego/Workspaces/ros2_control_diffbot_ws/install/controller_manager_msgs/lib:/home/diego/Workspaces/ros2_control_diffbot_ws/install/control_msgs/lib:${LD_LIBRARY_PATH} PYTHONPATH=/home/diego/Workspaces/ros2_control_diffbot_ws/install/controller_manager_msgs/lib/python3.8/site-packages:/home/diego/Workspaces/ros2_control_diffbot_ws/install/control_msgs/lib/python3.8/site-packages:${PYTHONPATH} /usr/bin/cmake --build /home/diego/Workspaces/ros2_control_diffbot_ws/build/controller_manager -- -j2 -l2
[1.842s] Invoking command in '/home/diego/Workspaces/ros2_control_diffbot_ws/build/controller_manager': AMENT_PREFIX_PATH=/home/diego/Workspaces/ros2_control_diffbot_ws/install/controller_interface:/home/diego/Workspaces/ros2_control_diffbot_ws/install/hardware_interface:/home/diego/Workspaces/ros2_control_diffbot_ws/install/ros2_control_test_assets:/home/diego/Workspaces/ros2_control_diffbot_ws/install/controller_manager_msgs:/home/diego/Workspaces/ros2_control_diffbot_ws/install/control_msgs:${AMENT_PREFIX_PATH} CMAKE_PREFIX_PATH=/home/diego/Workspaces/ros2_control_diffbot_ws/install/controller_interface:/home/diego/Workspaces/ros2_control_diffbot_ws/install/hardware_interface:/home/diego/Workspaces/ros2_control_diffbot_ws/install/ros2_control_test_assets:/home/diego/Workspaces/ros2_control_diffbot_ws/install/controller_manager_msgs:/home/diego/Workspaces/ros2_control_diffbot_ws/install/control_msgs:/opt/ros/foxy LD_LIBRARY_PATH=/home/diego/Workspaces/ros2_control_diffbot_ws/install/controller_interface/lib:/home/diego/Workspaces/ros2_control_diffbot_ws/install/hardware_interface/lib:/home/diego/Workspaces/ros2_control_diffbot_ws/install/controller_manager_msgs/lib:/home/diego/Workspaces/ros2_control_diffbot_ws/install/control_msgs/lib:${LD_LIBRARY_PATH} PYTHONPATH=/home/diego/Workspaces/ros2_control_diffbot_ws/install/controller_manager_msgs/lib/python3.8/site-packages:/home/diego/Workspaces/ros2_control_diffbot_ws/install/control_msgs/lib/python3.8/site-packages:${PYTHONPATH} /usr/bin/cmake --install /home/diego/Workspaces/ros2_control_diffbot_ws/build/controller_manager
[1.874s] -- Install configuration: ""
[1.879s] -- Execute custom install script
[1.886s] -- Up-to-date symlink: /home/diego/Workspaces/ros2_control_diffbot_ws/install/controller_manager/lib/libcontroller_manager.so
[1.893s] -- Up-to-date symlink: /home/diego/Workspaces/ros2_control_diffbot_ws/install/controller_manager/lib/controller_manager/ros2_control_node
[1.898s] -- Up-to-date symlink: /home/diego/Workspaces/ros2_control_diffbot_ws/install/controller_manager/include/controller_manager/controller_manager.hpp
[1.901s] -- Up-to-date symlink: /home/diego/Workspaces/ros2_control_diffbot_ws/install/controller_manager/include/controller_manager/controller_spec.hpp
[1.903s] -- Up-to-date symlink: /home/diego/Workspaces/ros2_control_diffbot_ws/install/controller_manager/include/controller_manager/visibility_control.h
[1.909s] -- Up-to-date symlink: /home/diego/Workspaces/ros2_control_diffbot_ws/install/controller_manager/lib/controller_manager/spawner.py
[1.912s] -- Up-to-date symlink: /home/diego/Workspaces/ros2_control_diffbot_ws/install/controller_manager/lib/controller_manager/unspawner.py
[1.917s] -- Up-to-date symlink: /home/diego/Workspaces/ros2_control_diffbot_ws/install/controller_manager/share/controller_manager/test/test_controller/test_controller.xml
[1.925s] -- Up-to-date symlink: /home/diego/Workspaces/ros2_control_diffbot_ws/install/controller_manager/lib/libtest_controller.so
[1.927s] -- Up-to-date symlink: /home/diego/Workspaces/ros2_control_diffbot_ws/install/controller_manager/share/controller_manager/test/test_controller_failed_init/test_controller_failed_init.xml
[1.931s] -- Up-to-date symlink: /home/diego/Workspaces/ros2_control_diffbot_ws/install/controller_manager/lib/libtest_controller_failed_init.so
[1.935s] -- Up-to-date symlink: /home/diego/Workspaces/ros2_control_diffbot_ws/install/controller_manager/share/controller_manager/test/test_controller_with_interfaces/test_controller_with_interfaces.xml
[1.939s] -- Up-to-date symlink: /home/diego/Workspaces/ros2_control_diffbot_ws/install/controller_manager/lib/libtest_controller_with_interfaces.so
[1.943s] -- Up-to-date symlink: /home/diego/Workspaces/ros2_control_diffbot_ws/install/controller_manager/share/controller_manager/environment/pythonpath.sh
[1.946s] -- Up-to-date symlink: /home/diego/Workspaces/ros2_control_diffbot_ws/install/controller_manager/share/controller_manager/environment/pythonpath.dsv
[1.956s] -- Up-to-date symlink: /home/diego/Workspaces/ros2_control_diffbot_ws/install/controller_manager/lib/python3.8/site-packages/controller_manager/__init__.py
[1.958s] -- Up-to-date symlink: /home/diego/Workspaces/ros2_control_diffbot_ws/install/controller_manager/lib/python3.8/site-packages/controller_manager/controller_manager_services.py
[1.960s] -- Up-to-date symlink: /home/diego/Workspaces/ros2_control_diffbot_ws/install/controller_manager/lib/python3.8/site-packages/controller_manager/launch_utils.py
[1.963s] -- Up-to-date symlink: /home/diego/Workspaces/ros2_control_diffbot_ws/install/controller_manager/share/controller_manager/environment/library_path.sh
[1.965s] -- Up-to-date symlink: /home/diego/Workspaces/ros2_control_diffbot_ws/install/controller_manager/share/controller_manager/environment/library_path.dsv
[1.970s] -- Up-to-date symlink: /home/diego/Workspaces/ros2_control_diffbot_ws/install/controller_manager/share/ament_index/resource_index/package_run_dependencies/controller_manager
[1.974s] -- Up-to-date symlink: /home/diego/Workspaces/ros2_control_diffbot_ws/install/controller_manager/share/ament_index/resource_index/parent_prefix_path/controller_manager
[1.977s] -- Up-to-date symlink: /home/diego/Workspaces/ros2_control_diffbot_ws/install/controller_manager/share/controller_manager/environment/ament_prefix_path.sh
[1.980s] -- Up-to-date symlink: /home/diego/Workspaces/ros2_control_diffbot_ws/install/controller_manager/share/controller_manager/environment/ament_prefix_path.dsv
[1.984s] -- Up-to-date symlink: /home/diego/Workspaces/ros2_control_diffbot_ws/install/controller_manager/share/controller_manager/environment/path.sh
[1.987s] -- Up-to-date symlink: /home/diego/Workspaces/ros2_control_diffbot_ws/install/controller_manager/share/controller_manager/environment/path.dsv
[1.990s] -- Up-to-date symlink: /home/diego/Workspaces/ros2_control_diffbot_ws/install/controller_manager/share/controller_manager/local_setup.bash
[1.992s] -- Up-to-date symlink: /home/diego/Workspaces/ros2_control_diffbot_ws/install/controller_manager/share/controller_manager/local_setup.sh
[1.995s] -- Up-to-date symlink: /home/diego/Workspaces/ros2_control_diffbot_ws/install/controller_manager/share/controller_manager/local_setup.zsh
[1.997s] -- Up-to-date symlink: /home/diego/Workspaces/ros2_control_diffbot_ws/install/controller_manager/share/controller_manager/local_setup.dsv
[1.999s] -- Symlinking: /home/diego/Workspaces/ros2_control_diffbot_ws/install/controller_manager/share/controller_manager/package.dsv
[2.030s] -- Up-to-date symlink: /home/diego/Workspaces/ros2_control_diffbot_ws/install/controller_manager/share/ament_index/resource_index/packages/controller_manager
[2.032s] -- Up-to-date symlink: /home/diego/Workspaces/ros2_control_diffbot_ws/install/controller_manager/share/ament_index/resource_index/controller_interface__pluginlib__plugin/controller_manager
[2.035s] -- Up-to-date symlink: /home/diego/Workspaces/ros2_control_diffbot_ws/install/controller_manager/share/controller_manager/cmake/ament_cmake_export_libraries-extras.cmake
[2.037s] -- Up-to-date symlink: /home/diego/Workspaces/ros2_control_diffbot_ws/install/controller_manager/share/controller_manager/cmake/ament_cmake_export_include_directories-extras.cmake
[2.040s] -- Up-to-date symlink: /home/diego/Workspaces/ros2_control_diffbot_ws/install/controller_manager/share/controller_manager/cmake/ament_cmake_export_dependencies-extras.cmake
[2.043s] -- Up-to-date symlink: /home/diego/Workspaces/ros2_control_diffbot_ws/install/controller_manager/share/controller_manager/cmake/controller_managerConfig.cmake
[2.045s] -- Up-to-date symlink: /home/diego/Workspaces/ros2_control_diffbot_ws/install/controller_manager/share/controller_manager/cmake/controller_managerConfig-version.cmake
[2.048s] -- Up-to-date symlink: /home/diego/Workspaces/ros2_control_diffbot_ws/install/controller_manager/share/controller_manager/package.xml
[2.143s] Listing '/home/diego/Workspaces/ros2_control_diffbot_ws/install/controller_manager/lib/python3.8/site-packages/controller_manager'...
[2.170s] Invoked command in '/home/diego/Workspaces/ros2_control_diffbot_ws/build/controller_manager' returned '0': AMENT_PREFIX_PATH=/home/diego/Workspaces/ros2_control_diffbot_ws/install/controller_interface:/home/diego/Workspaces/ros2_control_diffbot_ws/install/hardware_interface:/home/diego/Workspaces/ros2_control_diffbot_ws/install/ros2_control_test_assets:/home/diego/Workspaces/ros2_control_diffbot_ws/install/controller_manager_msgs:/home/diego/Workspaces/ros2_control_diffbot_ws/install/control_msgs:${AMENT_PREFIX_PATH} CMAKE_PREFIX_PATH=/home/diego/Workspaces/ros2_control_diffbot_ws/install/controller_interface:/home/diego/Workspaces/ros2_control_diffbot_ws/install/hardware_interface:/home/diego/Workspaces/ros2_control_diffbot_ws/install/ros2_control_test_assets:/home/diego/Workspaces/ros2_control_diffbot_ws/install/controller_manager_msgs:/home/diego/Workspaces/ros2_control_diffbot_ws/install/control_msgs:/opt/ros/foxy LD_LIBRARY_PATH=/home/diego/Workspaces/ros2_control_diffbot_ws/install/controller_interface/lib:/home/diego/Workspaces/ros2_control_diffbot_ws/install/hardware_interface/lib:/home/diego/Workspaces/ros2_control_diffbot_ws/install/controller_manager_msgs/lib:/home/diego/Workspaces/ros2_control_diffbot_ws/install/control_msgs/lib:${LD_LIBRARY_PATH} PYTHONPATH=/home/diego/Workspaces/ros2_control_diffbot_ws/install/controller_manager_msgs/lib/python3.8/site-packages:/home/diego/Workspaces/ros2_control_diffbot_ws/install/control_msgs/lib/python3.8/site-packages:${PYTHONPATH} /usr/bin/cmake --install /home/diego/Workspaces/ros2_control_diffbot_ws/build/controller_manager
