[0.462s] DEBUG:colcon:Command line arguments: ['/usr/bin/colcon', 'build', '--packages-select', 'diffbot_description']
[0.462s] DEBUG:colcon:Parsed command line arguments: Namespace(allow_overriding=[], ament_cmake_args=None, base_paths=['.'], build_base='build', catkin_cmake_args=None, catkin_skip_building_tests=False, cmake_args=None, cmake_clean_cache=False, cmake_clean_first=False, cmake_force_configure=False, cmake_target=None, cmake_target_skip_unavailable=False, continue_on_error=False, event_handlers=None, executor='parallel', ignore_user_meta=False, install_base='install', log_base=None, log_level=None, main=<bound method BuildVerb.main of <colcon_core.verb.build.BuildVerb object at 0x7f320312ba60>>, merge_install=False, metas=['./colcon.meta'], packages_above=None, packages_above_and_dependencies=None, packages_above_depth=None, packages_end=None, packages_ignore=None, packages_ignore_regex=None, packages_select=['diffbot_description'], packages_select_build_failed=False, packages_select_by_dep=None, packages_select_regex=None, packages_select_test_failures=False, packages_skip=None, packages_skip_build_finished=False, packages_skip_by_dep=None, packages_skip_regex=None, packages_skip_test_passed=False, packages_skip_up_to=None, packages_start=None, packages_up_to=None, packages_up_to_regex=None, parallel_workers=2, paths=None, symlink_install=False, test_result_base=None, verb_extension=<colcon_core.verb.build.BuildVerb object at 0x7f320312ba60>, verb_name='build', verb_parser=<colcon_defaults.argument_parser.defaults.DefaultArgumentsDecorator object at 0x7f3203135040>)
[0.531s] Level 1:colcon.colcon_core.package_discovery:discover_packages(colcon_meta) check parameters
[0.531s] Level 1:colcon.colcon_core.package_discovery:discover_packages(recursive) check parameters
[0.531s] Level 1:colcon.colcon_core.package_discovery:discover_packages(ignore) check parameters
[0.531s] Level 1:colcon.colcon_core.package_discovery:discover_packages(path) check parameters
[0.531s] Level 1:colcon.colcon_core.package_discovery:discover_packages(colcon_meta) discover
[0.531s] Level 1:colcon.colcon_core.package_discovery:discover_packages(recursive) discover
[0.531s] INFO:colcon.colcon_core.package_discovery:Crawling recursively for packages in '/home/diego/Workspaces/ros2_control_diffbot_ws/src'
[0.532s] Level 1:colcon.colcon_core.package_identification:_identify(.) by extensions ['ignore', 'ignore_ament_install']
[0.532s] Level 1:colcon.colcon_core.package_identification:_identify(.) by extension 'ignore'
[0.532s] Level 1:colcon.colcon_core.package_identification:_identify(.) by extension 'ignore_ament_install'
[0.532s] Level 1:colcon.colcon_core.package_identification:_identify(.) by extensions ['colcon_pkg']
[0.532s] Level 1:colcon.colcon_core.package_identification:_identify(.) by extension 'colcon_pkg'
[0.532s] Level 1:colcon.colcon_core.package_identification:_identify(.) by extensions ['colcon_meta']
[0.532s] Level 1:colcon.colcon_core.package_identification:_identify(.) by extension 'colcon_meta'
[0.533s] Level 1:colcon.colcon_core.package_identification:_identify(.) by extensions ['ros']
[0.533s] Level 1:colcon.colcon_core.package_identification:_identify(.) by extension 'ros'
[0.564s] Level 1:colcon.colcon_core.package_identification:_identify(.) by extensions ['cmake', 'python']
[0.564s] Level 1:colcon.colcon_core.package_identification:_identify(.) by extension 'cmake'
[0.564s] Level 1:colcon.colcon_core.package_identification:_identify(.) by extension 'python'
[0.564s] Level 1:colcon.colcon_core.package_identification:_identify(.) by extensions ['python_setup_py']
[0.564s] Level 1:colcon.colcon_core.package_identification:_identify(.) by extension 'python_setup_py'
[0.565s] Level 1:colcon.colcon_core.package_identification:_identify(build) by extensions ['ignore', 'ignore_ament_install']
[0.565s] Level 1:colcon.colcon_core.package_identification:_identify(build) by extension 'ignore'
[0.565s] Level 1:colcon.colcon_core.package_identification:_identify(build) ignored
[0.565s] Level 1:colcon.colcon_core.package_identification:_identify(control_msgs) by extensions ['ignore', 'ignore_ament_install']
[0.566s] Level 1:colcon.colcon_core.package_identification:_identify(control_msgs) by extension 'ignore'
[0.566s] Level 1:colcon.colcon_core.package_identification:_identify(control_msgs) by extension 'ignore_ament_install'
[0.566s] Level 1:colcon.colcon_core.package_identification:_identify(control_msgs) by extensions ['colcon_pkg']
[0.566s] Level 1:colcon.colcon_core.package_identification:_identify(control_msgs) by extension 'colcon_pkg'
[0.566s] Level 1:colcon.colcon_core.package_identification:_identify(control_msgs) by extensions ['colcon_meta']
[0.566s] Level 1:colcon.colcon_core.package_identification:_identify(control_msgs) by extension 'colcon_meta'
[0.567s] Level 1:colcon.colcon_core.package_identification:_identify(control_msgs) by extensions ['ros']
[0.567s] Level 1:colcon.colcon_core.package_identification:_identify(control_msgs) by extension 'ros'
[0.567s] Level 1:colcon.colcon_core.package_identification:_identify(control_msgs) by extensions ['cmake', 'python']
[0.567s] Level 1:colcon.colcon_core.package_identification:_identify(control_msgs) by extension 'cmake'
[0.567s] Level 1:colcon.colcon_core.package_identification:_identify(control_msgs) by extension 'python'
[0.567s] Level 1:colcon.colcon_core.package_identification:_identify(control_msgs) by extensions ['python_setup_py']
[0.567s] Level 1:colcon.colcon_core.package_identification:_identify(control_msgs) by extension 'python_setup_py'
[0.567s] Level 1:colcon.colcon_core.package_identification:_identify(control_msgs/control_msgs) by extensions ['ignore', 'ignore_ament_install']
[0.568s] Level 1:colcon.colcon_core.package_identification:_identify(control_msgs/control_msgs) by extension 'ignore'
[0.568s] Level 1:colcon.colcon_core.package_identification:_identify(control_msgs/control_msgs) by extension 'ignore_ament_install'
[0.568s] Level 1:colcon.colcon_core.package_identification:_identify(control_msgs/control_msgs) by extensions ['colcon_pkg']
[0.568s] Level 1:colcon.colcon_core.package_identification:_identify(control_msgs/control_msgs) by extension 'colcon_pkg'
[0.568s] Level 1:colcon.colcon_core.package_identification:_identify(control_msgs/control_msgs) by extensions ['colcon_meta']
[0.568s] Level 1:colcon.colcon_core.package_identification:_identify(control_msgs/control_msgs) by extension 'colcon_meta'
[0.568s] Level 1:colcon.colcon_core.package_identification:_identify(control_msgs/control_msgs) by extensions ['ros']
[0.568s] Level 1:colcon.colcon_core.package_identification:_identify(control_msgs/control_msgs) by extension 'ros'
[0.579s] DEBUG:colcon.colcon_core.package_identification:Package 'control_msgs/control_msgs' with type 'ros.ament_cmake' and name 'control_msgs'
[0.580s] Level 1:colcon.colcon_core.package_identification:_identify(install) by extensions ['ignore', 'ignore_ament_install']
[0.580s] Level 1:colcon.colcon_core.package_identification:_identify(install) by extension 'ignore'
[0.581s] Level 1:colcon.colcon_core.package_identification:_identify(install) ignored
[0.581s] Level 1:colcon.colcon_core.package_identification:_identify(log) by extensions ['ignore', 'ignore_ament_install']
[0.581s] Level 1:colcon.colcon_core.package_identification:_identify(log) by extension 'ignore'
[0.582s] Level 1:colcon.colcon_core.package_identification:_identify(log) ignored
[0.582s] Level 1:colcon.colcon_core.package_identification:_identify(python_dev) by extensions ['ignore', 'ignore_ament_install']
[0.583s] Level 1:colcon.colcon_core.package_identification:_identify(python_dev) by extension 'ignore'
[0.583s] Level 1:colcon.colcon_core.package_identification:_identify(python_dev) by extension 'ignore_ament_install'
[0.583s] Level 1:colcon.colcon_core.package_identification:_identify(python_dev) by extensions ['colcon_pkg']
[0.583s] Level 1:colcon.colcon_core.package_identification:_identify(python_dev) by extension 'colcon_pkg'
[0.584s] Level 1:colcon.colcon_core.package_identification:_identify(python_dev) by extensions ['colcon_meta']
[0.584s] Level 1:colcon.colcon_core.package_identification:_identify(python_dev) by extension 'colcon_meta'
[0.584s] Level 1:colcon.colcon_core.package_identification:_identify(python_dev) by extensions ['ros']
[0.584s] Level 1:colcon.colcon_core.package_identification:_identify(python_dev) by extension 'ros'
[0.584s] Level 1:colcon.colcon_core.package_identification:_identify(python_dev) by extensions ['cmake', 'python']
[0.584s] Level 1:colcon.colcon_core.package_identification:_identify(python_dev) by extension 'cmake'
[0.584s] Level 1:colcon.colcon_core.package_identification:_identify(python_dev) by extension 'python'
[0.585s] Level 1:colcon.colcon_core.package_identification:_identify(python_dev) by extensions ['python_setup_py']
[0.585s] Level 1:colcon.colcon_core.package_identification:_identify(python_dev) by extension 'python_setup_py'
[0.585s] Level 1:colcon.colcon_core.package_identification:_identify(python_dev/build) by extensions ['ignore', 'ignore_ament_install']
[0.585s] Level 1:colcon.colcon_core.package_identification:_identify(python_dev/build) by extension 'ignore'
[0.585s] Level 1:colcon.colcon_core.package_identification:_identify(python_dev/build) ignored
[0.586s] Level 1:colcon.colcon_core.package_identification:_identify(python_dev/install) by extensions ['ignore', 'ignore_ament_install']
[0.586s] Level 1:colcon.colcon_core.package_identification:_identify(python_dev/install) by extension 'ignore'
[0.586s] Level 1:colcon.colcon_core.package_identification:_identify(python_dev/install) ignored
[0.586s] Level 1:colcon.colcon_core.package_identification:_identify(python_dev/log) by extensions ['ignore', 'ignore_ament_install']
[0.586s] Level 1:colcon.colcon_core.package_identification:_identify(python_dev/log) by extension 'ignore'
[0.586s] Level 1:colcon.colcon_core.package_identification:_identify(python_dev/log) ignored
[0.587s] Level 1:colcon.colcon_core.package_identification:_identify(python_dev/src) by extensions ['ignore', 'ignore_ament_install']
[0.587s] Level 1:colcon.colcon_core.package_identification:_identify(python_dev/src) by extension 'ignore'
[0.587s] Level 1:colcon.colcon_core.package_identification:_identify(python_dev/src) by extension 'ignore_ament_install'
[0.587s] Level 1:colcon.colcon_core.package_identification:_identify(python_dev/src) by extensions ['colcon_pkg']
[0.587s] Level 1:colcon.colcon_core.package_identification:_identify(python_dev/src) by extension 'colcon_pkg'
[0.587s] Level 1:colcon.colcon_core.package_identification:_identify(python_dev/src) by extensions ['colcon_meta']
[0.587s] Level 1:colcon.colcon_core.package_identification:_identify(python_dev/src) by extension 'colcon_meta'
[0.588s] Level 1:colcon.colcon_core.package_identification:_identify(python_dev/src) by extensions ['ros']
[0.588s] Level 1:colcon.colcon_core.package_identification:_identify(python_dev/src) by extension 'ros'
[0.588s] Level 1:colcon.colcon_core.package_identification:_identify(python_dev/src) by extensions ['cmake', 'python']
[0.588s] Level 1:colcon.colcon_core.package_identification:_identify(python_dev/src) by extension 'cmake'
[0.588s] Level 1:colcon.colcon_core.package_identification:_identify(python_dev/src) by extension 'python'
[0.588s] Level 1:colcon.colcon_core.package_identification:_identify(python_dev/src) by extensions ['python_setup_py']
[0.588s] Level 1:colcon.colcon_core.package_identification:_identify(python_dev/src) by extension 'python_setup_py'
[0.589s] Level 1:colcon.colcon_core.package_identification:_identify(python_dev/src/package_python) by extensions ['ignore', 'ignore_ament_install']
[0.589s] Level 1:colcon.colcon_core.package_identification:_identify(python_dev/src/package_python) by extension 'ignore'
[0.589s] Level 1:colcon.colcon_core.package_identification:_identify(python_dev/src/package_python) by extension 'ignore_ament_install'
[0.590s] Level 1:colcon.colcon_core.package_identification:_identify(python_dev/src/package_python) by extensions ['colcon_pkg']
[0.590s] Level 1:colcon.colcon_core.package_identification:_identify(python_dev/src/package_python) by extension 'colcon_pkg'
[0.590s] Level 1:colcon.colcon_core.package_identification:_identify(python_dev/src/package_python) by extensions ['colcon_meta']
[0.590s] Level 1:colcon.colcon_core.package_identification:_identify(python_dev/src/package_python) by extension 'colcon_meta'
[0.590s] Level 1:colcon.colcon_core.package_identification:_identify(python_dev/src/package_python) by extensions ['ros']
[0.590s] Level 1:colcon.colcon_core.package_identification:_identify(python_dev/src/package_python) by extension 'ros'
[0.592s] DEBUG:colcon.colcon_core.package_identification:Package 'python_dev/src/package_python' with type 'ros.ament_python' and name 'package_python'
[0.593s] Level 1:colcon.colcon_core.package_identification:_identify(realtime_tools) by extensions ['ignore', 'ignore_ament_install']
[0.593s] Level 1:colcon.colcon_core.package_identification:_identify(realtime_tools) by extension 'ignore'
[0.593s] Level 1:colcon.colcon_core.package_identification:_identify(realtime_tools) by extension 'ignore_ament_install'
[0.593s] Level 1:colcon.colcon_core.package_identification:_identify(realtime_tools) by extensions ['colcon_pkg']
[0.593s] Level 1:colcon.colcon_core.package_identification:_identify(realtime_tools) by extension 'colcon_pkg'
[0.593s] Level 1:colcon.colcon_core.package_identification:_identify(realtime_tools) by extensions ['colcon_meta']
[0.593s] Level 1:colcon.colcon_core.package_identification:_identify(realtime_tools) by extension 'colcon_meta'
[0.594s] Level 1:colcon.colcon_core.package_identification:_identify(realtime_tools) by extensions ['ros']
[0.594s] Level 1:colcon.colcon_core.package_identification:_identify(realtime_tools) by extension 'ros'
[0.597s] DEBUG:colcon.colcon_core.package_identification:Package 'realtime_tools' with type 'ros.ament_cmake' and name 'realtime_tools'
[0.597s] Level 1:colcon.colcon_core.package_identification:_identify(ros2_control) by extensions ['ignore', 'ignore_ament_install']
[0.597s] Level 1:colcon.colcon_core.package_identification:_identify(ros2_control) by extension 'ignore'
[0.597s] Level 1:colcon.colcon_core.package_identification:_identify(ros2_control) by extension 'ignore_ament_install'
[0.598s] Level 1:colcon.colcon_core.package_identification:_identify(ros2_control) by extensions ['colcon_pkg']
[0.598s] Level 1:colcon.colcon_core.package_identification:_identify(ros2_control) by extension 'colcon_pkg'
[0.598s] Level 1:colcon.colcon_core.package_identification:_identify(ros2_control) by extensions ['colcon_meta']
[0.598s] Level 1:colcon.colcon_core.package_identification:_identify(ros2_control) by extension 'colcon_meta'
[0.598s] Level 1:colcon.colcon_core.package_identification:_identify(ros2_control) by extensions ['ros']
[0.598s] Level 1:colcon.colcon_core.package_identification:_identify(ros2_control) by extension 'ros'
[0.598s] Level 1:colcon.colcon_core.package_identification:_identify(ros2_control) by extensions ['cmake', 'python']
[0.598s] Level 1:colcon.colcon_core.package_identification:_identify(ros2_control) by extension 'cmake'
[0.598s] Level 1:colcon.colcon_core.package_identification:_identify(ros2_control) by extension 'python'
[0.599s] Level 1:colcon.colcon_core.package_identification:_identify(ros2_control) by extensions ['python_setup_py']
[0.599s] Level 1:colcon.colcon_core.package_identification:_identify(ros2_control) by extension 'python_setup_py'
[0.599s] Level 1:colcon.colcon_core.package_identification:_identify(ros2_control/controller_interface) by extensions ['ignore', 'ignore_ament_install']
[0.599s] Level 1:colcon.colcon_core.package_identification:_identify(ros2_control/controller_interface) by extension 'ignore'
[0.599s] Level 1:colcon.colcon_core.package_identification:_identify(ros2_control/controller_interface) by extension 'ignore_ament_install'
[0.599s] Level 1:colcon.colcon_core.package_identification:_identify(ros2_control/controller_interface) by extensions ['colcon_pkg']
[0.599s] Level 1:colcon.colcon_core.package_identification:_identify(ros2_control/controller_interface) by extension 'colcon_pkg'
[0.599s] Level 1:colcon.colcon_core.package_identification:_identify(ros2_control/controller_interface) by extensions ['colcon_meta']
[0.600s] Level 1:colcon.colcon_core.package_identification:_identify(ros2_control/controller_interface) by extension 'colcon_meta'
[0.600s] Level 1:colcon.colcon_core.package_identification:_identify(ros2_control/controller_interface) by extensions ['ros']
[0.600s] Level 1:colcon.colcon_core.package_identification:_identify(ros2_control/controller_interface) by extension 'ros'
[0.601s] DEBUG:colcon.colcon_core.package_identification:Package 'ros2_control/controller_interface' with type 'ros.ament_cmake' and name 'controller_interface'
[0.602s] Level 1:colcon.colcon_core.package_identification:_identify(ros2_control/controller_manager) by extensions ['ignore', 'ignore_ament_install']
[0.602s] Level 1:colcon.colcon_core.package_identification:_identify(ros2_control/controller_manager) by extension 'ignore'
[0.602s] Level 1:colcon.colcon_core.package_identification:_identify(ros2_control/controller_manager) by extension 'ignore_ament_install'
[0.602s] Level 1:colcon.colcon_core.package_identification:_identify(ros2_control/controller_manager) by extensions ['colcon_pkg']
[0.603s] Level 1:colcon.colcon_core.package_identification:_identify(ros2_control/controller_manager) by extension 'colcon_pkg'
[0.603s] Level 1:colcon.colcon_core.package_identification:_identify(ros2_control/controller_manager) by extensions ['colcon_meta']
[0.603s] Level 1:colcon.colcon_core.package_identification:_identify(ros2_control/controller_manager) by extension 'colcon_meta'
[0.603s] Level 1:colcon.colcon_core.package_identification:_identify(ros2_control/controller_manager) by extensions ['ros']
[0.603s] Level 1:colcon.colcon_core.package_identification:_identify(ros2_control/controller_manager) by extension 'ros'
[0.607s] DEBUG:colcon.colcon_core.package_identification:Package 'ros2_control/controller_manager' with type 'ros.ament_cmake' and name 'controller_manager'
[0.607s] Level 1:colcon.colcon_core.package_identification:_identify(ros2_control/controller_manager_msgs) by extensions ['ignore', 'ignore_ament_install']
[0.607s] Level 1:colcon.colcon_core.package_identification:_identify(ros2_control/controller_manager_msgs) by extension 'ignore'
[0.607s] Level 1:colcon.colcon_core.package_identification:_identify(ros2_control/controller_manager_msgs) by extension 'ignore_ament_install'
[0.607s] Level 1:colcon.colcon_core.package_identification:_identify(ros2_control/controller_manager_msgs) by extensions ['colcon_pkg']
[0.608s] Level 1:colcon.colcon_core.package_identification:_identify(ros2_control/controller_manager_msgs) by extension 'colcon_pkg'
[0.608s] Level 1:colcon.colcon_core.package_identification:_identify(ros2_control/controller_manager_msgs) by extensions ['colcon_meta']
[0.608s] Level 1:colcon.colcon_core.package_identification:_identify(ros2_control/controller_manager_msgs) by extension 'colcon_meta'
[0.608s] Level 1:colcon.colcon_core.package_identification:_identify(ros2_control/controller_manager_msgs) by extensions ['ros']
[0.608s] Level 1:colcon.colcon_core.package_identification:_identify(ros2_control/controller_manager_msgs) by extension 'ros'
[0.610s] DEBUG:colcon.colcon_core.package_identification:Package 'ros2_control/controller_manager_msgs' with type 'ros.ament_cmake' and name 'controller_manager_msgs'
[0.610s] Level 1:colcon.colcon_core.package_identification:_identify(ros2_control/doc) by extensions ['ignore', 'ignore_ament_install']
[0.610s] Level 1:colcon.colcon_core.package_identification:_identify(ros2_control/doc) by extension 'ignore'
[0.611s] Level 1:colcon.colcon_core.package_identification:_identify(ros2_control/doc) by extension 'ignore_ament_install'
[0.611s] Level 1:colcon.colcon_core.package_identification:_identify(ros2_control/doc) by extensions ['colcon_pkg']
[0.611s] Level 1:colcon.colcon_core.package_identification:_identify(ros2_control/doc) by extension 'colcon_pkg'
[0.611s] Level 1:colcon.colcon_core.package_identification:_identify(ros2_control/doc) by extensions ['colcon_meta']
[0.611s] Level 1:colcon.colcon_core.package_identification:_identify(ros2_control/doc) by extension 'colcon_meta'
[0.611s] Level 1:colcon.colcon_core.package_identification:_identify(ros2_control/doc) by extensions ['ros']
[0.611s] Level 1:colcon.colcon_core.package_identification:_identify(ros2_control/doc) by extension 'ros'
[0.611s] Level 1:colcon.colcon_core.package_identification:_identify(ros2_control/doc) by extensions ['cmake', 'python']
[0.612s] Level 1:colcon.colcon_core.package_identification:_identify(ros2_control/doc) by extension 'cmake'
[0.612s] Level 1:colcon.colcon_core.package_identification:_identify(ros2_control/doc) by extension 'python'
[0.612s] Level 1:colcon.colcon_core.package_identification:_identify(ros2_control/doc) by extensions ['python_setup_py']
[0.612s] Level 1:colcon.colcon_core.package_identification:_identify(ros2_control/doc) by extension 'python_setup_py'
[0.612s] Level 1:colcon.colcon_core.package_identification:_identify(ros2_control/hardware_interface) by extensions ['ignore', 'ignore_ament_install']
[0.612s] Level 1:colcon.colcon_core.package_identification:_identify(ros2_control/hardware_interface) by extension 'ignore'
[0.613s] Level 1:colcon.colcon_core.package_identification:_identify(ros2_control/hardware_interface) by extension 'ignore_ament_install'
[0.613s] Level 1:colcon.colcon_core.package_identification:_identify(ros2_control/hardware_interface) by extensions ['colcon_pkg']
[0.613s] Level 1:colcon.colcon_core.package_identification:_identify(ros2_control/hardware_interface) by extension 'colcon_pkg'
[0.614s] Level 1:colcon.colcon_core.package_identification:_identify(ros2_control/hardware_interface) by extensions ['colcon_meta']
[0.614s] Level 1:colcon.colcon_core.package_identification:_identify(ros2_control/hardware_interface) by extension 'colcon_meta'
[0.614s] Level 1:colcon.colcon_core.package_identification:_identify(ros2_control/hardware_interface) by extensions ['ros']
[0.614s] Level 1:colcon.colcon_core.package_identification:_identify(ros2_control/hardware_interface) by extension 'ros'
[0.618s] DEBUG:colcon.colcon_core.package_identification:Package 'ros2_control/hardware_interface' with type 'ros.ament_cmake' and name 'hardware_interface'
[0.618s] Level 1:colcon.colcon_core.package_identification:_identify(ros2_control/joint_limits_interface) by extensions ['ignore', 'ignore_ament_install']
[0.618s] Level 1:colcon.colcon_core.package_identification:_identify(ros2_control/joint_limits_interface) by extension 'ignore'
[0.618s] Level 1:colcon.colcon_core.package_identification:_identify(ros2_control/joint_limits_interface) ignored
[0.619s] Level 1:colcon.colcon_core.package_identification:_identify(ros2_control/ros2_control) by extensions ['ignore', 'ignore_ament_install']
[0.619s] Level 1:colcon.colcon_core.package_identification:_identify(ros2_control/ros2_control) by extension 'ignore'
[0.619s] Level 1:colcon.colcon_core.package_identification:_identify(ros2_control/ros2_control) by extension 'ignore_ament_install'
[0.619s] Level 1:colcon.colcon_core.package_identification:_identify(ros2_control/ros2_control) by extensions ['colcon_pkg']
[0.619s] Level 1:colcon.colcon_core.package_identification:_identify(ros2_control/ros2_control) by extension 'colcon_pkg'
[0.619s] Level 1:colcon.colcon_core.package_identification:_identify(ros2_control/ros2_control) by extensions ['colcon_meta']
[0.619s] Level 1:colcon.colcon_core.package_identification:_identify(ros2_control/ros2_control) by extension 'colcon_meta'
[0.620s] Level 1:colcon.colcon_core.package_identification:_identify(ros2_control/ros2_control) by extensions ['ros']
[0.620s] Level 1:colcon.colcon_core.package_identification:_identify(ros2_control/ros2_control) by extension 'ros'
[0.621s] DEBUG:colcon.colcon_core.package_identification:Package 'ros2_control/ros2_control' with type 'ros.ament_cmake' and name 'ros2_control'
[0.622s] Level 1:colcon.colcon_core.package_identification:_identify(ros2_control/ros2_control_test_assets) by extensions ['ignore', 'ignore_ament_install']
[0.622s] Level 1:colcon.colcon_core.package_identification:_identify(ros2_control/ros2_control_test_assets) by extension 'ignore'
[0.622s] Level 1:colcon.colcon_core.package_identification:_identify(ros2_control/ros2_control_test_assets) by extension 'ignore_ament_install'
[0.622s] Level 1:colcon.colcon_core.package_identification:_identify(ros2_control/ros2_control_test_assets) by extensions ['colcon_pkg']
[0.622s] Level 1:colcon.colcon_core.package_identification:_identify(ros2_control/ros2_control_test_assets) by extension 'colcon_pkg'
[0.622s] Level 1:colcon.colcon_core.package_identification:_identify(ros2_control/ros2_control_test_assets) by extensions ['colcon_meta']
[0.622s] Level 1:colcon.colcon_core.package_identification:_identify(ros2_control/ros2_control_test_assets) by extension 'colcon_meta'
[0.623s] Level 1:colcon.colcon_core.package_identification:_identify(ros2_control/ros2_control_test_assets) by extensions ['ros']
[0.623s] Level 1:colcon.colcon_core.package_identification:_identify(ros2_control/ros2_control_test_assets) by extension 'ros'
[0.624s] DEBUG:colcon.colcon_core.package_identification:Package 'ros2_control/ros2_control_test_assets' with type 'ros.ament_cmake' and name 'ros2_control_test_assets'
[0.624s] Level 1:colcon.colcon_core.package_identification:_identify(ros2_control/ros2controlcli) by extensions ['ignore', 'ignore_ament_install']
[0.625s] Level 1:colcon.colcon_core.package_identification:_identify(ros2_control/ros2controlcli) by extension 'ignore'
[0.625s] Level 1:colcon.colcon_core.package_identification:_identify(ros2_control/ros2controlcli) by extension 'ignore_ament_install'
[0.625s] Level 1:colcon.colcon_core.package_identification:_identify(ros2_control/ros2controlcli) by extensions ['colcon_pkg']
[0.625s] Level 1:colcon.colcon_core.package_identification:_identify(ros2_control/ros2controlcli) by extension 'colcon_pkg'
[0.625s] Level 1:colcon.colcon_core.package_identification:_identify(ros2_control/ros2controlcli) by extensions ['colcon_meta']
[0.626s] Level 1:colcon.colcon_core.package_identification:_identify(ros2_control/ros2controlcli) by extension 'colcon_meta'
[0.626s] Level 1:colcon.colcon_core.package_identification:_identify(ros2_control/ros2controlcli) by extensions ['ros']
[0.626s] Level 1:colcon.colcon_core.package_identification:_identify(ros2_control/ros2controlcli) by extension 'ros'
[0.630s] DEBUG:colcon.colcon_core.package_identification:Package 'ros2_control/ros2controlcli' with type 'ros.ament_python' and name 'ros2controlcli'
[0.631s] Level 1:colcon.colcon_core.package_identification:_identify(ros2_control/transmission_interface) by extensions ['ignore', 'ignore_ament_install']
[0.631s] Level 1:colcon.colcon_core.package_identification:_identify(ros2_control/transmission_interface) by extension 'ignore'
[0.631s] Level 1:colcon.colcon_core.package_identification:_identify(ros2_control/transmission_interface) by extension 'ignore_ament_install'
[0.631s] Level 1:colcon.colcon_core.package_identification:_identify(ros2_control/transmission_interface) by extensions ['colcon_pkg']
[0.631s] Level 1:colcon.colcon_core.package_identification:_identify(ros2_control/transmission_interface) by extension 'colcon_pkg'
[0.632s] Level 1:colcon.colcon_core.package_identification:_identify(ros2_control/transmission_interface) by extensions ['colcon_meta']
[0.632s] Level 1:colcon.colcon_core.package_identification:_identify(ros2_control/transmission_interface) by extension 'colcon_meta'
[0.632s] Level 1:colcon.colcon_core.package_identification:_identify(ros2_control/transmission_interface) by extensions ['ros']
[0.632s] Level 1:colcon.colcon_core.package_identification:_identify(ros2_control/transmission_interface) by extension 'ros'
[0.633s] DEBUG:colcon.colcon_core.package_identification:Package 'ros2_control/transmission_interface' with type 'ros.ament_cmake' and name 'transmission_interface'
[0.634s] Level 1:colcon.colcon_core.package_identification:_identify(ros2_control_demos) by extensions ['ignore', 'ignore_ament_install']
[0.634s] Level 1:colcon.colcon_core.package_identification:_identify(ros2_control_demos) by extension 'ignore'
[0.634s] Level 1:colcon.colcon_core.package_identification:_identify(ros2_control_demos) by extension 'ignore_ament_install'
[0.634s] Level 1:colcon.colcon_core.package_identification:_identify(ros2_control_demos) by extensions ['colcon_pkg']
[0.634s] Level 1:colcon.colcon_core.package_identification:_identify(ros2_control_demos) by extension 'colcon_pkg'
[0.635s] Level 1:colcon.colcon_core.package_identification:_identify(ros2_control_demos) by extensions ['colcon_meta']
[0.635s] Level 1:colcon.colcon_core.package_identification:_identify(ros2_control_demos) by extension 'colcon_meta'
[0.635s] Level 1:colcon.colcon_core.package_identification:_identify(ros2_control_demos) by extensions ['ros']
[0.635s] Level 1:colcon.colcon_core.package_identification:_identify(ros2_control_demos) by extension 'ros'
[0.635s] Level 1:colcon.colcon_core.package_identification:_identify(ros2_control_demos) by extensions ['cmake', 'python']
[0.635s] Level 1:colcon.colcon_core.package_identification:_identify(ros2_control_demos) by extension 'cmake'
[0.635s] Level 1:colcon.colcon_core.package_identification:_identify(ros2_control_demos) by extension 'python'
[0.635s] Level 1:colcon.colcon_core.package_identification:_identify(ros2_control_demos) by extensions ['python_setup_py']
[0.635s] Level 1:colcon.colcon_core.package_identification:_identify(ros2_control_demos) by extension 'python_setup_py'
[0.636s] Level 1:colcon.colcon_core.package_identification:_identify(ros2_control_demos/build) by extensions ['ignore', 'ignore_ament_install']
[0.636s] Level 1:colcon.colcon_core.package_identification:_identify(ros2_control_demos/build) by extension 'ignore'
[0.636s] Level 1:colcon.colcon_core.package_identification:_identify(ros2_control_demos/build) ignored
[0.636s] Level 1:colcon.colcon_core.package_identification:_identify(ros2_control_demos/doc) by extensions ['ignore', 'ignore_ament_install']
[0.636s] Level 1:colcon.colcon_core.package_identification:_identify(ros2_control_demos/doc) by extension 'ignore'
[0.636s] Level 1:colcon.colcon_core.package_identification:_identify(ros2_control_demos/doc) by extension 'ignore_ament_install'
[0.636s] Level 1:colcon.colcon_core.package_identification:_identify(ros2_control_demos/doc) by extensions ['colcon_pkg']
[0.637s] Level 1:colcon.colcon_core.package_identification:_identify(ros2_control_demos/doc) by extension 'colcon_pkg'
[0.637s] Level 1:colcon.colcon_core.package_identification:_identify(ros2_control_demos/doc) by extensions ['colcon_meta']
[0.637s] Level 1:colcon.colcon_core.package_identification:_identify(ros2_control_demos/doc) by extension 'colcon_meta'
[0.637s] Level 1:colcon.colcon_core.package_identification:_identify(ros2_control_demos/doc) by extensions ['ros']
[0.637s] Level 1:colcon.colcon_core.package_identification:_identify(ros2_control_demos/doc) by extension 'ros'
[0.637s] Level 1:colcon.colcon_core.package_identification:_identify(ros2_control_demos/doc) by extensions ['cmake', 'python']
[0.637s] Level 1:colcon.colcon_core.package_identification:_identify(ros2_control_demos/doc) by extension 'cmake'
[0.637s] Level 1:colcon.colcon_core.package_identification:_identify(ros2_control_demos/doc) by extension 'python'
[0.637s] Level 1:colcon.colcon_core.package_identification:_identify(ros2_control_demos/doc) by extensions ['python_setup_py']
[0.637s] Level 1:colcon.colcon_core.package_identification:_identify(ros2_control_demos/doc) by extension 'python_setup_py'
[0.638s] Level 1:colcon.colcon_core.package_identification:_identify(ros2_control_demos/install) by extensions ['ignore', 'ignore_ament_install']
[0.638s] Level 1:colcon.colcon_core.package_identification:_identify(ros2_control_demos/install) by extension 'ignore'
[0.638s] Level 1:colcon.colcon_core.package_identification:_identify(ros2_control_demos/install) ignored
[0.638s] Level 1:colcon.colcon_core.package_identification:_identify(ros2_control_demos/log) by extensions ['ignore', 'ignore_ament_install']
[0.639s] Level 1:colcon.colcon_core.package_identification:_identify(ros2_control_demos/log) by extension 'ignore'
[0.639s] Level 1:colcon.colcon_core.package_identification:_identify(ros2_control_demos/log) ignored
[0.639s] Level 1:colcon.colcon_core.package_identification:_identify(ros2_control_demos/ros2_control_demo_bringup) by extensions ['ignore', 'ignore_ament_install']
[0.639s] Level 1:colcon.colcon_core.package_identification:_identify(ros2_control_demos/ros2_control_demo_bringup) by extension 'ignore'
[0.639s] Level 1:colcon.colcon_core.package_identification:_identify(ros2_control_demos/ros2_control_demo_bringup) by extension 'ignore_ament_install'
[0.639s] Level 1:colcon.colcon_core.package_identification:_identify(ros2_control_demos/ros2_control_demo_bringup) by extensions ['colcon_pkg']
[0.639s] Level 1:colcon.colcon_core.package_identification:_identify(ros2_control_demos/ros2_control_demo_bringup) by extension 'colcon_pkg'
[0.639s] Level 1:colcon.colcon_core.package_identification:_identify(ros2_control_demos/ros2_control_demo_bringup) by extensions ['colcon_meta']
[0.640s] Level 1:colcon.colcon_core.package_identification:_identify(ros2_control_demos/ros2_control_demo_bringup) by extension 'colcon_meta'
[0.640s] Level 1:colcon.colcon_core.package_identification:_identify(ros2_control_demos/ros2_control_demo_bringup) by extensions ['ros']
[0.640s] Level 1:colcon.colcon_core.package_identification:_identify(ros2_control_demos/ros2_control_demo_bringup) by extension 'ros'
[0.641s] DEBUG:colcon.colcon_core.package_identification:Package 'ros2_control_demos/ros2_control_demo_bringup' with type 'ros.ament_cmake' and name 'ros2_control_demo_bringup'
[0.642s] Level 1:colcon.colcon_core.package_identification:_identify(ros2_control_demos/ros2_control_demo_description) by extensions ['ignore', 'ignore_ament_install']
[0.642s] Level 1:colcon.colcon_core.package_identification:_identify(ros2_control_demos/ros2_control_demo_description) by extension 'ignore'
[0.642s] Level 1:colcon.colcon_core.package_identification:_identify(ros2_control_demos/ros2_control_demo_description) by extension 'ignore_ament_install'
[0.642s] Level 1:colcon.colcon_core.package_identification:_identify(ros2_control_demos/ros2_control_demo_description) by extensions ['colcon_pkg']
[0.642s] Level 1:colcon.colcon_core.package_identification:_identify(ros2_control_demos/ros2_control_demo_description) by extension 'colcon_pkg'
[0.643s] Level 1:colcon.colcon_core.package_identification:_identify(ros2_control_demos/ros2_control_demo_description) by extensions ['colcon_meta']
[0.643s] Level 1:colcon.colcon_core.package_identification:_identify(ros2_control_demos/ros2_control_demo_description) by extension 'colcon_meta'
[0.643s] Level 1:colcon.colcon_core.package_identification:_identify(ros2_control_demos/ros2_control_demo_description) by extensions ['ros']
[0.643s] Level 1:colcon.colcon_core.package_identification:_identify(ros2_control_demos/ros2_control_demo_description) by extension 'ros'
[0.643s] Level 1:colcon.colcon_core.package_identification:_identify(ros2_control_demos/ros2_control_demo_description) by extensions ['cmake', 'python']
[0.643s] Level 1:colcon.colcon_core.package_identification:_identify(ros2_control_demos/ros2_control_demo_description) by extension 'cmake'
[0.643s] Level 1:colcon.colcon_core.package_identification:_identify(ros2_control_demos/ros2_control_demo_description) by extension 'python'
[0.643s] Level 1:colcon.colcon_core.package_identification:_identify(ros2_control_demos/ros2_control_demo_description) by extensions ['python_setup_py']
[0.643s] Level 1:colcon.colcon_core.package_identification:_identify(ros2_control_demos/ros2_control_demo_description) by extension 'python_setup_py'
[0.644s] Level 1:colcon.colcon_core.package_identification:_identify(ros2_control_demos/ros2_control_demo_description/diffbot_description) by extensions ['ignore', 'ignore_ament_install']
[0.644s] Level 1:colcon.colcon_core.package_identification:_identify(ros2_control_demos/ros2_control_demo_description/diffbot_description) by extension 'ignore'
[0.644s] Level 1:colcon.colcon_core.package_identification:_identify(ros2_control_demos/ros2_control_demo_description/diffbot_description) by extension 'ignore_ament_install'
[0.644s] Level 1:colcon.colcon_core.package_identification:_identify(ros2_control_demos/ros2_control_demo_description/diffbot_description) by extensions ['colcon_pkg']
[0.644s] Level 1:colcon.colcon_core.package_identification:_identify(ros2_control_demos/ros2_control_demo_description/diffbot_description) by extension 'colcon_pkg'
[0.644s] Level 1:colcon.colcon_core.package_identification:_identify(ros2_control_demos/ros2_control_demo_description/diffbot_description) by extensions ['colcon_meta']
[0.644s] Level 1:colcon.colcon_core.package_identification:_identify(ros2_control_demos/ros2_control_demo_description/diffbot_description) by extension 'colcon_meta'
[0.644s] Level 1:colcon.colcon_core.package_identification:_identify(ros2_control_demos/ros2_control_demo_description/diffbot_description) by extensions ['ros']
[0.645s] Level 1:colcon.colcon_core.package_identification:_identify(ros2_control_demos/ros2_control_demo_description/diffbot_description) by extension 'ros'
[0.646s] DEBUG:colcon.colcon_core.package_identification:Package 'ros2_control_demos/ros2_control_demo_description/diffbot_description' with type 'ros.ament_cmake' and name 'diffbot_description'
[0.647s] Level 1:colcon.colcon_core.package_identification:_identify(ros2_control_demos/ros2_control_demo_description/rrbot_description) by extensions ['ignore', 'ignore_ament_install']
[0.647s] Level 1:colcon.colcon_core.package_identification:_identify(ros2_control_demos/ros2_control_demo_description/rrbot_description) by extension 'ignore'
[0.648s] Level 1:colcon.colcon_core.package_identification:_identify(ros2_control_demos/ros2_control_demo_description/rrbot_description) by extension 'ignore_ament_install'
[0.648s] Level 1:colcon.colcon_core.package_identification:_identify(ros2_control_demos/ros2_control_demo_description/rrbot_description) by extensions ['colcon_pkg']
[0.648s] Level 1:colcon.colcon_core.package_identification:_identify(ros2_control_demos/ros2_control_demo_description/rrbot_description) by extension 'colcon_pkg'
[0.648s] Level 1:colcon.colcon_core.package_identification:_identify(ros2_control_demos/ros2_control_demo_description/rrbot_description) by extensions ['colcon_meta']
[0.649s] Level 1:colcon.colcon_core.package_identification:_identify(ros2_control_demos/ros2_control_demo_description/rrbot_description) by extension 'colcon_meta'
[0.649s] Level 1:colcon.colcon_core.package_identification:_identify(ros2_control_demos/ros2_control_demo_description/rrbot_description) by extensions ['ros']
[0.649s] Level 1:colcon.colcon_core.package_identification:_identify(ros2_control_demos/ros2_control_demo_description/rrbot_description) by extension 'ros'
[0.651s] DEBUG:colcon.colcon_core.package_identification:Package 'ros2_control_demos/ros2_control_demo_description/rrbot_description' with type 'ros.ament_cmake' and name 'rrbot_description'
[0.652s] Level 1:colcon.colcon_core.package_identification:_identify(ros2_control_demos/ros2_control_demo_hardware) by extensions ['ignore', 'ignore_ament_install']
[0.653s] Level 1:colcon.colcon_core.package_identification:_identify(ros2_control_demos/ros2_control_demo_hardware) by extension 'ignore'
[0.653s] Level 1:colcon.colcon_core.package_identification:_identify(ros2_control_demos/ros2_control_demo_hardware) by extension 'ignore_ament_install'
[0.653s] Level 1:colcon.colcon_core.package_identification:_identify(ros2_control_demos/ros2_control_demo_hardware) by extensions ['colcon_pkg']
[0.654s] Level 1:colcon.colcon_core.package_identification:_identify(ros2_control_demos/ros2_control_demo_hardware) by extension 'colcon_pkg'
[0.654s] Level 1:colcon.colcon_core.package_identification:_identify(ros2_control_demos/ros2_control_demo_hardware) by extensions ['colcon_meta']
[0.654s] Level 1:colcon.colcon_core.package_identification:_identify(ros2_control_demos/ros2_control_demo_hardware) by extension 'colcon_meta'
[0.654s] Level 1:colcon.colcon_core.package_identification:_identify(ros2_control_demos/ros2_control_demo_hardware) by extensions ['ros']
[0.654s] Level 1:colcon.colcon_core.package_identification:_identify(ros2_control_demos/ros2_control_demo_hardware) by extension 'ros'
[0.658s] DEBUG:colcon.colcon_core.package_identification:Package 'ros2_control_demos/ros2_control_demo_hardware' with type 'ros.ament_cmake' and name 'ros2_control_demo_hardware'
[0.658s] Level 1:colcon.colcon_core.package_identification:_identify(ros2_control_demos/ros2_control_demos) by extensions ['ignore', 'ignore_ament_install']
[0.659s] Level 1:colcon.colcon_core.package_identification:_identify(ros2_control_demos/ros2_control_demos) by extension 'ignore'
[0.659s] Level 1:colcon.colcon_core.package_identification:_identify(ros2_control_demos/ros2_control_demos) by extension 'ignore_ament_install'
[0.659s] Level 1:colcon.colcon_core.package_identification:_identify(ros2_control_demos/ros2_control_demos) by extensions ['colcon_pkg']
[0.659s] Level 1:colcon.colcon_core.package_identification:_identify(ros2_control_demos/ros2_control_demos) by extension 'colcon_pkg'
[0.659s] Level 1:colcon.colcon_core.package_identification:_identify(ros2_control_demos/ros2_control_demos) by extensions ['colcon_meta']
[0.659s] Level 1:colcon.colcon_core.package_identification:_identify(ros2_control_demos/ros2_control_demos) by extension 'colcon_meta'
[0.659s] Level 1:colcon.colcon_core.package_identification:_identify(ros2_control_demos/ros2_control_demos) by extensions ['ros']
[0.659s] Level 1:colcon.colcon_core.package_identification:_identify(ros2_control_demos/ros2_control_demos) by extension 'ros'
[0.661s] DEBUG:colcon.colcon_core.package_identification:Package 'ros2_control_demos/ros2_control_demos' with type 'ros.ament_cmake' and name 'ros2_control_demos'
[0.661s] Level 1:colcon.colcon_core.package_identification:_identify(ros2_control_demos/ros2_control_test_nodes) by extensions ['ignore', 'ignore_ament_install']
[0.662s] Level 1:colcon.colcon_core.package_identification:_identify(ros2_control_demos/ros2_control_test_nodes) by extension 'ignore'
[0.662s] Level 1:colcon.colcon_core.package_identification:_identify(ros2_control_demos/ros2_control_test_nodes) by extension 'ignore_ament_install'
[0.662s] Level 1:colcon.colcon_core.package_identification:_identify(ros2_control_demos/ros2_control_test_nodes) by extensions ['colcon_pkg']
[0.662s] Level 1:colcon.colcon_core.package_identification:_identify(ros2_control_demos/ros2_control_test_nodes) by extension 'colcon_pkg'
[0.662s] Level 1:colcon.colcon_core.package_identification:_identify(ros2_control_demos/ros2_control_test_nodes) by extensions ['colcon_meta']
[0.662s] Level 1:colcon.colcon_core.package_identification:_identify(ros2_control_demos/ros2_control_test_nodes) by extension 'colcon_meta'
[0.663s] Level 1:colcon.colcon_core.package_identification:_identify(ros2_control_demos/ros2_control_test_nodes) by extensions ['ros']
[0.663s] Level 1:colcon.colcon_core.package_identification:_identify(ros2_control_demos/ros2_control_test_nodes) by extension 'ros'
[0.664s] DEBUG:colcon.colcon_core.package_identification:Package 'ros2_control_demos/ros2_control_test_nodes' with type 'ros.ament_python' and name 'ros2_control_test_nodes'
[0.665s] Level 1:colcon.colcon_core.package_identification:_identify(ros2_controllers) by extensions ['ignore', 'ignore_ament_install']
[0.665s] Level 1:colcon.colcon_core.package_identification:_identify(ros2_controllers) by extension 'ignore'
[0.665s] Level 1:colcon.colcon_core.package_identification:_identify(ros2_controllers) by extension 'ignore_ament_install'
[0.666s] Level 1:colcon.colcon_core.package_identification:_identify(ros2_controllers) by extensions ['colcon_pkg']
[0.666s] Level 1:colcon.colcon_core.package_identification:_identify(ros2_controllers) by extension 'colcon_pkg'
[0.666s] Level 1:colcon.colcon_core.package_identification:_identify(ros2_controllers) by extensions ['colcon_meta']
[0.666s] Level 1:colcon.colcon_core.package_identification:_identify(ros2_controllers) by extension 'colcon_meta'
[0.666s] Level 1:colcon.colcon_core.package_identification:_identify(ros2_controllers) by extensions ['ros']
[0.666s] Level 1:colcon.colcon_core.package_identification:_identify(ros2_controllers) by extension 'ros'
[0.666s] Level 1:colcon.colcon_core.package_identification:_identify(ros2_controllers) by extensions ['cmake', 'python']
[0.666s] Level 1:colcon.colcon_core.package_identification:_identify(ros2_controllers) by extension 'cmake'
[0.666s] Level 1:colcon.colcon_core.package_identification:_identify(ros2_controllers) by extension 'python'
[0.667s] Level 1:colcon.colcon_core.package_identification:_identify(ros2_controllers) by extensions ['python_setup_py']
[0.667s] Level 1:colcon.colcon_core.package_identification:_identify(ros2_controllers) by extension 'python_setup_py'
[0.667s] Level 1:colcon.colcon_core.package_identification:_identify(ros2_controllers/diff_drive_controller) by extensions ['ignore', 'ignore_ament_install']
[0.667s] Level 1:colcon.colcon_core.package_identification:_identify(ros2_controllers/diff_drive_controller) by extension 'ignore'
[0.667s] Level 1:colcon.colcon_core.package_identification:_identify(ros2_controllers/diff_drive_controller) by extension 'ignore_ament_install'
[0.667s] Level 1:colcon.colcon_core.package_identification:_identify(ros2_controllers/diff_drive_controller) by extensions ['colcon_pkg']
[0.667s] Level 1:colcon.colcon_core.package_identification:_identify(ros2_controllers/diff_drive_controller) by extension 'colcon_pkg'
[0.668s] Level 1:colcon.colcon_core.package_identification:_identify(ros2_controllers/diff_drive_controller) by extensions ['colcon_meta']
[0.668s] Level 1:colcon.colcon_core.package_identification:_identify(ros2_controllers/diff_drive_controller) by extension 'colcon_meta'
[0.668s] Level 1:colcon.colcon_core.package_identification:_identify(ros2_controllers/diff_drive_controller) by extensions ['ros']
[0.668s] Level 1:colcon.colcon_core.package_identification:_identify(ros2_controllers/diff_drive_controller) by extension 'ros'
[0.671s] DEBUG:colcon.colcon_core.package_identification:Package 'ros2_controllers/diff_drive_controller' with type 'ros.ament_cmake' and name 'diff_drive_controller'
[0.671s] Level 1:colcon.colcon_core.package_identification:_identify(ros2_controllers/doc) by extensions ['ignore', 'ignore_ament_install']
[0.672s] Level 1:colcon.colcon_core.package_identification:_identify(ros2_controllers/doc) by extension 'ignore'
[0.672s] Level 1:colcon.colcon_core.package_identification:_identify(ros2_controllers/doc) by extension 'ignore_ament_install'
[0.672s] Level 1:colcon.colcon_core.package_identification:_identify(ros2_controllers/doc) by extensions ['colcon_pkg']
[0.672s] Level 1:colcon.colcon_core.package_identification:_identify(ros2_controllers/doc) by extension 'colcon_pkg'
[0.672s] Level 1:colcon.colcon_core.package_identification:_identify(ros2_controllers/doc) by extensions ['colcon_meta']
[0.672s] Level 1:colcon.colcon_core.package_identification:_identify(ros2_controllers/doc) by extension 'colcon_meta'
[0.672s] Level 1:colcon.colcon_core.package_identification:_identify(ros2_controllers/doc) by extensions ['ros']
[0.672s] Level 1:colcon.colcon_core.package_identification:_identify(ros2_controllers/doc) by extension 'ros'
[0.672s] Level 1:colcon.colcon_core.package_identification:_identify(ros2_controllers/doc) by extensions ['cmake', 'python']
[0.672s] Level 1:colcon.colcon_core.package_identification:_identify(ros2_controllers/doc) by extension 'cmake'
[0.673s] Level 1:colcon.colcon_core.package_identification:_identify(ros2_controllers/doc) by extension 'python'
[0.673s] Level 1:colcon.colcon_core.package_identification:_identify(ros2_controllers/doc) by extensions ['python_setup_py']
[0.673s] Level 1:colcon.colcon_core.package_identification:_identify(ros2_controllers/doc) by extension 'python_setup_py'
[0.673s] Level 1:colcon.colcon_core.package_identification:_identify(ros2_controllers/effort_controllers) by extensions ['ignore', 'ignore_ament_install']
[0.673s] Level 1:colcon.colcon_core.package_identification:_identify(ros2_controllers/effort_controllers) by extension 'ignore'
[0.674s] Level 1:colcon.colcon_core.package_identification:_identify(ros2_controllers/effort_controllers) by extension 'ignore_ament_install'
[0.674s] Level 1:colcon.colcon_core.package_identification:_identify(ros2_controllers/effort_controllers) by extensions ['colcon_pkg']
[0.674s] Level 1:colcon.colcon_core.package_identification:_identify(ros2_controllers/effort_controllers) by extension 'colcon_pkg'
[0.674s] Level 1:colcon.colcon_core.package_identification:_identify(ros2_controllers/effort_controllers) by extensions ['colcon_meta']
[0.674s] Level 1:colcon.colcon_core.package_identification:_identify(ros2_controllers/effort_controllers) by extension 'colcon_meta'
[0.674s] Level 1:colcon.colcon_core.package_identification:_identify(ros2_controllers/effort_controllers) by extensions ['ros']
[0.674s] Level 1:colcon.colcon_core.package_identification:_identify(ros2_controllers/effort_controllers) by extension 'ros'
[0.680s] DEBUG:colcon.colcon_core.package_identification:Package 'ros2_controllers/effort_controllers' with type 'ros.ament_cmake' and name 'effort_controllers'
[0.681s] Level 1:colcon.colcon_core.package_identification:_identify(ros2_controllers/force_torque_sensor_broadcaster) by extensions ['ignore', 'ignore_ament_install']
[0.681s] Level 1:colcon.colcon_core.package_identification:_identify(ros2_controllers/force_torque_sensor_broadcaster) by extension 'ignore'
[0.682s] Level 1:colcon.colcon_core.package_identification:_identify(ros2_controllers/force_torque_sensor_broadcaster) by extension 'ignore_ament_install'
[0.682s] Level 1:colcon.colcon_core.package_identification:_identify(ros2_controllers/force_torque_sensor_broadcaster) by extensions ['colcon_pkg']
[0.682s] Level 1:colcon.colcon_core.package_identification:_identify(ros2_controllers/force_torque_sensor_broadcaster) by extension 'colcon_pkg'
[0.682s] Level 1:colcon.colcon_core.package_identification:_identify(ros2_controllers/force_torque_sensor_broadcaster) by extensions ['colcon_meta']
[0.683s] Level 1:colcon.colcon_core.package_identification:_identify(ros2_controllers/force_torque_sensor_broadcaster) by extension 'colcon_meta'
[0.683s] Level 1:colcon.colcon_core.package_identification:_identify(ros2_controllers/force_torque_sensor_broadcaster) by extensions ['ros']
[0.683s] Level 1:colcon.colcon_core.package_identification:_identify(ros2_controllers/force_torque_sensor_broadcaster) by extension 'ros'
[0.688s] DEBUG:colcon.colcon_core.package_identification:Package 'ros2_controllers/force_torque_sensor_broadcaster' with type 'ros.ament_cmake' and name 'force_torque_sensor_broadcaster'
[0.688s] Level 1:colcon.colcon_core.package_identification:_identify(ros2_controllers/forward_command_controller) by extensions ['ignore', 'ignore_ament_install']
[0.689s] Level 1:colcon.colcon_core.package_identification:_identify(ros2_controllers/forward_command_controller) by extension 'ignore'
[0.689s] Level 1:colcon.colcon_core.package_identification:_identify(ros2_controllers/forward_command_controller) by extension 'ignore_ament_install'
[0.689s] Level 1:colcon.colcon_core.package_identification:_identify(ros2_controllers/forward_command_controller) by extensions ['colcon_pkg']
[0.689s] Level 1:colcon.colcon_core.package_identification:_identify(ros2_controllers/forward_command_controller) by extension 'colcon_pkg'
[0.690s] Level 1:colcon.colcon_core.package_identification:_identify(ros2_controllers/forward_command_controller) by extensions ['colcon_meta']
[0.690s] Level 1:colcon.colcon_core.package_identification:_identify(ros2_controllers/forward_command_controller) by extension 'colcon_meta'
[0.690s] Level 1:colcon.colcon_core.package_identification:_identify(ros2_controllers/forward_command_controller) by extensions ['ros']
[0.690s] Level 1:colcon.colcon_core.package_identification:_identify(ros2_controllers/forward_command_controller) by extension 'ros'
[0.694s] DEBUG:colcon.colcon_core.package_identification:Package 'ros2_controllers/forward_command_controller' with type 'ros.ament_cmake' and name 'forward_command_controller'
[0.695s] Level 1:colcon.colcon_core.package_identification:_identify(ros2_controllers/gripper_controllers) by extensions ['ignore', 'ignore_ament_install']
[0.695s] Level 1:colcon.colcon_core.package_identification:_identify(ros2_controllers/gripper_controllers) by extension 'ignore'
[0.696s] Level 1:colcon.colcon_core.package_identification:_identify(ros2_controllers/gripper_controllers) by extension 'ignore_ament_install'
[0.696s] Level 1:colcon.colcon_core.package_identification:_identify(ros2_controllers/gripper_controllers) by extensions ['colcon_pkg']
[0.696s] Level 1:colcon.colcon_core.package_identification:_identify(ros2_controllers/gripper_controllers) by extension 'colcon_pkg'
[0.696s] Level 1:colcon.colcon_core.package_identification:_identify(ros2_controllers/gripper_controllers) by extensions ['colcon_meta']
[0.696s] Level 1:colcon.colcon_core.package_identification:_identify(ros2_controllers/gripper_controllers) by extension 'colcon_meta'
[0.697s] Level 1:colcon.colcon_core.package_identification:_identify(ros2_controllers/gripper_controllers) by extensions ['ros']
[0.697s] Level 1:colcon.colcon_core.package_identification:_identify(ros2_controllers/gripper_controllers) by extension 'ros'
[0.700s] DEBUG:colcon.colcon_core.package_identification:Package 'ros2_controllers/gripper_controllers' with type 'ros.ament_cmake' and name 'gripper_controllers'
[0.700s] Level 1:colcon.colcon_core.package_identification:_identify(ros2_controllers/imu_sensor_broadcaster) by extensions ['ignore', 'ignore_ament_install']
[0.736s] Level 1:colcon.colcon_core.package_identification:_identify(ros2_controllers/imu_sensor_broadcaster) by extension 'ignore'
[0.737s] Level 1:colcon.colcon_core.package_identification:_identify(ros2_controllers/imu_sensor_broadcaster) by extension 'ignore_ament_install'
[0.737s] Level 1:colcon.colcon_core.package_identification:_identify(ros2_controllers/imu_sensor_broadcaster) by extensions ['colcon_pkg']
[0.737s] Level 1:colcon.colcon_core.package_identification:_identify(ros2_controllers/imu_sensor_broadcaster) by extension 'colcon_pkg'
[0.737s] Level 1:colcon.colcon_core.package_identification:_identify(ros2_controllers/imu_sensor_broadcaster) by extensions ['colcon_meta']
[0.737s] Level 1:colcon.colcon_core.package_identification:_identify(ros2_controllers/imu_sensor_broadcaster) by extension 'colcon_meta'
[0.737s] Level 1:colcon.colcon_core.package_identification:_identify(ros2_controllers/imu_sensor_broadcaster) by extensions ['ros']
[0.737s] Level 1:colcon.colcon_core.package_identification:_identify(ros2_controllers/imu_sensor_broadcaster) by extension 'ros'
[0.740s] DEBUG:colcon.colcon_core.package_identification:Package 'ros2_controllers/imu_sensor_broadcaster' with type 'ros.ament_cmake' and name 'imu_sensor_broadcaster'
[0.740s] Level 1:colcon.colcon_core.package_identification:_identify(ros2_controllers/joint_state_broadcaster) by extensions ['ignore', 'ignore_ament_install']
[0.740s] Level 1:colcon.colcon_core.package_identification:_identify(ros2_controllers/joint_state_broadcaster) by extension 'ignore'
[0.740s] Level 1:colcon.colcon_core.package_identification:_identify(ros2_controllers/joint_state_broadcaster) by extension 'ignore_ament_install'
[0.741s] Level 1:colcon.colcon_core.package_identification:_identify(ros2_controllers/joint_state_broadcaster) by extensions ['colcon_pkg']
[0.741s] Level 1:colcon.colcon_core.package_identification:_identify(ros2_controllers/joint_state_broadcaster) by extension 'colcon_pkg'
[0.741s] Level 1:colcon.colcon_core.package_identification:_identify(ros2_controllers/joint_state_broadcaster) by extensions ['colcon_meta']
[0.741s] Level 1:colcon.colcon_core.package_identification:_identify(ros2_controllers/joint_state_broadcaster) by extension 'colcon_meta'
[0.741s] Level 1:colcon.colcon_core.package_identification:_identify(ros2_controllers/joint_state_broadcaster) by extensions ['ros']
[0.741s] Level 1:colcon.colcon_core.package_identification:_identify(ros2_controllers/joint_state_broadcaster) by extension 'ros'
[0.744s] DEBUG:colcon.colcon_core.package_identification:Package 'ros2_controllers/joint_state_broadcaster' with type 'ros.ament_cmake' and name 'joint_state_broadcaster'
[0.744s] Level 1:colcon.colcon_core.package_identification:_identify(ros2_controllers/joint_state_controller) by extensions ['ignore', 'ignore_ament_install']
[0.744s] Level 1:colcon.colcon_core.package_identification:_identify(ros2_controllers/joint_state_controller) by extension 'ignore'
[0.744s] Level 1:colcon.colcon_core.package_identification:_identify(ros2_controllers/joint_state_controller) by extension 'ignore_ament_install'
[0.745s] Level 1:colcon.colcon_core.package_identification:_identify(ros2_controllers/joint_state_controller) by extensions ['colcon_pkg']
[0.745s] Level 1:colcon.colcon_core.package_identification:_identify(ros2_controllers/joint_state_controller) by extension 'colcon_pkg'
[0.745s] Level 1:colcon.colcon_core.package_identification:_identify(ros2_controllers/joint_state_controller) by extensions ['colcon_meta']
[0.745s] Level 1:colcon.colcon_core.package_identification:_identify(ros2_controllers/joint_state_controller) by extension 'colcon_meta'
[0.745s] Level 1:colcon.colcon_core.package_identification:_identify(ros2_controllers/joint_state_controller) by extensions ['ros']
[0.745s] Level 1:colcon.colcon_core.package_identification:_identify(ros2_controllers/joint_state_controller) by extension 'ros'
[0.747s] DEBUG:colcon.colcon_core.package_identification:Package 'ros2_controllers/joint_state_controller' with type 'ros.ament_cmake' and name 'joint_state_controller'
[0.748s] Level 1:colcon.colcon_core.package_identification:_identify(ros2_controllers/joint_trajectory_controller) by extensions ['ignore', 'ignore_ament_install']
[0.748s] Level 1:colcon.colcon_core.package_identification:_identify(ros2_controllers/joint_trajectory_controller) by extension 'ignore'
[0.748s] Level 1:colcon.colcon_core.package_identification:_identify(ros2_controllers/joint_trajectory_controller) by extension 'ignore_ament_install'
[0.748s] Level 1:colcon.colcon_core.package_identification:_identify(ros2_controllers/joint_trajectory_controller) by extensions ['colcon_pkg']
[0.748s] Level 1:colcon.colcon_core.package_identification:_identify(ros2_controllers/joint_trajectory_controller) by extension 'colcon_pkg'
[0.748s] Level 1:colcon.colcon_core.package_identification:_identify(ros2_controllers/joint_trajectory_controller) by extensions ['colcon_meta']
[0.749s] Level 1:colcon.colcon_core.package_identification:_identify(ros2_controllers/joint_trajectory_controller) by extension 'colcon_meta'
[0.749s] Level 1:colcon.colcon_core.package_identification:_identify(ros2_controllers/joint_trajectory_controller) by extensions ['ros']
[0.749s] Level 1:colcon.colcon_core.package_identification:_identify(ros2_controllers/joint_trajectory_controller) by extension 'ros'
[0.751s] DEBUG:colcon.colcon_core.package_identification:Package 'ros2_controllers/joint_trajectory_controller' with type 'ros.ament_cmake' and name 'joint_trajectory_controller'
[0.752s] Level 1:colcon.colcon_core.package_identification:_identify(ros2_controllers/position_controllers) by extensions ['ignore', 'ignore_ament_install']
[0.752s] Level 1:colcon.colcon_core.package_identification:_identify(ros2_controllers/position_controllers) by extension 'ignore'
[0.752s] Level 1:colcon.colcon_core.package_identification:_identify(ros2_controllers/position_controllers) by extension 'ignore_ament_install'
[0.752s] Level 1:colcon.colcon_core.package_identification:_identify(ros2_controllers/position_controllers) by extensions ['colcon_pkg']
[0.752s] Level 1:colcon.colcon_core.package_identification:_identify(ros2_controllers/position_controllers) by extension 'colcon_pkg'
[0.752s] Level 1:colcon.colcon_core.package_identification:_identify(ros2_controllers/position_controllers) by extensions ['colcon_meta']
[0.752s] Level 1:colcon.colcon_core.package_identification:_identify(ros2_controllers/position_controllers) by extension 'colcon_meta'
[0.752s] Level 1:colcon.colcon_core.package_identification:_identify(ros2_controllers/position_controllers) by extensions ['ros']
[0.753s] Level 1:colcon.colcon_core.package_identification:_identify(ros2_controllers/position_controllers) by extension 'ros'
[0.754s] DEBUG:colcon.colcon_core.package_identification:Package 'ros2_controllers/position_controllers' with type 'ros.ament_cmake' and name 'position_controllers'
[0.755s] Level 1:colcon.colcon_core.package_identification:_identify(ros2_controllers/ros2_controllers) by extensions ['ignore', 'ignore_ament_install']
[0.755s] Level 1:colcon.colcon_core.package_identification:_identify(ros2_controllers/ros2_controllers) by extension 'ignore'
[0.755s] Level 1:colcon.colcon_core.package_identification:_identify(ros2_controllers/ros2_controllers) by extension 'ignore_ament_install'
[0.755s] Level 1:colcon.colcon_core.package_identification:_identify(ros2_controllers/ros2_controllers) by extensions ['colcon_pkg']
[0.755s] Level 1:colcon.colcon_core.package_identification:_identify(ros2_controllers/ros2_controllers) by extension 'colcon_pkg'
[0.755s] Level 1:colcon.colcon_core.package_identification:_identify(ros2_controllers/ros2_controllers) by extensions ['colcon_meta']
[0.755s] Level 1:colcon.colcon_core.package_identification:_identify(ros2_controllers/ros2_controllers) by extension 'colcon_meta'
[0.756s] Level 1:colcon.colcon_core.package_identification:_identify(ros2_controllers/ros2_controllers) by extensions ['ros']
[0.756s] Level 1:colcon.colcon_core.package_identification:_identify(ros2_controllers/ros2_controllers) by extension 'ros'
[0.757s] DEBUG:colcon.colcon_core.package_identification:Package 'ros2_controllers/ros2_controllers' with type 'ros.ament_cmake' and name 'ros2_controllers'
[0.757s] Level 1:colcon.colcon_core.package_identification:_identify(ros2_controllers/velocity_controllers) by extensions ['ignore', 'ignore_ament_install']
[0.758s] Level 1:colcon.colcon_core.package_identification:_identify(ros2_controllers/velocity_controllers) by extension 'ignore'
[0.758s] Level 1:colcon.colcon_core.package_identification:_identify(ros2_controllers/velocity_controllers) by extension 'ignore_ament_install'
[0.759s] Level 1:colcon.colcon_core.package_identification:_identify(ros2_controllers/velocity_controllers) by extensions ['colcon_pkg']
[0.759s] Level 1:colcon.colcon_core.package_identification:_identify(ros2_controllers/velocity_controllers) by extension 'colcon_pkg'
[0.759s] Level 1:colcon.colcon_core.package_identification:_identify(ros2_controllers/velocity_controllers) by extensions ['colcon_meta']
[0.759s] Level 1:colcon.colcon_core.package_identification:_identify(ros2_controllers/velocity_controllers) by extension 'colcon_meta'
[0.759s] Level 1:colcon.colcon_core.package_identification:_identify(ros2_controllers/velocity_controllers) by extensions ['ros']
[0.759s] Level 1:colcon.colcon_core.package_identification:_identify(ros2_controllers/velocity_controllers) by extension 'ros'
[0.761s] DEBUG:colcon.colcon_core.package_identification:Package 'ros2_controllers/velocity_controllers' with type 'ros.ament_cmake' and name 'velocity_controllers'
[0.761s] Level 1:colcon.colcon_core.package_discovery:discover_packages(recursive) using defaults
[0.761s] Level 1:colcon.colcon_core.package_discovery:discover_packages(ignore) discover
[0.761s] Level 1:colcon.colcon_core.package_discovery:discover_packages(ignore) using defaults
[0.761s] Level 1:colcon.colcon_core.package_discovery:discover_packages(path) discover
[0.761s] Level 1:colcon.colcon_core.package_discovery:discover_packages(path) using defaults
[0.820s] INFO:colcon.colcon_core.package_selection:Skipping not selected package 'control_msgs' in 'control_msgs/control_msgs'
[0.820s] INFO:colcon.colcon_core.package_selection:Skipping not selected package 'controller_manager_msgs' in 'ros2_control/controller_manager_msgs'
[0.820s] INFO:colcon.colcon_core.package_selection:Skipping not selected package 'package_python' in 'python_dev/src/package_python'
[0.820s] INFO:colcon.colcon_core.package_selection:Skipping not selected package 'realtime_tools' in 'realtime_tools'
[0.820s] INFO:colcon.colcon_core.package_selection:Skipping not selected package 'ros2_control_test_assets' in 'ros2_control/ros2_control_test_assets'
[0.820s] INFO:colcon.colcon_core.package_selection:Skipping not selected package 'ros2_control_test_nodes' in 'ros2_control_demos/ros2_control_test_nodes'
[0.820s] INFO:colcon.colcon_core.package_selection:Skipping not selected package 'rrbot_description' in 'ros2_control_demos/ros2_control_demo_description/rrbot_description'
[0.821s] INFO:colcon.colcon_core.package_selection:Skipping not selected package 'hardware_interface' in 'ros2_control/hardware_interface'
[0.821s] INFO:colcon.colcon_core.package_selection:Skipping not selected package 'controller_interface' in 'ros2_control/controller_interface'
[0.821s] INFO:colcon.colcon_core.package_selection:Skipping not selected package 'ros2_control_demo_hardware' in 'ros2_control_demos/ros2_control_demo_hardware'
[0.821s] INFO:colcon.colcon_core.package_selection:Skipping not selected package 'transmission_interface' in 'ros2_control/transmission_interface'
[0.821s] INFO:colcon.colcon_core.package_selection:Skipping not selected package 'controller_manager' in 'ros2_control/controller_manager'
[0.821s] INFO:colcon.colcon_core.package_selection:Skipping not selected package 'diff_drive_controller' in 'ros2_controllers/diff_drive_controller'
[0.821s] INFO:colcon.colcon_core.package_selection:Skipping not selected package 'force_torque_sensor_broadcaster' in 'ros2_controllers/force_torque_sensor_broadcaster'
[0.821s] INFO:colcon.colcon_core.package_selection:Skipping not selected package 'forward_command_controller' in 'ros2_controllers/forward_command_controller'
[0.821s] INFO:colcon.colcon_core.package_selection:Skipping not selected package 'gripper_controllers' in 'ros2_controllers/gripper_controllers'
[0.821s] INFO:colcon.colcon_core.package_selection:Skipping not selected package 'imu_sensor_broadcaster' in 'ros2_controllers/imu_sensor_broadcaster'
[0.821s] INFO:colcon.colcon_core.package_selection:Skipping not selected package 'joint_state_broadcaster' in 'ros2_controllers/joint_state_broadcaster'
[0.821s] INFO:colcon.colcon_core.package_selection:Skipping not selected package 'joint_trajectory_controller' in 'ros2_controllers/joint_trajectory_controller'
[0.821s] INFO:colcon.colcon_core.package_selection:Skipping not selected package 'ros2controlcli' in 'ros2_control/ros2controlcli'
[0.821s] INFO:colcon.colcon_core.package_selection:Skipping not selected package 'effort_controllers' in 'ros2_controllers/effort_controllers'
[0.821s] INFO:colcon.colcon_core.package_selection:Skipping not selected package 'joint_state_controller' in 'ros2_controllers/joint_state_controller'
[0.821s] INFO:colcon.colcon_core.package_selection:Skipping not selected package 'position_controllers' in 'ros2_controllers/position_controllers'
[0.821s] INFO:colcon.colcon_core.package_selection:Skipping not selected package 'ros2_control' in 'ros2_control/ros2_control'
[0.821s] INFO:colcon.colcon_core.package_selection:Skipping not selected package 'ros2_control_demo_bringup' in 'ros2_control_demos/ros2_control_demo_bringup'
[0.821s] INFO:colcon.colcon_core.package_selection:Skipping not selected package 'velocity_controllers' in 'ros2_controllers/velocity_controllers'
[0.821s] INFO:colcon.colcon_core.package_selection:Skipping not selected package 'ros2_control_demos' in 'ros2_control_demos/ros2_control_demos'
[0.821s] INFO:colcon.colcon_core.package_selection:Skipping not selected package 'ros2_controllers' in 'ros2_controllers/ros2_controllers'
[0.823s] Level 1:colcon.colcon_core.package_discovery:discover_packages(prefix_path) check parameters
[0.823s] Level 1:colcon.colcon_core.package_discovery:discover_packages(prefix_path) discover
[0.834s] DEBUG:colcon.colcon_installed_package_information.package_discovery:Found 29 installed packages in /home/diego/Workspaces/ros2_control_diffbot_ws/src/install
[0.839s] DEBUG:colcon.colcon_installed_package_information.package_discovery:Found 273 installed packages in /opt/ros/foxy
[0.846s] Level 1:colcon.colcon_core.package_discovery:discover_packages(prefix_path) using defaults
[1.131s] WARNING:colcon.colcon_core.package_selection:Some selected packages are already built in one or more underlay workspaces:
	'diffbot_description' is in: /home/diego/Workspaces/ros2_control_diffbot_ws/src/install/diffbot_description
If a package in a merged underlay workspace is overridden and it installs headers, then all packages in the overlay must sort their include directories by workspace order. Failure to do so may result in build failures or undefined behavior at run time.
If the overridden package is used by another package in any underlay, then the overriding package in the overlay must be API and ABI compatible or undefined behavior at run time may occur.

If you understand the risks and want to override a package anyways, add the following to the command line:
	--allow-overriding diffbot_description

This may be promoted to an error in a future release of colcon-override-check.
[1.136s] Level 5:colcon.colcon_core.verb:set package 'diffbot_description' build argument 'cmake_args' from command line to 'None'
[1.137s] Level 5:colcon.colcon_core.verb:set package 'diffbot_description' build argument 'cmake_target' from command line to 'None'
[1.137s] Level 5:colcon.colcon_core.verb:set package 'diffbot_description' build argument 'cmake_target_skip_unavailable' from command line to 'False'
[1.137s] Level 5:colcon.colcon_core.verb:set package 'diffbot_description' build argument 'cmake_clean_cache' from command line to 'False'
[1.137s] Level 5:colcon.colcon_core.verb:set package 'diffbot_description' build argument 'cmake_clean_first' from command line to 'False'
[1.137s] Level 5:colcon.colcon_core.verb:set package 'diffbot_description' build argument 'cmake_force_configure' from command line to 'False'
[1.137s] Level 5:colcon.colcon_core.verb:set package 'diffbot_description' build argument 'ament_cmake_args' from command line to 'None'
[1.137s] Level 5:colcon.colcon_core.verb:set package 'diffbot_description' build argument 'catkin_cmake_args' from command line to 'None'
[1.137s] Level 5:colcon.colcon_core.verb:set package 'diffbot_description' build argument 'catkin_skip_building_tests' from command line to 'False'
[1.137s] DEBUG:colcon.colcon_core.verb:Building package 'diffbot_description' with the following arguments: {'ament_cmake_args': None, 'build_base': '/home/diego/Workspaces/ros2_control_diffbot_ws/src/build/diffbot_description', 'catkin_cmake_args': None, 'catkin_skip_building_tests': False, 'cmake_args': None, 'cmake_clean_cache': False, 'cmake_clean_first': False, 'cmake_force_configure': False, 'cmake_target': None, 'cmake_target_skip_unavailable': False, 'install_base': '/home/diego/Workspaces/ros2_control_diffbot_ws/src/install/diffbot_description', 'merge_install': False, 'path': '/home/diego/Workspaces/ros2_control_diffbot_ws/src/ros2_control_demos/ros2_control_demo_description/diffbot_description', 'symlink_install': False, 'test_result_base': None}
[1.141s] INFO:colcon.colcon_core.executor:Executing jobs using 'parallel' executor
[1.167s] DEBUG:colcon.colcon_parallel_executor.executor.parallel:run_until_complete
[1.168s] INFO:colcon.colcon_ros.task.ament_cmake.build:Building ROS package in '/home/diego/Workspaces/ros2_control_diffbot_ws/src/ros2_control_demos/ros2_control_demo_description/diffbot_description' with build type 'ament_cmake'
[1.169s] INFO:colcon.colcon_cmake.task.cmake.build:Building CMake package in '/home/diego/Workspaces/ros2_control_diffbot_ws/src/ros2_control_demos/ros2_control_demo_description/diffbot_description'
[1.191s] INFO:colcon.colcon_core.plugin_system:Skipping extension 'colcon_core.shell.bat': Not used on non-Windows systems
[1.191s] INFO:colcon.colcon_core.shell:Skip shell extension 'powershell' for command environment: Not usable outside of PowerShell
[1.191s] DEBUG:colcon.colcon_core.shell:Skip shell extension 'dsv' for command environment
[1.235s] DEBUG:colcon.colcon_core.event_handler.log_command:Invoking command in '/home/diego/Workspaces/ros2_control_diffbot_ws/src/build/diffbot_description': CMAKE_PREFIX_PATH=${CMAKE_PREFIX_PATH}:/home/diego/Workspaces/ros2_control_diffbot_ws/src/install/ros2controlcli:/home/diego/Workspaces/ros2_control_diffbot_ws/src/install/ros2_control_test_nodes:/home/diego/Workspaces/ros2_control_diffbot_ws/src/install/package_python:/opt/ros/foxy /usr/bin/cmake --build /home/diego/Workspaces/ros2_control_diffbot_ws/src/build/diffbot_description -- -j2 -l2
[1.395s] DEBUG:colcon.colcon_core.event_handler.log_command:Invoked command in '/home/diego/Workspaces/ros2_control_diffbot_ws/src/build/diffbot_description' returned '0': CMAKE_PREFIX_PATH=${CMAKE_PREFIX_PATH}:/home/diego/Workspaces/ros2_control_diffbot_ws/src/install/ros2controlcli:/home/diego/Workspaces/ros2_control_diffbot_ws/src/install/ros2_control_test_nodes:/home/diego/Workspaces/ros2_control_diffbot_ws/src/install/package_python:/opt/ros/foxy /usr/bin/cmake --build /home/diego/Workspaces/ros2_control_diffbot_ws/src/build/diffbot_description -- -j2 -l2
[1.508s] DEBUG:colcon.colcon_core.event_handler.log_command:Invoking command in '/home/diego/Workspaces/ros2_control_diffbot_ws/src/build/diffbot_description': CMAKE_PREFIX_PATH=${CMAKE_PREFIX_PATH}:/home/diego/Workspaces/ros2_control_diffbot_ws/src/install/ros2controlcli:/home/diego/Workspaces/ros2_control_diffbot_ws/src/install/ros2_control_test_nodes:/home/diego/Workspaces/ros2_control_diffbot_ws/src/install/package_python:/opt/ros/foxy /usr/bin/cmake --install /home/diego/Workspaces/ros2_control_diffbot_ws/src/build/diffbot_description
[1.540s] Level 1:colcon.colcon_core.environment:create_environment_scripts_only(diffbot_description)
[1.546s] DEBUG:colcon.colcon_core.event_handler.log_command:Invoked command in '/home/diego/Workspaces/ros2_control_diffbot_ws/src/build/diffbot_description' returned '0': CMAKE_PREFIX_PATH=${CMAKE_PREFIX_PATH}:/home/diego/Workspaces/ros2_control_diffbot_ws/src/install/ros2controlcli:/home/diego/Workspaces/ros2_control_diffbot_ws/src/install/ros2_control_test_nodes:/home/diego/Workspaces/ros2_control_diffbot_ws/src/install/package_python:/opt/ros/foxy /usr/bin/cmake --install /home/diego/Workspaces/ros2_control_diffbot_ws/src/build/diffbot_description
[1.559s] Level 1:colcon.colcon_core.environment:checking '/home/diego/Workspaces/ros2_control_diffbot_ws/src/install/diffbot_description' for CMake module files
[1.560s] Level 1:colcon.colcon_core.environment:checking '/home/diego/Workspaces/ros2_control_diffbot_ws/src/install/diffbot_description' for CMake config files
[1.561s] Level 1:colcon.colcon_core.shell:create_environment_hook('diffbot_description', 'cmake_prefix_path')
[1.565s] INFO:colcon.colcon_core.shell:Creating environment hook '/home/diego/Workspaces/ros2_control_diffbot_ws/src/install/diffbot_description/share/diffbot_description/hook/cmake_prefix_path.ps1'
[1.568s] INFO:colcon.colcon_core.shell:Creating environment descriptor '/home/diego/Workspaces/ros2_control_diffbot_ws/src/install/diffbot_description/share/diffbot_description/hook/cmake_prefix_path.dsv'
[1.569s] INFO:colcon.colcon_core.shell:Creating environment hook '/home/diego/Workspaces/ros2_control_diffbot_ws/src/install/diffbot_description/share/diffbot_description/hook/cmake_prefix_path.sh'
[1.573s] Level 1:colcon.colcon_core.environment:checking '/home/diego/Workspaces/ros2_control_diffbot_ws/src/install/diffbot_description/bin'
[1.573s] Level 1:colcon.colcon_core.environment:checking '/home/diego/Workspaces/ros2_control_diffbot_ws/src/install/diffbot_description/lib/pkgconfig/diffbot_description.pc'
[1.574s] Level 1:colcon.colcon_core.environment:checking '/home/diego/Workspaces/ros2_control_diffbot_ws/src/install/diffbot_description/lib/python3.8/site-packages'
[1.574s] Level 1:colcon.colcon_core.environment:checking '/home/diego/Workspaces/ros2_control_diffbot_ws/src/install/diffbot_description/bin'
[1.578s] INFO:colcon.colcon_core.shell:Creating package script '/home/diego/Workspaces/ros2_control_diffbot_ws/src/install/diffbot_description/share/diffbot_description/package.ps1'
[1.580s] INFO:colcon.colcon_core.shell:Creating package descriptor '/home/diego/Workspaces/ros2_control_diffbot_ws/src/install/diffbot_description/share/diffbot_description/package.dsv'
[1.581s] INFO:colcon.colcon_core.shell:Creating package script '/home/diego/Workspaces/ros2_control_diffbot_ws/src/install/diffbot_description/share/diffbot_description/package.sh'
[1.584s] INFO:colcon.colcon_core.shell:Creating package script '/home/diego/Workspaces/ros2_control_diffbot_ws/src/install/diffbot_description/share/diffbot_description/package.bash'
[1.586s] INFO:colcon.colcon_core.shell:Creating package script '/home/diego/Workspaces/ros2_control_diffbot_ws/src/install/diffbot_description/share/diffbot_description/package.zsh'
[1.588s] Level 1:colcon.colcon_core.environment:create_file_with_runtime_dependencies(/home/diego/Workspaces/ros2_control_diffbot_ws/src/install/diffbot_description/share/colcon-core/packages/diffbot_description)
[1.655s] Level 1:colcon.colcon_core.environment:create_environment_scripts_only(diffbot_description)
[1.664s] Level 1:colcon.colcon_core.environment:checking '/home/diego/Workspaces/ros2_control_diffbot_ws/src/install/diffbot_description' for CMake module files
[1.665s] Level 1:colcon.colcon_core.environment:checking '/home/diego/Workspaces/ros2_control_diffbot_ws/src/install/diffbot_description' for CMake config files
[1.666s] Level 1:colcon.colcon_core.shell:create_environment_hook('diffbot_description', 'cmake_prefix_path')
[1.670s] INFO:colcon.colcon_core.shell:Creating environment hook '/home/diego/Workspaces/ros2_control_diffbot_ws/src/install/diffbot_description/share/diffbot_description/hook/cmake_prefix_path.ps1'
[1.674s] INFO:colcon.colcon_core.shell:Creating environment descriptor '/home/diego/Workspaces/ros2_control_diffbot_ws/src/install/diffbot_description/share/diffbot_description/hook/cmake_prefix_path.dsv'
[1.676s] INFO:colcon.colcon_core.shell:Creating environment hook '/home/diego/Workspaces/ros2_control_diffbot_ws/src/install/diffbot_description/share/diffbot_description/hook/cmake_prefix_path.sh'
[1.679s] Level 1:colcon.colcon_core.environment:checking '/home/diego/Workspaces/ros2_control_diffbot_ws/src/install/diffbot_description/bin'
[1.680s] Level 1:colcon.colcon_core.environment:checking '/home/diego/Workspaces/ros2_control_diffbot_ws/src/install/diffbot_description/lib/pkgconfig/diffbot_description.pc'
[1.681s] Level 1:colcon.colcon_core.environment:checking '/home/diego/Workspaces/ros2_control_diffbot_ws/src/install/diffbot_description/lib/python3.8/site-packages'
[1.682s] Level 1:colcon.colcon_core.environment:checking '/home/diego/Workspaces/ros2_control_diffbot_ws/src/install/diffbot_description/bin'
[1.690s] INFO:colcon.colcon_core.shell:Creating package script '/home/diego/Workspaces/ros2_control_diffbot_ws/src/install/diffbot_description/share/diffbot_description/package.ps1'
[1.693s] INFO:colcon.colcon_core.shell:Creating package descriptor '/home/diego/Workspaces/ros2_control_diffbot_ws/src/install/diffbot_description/share/diffbot_description/package.dsv'
[1.696s] INFO:colcon.colcon_core.shell:Creating package script '/home/diego/Workspaces/ros2_control_diffbot_ws/src/install/diffbot_description/share/diffbot_description/package.sh'
[1.698s] INFO:colcon.colcon_core.shell:Creating package script '/home/diego/Workspaces/ros2_control_diffbot_ws/src/install/diffbot_description/share/diffbot_description/package.bash'
[1.701s] INFO:colcon.colcon_core.shell:Creating package script '/home/diego/Workspaces/ros2_control_diffbot_ws/src/install/diffbot_description/share/diffbot_description/package.zsh'
[1.703s] Level 1:colcon.colcon_core.environment:create_file_with_runtime_dependencies(/home/diego/Workspaces/ros2_control_diffbot_ws/src/install/diffbot_description/share/colcon-core/packages/diffbot_description)
[1.705s] DEBUG:colcon.colcon_parallel_executor.executor.parallel:closing loop
[1.709s] DEBUG:colcon.colcon_parallel_executor.executor.parallel:loop closed
[1.709s] DEBUG:colcon.colcon_parallel_executor.executor.parallel:run_until_complete finished with '0'
[1.710s] DEBUG:colcon.colcon_core.event_reactor:joining thread
[1.746s] INFO:colcon.colcon_core.plugin_system:Skipping extension 'colcon_notification.desktop_notification.terminal_notifier': Not used on non-Darwin systems
[1.747s] INFO:colcon.colcon_core.plugin_system:Skipping extension 'colcon_notification.desktop_notification.win32': Not used on non-Windows systems
[1.747s] INFO:colcon.colcon_notification.desktop_notification:Sending desktop notification using 'notify2'
[1.829s] DEBUG:colcon.colcon_core.event_reactor:joined thread
[1.834s] INFO:colcon.colcon_core.shell:Creating prefix script '/home/diego/Workspaces/ros2_control_diffbot_ws/src/install/local_setup.ps1'
[1.837s] INFO:colcon.colcon_core.shell:Creating prefix util module '/home/diego/Workspaces/ros2_control_diffbot_ws/src/install/_local_setup_util_ps1.py'
[1.843s] INFO:colcon.colcon_core.shell:Creating prefix chain script '/home/diego/Workspaces/ros2_control_diffbot_ws/src/install/setup.ps1'
[1.851s] INFO:colcon.colcon_core.shell:Creating prefix script '/home/diego/Workspaces/ros2_control_diffbot_ws/src/install/local_setup.sh'
[1.853s] INFO:colcon.colcon_core.shell:Creating prefix util module '/home/diego/Workspaces/ros2_control_diffbot_ws/src/install/_local_setup_util_sh.py'
[1.855s] INFO:colcon.colcon_core.shell:Creating prefix chain script '/home/diego/Workspaces/ros2_control_diffbot_ws/src/install/setup.sh'
[1.862s] INFO:colcon.colcon_core.shell:Creating prefix script '/home/diego/Workspaces/ros2_control_diffbot_ws/src/install/local_setup.bash'
[1.864s] INFO:colcon.colcon_core.shell:Creating prefix chain script '/home/diego/Workspaces/ros2_control_diffbot_ws/src/install/setup.bash'
[1.871s] INFO:colcon.colcon_core.shell:Creating prefix script '/home/diego/Workspaces/ros2_control_diffbot_ws/src/install/local_setup.zsh'
[1.873s] INFO:colcon.colcon_core.shell:Creating prefix chain script '/home/diego/Workspaces/ros2_control_diffbot_ws/src/install/setup.zsh'
