[0.049s] Invoking command in '/home/diego/Workspaces/ros2_control_diffbot_ws/src/build/rrbot_description': CMAKE_PREFIX_PATH=/opt/ros/foxy /usr/bin/cmake --build /home/diego/Workspaces/ros2_control_diffbot_ws/src/build/rrbot_description -- -j2 -l2
[0.233s] Invoked command in '/home/diego/Workspaces/ros2_control_diffbot_ws/src/build/rrbot_description' returned '0': CMAKE_PREFIX_PATH=/opt/ros/foxy /usr/bin/cmake --build /home/diego/Workspaces/ros2_control_diffbot_ws/src/build/rrbot_description -- -j2 -l2
[0.291s] Invoking command in '/home/diego/Workspaces/ros2_control_diffbot_ws/src/build/rrbot_description': CMAKE_PREFIX_PATH=/opt/ros/foxy /usr/bin/cmake --install /home/diego/Workspaces/ros2_control_diffbot_ws/src/build/rrbot_description
[0.323s] -- Install configuration: ""
[0.324s] -- Up-to-date: /home/diego/Workspaces/ros2_control_diffbot_ws/src/install/rrbot_description/share/rrbot_description/config
[0.327s] -- Up-to-date: /home/diego/Workspaces/ros2_control_diffbot_ws/src/install/rrbot_description/share/rrbot_description/config/rrbot.rviz
[0.328s] -- Up-to-date: /home/diego/Workspaces/ros2_control_diffbot_ws/src/install/rrbot_description/share/rrbot_description/gazebo
[0.328s] -- Up-to-date: /home/diego/Workspaces/ros2_control_diffbot_ws/src/install/rrbot_description/share/rrbot_description/gazebo/rrbot.materials.xacro
[0.328s] -- Up-to-date: /home/diego/Workspaces/ros2_control_diffbot_ws/src/install/rrbot_description/share/rrbot_description/gazebo/rrbot.gazebo.xacro
[0.329s] -- Up-to-date: /home/diego/Workspaces/ros2_control_diffbot_ws/src/install/rrbot_description/share/rrbot_description/meshes
[0.329s] -- Up-to-date: /home/diego/Workspaces/ros2_control_diffbot_ws/src/install/rrbot_description/share/rrbot_description/meshes/hokuyo.dae
[0.329s] -- Up-to-date: /home/diego/Workspaces/ros2_control_diffbot_ws/src/install/rrbot_description/share/rrbot_description/launch
[0.329s] -- Up-to-date: /home/diego/Workspaces/ros2_control_diffbot_ws/src/install/rrbot_description/share/rrbot_description/launch/view_robot.launch.py
[0.330s] -- Up-to-date: /home/diego/Workspaces/ros2_control_diffbot_ws/src/install/rrbot_description/share/rrbot_description/ros2_control
[0.331s] -- Up-to-date: /home/diego/Workspaces/ros2_control_diffbot_ws/src/install/rrbot_description/share/rrbot_description/ros2_control/rrbot.ros2_control.xacro
[0.332s] -- Up-to-date: /home/diego/Workspaces/ros2_control_diffbot_ws/src/install/rrbot_description/share/rrbot_description/ros2_control/rrbot_system_multi_interface.ros2_control.xacro
[0.333s] -- Up-to-date: /home/diego/Workspaces/ros2_control_diffbot_ws/src/install/rrbot_description/share/rrbot_description/ros2_control/rrbot_system_with_sensor.ros2_control.xacro
[0.334s] -- Up-to-date: /home/diego/Workspaces/ros2_control_diffbot_ws/src/install/rrbot_description/share/rrbot_description/ros2_control/rrbot_system_position_only.ros2_control.xacro
[0.334s] -- Up-to-date: /home/diego/Workspaces/ros2_control_diffbot_ws/src/install/rrbot_description/share/rrbot_description/urdf
[0.335s] -- Up-to-date: /home/diego/Workspaces/ros2_control_diffbot_ws/src/install/rrbot_description/share/rrbot_description/urdf/rrbot.urdf.xacro
[0.335s] -- Up-to-date: /home/diego/Workspaces/ros2_control_diffbot_ws/src/install/rrbot_description/share/rrbot_description/urdf/rrbot_description.urdf.xacro
[0.336s] -- Up-to-date: /home/diego/Workspaces/ros2_control_diffbot_ws/src/install/rrbot_description/share/rrbot_description/urdf/rrbot_system_position_only.urdf.xacro
[0.343s] -- Up-to-date: /home/diego/Workspaces/ros2_control_diffbot_ws/src/install/rrbot_description/share/rrbot_description/urdf/rrbot_system_multi_interface.urdf.xacro
[0.346s] -- Up-to-date: /home/diego/Workspaces/ros2_control_diffbot_ws/src/install/rrbot_description/share/rrbot_description/urdf/rrbot_system_with_sensor.urdf.xacro
[0.347s] -- Up-to-date: /home/diego/Workspaces/ros2_control_diffbot_ws/src/install/rrbot_description/share/rrbot_description/environment/rrbot_description.dsv
[0.349s] -- Up-to-date: /home/diego/Workspaces/ros2_control_diffbot_ws/src/install/rrbot_description/share/ament_index/resource_index/package_run_dependencies/rrbot_description
[0.349s] -- Up-to-date: /home/diego/Workspaces/ros2_control_diffbot_ws/src/install/rrbot_description/share/ament_index/resource_index/parent_prefix_path/rrbot_description
[0.349s] -- Up-to-date: /home/diego/Workspaces/ros2_control_diffbot_ws/src/install/rrbot_description/share/rrbot_description/environment/ament_prefix_path.sh
[0.349s] -- Up-to-date: /home/diego/Workspaces/ros2_control_diffbot_ws/src/install/rrbot_description/share/rrbot_description/environment/ament_prefix_path.dsv
[0.350s] -- Up-to-date: /home/diego/Workspaces/ros2_control_diffbot_ws/src/install/rrbot_description/share/rrbot_description/environment/path.sh
[0.351s] -- Up-to-date: /home/diego/Workspaces/ros2_control_diffbot_ws/src/install/rrbot_description/share/rrbot_description/environment/path.dsv
[0.352s] -- Up-to-date: /home/diego/Workspaces/ros2_control_diffbot_ws/src/install/rrbot_description/share/rrbot_description/local_setup.bash
[0.353s] -- Up-to-date: /home/diego/Workspaces/ros2_control_diffbot_ws/src/install/rrbot_description/share/rrbot_description/local_setup.sh
[0.353s] -- Up-to-date: /home/diego/Workspaces/ros2_control_diffbot_ws/src/install/rrbot_description/share/rrbot_description/local_setup.zsh
[0.354s] -- Up-to-date: /home/diego/Workspaces/ros2_control_diffbot_ws/src/install/rrbot_description/share/rrbot_description/local_setup.dsv
[0.355s] -- Up-to-date: /home/diego/Workspaces/ros2_control_diffbot_ws/src/install/rrbot_description/share/rrbot_description/package.dsv
[0.355s] -- Up-to-date: /home/diego/Workspaces/ros2_control_diffbot_ws/src/install/rrbot_description/share/ament_index/resource_index/packages/rrbot_description
[0.356s] -- Up-to-date: /home/diego/Workspaces/ros2_control_diffbot_ws/src/install/rrbot_description/share/rrbot_description/cmake/rrbot_descriptionConfig.cmake
[0.356s] -- Up-to-date: /home/diego/Workspaces/ros2_control_diffbot_ws/src/install/rrbot_description/share/rrbot_description/cmake/rrbot_descriptionConfig-version.cmake
[0.357s] -- Up-to-date: /home/diego/Workspaces/ros2_control_diffbot_ws/src/install/rrbot_description/share/rrbot_description/package.xml
[0.450s] Invoked command in '/home/diego/Workspaces/ros2_control_diffbot_ws/src/build/rrbot_description' returned '0': CMAKE_PREFIX_PATH=/opt/ros/foxy /usr/bin/cmake --install /home/diego/Workspaces/ros2_control_diffbot_ws/src/build/rrbot_description
