[0.091s] Invoking command in '/home/diego/Workspaces/ros2_control_diffbot_ws/src/build/hardware_interface': AMENT_PREFIX_PATH=/home/diego/Workspaces/ros2_control_diffbot_ws/src/install/ros2_control_test_assets:/home/diego/Workspaces/ros2_control_diffbot_ws/src/install/control_msgs:${AMENT_PREFIX_PATH} CMAKE_PREFIX_PATH=/home/diego/Workspaces/ros2_control_diffbot_ws/src/install/ros2_control_test_assets:/home/diego/Workspaces/ros2_control_diffbot_ws/src/install/control_msgs:/opt/ros/foxy LD_LIBRARY_PATH=/home/diego/Workspaces/ros2_control_diffbot_ws/src/install/control_msgs/lib:${LD_LIBRARY_PATH} PYTHONPATH=/home/diego/Workspaces/ros2_control_diffbot_ws/src/install/control_msgs/lib/python3.8/site-packages:${PYTHONPATH} /usr/bin/cmake --build /home/diego/Workspaces/ros2_control_diffbot_ws/src/build/hardware_interface -- -j2 -l2
[0.352s] [ 17%] Built target hardware_interface
[0.373s] [ 26%] Built target gmock
[0.468s] [ 32%] Built target gmock_main
[0.472s] [ 44%] Built target test_components
[0.678s] [ 50%] Built target test_generic_system
[0.701s] [ 64%] Built target test_hardware_components
[0.801s] [ 70%] Built target test_macros
[0.817s] [ 76%] Built target test_resource_manager
[0.951s] [ 82%] Built target test_component_interfaces
[0.965s] [ 88%] Built target fake_components
[1.116s] [ 94%] Built target test_joint_handle
[1.117s] [100%] Built target test_component_parser
[1.166s] Invoked command in '/home/diego/Workspaces/ros2_control_diffbot_ws/src/build/hardware_interface' returned '0': AMENT_PREFIX_PATH=/home/diego/Workspaces/ros2_control_diffbot_ws/src/install/ros2_control_test_assets:/home/diego/Workspaces/ros2_control_diffbot_ws/src/install/control_msgs:${AMENT_PREFIX_PATH} CMAKE_PREFIX_PATH=/home/diego/Workspaces/ros2_control_diffbot_ws/src/install/ros2_control_test_assets:/home/diego/Workspaces/ros2_control_diffbot_ws/src/install/control_msgs:/opt/ros/foxy LD_LIBRARY_PATH=/home/diego/Workspaces/ros2_control_diffbot_ws/src/install/control_msgs/lib:${LD_LIBRARY_PATH} PYTHONPATH=/home/diego/Workspaces/ros2_control_diffbot_ws/src/install/control_msgs/lib/python3.8/site-packages:${PYTHONPATH} /usr/bin/cmake --build /home/diego/Workspaces/ros2_control_diffbot_ws/src/build/hardware_interface -- -j2 -l2
[1.424s] Invoking command in '/home/diego/Workspaces/ros2_control_diffbot_ws/src/build/hardware_interface': AMENT_PREFIX_PATH=/home/diego/Workspaces/ros2_control_diffbot_ws/src/install/ros2_control_test_assets:/home/diego/Workspaces/ros2_control_diffbot_ws/src/install/control_msgs:${AMENT_PREFIX_PATH} CMAKE_PREFIX_PATH=/home/diego/Workspaces/ros2_control_diffbot_ws/src/install/ros2_control_test_assets:/home/diego/Workspaces/ros2_control_diffbot_ws/src/install/control_msgs:/opt/ros/foxy LD_LIBRARY_PATH=/home/diego/Workspaces/ros2_control_diffbot_ws/src/install/control_msgs/lib:${LD_LIBRARY_PATH} PYTHONPATH=/home/diego/Workspaces/ros2_control_diffbot_ws/src/install/control_msgs/lib/python3.8/site-packages:${PYTHONPATH} /usr/bin/cmake --install /home/diego/Workspaces/ros2_control_diffbot_ws/src/build/hardware_interface
[1.452s] -- Install configuration: ""
[1.453s] -- Up-to-date: /home/diego/Workspaces/ros2_control_diffbot_ws/src/install/hardware_interface/share/hardware_interface/fake_components_plugin_description.xml
[1.453s] -- Up-to-date: /home/diego/Workspaces/ros2_control_diffbot_ws/src/install/hardware_interface/include
[1.453s] -- Up-to-date: /home/diego/Workspaces/ros2_control_diffbot_ws/src/install/hardware_interface/include/fake_components
[1.453s] -- Up-to-date: /home/diego/Workspaces/ros2_control_diffbot_ws/src/install/hardware_interface/include/fake_components/generic_system.hpp
[1.454s] -- Up-to-date: /home/diego/Workspaces/ros2_control_diffbot_ws/src/install/hardware_interface/include/fake_components/visibility_control.h
[1.454s] -- Up-to-date: /home/diego/Workspaces/ros2_control_diffbot_ws/src/install/hardware_interface/include/hardware_interface
[1.454s] -- Up-to-date: /home/diego/Workspaces/ros2_control_diffbot_ws/src/install/hardware_interface/include/hardware_interface/loaned_command_interface.hpp
[1.454s] -- Up-to-date: /home/diego/Workspaces/ros2_control_diffbot_ws/src/install/hardware_interface/include/hardware_interface/macros.hpp
[1.455s] -- Up-to-date: /home/diego/Workspaces/ros2_control_diffbot_ws/src/install/hardware_interface/include/hardware_interface/resource_manager.hpp
[1.455s] -- Up-to-date: /home/diego/Workspaces/ros2_control_diffbot_ws/src/install/hardware_interface/include/hardware_interface/base_interface.hpp
[1.455s] -- Up-to-date: /home/diego/Workspaces/ros2_control_diffbot_ws/src/install/hardware_interface/include/hardware_interface/actuator_interface.hpp
[1.456s] -- Up-to-date: /home/diego/Workspaces/ros2_control_diffbot_ws/src/install/hardware_interface/include/hardware_interface/actuator.hpp
[1.456s] -- Up-to-date: /home/diego/Workspaces/ros2_control_diffbot_ws/src/install/hardware_interface/include/hardware_interface/sensor.hpp
[1.457s] -- Up-to-date: /home/diego/Workspaces/ros2_control_diffbot_ws/src/install/hardware_interface/include/hardware_interface/controller_info.hpp
[1.457s] -- Up-to-date: /home/diego/Workspaces/ros2_control_diffbot_ws/src/install/hardware_interface/include/hardware_interface/component_parser.hpp
[1.458s] -- Up-to-date: /home/diego/Workspaces/ros2_control_diffbot_ws/src/install/hardware_interface/include/hardware_interface/sensor_interface.hpp
[1.458s] -- Up-to-date: /home/diego/Workspaces/ros2_control_diffbot_ws/src/install/hardware_interface/include/hardware_interface/hardware_info.hpp
[1.458s] -- Up-to-date: /home/diego/Workspaces/ros2_control_diffbot_ws/src/install/hardware_interface/include/hardware_interface/handle.hpp
[1.459s] -- Up-to-date: /home/diego/Workspaces/ros2_control_diffbot_ws/src/install/hardware_interface/include/hardware_interface/types
[1.459s] -- Up-to-date: /home/diego/Workspaces/ros2_control_diffbot_ws/src/install/hardware_interface/include/hardware_interface/types/hardware_interface_type_values.hpp
[1.460s] -- Up-to-date: /home/diego/Workspaces/ros2_control_diffbot_ws/src/install/hardware_interface/include/hardware_interface/types/hardware_interface_status_values.hpp
[1.460s] -- Up-to-date: /home/diego/Workspaces/ros2_control_diffbot_ws/src/install/hardware_interface/include/hardware_interface/types/hardware_interface_return_values.hpp
[1.460s] -- Up-to-date: /home/diego/Workspaces/ros2_control_diffbot_ws/src/install/hardware_interface/include/hardware_interface/loaned_state_interface.hpp
[1.460s] -- Up-to-date: /home/diego/Workspaces/ros2_control_diffbot_ws/src/install/hardware_interface/include/hardware_interface/system_interface.hpp
[1.460s] -- Up-to-date: /home/diego/Workspaces/ros2_control_diffbot_ws/src/install/hardware_interface/include/hardware_interface/visibility_control.h
[1.461s] -- Up-to-date: /home/diego/Workspaces/ros2_control_diffbot_ws/src/install/hardware_interface/include/hardware_interface/system.hpp
[1.461s] -- Up-to-date: /home/diego/Workspaces/ros2_control_diffbot_ws/src/install/hardware_interface/lib/libfake_components.so
[1.461s] -- Up-to-date: /home/diego/Workspaces/ros2_control_diffbot_ws/src/install/hardware_interface/lib/libhardware_interface.so
[1.461s] -- Up-to-date: /home/diego/Workspaces/ros2_control_diffbot_ws/src/install/hardware_interface/lib/libtest_components.so
[1.462s] -- Up-to-date: /home/diego/Workspaces/ros2_control_diffbot_ws/src/install/hardware_interface/share/hardware_interface/test/test_components/test_components.xml
[1.462s] -- Up-to-date: /home/diego/Workspaces/ros2_control_diffbot_ws/src/install/hardware_interface/lib/libtest_hardware_components.so
[1.462s] -- Up-to-date: /home/diego/Workspaces/ros2_control_diffbot_ws/src/install/hardware_interface/share/hardware_interface/test/test_hardware_components/test_hardware_components.xml
[1.462s] -- Up-to-date: /home/diego/Workspaces/ros2_control_diffbot_ws/src/install/hardware_interface/share/hardware_interface/environment/library_path.sh
[1.463s] -- Up-to-date: /home/diego/Workspaces/ros2_control_diffbot_ws/src/install/hardware_interface/share/hardware_interface/environment/library_path.dsv
[1.473s] -- Up-to-date: /home/diego/Workspaces/ros2_control_diffbot_ws/src/install/hardware_interface/share/ament_index/resource_index/package_run_dependencies/hardware_interface
[1.474s] -- Up-to-date: /home/diego/Workspaces/ros2_control_diffbot_ws/src/install/hardware_interface/share/ament_index/resource_index/parent_prefix_path/hardware_interface
[1.474s] -- Up-to-date: /home/diego/Workspaces/ros2_control_diffbot_ws/src/install/hardware_interface/share/hardware_interface/environment/ament_prefix_path.sh
[1.474s] -- Up-to-date: /home/diego/Workspaces/ros2_control_diffbot_ws/src/install/hardware_interface/share/hardware_interface/environment/ament_prefix_path.dsv
[1.475s] -- Up-to-date: /home/diego/Workspaces/ros2_control_diffbot_ws/src/install/hardware_interface/share/hardware_interface/environment/path.sh
[1.475s] -- Up-to-date: /home/diego/Workspaces/ros2_control_diffbot_ws/src/install/hardware_interface/share/hardware_interface/environment/path.dsv
[1.475s] -- Up-to-date: /home/diego/Workspaces/ros2_control_diffbot_ws/src/install/hardware_interface/share/hardware_interface/local_setup.bash
[1.476s] -- Up-to-date: /home/diego/Workspaces/ros2_control_diffbot_ws/src/install/hardware_interface/share/hardware_interface/local_setup.sh
[1.476s] -- Up-to-date: /home/diego/Workspaces/ros2_control_diffbot_ws/src/install/hardware_interface/share/hardware_interface/local_setup.zsh
[1.476s] -- Up-to-date: /home/diego/Workspaces/ros2_control_diffbot_ws/src/install/hardware_interface/share/hardware_interface/local_setup.dsv
[1.476s] -- Installing: /home/diego/Workspaces/ros2_control_diffbot_ws/src/install/hardware_interface/share/hardware_interface/package.dsv
[1.476s] -- Up-to-date: /home/diego/Workspaces/ros2_control_diffbot_ws/src/install/hardware_interface/share/ament_index/resource_index/packages/hardware_interface
[1.476s] -- Up-to-date: /home/diego/Workspaces/ros2_control_diffbot_ws/src/install/hardware_interface/share/ament_index/resource_index/hardware_interface__pluginlib__plugin/hardware_interface
[1.477s] -- Up-to-date: /home/diego/Workspaces/ros2_control_diffbot_ws/src/install/hardware_interface/share/hardware_interface/cmake/ament_cmake_export_include_directories-extras.cmake
[1.477s] -- Up-to-date: /home/diego/Workspaces/ros2_control_diffbot_ws/src/install/hardware_interface/share/hardware_interface/cmake/ament_cmake_export_libraries-extras.cmake
[1.477s] -- Up-to-date: /home/diego/Workspaces/ros2_control_diffbot_ws/src/install/hardware_interface/share/hardware_interface/cmake/ament_cmake_export_dependencies-extras.cmake
[1.477s] -- Up-to-date: /home/diego/Workspaces/ros2_control_diffbot_ws/src/install/hardware_interface/share/hardware_interface/cmake/hardware_interfaceConfig.cmake
[1.477s] -- Up-to-date: /home/diego/Workspaces/ros2_control_diffbot_ws/src/install/hardware_interface/share/hardware_interface/cmake/hardware_interfaceConfig-version.cmake
[1.478s] -- Up-to-date: /home/diego/Workspaces/ros2_control_diffbot_ws/src/install/hardware_interface/share/hardware_interface/package.xml
[1.478s] Invoked command in '/home/diego/Workspaces/ros2_control_diffbot_ws/src/build/hardware_interface' returned '0': AMENT_PREFIX_PATH=/home/diego/Workspaces/ros2_control_diffbot_ws/src/install/ros2_control_test_assets:/home/diego/Workspaces/ros2_control_diffbot_ws/src/install/control_msgs:${AMENT_PREFIX_PATH} CMAKE_PREFIX_PATH=/home/diego/Workspaces/ros2_control_diffbot_ws/src/install/ros2_control_test_assets:/home/diego/Workspaces/ros2_control_diffbot_ws/src/install/control_msgs:/opt/ros/foxy LD_LIBRARY_PATH=/home/diego/Workspaces/ros2_control_diffbot_ws/src/install/control_msgs/lib:${LD_LIBRARY_PATH} PYTHONPATH=/home/diego/Workspaces/ros2_control_diffbot_ws/src/install/control_msgs/lib/python3.8/site-packages:${PYTHONPATH} /usr/bin/cmake --install /home/diego/Workspaces/ros2_control_diffbot_ws/src/build/hardware_interface
