[0.077s] Invoking command in '/home/diego/Workspaces/ros2_control_diffbot_ws/src/build/hardware_interface': AMENT_PREFIX_PATH=/home/diego/Workspaces/ros2_control_diffbot_ws/src/install/ros2_control_test_assets:/home/diego/Workspaces/ros2_control_diffbot_ws/src/install/control_msgs:${AMENT_PREFIX_PATH} CMAKE_PREFIX_PATH=/home/diego/Workspaces/ros2_control_diffbot_ws/src/install/ros2_control_test_assets:/home/diego/Workspaces/ros2_control_diffbot_ws/src/install/control_msgs:/opt/ros/foxy LD_LIBRARY_PATH=/home/diego/Workspaces/ros2_control_diffbot_ws/src/install/control_msgs/lib:${LD_LIBRARY_PATH} PYTHONPATH=/home/diego/Workspaces/ros2_control_diffbot_ws/src/install/control_msgs/lib/python3.8/site-packages:${PYTHONPATH} /usr/bin/cmake /home/diego/Workspaces/ros2_control_diffbot_ws/src/ros2_control/hardware_interface -DCMAKE_INSTALL_PREFIX=/home/diego/Workspaces/ros2_control_diffbot_ws/src/install/hardware_interface
[0.246s] -- The C compiler identification is GNU 9.4.0
[0.392s] -- The CXX compiler identification is GNU 9.4.0
[0.410s] -- Check for working C compiler: /usr/bin/cc
[0.580s] -- Check for working C compiler: /usr/bin/cc -- works
[0.583s] -- Detecting C compiler ABI info
[0.776s] -- Detecting C compiler ABI info - done
[0.804s] -- Detecting C compile features
[0.805s] -- Detecting C compile features - done
[0.811s] -- Check for working CXX compiler: /usr/bin/c++
[0.999s] -- Check for working CXX compiler: /usr/bin/c++ -- works
[1.002s] -- Detecting CXX compiler ABI info
[1.201s] -- Detecting CXX compiler ABI info - done
[1.235s] -- Detecting CXX compile features
[1.237s] -- Detecting CXX compile features - done
[1.243s] -- Found ament_cmake: 0.9.9 (/opt/ros/foxy/share/ament_cmake/cmake)
[1.306s] -- Found PythonInterp: /usr/bin/python3 (found suitable version "3.8.10", minimum required is "3") 
[1.307s] -- Using PYTHON_EXECUTABLE: /usr/bin/python3
[1.974s] -- Found control_msgs: 2.5.1 (/home/diego/Workspaces/ros2_control_diffbot_ws/src/install/control_msgs/share/control_msgs/cmake)
[2.434s] -- Using all available rosidl_typesupport_c: rosidl_typesupport_fastrtps_c;rosidl_typesupport_introspection_c
[2.468s] -- Found rosidl_adapter: 1.2.1 (/opt/ros/foxy/share/rosidl_adapter/cmake)
[2.796s] -- Found OpenSSL: /usr/lib/x86_64-linux-gnu/libcrypto.so (found version "1.1.1f")  
[3.188s] -- Found FastRTPS: /opt/ros/foxy/include  
[3.449s] -- Using all available rosidl_typesupport_cpp: rosidl_typesupport_fastrtps_cpp;rosidl_typesupport_introspection_cpp
[5.016s] -- Found pluginlib: 2.5.4 (/opt/ros/foxy/share/pluginlib/cmake)
[5.159s] -- Found TinyXML2: /usr/lib/x86_64-linux-gnu/libtinyxml2.so  
[5.179s] -- Found ament_lint_auto: 0.9.6 (/opt/ros/foxy/share/ament_lint_auto/cmake)
[5.497s] -- Found gmock sources under '/opt/ros/foxy/src/gmock_vendor': C++ tests using 'Google Mock' will be built
[5.512s] -- Found ament_cmake_gtest: 0.9.9 (/opt/ros/foxy/share/ament_cmake_gtest/cmake)
[5.522s] -- Found gtest sources under '/opt/ros/foxy/src/gtest_vendor': C++ tests using 'Google Test' will be built
[5.570s] -- Added test 'copyright' to check source files copyright and LICENSE
[5.583s] -- Added test 'cppcheck' to perform static code analysis on C / C++ code
[5.585s] -- Configured cppcheck include dirs: /home/diego/Workspaces/ros2_control_diffbot_ws/src/ros2_control/hardware_interface/include
[5.586s] -- Configured cppcheck exclude dirs and/or files: 
[5.598s] -- Added test 'lint_cmake' to check CMake code style
[5.604s] -- Added test 'xmllint' to check XML markup files
[5.629s] -- Configuring done
[5.782s] -- Generating done
[5.796s] -- Build files have been written to: /home/diego/Workspaces/ros2_control_diffbot_ws/src/build/hardware_interface
[5.831s] Invoked command in '/home/diego/Workspaces/ros2_control_diffbot_ws/src/build/hardware_interface' returned '0': AMENT_PREFIX_PATH=/home/diego/Workspaces/ros2_control_diffbot_ws/src/install/ros2_control_test_assets:/home/diego/Workspaces/ros2_control_diffbot_ws/src/install/control_msgs:${AMENT_PREFIX_PATH} CMAKE_PREFIX_PATH=/home/diego/Workspaces/ros2_control_diffbot_ws/src/install/ros2_control_test_assets:/home/diego/Workspaces/ros2_control_diffbot_ws/src/install/control_msgs:/opt/ros/foxy LD_LIBRARY_PATH=/home/diego/Workspaces/ros2_control_diffbot_ws/src/install/control_msgs/lib:${LD_LIBRARY_PATH} PYTHONPATH=/home/diego/Workspaces/ros2_control_diffbot_ws/src/install/control_msgs/lib/python3.8/site-packages:${PYTHONPATH} /usr/bin/cmake /home/diego/Workspaces/ros2_control_diffbot_ws/src/ros2_control/hardware_interface -DCMAKE_INSTALL_PREFIX=/home/diego/Workspaces/ros2_control_diffbot_ws/src/install/hardware_interface
[5.833s] Invoking command in '/home/diego/Workspaces/ros2_control_diffbot_ws/src/build/hardware_interface': AMENT_PREFIX_PATH=/home/diego/Workspaces/ros2_control_diffbot_ws/src/install/ros2_control_test_assets:/home/diego/Workspaces/ros2_control_diffbot_ws/src/install/control_msgs:${AMENT_PREFIX_PATH} CMAKE_PREFIX_PATH=/home/diego/Workspaces/ros2_control_diffbot_ws/src/install/ros2_control_test_assets:/home/diego/Workspaces/ros2_control_diffbot_ws/src/install/control_msgs:/opt/ros/foxy LD_LIBRARY_PATH=/home/diego/Workspaces/ros2_control_diffbot_ws/src/install/control_msgs/lib:${LD_LIBRARY_PATH} PYTHONPATH=/home/diego/Workspaces/ros2_control_diffbot_ws/src/install/control_msgs/lib/python3.8/site-packages:${PYTHONPATH} /usr/bin/cmake --build /home/diego/Workspaces/ros2_control_diffbot_ws/src/build/hardware_interface -- -j2 -l2
[5.946s] [35m[1mScanning dependencies of target hardware_interface[0m
[6.049s] [  2%] [32mBuilding CXX object CMakeFiles/hardware_interface.dir/src/actuator.cpp.o[0m
[7.286s] [  5%] [32mBuilding CXX object CMakeFiles/hardware_interface.dir/src/component_parser.cpp.o[0m
[15.444s] [  8%] [32mBuilding CXX object CMakeFiles/hardware_interface.dir/src/resource_manager.cpp.o[0m
[27.478s] [ 11%] [32mBuilding CXX object CMakeFiles/hardware_interface.dir/src/sensor.cpp.o[0m
[28.371s] [ 14%] [32mBuilding CXX object CMakeFiles/hardware_interface.dir/src/system.cpp.o[0m
[29.849s] [ 17%] [32m[1mLinking CXX shared library libhardware_interface.so[0m
[31.343s] [ 17%] Built target hardware_interface
[31.363s] [35m[1mScanning dependencies of target gmock[0m
[31.408s] [ 20%] [32mBuilding CXX object gmock/CMakeFiles/gmock.dir/opt/ros/foxy/src/gtest_vendor/src/gtest-all.cc.o[0m
[38.422s] [35m[1mScanning dependencies of target gmock_main[0m
[38.458s] [ 23%] [32mBuilding CXX object gmock/CMakeFiles/gmock_main.dir/src/gmock_main.cc.o[0m
[40.657s] [ 26%] [32mBuilding CXX object gmock/CMakeFiles/gmock.dir/src/gmock-all.cc.o[0m
[40.977s] [ 29%] [32m[1mLinking CXX static library libgmock_main.a[0m
[41.158s] [ 29%] Built target gmock_main
[41.183s] [35m[1mScanning dependencies of target test_components[0m
[41.227s] [ 32%] [32mBuilding CXX object CMakeFiles/test_components.dir/test/test_components/test_actuator.cpp.o[0m
[44.400s] [ 35%] [32mBuilding CXX object CMakeFiles/test_components.dir/test/test_components/test_sensor.cpp.o[0m
[46.138s] [ 38%] [32m[1mLinking CXX static library libgmock.a[0m
[46.473s] [ 38%] Built target gmock
[46.503s] [35m[1mScanning dependencies of target test_hardware_components[0m
[47.243s] [ 41%] [32mBuilding CXX object CMakeFiles/test_components.dir/test/test_components/test_system.cpp.o[0m
[47.256s] [ 44%] [32mBuilding CXX object CMakeFiles/test_hardware_components.dir/test/test_hardware_components/test_single_joint_actuator.cpp.o[0m
[50.668s] [ 47%] [32m[1mLinking CXX shared library libtest_components.so[0m
[50.892s] [ 50%] [32mBuilding CXX object CMakeFiles/test_hardware_components.dir/test/test_hardware_components/test_force_torque_sensor.cpp.o[0m
[51.005s] [ 50%] Built target test_components
[51.029s] [35m[1mScanning dependencies of target test_generic_system[0m
[51.719s] [ 52%] [32mBuilding CXX object CMakeFiles/test_generic_system.dir/test/fake_components/test_generic_system.cpp.o[0m
[53.757s] [ 55%] [32mBuilding CXX object CMakeFiles/test_hardware_components.dir/test/test_hardware_components/test_two_joint_system.cpp.o[0m
[56.720s] [ 58%] [32mBuilding CXX object CMakeFiles/test_hardware_components.dir/test/test_hardware_components/test_system_with_command_modes.cpp.o[0m
[57.371s] [ 61%] [32m[1mLinking CXX executable test_generic_system[0m
[58.119s] [ 61%] Built target test_generic_system
[58.141s] [35m[1mScanning dependencies of target test_macros[0m
[58.186s] [ 64%] [32mBuilding CXX object CMakeFiles/test_macros.dir/test/test_macros.cpp.o[0m
[60.023s] [ 67%] [32m[1mLinking CXX shared library libtest_hardware_components.so[0m
[60.434s] [ 67%] Built target test_hardware_components
[60.459s] [35m[1mScanning dependencies of target test_resource_manager[0m
[60.510s] [ 70%] [32mBuilding CXX object CMakeFiles/test_resource_manager.dir/test/test_resource_manager.cpp.o[0m
[61.150s] [ 73%] [32m[1mLinking CXX executable test_macros[0m
[61.577s] [ 73%] Built target test_macros
[61.606s] [35m[1mScanning dependencies of target fake_components[0m
[61.648s] [ 76%] [32mBuilding CXX object CMakeFiles/fake_components.dir/src/fake_components/generic_system.cpp.o[0m
[65.169s] [ 79%] [32m[1mLinking CXX executable test_resource_manager[0m
[65.910s] [ 79%] Built target test_resource_manager
[65.980s] [ 82%] [32m[1mLinking CXX shared library libfake_components.so[0m
[66.276s] [ 82%] Built target fake_components
[66.298s] [35m[1mScanning dependencies of target test_component_interfaces[0m
[66.620s] [ 85%] [32mBuilding CXX object CMakeFiles/test_component_interfaces.dir/test/test_component_interfaces.cpp.o[0m
[68.647s] [35m[1mScanning dependencies of target test_joint_handle[0m
[68.698s] [ 88%] [32mBuilding CXX object CMakeFiles/test_joint_handle.dir/test/test_handle.cpp.o[0m
[71.038s] [ 91%] [32m[1mLinking CXX executable test_component_interfaces[0m
[71.562s] [ 94%] [32m[1mLinking CXX executable test_joint_handle[0m
[71.823s] [ 94%] Built target test_component_interfaces
[71.857s] [35m[1mScanning dependencies of target test_component_parser[0m
[71.920s] [ 97%] [32mBuilding CXX object CMakeFiles/test_component_parser.dir/test/test_component_parser.cpp.o[0m
[72.080s] [ 97%] Built target test_joint_handle
[79.381s] [100%] [32m[1mLinking CXX executable test_component_parser[0m
[80.140s] [100%] Built target test_component_parser
[80.166s] Invoked command in '/home/diego/Workspaces/ros2_control_diffbot_ws/src/build/hardware_interface' returned '0': AMENT_PREFIX_PATH=/home/diego/Workspaces/ros2_control_diffbot_ws/src/install/ros2_control_test_assets:/home/diego/Workspaces/ros2_control_diffbot_ws/src/install/control_msgs:${AMENT_PREFIX_PATH} CMAKE_PREFIX_PATH=/home/diego/Workspaces/ros2_control_diffbot_ws/src/install/ros2_control_test_assets:/home/diego/Workspaces/ros2_control_diffbot_ws/src/install/control_msgs:/opt/ros/foxy LD_LIBRARY_PATH=/home/diego/Workspaces/ros2_control_diffbot_ws/src/install/control_msgs/lib:${LD_LIBRARY_PATH} PYTHONPATH=/home/diego/Workspaces/ros2_control_diffbot_ws/src/install/control_msgs/lib/python3.8/site-packages:${PYTHONPATH} /usr/bin/cmake --build /home/diego/Workspaces/ros2_control_diffbot_ws/src/build/hardware_interface -- -j2 -l2
[80.308s] Invoking command in '/home/diego/Workspaces/ros2_control_diffbot_ws/src/build/hardware_interface': AMENT_PREFIX_PATH=/home/diego/Workspaces/ros2_control_diffbot_ws/src/install/ros2_control_test_assets:/home/diego/Workspaces/ros2_control_diffbot_ws/src/install/control_msgs:${AMENT_PREFIX_PATH} CMAKE_PREFIX_PATH=/home/diego/Workspaces/ros2_control_diffbot_ws/src/install/ros2_control_test_assets:/home/diego/Workspaces/ros2_control_diffbot_ws/src/install/control_msgs:/opt/ros/foxy LD_LIBRARY_PATH=/home/diego/Workspaces/ros2_control_diffbot_ws/src/install/control_msgs/lib:${LD_LIBRARY_PATH} PYTHONPATH=/home/diego/Workspaces/ros2_control_diffbot_ws/src/install/control_msgs/lib/python3.8/site-packages:${PYTHONPATH} /usr/bin/cmake --install /home/diego/Workspaces/ros2_control_diffbot_ws/src/build/hardware_interface
[80.330s] -- Install configuration: ""
[80.331s] -- Installing: /home/diego/Workspaces/ros2_control_diffbot_ws/src/install/hardware_interface/share/hardware_interface/fake_components_plugin_description.xml
[80.333s] -- Installing: /home/diego/Workspaces/ros2_control_diffbot_ws/src/install/hardware_interface/include
[80.334s] -- Installing: /home/diego/Workspaces/ros2_control_diffbot_ws/src/install/hardware_interface/include/fake_components
[80.334s] -- Installing: /home/diego/Workspaces/ros2_control_diffbot_ws/src/install/hardware_interface/include/fake_components/generic_system.hpp
[80.334s] -- Installing: /home/diego/Workspaces/ros2_control_diffbot_ws/src/install/hardware_interface/include/fake_components/visibility_control.h
[80.334s] -- Installing: /home/diego/Workspaces/ros2_control_diffbot_ws/src/install/hardware_interface/include/hardware_interface
[80.335s] -- Installing: /home/diego/Workspaces/ros2_control_diffbot_ws/src/install/hardware_interface/include/hardware_interface/loaned_command_interface.hpp
[80.336s] -- Installing: /home/diego/Workspaces/ros2_control_diffbot_ws/src/install/hardware_interface/include/hardware_interface/macros.hpp
[80.336s] -- Installing: /home/diego/Workspaces/ros2_control_diffbot_ws/src/install/hardware_interface/include/hardware_interface/resource_manager.hpp
[80.336s] -- Installing: /home/diego/Workspaces/ros2_control_diffbot_ws/src/install/hardware_interface/include/hardware_interface/base_interface.hpp
[80.337s] -- Installing: /home/diego/Workspaces/ros2_control_diffbot_ws/src/install/hardware_interface/include/hardware_interface/actuator_interface.hpp
[80.337s] -- Installing: /home/diego/Workspaces/ros2_control_diffbot_ws/src/install/hardware_interface/include/hardware_interface/actuator.hpp
[80.337s] -- Installing: /home/diego/Workspaces/ros2_control_diffbot_ws/src/install/hardware_interface/include/hardware_interface/sensor.hpp
[80.338s] -- Installing: /home/diego/Workspaces/ros2_control_diffbot_ws/src/install/hardware_interface/include/hardware_interface/controller_info.hpp
[80.339s] -- Installing: /home/diego/Workspaces/ros2_control_diffbot_ws/src/install/hardware_interface/include/hardware_interface/component_parser.hpp
[80.339s] -- Installing: /home/diego/Workspaces/ros2_control_diffbot_ws/src/install/hardware_interface/include/hardware_interface/sensor_interface.hpp
[80.340s] -- Installing: /home/diego/Workspaces/ros2_control_diffbot_ws/src/install/hardware_interface/include/hardware_interface/hardware_info.hpp
[80.341s] -- Installing: /home/diego/Workspaces/ros2_control_diffbot_ws/src/install/hardware_interface/include/hardware_interface/handle.hpp
[80.341s] -- Installing: /home/diego/Workspaces/ros2_control_diffbot_ws/src/install/hardware_interface/include/hardware_interface/types
[80.341s] -- Installing: /home/diego/Workspaces/ros2_control_diffbot_ws/src/install/hardware_interface/include/hardware_interface/types/hardware_interface_type_values.hpp
[80.342s] -- Installing: /home/diego/Workspaces/ros2_control_diffbot_ws/src/install/hardware_interface/include/hardware_interface/types/hardware_interface_status_values.hpp
[80.342s] -- Installing: /home/diego/Workspaces/ros2_control_diffbot_ws/src/install/hardware_interface/include/hardware_interface/types/hardware_interface_return_values.hpp
[80.343s] -- Installing: /home/diego/Workspaces/ros2_control_diffbot_ws/src/install/hardware_interface/include/hardware_interface/loaned_state_interface.hpp
[80.343s] -- Installing: /home/diego/Workspaces/ros2_control_diffbot_ws/src/install/hardware_interface/include/hardware_interface/system_interface.hpp
[80.343s] -- Installing: /home/diego/Workspaces/ros2_control_diffbot_ws/src/install/hardware_interface/include/hardware_interface/visibility_control.h
[80.343s] -- Installing: /home/diego/Workspaces/ros2_control_diffbot_ws/src/install/hardware_interface/include/hardware_interface/system.hpp
[80.343s] -- Installing: /home/diego/Workspaces/ros2_control_diffbot_ws/src/install/hardware_interface/lib/libfake_components.so
[80.345s] -- Set runtime path of "/home/diego/Workspaces/ros2_control_diffbot_ws/src/install/hardware_interface/lib/libfake_components.so" to ""
[80.345s] -- Installing: /home/diego/Workspaces/ros2_control_diffbot_ws/src/install/hardware_interface/lib/libhardware_interface.so
[80.352s] -- Set runtime path of "/home/diego/Workspaces/ros2_control_diffbot_ws/src/install/hardware_interface/lib/libhardware_interface.so" to ""
[80.352s] -- Installing: /home/diego/Workspaces/ros2_control_diffbot_ws/src/install/hardware_interface/lib/libtest_components.so
[80.354s] -- Set runtime path of "/home/diego/Workspaces/ros2_control_diffbot_ws/src/install/hardware_interface/lib/libtest_components.so" to ""
[80.354s] -- Installing: /home/diego/Workspaces/ros2_control_diffbot_ws/src/install/hardware_interface/share/hardware_interface/test/test_components/test_components.xml
[80.355s] -- Installing: /home/diego/Workspaces/ros2_control_diffbot_ws/src/install/hardware_interface/lib/libtest_hardware_components.so
[80.358s] -- Set runtime path of "/home/diego/Workspaces/ros2_control_diffbot_ws/src/install/hardware_interface/lib/libtest_hardware_components.so" to ""
[80.358s] -- Installing: /home/diego/Workspaces/ros2_control_diffbot_ws/src/install/hardware_interface/share/hardware_interface/test/test_hardware_components/test_hardware_components.xml
[80.360s] -- Installing: /home/diego/Workspaces/ros2_control_diffbot_ws/src/install/hardware_interface/share/hardware_interface/environment/library_path.sh
[80.361s] -- Installing: /home/diego/Workspaces/ros2_control_diffbot_ws/src/install/hardware_interface/share/hardware_interface/environment/library_path.dsv
[80.361s] -- Installing: /home/diego/Workspaces/ros2_control_diffbot_ws/src/install/hardware_interface/share/ament_index/resource_index/package_run_dependencies/hardware_interface
[80.361s] -- Installing: /home/diego/Workspaces/ros2_control_diffbot_ws/src/install/hardware_interface/share/ament_index/resource_index/parent_prefix_path/hardware_interface
[80.361s] -- Installing: /home/diego/Workspaces/ros2_control_diffbot_ws/src/install/hardware_interface/share/hardware_interface/environment/ament_prefix_path.sh
[80.362s] -- Installing: /home/diego/Workspaces/ros2_control_diffbot_ws/src/install/hardware_interface/share/hardware_interface/environment/ament_prefix_path.dsv
[80.362s] -- Installing: /home/diego/Workspaces/ros2_control_diffbot_ws/src/install/hardware_interface/share/hardware_interface/environment/path.sh
[80.362s] -- Installing: /home/diego/Workspaces/ros2_control_diffbot_ws/src/install/hardware_interface/share/hardware_interface/environment/path.dsv
[80.363s] -- Installing: /home/diego/Workspaces/ros2_control_diffbot_ws/src/install/hardware_interface/share/hardware_interface/local_setup.bash
[80.363s] -- Installing: /home/diego/Workspaces/ros2_control_diffbot_ws/src/install/hardware_interface/share/hardware_interface/local_setup.sh
[80.363s] -- Installing: /home/diego/Workspaces/ros2_control_diffbot_ws/src/install/hardware_interface/share/hardware_interface/local_setup.zsh
[80.364s] -- Installing: /home/diego/Workspaces/ros2_control_diffbot_ws/src/install/hardware_interface/share/hardware_interface/local_setup.dsv
[80.364s] -- Installing: /home/diego/Workspaces/ros2_control_diffbot_ws/src/install/hardware_interface/share/hardware_interface/package.dsv
[80.364s] -- Installing: /home/diego/Workspaces/ros2_control_diffbot_ws/src/install/hardware_interface/share/ament_index/resource_index/packages/hardware_interface
[80.364s] -- Installing: /home/diego/Workspaces/ros2_control_diffbot_ws/src/install/hardware_interface/share/ament_index/resource_index/hardware_interface__pluginlib__plugin/hardware_interface
[80.365s] -- Installing: /home/diego/Workspaces/ros2_control_diffbot_ws/src/install/hardware_interface/share/hardware_interface/cmake/ament_cmake_export_include_directories-extras.cmake
[80.365s] -- Installing: /home/diego/Workspaces/ros2_control_diffbot_ws/src/install/hardware_interface/share/hardware_interface/cmake/ament_cmake_export_libraries-extras.cmake
[80.365s] -- Installing: /home/diego/Workspaces/ros2_control_diffbot_ws/src/install/hardware_interface/share/hardware_interface/cmake/ament_cmake_export_dependencies-extras.cmake
[80.365s] -- Installing: /home/diego/Workspaces/ros2_control_diffbot_ws/src/install/hardware_interface/share/hardware_interface/cmake/hardware_interfaceConfig.cmake
[80.366s] -- Installing: /home/diego/Workspaces/ros2_control_diffbot_ws/src/install/hardware_interface/share/hardware_interface/cmake/hardware_interfaceConfig-version.cmake
[80.366s] -- Installing: /home/diego/Workspaces/ros2_control_diffbot_ws/src/install/hardware_interface/share/hardware_interface/package.xml
[80.375s] Invoked command in '/home/diego/Workspaces/ros2_control_diffbot_ws/src/build/hardware_interface' returned '0': AMENT_PREFIX_PATH=/home/diego/Workspaces/ros2_control_diffbot_ws/src/install/ros2_control_test_assets:/home/diego/Workspaces/ros2_control_diffbot_ws/src/install/control_msgs:${AMENT_PREFIX_PATH} CMAKE_PREFIX_PATH=/home/diego/Workspaces/ros2_control_diffbot_ws/src/install/ros2_control_test_assets:/home/diego/Workspaces/ros2_control_diffbot_ws/src/install/control_msgs:/opt/ros/foxy LD_LIBRARY_PATH=/home/diego/Workspaces/ros2_control_diffbot_ws/src/install/control_msgs/lib:${LD_LIBRARY_PATH} PYTHONPATH=/home/diego/Workspaces/ros2_control_diffbot_ws/src/install/control_msgs/lib/python3.8/site-packages:${PYTHONPATH} /usr/bin/cmake --install /home/diego/Workspaces/ros2_control_diffbot_ws/src/build/hardware_interface
