[0.104s] Invoking command in '/home/diego/Workspaces/ros2_control_diffbot_ws/src/build/control_msgs': CMAKE_PREFIX_PATH=/opt/ros/foxy /usr/bin/cmake --build /home/diego/Workspaces/ros2_control_diffbot_ws/src/build/control_msgs -- -j2 -l2
[0.625s] [  0%] Built target control_msgs__cpp
[0.702s] [ 12%] Built target control_msgs__rosidl_generator_c
[0.837s] [ 24%] Built target control_msgs__rosidl_typesupport_cpp
[0.952s] [ 36%] Built target control_msgs__rosidl_typesupport_fastrtps_cpp
[1.118s] [ 48%] Built target control_msgs__rosidl_typesupport_introspection_c
[1.154s] [ 60%] Built target control_msgs__rosidl_typesupport_c
[1.301s] [ 72%] Built target control_msgs__rosidl_typesupport_introspection_cpp
[1.334s] [ 84%] Built target control_msgs__rosidl_typesupport_fastrtps_c
[1.420s] [ 84%] Built target control_msgs
[1.570s] [ 85%] Built target control_msgs__py
[1.764s] [ 96%] Built target control_msgs__python
[1.875s] [ 97%] Built target control_msgs__rosidl_typesupport_c__pyext
[1.906s] [ 99%] Built target control_msgs__rosidl_typesupport_introspection_c__pyext
[1.979s] [100%] Built target control_msgs__rosidl_typesupport_fastrtps_c__pyext
[2.014s] Invoked command in '/home/diego/Workspaces/ros2_control_diffbot_ws/src/build/control_msgs' returned '0': CMAKE_PREFIX_PATH=/opt/ros/foxy /usr/bin/cmake --build /home/diego/Workspaces/ros2_control_diffbot_ws/src/build/control_msgs -- -j2 -l2
[3.125s] Invoking command in '/home/diego/Workspaces/ros2_control_diffbot_ws/src/build/control_msgs': CMAKE_PREFIX_PATH=/opt/ros/foxy /usr/bin/cmake --install /home/diego/Workspaces/ros2_control_diffbot_ws/src/build/control_msgs
[3.150s] -- Install configuration: ""
[3.158s] -- Up-to-date: /home/diego/Workspaces/ros2_control_diffbot_ws/src/install/control_msgs/share/ament_index/resource_index/rosidl_interfaces/control_msgs
[3.158s] -- Up-to-date: /home/diego/Workspaces/ros2_control_diffbot_ws/src/install/control_msgs/include/control_msgs
[3.158s] -- Up-to-date: /home/diego/Workspaces/ros2_control_diffbot_ws/src/install/control_msgs/include/control_msgs/srv
[3.158s] -- Up-to-date: /home/diego/Workspaces/ros2_control_diffbot_ws/src/install/control_msgs/include/control_msgs/srv/query_calibration_state.h
[3.159s] -- Up-to-date: /home/diego/Workspaces/ros2_control_diffbot_ws/src/install/control_msgs/include/control_msgs/srv/query_trajectory_state.h
[3.159s] -- Up-to-date: /home/diego/Workspaces/ros2_control_diffbot_ws/src/install/control_msgs/include/control_msgs/srv/detail
[3.165s] -- Up-to-date: /home/diego/Workspaces/ros2_control_diffbot_ws/src/install/control_msgs/include/control_msgs/srv/detail/query_calibration_state__functions.c
[3.165s] -- Up-to-date: /home/diego/Workspaces/ros2_control_diffbot_ws/src/install/control_msgs/include/control_msgs/srv/detail/query_calibration_state__functions.h
[3.166s] -- Up-to-date: /home/diego/Workspaces/ros2_control_diffbot_ws/src/install/control_msgs/include/control_msgs/srv/detail/query_trajectory_state__type_support.h
[3.166s] -- Up-to-date: /home/diego/Workspaces/ros2_control_diffbot_ws/src/install/control_msgs/include/control_msgs/srv/detail/query_trajectory_state__functions.h
[3.168s] -- Up-to-date: /home/diego/Workspaces/ros2_control_diffbot_ws/src/install/control_msgs/include/control_msgs/srv/detail/query_trajectory_state__struct.h
[3.173s] -- Up-to-date: /home/diego/Workspaces/ros2_control_diffbot_ws/src/install/control_msgs/include/control_msgs/srv/detail/query_calibration_state__type_support.h
[3.173s] -- Up-to-date: /home/diego/Workspaces/ros2_control_diffbot_ws/src/install/control_msgs/include/control_msgs/srv/detail/query_calibration_state__struct.h
[3.174s] -- Up-to-date: /home/diego/Workspaces/ros2_control_diffbot_ws/src/install/control_msgs/include/control_msgs/srv/detail/query_trajectory_state__functions.c
[3.174s] -- Up-to-date: /home/diego/Workspaces/ros2_control_diffbot_ws/src/install/control_msgs/include/control_msgs/action
[3.174s] -- Up-to-date: /home/diego/Workspaces/ros2_control_diffbot_ws/src/install/control_msgs/include/control_msgs/action/point_head.h
[3.175s] -- Up-to-date: /home/diego/Workspaces/ros2_control_diffbot_ws/src/install/control_msgs/include/control_msgs/action/single_joint_position.h
[3.176s] -- Up-to-date: /home/diego/Workspaces/ros2_control_diffbot_ws/src/install/control_msgs/include/control_msgs/action/gripper_command.h
[3.176s] -- Up-to-date: /home/diego/Workspaces/ros2_control_diffbot_ws/src/install/control_msgs/include/control_msgs/action/joint_trajectory.h
[3.177s] -- Up-to-date: /home/diego/Workspaces/ros2_control_diffbot_ws/src/install/control_msgs/include/control_msgs/action/detail
[3.178s] -- Up-to-date: /home/diego/Workspaces/ros2_control_diffbot_ws/src/install/control_msgs/include/control_msgs/action/detail/single_joint_position__struct.h
[3.178s] -- Up-to-date: /home/diego/Workspaces/ros2_control_diffbot_ws/src/install/control_msgs/include/control_msgs/action/detail/point_head__type_support.h
[3.179s] -- Up-to-date: /home/diego/Workspaces/ros2_control_diffbot_ws/src/install/control_msgs/include/control_msgs/action/detail/gripper_command__functions.h
[3.179s] -- Up-to-date: /home/diego/Workspaces/ros2_control_diffbot_ws/src/install/control_msgs/include/control_msgs/action/detail/joint_trajectory__type_support.h
[3.180s] -- Up-to-date: /home/diego/Workspaces/ros2_control_diffbot_ws/src/install/control_msgs/include/control_msgs/action/detail/joint_trajectory__functions.h
[3.180s] -- Up-to-date: /home/diego/Workspaces/ros2_control_diffbot_ws/src/install/control_msgs/include/control_msgs/action/detail/follow_joint_trajectory__type_support.h
[3.180s] -- Up-to-date: /home/diego/Workspaces/ros2_control_diffbot_ws/src/install/control_msgs/include/control_msgs/action/detail/gripper_command__functions.c
[3.180s] -- Up-to-date: /home/diego/Workspaces/ros2_control_diffbot_ws/src/install/control_msgs/include/control_msgs/action/detail/follow_joint_trajectory__functions.h
[3.183s] -- Up-to-date: /home/diego/Workspaces/ros2_control_diffbot_ws/src/install/control_msgs/include/control_msgs/action/detail/follow_joint_trajectory__struct.h
[3.184s] -- Up-to-date: /home/diego/Workspaces/ros2_control_diffbot_ws/src/install/control_msgs/include/control_msgs/action/detail/joint_trajectory__struct.h
[3.184s] -- Up-to-date: /home/diego/Workspaces/ros2_control_diffbot_ws/src/install/control_msgs/include/control_msgs/action/detail/single_joint_position__functions.h
[3.186s] -- Up-to-date: /home/diego/Workspaces/ros2_control_diffbot_ws/src/install/control_msgs/include/control_msgs/action/detail/single_joint_position__type_support.h
[3.186s] -- Up-to-date: /home/diego/Workspaces/ros2_control_diffbot_ws/src/install/control_msgs/include/control_msgs/action/detail/joint_trajectory__functions.c
[3.191s] -- Up-to-date: /home/diego/Workspaces/ros2_control_diffbot_ws/src/install/control_msgs/include/control_msgs/action/detail/point_head__functions.h
[3.192s] -- Up-to-date: /home/diego/Workspaces/ros2_control_diffbot_ws/src/install/control_msgs/include/control_msgs/action/detail/gripper_command__struct.h
[3.193s] -- Up-to-date: /home/diego/Workspaces/ros2_control_diffbot_ws/src/install/control_msgs/include/control_msgs/action/detail/point_head__struct.h
[3.193s] -- Up-to-date: /home/diego/Workspaces/ros2_control_diffbot_ws/src/install/control_msgs/include/control_msgs/action/detail/gripper_command__type_support.h
[3.193s] -- Up-to-date: /home/diego/Workspaces/ros2_control_diffbot_ws/src/install/control_msgs/include/control_msgs/action/detail/point_head__functions.c
[3.194s] -- Up-to-date: /home/diego/Workspaces/ros2_control_diffbot_ws/src/install/control_msgs/include/control_msgs/action/detail/follow_joint_trajectory__functions.c
[3.195s] -- Up-to-date: /home/diego/Workspaces/ros2_control_diffbot_ws/src/install/control_msgs/include/control_msgs/action/detail/single_joint_position__functions.c
[3.200s] -- Up-to-date: /home/diego/Workspaces/ros2_control_diffbot_ws/src/install/control_msgs/include/control_msgs/action/follow_joint_trajectory.h
[3.201s] -- Up-to-date: /home/diego/Workspaces/ros2_control_diffbot_ws/src/install/control_msgs/include/control_msgs/msg
[3.201s] -- Up-to-date: /home/diego/Workspaces/ros2_control_diffbot_ws/src/install/control_msgs/include/control_msgs/msg/gripper_command.h
[3.201s] -- Up-to-date: /home/diego/Workspaces/ros2_control_diffbot_ws/src/install/control_msgs/include/control_msgs/msg/joint_jog.h
[3.203s] -- Up-to-date: /home/diego/Workspaces/ros2_control_diffbot_ws/src/install/control_msgs/include/control_msgs/msg/joint_controller_state.h
[3.205s] -- Up-to-date: /home/diego/Workspaces/ros2_control_diffbot_ws/src/install/control_msgs/include/control_msgs/msg/pid_state.h
[3.205s] -- Up-to-date: /home/diego/Workspaces/ros2_control_diffbot_ws/src/install/control_msgs/include/control_msgs/msg/joint_tolerance.h
[3.209s] -- Up-to-date: /home/diego/Workspaces/ros2_control_diffbot_ws/src/install/control_msgs/include/control_msgs/msg/rosidl_generator_c__visibility_control.h
[3.213s] -- Up-to-date: /home/diego/Workspaces/ros2_control_diffbot_ws/src/install/control_msgs/include/control_msgs/msg/dynamic_joint_state.h
[3.213s] -- Up-to-date: /home/diego/Workspaces/ros2_control_diffbot_ws/src/install/control_msgs/include/control_msgs/msg/joint_trajectory_controller_state.h
[3.214s] -- Up-to-date: /home/diego/Workspaces/ros2_control_diffbot_ws/src/install/control_msgs/include/control_msgs/msg/detail
[3.214s] -- Up-to-date: /home/diego/Workspaces/ros2_control_diffbot_ws/src/install/control_msgs/include/control_msgs/msg/detail/joint_trajectory_controller_state__functions.c
[3.215s] -- Up-to-date: /home/diego/Workspaces/ros2_control_diffbot_ws/src/install/control_msgs/include/control_msgs/msg/detail/joint_controller_state__functions.c
[3.215s] -- Up-to-date: /home/diego/Workspaces/ros2_control_diffbot_ws/src/install/control_msgs/include/control_msgs/msg/detail/joint_tolerance__functions.c
[3.216s] -- Up-to-date: /home/diego/Workspaces/ros2_control_diffbot_ws/src/install/control_msgs/include/control_msgs/msg/detail/interface_value__type_support.h
[3.217s] -- Up-to-date: /home/diego/Workspaces/ros2_control_diffbot_ws/src/install/control_msgs/include/control_msgs/msg/detail/pid_state__struct.h
[3.218s] -- Up-to-date: /home/diego/Workspaces/ros2_control_diffbot_ws/src/install/control_msgs/include/control_msgs/msg/detail/joint_jog__functions.h
[3.219s] -- Up-to-date: /home/diego/Workspaces/ros2_control_diffbot_ws/src/install/control_msgs/include/control_msgs/msg/detail/gripper_command__functions.h
[3.223s] -- Up-to-date: /home/diego/Workspaces/ros2_control_diffbot_ws/src/install/control_msgs/include/control_msgs/msg/detail/dynamic_joint_state__type_support.h
[3.223s] -- Up-to-date: /home/diego/Workspaces/ros2_control_diffbot_ws/src/install/control_msgs/include/control_msgs/msg/detail/pid_state__functions.h
[3.224s] -- Up-to-date: /home/diego/Workspaces/ros2_control_diffbot_ws/src/install/control_msgs/include/control_msgs/msg/detail/joint_jog__functions.c
[3.229s] -- Up-to-date: /home/diego/Workspaces/ros2_control_diffbot_ws/src/install/control_msgs/include/control_msgs/msg/detail/dynamic_joint_state__struct.h
[3.231s] -- Up-to-date: /home/diego/Workspaces/ros2_control_diffbot_ws/src/install/control_msgs/include/control_msgs/msg/detail/pid_state__type_support.h
[3.231s] -- Up-to-date: /home/diego/Workspaces/ros2_control_diffbot_ws/src/install/control_msgs/include/control_msgs/msg/detail/joint_trajectory_controller_state__type_support.h
[3.232s] -- Up-to-date: /home/diego/Workspaces/ros2_control_diffbot_ws/src/install/control_msgs/include/control_msgs/msg/detail/joint_controller_state__type_support.h
[3.232s] -- Up-to-date: /home/diego/Workspaces/ros2_control_diffbot_ws/src/install/control_msgs/include/control_msgs/msg/detail/gripper_command__functions.c
[3.232s] -- Up-to-date: /home/diego/Workspaces/ros2_control_diffbot_ws/src/install/control_msgs/include/control_msgs/msg/detail/joint_tolerance__functions.h
[3.232s] -- Up-to-date: /home/diego/Workspaces/ros2_control_diffbot_ws/src/install/control_msgs/include/control_msgs/msg/detail/joint_trajectory_controller_state__struct.h
[3.233s] -- Up-to-date: /home/diego/Workspaces/ros2_control_diffbot_ws/src/install/control_msgs/include/control_msgs/msg/detail/joint_trajectory_controller_state__functions.h
[3.233s] -- Up-to-date: /home/diego/Workspaces/ros2_control_diffbot_ws/src/install/control_msgs/include/control_msgs/msg/detail/joint_jog__type_support.h
[3.233s] -- Up-to-date: /home/diego/Workspaces/ros2_control_diffbot_ws/src/install/control_msgs/include/control_msgs/msg/detail/interface_value__functions.c
[3.233s] -- Up-to-date: /home/diego/Workspaces/ros2_control_diffbot_ws/src/install/control_msgs/include/control_msgs/msg/detail/joint_controller_state__struct.h
[3.234s] -- Up-to-date: /home/diego/Workspaces/ros2_control_diffbot_ws/src/install/control_msgs/include/control_msgs/msg/detail/interface_value__struct.h
[3.234s] -- Up-to-date: /home/diego/Workspaces/ros2_control_diffbot_ws/src/install/control_msgs/include/control_msgs/msg/detail/dynamic_joint_state__functions.h
[3.242s] -- Up-to-date: /home/diego/Workspaces/ros2_control_diffbot_ws/src/install/control_msgs/include/control_msgs/msg/detail/pid_state__functions.c
[3.243s] -- Up-to-date: /home/diego/Workspaces/ros2_control_diffbot_ws/src/install/control_msgs/include/control_msgs/msg/detail/gripper_command__struct.h
[3.246s] -- Up-to-date: /home/diego/Workspaces/ros2_control_diffbot_ws/src/install/control_msgs/include/control_msgs/msg/detail/interface_value__functions.h
[3.246s] -- Up-to-date: /home/diego/Workspaces/ros2_control_diffbot_ws/src/install/control_msgs/include/control_msgs/msg/detail/gripper_command__type_support.h
[3.249s] -- Up-to-date: /home/diego/Workspaces/ros2_control_diffbot_ws/src/install/control_msgs/include/control_msgs/msg/detail/dynamic_joint_state__functions.c
[3.250s] -- Up-to-date: /home/diego/Workspaces/ros2_control_diffbot_ws/src/install/control_msgs/include/control_msgs/msg/detail/joint_tolerance__type_support.h
[3.251s] -- Up-to-date: /home/diego/Workspaces/ros2_control_diffbot_ws/src/install/control_msgs/include/control_msgs/msg/detail/joint_jog__struct.h
[3.251s] -- Up-to-date: /home/diego/Workspaces/ros2_control_diffbot_ws/src/install/control_msgs/include/control_msgs/msg/detail/joint_controller_state__functions.h
[3.252s] -- Up-to-date: /home/diego/Workspaces/ros2_control_diffbot_ws/src/install/control_msgs/include/control_msgs/msg/detail/joint_tolerance__struct.h
[3.252s] -- Up-to-date: /home/diego/Workspaces/ros2_control_diffbot_ws/src/install/control_msgs/include/control_msgs/msg/interface_value.h
[3.259s] -- Up-to-date: /home/diego/Workspaces/ros2_control_diffbot_ws/src/install/control_msgs/share/control_msgs/environment/library_path.sh
[3.259s] -- Up-to-date: /home/diego/Workspaces/ros2_control_diffbot_ws/src/install/control_msgs/share/control_msgs/environment/library_path.dsv
[3.260s] -- Up-to-date: /home/diego/Workspaces/ros2_control_diffbot_ws/src/install/control_msgs/lib/libcontrol_msgs__rosidl_generator_c.so
[3.267s] -- Up-to-date: /home/diego/Workspaces/ros2_control_diffbot_ws/src/install/control_msgs/include/control_msgs
[3.267s] -- Up-to-date: /home/diego/Workspaces/ros2_control_diffbot_ws/src/install/control_msgs/include/control_msgs/srv
[3.268s] -- Up-to-date: /home/diego/Workspaces/ros2_control_diffbot_ws/src/install/control_msgs/include/control_msgs/srv/detail
[3.269s] -- Up-to-date: /home/diego/Workspaces/ros2_control_diffbot_ws/src/install/control_msgs/include/control_msgs/srv/detail/query_trajectory_state__rosidl_typesupport_fastrtps_c.h
[3.269s] -- Up-to-date: /home/diego/Workspaces/ros2_control_diffbot_ws/src/install/control_msgs/include/control_msgs/srv/detail/query_calibration_state__rosidl_typesupport_fastrtps_c.h
[3.270s] -- Up-to-date: /home/diego/Workspaces/ros2_control_diffbot_ws/src/install/control_msgs/include/control_msgs/action
[3.270s] -- Up-to-date: /home/diego/Workspaces/ros2_control_diffbot_ws/src/install/control_msgs/include/control_msgs/action/detail
[3.270s] -- Up-to-date: /home/diego/Workspaces/ros2_control_diffbot_ws/src/install/control_msgs/include/control_msgs/action/detail/gripper_command__rosidl_typesupport_fastrtps_c.h
[3.271s] -- Up-to-date: /home/diego/Workspaces/ros2_control_diffbot_ws/src/install/control_msgs/include/control_msgs/action/detail/follow_joint_trajectory__rosidl_typesupport_fastrtps_c.h
[3.272s] -- Up-to-date: /home/diego/Workspaces/ros2_control_diffbot_ws/src/install/control_msgs/include/control_msgs/action/detail/point_head__rosidl_typesupport_fastrtps_c.h
[3.272s] -- Up-to-date: /home/diego/Workspaces/ros2_control_diffbot_ws/src/install/control_msgs/include/control_msgs/action/detail/joint_trajectory__rosidl_typesupport_fastrtps_c.h
[3.273s] -- Up-to-date: /home/diego/Workspaces/ros2_control_diffbot_ws/src/install/control_msgs/include/control_msgs/action/detail/single_joint_position__rosidl_typesupport_fastrtps_c.h
[3.273s] -- Up-to-date: /home/diego/Workspaces/ros2_control_diffbot_ws/src/install/control_msgs/include/control_msgs/msg
[3.274s] -- Up-to-date: /home/diego/Workspaces/ros2_control_diffbot_ws/src/install/control_msgs/include/control_msgs/msg/rosidl_typesupport_fastrtps_c__visibility_control.h
[3.274s] -- Up-to-date: /home/diego/Workspaces/ros2_control_diffbot_ws/src/install/control_msgs/include/control_msgs/msg/detail
[3.274s] -- Up-to-date: /home/diego/Workspaces/ros2_control_diffbot_ws/src/install/control_msgs/include/control_msgs/msg/detail/gripper_command__rosidl_typesupport_fastrtps_c.h
[3.275s] -- Up-to-date: /home/diego/Workspaces/ros2_control_diffbot_ws/src/install/control_msgs/include/control_msgs/msg/detail/joint_jog__rosidl_typesupport_fastrtps_c.h
[3.275s] -- Up-to-date: /home/diego/Workspaces/ros2_control_diffbot_ws/src/install/control_msgs/include/control_msgs/msg/detail/interface_value__rosidl_typesupport_fastrtps_c.h
[3.275s] -- Up-to-date: /home/diego/Workspaces/ros2_control_diffbot_ws/src/install/control_msgs/include/control_msgs/msg/detail/dynamic_joint_state__rosidl_typesupport_fastrtps_c.h
[3.276s] -- Up-to-date: /home/diego/Workspaces/ros2_control_diffbot_ws/src/install/control_msgs/include/control_msgs/msg/detail/joint_trajectory_controller_state__rosidl_typesupport_fastrtps_c.h
[3.276s] -- Up-to-date: /home/diego/Workspaces/ros2_control_diffbot_ws/src/install/control_msgs/include/control_msgs/msg/detail/pid_state__rosidl_typesupport_fastrtps_c.h
[3.277s] -- Up-to-date: /home/diego/Workspaces/ros2_control_diffbot_ws/src/install/control_msgs/include/control_msgs/msg/detail/joint_tolerance__rosidl_typesupport_fastrtps_c.h
[3.277s] -- Up-to-date: /home/diego/Workspaces/ros2_control_diffbot_ws/src/install/control_msgs/include/control_msgs/msg/detail/joint_controller_state__rosidl_typesupport_fastrtps_c.h
[3.278s] -- Up-to-date: /home/diego/Workspaces/ros2_control_diffbot_ws/src/install/control_msgs/lib/libcontrol_msgs__rosidl_typesupport_fastrtps_c.so
[3.278s] -- Up-to-date: /home/diego/Workspaces/ros2_control_diffbot_ws/src/install/control_msgs/include/control_msgs
[3.279s] -- Up-to-date: /home/diego/Workspaces/ros2_control_diffbot_ws/src/install/control_msgs/include/control_msgs/srv
[3.280s] -- Up-to-date: /home/diego/Workspaces/ros2_control_diffbot_ws/src/install/control_msgs/include/control_msgs/srv/detail
[3.280s] -- Up-to-date: /home/diego/Workspaces/ros2_control_diffbot_ws/src/install/control_msgs/include/control_msgs/srv/detail/query_trajectory_state__rosidl_typesupport_fastrtps_cpp.hpp
[3.280s] -- Up-to-date: /home/diego/Workspaces/ros2_control_diffbot_ws/src/install/control_msgs/include/control_msgs/srv/detail/dds_fastrtps
[3.281s] -- Up-to-date: /home/diego/Workspaces/ros2_control_diffbot_ws/src/install/control_msgs/include/control_msgs/srv/detail/query_calibration_state__rosidl_typesupport_fastrtps_cpp.hpp
[3.282s] -- Up-to-date: /home/diego/Workspaces/ros2_control_diffbot_ws/src/install/control_msgs/include/control_msgs/action
[3.282s] -- Up-to-date: /home/diego/Workspaces/ros2_control_diffbot_ws/src/install/control_msgs/include/control_msgs/action/detail
[3.282s] -- Up-to-date: /home/diego/Workspaces/ros2_control_diffbot_ws/src/install/control_msgs/include/control_msgs/action/detail/gripper_command__rosidl_typesupport_fastrtps_cpp.hpp
[3.283s] -- Up-to-date: /home/diego/Workspaces/ros2_control_diffbot_ws/src/install/control_msgs/include/control_msgs/action/detail/dds_fastrtps
[3.284s] -- Up-to-date: /home/diego/Workspaces/ros2_control_diffbot_ws/src/install/control_msgs/include/control_msgs/action/detail/single_joint_position__rosidl_typesupport_fastrtps_cpp.hpp
[3.284s] -- Up-to-date: /home/diego/Workspaces/ros2_control_diffbot_ws/src/install/control_msgs/include/control_msgs/action/detail/point_head__rosidl_typesupport_fastrtps_cpp.hpp
[3.285s] -- Up-to-date: /home/diego/Workspaces/ros2_control_diffbot_ws/src/install/control_msgs/include/control_msgs/action/detail/follow_joint_trajectory__rosidl_typesupport_fastrtps_cpp.hpp
[3.286s] -- Up-to-date: /home/diego/Workspaces/ros2_control_diffbot_ws/src/install/control_msgs/include/control_msgs/action/detail/joint_trajectory__rosidl_typesupport_fastrtps_cpp.hpp
[3.286s] -- Up-to-date: /home/diego/Workspaces/ros2_control_diffbot_ws/src/install/control_msgs/include/control_msgs/msg
[3.286s] -- Up-to-date: /home/diego/Workspaces/ros2_control_diffbot_ws/src/install/control_msgs/include/control_msgs/msg/rosidl_typesupport_fastrtps_cpp__visibility_control.h
[3.287s] -- Up-to-date: /home/diego/Workspaces/ros2_control_diffbot_ws/src/install/control_msgs/include/control_msgs/msg/detail
[3.287s] -- Up-to-date: /home/diego/Workspaces/ros2_control_diffbot_ws/src/install/control_msgs/include/control_msgs/msg/detail/joint_trajectory_controller_state__rosidl_typesupport_fastrtps_cpp.hpp
[3.287s] -- Up-to-date: /home/diego/Workspaces/ros2_control_diffbot_ws/src/install/control_msgs/include/control_msgs/msg/detail/gripper_command__rosidl_typesupport_fastrtps_cpp.hpp
[3.291s] -- Up-to-date: /home/diego/Workspaces/ros2_control_diffbot_ws/src/install/control_msgs/include/control_msgs/msg/detail/dds_fastrtps
[3.291s] -- Up-to-date: /home/diego/Workspaces/ros2_control_diffbot_ws/src/install/control_msgs/include/control_msgs/msg/detail/joint_controller_state__rosidl_typesupport_fastrtps_cpp.hpp
[3.292s] -- Up-to-date: /home/diego/Workspaces/ros2_control_diffbot_ws/src/install/control_msgs/include/control_msgs/msg/detail/pid_state__rosidl_typesupport_fastrtps_cpp.hpp
[3.296s] -- Up-to-date: /home/diego/Workspaces/ros2_control_diffbot_ws/src/install/control_msgs/include/control_msgs/msg/detail/joint_jog__rosidl_typesupport_fastrtps_cpp.hpp
[3.297s] -- Up-to-date: /home/diego/Workspaces/ros2_control_diffbot_ws/src/install/control_msgs/include/control_msgs/msg/detail/dynamic_joint_state__rosidl_typesupport_fastrtps_cpp.hpp
[3.298s] -- Up-to-date: /home/diego/Workspaces/ros2_control_diffbot_ws/src/install/control_msgs/include/control_msgs/msg/detail/interface_value__rosidl_typesupport_fastrtps_cpp.hpp
[3.298s] -- Up-to-date: /home/diego/Workspaces/ros2_control_diffbot_ws/src/install/control_msgs/include/control_msgs/msg/detail/joint_tolerance__rosidl_typesupport_fastrtps_cpp.hpp
[3.299s] -- Up-to-date: /home/diego/Workspaces/ros2_control_diffbot_ws/src/install/control_msgs/lib/libcontrol_msgs__rosidl_typesupport_fastrtps_cpp.so
[3.302s] -- Up-to-date: /home/diego/Workspaces/ros2_control_diffbot_ws/src/install/control_msgs/include/control_msgs
[3.302s] -- Up-to-date: /home/diego/Workspaces/ros2_control_diffbot_ws/src/install/control_msgs/include/control_msgs/srv
[3.303s] -- Up-to-date: /home/diego/Workspaces/ros2_control_diffbot_ws/src/install/control_msgs/include/control_msgs/srv/detail
[3.306s] -- Up-to-date: /home/diego/Workspaces/ros2_control_diffbot_ws/src/install/control_msgs/include/control_msgs/srv/detail/query_trajectory_state__type_support.c
[3.306s] -- Up-to-date: /home/diego/Workspaces/ros2_control_diffbot_ws/src/install/control_msgs/include/control_msgs/srv/detail/query_trajectory_state__rosidl_typesupport_introspection_c.h
[3.307s] -- Up-to-date: /home/diego/Workspaces/ros2_control_diffbot_ws/src/install/control_msgs/include/control_msgs/srv/detail/query_calibration_state__rosidl_typesupport_introspection_c.h
[3.310s] -- Up-to-date: /home/diego/Workspaces/ros2_control_diffbot_ws/src/install/control_msgs/include/control_msgs/srv/detail/query_calibration_state__type_support.c
[3.310s] -- Up-to-date: /home/diego/Workspaces/ros2_control_diffbot_ws/src/install/control_msgs/include/control_msgs/action
[3.311s] -- Up-to-date: /home/diego/Workspaces/ros2_control_diffbot_ws/src/install/control_msgs/include/control_msgs/action/detail
[3.311s] -- Up-to-date: /home/diego/Workspaces/ros2_control_diffbot_ws/src/install/control_msgs/include/control_msgs/action/detail/joint_trajectory__rosidl_typesupport_introspection_c.h
[3.314s] -- Up-to-date: /home/diego/Workspaces/ros2_control_diffbot_ws/src/install/control_msgs/include/control_msgs/action/detail/single_joint_position__type_support.c
[3.315s] -- Up-to-date: /home/diego/Workspaces/ros2_control_diffbot_ws/src/install/control_msgs/include/control_msgs/action/detail/follow_joint_trajectory__rosidl_typesupport_introspection_c.h
[3.315s] -- Up-to-date: /home/diego/Workspaces/ros2_control_diffbot_ws/src/install/control_msgs/include/control_msgs/action/detail/gripper_command__type_support.c
[3.321s] -- Up-to-date: /home/diego/Workspaces/ros2_control_diffbot_ws/src/install/control_msgs/include/control_msgs/action/detail/single_joint_position__rosidl_typesupport_introspection_c.h
[3.322s] -- Up-to-date: /home/diego/Workspaces/ros2_control_diffbot_ws/src/install/control_msgs/include/control_msgs/action/detail/follow_joint_trajectory__type_support.c
[3.322s] -- Up-to-date: /home/diego/Workspaces/ros2_control_diffbot_ws/src/install/control_msgs/include/control_msgs/action/detail/joint_trajectory__type_support.c
[3.323s] -- Up-to-date: /home/diego/Workspaces/ros2_control_diffbot_ws/src/install/control_msgs/include/control_msgs/action/detail/point_head__rosidl_typesupport_introspection_c.h
[3.323s] -- Up-to-date: /home/diego/Workspaces/ros2_control_diffbot_ws/src/install/control_msgs/include/control_msgs/action/detail/point_head__type_support.c
[3.323s] -- Up-to-date: /home/diego/Workspaces/ros2_control_diffbot_ws/src/install/control_msgs/include/control_msgs/action/detail/gripper_command__rosidl_typesupport_introspection_c.h
[3.323s] -- Up-to-date: /home/diego/Workspaces/ros2_control_diffbot_ws/src/install/control_msgs/include/control_msgs/msg
[3.324s] -- Up-to-date: /home/diego/Workspaces/ros2_control_diffbot_ws/src/install/control_msgs/include/control_msgs/msg/rosidl_typesupport_introspection_c__visibility_control.h
[3.324s] -- Up-to-date: /home/diego/Workspaces/ros2_control_diffbot_ws/src/install/control_msgs/include/control_msgs/msg/detail
[3.324s] -- Up-to-date: /home/diego/Workspaces/ros2_control_diffbot_ws/src/install/control_msgs/include/control_msgs/msg/detail/joint_tolerance__rosidl_typesupport_introspection_c.h
[3.324s] -- Up-to-date: /home/diego/Workspaces/ros2_control_diffbot_ws/src/install/control_msgs/include/control_msgs/msg/detail/pid_state__type_support.c
[3.325s] -- Up-to-date: /home/diego/Workspaces/ros2_control_diffbot_ws/src/install/control_msgs/include/control_msgs/msg/detail/joint_trajectory_controller_state__rosidl_typesupport_introspection_c.h
[3.325s] -- Up-to-date: /home/diego/Workspaces/ros2_control_diffbot_ws/src/install/control_msgs/include/control_msgs/msg/detail/interface_value__type_support.c
[3.325s] -- Up-to-date: /home/diego/Workspaces/ros2_control_diffbot_ws/src/install/control_msgs/include/control_msgs/msg/detail/joint_tolerance__type_support.c
[3.326s] -- Up-to-date: /home/diego/Workspaces/ros2_control_diffbot_ws/src/install/control_msgs/include/control_msgs/msg/detail/dynamic_joint_state__rosidl_typesupport_introspection_c.h
[3.332s] -- Up-to-date: /home/diego/Workspaces/ros2_control_diffbot_ws/src/install/control_msgs/include/control_msgs/msg/detail/joint_jog__rosidl_typesupport_introspection_c.h
[3.333s] -- Up-to-date: /home/diego/Workspaces/ros2_control_diffbot_ws/src/install/control_msgs/include/control_msgs/msg/detail/gripper_command__type_support.c
[3.333s] -- Up-to-date: /home/diego/Workspaces/ros2_control_diffbot_ws/src/install/control_msgs/include/control_msgs/msg/detail/dynamic_joint_state__type_support.c
[3.333s] -- Up-to-date: /home/diego/Workspaces/ros2_control_diffbot_ws/src/install/control_msgs/include/control_msgs/msg/detail/pid_state__rosidl_typesupport_introspection_c.h
[3.333s] -- Up-to-date: /home/diego/Workspaces/ros2_control_diffbot_ws/src/install/control_msgs/include/control_msgs/msg/detail/joint_controller_state__rosidl_typesupport_introspection_c.h
[3.334s] -- Up-to-date: /home/diego/Workspaces/ros2_control_diffbot_ws/src/install/control_msgs/include/control_msgs/msg/detail/joint_jog__type_support.c
[3.334s] -- Up-to-date: /home/diego/Workspaces/ros2_control_diffbot_ws/src/install/control_msgs/include/control_msgs/msg/detail/joint_trajectory_controller_state__type_support.c
[3.334s] -- Up-to-date: /home/diego/Workspaces/ros2_control_diffbot_ws/src/install/control_msgs/include/control_msgs/msg/detail/joint_controller_state__type_support.c
[3.334s] -- Up-to-date: /home/diego/Workspaces/ros2_control_diffbot_ws/src/install/control_msgs/include/control_msgs/msg/detail/gripper_command__rosidl_typesupport_introspection_c.h
[3.335s] -- Up-to-date: /home/diego/Workspaces/ros2_control_diffbot_ws/src/install/control_msgs/include/control_msgs/msg/detail/interface_value__rosidl_typesupport_introspection_c.h
[3.335s] -- Up-to-date: /home/diego/Workspaces/ros2_control_diffbot_ws/src/install/control_msgs/lib/libcontrol_msgs__rosidl_typesupport_introspection_c.so
[3.335s] -- Up-to-date: /home/diego/Workspaces/ros2_control_diffbot_ws/src/install/control_msgs/lib/libcontrol_msgs__rosidl_typesupport_c.so
[3.335s] -- Up-to-date: /home/diego/Workspaces/ros2_control_diffbot_ws/src/install/control_msgs/include/control_msgs
[3.336s] -- Up-to-date: /home/diego/Workspaces/ros2_control_diffbot_ws/src/install/control_msgs/include/control_msgs/srv
[3.343s] -- Up-to-date: /home/diego/Workspaces/ros2_control_diffbot_ws/src/install/control_msgs/include/control_msgs/srv/query_calibration_state.hpp
[3.343s] -- Up-to-date: /home/diego/Workspaces/ros2_control_diffbot_ws/src/install/control_msgs/include/control_msgs/srv/query_trajectory_state.hpp
[3.343s] -- Up-to-date: /home/diego/Workspaces/ros2_control_diffbot_ws/src/install/control_msgs/include/control_msgs/srv/detail
[3.344s] -- Up-to-date: /home/diego/Workspaces/ros2_control_diffbot_ws/src/install/control_msgs/include/control_msgs/srv/detail/query_trajectory_state__struct.hpp
[3.344s] -- Up-to-date: /home/diego/Workspaces/ros2_control_diffbot_ws/src/install/control_msgs/include/control_msgs/srv/detail/query_calibration_state__struct.hpp
[3.344s] -- Up-to-date: /home/diego/Workspaces/ros2_control_diffbot_ws/src/install/control_msgs/include/control_msgs/srv/detail/query_calibration_state__builder.hpp
[3.345s] -- Up-to-date: /home/diego/Workspaces/ros2_control_diffbot_ws/src/install/control_msgs/include/control_msgs/srv/detail/query_trajectory_state__traits.hpp
[3.345s] -- Up-to-date: /home/diego/Workspaces/ros2_control_diffbot_ws/src/install/control_msgs/include/control_msgs/srv/detail/query_calibration_state__traits.hpp
[3.345s] -- Up-to-date: /home/diego/Workspaces/ros2_control_diffbot_ws/src/install/control_msgs/include/control_msgs/srv/detail/query_trajectory_state__builder.hpp
[3.346s] -- Up-to-date: /home/diego/Workspaces/ros2_control_diffbot_ws/src/install/control_msgs/include/control_msgs/action
[3.346s] -- Up-to-date: /home/diego/Workspaces/ros2_control_diffbot_ws/src/install/control_msgs/include/control_msgs/action/gripper_command.hpp
[3.346s] -- Up-to-date: /home/diego/Workspaces/ros2_control_diffbot_ws/src/install/control_msgs/include/control_msgs/action/single_joint_position.hpp
[3.346s] -- Up-to-date: /home/diego/Workspaces/ros2_control_diffbot_ws/src/install/control_msgs/include/control_msgs/action/joint_trajectory.hpp
[3.347s] -- Up-to-date: /home/diego/Workspaces/ros2_control_diffbot_ws/src/install/control_msgs/include/control_msgs/action/point_head.hpp
[3.347s] -- Up-to-date: /home/diego/Workspaces/ros2_control_diffbot_ws/src/install/control_msgs/include/control_msgs/action/follow_joint_trajectory.hpp
[3.347s] -- Up-to-date: /home/diego/Workspaces/ros2_control_diffbot_ws/src/install/control_msgs/include/control_msgs/action/detail
[3.347s] -- Up-to-date: /home/diego/Workspaces/ros2_control_diffbot_ws/src/install/control_msgs/include/control_msgs/action/detail/single_joint_position__builder.hpp
[3.347s] -- Up-to-date: /home/diego/Workspaces/ros2_control_diffbot_ws/src/install/control_msgs/include/control_msgs/action/detail/gripper_command__builder.hpp
[3.348s] -- Up-to-date: /home/diego/Workspaces/ros2_control_diffbot_ws/src/install/control_msgs/include/control_msgs/action/detail/follow_joint_trajectory__builder.hpp
[3.348s] -- Up-to-date: /home/diego/Workspaces/ros2_control_diffbot_ws/src/install/control_msgs/include/control_msgs/action/detail/follow_joint_trajectory__traits.hpp
[3.348s] -- Up-to-date: /home/diego/Workspaces/ros2_control_diffbot_ws/src/install/control_msgs/include/control_msgs/action/detail/gripper_command__struct.hpp
[3.357s] -- Up-to-date: /home/diego/Workspaces/ros2_control_diffbot_ws/src/install/control_msgs/include/control_msgs/action/detail/joint_trajectory__struct.hpp
[3.358s] -- Up-to-date: /home/diego/Workspaces/ros2_control_diffbot_ws/src/install/control_msgs/include/control_msgs/action/detail/gripper_command__traits.hpp
[3.358s] -- Up-to-date: /home/diego/Workspaces/ros2_control_diffbot_ws/src/install/control_msgs/include/control_msgs/action/detail/point_head__struct.hpp
[3.358s] -- Up-to-date: /home/diego/Workspaces/ros2_control_diffbot_ws/src/install/control_msgs/include/control_msgs/action/detail/joint_trajectory__traits.hpp
[3.359s] -- Up-to-date: /home/diego/Workspaces/ros2_control_diffbot_ws/src/install/control_msgs/include/control_msgs/action/detail/single_joint_position__struct.hpp
[3.360s] -- Up-to-date: /home/diego/Workspaces/ros2_control_diffbot_ws/src/install/control_msgs/include/control_msgs/action/detail/joint_trajectory__builder.hpp
[3.361s] -- Up-to-date: /home/diego/Workspaces/ros2_control_diffbot_ws/src/install/control_msgs/include/control_msgs/action/detail/single_joint_position__traits.hpp
[3.361s] -- Up-to-date: /home/diego/Workspaces/ros2_control_diffbot_ws/src/install/control_msgs/include/control_msgs/action/detail/point_head__builder.hpp
[3.361s] -- Up-to-date: /home/diego/Workspaces/ros2_control_diffbot_ws/src/install/control_msgs/include/control_msgs/action/detail/follow_joint_trajectory__struct.hpp
[3.361s] -- Up-to-date: /home/diego/Workspaces/ros2_control_diffbot_ws/src/install/control_msgs/include/control_msgs/action/detail/point_head__traits.hpp
[3.362s] -- Up-to-date: /home/diego/Workspaces/ros2_control_diffbot_ws/src/install/control_msgs/include/control_msgs/msg
[3.362s] -- Up-to-date: /home/diego/Workspaces/ros2_control_diffbot_ws/src/install/control_msgs/include/control_msgs/msg/joint_jog.hpp
[3.362s] -- Up-to-date: /home/diego/Workspaces/ros2_control_diffbot_ws/src/install/control_msgs/include/control_msgs/msg/gripper_command.hpp
[3.363s] -- Up-to-date: /home/diego/Workspaces/ros2_control_diffbot_ws/src/install/control_msgs/include/control_msgs/msg/joint_tolerance.hpp
[3.363s] -- Up-to-date: /home/diego/Workspaces/ros2_control_diffbot_ws/src/install/control_msgs/include/control_msgs/msg/interface_value.hpp
[3.363s] -- Up-to-date: /home/diego/Workspaces/ros2_control_diffbot_ws/src/install/control_msgs/include/control_msgs/msg/joint_controller_state.hpp
[3.364s] -- Up-to-date: /home/diego/Workspaces/ros2_control_diffbot_ws/src/install/control_msgs/include/control_msgs/msg/joint_trajectory_controller_state.hpp
[3.364s] -- Up-to-date: /home/diego/Workspaces/ros2_control_diffbot_ws/src/install/control_msgs/include/control_msgs/msg/pid_state.hpp
[3.365s] -- Up-to-date: /home/diego/Workspaces/ros2_control_diffbot_ws/src/install/control_msgs/include/control_msgs/msg/detail
[3.365s] -- Up-to-date: /home/diego/Workspaces/ros2_control_diffbot_ws/src/install/control_msgs/include/control_msgs/msg/detail/joint_jog__traits.hpp
[3.366s] -- Up-to-date: /home/diego/Workspaces/ros2_control_diffbot_ws/src/install/control_msgs/include/control_msgs/msg/detail/joint_tolerance__builder.hpp
[3.366s] -- Up-to-date: /home/diego/Workspaces/ros2_control_diffbot_ws/src/install/control_msgs/include/control_msgs/msg/detail/joint_trajectory_controller_state__traits.hpp
[3.366s] -- Up-to-date: /home/diego/Workspaces/ros2_control_diffbot_ws/src/install/control_msgs/include/control_msgs/msg/detail/joint_controller_state__traits.hpp
[3.367s] -- Up-to-date: /home/diego/Workspaces/ros2_control_diffbot_ws/src/install/control_msgs/include/control_msgs/msg/detail/joint_jog__builder.hpp
[3.367s] -- Up-to-date: /home/diego/Workspaces/ros2_control_diffbot_ws/src/install/control_msgs/include/control_msgs/msg/detail/gripper_command__builder.hpp
[3.367s] -- Up-to-date: /home/diego/Workspaces/ros2_control_diffbot_ws/src/install/control_msgs/include/control_msgs/msg/detail/joint_jog__struct.hpp
[3.368s] -- Up-to-date: /home/diego/Workspaces/ros2_control_diffbot_ws/src/install/control_msgs/include/control_msgs/msg/detail/pid_state__traits.hpp
[3.371s] -- Up-to-date: /home/diego/Workspaces/ros2_control_diffbot_ws/src/install/control_msgs/include/control_msgs/msg/detail/joint_tolerance__traits.hpp
[3.371s] -- Up-to-date: /home/diego/Workspaces/ros2_control_diffbot_ws/src/install/control_msgs/include/control_msgs/msg/detail/joint_tolerance__struct.hpp
[3.371s] -- Up-to-date: /home/diego/Workspaces/ros2_control_diffbot_ws/src/install/control_msgs/include/control_msgs/msg/detail/dynamic_joint_state__builder.hpp
[3.372s] -- Up-to-date: /home/diego/Workspaces/ros2_control_diffbot_ws/src/install/control_msgs/include/control_msgs/msg/detail/dynamic_joint_state__struct.hpp
[3.372s] -- Up-to-date: /home/diego/Workspaces/ros2_control_diffbot_ws/src/install/control_msgs/include/control_msgs/msg/detail/gripper_command__struct.hpp
[3.372s] -- Up-to-date: /home/diego/Workspaces/ros2_control_diffbot_ws/src/install/control_msgs/include/control_msgs/msg/detail/joint_trajectory_controller_state__builder.hpp
[3.373s] -- Up-to-date: /home/diego/Workspaces/ros2_control_diffbot_ws/src/install/control_msgs/include/control_msgs/msg/detail/gripper_command__traits.hpp
[3.373s] -- Up-to-date: /home/diego/Workspaces/ros2_control_diffbot_ws/src/install/control_msgs/include/control_msgs/msg/detail/interface_value__builder.hpp
[3.373s] -- Up-to-date: /home/diego/Workspaces/ros2_control_diffbot_ws/src/install/control_msgs/include/control_msgs/msg/detail/joint_controller_state__struct.hpp
[3.374s] -- Up-to-date: /home/diego/Workspaces/ros2_control_diffbot_ws/src/install/control_msgs/include/control_msgs/msg/detail/interface_value__traits.hpp
[3.374s] -- Up-to-date: /home/diego/Workspaces/ros2_control_diffbot_ws/src/install/control_msgs/include/control_msgs/msg/detail/pid_state__builder.hpp
[3.374s] -- Up-to-date: /home/diego/Workspaces/ros2_control_diffbot_ws/src/install/control_msgs/include/control_msgs/msg/detail/interface_value__struct.hpp
[3.375s] -- Up-to-date: /home/diego/Workspaces/ros2_control_diffbot_ws/src/install/control_msgs/include/control_msgs/msg/detail/pid_state__struct.hpp
[3.375s] -- Up-to-date: /home/diego/Workspaces/ros2_control_diffbot_ws/src/install/control_msgs/include/control_msgs/msg/detail/joint_trajectory_controller_state__struct.hpp
[3.376s] -- Up-to-date: /home/diego/Workspaces/ros2_control_diffbot_ws/src/install/control_msgs/include/control_msgs/msg/detail/joint_controller_state__builder.hpp
[3.376s] -- Up-to-date: /home/diego/Workspaces/ros2_control_diffbot_ws/src/install/control_msgs/include/control_msgs/msg/detail/dynamic_joint_state__traits.hpp
[3.376s] -- Up-to-date: /home/diego/Workspaces/ros2_control_diffbot_ws/src/install/control_msgs/include/control_msgs/msg/dynamic_joint_state.hpp
[3.377s] -- Up-to-date: /home/diego/Workspaces/ros2_control_diffbot_ws/src/install/control_msgs/include/control_msgs
[3.377s] -- Up-to-date: /home/diego/Workspaces/ros2_control_diffbot_ws/src/install/control_msgs/include/control_msgs/srv
[3.377s] -- Up-to-date: /home/diego/Workspaces/ros2_control_diffbot_ws/src/install/control_msgs/include/control_msgs/srv/detail
[3.378s] -- Up-to-date: /home/diego/Workspaces/ros2_control_diffbot_ws/src/install/control_msgs/include/control_msgs/srv/detail/query_trajectory_state__type_support.cpp
[3.378s] -- Up-to-date: /home/diego/Workspaces/ros2_control_diffbot_ws/src/install/control_msgs/include/control_msgs/srv/detail/query_calibration_state__rosidl_typesupport_introspection_cpp.hpp
[3.379s] -- Up-to-date: /home/diego/Workspaces/ros2_control_diffbot_ws/src/install/control_msgs/include/control_msgs/srv/detail/query_calibration_state__type_support.cpp
[3.383s] -- Up-to-date: /home/diego/Workspaces/ros2_control_diffbot_ws/src/install/control_msgs/include/control_msgs/srv/detail/query_trajectory_state__rosidl_typesupport_introspection_cpp.hpp
[3.384s] -- Up-to-date: /home/diego/Workspaces/ros2_control_diffbot_ws/src/install/control_msgs/include/control_msgs/action
[3.384s] -- Up-to-date: /home/diego/Workspaces/ros2_control_diffbot_ws/src/install/control_msgs/include/control_msgs/action/detail
[3.384s] -- Up-to-date: /home/diego/Workspaces/ros2_control_diffbot_ws/src/install/control_msgs/include/control_msgs/action/detail/joint_trajectory__type_support.cpp
[3.385s] -- Up-to-date: /home/diego/Workspaces/ros2_control_diffbot_ws/src/install/control_msgs/include/control_msgs/action/detail/gripper_command__rosidl_typesupport_introspection_cpp.hpp
[3.385s] -- Up-to-date: /home/diego/Workspaces/ros2_control_diffbot_ws/src/install/control_msgs/include/control_msgs/action/detail/point_head__rosidl_typesupport_introspection_cpp.hpp
[3.386s] -- Up-to-date: /home/diego/Workspaces/ros2_control_diffbot_ws/src/install/control_msgs/include/control_msgs/action/detail/joint_trajectory__rosidl_typesupport_introspection_cpp.hpp
[3.386s] -- Up-to-date: /home/diego/Workspaces/ros2_control_diffbot_ws/src/install/control_msgs/include/control_msgs/action/detail/follow_joint_trajectory__rosidl_typesupport_introspection_cpp.hpp
[3.386s] -- Up-to-date: /home/diego/Workspaces/ros2_control_diffbot_ws/src/install/control_msgs/include/control_msgs/action/detail/follow_joint_trajectory__type_support.cpp
[3.387s] -- Up-to-date: /home/diego/Workspaces/ros2_control_diffbot_ws/src/install/control_msgs/include/control_msgs/action/detail/single_joint_position__rosidl_typesupport_introspection_cpp.hpp
[3.387s] -- Up-to-date: /home/diego/Workspaces/ros2_control_diffbot_ws/src/install/control_msgs/include/control_msgs/action/detail/gripper_command__type_support.cpp
[3.388s] -- Up-to-date: /home/diego/Workspaces/ros2_control_diffbot_ws/src/install/control_msgs/include/control_msgs/action/detail/single_joint_position__type_support.cpp
[3.388s] -- Up-to-date: /home/diego/Workspaces/ros2_control_diffbot_ws/src/install/control_msgs/include/control_msgs/action/detail/point_head__type_support.cpp
[3.389s] -- Up-to-date: /home/diego/Workspaces/ros2_control_diffbot_ws/src/install/control_msgs/include/control_msgs/msg
[3.389s] -- Up-to-date: /home/diego/Workspaces/ros2_control_diffbot_ws/src/install/control_msgs/include/control_msgs/msg/detail
[3.390s] -- Up-to-date: /home/diego/Workspaces/ros2_control_diffbot_ws/src/install/control_msgs/include/control_msgs/msg/detail/interface_value__rosidl_typesupport_introspection_cpp.hpp
[3.390s] -- Up-to-date: /home/diego/Workspaces/ros2_control_diffbot_ws/src/install/control_msgs/include/control_msgs/msg/detail/joint_jog__type_support.cpp
[3.390s] -- Up-to-date: /home/diego/Workspaces/ros2_control_diffbot_ws/src/install/control_msgs/include/control_msgs/msg/detail/joint_trajectory_controller_state__rosidl_typesupport_introspection_cpp.hpp
[3.391s] -- Up-to-date: /home/diego/Workspaces/ros2_control_diffbot_ws/src/install/control_msgs/include/control_msgs/msg/detail/gripper_command__rosidl_typesupport_introspection_cpp.hpp
[3.391s] -- Up-to-date: /home/diego/Workspaces/ros2_control_diffbot_ws/src/install/control_msgs/include/control_msgs/msg/detail/dynamic_joint_state__type_support.cpp
[3.391s] -- Up-to-date: /home/diego/Workspaces/ros2_control_diffbot_ws/src/install/control_msgs/include/control_msgs/msg/detail/joint_jog__rosidl_typesupport_introspection_cpp.hpp
[3.394s] -- Up-to-date: /home/diego/Workspaces/ros2_control_diffbot_ws/src/install/control_msgs/include/control_msgs/msg/detail/dynamic_joint_state__rosidl_typesupport_introspection_cpp.hpp
[3.395s] -- Up-to-date: /home/diego/Workspaces/ros2_control_diffbot_ws/src/install/control_msgs/include/control_msgs/msg/detail/joint_controller_state__rosidl_typesupport_introspection_cpp.hpp
[3.395s] -- Up-to-date: /home/diego/Workspaces/ros2_control_diffbot_ws/src/install/control_msgs/include/control_msgs/msg/detail/pid_state__type_support.cpp
[3.396s] -- Up-to-date: /home/diego/Workspaces/ros2_control_diffbot_ws/src/install/control_msgs/include/control_msgs/msg/detail/joint_trajectory_controller_state__type_support.cpp
[3.396s] -- Up-to-date: /home/diego/Workspaces/ros2_control_diffbot_ws/src/install/control_msgs/include/control_msgs/msg/detail/joint_controller_state__type_support.cpp
[3.397s] -- Up-to-date: /home/diego/Workspaces/ros2_control_diffbot_ws/src/install/control_msgs/include/control_msgs/msg/detail/pid_state__rosidl_typesupport_introspection_cpp.hpp
[3.397s] -- Up-to-date: /home/diego/Workspaces/ros2_control_diffbot_ws/src/install/control_msgs/include/control_msgs/msg/detail/joint_tolerance__rosidl_typesupport_introspection_cpp.hpp
[3.397s] -- Up-to-date: /home/diego/Workspaces/ros2_control_diffbot_ws/src/install/control_msgs/include/control_msgs/msg/detail/gripper_command__type_support.cpp
[3.398s] -- Up-to-date: /home/diego/Workspaces/ros2_control_diffbot_ws/src/install/control_msgs/include/control_msgs/msg/detail/joint_tolerance__type_support.cpp
[3.398s] -- Up-to-date: /home/diego/Workspaces/ros2_control_diffbot_ws/src/install/control_msgs/include/control_msgs/msg/detail/interface_value__type_support.cpp
[3.399s] -- Up-to-date: /home/diego/Workspaces/ros2_control_diffbot_ws/src/install/control_msgs/lib/libcontrol_msgs__rosidl_typesupport_introspection_cpp.so
[3.400s] -- Up-to-date: /home/diego/Workspaces/ros2_control_diffbot_ws/src/install/control_msgs/lib/libcontrol_msgs__rosidl_typesupport_cpp.so
[3.400s] -- Up-to-date: /home/diego/Workspaces/ros2_control_diffbot_ws/src/install/control_msgs/share/control_msgs/environment/pythonpath.sh
[3.400s] -- Up-to-date: /home/diego/Workspaces/ros2_control_diffbot_ws/src/install/control_msgs/share/control_msgs/environment/pythonpath.dsv
[3.401s] -- Up-to-date: /home/diego/Workspaces/ros2_control_diffbot_ws/src/install/control_msgs/lib/python3.8/site-packages/control_msgs/__init__.py
[3.486s] -- Up-to-date: /home/diego/Workspaces/ros2_control_diffbot_ws/src/install/control_msgs/lib/python3.8/site-packages/control_msgs/msg
[3.487s] -- Up-to-date: /home/diego/Workspaces/ros2_control_diffbot_ws/src/install/control_msgs/lib/python3.8/site-packages/control_msgs/msg/_joint_trajectory_controller_state.py
[3.488s] -- Up-to-date: /home/diego/Workspaces/ros2_control_diffbot_ws/src/install/control_msgs/lib/python3.8/site-packages/control_msgs/msg/_joint_trajectory_controller_state_s.c
[3.489s] -- Up-to-date: /home/diego/Workspaces/ros2_control_diffbot_ws/src/install/control_msgs/lib/python3.8/site-packages/control_msgs/msg/_gripper_command.py
[3.489s] -- Up-to-date: /home/diego/Workspaces/ros2_control_diffbot_ws/src/install/control_msgs/lib/python3.8/site-packages/control_msgs/msg/_interface_value.py
[3.490s] -- Up-to-date: /home/diego/Workspaces/ros2_control_diffbot_ws/src/install/control_msgs/lib/python3.8/site-packages/control_msgs/msg/_joint_jog_s.c
[3.491s] -- Up-to-date: /home/diego/Workspaces/ros2_control_diffbot_ws/src/install/control_msgs/lib/python3.8/site-packages/control_msgs/msg/_dynamic_joint_state_s.c
[3.491s] -- Up-to-date: /home/diego/Workspaces/ros2_control_diffbot_ws/src/install/control_msgs/lib/python3.8/site-packages/control_msgs/msg/_joint_jog.py
[3.492s] -- Up-to-date: /home/diego/Workspaces/ros2_control_diffbot_ws/src/install/control_msgs/lib/python3.8/site-packages/control_msgs/msg/_interface_value_s.c
[3.492s] -- Up-to-date: /home/diego/Workspaces/ros2_control_diffbot_ws/src/install/control_msgs/lib/python3.8/site-packages/control_msgs/msg/_joint_tolerance.py
[3.492s] -- Up-to-date: /home/diego/Workspaces/ros2_control_diffbot_ws/src/install/control_msgs/lib/python3.8/site-packages/control_msgs/msg/_joint_tolerance_s.c
[3.493s] -- Up-to-date: /home/diego/Workspaces/ros2_control_diffbot_ws/src/install/control_msgs/lib/python3.8/site-packages/control_msgs/msg/_pid_state_s.c
[3.493s] -- Up-to-date: /home/diego/Workspaces/ros2_control_diffbot_ws/src/install/control_msgs/lib/python3.8/site-packages/control_msgs/msg/_joint_controller_state_s.c
[3.494s] -- Up-to-date: /home/diego/Workspaces/ros2_control_diffbot_ws/src/install/control_msgs/lib/python3.8/site-packages/control_msgs/msg/_pid_state.py
[3.494s] -- Up-to-date: /home/diego/Workspaces/ros2_control_diffbot_ws/src/install/control_msgs/lib/python3.8/site-packages/control_msgs/msg/_dynamic_joint_state.py
[3.495s] -- Up-to-date: /home/diego/Workspaces/ros2_control_diffbot_ws/src/install/control_msgs/lib/python3.8/site-packages/control_msgs/msg/_joint_controller_state.py
[3.495s] -- Up-to-date: /home/diego/Workspaces/ros2_control_diffbot_ws/src/install/control_msgs/lib/python3.8/site-packages/control_msgs/msg/_gripper_command_s.c
[3.496s] -- Up-to-date: /home/diego/Workspaces/ros2_control_diffbot_ws/src/install/control_msgs/lib/python3.8/site-packages/control_msgs/msg/__init__.py
[3.496s] -- Up-to-date: /home/diego/Workspaces/ros2_control_diffbot_ws/src/install/control_msgs/lib/python3.8/site-packages/control_msgs/srv
[3.497s] -- Up-to-date: /home/diego/Workspaces/ros2_control_diffbot_ws/src/install/control_msgs/lib/python3.8/site-packages/control_msgs/srv/_query_calibration_state_s.c
[3.497s] -- Up-to-date: /home/diego/Workspaces/ros2_control_diffbot_ws/src/install/control_msgs/lib/python3.8/site-packages/control_msgs/srv/_query_trajectory_state.py
[3.497s] -- Up-to-date: /home/diego/Workspaces/ros2_control_diffbot_ws/src/install/control_msgs/lib/python3.8/site-packages/control_msgs/srv/_query_trajectory_state_s.c
[3.497s] -- Up-to-date: /home/diego/Workspaces/ros2_control_diffbot_ws/src/install/control_msgs/lib/python3.8/site-packages/control_msgs/srv/_query_calibration_state.py
[3.498s] -- Up-to-date: /home/diego/Workspaces/ros2_control_diffbot_ws/src/install/control_msgs/lib/python3.8/site-packages/control_msgs/srv/__init__.py
[3.498s] -- Up-to-date: /home/diego/Workspaces/ros2_control_diffbot_ws/src/install/control_msgs/lib/python3.8/site-packages/control_msgs/action
[3.498s] -- Up-to-date: /home/diego/Workspaces/ros2_control_diffbot_ws/src/install/control_msgs/lib/python3.8/site-packages/control_msgs/action/_point_head.py
[3.499s] -- Up-to-date: /home/diego/Workspaces/ros2_control_diffbot_ws/src/install/control_msgs/lib/python3.8/site-packages/control_msgs/action/_single_joint_position.py
[3.499s] -- Up-to-date: /home/diego/Workspaces/ros2_control_diffbot_ws/src/install/control_msgs/lib/python3.8/site-packages/control_msgs/action/_gripper_command.py
[3.500s] -- Up-to-date: /home/diego/Workspaces/ros2_control_diffbot_ws/src/install/control_msgs/lib/python3.8/site-packages/control_msgs/action/_joint_trajectory_s.c
[3.500s] -- Up-to-date: /home/diego/Workspaces/ros2_control_diffbot_ws/src/install/control_msgs/lib/python3.8/site-packages/control_msgs/action/_joint_trajectory.py
[3.500s] -- Up-to-date: /home/diego/Workspaces/ros2_control_diffbot_ws/src/install/control_msgs/lib/python3.8/site-packages/control_msgs/action/_follow_joint_trajectory_s.c
[3.501s] -- Up-to-date: /home/diego/Workspaces/ros2_control_diffbot_ws/src/install/control_msgs/lib/python3.8/site-packages/control_msgs/action/_point_head_s.c
[3.501s] -- Up-to-date: /home/diego/Workspaces/ros2_control_diffbot_ws/src/install/control_msgs/lib/python3.8/site-packages/control_msgs/action/_follow_joint_trajectory.py
[3.502s] -- Up-to-date: /home/diego/Workspaces/ros2_control_diffbot_ws/src/install/control_msgs/lib/python3.8/site-packages/control_msgs/action/_gripper_command_s.c
[3.502s] -- Up-to-date: /home/diego/Workspaces/ros2_control_diffbot_ws/src/install/control_msgs/lib/python3.8/site-packages/control_msgs/action/__init__.py
[3.502s] -- Up-to-date: /home/diego/Workspaces/ros2_control_diffbot_ws/src/install/control_msgs/lib/python3.8/site-packages/control_msgs/action/_single_joint_position_s.c
[3.503s] -- Up-to-date: /home/diego/Workspaces/ros2_control_diffbot_ws/src/install/control_msgs/lib/python3.8/site-packages/control_msgs/control_msgs_s__rosidl_typesupport_fastrtps_c.cpython-38-x86_64-linux-gnu.so
[3.505s] -- Up-to-date: /home/diego/Workspaces/ros2_control_diffbot_ws/src/install/control_msgs/lib/python3.8/site-packages/control_msgs/control_msgs_s__rosidl_typesupport_introspection_c.cpython-38-x86_64-linux-gnu.so
[3.515s] -- Up-to-date: /home/diego/Workspaces/ros2_control_diffbot_ws/src/install/control_msgs/lib/python3.8/site-packages/control_msgs/control_msgs_s__rosidl_typesupport_c.cpython-38-x86_64-linux-gnu.so
[3.560s] -- Up-to-date: /home/diego/Workspaces/ros2_control_diffbot_ws/src/install/control_msgs/lib/libcontrol_msgs__python.so
[3.599s] -- Up-to-date: /home/diego/Workspaces/ros2_control_diffbot_ws/src/install/control_msgs/share/control_msgs/msg/DynamicJointState.idl
[3.601s] -- Up-to-date: /home/diego/Workspaces/ros2_control_diffbot_ws/src/install/control_msgs/share/control_msgs/msg/GripperCommand.idl
[3.604s] -- Up-to-date: /home/diego/Workspaces/ros2_control_diffbot_ws/src/install/control_msgs/share/control_msgs/msg/InterfaceValue.idl
[3.605s] -- Up-to-date: /home/diego/Workspaces/ros2_control_diffbot_ws/src/install/control_msgs/share/control_msgs/msg/JointControllerState.idl
[3.605s] -- Up-to-date: /home/diego/Workspaces/ros2_control_diffbot_ws/src/install/control_msgs/share/control_msgs/msg/JointJog.idl
[3.605s] -- Up-to-date: /home/diego/Workspaces/ros2_control_diffbot_ws/src/install/control_msgs/share/control_msgs/msg/JointTolerance.idl
[3.606s] -- Up-to-date: /home/diego/Workspaces/ros2_control_diffbot_ws/src/install/control_msgs/share/control_msgs/msg/JointTrajectoryControllerState.idl
[3.606s] -- Up-to-date: /home/diego/Workspaces/ros2_control_diffbot_ws/src/install/control_msgs/share/control_msgs/msg/PidState.idl
[3.606s] -- Up-to-date: /home/diego/Workspaces/ros2_control_diffbot_ws/src/install/control_msgs/share/control_msgs/srv/QueryCalibrationState.idl
[3.606s] -- Up-to-date: /home/diego/Workspaces/ros2_control_diffbot_ws/src/install/control_msgs/share/control_msgs/srv/QueryTrajectoryState.idl
[3.607s] -- Up-to-date: /home/diego/Workspaces/ros2_control_diffbot_ws/src/install/control_msgs/share/control_msgs/action/FollowJointTrajectory.idl
[3.613s] -- Up-to-date: /home/diego/Workspaces/ros2_control_diffbot_ws/src/install/control_msgs/share/control_msgs/action/GripperCommand.idl
[3.613s] -- Up-to-date: /home/diego/Workspaces/ros2_control_diffbot_ws/src/install/control_msgs/share/control_msgs/action/JointTrajectory.idl
[3.615s] -- Up-to-date: /home/diego/Workspaces/ros2_control_diffbot_ws/src/install/control_msgs/share/control_msgs/action/PointHead.idl
[3.618s] -- Up-to-date: /home/diego/Workspaces/ros2_control_diffbot_ws/src/install/control_msgs/share/control_msgs/action/SingleJointPosition.idl
[3.620s] -- Up-to-date: /home/diego/Workspaces/ros2_control_diffbot_ws/src/install/control_msgs/share/control_msgs/msg/DynamicJointState.msg
[3.630s] -- Up-to-date: /home/diego/Workspaces/ros2_control_diffbot_ws/src/install/control_msgs/share/control_msgs/msg/GripperCommand.msg
[3.631s] -- Up-to-date: /home/diego/Workspaces/ros2_control_diffbot_ws/src/install/control_msgs/share/control_msgs/msg/InterfaceValue.msg
[3.631s] -- Up-to-date: /home/diego/Workspaces/ros2_control_diffbot_ws/src/install/control_msgs/share/control_msgs/msg/JointControllerState.msg
[3.632s] -- Up-to-date: /home/diego/Workspaces/ros2_control_diffbot_ws/src/install/control_msgs/share/control_msgs/msg/JointJog.msg
[3.632s] -- Up-to-date: /home/diego/Workspaces/ros2_control_diffbot_ws/src/install/control_msgs/share/control_msgs/msg/JointTolerance.msg
[3.632s] -- Up-to-date: /home/diego/Workspaces/ros2_control_diffbot_ws/src/install/control_msgs/share/control_msgs/msg/JointTrajectoryControllerState.msg
[3.633s] -- Up-to-date: /home/diego/Workspaces/ros2_control_diffbot_ws/src/install/control_msgs/share/control_msgs/msg/PidState.msg
[3.633s] -- Up-to-date: /home/diego/Workspaces/ros2_control_diffbot_ws/src/install/control_msgs/share/control_msgs/srv/QueryCalibrationState.srv
[3.640s] -- Up-to-date: /home/diego/Workspaces/ros2_control_diffbot_ws/src/install/control_msgs/share/control_msgs/srv/QueryCalibrationState_Request.msg
[3.642s] -- Up-to-date: /home/diego/Workspaces/ros2_control_diffbot_ws/src/install/control_msgs/share/control_msgs/srv/QueryCalibrationState_Response.msg
[3.642s] -- Up-to-date: /home/diego/Workspaces/ros2_control_diffbot_ws/src/install/control_msgs/share/control_msgs/srv/QueryTrajectoryState.srv
[3.643s] -- Up-to-date: /home/diego/Workspaces/ros2_control_diffbot_ws/src/install/control_msgs/share/control_msgs/srv/QueryTrajectoryState_Request.msg
[3.643s] -- Up-to-date: /home/diego/Workspaces/ros2_control_diffbot_ws/src/install/control_msgs/share/control_msgs/srv/QueryTrajectoryState_Response.msg
[3.643s] -- Up-to-date: /home/diego/Workspaces/ros2_control_diffbot_ws/src/install/control_msgs/share/control_msgs/action/FollowJointTrajectory.action
[3.648s] -- Up-to-date: /home/diego/Workspaces/ros2_control_diffbot_ws/src/install/control_msgs/share/control_msgs/action/GripperCommand.action
[3.650s] -- Up-to-date: /home/diego/Workspaces/ros2_control_diffbot_ws/src/install/control_msgs/share/control_msgs/action/JointTrajectory.action
[3.651s] -- Up-to-date: /home/diego/Workspaces/ros2_control_diffbot_ws/src/install/control_msgs/share/control_msgs/action/PointHead.action
[3.659s] -- Up-to-date: /home/diego/Workspaces/ros2_control_diffbot_ws/src/install/control_msgs/share/control_msgs/action/SingleJointPosition.action
[3.660s] -- Up-to-date: /home/diego/Workspaces/ros2_control_diffbot_ws/src/install/control_msgs/share/ament_index/resource_index/package_run_dependencies/control_msgs
[3.673s] -- Up-to-date: /home/diego/Workspaces/ros2_control_diffbot_ws/src/install/control_msgs/share/ament_index/resource_index/parent_prefix_path/control_msgs
[3.674s] -- Up-to-date: /home/diego/Workspaces/ros2_control_diffbot_ws/src/install/control_msgs/share/control_msgs/environment/ament_prefix_path.sh
[3.674s] -- Up-to-date: /home/diego/Workspaces/ros2_control_diffbot_ws/src/install/control_msgs/share/control_msgs/environment/ament_prefix_path.dsv
[3.674s] -- Up-to-date: /home/diego/Workspaces/ros2_control_diffbot_ws/src/install/control_msgs/share/control_msgs/environment/path.sh
[3.675s] -- Up-to-date: /home/diego/Workspaces/ros2_control_diffbot_ws/src/install/control_msgs/share/control_msgs/environment/path.dsv
[3.675s] -- Up-to-date: /home/diego/Workspaces/ros2_control_diffbot_ws/src/install/control_msgs/share/control_msgs/local_setup.bash
[3.675s] -- Up-to-date: /home/diego/Workspaces/ros2_control_diffbot_ws/src/install/control_msgs/share/control_msgs/local_setup.sh
[3.676s] -- Up-to-date: /home/diego/Workspaces/ros2_control_diffbot_ws/src/install/control_msgs/share/control_msgs/local_setup.zsh
[3.676s] -- Up-to-date: /home/diego/Workspaces/ros2_control_diffbot_ws/src/install/control_msgs/share/control_msgs/local_setup.dsv
[3.699s] -- Installing: /home/diego/Workspaces/ros2_control_diffbot_ws/src/install/control_msgs/share/control_msgs/package.dsv
[3.704s] -- Up-to-date: /home/diego/Workspaces/ros2_control_diffbot_ws/src/install/control_msgs/share/ament_index/resource_index/packages/control_msgs
[3.726s] -- Up-to-date: /home/diego/Workspaces/ros2_control_diffbot_ws/src/install/control_msgs/share/control_msgs/cmake/control_msgs__rosidl_generator_cExport.cmake
[3.740s] -- Up-to-date: /home/diego/Workspaces/ros2_control_diffbot_ws/src/install/control_msgs/share/control_msgs/cmake/control_msgs__rosidl_generator_cExport-noconfig.cmake
[3.740s] -- Up-to-date: /home/diego/Workspaces/ros2_control_diffbot_ws/src/install/control_msgs/share/control_msgs/cmake/control_msgs__rosidl_typesupport_introspection_cExport.cmake
[3.741s] -- Up-to-date: /home/diego/Workspaces/ros2_control_diffbot_ws/src/install/control_msgs/share/control_msgs/cmake/control_msgs__rosidl_typesupport_introspection_cExport-noconfig.cmake
[3.809s] -- Up-to-date: /home/diego/Workspaces/ros2_control_diffbot_ws/src/install/control_msgs/share/control_msgs/cmake/control_msgs__rosidl_typesupport_cExport.cmake
[3.812s] -- Up-to-date: /home/diego/Workspaces/ros2_control_diffbot_ws/src/install/control_msgs/share/control_msgs/cmake/control_msgs__rosidl_typesupport_cExport-noconfig.cmake
[3.818s] -- Up-to-date: /home/diego/Workspaces/ros2_control_diffbot_ws/src/install/control_msgs/share/control_msgs/cmake/control_msgs__rosidl_generator_cppExport.cmake
[3.827s] -- Up-to-date: /home/diego/Workspaces/ros2_control_diffbot_ws/src/install/control_msgs/share/control_msgs/cmake/control_msgs__rosidl_typesupport_introspection_cppExport.cmake
[3.828s] -- Up-to-date: /home/diego/Workspaces/ros2_control_diffbot_ws/src/install/control_msgs/share/control_msgs/cmake/control_msgs__rosidl_typesupport_introspection_cppExport-noconfig.cmake
[3.830s] -- Up-to-date: /home/diego/Workspaces/ros2_control_diffbot_ws/src/install/control_msgs/share/control_msgs/cmake/control_msgs__rosidl_typesupport_cppExport.cmake
[3.830s] -- Up-to-date: /home/diego/Workspaces/ros2_control_diffbot_ws/src/install/control_msgs/share/control_msgs/cmake/control_msgs__rosidl_typesupport_cppExport-noconfig.cmake
[3.831s] -- Up-to-date: /home/diego/Workspaces/ros2_control_diffbot_ws/src/install/control_msgs/share/control_msgs/cmake/rosidl_cmake-extras.cmake
[3.832s] -- Up-to-date: /home/diego/Workspaces/ros2_control_diffbot_ws/src/install/control_msgs/share/control_msgs/cmake/ament_cmake_export_dependencies-extras.cmake
[3.832s] -- Up-to-date: /home/diego/Workspaces/ros2_control_diffbot_ws/src/install/control_msgs/share/control_msgs/cmake/ament_cmake_export_libraries-extras.cmake
[3.832s] -- Up-to-date: /home/diego/Workspaces/ros2_control_diffbot_ws/src/install/control_msgs/share/control_msgs/cmake/ament_cmake_export_targets-extras.cmake
[3.833s] -- Up-to-date: /home/diego/Workspaces/ros2_control_diffbot_ws/src/install/control_msgs/share/control_msgs/cmake/ament_cmake_export_include_directories-extras.cmake
[3.833s] -- Up-to-date: /home/diego/Workspaces/ros2_control_diffbot_ws/src/install/control_msgs/share/control_msgs/cmake/rosidl_cmake_export_typesupport_libraries-extras.cmake
[3.833s] -- Up-to-date: /home/diego/Workspaces/ros2_control_diffbot_ws/src/install/control_msgs/share/control_msgs/cmake/rosidl_cmake_export_typesupport_targets-extras.cmake
[3.834s] -- Up-to-date: /home/diego/Workspaces/ros2_control_diffbot_ws/src/install/control_msgs/share/control_msgs/cmake/control_msgsConfig.cmake
[3.834s] -- Up-to-date: /home/diego/Workspaces/ros2_control_diffbot_ws/src/install/control_msgs/share/control_msgs/cmake/control_msgsConfig-version.cmake
[3.834s] -- Up-to-date: /home/diego/Workspaces/ros2_control_diffbot_ws/src/install/control_msgs/share/control_msgs/package.xml
[3.835s] Invoked command in '/home/diego/Workspaces/ros2_control_diffbot_ws/src/build/control_msgs' returned '0': CMAKE_PREFIX_PATH=/opt/ros/foxy /usr/bin/cmake --install /home/diego/Workspaces/ros2_control_diffbot_ws/src/build/control_msgs
