[0.058s] Invoking command in '/home/diego/Workspaces/ros2_control_diffbot_ws/build/diffbot_description': CMAKE_PREFIX_PATH=${CMAKE_PREFIX_PATH}:/home/diego/Workspaces/ros2_control_diffbot_ws/install/ros2controlcli:/home/diego/Workspaces/ros2_control_diffbot_ws/install/ros2_control_test_nodes:/home/diego/Workspaces/ros2_control_diffbot_ws/install/package_python:/opt/ros/foxy /usr/bin/cmake --build /home/diego/Workspaces/ros2_control_diffbot_ws/build/diffbot_description -- -j2 -l2
[0.234s] Invoked command in '/home/diego/Workspaces/ros2_control_diffbot_ws/build/diffbot_description' returned '0': CMAKE_PREFIX_PATH=${CMAKE_PREFIX_PATH}:/home/diego/Workspaces/ros2_control_diffbot_ws/install/ros2controlcli:/home/diego/Workspaces/ros2_control_diffbot_ws/install/ros2_control_test_nodes:/home/diego/Workspaces/ros2_control_diffbot_ws/install/package_python:/opt/ros/foxy /usr/bin/cmake --build /home/diego/Workspaces/ros2_control_diffbot_ws/build/diffbot_description -- -j2 -l2
[0.338s] Invoking command in '/home/diego/Workspaces/ros2_control_diffbot_ws/build/diffbot_description': CMAKE_PREFIX_PATH=${CMAKE_PREFIX_PATH}:/home/diego/Workspaces/ros2_control_diffbot_ws/install/ros2controlcli:/home/diego/Workspaces/ros2_control_diffbot_ws/install/ros2_control_test_nodes:/home/diego/Workspaces/ros2_control_diffbot_ws/install/package_python:/opt/ros/foxy /usr/bin/cmake --install /home/diego/Workspaces/ros2_control_diffbot_ws/build/diffbot_description
[0.371s] -- Install configuration: ""
[0.374s] -- Execute custom install script
[0.376s] -- Up-to-date symlink: /home/diego/Workspaces/ros2_control_diffbot_ws/install/diffbot_description/share/diffbot_description/config/diffbot.rviz
[0.378s] -- Up-to-date symlink: /home/diego/Workspaces/ros2_control_diffbot_ws/install/diffbot_description/share/diffbot_description/gazebo/diffbot.gazebo.xacro
[0.380s] -- Up-to-date symlink: /home/diego/Workspaces/ros2_control_diffbot_ws/install/diffbot_description/share/diffbot_description/gazebo/diffbot.materials.xacro
[0.382s] -- Up-to-date symlink: /home/diego/Workspaces/ros2_control_diffbot_ws/install/diffbot_description/share/diffbot_description/ros2_control/diffbot_system.ros2_control.xacro
[0.385s] -- Up-to-date symlink: /home/diego/Workspaces/ros2_control_diffbot_ws/install/diffbot_description/share/diffbot_description/urdf/diffbot.urdf.xacro
[0.386s] -- Up-to-date symlink: /home/diego/Workspaces/ros2_control_diffbot_ws/install/diffbot_description/share/diffbot_description/urdf/diffbot_system.urdf.xacro
[0.387s] -- Up-to-date symlink: /home/diego/Workspaces/ros2_control_diffbot_ws/install/diffbot_description/share/diffbot_description/urdf/diffboturdforiginal.txt
[0.389s] -- Up-to-date symlink: /home/diego/Workspaces/ros2_control_diffbot_ws/install/diffbot_description/share/ament_index/resource_index/package_run_dependencies/diffbot_description
[0.391s] -- Up-to-date symlink: /home/diego/Workspaces/ros2_control_diffbot_ws/install/diffbot_description/share/ament_index/resource_index/parent_prefix_path/diffbot_description
[0.393s] -- Up-to-date symlink: /home/diego/Workspaces/ros2_control_diffbot_ws/install/diffbot_description/share/diffbot_description/environment/ament_prefix_path.sh
[0.395s] -- Up-to-date symlink: /home/diego/Workspaces/ros2_control_diffbot_ws/install/diffbot_description/share/diffbot_description/environment/ament_prefix_path.dsv
[0.397s] -- Up-to-date symlink: /home/diego/Workspaces/ros2_control_diffbot_ws/install/diffbot_description/share/diffbot_description/environment/path.sh
[0.399s] -- Up-to-date symlink: /home/diego/Workspaces/ros2_control_diffbot_ws/install/diffbot_description/share/diffbot_description/environment/path.dsv
[0.400s] -- Up-to-date symlink: /home/diego/Workspaces/ros2_control_diffbot_ws/install/diffbot_description/share/diffbot_description/local_setup.bash
[0.402s] -- Up-to-date symlink: /home/diego/Workspaces/ros2_control_diffbot_ws/install/diffbot_description/share/diffbot_description/local_setup.sh
[0.404s] -- Up-to-date symlink: /home/diego/Workspaces/ros2_control_diffbot_ws/install/diffbot_description/share/diffbot_description/local_setup.zsh
[0.406s] -- Up-to-date symlink: /home/diego/Workspaces/ros2_control_diffbot_ws/install/diffbot_description/share/diffbot_description/local_setup.dsv
[0.411s] -- Symlinking: /home/diego/Workspaces/ros2_control_diffbot_ws/install/diffbot_description/share/diffbot_description/package.dsv
[0.442s] -- Up-to-date symlink: /home/diego/Workspaces/ros2_control_diffbot_ws/install/diffbot_description/share/ament_index/resource_index/packages/diffbot_description
[0.443s] -- Up-to-date symlink: /home/diego/Workspaces/ros2_control_diffbot_ws/install/diffbot_description/share/diffbot_description/cmake/diffbot_descriptionConfig.cmake
[0.445s] -- Up-to-date symlink: /home/diego/Workspaces/ros2_control_diffbot_ws/install/diffbot_description/share/diffbot_description/cmake/diffbot_descriptionConfig-version.cmake
[0.447s] -- Up-to-date symlink: /home/diego/Workspaces/ros2_control_diffbot_ws/install/diffbot_description/share/diffbot_description/package.xml
[0.462s] Invoked command in '/home/diego/Workspaces/ros2_control_diffbot_ws/build/diffbot_description' returned '0': CMAKE_PREFIX_PATH=${CMAKE_PREFIX_PATH}:/home/diego/Workspaces/ros2_control_diffbot_ws/install/ros2controlcli:/home/diego/Workspaces/ros2_control_diffbot_ws/install/ros2_control_test_nodes:/home/diego/Workspaces/ros2_control_diffbot_ws/install/package_python:/opt/ros/foxy /usr/bin/cmake --install /home/diego/Workspaces/ros2_control_diffbot_ws/build/diffbot_description
