[0.071s] Invoking command in '/home/diego/Workspaces/ros2_control_diffbot_ws/build/controller_interface': AMENT_PREFIX_PATH=/home/diego/Workspaces/ros2_control_diffbot_ws/install/hardware_interface:/home/diego/Workspaces/ros2_control_diffbot_ws/install/control_msgs:${AMENT_PREFIX_PATH} CMAKE_PREFIX_PATH=/home/diego/Workspaces/ros2_control_diffbot_ws/install/hardware_interface:/home/diego/Workspaces/ros2_control_diffbot_ws/install/control_msgs:/opt/ros/foxy LD_LIBRARY_PATH=/home/diego/Workspaces/ros2_control_diffbot_ws/install/hardware_interface/lib:/home/diego/Workspaces/ros2_control_diffbot_ws/install/control_msgs/lib:${LD_LIBRARY_PATH} PYTHONPATH=/home/diego/Workspaces/ros2_control_diffbot_ws/install/control_msgs/lib/python3.8/site-packages:${PYTHONPATH} /usr/bin/cmake --build /home/diego/Workspaces/ros2_control_diffbot_ws/build/controller_interface -- -j2 -l2
[0.346s] [ 20%] Built target gmock
[0.376s] [ 33%] Built target gmock_main
[0.527s] [ 46%] Built target controller_interface
[0.564s] [ 60%] Built target test_force_torque_sensor
[0.657s] [ 73%] Built target test_imu_sensor
[0.672s] [ 86%] Built target test_semantic_component_interface
[0.768s] [100%] Built target test_controller_with_options
[1.438s] Invoked command in '/home/diego/Workspaces/ros2_control_diffbot_ws/build/controller_interface' returned '0': AMENT_PREFIX_PATH=/home/diego/Workspaces/ros2_control_diffbot_ws/install/hardware_interface:/home/diego/Workspaces/ros2_control_diffbot_ws/install/control_msgs:${AMENT_PREFIX_PATH} CMAKE_PREFIX_PATH=/home/diego/Workspaces/ros2_control_diffbot_ws/install/hardware_interface:/home/diego/Workspaces/ros2_control_diffbot_ws/install/control_msgs:/opt/ros/foxy LD_LIBRARY_PATH=/home/diego/Workspaces/ros2_control_diffbot_ws/install/hardware_interface/lib:/home/diego/Workspaces/ros2_control_diffbot_ws/install/control_msgs/lib:${LD_LIBRARY_PATH} PYTHONPATH=/home/diego/Workspaces/ros2_control_diffbot_ws/install/control_msgs/lib/python3.8/site-packages:${PYTHONPATH} /usr/bin/cmake --build /home/diego/Workspaces/ros2_control_diffbot_ws/build/controller_interface -- -j2 -l2
[1.596s] Invoking command in '/home/diego/Workspaces/ros2_control_diffbot_ws/build/controller_interface': AMENT_PREFIX_PATH=/home/diego/Workspaces/ros2_control_diffbot_ws/install/hardware_interface:/home/diego/Workspaces/ros2_control_diffbot_ws/install/control_msgs:${AMENT_PREFIX_PATH} CMAKE_PREFIX_PATH=/home/diego/Workspaces/ros2_control_diffbot_ws/install/hardware_interface:/home/diego/Workspaces/ros2_control_diffbot_ws/install/control_msgs:/opt/ros/foxy LD_LIBRARY_PATH=/home/diego/Workspaces/ros2_control_diffbot_ws/install/hardware_interface/lib:/home/diego/Workspaces/ros2_control_diffbot_ws/install/control_msgs/lib:${LD_LIBRARY_PATH} PYTHONPATH=/home/diego/Workspaces/ros2_control_diffbot_ws/install/control_msgs/lib/python3.8/site-packages:${PYTHONPATH} /usr/bin/cmake --install /home/diego/Workspaces/ros2_control_diffbot_ws/build/controller_interface
[1.643s] -- Install configuration: ""
[1.648s] -- Execute custom install script
[1.651s] -- Up-to-date symlink: /home/diego/Workspaces/ros2_control_diffbot_ws/install/controller_interface/include/controller_interface/controller_interface.hpp
[1.652s] -- Up-to-date symlink: /home/diego/Workspaces/ros2_control_diffbot_ws/install/controller_interface/include/controller_interface/controller_state_names.hpp
[1.654s] -- Up-to-date symlink: /home/diego/Workspaces/ros2_control_diffbot_ws/install/controller_interface/include/controller_interface/helpers.hpp
[1.659s] -- Up-to-date symlink: /home/diego/Workspaces/ros2_control_diffbot_ws/install/controller_interface/include/controller_interface/visibility_control.h
[1.663s] -- Up-to-date symlink: /home/diego/Workspaces/ros2_control_diffbot_ws/install/controller_interface/include/semantic_components/force_torque_sensor.hpp
[1.665s] -- Up-to-date symlink: /home/diego/Workspaces/ros2_control_diffbot_ws/install/controller_interface/include/semantic_components/imu_sensor.hpp
[1.666s] -- Up-to-date symlink: /home/diego/Workspaces/ros2_control_diffbot_ws/install/controller_interface/include/semantic_components/semantic_component_interface.hpp
[1.669s] -- Up-to-date symlink: /home/diego/Workspaces/ros2_control_diffbot_ws/install/controller_interface/lib/libcontroller_interface.so
[1.670s] -- Up-to-date symlink: /home/diego/Workspaces/ros2_control_diffbot_ws/install/controller_interface/share/controller_interface/environment/library_path.sh
[1.672s] -- Up-to-date symlink: /home/diego/Workspaces/ros2_control_diffbot_ws/install/controller_interface/share/controller_interface/environment/library_path.dsv
[1.675s] -- Up-to-date symlink: /home/diego/Workspaces/ros2_control_diffbot_ws/install/controller_interface/share/ament_index/resource_index/package_run_dependencies/controller_interface
[1.678s] -- Up-to-date symlink: /home/diego/Workspaces/ros2_control_diffbot_ws/install/controller_interface/share/ament_index/resource_index/parent_prefix_path/controller_interface
[1.679s] -- Up-to-date symlink: /home/diego/Workspaces/ros2_control_diffbot_ws/install/controller_interface/share/controller_interface/environment/ament_prefix_path.sh
[1.681s] -- Up-to-date symlink: /home/diego/Workspaces/ros2_control_diffbot_ws/install/controller_interface/share/controller_interface/environment/ament_prefix_path.dsv
[1.683s] -- Up-to-date symlink: /home/diego/Workspaces/ros2_control_diffbot_ws/install/controller_interface/share/controller_interface/environment/path.sh
[1.686s] -- Up-to-date symlink: /home/diego/Workspaces/ros2_control_diffbot_ws/install/controller_interface/share/controller_interface/environment/path.dsv
[1.687s] -- Up-to-date symlink: /home/diego/Workspaces/ros2_control_diffbot_ws/install/controller_interface/share/controller_interface/local_setup.bash
[1.691s] -- Up-to-date symlink: /home/diego/Workspaces/ros2_control_diffbot_ws/install/controller_interface/share/controller_interface/local_setup.sh
[1.694s] -- Up-to-date symlink: /home/diego/Workspaces/ros2_control_diffbot_ws/install/controller_interface/share/controller_interface/local_setup.zsh
[1.695s] -- Up-to-date symlink: /home/diego/Workspaces/ros2_control_diffbot_ws/install/controller_interface/share/controller_interface/local_setup.dsv
[1.697s] -- Symlinking: /home/diego/Workspaces/ros2_control_diffbot_ws/install/controller_interface/share/controller_interface/package.dsv
[1.726s] -- Up-to-date symlink: /home/diego/Workspaces/ros2_control_diffbot_ws/install/controller_interface/share/ament_index/resource_index/packages/controller_interface
[1.727s] -- Up-to-date symlink: /home/diego/Workspaces/ros2_control_diffbot_ws/install/controller_interface/share/controller_interface/cmake/ament_cmake_export_dependencies-extras.cmake
[1.729s] -- Up-to-date symlink: /home/diego/Workspaces/ros2_control_diffbot_ws/install/controller_interface/share/controller_interface/cmake/ament_cmake_export_include_directories-extras.cmake
[1.731s] -- Up-to-date symlink: /home/diego/Workspaces/ros2_control_diffbot_ws/install/controller_interface/share/controller_interface/cmake/ament_cmake_export_libraries-extras.cmake
[1.732s] -- Up-to-date symlink: /home/diego/Workspaces/ros2_control_diffbot_ws/install/controller_interface/share/controller_interface/cmake/controller_interfaceConfig.cmake
[1.734s] -- Up-to-date symlink: /home/diego/Workspaces/ros2_control_diffbot_ws/install/controller_interface/share/controller_interface/cmake/controller_interfaceConfig-version.cmake
[1.736s] -- Up-to-date symlink: /home/diego/Workspaces/ros2_control_diffbot_ws/install/controller_interface/share/controller_interface/package.xml
[1.759s] Invoked command in '/home/diego/Workspaces/ros2_control_diffbot_ws/build/controller_interface' returned '0': AMENT_PREFIX_PATH=/home/diego/Workspaces/ros2_control_diffbot_ws/install/hardware_interface:/home/diego/Workspaces/ros2_control_diffbot_ws/install/control_msgs:${AMENT_PREFIX_PATH} CMAKE_PREFIX_PATH=/home/diego/Workspaces/ros2_control_diffbot_ws/install/hardware_interface:/home/diego/Workspaces/ros2_control_diffbot_ws/install/control_msgs:/opt/ros/foxy LD_LIBRARY_PATH=/home/diego/Workspaces/ros2_control_diffbot_ws/install/hardware_interface/lib:/home/diego/Workspaces/ros2_control_diffbot_ws/install/control_msgs/lib:${LD_LIBRARY_PATH} PYTHONPATH=/home/diego/Workspaces/ros2_control_diffbot_ws/install/control_msgs/lib/python3.8/site-packages:${PYTHONPATH} /usr/bin/cmake --install /home/diego/Workspaces/ros2_control_diffbot_ws/build/controller_interface
