-- Found ament_cmake: 0.9.9 (/opt/ros/foxy/share/ament_cmake/cmake)
-- Using PYTHON_EXECUTABLE: /usr/bin/python3
-- Override CMake install command with custom implementation using symlinks instead of copying resources
-- Found controller_interface: 0.10.1 (/home/diego/Workspaces/ros2_control_diffbot_ws/install/controller_interface/share/controller_interface/cmake)
-- Using all available rosidl_typesupport_c: rosidl_typesupport_fastrtps_c;rosidl_typesupport_introspection_c
-- Found rosidl_adapter: 1.2.1 (/opt/ros/foxy/share/rosidl_adapter/cmake)
-- Using all available rosidl_typesupport_cpp: rosidl_typesupport_fastrtps_cpp;rosidl_typesupport_introspection_cpp
-- Found rmw_implementation_cmake: 1.0.3 (/opt/ros/foxy/share/rmw_implementation_cmake/cmake)
-- Using RMW implementation 'rmw_fastrtps_cpp' as default
-- Found realtime_tools: 2.2.0 (/home/diego/Workspaces/ros2_control_diffbot_ws/install/realtime_tools/share/realtime_tools/cmake)
-- Found ament_cmake_gmock: 0.9.9 (/opt/ros/foxy/share/ament_cmake_gmock/cmake)
-- Found controller_manager: 0.10.1 (/home/diego/Workspaces/ros2_control_diffbot_ws/install/controller_manager/share/controller_manager/cmake)
-- Found ros2_control_test_assets: 0.10.1 (/home/diego/Workspaces/ros2_control_diffbot_ws/install/ros2_control_test_assets/share/ros2_control_test_assets/cmake)
-- Found gmock sources under '/opt/ros/foxy/src/gmock_vendor': C++ tests using 'Google Mock' will be built
-- Found ament_cmake_gtest: 0.9.9 (/opt/ros/foxy/share/ament_cmake_gtest/cmake)
-- Found gtest sources under '/opt/ros/foxy/src/gtest_vendor': C++ tests using 'Google Test' will be built
-- Configuring done
-- Generating done
-- Build files have been written to: /home/diego/Workspaces/ros2_control_diffbot_ws/build/imu_sensor_broadcaster
[ 18%] Built target imu_sensor_broadcaster
[ 36%] Built target gmock_main
[ 63%] Built target gmock
[ 81%] Built target test_imu_sensor_broadcaster
[100%] Built target test_load_imu_sensor_broadcaster
-- Install configuration: ""
-- Execute custom install script
-- Up-to-date symlink: /home/diego/Workspaces/ros2_control_diffbot_ws/install/imu_sensor_broadcaster/share/imu_sensor_broadcaster//imu_sensor_broadcaster.xml
-- Up-to-date symlink: /home/diego/Workspaces/ros2_control_diffbot_ws/install/imu_sensor_broadcaster/lib/libimu_sensor_broadcaster.so
-- Up-to-date symlink: /home/diego/Workspaces/ros2_control_diffbot_ws/install/imu_sensor_broadcaster/include/imu_sensor_broadcaster/imu_sensor_broadcaster.hpp
-- Up-to-date symlink: /home/diego/Workspaces/ros2_control_diffbot_ws/install/imu_sensor_broadcaster/include/imu_sensor_broadcaster/visibility_control.h
-- Up-to-date symlink: /home/diego/Workspaces/ros2_control_diffbot_ws/install/imu_sensor_broadcaster/share/imu_sensor_broadcaster/environment/library_path.sh
-- Up-to-date symlink: /home/diego/Workspaces/ros2_control_diffbot_ws/install/imu_sensor_broadcaster/share/imu_sensor_broadcaster/environment/library_path.dsv
-- Up-to-date symlink: /home/diego/Workspaces/ros2_control_diffbot_ws/install/imu_sensor_broadcaster/share/ament_index/resource_index/package_run_dependencies/imu_sensor_broadcaster
-- Up-to-date symlink: /home/diego/Workspaces/ros2_control_diffbot_ws/install/imu_sensor_broadcaster/share/ament_index/resource_index/parent_prefix_path/imu_sensor_broadcaster
-- Up-to-date symlink: /home/diego/Workspaces/ros2_control_diffbot_ws/install/imu_sensor_broadcaster/share/imu_sensor_broadcaster/environment/ament_prefix_path.sh
-- Up-to-date symlink: /home/diego/Workspaces/ros2_control_diffbot_ws/install/imu_sensor_broadcaster/share/imu_sensor_broadcaster/environment/ament_prefix_path.dsv
-- Up-to-date symlink: /home/diego/Workspaces/ros2_control_diffbot_ws/install/imu_sensor_broadcaster/share/imu_sensor_broadcaster/environment/path.sh
-- Up-to-date symlink: /home/diego/Workspaces/ros2_control_diffbot_ws/install/imu_sensor_broadcaster/share/imu_sensor_broadcaster/environment/path.dsv
-- Up-to-date symlink: /home/diego/Workspaces/ros2_control_diffbot_ws/install/imu_sensor_broadcaster/share/imu_sensor_broadcaster/local_setup.bash
-- Up-to-date symlink: /home/diego/Workspaces/ros2_control_diffbot_ws/install/imu_sensor_broadcaster/share/imu_sensor_broadcaster/local_setup.sh
-- Up-to-date symlink: /home/diego/Workspaces/ros2_control_diffbot_ws/install/imu_sensor_broadcaster/share/imu_sensor_broadcaster/local_setup.zsh
-- Up-to-date symlink: /home/diego/Workspaces/ros2_control_diffbot_ws/install/imu_sensor_broadcaster/share/imu_sensor_broadcaster/local_setup.dsv
-- Symlinking: /home/diego/Workspaces/ros2_control_diffbot_ws/install/imu_sensor_broadcaster/share/imu_sensor_broadcaster/package.dsv
-- Up-to-date symlink: /home/diego/Workspaces/ros2_control_diffbot_ws/install/imu_sensor_broadcaster/share/ament_index/resource_index/packages/imu_sensor_broadcaster
-- Up-to-date symlink: /home/diego/Workspaces/ros2_control_diffbot_ws/install/imu_sensor_broadcaster/share/ament_index/resource_index/controller_interface__pluginlib__plugin/imu_sensor_broadcaster
-- Up-to-date symlink: /home/diego/Workspaces/ros2_control_diffbot_ws/install/imu_sensor_broadcaster/share/imu_sensor_broadcaster/cmake/ament_cmake_export_include_directories-extras.cmake
-- Up-to-date symlink: /home/diego/Workspaces/ros2_control_diffbot_ws/install/imu_sensor_broadcaster/share/imu_sensor_broadcaster/cmake/ament_cmake_export_libraries-extras.cmake
-- Up-to-date symlink: /home/diego/Workspaces/ros2_control_diffbot_ws/install/imu_sensor_broadcaster/share/imu_sensor_broadcaster/cmake/ament_cmake_export_dependencies-extras.cmake
-- Up-to-date symlink: /home/diego/Workspaces/ros2_control_diffbot_ws/install/imu_sensor_broadcaster/share/imu_sensor_broadcaster/cmake/imu_sensor_broadcasterConfig.cmake
-- Up-to-date symlink: /home/diego/Workspaces/ros2_control_diffbot_ws/install/imu_sensor_broadcaster/share/imu_sensor_broadcaster/cmake/imu_sensor_broadcasterConfig-version.cmake
-- Up-to-date symlink: /home/diego/Workspaces/ros2_control_diffbot_ws/install/imu_sensor_broadcaster/share/imu_sensor_broadcaster/package.xml
