[0.230s] Invoking command in '/home/diego/Workspaces/ros2_control_diffbot_ws/build/ros2_control_demo_hardware': AMENT_PREFIX_PATH=/home/diego/Workspaces/ros2_control_diffbot_ws/install/hardware_interface:/home/diego/Workspaces/ros2_control_diffbot_ws/install/control_msgs:${AMENT_PREFIX_PATH} CMAKE_PREFIX_PATH=/home/diego/Workspaces/ros2_control_diffbot_ws/install/hardware_interface:/home/diego/Workspaces/ros2_control_diffbot_ws/install/control_msgs:/opt/ros/foxy LD_LIBRARY_PATH=/home/diego/Workspaces/ros2_control_diffbot_ws/install/hardware_interface/lib:/home/diego/Workspaces/ros2_control_diffbot_ws/install/control_msgs/lib:${LD_LIBRARY_PATH} PYTHONPATH=/home/diego/Workspaces/ros2_control_diffbot_ws/install/control_msgs/lib/python3.8/site-packages:${PYTHONPATH} /usr/bin/cmake --build /home/diego/Workspaces/ros2_control_diffbot_ws/build/ros2_control_demo_hardware -- -j2 -l2
[0.519s] [100%] Built target ros2_control_demo_hardware
[0.569s] Invoked command in '/home/diego/Workspaces/ros2_control_diffbot_ws/build/ros2_control_demo_hardware' returned '0': AMENT_PREFIX_PATH=/home/diego/Workspaces/ros2_control_diffbot_ws/install/hardware_interface:/home/diego/Workspaces/ros2_control_diffbot_ws/install/control_msgs:${AMENT_PREFIX_PATH} CMAKE_PREFIX_PATH=/home/diego/Workspaces/ros2_control_diffbot_ws/install/hardware_interface:/home/diego/Workspaces/ros2_control_diffbot_ws/install/control_msgs:/opt/ros/foxy LD_LIBRARY_PATH=/home/diego/Workspaces/ros2_control_diffbot_ws/install/hardware_interface/lib:/home/diego/Workspaces/ros2_control_diffbot_ws/install/control_msgs/lib:${LD_LIBRARY_PATH} PYTHONPATH=/home/diego/Workspaces/ros2_control_diffbot_ws/install/control_msgs/lib/python3.8/site-packages:${PYTHONPATH} /usr/bin/cmake --build /home/diego/Workspaces/ros2_control_diffbot_ws/build/ros2_control_demo_hardware -- -j2 -l2
[0.843s] Invoking command in '/home/diego/Workspaces/ros2_control_diffbot_ws/build/ros2_control_demo_hardware': AMENT_PREFIX_PATH=/home/diego/Workspaces/ros2_control_diffbot_ws/install/hardware_interface:/home/diego/Workspaces/ros2_control_diffbot_ws/install/control_msgs:${AMENT_PREFIX_PATH} CMAKE_PREFIX_PATH=/home/diego/Workspaces/ros2_control_diffbot_ws/install/hardware_interface:/home/diego/Workspaces/ros2_control_diffbot_ws/install/control_msgs:/opt/ros/foxy LD_LIBRARY_PATH=/home/diego/Workspaces/ros2_control_diffbot_ws/install/hardware_interface/lib:/home/diego/Workspaces/ros2_control_diffbot_ws/install/control_msgs/lib:${LD_LIBRARY_PATH} PYTHONPATH=/home/diego/Workspaces/ros2_control_diffbot_ws/install/control_msgs/lib/python3.8/site-packages:${PYTHONPATH} /usr/bin/cmake --install /home/diego/Workspaces/ros2_control_diffbot_ws/build/ros2_control_demo_hardware
[0.913s] -- Install configuration: ""
[0.918s] -- Execute custom install script
[0.921s] -- Up-to-date symlink: /home/diego/Workspaces/ros2_control_diffbot_ws/install/ros2_control_demo_hardware/share/ros2_control_demo_hardware//ros2_control_demo_hardware.xml
[0.923s] -- Up-to-date symlink: /home/diego/Workspaces/ros2_control_diffbot_ws/install/ros2_control_demo_hardware/lib/libros2_control_demo_hardware.so
[0.928s] -- Up-to-date symlink: /home/diego/Workspaces/ros2_control_diffbot_ws/install/ros2_control_demo_hardware/include/ros2_control_demo_hardware/diffbot_system.hpp
[0.930s] -- Up-to-date symlink: /home/diego/Workspaces/ros2_control_diffbot_ws/install/ros2_control_demo_hardware/include/ros2_control_demo_hardware/rrbot_system_multi_interface.hpp
[0.931s] -- Up-to-date symlink: /home/diego/Workspaces/ros2_control_diffbot_ws/install/ros2_control_demo_hardware/include/ros2_control_demo_hardware/rrbot_system_position_only.hpp
[0.937s] -- Up-to-date symlink: /home/diego/Workspaces/ros2_control_diffbot_ws/install/ros2_control_demo_hardware/include/ros2_control_demo_hardware/rrbot_system_with_sensor.hpp
[0.938s] -- Up-to-date symlink: /home/diego/Workspaces/ros2_control_diffbot_ws/install/ros2_control_demo_hardware/include/ros2_control_demo_hardware/visibility_control.h
[0.940s] -- Up-to-date symlink: /home/diego/Workspaces/ros2_control_diffbot_ws/install/ros2_control_demo_hardware/share/ros2_control_demo_hardware/environment/library_path.sh
[0.942s] -- Up-to-date symlink: /home/diego/Workspaces/ros2_control_diffbot_ws/install/ros2_control_demo_hardware/share/ros2_control_demo_hardware/environment/library_path.dsv
[0.945s] -- Up-to-date symlink: /home/diego/Workspaces/ros2_control_diffbot_ws/install/ros2_control_demo_hardware/share/ament_index/resource_index/package_run_dependencies/ros2_control_demo_hardware
[0.947s] -- Up-to-date symlink: /home/diego/Workspaces/ros2_control_diffbot_ws/install/ros2_control_demo_hardware/share/ament_index/resource_index/parent_prefix_path/ros2_control_demo_hardware
[0.949s] -- Up-to-date symlink: /home/diego/Workspaces/ros2_control_diffbot_ws/install/ros2_control_demo_hardware/share/ros2_control_demo_hardware/environment/ament_prefix_path.sh
[0.951s] -- Up-to-date symlink: /home/diego/Workspaces/ros2_control_diffbot_ws/install/ros2_control_demo_hardware/share/ros2_control_demo_hardware/environment/ament_prefix_path.dsv
[0.953s] -- Up-to-date symlink: /home/diego/Workspaces/ros2_control_diffbot_ws/install/ros2_control_demo_hardware/share/ros2_control_demo_hardware/environment/path.sh
[0.955s] -- Up-to-date symlink: /home/diego/Workspaces/ros2_control_diffbot_ws/install/ros2_control_demo_hardware/share/ros2_control_demo_hardware/environment/path.dsv
[0.957s] -- Up-to-date symlink: /home/diego/Workspaces/ros2_control_diffbot_ws/install/ros2_control_demo_hardware/share/ros2_control_demo_hardware/local_setup.bash
[0.958s] -- Up-to-date symlink: /home/diego/Workspaces/ros2_control_diffbot_ws/install/ros2_control_demo_hardware/share/ros2_control_demo_hardware/local_setup.sh
[0.961s] -- Up-to-date symlink: /home/diego/Workspaces/ros2_control_diffbot_ws/install/ros2_control_demo_hardware/share/ros2_control_demo_hardware/local_setup.zsh
[0.963s] -- Up-to-date symlink: /home/diego/Workspaces/ros2_control_diffbot_ws/install/ros2_control_demo_hardware/share/ros2_control_demo_hardware/local_setup.dsv
[0.965s] -- Symlinking: /home/diego/Workspaces/ros2_control_diffbot_ws/install/ros2_control_demo_hardware/share/ros2_control_demo_hardware/package.dsv
[0.997s] -- Up-to-date symlink: /home/diego/Workspaces/ros2_control_diffbot_ws/install/ros2_control_demo_hardware/share/ament_index/resource_index/packages/ros2_control_demo_hardware
[0.999s] -- Up-to-date symlink: /home/diego/Workspaces/ros2_control_diffbot_ws/install/ros2_control_demo_hardware/share/ament_index/resource_index/hardware_interface__pluginlib__plugin/ros2_control_demo_hardware
[1.004s] -- Up-to-date symlink: /home/diego/Workspaces/ros2_control_diffbot_ws/install/ros2_control_demo_hardware/share/ros2_control_demo_hardware/cmake/ament_cmake_export_include_directories-extras.cmake
[1.006s] -- Up-to-date symlink: /home/diego/Workspaces/ros2_control_diffbot_ws/install/ros2_control_demo_hardware/share/ros2_control_demo_hardware/cmake/ament_cmake_export_libraries-extras.cmake
[1.008s] -- Up-to-date symlink: /home/diego/Workspaces/ros2_control_diffbot_ws/install/ros2_control_demo_hardware/share/ros2_control_demo_hardware/cmake/ament_cmake_export_dependencies-extras.cmake
[1.012s] -- Up-to-date symlink: /home/diego/Workspaces/ros2_control_diffbot_ws/install/ros2_control_demo_hardware/share/ros2_control_demo_hardware/cmake/ros2_control_demo_hardwareConfig.cmake
[1.014s] -- Up-to-date symlink: /home/diego/Workspaces/ros2_control_diffbot_ws/install/ros2_control_demo_hardware/share/ros2_control_demo_hardware/cmake/ros2_control_demo_hardwareConfig-version.cmake
[1.020s] -- Up-to-date symlink: /home/diego/Workspaces/ros2_control_diffbot_ws/install/ros2_control_demo_hardware/share/ros2_control_demo_hardware/package.xml
[1.026s] Invoked command in '/home/diego/Workspaces/ros2_control_diffbot_ws/build/ros2_control_demo_hardware' returned '0': AMENT_PREFIX_PATH=/home/diego/Workspaces/ros2_control_diffbot_ws/install/hardware_interface:/home/diego/Workspaces/ros2_control_diffbot_ws/install/control_msgs:${AMENT_PREFIX_PATH} CMAKE_PREFIX_PATH=/home/diego/Workspaces/ros2_control_diffbot_ws/install/hardware_interface:/home/diego/Workspaces/ros2_control_diffbot_ws/install/control_msgs:/opt/ros/foxy LD_LIBRARY_PATH=/home/diego/Workspaces/ros2_control_diffbot_ws/install/hardware_interface/lib:/home/diego/Workspaces/ros2_control_diffbot_ws/install/control_msgs/lib:${LD_LIBRARY_PATH} PYTHONPATH=/home/diego/Workspaces/ros2_control_diffbot_ws/install/control_msgs/lib/python3.8/site-packages:${PYTHONPATH} /usr/bin/cmake --install /home/diego/Workspaces/ros2_control_diffbot_ws/build/ros2_control_demo_hardware
