[0.068s] Invoking command in '/home/diego/Workspaces/ros2_control_diffbot_ws/build/transmission_interface': AMENT_PREFIX_PATH=/home/diego/Workspaces/ros2_control_diffbot_ws/install/hardware_interface:/home/diego/Workspaces/ros2_control_diffbot_ws/install/control_msgs:${AMENT_PREFIX_PATH} CMAKE_PREFIX_PATH=/home/diego/Workspaces/ros2_control_diffbot_ws/install/hardware_interface:/home/diego/Workspaces/ros2_control_diffbot_ws/install/control_msgs:/opt/ros/foxy LD_LIBRARY_PATH=/home/diego/Workspaces/ros2_control_diffbot_ws/install/hardware_interface/lib:/home/diego/Workspaces/ros2_control_diffbot_ws/install/control_msgs/lib:${LD_LIBRARY_PATH} PYTHONPATH=/home/diego/Workspaces/ros2_control_diffbot_ws/install/control_msgs/lib/python3.8/site-packages:${PYTHONPATH} /usr/bin/cmake /home/diego/Workspaces/ros2_control_diffbot_ws/src/ros2_control/transmission_interface -DCMAKE_INSTALL_PREFIX=/home/diego/Workspaces/ros2_control_diffbot_ws/install/transmission_interface
[0.131s] -- Found ament_cmake: 0.9.9 (/opt/ros/foxy/share/ament_cmake/cmake)
[0.203s] -- Using PYTHON_EXECUTABLE: /usr/bin/python3
[0.917s] -- Override CMake install command with custom implementation using symlinks instead of copying resources
[0.964s] -- Found hardware_interface: 0.10.1 (/home/diego/Workspaces/ros2_control_diffbot_ws/install/hardware_interface/share/hardware_interface/cmake)
[1.047s] -- Using all available rosidl_typesupport_c: rosidl_typesupport_fastrtps_c;rosidl_typesupport_introspection_c
[1.059s] -- Found rosidl_adapter: 1.2.1 (/opt/ros/foxy/share/rosidl_adapter/cmake)
[1.515s] -- Using all available rosidl_typesupport_cpp: rosidl_typesupport_fastrtps_cpp;rosidl_typesupport_introspection_cpp
[3.516s] -- Found ament_cmake_gmock: 0.9.9 (/opt/ros/foxy/share/ament_cmake_gmock/cmake)
[3.520s] -- Found ament_lint_auto: 0.9.6 (/opt/ros/foxy/share/ament_lint_auto/cmake)
[3.793s] -- Found gmock sources under '/opt/ros/foxy/src/gmock_vendor': C++ tests using 'Google Mock' will be built
[3.799s] -- Found ament_cmake_gtest: 0.9.9 (/opt/ros/foxy/share/ament_cmake_gtest/cmake)
[3.802s] -- Found gtest sources under '/opt/ros/foxy/src/gtest_vendor': C++ tests using 'Google Test' will be built
[4.006s] -- Added test 'copyright' to check source files copyright and LICENSE
[4.017s] -- Added test 'cppcheck' to perform static code analysis on C / C++ code
[4.020s] -- Configured cppcheck include dirs: /home/diego/Workspaces/ros2_control_diffbot_ws/src/ros2_control/transmission_interface/include;/home/diego/Workspaces/ros2_control_diffbot_ws/src/ros2_control/transmission_interface/hardware_interface
[4.020s] -- Configured cppcheck exclude dirs and/or files: 
[4.024s] -- Added test 'lint_cmake' to check CMake code style
[4.027s] -- Added test 'xmllint' to check XML markup files
[4.060s] -- Configuring done
[4.268s] -- Generating done
[4.277s] -- Build files have been written to: /home/diego/Workspaces/ros2_control_diffbot_ws/build/transmission_interface
[4.300s] Invoked command in '/home/diego/Workspaces/ros2_control_diffbot_ws/build/transmission_interface' returned '0': AMENT_PREFIX_PATH=/home/diego/Workspaces/ros2_control_diffbot_ws/install/hardware_interface:/home/diego/Workspaces/ros2_control_diffbot_ws/install/control_msgs:${AMENT_PREFIX_PATH} CMAKE_PREFIX_PATH=/home/diego/Workspaces/ros2_control_diffbot_ws/install/hardware_interface:/home/diego/Workspaces/ros2_control_diffbot_ws/install/control_msgs:/opt/ros/foxy LD_LIBRARY_PATH=/home/diego/Workspaces/ros2_control_diffbot_ws/install/hardware_interface/lib:/home/diego/Workspaces/ros2_control_diffbot_ws/install/control_msgs/lib:${LD_LIBRARY_PATH} PYTHONPATH=/home/diego/Workspaces/ros2_control_diffbot_ws/install/control_msgs/lib/python3.8/site-packages:${PYTHONPATH} /usr/bin/cmake /home/diego/Workspaces/ros2_control_diffbot_ws/src/ros2_control/transmission_interface -DCMAKE_INSTALL_PREFIX=/home/diego/Workspaces/ros2_control_diffbot_ws/install/transmission_interface
[4.310s] Invoking command in '/home/diego/Workspaces/ros2_control_diffbot_ws/build/transmission_interface': AMENT_PREFIX_PATH=/home/diego/Workspaces/ros2_control_diffbot_ws/install/hardware_interface:/home/diego/Workspaces/ros2_control_diffbot_ws/install/control_msgs:${AMENT_PREFIX_PATH} CMAKE_PREFIX_PATH=/home/diego/Workspaces/ros2_control_diffbot_ws/install/hardware_interface:/home/diego/Workspaces/ros2_control_diffbot_ws/install/control_msgs:/opt/ros/foxy LD_LIBRARY_PATH=/home/diego/Workspaces/ros2_control_diffbot_ws/install/hardware_interface/lib:/home/diego/Workspaces/ros2_control_diffbot_ws/install/control_msgs/lib:${LD_LIBRARY_PATH} PYTHONPATH=/home/diego/Workspaces/ros2_control_diffbot_ws/install/control_msgs/lib/python3.8/site-packages:${PYTHONPATH} /usr/bin/cmake --build /home/diego/Workspaces/ros2_control_diffbot_ws/build/transmission_interface -- -j2 -l2
[4.461s] [ 27%] Built target gmock
[4.519s] [ 45%] Built target gmock_main
[4.587s] [ 63%] Built target test_four_bar_linkage_transmission
[4.668s] [ 81%] Built target test_differential_transmission
[4.751s] [100%] Built target test_simple_transmission
[4.780s] Invoked command in '/home/diego/Workspaces/ros2_control_diffbot_ws/build/transmission_interface' returned '0': AMENT_PREFIX_PATH=/home/diego/Workspaces/ros2_control_diffbot_ws/install/hardware_interface:/home/diego/Workspaces/ros2_control_diffbot_ws/install/control_msgs:${AMENT_PREFIX_PATH} CMAKE_PREFIX_PATH=/home/diego/Workspaces/ros2_control_diffbot_ws/install/hardware_interface:/home/diego/Workspaces/ros2_control_diffbot_ws/install/control_msgs:/opt/ros/foxy LD_LIBRARY_PATH=/home/diego/Workspaces/ros2_control_diffbot_ws/install/hardware_interface/lib:/home/diego/Workspaces/ros2_control_diffbot_ws/install/control_msgs/lib:${LD_LIBRARY_PATH} PYTHONPATH=/home/diego/Workspaces/ros2_control_diffbot_ws/install/control_msgs/lib/python3.8/site-packages:${PYTHONPATH} /usr/bin/cmake --build /home/diego/Workspaces/ros2_control_diffbot_ws/build/transmission_interface -- -j2 -l2
[4.904s] Invoking command in '/home/diego/Workspaces/ros2_control_diffbot_ws/build/transmission_interface': AMENT_PREFIX_PATH=/home/diego/Workspaces/ros2_control_diffbot_ws/install/hardware_interface:/home/diego/Workspaces/ros2_control_diffbot_ws/install/control_msgs:${AMENT_PREFIX_PATH} CMAKE_PREFIX_PATH=/home/diego/Workspaces/ros2_control_diffbot_ws/install/hardware_interface:/home/diego/Workspaces/ros2_control_diffbot_ws/install/control_msgs:/opt/ros/foxy LD_LIBRARY_PATH=/home/diego/Workspaces/ros2_control_diffbot_ws/install/hardware_interface/lib:/home/diego/Workspaces/ros2_control_diffbot_ws/install/control_msgs/lib:${LD_LIBRARY_PATH} PYTHONPATH=/home/diego/Workspaces/ros2_control_diffbot_ws/install/control_msgs/lib/python3.8/site-packages:${PYTHONPATH} /usr/bin/cmake --install /home/diego/Workspaces/ros2_control_diffbot_ws/build/transmission_interface
[4.934s] -- Install configuration: ""
[4.936s] -- Execute custom install script
[4.941s] -- Up-to-date symlink: /home/diego/Workspaces/ros2_control_diffbot_ws/install/transmission_interface/include/transmission_interface/accessor.hpp
[4.945s] -- Up-to-date symlink: /home/diego/Workspaces/ros2_control_diffbot_ws/install/transmission_interface/include/transmission_interface/differential_transmission.hpp
[4.946s] -- Up-to-date symlink: /home/diego/Workspaces/ros2_control_diffbot_ws/install/transmission_interface/include/transmission_interface/exception.hpp
[4.949s] -- Up-to-date symlink: /home/diego/Workspaces/ros2_control_diffbot_ws/install/transmission_interface/include/transmission_interface/four_bar_linkage_transmission.hpp
[4.950s] -- Up-to-date symlink: /home/diego/Workspaces/ros2_control_diffbot_ws/install/transmission_interface/include/transmission_interface/handle.hpp
[4.952s] -- Up-to-date symlink: /home/diego/Workspaces/ros2_control_diffbot_ws/install/transmission_interface/include/transmission_interface/simple_transmission.hpp
[4.953s] -- Up-to-date symlink: /home/diego/Workspaces/ros2_control_diffbot_ws/install/transmission_interface/include/transmission_interface/transmission.hpp
[4.956s] -- Up-to-date symlink: /home/diego/Workspaces/ros2_control_diffbot_ws/install/transmission_interface/include/transmission_interface/transmission_parser.hpp
[4.957s] -- Up-to-date symlink: /home/diego/Workspaces/ros2_control_diffbot_ws/install/transmission_interface/include/transmission_interface/visibility_control.h
[4.961s] -- Up-to-date symlink: /home/diego/Workspaces/ros2_control_diffbot_ws/install/transmission_interface/share/ament_index/resource_index/package_run_dependencies/transmission_interface
[4.964s] -- Up-to-date symlink: /home/diego/Workspaces/ros2_control_diffbot_ws/install/transmission_interface/share/ament_index/resource_index/parent_prefix_path/transmission_interface
[4.967s] -- Up-to-date symlink: /home/diego/Workspaces/ros2_control_diffbot_ws/install/transmission_interface/share/transmission_interface/environment/ament_prefix_path.sh
[4.969s] -- Up-to-date symlink: /home/diego/Workspaces/ros2_control_diffbot_ws/install/transmission_interface/share/transmission_interface/environment/ament_prefix_path.dsv
[4.972s] -- Up-to-date symlink: /home/diego/Workspaces/ros2_control_diffbot_ws/install/transmission_interface/share/transmission_interface/environment/path.sh
[4.974s] -- Up-to-date symlink: /home/diego/Workspaces/ros2_control_diffbot_ws/install/transmission_interface/share/transmission_interface/environment/path.dsv
[4.976s] -- Up-to-date symlink: /home/diego/Workspaces/ros2_control_diffbot_ws/install/transmission_interface/share/transmission_interface/local_setup.bash
[4.978s] -- Up-to-date symlink: /home/diego/Workspaces/ros2_control_diffbot_ws/install/transmission_interface/share/transmission_interface/local_setup.sh
[4.980s] -- Up-to-date symlink: /home/diego/Workspaces/ros2_control_diffbot_ws/install/transmission_interface/share/transmission_interface/local_setup.zsh
[4.982s] -- Up-to-date symlink: /home/diego/Workspaces/ros2_control_diffbot_ws/install/transmission_interface/share/transmission_interface/local_setup.dsv
[4.982s] -- Symlinking: /home/diego/Workspaces/ros2_control_diffbot_ws/install/transmission_interface/share/transmission_interface/package.dsv
[5.020s] -- Up-to-date symlink: /home/diego/Workspaces/ros2_control_diffbot_ws/install/transmission_interface/share/ament_index/resource_index/packages/transmission_interface
[5.022s] -- Up-to-date symlink: /home/diego/Workspaces/ros2_control_diffbot_ws/install/transmission_interface/share/transmission_interface/cmake/ament_cmake_export_include_directories-extras.cmake
[5.026s] -- Up-to-date symlink: /home/diego/Workspaces/ros2_control_diffbot_ws/install/transmission_interface/share/transmission_interface/cmake/ament_cmake_export_dependencies-extras.cmake
[5.028s] -- Up-to-date symlink: /home/diego/Workspaces/ros2_control_diffbot_ws/install/transmission_interface/share/transmission_interface/cmake/transmission_interfaceConfig.cmake
[5.031s] -- Up-to-date symlink: /home/diego/Workspaces/ros2_control_diffbot_ws/install/transmission_interface/share/transmission_interface/cmake/transmission_interfaceConfig-version.cmake
[5.034s] -- Up-to-date symlink: /home/diego/Workspaces/ros2_control_diffbot_ws/install/transmission_interface/share/transmission_interface/package.xml
[5.051s] Invoked command in '/home/diego/Workspaces/ros2_control_diffbot_ws/build/transmission_interface' returned '0': AMENT_PREFIX_PATH=/home/diego/Workspaces/ros2_control_diffbot_ws/install/hardware_interface:/home/diego/Workspaces/ros2_control_diffbot_ws/install/control_msgs:${AMENT_PREFIX_PATH} CMAKE_PREFIX_PATH=/home/diego/Workspaces/ros2_control_diffbot_ws/install/hardware_interface:/home/diego/Workspaces/ros2_control_diffbot_ws/install/control_msgs:/opt/ros/foxy LD_LIBRARY_PATH=/home/diego/Workspaces/ros2_control_diffbot_ws/install/hardware_interface/lib:/home/diego/Workspaces/ros2_control_diffbot_ws/install/control_msgs/lib:${LD_LIBRARY_PATH} PYTHONPATH=/home/diego/Workspaces/ros2_control_diffbot_ws/install/control_msgs/lib/python3.8/site-packages:${PYTHONPATH} /usr/bin/cmake --install /home/diego/Workspaces/ros2_control_diffbot_ws/build/transmission_interface
