[0.074s] Invoking command in '/home/diego/Workspaces/ros2_control_diffbot_ws/build/controller_manager': AMENT_PREFIX_PATH=/home/diego/Workspaces/ros2_control_diffbot_ws/install/controller_interface:/home/diego/Workspaces/ros2_control_diffbot_ws/install/hardware_interface:/home/diego/Workspaces/ros2_control_diffbot_ws/install/ros2_control_test_assets:/home/diego/Workspaces/ros2_control_diffbot_ws/install/controller_manager_msgs:/home/diego/Workspaces/ros2_control_diffbot_ws/install/control_msgs:${AMENT_PREFIX_PATH} CMAKE_PREFIX_PATH=/home/diego/Workspaces/ros2_control_diffbot_ws/install/controller_interface:/home/diego/Workspaces/ros2_control_diffbot_ws/install/hardware_interface:/home/diego/Workspaces/ros2_control_diffbot_ws/install/ros2_control_test_assets:/home/diego/Workspaces/ros2_control_diffbot_ws/install/controller_manager_msgs:/home/diego/Workspaces/ros2_control_diffbot_ws/install/control_msgs:/opt/ros/foxy LD_LIBRARY_PATH=/home/diego/Workspaces/ros2_control_diffbot_ws/install/controller_interface/lib:/home/diego/Workspaces/ros2_control_diffbot_ws/install/hardware_interface/lib:/home/diego/Workspaces/ros2_control_diffbot_ws/install/controller_manager_msgs/lib:/home/diego/Workspaces/ros2_control_diffbot_ws/install/control_msgs/lib:${LD_LIBRARY_PATH} PYTHONPATH=/home/diego/Workspaces/ros2_control_diffbot_ws/install/controller_manager_msgs/lib/python3.8/site-packages:/home/diego/Workspaces/ros2_control_diffbot_ws/install/control_msgs/lib/python3.8/site-packages:${PYTHONPATH} /usr/bin/cmake --build /home/diego/Workspaces/ros2_control_diffbot_ws/build/controller_manager -- -j2 -l2
[0.284s] [  8%] Built target controller_manager
[0.351s] [ 20%] Built target gmock
[0.415s] [ 28%] Built target gmock_main
[0.505s] [ 36%] Built target test_controller_with_interfaces
[0.597s] [ 44%] Built target test_controller
[0.700s] [ 52%] Built target ros2_control_node
[0.793s] [ 60%] Built target test_controller_failed_init
[0.889s] [ 68%] Built target test_release_interfaces
[0.993s] [ 76%] Built target test_controller_manager
[1.094s] [ 84%] Built target test_load_controller
[1.181s] [ 92%] Built target test_spawner_unspawner
[1.274s] [100%] Built target test_controller_manager_srvs
[1.308s] Invoked command in '/home/diego/Workspaces/ros2_control_diffbot_ws/build/controller_manager' returned '0': AMENT_PREFIX_PATH=/home/diego/Workspaces/ros2_control_diffbot_ws/install/controller_interface:/home/diego/Workspaces/ros2_control_diffbot_ws/install/hardware_interface:/home/diego/Workspaces/ros2_control_diffbot_ws/install/ros2_control_test_assets:/home/diego/Workspaces/ros2_control_diffbot_ws/install/controller_manager_msgs:/home/diego/Workspaces/ros2_control_diffbot_ws/install/control_msgs:${AMENT_PREFIX_PATH} CMAKE_PREFIX_PATH=/home/diego/Workspaces/ros2_control_diffbot_ws/install/controller_interface:/home/diego/Workspaces/ros2_control_diffbot_ws/install/hardware_interface:/home/diego/Workspaces/ros2_control_diffbot_ws/install/ros2_control_test_assets:/home/diego/Workspaces/ros2_control_diffbot_ws/install/controller_manager_msgs:/home/diego/Workspaces/ros2_control_diffbot_ws/install/control_msgs:/opt/ros/foxy LD_LIBRARY_PATH=/home/diego/Workspaces/ros2_control_diffbot_ws/install/controller_interface/lib:/home/diego/Workspaces/ros2_control_diffbot_ws/install/hardware_interface/lib:/home/diego/Workspaces/ros2_control_diffbot_ws/install/controller_manager_msgs/lib:/home/diego/Workspaces/ros2_control_diffbot_ws/install/control_msgs/lib:${LD_LIBRARY_PATH} PYTHONPATH=/home/diego/Workspaces/ros2_control_diffbot_ws/install/controller_manager_msgs/lib/python3.8/site-packages:/home/diego/Workspaces/ros2_control_diffbot_ws/install/control_msgs/lib/python3.8/site-packages:${PYTHONPATH} /usr/bin/cmake --build /home/diego/Workspaces/ros2_control_diffbot_ws/build/controller_manager -- -j2 -l2
[1.459s] Invoking command in '/home/diego/Workspaces/ros2_control_diffbot_ws/build/controller_manager': AMENT_PREFIX_PATH=/home/diego/Workspaces/ros2_control_diffbot_ws/install/controller_interface:/home/diego/Workspaces/ros2_control_diffbot_ws/install/hardware_interface:/home/diego/Workspaces/ros2_control_diffbot_ws/install/ros2_control_test_assets:/home/diego/Workspaces/ros2_control_diffbot_ws/install/controller_manager_msgs:/home/diego/Workspaces/ros2_control_diffbot_ws/install/control_msgs:${AMENT_PREFIX_PATH} CMAKE_PREFIX_PATH=/home/diego/Workspaces/ros2_control_diffbot_ws/install/controller_interface:/home/diego/Workspaces/ros2_control_diffbot_ws/install/hardware_interface:/home/diego/Workspaces/ros2_control_diffbot_ws/install/ros2_control_test_assets:/home/diego/Workspaces/ros2_control_diffbot_ws/install/controller_manager_msgs:/home/diego/Workspaces/ros2_control_diffbot_ws/install/control_msgs:/opt/ros/foxy LD_LIBRARY_PATH=/home/diego/Workspaces/ros2_control_diffbot_ws/install/controller_interface/lib:/home/diego/Workspaces/ros2_control_diffbot_ws/install/hardware_interface/lib:/home/diego/Workspaces/ros2_control_diffbot_ws/install/controller_manager_msgs/lib:/home/diego/Workspaces/ros2_control_diffbot_ws/install/control_msgs/lib:${LD_LIBRARY_PATH} PYTHONPATH=/home/diego/Workspaces/ros2_control_diffbot_ws/install/controller_manager_msgs/lib/python3.8/site-packages:/home/diego/Workspaces/ros2_control_diffbot_ws/install/control_msgs/lib/python3.8/site-packages:${PYTHONPATH} /usr/bin/cmake --install /home/diego/Workspaces/ros2_control_diffbot_ws/build/controller_manager
[1.490s] -- Install configuration: ""
[1.493s] -- Execute custom install script
[1.495s] -- Up-to-date symlink: /home/diego/Workspaces/ros2_control_diffbot_ws/install/controller_manager/lib/libcontroller_manager.so
[1.497s] -- Up-to-date symlink: /home/diego/Workspaces/ros2_control_diffbot_ws/install/controller_manager/lib/controller_manager/ros2_control_node
[1.499s] -- Up-to-date symlink: /home/diego/Workspaces/ros2_control_diffbot_ws/install/controller_manager/include/controller_manager/controller_manager.hpp
[1.501s] -- Up-to-date symlink: /home/diego/Workspaces/ros2_control_diffbot_ws/install/controller_manager/include/controller_manager/controller_spec.hpp
[1.503s] -- Up-to-date symlink: /home/diego/Workspaces/ros2_control_diffbot_ws/install/controller_manager/include/controller_manager/visibility_control.h
[1.504s] -- Up-to-date symlink: /home/diego/Workspaces/ros2_control_diffbot_ws/install/controller_manager/lib/controller_manager/spawner.py
[1.506s] -- Up-to-date symlink: /home/diego/Workspaces/ros2_control_diffbot_ws/install/controller_manager/lib/controller_manager/unspawner.py
[1.507s] -- Up-to-date symlink: /home/diego/Workspaces/ros2_control_diffbot_ws/install/controller_manager/share/controller_manager/test/test_controller/test_controller.xml
[1.509s] -- Up-to-date symlink: /home/diego/Workspaces/ros2_control_diffbot_ws/install/controller_manager/lib/libtest_controller.so
[1.511s] -- Up-to-date symlink: /home/diego/Workspaces/ros2_control_diffbot_ws/install/controller_manager/share/controller_manager/test/test_controller_failed_init/test_controller_failed_init.xml
[1.513s] -- Up-to-date symlink: /home/diego/Workspaces/ros2_control_diffbot_ws/install/controller_manager/lib/libtest_controller_failed_init.so
[1.515s] -- Up-to-date symlink: /home/diego/Workspaces/ros2_control_diffbot_ws/install/controller_manager/share/controller_manager/test/test_controller_with_interfaces/test_controller_with_interfaces.xml
[1.518s] -- Up-to-date symlink: /home/diego/Workspaces/ros2_control_diffbot_ws/install/controller_manager/lib/libtest_controller_with_interfaces.so
[1.520s] -- Up-to-date symlink: /home/diego/Workspaces/ros2_control_diffbot_ws/install/controller_manager/share/controller_manager/environment/pythonpath.sh
[1.521s] -- Up-to-date symlink: /home/diego/Workspaces/ros2_control_diffbot_ws/install/controller_manager/share/controller_manager/environment/pythonpath.dsv
[1.525s] -- Up-to-date symlink: /home/diego/Workspaces/ros2_control_diffbot_ws/install/controller_manager/lib/python3.8/site-packages/controller_manager/__init__.py
[1.526s] -- Up-to-date symlink: /home/diego/Workspaces/ros2_control_diffbot_ws/install/controller_manager/lib/python3.8/site-packages/controller_manager/controller_manager_services.py
[1.527s] -- Up-to-date symlink: /home/diego/Workspaces/ros2_control_diffbot_ws/install/controller_manager/lib/python3.8/site-packages/controller_manager/launch_utils.py
[1.528s] -- Up-to-date symlink: /home/diego/Workspaces/ros2_control_diffbot_ws/install/controller_manager/share/controller_manager/environment/library_path.sh
[1.530s] -- Up-to-date symlink: /home/diego/Workspaces/ros2_control_diffbot_ws/install/controller_manager/share/controller_manager/environment/library_path.dsv
[1.533s] -- Up-to-date symlink: /home/diego/Workspaces/ros2_control_diffbot_ws/install/controller_manager/share/ament_index/resource_index/package_run_dependencies/controller_manager
[1.534s] -- Up-to-date symlink: /home/diego/Workspaces/ros2_control_diffbot_ws/install/controller_manager/share/ament_index/resource_index/parent_prefix_path/controller_manager
[1.536s] -- Up-to-date symlink: /home/diego/Workspaces/ros2_control_diffbot_ws/install/controller_manager/share/controller_manager/environment/ament_prefix_path.sh
[1.538s] -- Up-to-date symlink: /home/diego/Workspaces/ros2_control_diffbot_ws/install/controller_manager/share/controller_manager/environment/ament_prefix_path.dsv
[1.540s] -- Up-to-date symlink: /home/diego/Workspaces/ros2_control_diffbot_ws/install/controller_manager/share/controller_manager/environment/path.sh
[1.542s] -- Up-to-date symlink: /home/diego/Workspaces/ros2_control_diffbot_ws/install/controller_manager/share/controller_manager/environment/path.dsv
[1.543s] -- Up-to-date symlink: /home/diego/Workspaces/ros2_control_diffbot_ws/install/controller_manager/share/controller_manager/local_setup.bash
[1.546s] -- Up-to-date symlink: /home/diego/Workspaces/ros2_control_diffbot_ws/install/controller_manager/share/controller_manager/local_setup.sh
[1.547s] -- Up-to-date symlink: /home/diego/Workspaces/ros2_control_diffbot_ws/install/controller_manager/share/controller_manager/local_setup.zsh
[1.548s] -- Up-to-date symlink: /home/diego/Workspaces/ros2_control_diffbot_ws/install/controller_manager/share/controller_manager/local_setup.dsv
[1.550s] -- Symlinking: /home/diego/Workspaces/ros2_control_diffbot_ws/install/controller_manager/share/controller_manager/package.dsv
[1.574s] -- Up-to-date symlink: /home/diego/Workspaces/ros2_control_diffbot_ws/install/controller_manager/share/ament_index/resource_index/packages/controller_manager
[1.576s] -- Up-to-date symlink: /home/diego/Workspaces/ros2_control_diffbot_ws/install/controller_manager/share/ament_index/resource_index/controller_interface__pluginlib__plugin/controller_manager
[1.578s] -- Up-to-date symlink: /home/diego/Workspaces/ros2_control_diffbot_ws/install/controller_manager/share/controller_manager/cmake/ament_cmake_export_libraries-extras.cmake
[1.579s] -- Up-to-date symlink: /home/diego/Workspaces/ros2_control_diffbot_ws/install/controller_manager/share/controller_manager/cmake/ament_cmake_export_include_directories-extras.cmake
[1.580s] -- Up-to-date symlink: /home/diego/Workspaces/ros2_control_diffbot_ws/install/controller_manager/share/controller_manager/cmake/ament_cmake_export_dependencies-extras.cmake
[1.582s] -- Up-to-date symlink: /home/diego/Workspaces/ros2_control_diffbot_ws/install/controller_manager/share/controller_manager/cmake/controller_managerConfig.cmake
[1.584s] -- Up-to-date symlink: /home/diego/Workspaces/ros2_control_diffbot_ws/install/controller_manager/share/controller_manager/cmake/controller_managerConfig-version.cmake
[1.585s] -- Up-to-date symlink: /home/diego/Workspaces/ros2_control_diffbot_ws/install/controller_manager/share/controller_manager/package.xml
[1.689s] Listing '/home/diego/Workspaces/ros2_control_diffbot_ws/install/controller_manager/lib/python3.8/site-packages/controller_manager'...
[1.717s] Invoked command in '/home/diego/Workspaces/ros2_control_diffbot_ws/build/controller_manager' returned '0': AMENT_PREFIX_PATH=/home/diego/Workspaces/ros2_control_diffbot_ws/install/controller_interface:/home/diego/Workspaces/ros2_control_diffbot_ws/install/hardware_interface:/home/diego/Workspaces/ros2_control_diffbot_ws/install/ros2_control_test_assets:/home/diego/Workspaces/ros2_control_diffbot_ws/install/controller_manager_msgs:/home/diego/Workspaces/ros2_control_diffbot_ws/install/control_msgs:${AMENT_PREFIX_PATH} CMAKE_PREFIX_PATH=/home/diego/Workspaces/ros2_control_diffbot_ws/install/controller_interface:/home/diego/Workspaces/ros2_control_diffbot_ws/install/hardware_interface:/home/diego/Workspaces/ros2_control_diffbot_ws/install/ros2_control_test_assets:/home/diego/Workspaces/ros2_control_diffbot_ws/install/controller_manager_msgs:/home/diego/Workspaces/ros2_control_diffbot_ws/install/control_msgs:/opt/ros/foxy LD_LIBRARY_PATH=/home/diego/Workspaces/ros2_control_diffbot_ws/install/controller_interface/lib:/home/diego/Workspaces/ros2_control_diffbot_ws/install/hardware_interface/lib:/home/diego/Workspaces/ros2_control_diffbot_ws/install/controller_manager_msgs/lib:/home/diego/Workspaces/ros2_control_diffbot_ws/install/control_msgs/lib:${LD_LIBRARY_PATH} PYTHONPATH=/home/diego/Workspaces/ros2_control_diffbot_ws/install/controller_manager_msgs/lib/python3.8/site-packages:/home/diego/Workspaces/ros2_control_diffbot_ws/install/control_msgs/lib/python3.8/site-packages:${PYTHONPATH} /usr/bin/cmake --install /home/diego/Workspaces/ros2_control_diffbot_ws/build/controller_manager
