[0.218s] Invoking command in '/home/diego/Workspaces/ros2_control_diffbot_ws/build/joint_state_broadcaster': AMENT_PREFIX_PATH=/home/diego/Workspaces/ros2_control_diffbot_ws/install/controller_manager:/home/diego/Workspaces/ros2_control_diffbot_ws/install/controller_interface:/home/diego/Workspaces/ros2_control_diffbot_ws/install/hardware_interface:/home/diego/Workspaces/ros2_control_diffbot_ws/install/ros2_control_test_assets:/home/diego/Workspaces/ros2_control_diffbot_ws/install/realtime_tools:/home/diego/Workspaces/ros2_control_diffbot_ws/install/controller_manager_msgs:/home/diego/Workspaces/ros2_control_diffbot_ws/install/control_msgs:${AMENT_PREFIX_PATH} CMAKE_PREFIX_PATH=/home/diego/Workspaces/ros2_control_diffbot_ws/install/controller_manager:/home/diego/Workspaces/ros2_control_diffbot_ws/install/controller_interface:/home/diego/Workspaces/ros2_control_diffbot_ws/install/hardware_interface:/home/diego/Workspaces/ros2_control_diffbot_ws/install/ros2_control_test_assets:/home/diego/Workspaces/ros2_control_diffbot_ws/install/realtime_tools:/home/diego/Workspaces/ros2_control_diffbot_ws/install/controller_manager_msgs:/home/diego/Workspaces/ros2_control_diffbot_ws/install/control_msgs:/opt/ros/foxy LD_LIBRARY_PATH=/home/diego/Workspaces/ros2_control_diffbot_ws/install/controller_manager/lib:/home/diego/Workspaces/ros2_control_diffbot_ws/install/controller_interface/lib:/home/diego/Workspaces/ros2_control_diffbot_ws/install/hardware_interface/lib:/home/diego/Workspaces/ros2_control_diffbot_ws/install/realtime_tools/lib:/home/diego/Workspaces/ros2_control_diffbot_ws/install/controller_manager_msgs/lib:/home/diego/Workspaces/ros2_control_diffbot_ws/install/control_msgs/lib:${LD_LIBRARY_PATH} PYTHONPATH=/home/diego/Workspaces/ros2_control_diffbot_ws/install/controller_manager/lib/python3.8/site-packages:/home/diego/Workspaces/ros2_control_diffbot_ws/install/controller_manager_msgs/lib/python3.8/site-packages:/home/diego/Workspaces/ros2_control_diffbot_ws/install/control_msgs/lib/python3.8/site-packages:${PYTHONPATH} /usr/bin/cmake /home/diego/Workspaces/ros2_control_diffbot_ws/src/ros2_controllers/joint_state_broadcaster -DAMENT_CMAKE_SYMLINK_INSTALL=1 -DCMAKE_INSTALL_PREFIX=/home/diego/Workspaces/ros2_control_diffbot_ws/install/joint_state_broadcaster
[0.473s] -- The C compiler identification is GNU 9.4.0
[0.941s] -- The CXX compiler identification is GNU 9.4.0
[0.955s] -- Check for working C compiler: /usr/bin/cc
[1.164s] -- Check for working C compiler: /usr/bin/cc -- works
[1.166s] -- Detecting C compiler ABI info
[1.444s] -- Detecting C compiler ABI info - done
[1.502s] -- Detecting C compile features
[1.504s] -- Detecting C compile features - done
[1.522s] -- Check for working CXX compiler: /usr/bin/c++
[1.761s] -- Check for working CXX compiler: /usr/bin/c++ -- works
[1.766s] -- Detecting CXX compiler ABI info
[1.986s] -- Detecting CXX compiler ABI info - done
[2.019s] -- Detecting CXX compile features
[2.022s] -- Detecting CXX compile features - done
[2.033s] -- Found ament_cmake: 0.9.9 (/opt/ros/foxy/share/ament_cmake/cmake)
[2.119s] -- Found PythonInterp: /usr/bin/python3 (found suitable version "3.8.10", minimum required is "3") 
[2.121s] -- Using PYTHON_EXECUTABLE: /usr/bin/python3
[2.784s] -- Override CMake install command with custom implementation using symlinks instead of copying resources
[2.858s] -- Found control_msgs: 2.5.1 (/home/diego/Workspaces/ros2_control_diffbot_ws/install/control_msgs/share/control_msgs/cmake)
[2.953s] -- Using all available rosidl_typesupport_c: rosidl_typesupport_fastrtps_c;rosidl_typesupport_introspection_c
[2.974s] -- Found rosidl_adapter: 1.2.1 (/opt/ros/foxy/share/rosidl_adapter/cmake)
[3.196s] -- Found OpenSSL: /usr/lib/x86_64-linux-gnu/libcrypto.so (found version "1.1.1f")  
[3.269s] -- Found FastRTPS: /opt/ros/foxy/include  
[3.476s] -- Using all available rosidl_typesupport_cpp: rosidl_typesupport_fastrtps_cpp;rosidl_typesupport_introspection_cpp
[4.692s] -- Found controller_interface: 0.10.1 (/home/diego/Workspaces/ros2_control_diffbot_ws/install/controller_interface/share/controller_interface/cmake)
[5.007s] -- Found rmw_implementation_cmake: 1.0.3 (/opt/ros/foxy/share/rmw_implementation_cmake/cmake)
[5.012s] -- Using RMW implementation 'rmw_fastrtps_cpp' as default
[5.015s] -- Looking for pthread.h
[5.213s] -- Looking for pthread.h - found
[5.215s] -- Performing Test CMAKE_HAVE_LIBC_PTHREAD
[5.432s] -- Performing Test CMAKE_HAVE_LIBC_PTHREAD - Failed
[5.433s] -- Looking for pthread_create in pthreads
[5.587s] -- Looking for pthread_create in pthreads - not found
[5.588s] -- Looking for pthread_create in pthread
[5.781s] -- Looking for pthread_create in pthread - found
[5.785s] -- Found Threads: TRUE  
[6.536s] -- Found realtime_tools: 2.2.0 (/home/diego/Workspaces/ros2_control_diffbot_ws/install/realtime_tools/share/realtime_tools/cmake)
[6.726s] -- Found ament_cmake_gmock: 0.9.9 (/opt/ros/foxy/share/ament_cmake_gmock/cmake)
[6.729s] -- Found controller_manager: 0.10.1 (/home/diego/Workspaces/ros2_control_diffbot_ws/install/controller_manager/share/controller_manager/cmake)
[6.893s] -- Found ros2_control_test_assets: 0.10.1 (/home/diego/Workspaces/ros2_control_diffbot_ws/install/ros2_control_test_assets/share/ros2_control_test_assets/cmake)
[6.903s] -- Found gmock sources under '/opt/ros/foxy/src/gmock_vendor': C++ tests using 'Google Mock' will be built
[6.915s] -- Found ament_cmake_gtest: 0.9.9 (/opt/ros/foxy/share/ament_cmake_gtest/cmake)
[6.918s] -- Found gtest sources under '/opt/ros/foxy/src/gtest_vendor': C++ tests using 'Google Test' will be built
[7.353s] -- Configuring done
[7.523s] -- Generating done
[7.531s] -- Build files have been written to: /home/diego/Workspaces/ros2_control_diffbot_ws/build/joint_state_broadcaster
[7.560s] Invoked command in '/home/diego/Workspaces/ros2_control_diffbot_ws/build/joint_state_broadcaster' returned '0': AMENT_PREFIX_PATH=/home/diego/Workspaces/ros2_control_diffbot_ws/install/controller_manager:/home/diego/Workspaces/ros2_control_diffbot_ws/install/controller_interface:/home/diego/Workspaces/ros2_control_diffbot_ws/install/hardware_interface:/home/diego/Workspaces/ros2_control_diffbot_ws/install/ros2_control_test_assets:/home/diego/Workspaces/ros2_control_diffbot_ws/install/realtime_tools:/home/diego/Workspaces/ros2_control_diffbot_ws/install/controller_manager_msgs:/home/diego/Workspaces/ros2_control_diffbot_ws/install/control_msgs:${AMENT_PREFIX_PATH} CMAKE_PREFIX_PATH=/home/diego/Workspaces/ros2_control_diffbot_ws/install/controller_manager:/home/diego/Workspaces/ros2_control_diffbot_ws/install/controller_interface:/home/diego/Workspaces/ros2_control_diffbot_ws/install/hardware_interface:/home/diego/Workspaces/ros2_control_diffbot_ws/install/ros2_control_test_assets:/home/diego/Workspaces/ros2_control_diffbot_ws/install/realtime_tools:/home/diego/Workspaces/ros2_control_diffbot_ws/install/controller_manager_msgs:/home/diego/Workspaces/ros2_control_diffbot_ws/install/control_msgs:/opt/ros/foxy LD_LIBRARY_PATH=/home/diego/Workspaces/ros2_control_diffbot_ws/install/controller_manager/lib:/home/diego/Workspaces/ros2_control_diffbot_ws/install/controller_interface/lib:/home/diego/Workspaces/ros2_control_diffbot_ws/install/hardware_interface/lib:/home/diego/Workspaces/ros2_control_diffbot_ws/install/realtime_tools/lib:/home/diego/Workspaces/ros2_control_diffbot_ws/install/controller_manager_msgs/lib:/home/diego/Workspaces/ros2_control_diffbot_ws/install/control_msgs/lib:${LD_LIBRARY_PATH} PYTHONPATH=/home/diego/Workspaces/ros2_control_diffbot_ws/install/controller_manager/lib/python3.8/site-packages:/home/diego/Workspaces/ros2_control_diffbot_ws/install/controller_manager_msgs/lib/python3.8/site-packages:/home/diego/Workspaces/ros2_control_diffbot_ws/install/control_msgs/lib/python3.8/site-packages:${PYTHONPATH} /usr/bin/cmake /home/diego/Workspaces/ros2_control_diffbot_ws/src/ros2_controllers/joint_state_broadcaster -DAMENT_CMAKE_SYMLINK_INSTALL=1 -DCMAKE_INSTALL_PREFIX=/home/diego/Workspaces/ros2_control_diffbot_ws/install/joint_state_broadcaster
[7.569s] Invoking command in '/home/diego/Workspaces/ros2_control_diffbot_ws/build/joint_state_broadcaster': AMENT_PREFIX_PATH=/home/diego/Workspaces/ros2_control_diffbot_ws/install/controller_manager:/home/diego/Workspaces/ros2_control_diffbot_ws/install/controller_interface:/home/diego/Workspaces/ros2_control_diffbot_ws/install/hardware_interface:/home/diego/Workspaces/ros2_control_diffbot_ws/install/ros2_control_test_assets:/home/diego/Workspaces/ros2_control_diffbot_ws/install/realtime_tools:/home/diego/Workspaces/ros2_control_diffbot_ws/install/controller_manager_msgs:/home/diego/Workspaces/ros2_control_diffbot_ws/install/control_msgs:${AMENT_PREFIX_PATH} CMAKE_PREFIX_PATH=/home/diego/Workspaces/ros2_control_diffbot_ws/install/controller_manager:/home/diego/Workspaces/ros2_control_diffbot_ws/install/controller_interface:/home/diego/Workspaces/ros2_control_diffbot_ws/install/hardware_interface:/home/diego/Workspaces/ros2_control_diffbot_ws/install/ros2_control_test_assets:/home/diego/Workspaces/ros2_control_diffbot_ws/install/realtime_tools:/home/diego/Workspaces/ros2_control_diffbot_ws/install/controller_manager_msgs:/home/diego/Workspaces/ros2_control_diffbot_ws/install/control_msgs:/opt/ros/foxy LD_LIBRARY_PATH=/home/diego/Workspaces/ros2_control_diffbot_ws/install/controller_manager/lib:/home/diego/Workspaces/ros2_control_diffbot_ws/install/controller_interface/lib:/home/diego/Workspaces/ros2_control_diffbot_ws/install/hardware_interface/lib:/home/diego/Workspaces/ros2_control_diffbot_ws/install/realtime_tools/lib:/home/diego/Workspaces/ros2_control_diffbot_ws/install/controller_manager_msgs/lib:/home/diego/Workspaces/ros2_control_diffbot_ws/install/control_msgs/lib:${LD_LIBRARY_PATH} PYTHONPATH=/home/diego/Workspaces/ros2_control_diffbot_ws/install/controller_manager/lib/python3.8/site-packages:/home/diego/Workspaces/ros2_control_diffbot_ws/install/controller_manager_msgs/lib/python3.8/site-packages:/home/diego/Workspaces/ros2_control_diffbot_ws/install/control_msgs/lib/python3.8/site-packages:${PYTHONPATH} /usr/bin/cmake --build /home/diego/Workspaces/ros2_control_diffbot_ws/build/joint_state_broadcaster -- -j2 -l2
[7.675s] [35m[1mScanning dependencies of target gmock[0m
[7.764s] [  9%] [32mBuilding CXX object gmock/CMakeFiles/gmock.dir/opt/ros/foxy/src/gtest_vendor/src/gtest-all.cc.o[0m
[19.726s] [ 18%] [32mBuilding CXX object gmock/CMakeFiles/gmock.dir/src/gmock-all.cc.o[0m
[25.810s] [ 27%] [32m[1mLinking CXX static library libgmock.a[0m
[25.979s] [ 27%] Built target gmock
[26.008s] [35m[1mScanning dependencies of target gmock_main[0m
[26.056s] [ 36%] [32mBuilding CXX object gmock/CMakeFiles/gmock_main.dir/src/gmock_main.cc.o[0m
[28.899s] [ 45%] [32m[1mLinking CXX static library libgmock_main.a[0m
[28.991s] [ 45%] Built target gmock_main
[29.022s] [35m[1mScanning dependencies of target joint_state_broadcaster[0m
[29.153s] [ 54%] [32mBuilding CXX object CMakeFiles/joint_state_broadcaster.dir/src/joint_state_broadcaster.cpp.o[0m
[44.153s] [ 63%] [32m[1mLinking CXX shared library libjoint_state_broadcaster.so[0m
[45.359s] [ 63%] Built target joint_state_broadcaster
[45.422s] [35m[1mScanning dependencies of target test_load_joint_state_broadcaster[0m
[45.677s] [ 72%] [32mBuilding CXX object CMakeFiles/test_load_joint_state_broadcaster.dir/test/test_load_joint_state_broadcaster.cpp.o[0m
[60.821s] [ 81%] [32m[1mLinking CXX executable test_load_joint_state_broadcaster[0m
[62.644s] [ 81%] Built target test_load_joint_state_broadcaster
[62.672s] [35m[1mScanning dependencies of target test_joint_state_broadcaster[0m
[62.793s] [ 90%] [32mBuilding CXX object CMakeFiles/test_joint_state_broadcaster.dir/test/test_joint_state_broadcaster.cpp.o[0m
[99.851s] [100%] [32m[1mLinking CXX executable test_joint_state_broadcaster[0m
[102.685s] [100%] Built target test_joint_state_broadcaster
[102.720s] Invoked command in '/home/diego/Workspaces/ros2_control_diffbot_ws/build/joint_state_broadcaster' returned '0': AMENT_PREFIX_PATH=/home/diego/Workspaces/ros2_control_diffbot_ws/install/controller_manager:/home/diego/Workspaces/ros2_control_diffbot_ws/install/controller_interface:/home/diego/Workspaces/ros2_control_diffbot_ws/install/hardware_interface:/home/diego/Workspaces/ros2_control_diffbot_ws/install/ros2_control_test_assets:/home/diego/Workspaces/ros2_control_diffbot_ws/install/realtime_tools:/home/diego/Workspaces/ros2_control_diffbot_ws/install/controller_manager_msgs:/home/diego/Workspaces/ros2_control_diffbot_ws/install/control_msgs:${AMENT_PREFIX_PATH} CMAKE_PREFIX_PATH=/home/diego/Workspaces/ros2_control_diffbot_ws/install/controller_manager:/home/diego/Workspaces/ros2_control_diffbot_ws/install/controller_interface:/home/diego/Workspaces/ros2_control_diffbot_ws/install/hardware_interface:/home/diego/Workspaces/ros2_control_diffbot_ws/install/ros2_control_test_assets:/home/diego/Workspaces/ros2_control_diffbot_ws/install/realtime_tools:/home/diego/Workspaces/ros2_control_diffbot_ws/install/controller_manager_msgs:/home/diego/Workspaces/ros2_control_diffbot_ws/install/control_msgs:/opt/ros/foxy LD_LIBRARY_PATH=/home/diego/Workspaces/ros2_control_diffbot_ws/install/controller_manager/lib:/home/diego/Workspaces/ros2_control_diffbot_ws/install/controller_interface/lib:/home/diego/Workspaces/ros2_control_diffbot_ws/install/hardware_interface/lib:/home/diego/Workspaces/ros2_control_diffbot_ws/install/realtime_tools/lib:/home/diego/Workspaces/ros2_control_diffbot_ws/install/controller_manager_msgs/lib:/home/diego/Workspaces/ros2_control_diffbot_ws/install/control_msgs/lib:${LD_LIBRARY_PATH} PYTHONPATH=/home/diego/Workspaces/ros2_control_diffbot_ws/install/controller_manager/lib/python3.8/site-packages:/home/diego/Workspaces/ros2_control_diffbot_ws/install/controller_manager_msgs/lib/python3.8/site-packages:/home/diego/Workspaces/ros2_control_diffbot_ws/install/control_msgs/lib/python3.8/site-packages:${PYTHONPATH} /usr/bin/cmake --build /home/diego/Workspaces/ros2_control_diffbot_ws/build/joint_state_broadcaster -- -j2 -l2
[102.813s] Invoking command in '/home/diego/Workspaces/ros2_control_diffbot_ws/build/joint_state_broadcaster': AMENT_PREFIX_PATH=/home/diego/Workspaces/ros2_control_diffbot_ws/install/controller_manager:/home/diego/Workspaces/ros2_control_diffbot_ws/install/controller_interface:/home/diego/Workspaces/ros2_control_diffbot_ws/install/hardware_interface:/home/diego/Workspaces/ros2_control_diffbot_ws/install/ros2_control_test_assets:/home/diego/Workspaces/ros2_control_diffbot_ws/install/realtime_tools:/home/diego/Workspaces/ros2_control_diffbot_ws/install/controller_manager_msgs:/home/diego/Workspaces/ros2_control_diffbot_ws/install/control_msgs:${AMENT_PREFIX_PATH} CMAKE_PREFIX_PATH=/home/diego/Workspaces/ros2_control_diffbot_ws/install/controller_manager:/home/diego/Workspaces/ros2_control_diffbot_ws/install/controller_interface:/home/diego/Workspaces/ros2_control_diffbot_ws/install/hardware_interface:/home/diego/Workspaces/ros2_control_diffbot_ws/install/ros2_control_test_assets:/home/diego/Workspaces/ros2_control_diffbot_ws/install/realtime_tools:/home/diego/Workspaces/ros2_control_diffbot_ws/install/controller_manager_msgs:/home/diego/Workspaces/ros2_control_diffbot_ws/install/control_msgs:/opt/ros/foxy LD_LIBRARY_PATH=/home/diego/Workspaces/ros2_control_diffbot_ws/install/controller_manager/lib:/home/diego/Workspaces/ros2_control_diffbot_ws/install/controller_interface/lib:/home/diego/Workspaces/ros2_control_diffbot_ws/install/hardware_interface/lib:/home/diego/Workspaces/ros2_control_diffbot_ws/install/realtime_tools/lib:/home/diego/Workspaces/ros2_control_diffbot_ws/install/controller_manager_msgs/lib:/home/diego/Workspaces/ros2_control_diffbot_ws/install/control_msgs/lib:${LD_LIBRARY_PATH} PYTHONPATH=/home/diego/Workspaces/ros2_control_diffbot_ws/install/controller_manager/lib/python3.8/site-packages:/home/diego/Workspaces/ros2_control_diffbot_ws/install/controller_manager_msgs/lib/python3.8/site-packages:/home/diego/Workspaces/ros2_control_diffbot_ws/install/control_msgs/lib/python3.8/site-packages:${PYTHONPATH} /usr/bin/cmake --install /home/diego/Workspaces/ros2_control_diffbot_ws/build/joint_state_broadcaster
[102.849s] -- Install configuration: ""
[102.851s] -- Execute custom install script
[102.852s] -- Symlinking: /home/diego/Workspaces/ros2_control_diffbot_ws/install/joint_state_broadcaster/share/joint_state_broadcaster//joint_state_plugin.xml
[102.879s] -- Symlinking: /home/diego/Workspaces/ros2_control_diffbot_ws/install/joint_state_broadcaster/include/joint_state_broadcaster/joint_state_broadcaster.hpp
[102.903s] -- Symlinking: /home/diego/Workspaces/ros2_control_diffbot_ws/install/joint_state_broadcaster/include/joint_state_broadcaster/visibility_control.h
[102.933s] -- Symlinking: /home/diego/Workspaces/ros2_control_diffbot_ws/install/joint_state_broadcaster/lib/libjoint_state_broadcaster.so
[102.962s] -- Symlinking: /home/diego/Workspaces/ros2_control_diffbot_ws/install/joint_state_broadcaster/share/joint_state_broadcaster/environment/library_path.sh
[102.993s] -- Symlinking: /home/diego/Workspaces/ros2_control_diffbot_ws/install/joint_state_broadcaster/share/joint_state_broadcaster/environment/library_path.dsv
[103.019s] -- Symlinking: /home/diego/Workspaces/ros2_control_diffbot_ws/install/joint_state_broadcaster/share/ament_index/resource_index/package_run_dependencies/joint_state_broadcaster
[103.044s] -- Symlinking: /home/diego/Workspaces/ros2_control_diffbot_ws/install/joint_state_broadcaster/share/ament_index/resource_index/parent_prefix_path/joint_state_broadcaster
[103.069s] -- Symlinking: /home/diego/Workspaces/ros2_control_diffbot_ws/install/joint_state_broadcaster/share/joint_state_broadcaster/environment/ament_prefix_path.sh
[103.095s] -- Symlinking: /home/diego/Workspaces/ros2_control_diffbot_ws/install/joint_state_broadcaster/share/joint_state_broadcaster/environment/ament_prefix_path.dsv
[103.117s] -- Symlinking: /home/diego/Workspaces/ros2_control_diffbot_ws/install/joint_state_broadcaster/share/joint_state_broadcaster/environment/path.sh
[103.141s] -- Symlinking: /home/diego/Workspaces/ros2_control_diffbot_ws/install/joint_state_broadcaster/share/joint_state_broadcaster/environment/path.dsv
[103.167s] -- Symlinking: /home/diego/Workspaces/ros2_control_diffbot_ws/install/joint_state_broadcaster/share/joint_state_broadcaster/local_setup.bash
[103.191s] -- Symlinking: /home/diego/Workspaces/ros2_control_diffbot_ws/install/joint_state_broadcaster/share/joint_state_broadcaster/local_setup.sh
[103.216s] -- Symlinking: /home/diego/Workspaces/ros2_control_diffbot_ws/install/joint_state_broadcaster/share/joint_state_broadcaster/local_setup.zsh
[103.239s] -- Symlinking: /home/diego/Workspaces/ros2_control_diffbot_ws/install/joint_state_broadcaster/share/joint_state_broadcaster/local_setup.dsv
[103.265s] -- Symlinking: /home/diego/Workspaces/ros2_control_diffbot_ws/install/joint_state_broadcaster/share/joint_state_broadcaster/package.dsv
[103.291s] -- Symlinking: /home/diego/Workspaces/ros2_control_diffbot_ws/install/joint_state_broadcaster/share/ament_index/resource_index/packages/joint_state_broadcaster
[103.322s] -- Symlinking: /home/diego/Workspaces/ros2_control_diffbot_ws/install/joint_state_broadcaster/share/ament_index/resource_index/controller_interface__pluginlib__plugin/joint_state_broadcaster
[103.346s] -- Symlinking: /home/diego/Workspaces/ros2_control_diffbot_ws/install/joint_state_broadcaster/share/joint_state_broadcaster/cmake/ament_cmake_export_dependencies-extras.cmake
[103.374s] -- Symlinking: /home/diego/Workspaces/ros2_control_diffbot_ws/install/joint_state_broadcaster/share/joint_state_broadcaster/cmake/ament_cmake_export_include_directories-extras.cmake
[103.398s] -- Symlinking: /home/diego/Workspaces/ros2_control_diffbot_ws/install/joint_state_broadcaster/share/joint_state_broadcaster/cmake/ament_cmake_export_libraries-extras.cmake
[103.420s] -- Symlinking: /home/diego/Workspaces/ros2_control_diffbot_ws/install/joint_state_broadcaster/share/joint_state_broadcaster/cmake/joint_state_broadcasterConfig.cmake
[103.445s] -- Symlinking: /home/diego/Workspaces/ros2_control_diffbot_ws/install/joint_state_broadcaster/share/joint_state_broadcaster/cmake/joint_state_broadcasterConfig-version.cmake
[103.484s] -- Symlinking: /home/diego/Workspaces/ros2_control_diffbot_ws/install/joint_state_broadcaster/share/joint_state_broadcaster/package.xml
[103.536s] Invoked command in '/home/diego/Workspaces/ros2_control_diffbot_ws/build/joint_state_broadcaster' returned '0': AMENT_PREFIX_PATH=/home/diego/Workspaces/ros2_control_diffbot_ws/install/controller_manager:/home/diego/Workspaces/ros2_control_diffbot_ws/install/controller_interface:/home/diego/Workspaces/ros2_control_diffbot_ws/install/hardware_interface:/home/diego/Workspaces/ros2_control_diffbot_ws/install/ros2_control_test_assets:/home/diego/Workspaces/ros2_control_diffbot_ws/install/realtime_tools:/home/diego/Workspaces/ros2_control_diffbot_ws/install/controller_manager_msgs:/home/diego/Workspaces/ros2_control_diffbot_ws/install/control_msgs:${AMENT_PREFIX_PATH} CMAKE_PREFIX_PATH=/home/diego/Workspaces/ros2_control_diffbot_ws/install/controller_manager:/home/diego/Workspaces/ros2_control_diffbot_ws/install/controller_interface:/home/diego/Workspaces/ros2_control_diffbot_ws/install/hardware_interface:/home/diego/Workspaces/ros2_control_diffbot_ws/install/ros2_control_test_assets:/home/diego/Workspaces/ros2_control_diffbot_ws/install/realtime_tools:/home/diego/Workspaces/ros2_control_diffbot_ws/install/controller_manager_msgs:/home/diego/Workspaces/ros2_control_diffbot_ws/install/control_msgs:/opt/ros/foxy LD_LIBRARY_PATH=/home/diego/Workspaces/ros2_control_diffbot_ws/install/controller_manager/lib:/home/diego/Workspaces/ros2_control_diffbot_ws/install/controller_interface/lib:/home/diego/Workspaces/ros2_control_diffbot_ws/install/hardware_interface/lib:/home/diego/Workspaces/ros2_control_diffbot_ws/install/realtime_tools/lib:/home/diego/Workspaces/ros2_control_diffbot_ws/install/controller_manager_msgs/lib:/home/diego/Workspaces/ros2_control_diffbot_ws/install/control_msgs/lib:${LD_LIBRARY_PATH} PYTHONPATH=/home/diego/Workspaces/ros2_control_diffbot_ws/install/controller_manager/lib/python3.8/site-packages:/home/diego/Workspaces/ros2_control_diffbot_ws/install/controller_manager_msgs/lib/python3.8/site-packages:/home/diego/Workspaces/ros2_control_diffbot_ws/install/control_msgs/lib/python3.8/site-packages:${PYTHONPATH} /usr/bin/cmake --install /home/diego/Workspaces/ros2_control_diffbot_ws/build/joint_state_broadcaster
