[0.091s] Invoking command in '/home/diego/Workspaces/ros2_control_diffbot_ws/build/rrbot_description': CMAKE_PREFIX_PATH=/opt/ros/foxy /usr/bin/cmake --build /home/diego/Workspaces/ros2_control_diffbot_ws/build/rrbot_description -- -j2 -l2
[0.462s] Invoked command in '/home/diego/Workspaces/ros2_control_diffbot_ws/build/rrbot_description' returned '0': CMAKE_PREFIX_PATH=/opt/ros/foxy /usr/bin/cmake --build /home/diego/Workspaces/ros2_control_diffbot_ws/build/rrbot_description -- -j2 -l2
[0.691s] Invoking command in '/home/diego/Workspaces/ros2_control_diffbot_ws/build/rrbot_description': CMAKE_PREFIX_PATH=/opt/ros/foxy /usr/bin/cmake --install /home/diego/Workspaces/ros2_control_diffbot_ws/build/rrbot_description
[0.769s] -- Install configuration: ""
[0.780s] -- Execute custom install script
[0.792s] -- Up-to-date symlink: /home/diego/Workspaces/ros2_control_diffbot_ws/install/rrbot_description/share/rrbot_description/config/rrbot.rviz
[0.803s] -- Up-to-date symlink: /home/diego/Workspaces/ros2_control_diffbot_ws/install/rrbot_description/share/rrbot_description/gazebo/rrbot.gazebo.xacro
[0.808s] -- Up-to-date symlink: /home/diego/Workspaces/ros2_control_diffbot_ws/install/rrbot_description/share/rrbot_description/gazebo/rrbot.materials.xacro
[0.819s] -- Up-to-date symlink: /home/diego/Workspaces/ros2_control_diffbot_ws/install/rrbot_description/share/rrbot_description/meshes/hokuyo.dae
[0.824s] -- Up-to-date symlink: /home/diego/Workspaces/ros2_control_diffbot_ws/install/rrbot_description/share/rrbot_description/launch/view_robot.launch.py
[0.849s] -- Up-to-date symlink: /home/diego/Workspaces/ros2_control_diffbot_ws/install/rrbot_description/share/rrbot_description/ros2_control/rrbot.ros2_control.xacro
[0.921s] -- Up-to-date symlink: /home/diego/Workspaces/ros2_control_diffbot_ws/install/rrbot_description/share/rrbot_description/ros2_control/rrbot_system_multi_interface.ros2_control.xacro
[0.921s] -- Up-to-date symlink: /home/diego/Workspaces/ros2_control_diffbot_ws/install/rrbot_description/share/rrbot_description/ros2_control/rrbot_system_position_only.ros2_control.xacro
[0.922s] -- Up-to-date symlink: /home/diego/Workspaces/ros2_control_diffbot_ws/install/rrbot_description/share/rrbot_description/ros2_control/rrbot_system_with_sensor.ros2_control.xacro
[0.923s] -- Up-to-date symlink: /home/diego/Workspaces/ros2_control_diffbot_ws/install/rrbot_description/share/rrbot_description/urdf/rrbot.urdf.xacro
[0.928s] -- Up-to-date symlink: /home/diego/Workspaces/ros2_control_diffbot_ws/install/rrbot_description/share/rrbot_description/urdf/rrbot_description.urdf.xacro
[0.941s] -- Up-to-date symlink: /home/diego/Workspaces/ros2_control_diffbot_ws/install/rrbot_description/share/rrbot_description/urdf/rrbot_system_multi_interface.urdf.xacro
[0.941s] -- Up-to-date symlink: /home/diego/Workspaces/ros2_control_diffbot_ws/install/rrbot_description/share/rrbot_description/urdf/rrbot_system_position_only.urdf.xacro
[0.942s] -- Up-to-date symlink: /home/diego/Workspaces/ros2_control_diffbot_ws/install/rrbot_description/share/rrbot_description/urdf/rrbot_system_with_sensor.urdf.xacro
[0.942s] -- Up-to-date symlink: /home/diego/Workspaces/ros2_control_diffbot_ws/install/rrbot_description/share/rrbot_description/environment/rrbot_description.dsv
[0.942s] -- Up-to-date symlink: /home/diego/Workspaces/ros2_control_diffbot_ws/install/rrbot_description/share/ament_index/resource_index/package_run_dependencies/rrbot_description
[0.943s] -- Up-to-date symlink: /home/diego/Workspaces/ros2_control_diffbot_ws/install/rrbot_description/share/ament_index/resource_index/parent_prefix_path/rrbot_description
[0.943s] -- Up-to-date symlink: /home/diego/Workspaces/ros2_control_diffbot_ws/install/rrbot_description/share/rrbot_description/environment/ament_prefix_path.sh
[0.943s] -- Up-to-date symlink: /home/diego/Workspaces/ros2_control_diffbot_ws/install/rrbot_description/share/rrbot_description/environment/ament_prefix_path.dsv
[0.956s] -- Up-to-date symlink: /home/diego/Workspaces/ros2_control_diffbot_ws/install/rrbot_description/share/rrbot_description/environment/path.sh
[0.956s] -- Up-to-date symlink: /home/diego/Workspaces/ros2_control_diffbot_ws/install/rrbot_description/share/rrbot_description/environment/path.dsv
[0.957s] -- Up-to-date symlink: /home/diego/Workspaces/ros2_control_diffbot_ws/install/rrbot_description/share/rrbot_description/local_setup.bash
[0.957s] -- Up-to-date symlink: /home/diego/Workspaces/ros2_control_diffbot_ws/install/rrbot_description/share/rrbot_description/local_setup.sh
[0.965s] -- Up-to-date symlink: /home/diego/Workspaces/ros2_control_diffbot_ws/install/rrbot_description/share/rrbot_description/local_setup.zsh
[0.970s] -- Up-to-date symlink: /home/diego/Workspaces/ros2_control_diffbot_ws/install/rrbot_description/share/rrbot_description/local_setup.dsv
[0.972s] -- Symlinking: /home/diego/Workspaces/ros2_control_diffbot_ws/install/rrbot_description/share/rrbot_description/package.dsv
[1.035s] -- Up-to-date symlink: /home/diego/Workspaces/ros2_control_diffbot_ws/install/rrbot_description/share/ament_index/resource_index/packages/rrbot_description
[1.036s] -- Up-to-date symlink: /home/diego/Workspaces/ros2_control_diffbot_ws/install/rrbot_description/share/rrbot_description/cmake/rrbot_descriptionConfig.cmake
[1.036s] -- Up-to-date symlink: /home/diego/Workspaces/ros2_control_diffbot_ws/install/rrbot_description/share/rrbot_description/cmake/rrbot_descriptionConfig-version.cmake
[1.039s] -- Up-to-date symlink: /home/diego/Workspaces/ros2_control_diffbot_ws/install/rrbot_description/share/rrbot_description/package.xml
[1.108s] Invoked command in '/home/diego/Workspaces/ros2_control_diffbot_ws/build/rrbot_description' returned '0': CMAKE_PREFIX_PATH=/opt/ros/foxy /usr/bin/cmake --install /home/diego/Workspaces/ros2_control_diffbot_ws/build/rrbot_description
