[0.103s] Invoking command in '/home/diego/Workspaces/ros2_control_diffbot_ws/build/realtime_tools': CMAKE_PREFIX_PATH=/opt/ros/foxy /usr/bin/cmake --build /home/diego/Workspaces/ros2_control_diffbot_ws/build/realtime_tools -- -j2 -l2
[0.347s] [ 11%] Built target realtime_tools
[0.450s] [ 29%] Built target gmock
[0.534s] [ 41%] Built target gmock_main
[0.611s] [ 52%] Built target realtime_buffer_tests
[0.734s] [ 64%] Built target realtime_publisher_tests
[0.826s] [ 76%] Built target realtime_server_goal_handle_tests
[0.900s] [ 88%] Built target realtime_box_tests
[0.975s] [100%] Built target realtime_clock_tests
[1.012s] Invoked command in '/home/diego/Workspaces/ros2_control_diffbot_ws/build/realtime_tools' returned '0': CMAKE_PREFIX_PATH=/opt/ros/foxy /usr/bin/cmake --build /home/diego/Workspaces/ros2_control_diffbot_ws/build/realtime_tools -- -j2 -l2
[1.147s] Invoking command in '/home/diego/Workspaces/ros2_control_diffbot_ws/build/realtime_tools': CMAKE_PREFIX_PATH=/opt/ros/foxy /usr/bin/cmake --install /home/diego/Workspaces/ros2_control_diffbot_ws/build/realtime_tools
[1.184s] -- Install configuration: ""
[1.186s] -- Execute custom install script
[1.191s] -- Up-to-date symlink: /home/diego/Workspaces/ros2_control_diffbot_ws/install/realtime_tools/include/realtime_tools/realtime_box.h
[1.193s] -- Up-to-date symlink: /home/diego/Workspaces/ros2_control_diffbot_ws/install/realtime_tools/include/realtime_tools/realtime_buffer.h
[1.195s] -- Up-to-date symlink: /home/diego/Workspaces/ros2_control_diffbot_ws/install/realtime_tools/include/realtime_tools/realtime_clock.h
[1.197s] -- Up-to-date symlink: /home/diego/Workspaces/ros2_control_diffbot_ws/install/realtime_tools/include/realtime_tools/realtime_publisher.h
[1.199s] -- Up-to-date symlink: /home/diego/Workspaces/ros2_control_diffbot_ws/install/realtime_tools/include/realtime_tools/realtime_server_goal_handle.h
[1.207s] -- Up-to-date symlink: /home/diego/Workspaces/ros2_control_diffbot_ws/install/realtime_tools/lib/librealtime_tools.a
[1.211s] -- Up-to-date symlink: /home/diego/Workspaces/ros2_control_diffbot_ws/install/realtime_tools/share/realtime_tools/environment/library_path.sh
[1.212s] -- Up-to-date symlink: /home/diego/Workspaces/ros2_control_diffbot_ws/install/realtime_tools/share/realtime_tools/environment/library_path.dsv
[1.217s] -- Up-to-date symlink: /home/diego/Workspaces/ros2_control_diffbot_ws/install/realtime_tools/share/ament_index/resource_index/package_run_dependencies/realtime_tools
[1.220s] -- Up-to-date symlink: /home/diego/Workspaces/ros2_control_diffbot_ws/install/realtime_tools/share/ament_index/resource_index/parent_prefix_path/realtime_tools
[1.222s] -- Up-to-date symlink: /home/diego/Workspaces/ros2_control_diffbot_ws/install/realtime_tools/share/realtime_tools/environment/ament_prefix_path.sh
[1.224s] -- Up-to-date symlink: /home/diego/Workspaces/ros2_control_diffbot_ws/install/realtime_tools/share/realtime_tools/environment/ament_prefix_path.dsv
[1.226s] -- Up-to-date symlink: /home/diego/Workspaces/ros2_control_diffbot_ws/install/realtime_tools/share/realtime_tools/environment/path.sh
[1.229s] -- Up-to-date symlink: /home/diego/Workspaces/ros2_control_diffbot_ws/install/realtime_tools/share/realtime_tools/environment/path.dsv
[1.236s] -- Up-to-date symlink: /home/diego/Workspaces/ros2_control_diffbot_ws/install/realtime_tools/share/realtime_tools/local_setup.bash
[1.238s] -- Up-to-date symlink: /home/diego/Workspaces/ros2_control_diffbot_ws/install/realtime_tools/share/realtime_tools/local_setup.sh
[1.240s] -- Up-to-date symlink: /home/diego/Workspaces/ros2_control_diffbot_ws/install/realtime_tools/share/realtime_tools/local_setup.zsh
[1.242s] -- Up-to-date symlink: /home/diego/Workspaces/ros2_control_diffbot_ws/install/realtime_tools/share/realtime_tools/local_setup.dsv
[1.242s] -- Symlinking: /home/diego/Workspaces/ros2_control_diffbot_ws/install/realtime_tools/share/realtime_tools/package.dsv
[1.272s] -- Up-to-date symlink: /home/diego/Workspaces/ros2_control_diffbot_ws/install/realtime_tools/share/ament_index/resource_index/packages/realtime_tools
[1.274s] -- Up-to-date symlink: /home/diego/Workspaces/ros2_control_diffbot_ws/install/realtime_tools/share/realtime_tools/cmake/ament_cmake_export_include_directories-extras.cmake
[1.276s] -- Up-to-date symlink: /home/diego/Workspaces/ros2_control_diffbot_ws/install/realtime_tools/share/realtime_tools/cmake/ament_cmake_export_libraries-extras.cmake
[1.277s] -- Up-to-date symlink: /home/diego/Workspaces/ros2_control_diffbot_ws/install/realtime_tools/share/realtime_tools/cmake/ament_cmake_export_dependencies-extras.cmake
[1.279s] -- Up-to-date symlink: /home/diego/Workspaces/ros2_control_diffbot_ws/install/realtime_tools/share/realtime_tools/cmake/realtime_toolsConfig.cmake
[1.280s] -- Up-to-date symlink: /home/diego/Workspaces/ros2_control_diffbot_ws/install/realtime_tools/share/realtime_tools/cmake/realtime_toolsConfig-version.cmake
[1.282s] -- Up-to-date symlink: /home/diego/Workspaces/ros2_control_diffbot_ws/install/realtime_tools/share/realtime_tools/package.xml
[1.298s] Invoked command in '/home/diego/Workspaces/ros2_control_diffbot_ws/build/realtime_tools' returned '0': CMAKE_PREFIX_PATH=/opt/ros/foxy /usr/bin/cmake --install /home/diego/Workspaces/ros2_control_diffbot_ws/build/realtime_tools
