[0.073s] Invoking command in '/home/diego/Workspaces/ros2_control_diffbot_ws/src/build/transmission_interface': AMENT_PREFIX_PATH=/home/diego/Workspaces/ros2_control_diffbot_ws/src/install/hardware_interface:/home/diego/Workspaces/ros2_control_diffbot_ws/src/install/control_msgs:${AMENT_PREFIX_PATH} CMAKE_PREFIX_PATH=/home/diego/Workspaces/ros2_control_diffbot_ws/src/install/hardware_interface:/home/diego/Workspaces/ros2_control_diffbot_ws/src/install/control_msgs:/opt/ros/foxy LD_LIBRARY_PATH=/home/diego/Workspaces/ros2_control_diffbot_ws/src/install/hardware_interface/lib:/home/diego/Workspaces/ros2_control_diffbot_ws/src/install/control_msgs/lib:${LD_LIBRARY_PATH} PYTHONPATH=/home/diego/Workspaces/ros2_control_diffbot_ws/src/install/control_msgs/lib/python3.8/site-packages:${PYTHONPATH} /usr/bin/cmake /home/diego/Workspaces/ros2_control_diffbot_ws/src/ros2_control/transmission_interface -DCMAKE_INSTALL_PREFIX=/home/diego/Workspaces/ros2_control_diffbot_ws/src/install/transmission_interface
[0.311s] -- The C compiler identification is GNU 9.4.0
[0.470s] -- The CXX compiler identification is GNU 9.4.0
[0.483s] -- Check for working C compiler: /usr/bin/cc
[0.709s] -- Check for working C compiler: /usr/bin/cc -- works
[0.712s] -- Detecting C compiler ABI info
[1.022s] -- Detecting C compiler ABI info - done
[1.116s] -- Detecting C compile features
[1.118s] -- Detecting C compile features - done
[1.130s] -- Check for working CXX compiler: /usr/bin/c++
[1.406s] -- Check for working CXX compiler: /usr/bin/c++ -- works
[1.407s] -- Detecting CXX compiler ABI info
[1.779s] -- Detecting CXX compiler ABI info - done
[1.826s] -- Detecting CXX compile features
[1.829s] -- Detecting CXX compile features - done
[1.836s] -- Found ament_cmake: 0.9.9 (/opt/ros/foxy/share/ament_cmake/cmake)
[1.934s] -- Found PythonInterp: /usr/bin/python3 (found suitable version "3.8.10", minimum required is "3") 
[1.934s] -- Using PYTHON_EXECUTABLE: /usr/bin/python3
[3.048s] -- Found hardware_interface: 0.10.1 (/home/diego/Workspaces/ros2_control_diffbot_ws/src/install/hardware_interface/share/hardware_interface/cmake)
[3.297s] -- Using all available rosidl_typesupport_c: rosidl_typesupport_fastrtps_c;rosidl_typesupport_introspection_c
[3.329s] -- Found rosidl_adapter: 1.2.1 (/opt/ros/foxy/share/rosidl_adapter/cmake)
[3.605s] -- Found OpenSSL: /usr/lib/x86_64-linux-gnu/libcrypto.so (found version "1.1.1f")  
[3.692s] -- Found FastRTPS: /opt/ros/foxy/include  
[3.890s] -- Using all available rosidl_typesupport_cpp: rosidl_typesupport_fastrtps_cpp;rosidl_typesupport_introspection_cpp
[5.400s] -- Found ament_cmake_gmock: 0.9.9 (/opt/ros/foxy/share/ament_cmake_gmock/cmake)
[5.403s] -- Found ament_lint_auto: 0.9.6 (/opt/ros/foxy/share/ament_lint_auto/cmake)
[5.642s] -- Found gmock sources under '/opt/ros/foxy/src/gmock_vendor': C++ tests using 'Google Mock' will be built
[5.650s] -- Found ament_cmake_gtest: 0.9.9 (/opt/ros/foxy/share/ament_cmake_gtest/cmake)
[5.652s] -- Found gtest sources under '/opt/ros/foxy/src/gtest_vendor': C++ tests using 'Google Test' will be built
[5.830s] -- Added test 'copyright' to check source files copyright and LICENSE
[5.968s] -- Added test 'cppcheck' to perform static code analysis on C / C++ code
[5.974s] -- Configured cppcheck include dirs: /home/diego/Workspaces/ros2_control_diffbot_ws/src/ros2_control/transmission_interface/include;/home/diego/Workspaces/ros2_control_diffbot_ws/src/ros2_control/transmission_interface/hardware_interface
[5.975s] -- Configured cppcheck exclude dirs and/or files: 
[5.984s] -- Added test 'lint_cmake' to check CMake code style
[5.987s] -- Added test 'xmllint' to check XML markup files
[6.003s] -- Configuring done
[6.202s] -- Generating done
[6.212s] -- Build files have been written to: /home/diego/Workspaces/ros2_control_diffbot_ws/src/build/transmission_interface
[6.247s] Invoked command in '/home/diego/Workspaces/ros2_control_diffbot_ws/src/build/transmission_interface' returned '0': AMENT_PREFIX_PATH=/home/diego/Workspaces/ros2_control_diffbot_ws/src/install/hardware_interface:/home/diego/Workspaces/ros2_control_diffbot_ws/src/install/control_msgs:${AMENT_PREFIX_PATH} CMAKE_PREFIX_PATH=/home/diego/Workspaces/ros2_control_diffbot_ws/src/install/hardware_interface:/home/diego/Workspaces/ros2_control_diffbot_ws/src/install/control_msgs:/opt/ros/foxy LD_LIBRARY_PATH=/home/diego/Workspaces/ros2_control_diffbot_ws/src/install/hardware_interface/lib:/home/diego/Workspaces/ros2_control_diffbot_ws/src/install/control_msgs/lib:${LD_LIBRARY_PATH} PYTHONPATH=/home/diego/Workspaces/ros2_control_diffbot_ws/src/install/control_msgs/lib/python3.8/site-packages:${PYTHONPATH} /usr/bin/cmake /home/diego/Workspaces/ros2_control_diffbot_ws/src/ros2_control/transmission_interface -DCMAKE_INSTALL_PREFIX=/home/diego/Workspaces/ros2_control_diffbot_ws/src/install/transmission_interface
[6.256s] Invoking command in '/home/diego/Workspaces/ros2_control_diffbot_ws/src/build/transmission_interface': AMENT_PREFIX_PATH=/home/diego/Workspaces/ros2_control_diffbot_ws/src/install/hardware_interface:/home/diego/Workspaces/ros2_control_diffbot_ws/src/install/control_msgs:${AMENT_PREFIX_PATH} CMAKE_PREFIX_PATH=/home/diego/Workspaces/ros2_control_diffbot_ws/src/install/hardware_interface:/home/diego/Workspaces/ros2_control_diffbot_ws/src/install/control_msgs:/opt/ros/foxy LD_LIBRARY_PATH=/home/diego/Workspaces/ros2_control_diffbot_ws/src/install/hardware_interface/lib:/home/diego/Workspaces/ros2_control_diffbot_ws/src/install/control_msgs/lib:${LD_LIBRARY_PATH} PYTHONPATH=/home/diego/Workspaces/ros2_control_diffbot_ws/src/install/control_msgs/lib/python3.8/site-packages:${PYTHONPATH} /usr/bin/cmake --build /home/diego/Workspaces/ros2_control_diffbot_ws/src/build/transmission_interface -- -j2 -l2
[6.403s] [35m[1mScanning dependencies of target gmock[0m
[6.473s] [  9%] [32mBuilding CXX object gmock/CMakeFiles/gmock.dir/opt/ros/foxy/src/gtest_vendor/src/gtest-all.cc.o[0m
[19.730s] [ 18%] [32mBuilding CXX object gmock/CMakeFiles/gmock.dir/src/gmock-all.cc.o[0m
[27.047s] [ 27%] [32m[1mLinking CXX static library libgmock.a[0m
[27.685s] [ 27%] Built target gmock
[27.731s] [35m[1mScanning dependencies of target gmock_main[0m
[27.783s] [ 36%] [32mBuilding CXX object gmock/CMakeFiles/gmock_main.dir/src/gmock_main.cc.o[0m
[30.984s] [ 45%] [32m[1mLinking CXX static library libgmock_main.a[0m
[31.086s] [ 45%] Built target gmock_main
[31.122s] [35m[1mScanning dependencies of target test_four_bar_linkage_transmission[0m
[31.191s] [ 54%] [32mBuilding CXX object CMakeFiles/test_four_bar_linkage_transmission.dir/test/four_bar_linkage_transmission_test.cpp.o[0m
[39.870s] [ 63%] [32m[1mLinking CXX executable test_four_bar_linkage_transmission[0m
[41.053s] [ 63%] Built target test_four_bar_linkage_transmission
[41.085s] [35m[1mScanning dependencies of target test_differential_transmission[0m
[41.245s] [ 72%] [32mBuilding CXX object CMakeFiles/test_differential_transmission.dir/test/differential_transmission_test.cpp.o[0m
[49.550s] [ 81%] [32m[1mLinking CXX executable test_differential_transmission[0m
[50.419s] [ 81%] Built target test_differential_transmission
[50.447s] [35m[1mScanning dependencies of target test_simple_transmission[0m
[50.506s] [ 90%] [32mBuilding CXX object CMakeFiles/test_simple_transmission.dir/test/simple_transmission_test.cpp.o[0m
[58.380s] [100%] [32m[1mLinking CXX executable test_simple_transmission[0m
[59.150s] [100%] Built target test_simple_transmission
[59.180s] Invoked command in '/home/diego/Workspaces/ros2_control_diffbot_ws/src/build/transmission_interface' returned '0': AMENT_PREFIX_PATH=/home/diego/Workspaces/ros2_control_diffbot_ws/src/install/hardware_interface:/home/diego/Workspaces/ros2_control_diffbot_ws/src/install/control_msgs:${AMENT_PREFIX_PATH} CMAKE_PREFIX_PATH=/home/diego/Workspaces/ros2_control_diffbot_ws/src/install/hardware_interface:/home/diego/Workspaces/ros2_control_diffbot_ws/src/install/control_msgs:/opt/ros/foxy LD_LIBRARY_PATH=/home/diego/Workspaces/ros2_control_diffbot_ws/src/install/hardware_interface/lib:/home/diego/Workspaces/ros2_control_diffbot_ws/src/install/control_msgs/lib:${LD_LIBRARY_PATH} PYTHONPATH=/home/diego/Workspaces/ros2_control_diffbot_ws/src/install/control_msgs/lib/python3.8/site-packages:${PYTHONPATH} /usr/bin/cmake --build /home/diego/Workspaces/ros2_control_diffbot_ws/src/build/transmission_interface -- -j2 -l2
[59.273s] Invoking command in '/home/diego/Workspaces/ros2_control_diffbot_ws/src/build/transmission_interface': AMENT_PREFIX_PATH=/home/diego/Workspaces/ros2_control_diffbot_ws/src/install/hardware_interface:/home/diego/Workspaces/ros2_control_diffbot_ws/src/install/control_msgs:${AMENT_PREFIX_PATH} CMAKE_PREFIX_PATH=/home/diego/Workspaces/ros2_control_diffbot_ws/src/install/hardware_interface:/home/diego/Workspaces/ros2_control_diffbot_ws/src/install/control_msgs:/opt/ros/foxy LD_LIBRARY_PATH=/home/diego/Workspaces/ros2_control_diffbot_ws/src/install/hardware_interface/lib:/home/diego/Workspaces/ros2_control_diffbot_ws/src/install/control_msgs/lib:${LD_LIBRARY_PATH} PYTHONPATH=/home/diego/Workspaces/ros2_control_diffbot_ws/src/install/control_msgs/lib/python3.8/site-packages:${PYTHONPATH} /usr/bin/cmake --install /home/diego/Workspaces/ros2_control_diffbot_ws/src/build/transmission_interface
[59.301s] -- Install configuration: ""
[59.302s] -- Installing: /home/diego/Workspaces/ros2_control_diffbot_ws/src/install/transmission_interface/include
[59.303s] -- Installing: /home/diego/Workspaces/ros2_control_diffbot_ws/src/install/transmission_interface/include/transmission_interface
[59.304s] -- Installing: /home/diego/Workspaces/ros2_control_diffbot_ws/src/install/transmission_interface/include/transmission_interface/transmission_parser.hpp
[59.306s] -- Installing: /home/diego/Workspaces/ros2_control_diffbot_ws/src/install/transmission_interface/include/transmission_interface/transmission.hpp
[59.307s] -- Installing: /home/diego/Workspaces/ros2_control_diffbot_ws/src/install/transmission_interface/include/transmission_interface/simple_transmission.hpp
[59.308s] -- Installing: /home/diego/Workspaces/ros2_control_diffbot_ws/src/install/transmission_interface/include/transmission_interface/exception.hpp
[59.309s] -- Installing: /home/diego/Workspaces/ros2_control_diffbot_ws/src/install/transmission_interface/include/transmission_interface/differential_transmission.hpp
[59.311s] -- Installing: /home/diego/Workspaces/ros2_control_diffbot_ws/src/install/transmission_interface/include/transmission_interface/four_bar_linkage_transmission.hpp
[59.312s] -- Installing: /home/diego/Workspaces/ros2_control_diffbot_ws/src/install/transmission_interface/include/transmission_interface/handle.hpp
[59.313s] -- Installing: /home/diego/Workspaces/ros2_control_diffbot_ws/src/install/transmission_interface/include/transmission_interface/accessor.hpp
[59.314s] -- Installing: /home/diego/Workspaces/ros2_control_diffbot_ws/src/install/transmission_interface/include/transmission_interface/visibility_control.h
[59.316s] -- Installing: /home/diego/Workspaces/ros2_control_diffbot_ws/src/install/transmission_interface/share/ament_index/resource_index/package_run_dependencies/transmission_interface
[59.320s] -- Installing: /home/diego/Workspaces/ros2_control_diffbot_ws/src/install/transmission_interface/share/ament_index/resource_index/parent_prefix_path/transmission_interface
[59.322s] -- Installing: /home/diego/Workspaces/ros2_control_diffbot_ws/src/install/transmission_interface/share/transmission_interface/environment/ament_prefix_path.sh
[59.323s] -- Installing: /home/diego/Workspaces/ros2_control_diffbot_ws/src/install/transmission_interface/share/transmission_interface/environment/ament_prefix_path.dsv
[59.324s] -- Installing: /home/diego/Workspaces/ros2_control_diffbot_ws/src/install/transmission_interface/share/transmission_interface/environment/path.sh
[59.325s] -- Installing: /home/diego/Workspaces/ros2_control_diffbot_ws/src/install/transmission_interface/share/transmission_interface/environment/path.dsv
[59.326s] -- Installing: /home/diego/Workspaces/ros2_control_diffbot_ws/src/install/transmission_interface/share/transmission_interface/local_setup.bash
[59.327s] -- Installing: /home/diego/Workspaces/ros2_control_diffbot_ws/src/install/transmission_interface/share/transmission_interface/local_setup.sh
[59.328s] -- Installing: /home/diego/Workspaces/ros2_control_diffbot_ws/src/install/transmission_interface/share/transmission_interface/local_setup.zsh
[59.330s] -- Installing: /home/diego/Workspaces/ros2_control_diffbot_ws/src/install/transmission_interface/share/transmission_interface/local_setup.dsv
[59.331s] -- Installing: /home/diego/Workspaces/ros2_control_diffbot_ws/src/install/transmission_interface/share/transmission_interface/package.dsv
[59.332s] -- Installing: /home/diego/Workspaces/ros2_control_diffbot_ws/src/install/transmission_interface/share/ament_index/resource_index/packages/transmission_interface
[59.334s] -- Installing: /home/diego/Workspaces/ros2_control_diffbot_ws/src/install/transmission_interface/share/transmission_interface/cmake/ament_cmake_export_include_directories-extras.cmake
[59.335s] -- Installing: /home/diego/Workspaces/ros2_control_diffbot_ws/src/install/transmission_interface/share/transmission_interface/cmake/ament_cmake_export_dependencies-extras.cmake
[59.336s] -- Installing: /home/diego/Workspaces/ros2_control_diffbot_ws/src/install/transmission_interface/share/transmission_interface/cmake/transmission_interfaceConfig.cmake
[59.337s] -- Installing: /home/diego/Workspaces/ros2_control_diffbot_ws/src/install/transmission_interface/share/transmission_interface/cmake/transmission_interfaceConfig-version.cmake
[59.338s] -- Installing: /home/diego/Workspaces/ros2_control_diffbot_ws/src/install/transmission_interface/share/transmission_interface/package.xml
[59.353s] Invoked command in '/home/diego/Workspaces/ros2_control_diffbot_ws/src/build/transmission_interface' returned '0': AMENT_PREFIX_PATH=/home/diego/Workspaces/ros2_control_diffbot_ws/src/install/hardware_interface:/home/diego/Workspaces/ros2_control_diffbot_ws/src/install/control_msgs:${AMENT_PREFIX_PATH} CMAKE_PREFIX_PATH=/home/diego/Workspaces/ros2_control_diffbot_ws/src/install/hardware_interface:/home/diego/Workspaces/ros2_control_diffbot_ws/src/install/control_msgs:/opt/ros/foxy LD_LIBRARY_PATH=/home/diego/Workspaces/ros2_control_diffbot_ws/src/install/hardware_interface/lib:/home/diego/Workspaces/ros2_control_diffbot_ws/src/install/control_msgs/lib:${LD_LIBRARY_PATH} PYTHONPATH=/home/diego/Workspaces/ros2_control_diffbot_ws/src/install/control_msgs/lib/python3.8/site-packages:${PYTHONPATH} /usr/bin/cmake --install /home/diego/Workspaces/ros2_control_diffbot_ws/src/build/transmission_interface
