[0.056s] Invoking command in '/home/diego/Workspaces/ros2_control_diffbot_ws/build/controller_manager_msgs': CMAKE_PREFIX_PATH=/opt/ros/foxy /usr/bin/cmake --build /home/diego/Workspaces/ros2_control_diffbot_ws/build/controller_manager_msgs -- -j2 -l2
[0.696s] [ 12%] Built target controller_manager_msgs__rosidl_generator_c
[0.863s] [ 12%] Built target controller_manager_msgs__cpp
[1.076s] [ 24%] Built target controller_manager_msgs__rosidl_typesupport_introspection_c
[1.300s] [ 36%] Built target controller_manager_msgs__rosidl_typesupport_c
[1.680s] [ 48%] Built target controller_manager_msgs__rosidl_typesupport_introspection_cpp
[1.949s] [ 60%] Built target controller_manager_msgs__rosidl_typesupport_cpp
[2.201s] [ 72%] Built target controller_manager_msgs__rosidl_typesupport_fastrtps_cpp
[2.479s] [ 84%] Built target controller_manager_msgs__rosidl_typesupport_fastrtps_c
[2.678s] [ 84%] Built target controller_manager_msgs
[2.891s] [ 85%] Built target controller_manager_msgs__py
[3.071s] [ 96%] Built target controller_manager_msgs__python
[3.214s] [ 97%] Built target controller_manager_msgs__rosidl_typesupport_c__pyext
[3.403s] [ 99%] Built target controller_manager_msgs__rosidl_typesupport_introspection_c__pyext
[3.797s] [100%] Built target controller_manager_msgs__rosidl_typesupport_fastrtps_c__pyext
[3.913s] Invoked command in '/home/diego/Workspaces/ros2_control_diffbot_ws/build/controller_manager_msgs' returned '0': CMAKE_PREFIX_PATH=/opt/ros/foxy /usr/bin/cmake --build /home/diego/Workspaces/ros2_control_diffbot_ws/build/controller_manager_msgs -- -j2 -l2
[6.156s] Invoking command in '/home/diego/Workspaces/ros2_control_diffbot_ws/build/controller_manager_msgs': CMAKE_PREFIX_PATH=/opt/ros/foxy /usr/bin/cmake --install /home/diego/Workspaces/ros2_control_diffbot_ws/build/controller_manager_msgs
[6.227s] -- Install configuration: ""
[6.237s] -- Execute custom install script
[6.263s] -- Up-to-date symlink: /home/diego/Workspaces/ros2_control_diffbot_ws/install/controller_manager_msgs/share/ament_index/resource_index/rosidl_interfaces/controller_manager_msgs
[6.288s] -- Up-to-date symlink: /home/diego/Workspaces/ros2_control_diffbot_ws/install/controller_manager_msgs/include/controller_manager_msgs/msg/controller_state.h
[6.296s] -- Up-to-date symlink: /home/diego/Workspaces/ros2_control_diffbot_ws/install/controller_manager_msgs/include/controller_manager_msgs/msg/detail/controller_state__functions.h
[6.298s] -- Up-to-date symlink: /home/diego/Workspaces/ros2_control_diffbot_ws/install/controller_manager_msgs/include/controller_manager_msgs/msg/detail/controller_state__struct.h
[6.299s] -- Up-to-date symlink: /home/diego/Workspaces/ros2_control_diffbot_ws/install/controller_manager_msgs/include/controller_manager_msgs/msg/detail/controller_state__type_support.h
[6.308s] -- Up-to-date symlink: /home/diego/Workspaces/ros2_control_diffbot_ws/install/controller_manager_msgs/include/controller_manager_msgs/msg/detail/hardware_interface__functions.h
[6.309s] -- Up-to-date symlink: /home/diego/Workspaces/ros2_control_diffbot_ws/install/controller_manager_msgs/include/controller_manager_msgs/msg/detail/hardware_interface__struct.h
[6.319s] -- Up-to-date symlink: /home/diego/Workspaces/ros2_control_diffbot_ws/install/controller_manager_msgs/include/controller_manager_msgs/msg/detail/hardware_interface__type_support.h
[6.331s] -- Up-to-date symlink: /home/diego/Workspaces/ros2_control_diffbot_ws/install/controller_manager_msgs/include/controller_manager_msgs/msg/hardware_interface.h
[6.332s] -- Up-to-date symlink: /home/diego/Workspaces/ros2_control_diffbot_ws/install/controller_manager_msgs/include/controller_manager_msgs/msg/rosidl_generator_c__visibility_control.h
[6.336s] -- Up-to-date symlink: /home/diego/Workspaces/ros2_control_diffbot_ws/install/controller_manager_msgs/include/controller_manager_msgs/srv/configure_controller.h
[6.337s] -- Up-to-date symlink: /home/diego/Workspaces/ros2_control_diffbot_ws/install/controller_manager_msgs/include/controller_manager_msgs/srv/configure_start_controller.h
[6.355s] -- Up-to-date symlink: /home/diego/Workspaces/ros2_control_diffbot_ws/install/controller_manager_msgs/include/controller_manager_msgs/srv/detail/configure_controller__functions.h
[6.363s] -- Up-to-date symlink: /home/diego/Workspaces/ros2_control_diffbot_ws/install/controller_manager_msgs/include/controller_manager_msgs/srv/detail/configure_controller__struct.h
[6.370s] -- Up-to-date symlink: /home/diego/Workspaces/ros2_control_diffbot_ws/install/controller_manager_msgs/include/controller_manager_msgs/srv/detail/configure_controller__type_support.h
[6.375s] -- Up-to-date symlink: /home/diego/Workspaces/ros2_control_diffbot_ws/install/controller_manager_msgs/include/controller_manager_msgs/srv/detail/configure_start_controller__functions.h
[6.381s] -- Up-to-date symlink: /home/diego/Workspaces/ros2_control_diffbot_ws/install/controller_manager_msgs/include/controller_manager_msgs/srv/detail/configure_start_controller__struct.h
[6.386s] -- Up-to-date symlink: /home/diego/Workspaces/ros2_control_diffbot_ws/install/controller_manager_msgs/include/controller_manager_msgs/srv/detail/configure_start_controller__type_support.h
[6.396s] -- Up-to-date symlink: /home/diego/Workspaces/ros2_control_diffbot_ws/install/controller_manager_msgs/include/controller_manager_msgs/srv/detail/list_controller_types__functions.h
[6.399s] -- Up-to-date symlink: /home/diego/Workspaces/ros2_control_diffbot_ws/install/controller_manager_msgs/include/controller_manager_msgs/srv/detail/list_controller_types__struct.h
[6.410s] -- Up-to-date symlink: /home/diego/Workspaces/ros2_control_diffbot_ws/install/controller_manager_msgs/include/controller_manager_msgs/srv/detail/list_controller_types__type_support.h
[6.417s] -- Up-to-date symlink: /home/diego/Workspaces/ros2_control_diffbot_ws/install/controller_manager_msgs/include/controller_manager_msgs/srv/detail/list_controllers__functions.h
[6.424s] -- Up-to-date symlink: /home/diego/Workspaces/ros2_control_diffbot_ws/install/controller_manager_msgs/include/controller_manager_msgs/srv/detail/list_controllers__struct.h
[6.424s] -- Up-to-date symlink: /home/diego/Workspaces/ros2_control_diffbot_ws/install/controller_manager_msgs/include/controller_manager_msgs/srv/detail/list_controllers__type_support.h
[6.431s] -- Up-to-date symlink: /home/diego/Workspaces/ros2_control_diffbot_ws/install/controller_manager_msgs/include/controller_manager_msgs/srv/detail/list_hardware_interfaces__functions.h
[6.433s] -- Up-to-date symlink: /home/diego/Workspaces/ros2_control_diffbot_ws/install/controller_manager_msgs/include/controller_manager_msgs/srv/detail/list_hardware_interfaces__struct.h
[6.438s] -- Up-to-date symlink: /home/diego/Workspaces/ros2_control_diffbot_ws/install/controller_manager_msgs/include/controller_manager_msgs/srv/detail/list_hardware_interfaces__type_support.h
[6.455s] -- Up-to-date symlink: /home/diego/Workspaces/ros2_control_diffbot_ws/install/controller_manager_msgs/include/controller_manager_msgs/srv/detail/load_configure_controller__functions.h
[6.465s] -- Up-to-date symlink: /home/diego/Workspaces/ros2_control_diffbot_ws/install/controller_manager_msgs/include/controller_manager_msgs/srv/detail/load_configure_controller__struct.h
[6.470s] -- Up-to-date symlink: /home/diego/Workspaces/ros2_control_diffbot_ws/install/controller_manager_msgs/include/controller_manager_msgs/srv/detail/load_configure_controller__type_support.h
[6.474s] -- Up-to-date symlink: /home/diego/Workspaces/ros2_control_diffbot_ws/install/controller_manager_msgs/include/controller_manager_msgs/srv/detail/load_controller__functions.h
[6.478s] -- Up-to-date symlink: /home/diego/Workspaces/ros2_control_diffbot_ws/install/controller_manager_msgs/include/controller_manager_msgs/srv/detail/load_controller__struct.h
[6.482s] -- Up-to-date symlink: /home/diego/Workspaces/ros2_control_diffbot_ws/install/controller_manager_msgs/include/controller_manager_msgs/srv/detail/load_controller__type_support.h
[6.485s] -- Up-to-date symlink: /home/diego/Workspaces/ros2_control_diffbot_ws/install/controller_manager_msgs/include/controller_manager_msgs/srv/detail/load_start_controller__functions.h
[6.488s] -- Up-to-date symlink: /home/diego/Workspaces/ros2_control_diffbot_ws/install/controller_manager_msgs/include/controller_manager_msgs/srv/detail/load_start_controller__struct.h
[6.492s] -- Up-to-date symlink: /home/diego/Workspaces/ros2_control_diffbot_ws/install/controller_manager_msgs/include/controller_manager_msgs/srv/detail/load_start_controller__type_support.h
[6.503s] -- Up-to-date symlink: /home/diego/Workspaces/ros2_control_diffbot_ws/install/controller_manager_msgs/include/controller_manager_msgs/srv/detail/reload_controller_libraries__functions.h
[6.513s] -- Up-to-date symlink: /home/diego/Workspaces/ros2_control_diffbot_ws/install/controller_manager_msgs/include/controller_manager_msgs/srv/detail/reload_controller_libraries__struct.h
[6.525s] -- Up-to-date symlink: /home/diego/Workspaces/ros2_control_diffbot_ws/install/controller_manager_msgs/include/controller_manager_msgs/srv/detail/reload_controller_libraries__type_support.h
[6.530s] -- Up-to-date symlink: /home/diego/Workspaces/ros2_control_diffbot_ws/install/controller_manager_msgs/include/controller_manager_msgs/srv/detail/switch_controller__functions.h
[6.541s] -- Up-to-date symlink: /home/diego/Workspaces/ros2_control_diffbot_ws/install/controller_manager_msgs/include/controller_manager_msgs/srv/detail/switch_controller__struct.h
[6.545s] -- Up-to-date symlink: /home/diego/Workspaces/ros2_control_diffbot_ws/install/controller_manager_msgs/include/controller_manager_msgs/srv/detail/switch_controller__type_support.h
[6.552s] -- Up-to-date symlink: /home/diego/Workspaces/ros2_control_diffbot_ws/install/controller_manager_msgs/include/controller_manager_msgs/srv/detail/unload_controller__functions.h
[6.556s] -- Up-to-date symlink: /home/diego/Workspaces/ros2_control_diffbot_ws/install/controller_manager_msgs/include/controller_manager_msgs/srv/detail/unload_controller__struct.h
[6.573s] -- Up-to-date symlink: /home/diego/Workspaces/ros2_control_diffbot_ws/install/controller_manager_msgs/include/controller_manager_msgs/srv/detail/unload_controller__type_support.h
[6.616s] -- Up-to-date symlink: /home/diego/Workspaces/ros2_control_diffbot_ws/install/controller_manager_msgs/include/controller_manager_msgs/srv/list_controller_types.h
[6.624s] -- Up-to-date symlink: /home/diego/Workspaces/ros2_control_diffbot_ws/install/controller_manager_msgs/include/controller_manager_msgs/srv/list_controllers.h
[6.625s] -- Up-to-date symlink: /home/diego/Workspaces/ros2_control_diffbot_ws/install/controller_manager_msgs/include/controller_manager_msgs/srv/list_hardware_interfaces.h
[6.632s] -- Up-to-date symlink: /home/diego/Workspaces/ros2_control_diffbot_ws/install/controller_manager_msgs/include/controller_manager_msgs/srv/load_configure_controller.h
[6.633s] -- Up-to-date symlink: /home/diego/Workspaces/ros2_control_diffbot_ws/install/controller_manager_msgs/include/controller_manager_msgs/srv/load_controller.h
[6.639s] -- Up-to-date symlink: /home/diego/Workspaces/ros2_control_diffbot_ws/install/controller_manager_msgs/include/controller_manager_msgs/srv/load_start_controller.h
[6.654s] -- Up-to-date symlink: /home/diego/Workspaces/ros2_control_diffbot_ws/install/controller_manager_msgs/include/controller_manager_msgs/srv/reload_controller_libraries.h
[6.657s] -- Up-to-date symlink: /home/diego/Workspaces/ros2_control_diffbot_ws/install/controller_manager_msgs/include/controller_manager_msgs/srv/switch_controller.h
[6.664s] -- Up-to-date symlink: /home/diego/Workspaces/ros2_control_diffbot_ws/install/controller_manager_msgs/include/controller_manager_msgs/srv/unload_controller.h
[6.680s] -- Up-to-date symlink: /home/diego/Workspaces/ros2_control_diffbot_ws/install/controller_manager_msgs/share/controller_manager_msgs/environment/library_path.sh
[6.686s] -- Up-to-date symlink: /home/diego/Workspaces/ros2_control_diffbot_ws/install/controller_manager_msgs/share/controller_manager_msgs/environment/library_path.dsv
[6.704s] -- Up-to-date symlink: /home/diego/Workspaces/ros2_control_diffbot_ws/install/controller_manager_msgs/include/controller_manager_msgs/msg/detail/controller_state__rosidl_typesupport_fastrtps_c.h
[6.708s] -- Up-to-date symlink: /home/diego/Workspaces/ros2_control_diffbot_ws/install/controller_manager_msgs/include/controller_manager_msgs/msg/detail/hardware_interface__rosidl_typesupport_fastrtps_c.h
[6.715s] -- Up-to-date symlink: /home/diego/Workspaces/ros2_control_diffbot_ws/install/controller_manager_msgs/include/controller_manager_msgs/msg/rosidl_typesupport_fastrtps_c__visibility_control.h
[6.721s] -- Up-to-date symlink: /home/diego/Workspaces/ros2_control_diffbot_ws/install/controller_manager_msgs/include/controller_manager_msgs/srv/detail/configure_controller__rosidl_typesupport_fastrtps_c.h
[6.725s] -- Up-to-date symlink: /home/diego/Workspaces/ros2_control_diffbot_ws/install/controller_manager_msgs/include/controller_manager_msgs/srv/detail/configure_start_controller__rosidl_typesupport_fastrtps_c.h
[6.733s] -- Up-to-date symlink: /home/diego/Workspaces/ros2_control_diffbot_ws/install/controller_manager_msgs/include/controller_manager_msgs/srv/detail/list_controller_types__rosidl_typesupport_fastrtps_c.h
[6.741s] -- Up-to-date symlink: /home/diego/Workspaces/ros2_control_diffbot_ws/install/controller_manager_msgs/include/controller_manager_msgs/srv/detail/list_controllers__rosidl_typesupport_fastrtps_c.h
[6.744s] -- Up-to-date symlink: /home/diego/Workspaces/ros2_control_diffbot_ws/install/controller_manager_msgs/include/controller_manager_msgs/srv/detail/list_hardware_interfaces__rosidl_typesupport_fastrtps_c.h
[6.750s] -- Up-to-date symlink: /home/diego/Workspaces/ros2_control_diffbot_ws/install/controller_manager_msgs/include/controller_manager_msgs/srv/detail/load_configure_controller__rosidl_typesupport_fastrtps_c.h
[6.755s] -- Up-to-date symlink: /home/diego/Workspaces/ros2_control_diffbot_ws/install/controller_manager_msgs/include/controller_manager_msgs/srv/detail/load_controller__rosidl_typesupport_fastrtps_c.h
[6.759s] -- Up-to-date symlink: /home/diego/Workspaces/ros2_control_diffbot_ws/install/controller_manager_msgs/include/controller_manager_msgs/srv/detail/load_start_controller__rosidl_typesupport_fastrtps_c.h
[6.760s] -- Up-to-date symlink: /home/diego/Workspaces/ros2_control_diffbot_ws/install/controller_manager_msgs/include/controller_manager_msgs/srv/detail/reload_controller_libraries__rosidl_typesupport_fastrtps_c.h
[6.764s] -- Up-to-date symlink: /home/diego/Workspaces/ros2_control_diffbot_ws/install/controller_manager_msgs/include/controller_manager_msgs/srv/detail/switch_controller__rosidl_typesupport_fastrtps_c.h
[6.767s] -- Up-to-date symlink: /home/diego/Workspaces/ros2_control_diffbot_ws/install/controller_manager_msgs/include/controller_manager_msgs/srv/detail/unload_controller__rosidl_typesupport_fastrtps_c.h
[6.783s] -- Up-to-date symlink: /home/diego/Workspaces/ros2_control_diffbot_ws/install/controller_manager_msgs/lib/libcontroller_manager_msgs__rosidl_typesupport_fastrtps_c.so
[6.804s] -- Up-to-date symlink: /home/diego/Workspaces/ros2_control_diffbot_ws/install/controller_manager_msgs/include/controller_manager_msgs/msg/detail/controller_state__rosidl_typesupport_fastrtps_cpp.hpp
[6.809s] -- Up-to-date symlink: /home/diego/Workspaces/ros2_control_diffbot_ws/install/controller_manager_msgs/include/controller_manager_msgs/msg/detail/hardware_interface__rosidl_typesupport_fastrtps_cpp.hpp
[6.817s] -- Up-to-date symlink: /home/diego/Workspaces/ros2_control_diffbot_ws/install/controller_manager_msgs/include/controller_manager_msgs/msg/rosidl_typesupport_fastrtps_cpp__visibility_control.h
[6.828s] -- Up-to-date symlink: /home/diego/Workspaces/ros2_control_diffbot_ws/install/controller_manager_msgs/include/controller_manager_msgs/srv/detail/configure_controller__rosidl_typesupport_fastrtps_cpp.hpp
[6.838s] -- Up-to-date symlink: /home/diego/Workspaces/ros2_control_diffbot_ws/install/controller_manager_msgs/include/controller_manager_msgs/srv/detail/configure_start_controller__rosidl_typesupport_fastrtps_cpp.hpp
[6.851s] -- Up-to-date symlink: /home/diego/Workspaces/ros2_control_diffbot_ws/install/controller_manager_msgs/include/controller_manager_msgs/srv/detail/list_controller_types__rosidl_typesupport_fastrtps_cpp.hpp
[6.853s] -- Up-to-date symlink: /home/diego/Workspaces/ros2_control_diffbot_ws/install/controller_manager_msgs/include/controller_manager_msgs/srv/detail/list_controllers__rosidl_typesupport_fastrtps_cpp.hpp
[6.858s] -- Up-to-date symlink: /home/diego/Workspaces/ros2_control_diffbot_ws/install/controller_manager_msgs/include/controller_manager_msgs/srv/detail/list_hardware_interfaces__rosidl_typesupport_fastrtps_cpp.hpp
[6.863s] -- Up-to-date symlink: /home/diego/Workspaces/ros2_control_diffbot_ws/install/controller_manager_msgs/include/controller_manager_msgs/srv/detail/load_configure_controller__rosidl_typesupport_fastrtps_cpp.hpp
[6.865s] -- Up-to-date symlink: /home/diego/Workspaces/ros2_control_diffbot_ws/install/controller_manager_msgs/include/controller_manager_msgs/srv/detail/load_controller__rosidl_typesupport_fastrtps_cpp.hpp
[6.871s] -- Up-to-date symlink: /home/diego/Workspaces/ros2_control_diffbot_ws/install/controller_manager_msgs/include/controller_manager_msgs/srv/detail/load_start_controller__rosidl_typesupport_fastrtps_cpp.hpp
[6.871s] -- Up-to-date symlink: /home/diego/Workspaces/ros2_control_diffbot_ws/install/controller_manager_msgs/include/controller_manager_msgs/srv/detail/reload_controller_libraries__rosidl_typesupport_fastrtps_cpp.hpp
[6.875s] -- Up-to-date symlink: /home/diego/Workspaces/ros2_control_diffbot_ws/install/controller_manager_msgs/include/controller_manager_msgs/srv/detail/switch_controller__rosidl_typesupport_fastrtps_cpp.hpp
[6.883s] -- Up-to-date symlink: /home/diego/Workspaces/ros2_control_diffbot_ws/install/controller_manager_msgs/include/controller_manager_msgs/srv/detail/unload_controller__rosidl_typesupport_fastrtps_cpp.hpp
[6.895s] -- Up-to-date symlink: /home/diego/Workspaces/ros2_control_diffbot_ws/install/controller_manager_msgs/lib/libcontroller_manager_msgs__rosidl_typesupport_fastrtps_cpp.so
[6.899s] -- Up-to-date symlink: /home/diego/Workspaces/ros2_control_diffbot_ws/install/controller_manager_msgs/include/controller_manager_msgs/msg/detail/controller_state__rosidl_typesupport_introspection_c.h
[6.903s] -- Up-to-date symlink: /home/diego/Workspaces/ros2_control_diffbot_ws/install/controller_manager_msgs/include/controller_manager_msgs/msg/detail/hardware_interface__rosidl_typesupport_introspection_c.h
[6.908s] -- Up-to-date symlink: /home/diego/Workspaces/ros2_control_diffbot_ws/install/controller_manager_msgs/include/controller_manager_msgs/msg/rosidl_typesupport_introspection_c__visibility_control.h
[6.913s] -- Up-to-date symlink: /home/diego/Workspaces/ros2_control_diffbot_ws/install/controller_manager_msgs/include/controller_manager_msgs/srv/detail/configure_controller__rosidl_typesupport_introspection_c.h
[6.916s] -- Up-to-date symlink: /home/diego/Workspaces/ros2_control_diffbot_ws/install/controller_manager_msgs/include/controller_manager_msgs/srv/detail/configure_start_controller__rosidl_typesupport_introspection_c.h
[6.921s] -- Up-to-date symlink: /home/diego/Workspaces/ros2_control_diffbot_ws/install/controller_manager_msgs/include/controller_manager_msgs/srv/detail/list_controller_types__rosidl_typesupport_introspection_c.h
[6.936s] -- Up-to-date symlink: /home/diego/Workspaces/ros2_control_diffbot_ws/install/controller_manager_msgs/include/controller_manager_msgs/srv/detail/list_controllers__rosidl_typesupport_introspection_c.h
[6.939s] -- Up-to-date symlink: /home/diego/Workspaces/ros2_control_diffbot_ws/install/controller_manager_msgs/include/controller_manager_msgs/srv/detail/list_hardware_interfaces__rosidl_typesupport_introspection_c.h
[6.942s] -- Up-to-date symlink: /home/diego/Workspaces/ros2_control_diffbot_ws/install/controller_manager_msgs/include/controller_manager_msgs/srv/detail/load_configure_controller__rosidl_typesupport_introspection_c.h
[6.945s] -- Up-to-date symlink: /home/diego/Workspaces/ros2_control_diffbot_ws/install/controller_manager_msgs/include/controller_manager_msgs/srv/detail/load_controller__rosidl_typesupport_introspection_c.h
[6.956s] -- Up-to-date symlink: /home/diego/Workspaces/ros2_control_diffbot_ws/install/controller_manager_msgs/include/controller_manager_msgs/srv/detail/load_start_controller__rosidl_typesupport_introspection_c.h
[6.964s] -- Up-to-date symlink: /home/diego/Workspaces/ros2_control_diffbot_ws/install/controller_manager_msgs/include/controller_manager_msgs/srv/detail/reload_controller_libraries__rosidl_typesupport_introspection_c.h
[6.975s] -- Up-to-date symlink: /home/diego/Workspaces/ros2_control_diffbot_ws/install/controller_manager_msgs/include/controller_manager_msgs/srv/detail/switch_controller__rosidl_typesupport_introspection_c.h
[6.993s] -- Up-to-date symlink: /home/diego/Workspaces/ros2_control_diffbot_ws/install/controller_manager_msgs/include/controller_manager_msgs/srv/detail/unload_controller__rosidl_typesupport_introspection_c.h
[7.006s] -- Up-to-date symlink: /home/diego/Workspaces/ros2_control_diffbot_ws/install/controller_manager_msgs/include/controller_manager_msgs/msg/controller_state.hpp
[7.017s] -- Up-to-date symlink: /home/diego/Workspaces/ros2_control_diffbot_ws/install/controller_manager_msgs/include/controller_manager_msgs/msg/detail/controller_state__builder.hpp
[7.029s] -- Up-to-date symlink: /home/diego/Workspaces/ros2_control_diffbot_ws/install/controller_manager_msgs/include/controller_manager_msgs/msg/detail/controller_state__struct.hpp
[7.036s] -- Up-to-date symlink: /home/diego/Workspaces/ros2_control_diffbot_ws/install/controller_manager_msgs/include/controller_manager_msgs/msg/detail/controller_state__traits.hpp
[7.058s] -- Up-to-date symlink: /home/diego/Workspaces/ros2_control_diffbot_ws/install/controller_manager_msgs/include/controller_manager_msgs/msg/detail/hardware_interface__builder.hpp
[7.068s] -- Up-to-date symlink: /home/diego/Workspaces/ros2_control_diffbot_ws/install/controller_manager_msgs/include/controller_manager_msgs/msg/detail/hardware_interface__struct.hpp
[7.073s] -- Up-to-date symlink: /home/diego/Workspaces/ros2_control_diffbot_ws/install/controller_manager_msgs/include/controller_manager_msgs/msg/detail/hardware_interface__traits.hpp
[7.074s] -- Up-to-date symlink: /home/diego/Workspaces/ros2_control_diffbot_ws/install/controller_manager_msgs/include/controller_manager_msgs/msg/hardware_interface.hpp
[7.083s] -- Up-to-date symlink: /home/diego/Workspaces/ros2_control_diffbot_ws/install/controller_manager_msgs/include/controller_manager_msgs/srv/configure_controller.hpp
[7.087s] -- Up-to-date symlink: /home/diego/Workspaces/ros2_control_diffbot_ws/install/controller_manager_msgs/include/controller_manager_msgs/srv/configure_start_controller.hpp
[7.089s] -- Up-to-date symlink: /home/diego/Workspaces/ros2_control_diffbot_ws/install/controller_manager_msgs/include/controller_manager_msgs/srv/detail/configure_controller__builder.hpp
[7.100s] -- Up-to-date symlink: /home/diego/Workspaces/ros2_control_diffbot_ws/install/controller_manager_msgs/include/controller_manager_msgs/srv/detail/configure_controller__struct.hpp
[7.105s] -- Up-to-date symlink: /home/diego/Workspaces/ros2_control_diffbot_ws/install/controller_manager_msgs/include/controller_manager_msgs/srv/detail/configure_controller__traits.hpp
[7.112s] -- Up-to-date symlink: /home/diego/Workspaces/ros2_control_diffbot_ws/install/controller_manager_msgs/include/controller_manager_msgs/srv/detail/configure_start_controller__builder.hpp
[7.117s] -- Up-to-date symlink: /home/diego/Workspaces/ros2_control_diffbot_ws/install/controller_manager_msgs/include/controller_manager_msgs/srv/detail/configure_start_controller__struct.hpp
[7.120s] -- Up-to-date symlink: /home/diego/Workspaces/ros2_control_diffbot_ws/install/controller_manager_msgs/include/controller_manager_msgs/srv/detail/configure_start_controller__traits.hpp
[7.126s] -- Up-to-date symlink: /home/diego/Workspaces/ros2_control_diffbot_ws/install/controller_manager_msgs/include/controller_manager_msgs/srv/detail/list_controller_types__builder.hpp
[7.130s] -- Up-to-date symlink: /home/diego/Workspaces/ros2_control_diffbot_ws/install/controller_manager_msgs/include/controller_manager_msgs/srv/detail/list_controller_types__struct.hpp
[7.131s] -- Up-to-date symlink: /home/diego/Workspaces/ros2_control_diffbot_ws/install/controller_manager_msgs/include/controller_manager_msgs/srv/detail/list_controller_types__traits.hpp
[7.134s] -- Up-to-date symlink: /home/diego/Workspaces/ros2_control_diffbot_ws/install/controller_manager_msgs/include/controller_manager_msgs/srv/detail/list_controllers__builder.hpp
[7.139s] -- Up-to-date symlink: /home/diego/Workspaces/ros2_control_diffbot_ws/install/controller_manager_msgs/include/controller_manager_msgs/srv/detail/list_controllers__struct.hpp
[7.140s] -- Up-to-date symlink: /home/diego/Workspaces/ros2_control_diffbot_ws/install/controller_manager_msgs/include/controller_manager_msgs/srv/detail/list_controllers__traits.hpp
[7.142s] -- Up-to-date symlink: /home/diego/Workspaces/ros2_control_diffbot_ws/install/controller_manager_msgs/include/controller_manager_msgs/srv/detail/list_hardware_interfaces__builder.hpp
[7.144s] -- Up-to-date symlink: /home/diego/Workspaces/ros2_control_diffbot_ws/install/controller_manager_msgs/include/controller_manager_msgs/srv/detail/list_hardware_interfaces__struct.hpp
[7.160s] -- Up-to-date symlink: /home/diego/Workspaces/ros2_control_diffbot_ws/install/controller_manager_msgs/include/controller_manager_msgs/srv/detail/list_hardware_interfaces__traits.hpp
[7.163s] -- Up-to-date symlink: /home/diego/Workspaces/ros2_control_diffbot_ws/install/controller_manager_msgs/include/controller_manager_msgs/srv/detail/load_configure_controller__builder.hpp
[7.164s] -- Up-to-date symlink: /home/diego/Workspaces/ros2_control_diffbot_ws/install/controller_manager_msgs/include/controller_manager_msgs/srv/detail/load_configure_controller__struct.hpp
[7.165s] -- Up-to-date symlink: /home/diego/Workspaces/ros2_control_diffbot_ws/install/controller_manager_msgs/include/controller_manager_msgs/srv/detail/load_configure_controller__traits.hpp
[7.173s] -- Up-to-date symlink: /home/diego/Workspaces/ros2_control_diffbot_ws/install/controller_manager_msgs/include/controller_manager_msgs/srv/detail/load_controller__builder.hpp
[7.174s] -- Up-to-date symlink: /home/diego/Workspaces/ros2_control_diffbot_ws/install/controller_manager_msgs/include/controller_manager_msgs/srv/detail/load_controller__struct.hpp
[7.176s] -- Up-to-date symlink: /home/diego/Workspaces/ros2_control_diffbot_ws/install/controller_manager_msgs/include/controller_manager_msgs/srv/detail/load_controller__traits.hpp
[7.177s] -- Up-to-date symlink: /home/diego/Workspaces/ros2_control_diffbot_ws/install/controller_manager_msgs/include/controller_manager_msgs/srv/detail/load_start_controller__builder.hpp
[7.181s] -- Up-to-date symlink: /home/diego/Workspaces/ros2_control_diffbot_ws/install/controller_manager_msgs/include/controller_manager_msgs/srv/detail/load_start_controller__struct.hpp
[7.182s] -- Up-to-date symlink: /home/diego/Workspaces/ros2_control_diffbot_ws/install/controller_manager_msgs/include/controller_manager_msgs/srv/detail/load_start_controller__traits.hpp
[7.182s] -- Up-to-date symlink: /home/diego/Workspaces/ros2_control_diffbot_ws/install/controller_manager_msgs/include/controller_manager_msgs/srv/detail/reload_controller_libraries__builder.hpp
[7.183s] -- Up-to-date symlink: /home/diego/Workspaces/ros2_control_diffbot_ws/install/controller_manager_msgs/include/controller_manager_msgs/srv/detail/reload_controller_libraries__struct.hpp
[7.183s] -- Up-to-date symlink: /home/diego/Workspaces/ros2_control_diffbot_ws/install/controller_manager_msgs/include/controller_manager_msgs/srv/detail/reload_controller_libraries__traits.hpp
[7.186s] -- Up-to-date symlink: /home/diego/Workspaces/ros2_control_diffbot_ws/install/controller_manager_msgs/include/controller_manager_msgs/srv/detail/switch_controller__builder.hpp
[7.196s] -- Up-to-date symlink: /home/diego/Workspaces/ros2_control_diffbot_ws/install/controller_manager_msgs/include/controller_manager_msgs/srv/detail/switch_controller__struct.hpp
[7.201s] -- Up-to-date symlink: /home/diego/Workspaces/ros2_control_diffbot_ws/install/controller_manager_msgs/include/controller_manager_msgs/srv/detail/switch_controller__traits.hpp
[7.202s] -- Up-to-date symlink: /home/diego/Workspaces/ros2_control_diffbot_ws/install/controller_manager_msgs/include/controller_manager_msgs/srv/detail/unload_controller__builder.hpp
[7.202s] -- Up-to-date symlink: /home/diego/Workspaces/ros2_control_diffbot_ws/install/controller_manager_msgs/include/controller_manager_msgs/srv/detail/unload_controller__struct.hpp
[7.205s] -- Up-to-date symlink: /home/diego/Workspaces/ros2_control_diffbot_ws/install/controller_manager_msgs/include/controller_manager_msgs/srv/detail/unload_controller__traits.hpp
[7.215s] -- Up-to-date symlink: /home/diego/Workspaces/ros2_control_diffbot_ws/install/controller_manager_msgs/include/controller_manager_msgs/srv/list_controller_types.hpp
[7.225s] -- Up-to-date symlink: /home/diego/Workspaces/ros2_control_diffbot_ws/install/controller_manager_msgs/include/controller_manager_msgs/srv/list_controllers.hpp
[7.234s] -- Up-to-date symlink: /home/diego/Workspaces/ros2_control_diffbot_ws/install/controller_manager_msgs/include/controller_manager_msgs/srv/list_hardware_interfaces.hpp
[7.234s] -- Up-to-date symlink: /home/diego/Workspaces/ros2_control_diffbot_ws/install/controller_manager_msgs/include/controller_manager_msgs/srv/load_configure_controller.hpp
[7.235s] -- Up-to-date symlink: /home/diego/Workspaces/ros2_control_diffbot_ws/install/controller_manager_msgs/include/controller_manager_msgs/srv/load_controller.hpp
[7.236s] -- Up-to-date symlink: /home/diego/Workspaces/ros2_control_diffbot_ws/install/controller_manager_msgs/include/controller_manager_msgs/srv/load_start_controller.hpp
[7.244s] -- Up-to-date symlink: /home/diego/Workspaces/ros2_control_diffbot_ws/install/controller_manager_msgs/include/controller_manager_msgs/srv/reload_controller_libraries.hpp
[7.245s] -- Up-to-date symlink: /home/diego/Workspaces/ros2_control_diffbot_ws/install/controller_manager_msgs/include/controller_manager_msgs/srv/switch_controller.hpp
[7.246s] -- Up-to-date symlink: /home/diego/Workspaces/ros2_control_diffbot_ws/install/controller_manager_msgs/include/controller_manager_msgs/srv/unload_controller.hpp
[7.266s] -- Up-to-date symlink: /home/diego/Workspaces/ros2_control_diffbot_ws/install/controller_manager_msgs/include/controller_manager_msgs/msg/detail/controller_state__rosidl_typesupport_introspection_cpp.hpp
[7.270s] -- Up-to-date symlink: /home/diego/Workspaces/ros2_control_diffbot_ws/install/controller_manager_msgs/include/controller_manager_msgs/msg/detail/hardware_interface__rosidl_typesupport_introspection_cpp.hpp
[7.271s] -- Up-to-date symlink: /home/diego/Workspaces/ros2_control_diffbot_ws/install/controller_manager_msgs/include/controller_manager_msgs/srv/detail/configure_controller__rosidl_typesupport_introspection_cpp.hpp
[7.278s] -- Up-to-date symlink: /home/diego/Workspaces/ros2_control_diffbot_ws/install/controller_manager_msgs/include/controller_manager_msgs/srv/detail/configure_start_controller__rosidl_typesupport_introspection_cpp.hpp
[7.280s] -- Up-to-date symlink: /home/diego/Workspaces/ros2_control_diffbot_ws/install/controller_manager_msgs/include/controller_manager_msgs/srv/detail/list_controller_types__rosidl_typesupport_introspection_cpp.hpp
[7.287s] -- Up-to-date symlink: /home/diego/Workspaces/ros2_control_diffbot_ws/install/controller_manager_msgs/include/controller_manager_msgs/srv/detail/list_controllers__rosidl_typesupport_introspection_cpp.hpp
[7.289s] -- Up-to-date symlink: /home/diego/Workspaces/ros2_control_diffbot_ws/install/controller_manager_msgs/include/controller_manager_msgs/srv/detail/list_hardware_interfaces__rosidl_typesupport_introspection_cpp.hpp
[7.293s] -- Up-to-date symlink: /home/diego/Workspaces/ros2_control_diffbot_ws/install/controller_manager_msgs/include/controller_manager_msgs/srv/detail/load_configure_controller__rosidl_typesupport_introspection_cpp.hpp
[7.301s] -- Up-to-date symlink: /home/diego/Workspaces/ros2_control_diffbot_ws/install/controller_manager_msgs/include/controller_manager_msgs/srv/detail/load_controller__rosidl_typesupport_introspection_cpp.hpp
[7.310s] -- Up-to-date symlink: /home/diego/Workspaces/ros2_control_diffbot_ws/install/controller_manager_msgs/include/controller_manager_msgs/srv/detail/load_start_controller__rosidl_typesupport_introspection_cpp.hpp
[7.316s] -- Up-to-date symlink: /home/diego/Workspaces/ros2_control_diffbot_ws/install/controller_manager_msgs/include/controller_manager_msgs/srv/detail/reload_controller_libraries__rosidl_typesupport_introspection_cpp.hpp
[7.319s] -- Up-to-date symlink: /home/diego/Workspaces/ros2_control_diffbot_ws/install/controller_manager_msgs/include/controller_manager_msgs/srv/detail/switch_controller__rosidl_typesupport_introspection_cpp.hpp
[7.326s] -- Up-to-date symlink: /home/diego/Workspaces/ros2_control_diffbot_ws/install/controller_manager_msgs/include/controller_manager_msgs/srv/detail/unload_controller__rosidl_typesupport_introspection_cpp.hpp
[7.343s] -- Up-to-date symlink: /home/diego/Workspaces/ros2_control_diffbot_ws/install/controller_manager_msgs/share/controller_manager_msgs/environment/pythonpath.sh
[7.344s] -- Up-to-date symlink: /home/diego/Workspaces/ros2_control_diffbot_ws/install/controller_manager_msgs/share/controller_manager_msgs/environment/pythonpath.dsv
[7.359s] -- Up-to-date symlink: /home/diego/Workspaces/ros2_control_diffbot_ws/install/controller_manager_msgs/lib/python3.8/site-packages/controller_manager_msgs/__init__.py
[7.361s] -- Up-to-date symlink: /home/diego/Workspaces/ros2_control_diffbot_ws/install/controller_manager_msgs/lib/python3.8/site-packages/controller_manager_msgs/msg/__init__.py
[7.382s] -- Up-to-date symlink: /home/diego/Workspaces/ros2_control_diffbot_ws/install/controller_manager_msgs/lib/python3.8/site-packages/controller_manager_msgs/msg/_controller_state.py
[7.385s] -- Up-to-date symlink: /home/diego/Workspaces/ros2_control_diffbot_ws/install/controller_manager_msgs/lib/python3.8/site-packages/controller_manager_msgs/msg/_hardware_interface.py
[7.392s] -- Up-to-date symlink: /home/diego/Workspaces/ros2_control_diffbot_ws/install/controller_manager_msgs/lib/python3.8/site-packages/controller_manager_msgs/srv/__init__.py
[7.397s] -- Up-to-date symlink: /home/diego/Workspaces/ros2_control_diffbot_ws/install/controller_manager_msgs/lib/python3.8/site-packages/controller_manager_msgs/srv/_configure_controller.py
[7.402s] -- Up-to-date symlink: /home/diego/Workspaces/ros2_control_diffbot_ws/install/controller_manager_msgs/lib/python3.8/site-packages/controller_manager_msgs/srv/_configure_start_controller.py
[7.412s] -- Up-to-date symlink: /home/diego/Workspaces/ros2_control_diffbot_ws/install/controller_manager_msgs/lib/python3.8/site-packages/controller_manager_msgs/srv/_list_controller_types.py
[7.423s] -- Up-to-date symlink: /home/diego/Workspaces/ros2_control_diffbot_ws/install/controller_manager_msgs/lib/python3.8/site-packages/controller_manager_msgs/srv/_list_controllers.py
[7.425s] -- Up-to-date symlink: /home/diego/Workspaces/ros2_control_diffbot_ws/install/controller_manager_msgs/lib/python3.8/site-packages/controller_manager_msgs/srv/_list_hardware_interfaces.py
[7.431s] -- Up-to-date symlink: /home/diego/Workspaces/ros2_control_diffbot_ws/install/controller_manager_msgs/lib/python3.8/site-packages/controller_manager_msgs/srv/_load_configure_controller.py
[7.446s] -- Up-to-date symlink: /home/diego/Workspaces/ros2_control_diffbot_ws/install/controller_manager_msgs/lib/python3.8/site-packages/controller_manager_msgs/srv/_load_controller.py
[7.451s] -- Up-to-date symlink: /home/diego/Workspaces/ros2_control_diffbot_ws/install/controller_manager_msgs/lib/python3.8/site-packages/controller_manager_msgs/srv/_load_start_controller.py
[7.460s] -- Up-to-date symlink: /home/diego/Workspaces/ros2_control_diffbot_ws/install/controller_manager_msgs/lib/python3.8/site-packages/controller_manager_msgs/srv/_reload_controller_libraries.py
[7.462s] -- Up-to-date symlink: /home/diego/Workspaces/ros2_control_diffbot_ws/install/controller_manager_msgs/lib/python3.8/site-packages/controller_manager_msgs/srv/_switch_controller.py
[7.474s] -- Up-to-date symlink: /home/diego/Workspaces/ros2_control_diffbot_ws/install/controller_manager_msgs/lib/python3.8/site-packages/controller_manager_msgs/srv/_unload_controller.py
[7.481s] -- Up-to-date symlink: /home/diego/Workspaces/ros2_control_diffbot_ws/install/controller_manager_msgs/lib/python3.8/site-packages/controller_manager_msgs/controller_manager_msgs_s__rosidl_typesupport_fastrtps_c.cpython-38-x86_64-linux-gnu.so
[7.483s] -- Up-to-date symlink: /home/diego/Workspaces/ros2_control_diffbot_ws/install/controller_manager_msgs/lib/python3.8/site-packages/controller_manager_msgs/controller_manager_msgs_s__rosidl_typesupport_introspection_c.cpython-38-x86_64-linux-gnu.so
[7.495s] -- Up-to-date symlink: /home/diego/Workspaces/ros2_control_diffbot_ws/install/controller_manager_msgs/lib/python3.8/site-packages/controller_manager_msgs/controller_manager_msgs_s__rosidl_typesupport_c.cpython-38-x86_64-linux-gnu.so
[7.507s] -- Up-to-date symlink: /home/diego/Workspaces/ros2_control_diffbot_ws/install/controller_manager_msgs/lib/libcontroller_manager_msgs__python.so
[7.518s] -- Up-to-date symlink: /home/diego/Workspaces/ros2_control_diffbot_ws/install/controller_manager_msgs/share/controller_manager_msgs/msg/ControllerState.idl
[7.530s] -- Up-to-date symlink: /home/diego/Workspaces/ros2_control_diffbot_ws/install/controller_manager_msgs/share/controller_manager_msgs/msg/HardwareInterface.idl
[7.532s] -- Up-to-date symlink: /home/diego/Workspaces/ros2_control_diffbot_ws/install/controller_manager_msgs/share/controller_manager_msgs/srv/ConfigureController.idl
[7.538s] -- Up-to-date symlink: /home/diego/Workspaces/ros2_control_diffbot_ws/install/controller_manager_msgs/share/controller_manager_msgs/srv/ConfigureStartController.idl
[7.551s] -- Up-to-date symlink: /home/diego/Workspaces/ros2_control_diffbot_ws/install/controller_manager_msgs/share/controller_manager_msgs/srv/ListControllers.idl
[7.568s] -- Up-to-date symlink: /home/diego/Workspaces/ros2_control_diffbot_ws/install/controller_manager_msgs/share/controller_manager_msgs/srv/ListControllerTypes.idl
[7.587s] -- Up-to-date symlink: /home/diego/Workspaces/ros2_control_diffbot_ws/install/controller_manager_msgs/share/controller_manager_msgs/srv/ListHardwareInterfaces.idl
[7.601s] -- Up-to-date symlink: /home/diego/Workspaces/ros2_control_diffbot_ws/install/controller_manager_msgs/share/controller_manager_msgs/srv/LoadConfigureController.idl
[7.615s] -- Up-to-date symlink: /home/diego/Workspaces/ros2_control_diffbot_ws/install/controller_manager_msgs/share/controller_manager_msgs/srv/LoadController.idl
[7.620s] -- Up-to-date symlink: /home/diego/Workspaces/ros2_control_diffbot_ws/install/controller_manager_msgs/share/controller_manager_msgs/srv/LoadStartController.idl
[7.627s] -- Up-to-date symlink: /home/diego/Workspaces/ros2_control_diffbot_ws/install/controller_manager_msgs/share/controller_manager_msgs/srv/ReloadControllerLibraries.idl
[7.633s] -- Up-to-date symlink: /home/diego/Workspaces/ros2_control_diffbot_ws/install/controller_manager_msgs/share/controller_manager_msgs/srv/SwitchController.idl
[7.640s] -- Up-to-date symlink: /home/diego/Workspaces/ros2_control_diffbot_ws/install/controller_manager_msgs/share/controller_manager_msgs/srv/UnloadController.idl
[7.645s] -- Up-to-date symlink: /home/diego/Workspaces/ros2_control_diffbot_ws/install/controller_manager_msgs/share/controller_manager_msgs/msg/ControllerState.msg
[7.648s] -- Up-to-date symlink: /home/diego/Workspaces/ros2_control_diffbot_ws/install/controller_manager_msgs/share/controller_manager_msgs/msg/HardwareInterface.msg
[7.653s] -- Up-to-date symlink: /home/diego/Workspaces/ros2_control_diffbot_ws/install/controller_manager_msgs/share/controller_manager_msgs/srv/ConfigureController.srv
[7.659s] -- Up-to-date symlink: /home/diego/Workspaces/ros2_control_diffbot_ws/install/controller_manager_msgs/share/controller_manager_msgs/srv/ConfigureController_Request.msg
[7.663s] -- Up-to-date symlink: /home/diego/Workspaces/ros2_control_diffbot_ws/install/controller_manager_msgs/share/controller_manager_msgs/srv/ConfigureController_Response.msg
[7.670s] -- Up-to-date symlink: /home/diego/Workspaces/ros2_control_diffbot_ws/install/controller_manager_msgs/share/controller_manager_msgs/srv/ConfigureStartController.srv
[7.674s] -- Up-to-date symlink: /home/diego/Workspaces/ros2_control_diffbot_ws/install/controller_manager_msgs/share/controller_manager_msgs/srv/ConfigureStartController_Request.msg
[7.679s] -- Up-to-date symlink: /home/diego/Workspaces/ros2_control_diffbot_ws/install/controller_manager_msgs/share/controller_manager_msgs/srv/ConfigureStartController_Response.msg
[7.686s] -- Up-to-date symlink: /home/diego/Workspaces/ros2_control_diffbot_ws/install/controller_manager_msgs/share/controller_manager_msgs/srv/ListControllers.srv
[7.693s] -- Up-to-date symlink: /home/diego/Workspaces/ros2_control_diffbot_ws/install/controller_manager_msgs/share/controller_manager_msgs/srv/ListControllers_Request.msg
[7.696s] -- Up-to-date symlink: /home/diego/Workspaces/ros2_control_diffbot_ws/install/controller_manager_msgs/share/controller_manager_msgs/srv/ListControllers_Response.msg
[7.701s] -- Up-to-date symlink: /home/diego/Workspaces/ros2_control_diffbot_ws/install/controller_manager_msgs/share/controller_manager_msgs/srv/ListControllerTypes.srv
[7.703s] -- Up-to-date symlink: /home/diego/Workspaces/ros2_control_diffbot_ws/install/controller_manager_msgs/share/controller_manager_msgs/srv/ListControllerTypes_Request.msg
[7.708s] -- Up-to-date symlink: /home/diego/Workspaces/ros2_control_diffbot_ws/install/controller_manager_msgs/share/controller_manager_msgs/srv/ListControllerTypes_Response.msg
[7.714s] -- Up-to-date symlink: /home/diego/Workspaces/ros2_control_diffbot_ws/install/controller_manager_msgs/share/controller_manager_msgs/srv/ListHardwareInterfaces.srv
[7.721s] -- Up-to-date symlink: /home/diego/Workspaces/ros2_control_diffbot_ws/install/controller_manager_msgs/share/controller_manager_msgs/srv/ListHardwareInterfaces_Request.msg
[7.731s] -- Up-to-date symlink: /home/diego/Workspaces/ros2_control_diffbot_ws/install/controller_manager_msgs/share/controller_manager_msgs/srv/ListHardwareInterfaces_Response.msg
[7.736s] -- Up-to-date symlink: /home/diego/Workspaces/ros2_control_diffbot_ws/install/controller_manager_msgs/share/controller_manager_msgs/srv/LoadConfigureController.srv
[7.740s] -- Up-to-date symlink: /home/diego/Workspaces/ros2_control_diffbot_ws/install/controller_manager_msgs/share/controller_manager_msgs/srv/LoadConfigureController_Request.msg
[7.744s] -- Up-to-date symlink: /home/diego/Workspaces/ros2_control_diffbot_ws/install/controller_manager_msgs/share/controller_manager_msgs/srv/LoadConfigureController_Response.msg
[7.747s] -- Up-to-date symlink: /home/diego/Workspaces/ros2_control_diffbot_ws/install/controller_manager_msgs/share/controller_manager_msgs/srv/LoadController.srv
[7.752s] -- Up-to-date symlink: /home/diego/Workspaces/ros2_control_diffbot_ws/install/controller_manager_msgs/share/controller_manager_msgs/srv/LoadController_Request.msg
[7.755s] -- Up-to-date symlink: /home/diego/Workspaces/ros2_control_diffbot_ws/install/controller_manager_msgs/share/controller_manager_msgs/srv/LoadController_Response.msg
[7.759s] -- Up-to-date symlink: /home/diego/Workspaces/ros2_control_diffbot_ws/install/controller_manager_msgs/share/controller_manager_msgs/srv/LoadStartController.srv
[7.762s] -- Up-to-date symlink: /home/diego/Workspaces/ros2_control_diffbot_ws/install/controller_manager_msgs/share/controller_manager_msgs/srv/LoadStartController_Request.msg
[7.768s] -- Up-to-date symlink: /home/diego/Workspaces/ros2_control_diffbot_ws/install/controller_manager_msgs/share/controller_manager_msgs/srv/LoadStartController_Response.msg
[7.774s] -- Up-to-date symlink: /home/diego/Workspaces/ros2_control_diffbot_ws/install/controller_manager_msgs/share/controller_manager_msgs/srv/ReloadControllerLibraries.srv
[7.778s] -- Up-to-date symlink: /home/diego/Workspaces/ros2_control_diffbot_ws/install/controller_manager_msgs/share/controller_manager_msgs/srv/ReloadControllerLibraries_Request.msg
[7.783s] -- Up-to-date symlink: /home/diego/Workspaces/ros2_control_diffbot_ws/install/controller_manager_msgs/share/controller_manager_msgs/srv/ReloadControllerLibraries_Response.msg
[7.785s] -- Up-to-date symlink: /home/diego/Workspaces/ros2_control_diffbot_ws/install/controller_manager_msgs/share/controller_manager_msgs/srv/SwitchController.srv
[7.791s] -- Up-to-date symlink: /home/diego/Workspaces/ros2_control_diffbot_ws/install/controller_manager_msgs/share/controller_manager_msgs/srv/SwitchController_Request.msg
[7.795s] -- Up-to-date symlink: /home/diego/Workspaces/ros2_control_diffbot_ws/install/controller_manager_msgs/share/controller_manager_msgs/srv/SwitchController_Response.msg
[7.798s] -- Up-to-date symlink: /home/diego/Workspaces/ros2_control_diffbot_ws/install/controller_manager_msgs/share/controller_manager_msgs/srv/UnloadController.srv
[7.804s] -- Up-to-date symlink: /home/diego/Workspaces/ros2_control_diffbot_ws/install/controller_manager_msgs/share/controller_manager_msgs/srv/UnloadController_Request.msg
[7.809s] -- Up-to-date symlink: /home/diego/Workspaces/ros2_control_diffbot_ws/install/controller_manager_msgs/share/controller_manager_msgs/srv/UnloadController_Response.msg
[7.818s] -- Up-to-date symlink: /home/diego/Workspaces/ros2_control_diffbot_ws/install/controller_manager_msgs/share/ament_index/resource_index/package_run_dependencies/controller_manager_msgs
[7.821s] -- Up-to-date symlink: /home/diego/Workspaces/ros2_control_diffbot_ws/install/controller_manager_msgs/share/ament_index/resource_index/parent_prefix_path/controller_manager_msgs
[7.827s] -- Up-to-date symlink: /home/diego/Workspaces/ros2_control_diffbot_ws/install/controller_manager_msgs/share/controller_manager_msgs/environment/ament_prefix_path.sh
[7.828s] -- Up-to-date symlink: /home/diego/Workspaces/ros2_control_diffbot_ws/install/controller_manager_msgs/share/controller_manager_msgs/environment/ament_prefix_path.dsv
[7.834s] -- Up-to-date symlink: /home/diego/Workspaces/ros2_control_diffbot_ws/install/controller_manager_msgs/share/controller_manager_msgs/environment/path.sh
[7.836s] -- Up-to-date symlink: /home/diego/Workspaces/ros2_control_diffbot_ws/install/controller_manager_msgs/share/controller_manager_msgs/environment/path.dsv
[7.841s] -- Up-to-date symlink: /home/diego/Workspaces/ros2_control_diffbot_ws/install/controller_manager_msgs/share/controller_manager_msgs/local_setup.bash
[7.842s] -- Up-to-date symlink: /home/diego/Workspaces/ros2_control_diffbot_ws/install/controller_manager_msgs/share/controller_manager_msgs/local_setup.sh
[7.844s] -- Up-to-date symlink: /home/diego/Workspaces/ros2_control_diffbot_ws/install/controller_manager_msgs/share/controller_manager_msgs/local_setup.zsh
[7.849s] -- Up-to-date symlink: /home/diego/Workspaces/ros2_control_diffbot_ws/install/controller_manager_msgs/share/controller_manager_msgs/local_setup.dsv
[7.852s] -- Symlinking: /home/diego/Workspaces/ros2_control_diffbot_ws/install/controller_manager_msgs/share/controller_manager_msgs/package.dsv
[7.932s] -- Up-to-date symlink: /home/diego/Workspaces/ros2_control_diffbot_ws/install/controller_manager_msgs/share/ament_index/resource_index/packages/controller_manager_msgs
[7.935s] -- Up-to-date symlink: /home/diego/Workspaces/ros2_control_diffbot_ws/install/controller_manager_msgs/share/controller_manager_msgs/cmake/rosidl_cmake-extras.cmake
[7.942s] -- Up-to-date symlink: /home/diego/Workspaces/ros2_control_diffbot_ws/install/controller_manager_msgs/share/controller_manager_msgs/cmake/ament_cmake_export_dependencies-extras.cmake
[7.947s] -- Up-to-date symlink: /home/diego/Workspaces/ros2_control_diffbot_ws/install/controller_manager_msgs/share/controller_manager_msgs/cmake/ament_cmake_export_libraries-extras.cmake
[7.950s] -- Up-to-date symlink: /home/diego/Workspaces/ros2_control_diffbot_ws/install/controller_manager_msgs/share/controller_manager_msgs/cmake/ament_cmake_export_targets-extras.cmake
[7.955s] -- Up-to-date symlink: /home/diego/Workspaces/ros2_control_diffbot_ws/install/controller_manager_msgs/share/controller_manager_msgs/cmake/ament_cmake_export_include_directories-extras.cmake
[7.960s] -- Up-to-date symlink: /home/diego/Workspaces/ros2_control_diffbot_ws/install/controller_manager_msgs/share/controller_manager_msgs/cmake/rosidl_cmake_export_typesupport_libraries-extras.cmake
[7.962s] -- Up-to-date symlink: /home/diego/Workspaces/ros2_control_diffbot_ws/install/controller_manager_msgs/share/controller_manager_msgs/cmake/rosidl_cmake_export_typesupport_targets-extras.cmake
[7.968s] -- Up-to-date symlink: /home/diego/Workspaces/ros2_control_diffbot_ws/install/controller_manager_msgs/share/controller_manager_msgs/cmake/controller_manager_msgsConfig.cmake
[7.977s] -- Up-to-date symlink: /home/diego/Workspaces/ros2_control_diffbot_ws/install/controller_manager_msgs/share/controller_manager_msgs/cmake/controller_manager_msgsConfig-version.cmake
[7.983s] -- Up-to-date symlink: /home/diego/Workspaces/ros2_control_diffbot_ws/install/controller_manager_msgs/share/controller_manager_msgs/package.xml
[7.994s] -- Up-to-date: /home/diego/Workspaces/ros2_control_diffbot_ws/install/controller_manager_msgs/lib/libcontroller_manager_msgs__rosidl_generator_c.so
[8.001s] -- Up-to-date: /home/diego/Workspaces/ros2_control_diffbot_ws/install/controller_manager_msgs/lib/libcontroller_manager_msgs__rosidl_typesupport_introspection_c.so
[8.015s] -- Up-to-date: /home/diego/Workspaces/ros2_control_diffbot_ws/install/controller_manager_msgs/lib/libcontroller_manager_msgs__rosidl_typesupport_c.so
[8.023s] -- Up-to-date: /home/diego/Workspaces/ros2_control_diffbot_ws/install/controller_manager_msgs/lib/libcontroller_manager_msgs__rosidl_typesupport_introspection_cpp.so
[8.030s] -- Up-to-date: /home/diego/Workspaces/ros2_control_diffbot_ws/install/controller_manager_msgs/lib/libcontroller_manager_msgs__rosidl_typesupport_cpp.so
[8.199s] -- Up-to-date: /home/diego/Workspaces/ros2_control_diffbot_ws/install/controller_manager_msgs/share/controller_manager_msgs/cmake/controller_manager_msgs__rosidl_generator_cExport.cmake
[8.200s] -- Up-to-date: /home/diego/Workspaces/ros2_control_diffbot_ws/install/controller_manager_msgs/share/controller_manager_msgs/cmake/controller_manager_msgs__rosidl_generator_cExport-noconfig.cmake
[8.203s] -- Up-to-date: /home/diego/Workspaces/ros2_control_diffbot_ws/install/controller_manager_msgs/share/controller_manager_msgs/cmake/controller_manager_msgs__rosidl_typesupport_introspection_cExport.cmake
[8.204s] -- Up-to-date: /home/diego/Workspaces/ros2_control_diffbot_ws/install/controller_manager_msgs/share/controller_manager_msgs/cmake/controller_manager_msgs__rosidl_typesupport_introspection_cExport-noconfig.cmake
[8.208s] -- Up-to-date: /home/diego/Workspaces/ros2_control_diffbot_ws/install/controller_manager_msgs/share/controller_manager_msgs/cmake/controller_manager_msgs__rosidl_typesupport_cExport.cmake
[8.209s] -- Up-to-date: /home/diego/Workspaces/ros2_control_diffbot_ws/install/controller_manager_msgs/share/controller_manager_msgs/cmake/controller_manager_msgs__rosidl_typesupport_cExport-noconfig.cmake
[8.212s] -- Up-to-date: /home/diego/Workspaces/ros2_control_diffbot_ws/install/controller_manager_msgs/share/controller_manager_msgs/cmake/controller_manager_msgs__rosidl_generator_cppExport.cmake
[8.216s] -- Up-to-date: /home/diego/Workspaces/ros2_control_diffbot_ws/install/controller_manager_msgs/share/controller_manager_msgs/cmake/controller_manager_msgs__rosidl_typesupport_introspection_cppExport.cmake
[8.216s] -- Up-to-date: /home/diego/Workspaces/ros2_control_diffbot_ws/install/controller_manager_msgs/share/controller_manager_msgs/cmake/controller_manager_msgs__rosidl_typesupport_introspection_cppExport-noconfig.cmake
[8.221s] -- Up-to-date: /home/diego/Workspaces/ros2_control_diffbot_ws/install/controller_manager_msgs/share/controller_manager_msgs/cmake/controller_manager_msgs__rosidl_typesupport_cppExport.cmake
[8.223s] -- Up-to-date: /home/diego/Workspaces/ros2_control_diffbot_ws/install/controller_manager_msgs/share/controller_manager_msgs/cmake/controller_manager_msgs__rosidl_typesupport_cppExport-noconfig.cmake
[8.269s] Invoked command in '/home/diego/Workspaces/ros2_control_diffbot_ws/build/controller_manager_msgs' returned '0': CMAKE_PREFIX_PATH=/opt/ros/foxy /usr/bin/cmake --install /home/diego/Workspaces/ros2_control_diffbot_ws/build/controller_manager_msgs
