[0.130s] Invoking command in '/home/diego/Workspaces/ros2_control_diffbot_ws/build/ros2_control_demo_hardware': AMENT_PREFIX_PATH=/home/diego/Workspaces/ros2_control_diffbot_ws/install/hardware_interface:/home/diego/Workspaces/ros2_control_diffbot_ws/install/control_msgs:${AMENT_PREFIX_PATH} CMAKE_PREFIX_PATH=/home/diego/Workspaces/ros2_control_diffbot_ws/install/hardware_interface:/home/diego/Workspaces/ros2_control_diffbot_ws/install/control_msgs:/opt/ros/foxy LD_LIBRARY_PATH=/home/diego/Workspaces/ros2_control_diffbot_ws/install/hardware_interface/lib:/home/diego/Workspaces/ros2_control_diffbot_ws/install/control_msgs/lib:${LD_LIBRARY_PATH} PYTHONPATH=/home/diego/Workspaces/ros2_control_diffbot_ws/install/control_msgs/lib/python3.8/site-packages:${PYTHONPATH} /usr/bin/cmake /home/diego/Workspaces/ros2_control_diffbot_ws/src/ros2_control_demos/ros2_control_demo_hardware -DCMAKE_INSTALL_PREFIX=/home/diego/Workspaces/ros2_control_diffbot_ws/install/ros2_control_demo_hardware
[0.194s] -- Found ament_cmake: 0.9.9 (/opt/ros/foxy/share/ament_cmake/cmake)
[0.272s] -- Using PYTHON_EXECUTABLE: /usr/bin/python3
[1.007s] -- Override CMake install command with custom implementation using symlinks instead of copying resources
[1.034s] -- Found hardware_interface: 0.10.1 (/home/diego/Workspaces/ros2_control_diffbot_ws/install/hardware_interface/share/hardware_interface/cmake)
[1.117s] -- Using all available rosidl_typesupport_c: rosidl_typesupport_fastrtps_c;rosidl_typesupport_introspection_c
[1.143s] -- Found rosidl_adapter: 1.2.1 (/opt/ros/foxy/share/rosidl_adapter/cmake)
[1.488s] -- Using all available rosidl_typesupport_cpp: rosidl_typesupport_fastrtps_cpp;rosidl_typesupport_introspection_cpp
[3.271s] -- Found rclcpp: 2.4.1 (/opt/ros/foxy/share/rclcpp/cmake)
[3.444s] -- Found rmw_implementation_cmake: 1.0.3 (/opt/ros/foxy/share/rmw_implementation_cmake/cmake)
[3.447s] -- Using RMW implementation 'rmw_fastrtps_cpp' as default
[4.025s] -- Found ament_cmake_gtest: 0.9.9 (/opt/ros/foxy/share/ament_cmake_gtest/cmake)
[4.319s] -- Configuring done
[4.409s] -- Generating done
[4.419s] -- Build files have been written to: /home/diego/Workspaces/ros2_control_diffbot_ws/build/ros2_control_demo_hardware
[4.452s] Invoked command in '/home/diego/Workspaces/ros2_control_diffbot_ws/build/ros2_control_demo_hardware' returned '0': AMENT_PREFIX_PATH=/home/diego/Workspaces/ros2_control_diffbot_ws/install/hardware_interface:/home/diego/Workspaces/ros2_control_diffbot_ws/install/control_msgs:${AMENT_PREFIX_PATH} CMAKE_PREFIX_PATH=/home/diego/Workspaces/ros2_control_diffbot_ws/install/hardware_interface:/home/diego/Workspaces/ros2_control_diffbot_ws/install/control_msgs:/opt/ros/foxy LD_LIBRARY_PATH=/home/diego/Workspaces/ros2_control_diffbot_ws/install/hardware_interface/lib:/home/diego/Workspaces/ros2_control_diffbot_ws/install/control_msgs/lib:${LD_LIBRARY_PATH} PYTHONPATH=/home/diego/Workspaces/ros2_control_diffbot_ws/install/control_msgs/lib/python3.8/site-packages:${PYTHONPATH} /usr/bin/cmake /home/diego/Workspaces/ros2_control_diffbot_ws/src/ros2_control_demos/ros2_control_demo_hardware -DCMAKE_INSTALL_PREFIX=/home/diego/Workspaces/ros2_control_diffbot_ws/install/ros2_control_demo_hardware
[4.457s] Invoking command in '/home/diego/Workspaces/ros2_control_diffbot_ws/build/ros2_control_demo_hardware': AMENT_PREFIX_PATH=/home/diego/Workspaces/ros2_control_diffbot_ws/install/hardware_interface:/home/diego/Workspaces/ros2_control_diffbot_ws/install/control_msgs:${AMENT_PREFIX_PATH} CMAKE_PREFIX_PATH=/home/diego/Workspaces/ros2_control_diffbot_ws/install/hardware_interface:/home/diego/Workspaces/ros2_control_diffbot_ws/install/control_msgs:/opt/ros/foxy LD_LIBRARY_PATH=/home/diego/Workspaces/ros2_control_diffbot_ws/install/hardware_interface/lib:/home/diego/Workspaces/ros2_control_diffbot_ws/install/control_msgs/lib:${LD_LIBRARY_PATH} PYTHONPATH=/home/diego/Workspaces/ros2_control_diffbot_ws/install/control_msgs/lib/python3.8/site-packages:${PYTHONPATH} /usr/bin/cmake --build /home/diego/Workspaces/ros2_control_diffbot_ws/build/ros2_control_demo_hardware -- -j2 -l2
[4.731s] [100%] Built target ros2_control_demo_hardware
[4.777s] Invoked command in '/home/diego/Workspaces/ros2_control_diffbot_ws/build/ros2_control_demo_hardware' returned '0': AMENT_PREFIX_PATH=/home/diego/Workspaces/ros2_control_diffbot_ws/install/hardware_interface:/home/diego/Workspaces/ros2_control_diffbot_ws/install/control_msgs:${AMENT_PREFIX_PATH} CMAKE_PREFIX_PATH=/home/diego/Workspaces/ros2_control_diffbot_ws/install/hardware_interface:/home/diego/Workspaces/ros2_control_diffbot_ws/install/control_msgs:/opt/ros/foxy LD_LIBRARY_PATH=/home/diego/Workspaces/ros2_control_diffbot_ws/install/hardware_interface/lib:/home/diego/Workspaces/ros2_control_diffbot_ws/install/control_msgs/lib:${LD_LIBRARY_PATH} PYTHONPATH=/home/diego/Workspaces/ros2_control_diffbot_ws/install/control_msgs/lib/python3.8/site-packages:${PYTHONPATH} /usr/bin/cmake --build /home/diego/Workspaces/ros2_control_diffbot_ws/build/ros2_control_demo_hardware -- -j2 -l2
[4.904s] Invoking command in '/home/diego/Workspaces/ros2_control_diffbot_ws/build/ros2_control_demo_hardware': AMENT_PREFIX_PATH=/home/diego/Workspaces/ros2_control_diffbot_ws/install/hardware_interface:/home/diego/Workspaces/ros2_control_diffbot_ws/install/control_msgs:${AMENT_PREFIX_PATH} CMAKE_PREFIX_PATH=/home/diego/Workspaces/ros2_control_diffbot_ws/install/hardware_interface:/home/diego/Workspaces/ros2_control_diffbot_ws/install/control_msgs:/opt/ros/foxy LD_LIBRARY_PATH=/home/diego/Workspaces/ros2_control_diffbot_ws/install/hardware_interface/lib:/home/diego/Workspaces/ros2_control_diffbot_ws/install/control_msgs/lib:${LD_LIBRARY_PATH} PYTHONPATH=/home/diego/Workspaces/ros2_control_diffbot_ws/install/control_msgs/lib/python3.8/site-packages:${PYTHONPATH} /usr/bin/cmake --install /home/diego/Workspaces/ros2_control_diffbot_ws/build/ros2_control_demo_hardware
[4.930s] -- Install configuration: ""
[4.932s] -- Execute custom install script
[4.946s] -- Up-to-date symlink: /home/diego/Workspaces/ros2_control_diffbot_ws/install/ros2_control_demo_hardware/share/ros2_control_demo_hardware//ros2_control_demo_hardware.xml
[4.950s] -- Up-to-date symlink: /home/diego/Workspaces/ros2_control_diffbot_ws/install/ros2_control_demo_hardware/lib/libros2_control_demo_hardware.so
[4.957s] -- Up-to-date symlink: /home/diego/Workspaces/ros2_control_diffbot_ws/install/ros2_control_demo_hardware/include/ros2_control_demo_hardware/diffbot_system.hpp
[4.959s] -- Up-to-date symlink: /home/diego/Workspaces/ros2_control_diffbot_ws/install/ros2_control_demo_hardware/include/ros2_control_demo_hardware/rrbot_system_multi_interface.hpp
[4.961s] -- Up-to-date symlink: /home/diego/Workspaces/ros2_control_diffbot_ws/install/ros2_control_demo_hardware/include/ros2_control_demo_hardware/rrbot_system_position_only.hpp
[4.964s] -- Up-to-date symlink: /home/diego/Workspaces/ros2_control_diffbot_ws/install/ros2_control_demo_hardware/include/ros2_control_demo_hardware/rrbot_system_with_sensor.hpp
[4.967s] -- Up-to-date symlink: /home/diego/Workspaces/ros2_control_diffbot_ws/install/ros2_control_demo_hardware/include/ros2_control_demo_hardware/visibility_control.h
[4.969s] -- Up-to-date symlink: /home/diego/Workspaces/ros2_control_diffbot_ws/install/ros2_control_demo_hardware/share/ros2_control_demo_hardware/environment/library_path.sh
[4.972s] -- Up-to-date symlink: /home/diego/Workspaces/ros2_control_diffbot_ws/install/ros2_control_demo_hardware/share/ros2_control_demo_hardware/environment/library_path.dsv
[4.975s] -- Up-to-date symlink: /home/diego/Workspaces/ros2_control_diffbot_ws/install/ros2_control_demo_hardware/share/ament_index/resource_index/package_run_dependencies/ros2_control_demo_hardware
[4.981s] -- Up-to-date symlink: /home/diego/Workspaces/ros2_control_diffbot_ws/install/ros2_control_demo_hardware/share/ament_index/resource_index/parent_prefix_path/ros2_control_demo_hardware
[4.982s] -- Up-to-date symlink: /home/diego/Workspaces/ros2_control_diffbot_ws/install/ros2_control_demo_hardware/share/ros2_control_demo_hardware/environment/ament_prefix_path.sh
[4.985s] -- Up-to-date symlink: /home/diego/Workspaces/ros2_control_diffbot_ws/install/ros2_control_demo_hardware/share/ros2_control_demo_hardware/environment/ament_prefix_path.dsv
[4.987s] -- Up-to-date symlink: /home/diego/Workspaces/ros2_control_diffbot_ws/install/ros2_control_demo_hardware/share/ros2_control_demo_hardware/environment/path.sh
[4.989s] -- Up-to-date symlink: /home/diego/Workspaces/ros2_control_diffbot_ws/install/ros2_control_demo_hardware/share/ros2_control_demo_hardware/environment/path.dsv
[4.991s] -- Up-to-date symlink: /home/diego/Workspaces/ros2_control_diffbot_ws/install/ros2_control_demo_hardware/share/ros2_control_demo_hardware/local_setup.bash
[4.994s] -- Up-to-date symlink: /home/diego/Workspaces/ros2_control_diffbot_ws/install/ros2_control_demo_hardware/share/ros2_control_demo_hardware/local_setup.sh
[4.998s] -- Up-to-date symlink: /home/diego/Workspaces/ros2_control_diffbot_ws/install/ros2_control_demo_hardware/share/ros2_control_demo_hardware/local_setup.zsh
[5.000s] -- Up-to-date symlink: /home/diego/Workspaces/ros2_control_diffbot_ws/install/ros2_control_demo_hardware/share/ros2_control_demo_hardware/local_setup.dsv
[5.001s] -- Symlinking: /home/diego/Workspaces/ros2_control_diffbot_ws/install/ros2_control_demo_hardware/share/ros2_control_demo_hardware/package.dsv
[5.030s] -- Up-to-date symlink: /home/diego/Workspaces/ros2_control_diffbot_ws/install/ros2_control_demo_hardware/share/ament_index/resource_index/packages/ros2_control_demo_hardware
[5.034s] -- Up-to-date symlink: /home/diego/Workspaces/ros2_control_diffbot_ws/install/ros2_control_demo_hardware/share/ament_index/resource_index/hardware_interface__pluginlib__plugin/ros2_control_demo_hardware
[5.039s] -- Up-to-date symlink: /home/diego/Workspaces/ros2_control_diffbot_ws/install/ros2_control_demo_hardware/share/ros2_control_demo_hardware/cmake/ament_cmake_export_include_directories-extras.cmake
[5.044s] -- Up-to-date symlink: /home/diego/Workspaces/ros2_control_diffbot_ws/install/ros2_control_demo_hardware/share/ros2_control_demo_hardware/cmake/ament_cmake_export_libraries-extras.cmake
[5.050s] -- Up-to-date symlink: /home/diego/Workspaces/ros2_control_diffbot_ws/install/ros2_control_demo_hardware/share/ros2_control_demo_hardware/cmake/ament_cmake_export_dependencies-extras.cmake
[5.057s] -- Up-to-date symlink: /home/diego/Workspaces/ros2_control_diffbot_ws/install/ros2_control_demo_hardware/share/ros2_control_demo_hardware/cmake/ros2_control_demo_hardwareConfig.cmake
[5.059s] -- Up-to-date symlink: /home/diego/Workspaces/ros2_control_diffbot_ws/install/ros2_control_demo_hardware/share/ros2_control_demo_hardware/cmake/ros2_control_demo_hardwareConfig-version.cmake
[5.061s] -- Up-to-date symlink: /home/diego/Workspaces/ros2_control_diffbot_ws/install/ros2_control_demo_hardware/share/ros2_control_demo_hardware/package.xml
[5.077s] Invoked command in '/home/diego/Workspaces/ros2_control_diffbot_ws/build/ros2_control_demo_hardware' returned '0': AMENT_PREFIX_PATH=/home/diego/Workspaces/ros2_control_diffbot_ws/install/hardware_interface:/home/diego/Workspaces/ros2_control_diffbot_ws/install/control_msgs:${AMENT_PREFIX_PATH} CMAKE_PREFIX_PATH=/home/diego/Workspaces/ros2_control_diffbot_ws/install/hardware_interface:/home/diego/Workspaces/ros2_control_diffbot_ws/install/control_msgs:/opt/ros/foxy LD_LIBRARY_PATH=/home/diego/Workspaces/ros2_control_diffbot_ws/install/hardware_interface/lib:/home/diego/Workspaces/ros2_control_diffbot_ws/install/control_msgs/lib:${LD_LIBRARY_PATH} PYTHONPATH=/home/diego/Workspaces/ros2_control_diffbot_ws/install/control_msgs/lib/python3.8/site-packages:${PYTHONPATH} /usr/bin/cmake --install /home/diego/Workspaces/ros2_control_diffbot_ws/build/ros2_control_demo_hardware
